[  194.337424] Unable to handle kernel paging request at virtual address ffff000080000000
[  194.340034] Mem abort info:
[  194.343064]   ESR = 0x96000005
[  194.343727]   EC = 0x25: DABT (current EL), IL = 32 bits
[  194.344376]   SET = 0, FnV = 0
[  194.344890]   EA = 0, S1PTW = 0
[  194.347068] Data abort info:
[  194.348050]   ISV = 0, ISS = 0x00000005
[  194.363292]   CM = 0, WnR = 0
[  194.367336] swapper pgtable: 4k pages, 48-bit VAs, pgdp=00000000412a6000
[  194.369250] [ffff000080000000] pgd=00000000bdff8003, pud=0000000000000000
[  194.376919] Internal error: Oops: 96000005 [#1] PREEMPT SMP
[  194.377811] Modules linked in:
[  194.382453] CPU: 4 PID: 495 Comm: python3 Not tainted 5.4.18 #2
[  194.386511] Hardware name: linux,dummy-virt (DT)
[  194.391881] pstate: 20000005 (nzCv daif -PAN -UAO)
[  194.394266] pc : __ip_local_out+0x80/0x158
[  194.398665] lr : ip_local_out+0x20/0x58
[  194.404651] sp : ffff800011fc3a40
[  194.405813] x29: ffff800011fc3a40 x28: 000000000000001a 
[  194.409384] x27: ffff800011fc3d80 x26: 0000000000000011 
[  194.409846] x25: 0000000000000012 x24: ffff0000780ca824 
[  194.410999] x23: ffff800011fc3c30 x22: ffff800011963ac0 
[  194.412581] x21: ffff00007a8b9700 x20: ffff000078199dc0 
[  194.413299] x19: ffff0000782a5400 x18: 0000000000000000 
[  194.414236] x17: 0000000000000000 x16: 0000000000000000 
[  194.415246] x15: 0000000000000001 x14: 0000000000000000 
[  194.415651] x13: 0000000000000006 x12: 00000000c0a80164 
[  194.417118] x11: 0000000000000000 x10: 0000000000000068 
[  194.419082] x9 : ffff0000782a5400 x8 : ffff800011fc3c30 
[  194.419916] x7 : 00000000ae500000 x6 : 000000000000d4eb 
[  194.420499] x5 : ffff000080000000 x4 : ffff0004780ca810 
[  194.420829] x3 : 6e85d34d9f427a40 x2 : 6e41b3f52e001140 
[  194.421102] x1 : ffff0000780ca810 x0 : 0000000000000000 
[  194.421686] Call trace:
[  194.422610]  __ip_local_out+0x80/0x158
[  194.423087]  ip_local_out+0x20/0x58
[  194.423632]  ip_send_skb+0x1c/0xa8
[  194.424928]  udp_send_skb.isra.0+0x11c/0x368
[  194.426376]  udp_sendmsg+0x710/0x860
[  194.427649]  inet_sendmsg+0x40/0x68
[  194.428206]  __sys_sendto+0xd4/0x150
[  194.429274]  __arm64_sys_sendto+0x24/0x30
[  194.430343]  el0_svc_common.constprop.0+0x68/0x160
[  194.430984]  el0_svc_handler+0x20/0x80
[  194.431271]  el0_svc+0x8/0xc
[  194.433751] Code: ab000062 8b040824 9a000063 d503201f (b84044a0) 
[  194.437620] ---[ end trace ef3285a3e209602f ]---
