[  195.355954] Unable to handle kernel paging request at virtual address ffff000080000000
[  195.357701] Mem abort info:
[  195.358067]   ESR = 0x96000005
[  195.358662]   EC = 0x25: DABT (current EL), IL = 32 bits
[  195.361452]   SET = 0, FnV = 0
[  195.362224]   EA = 0, S1PTW = 0
[  195.364638] Data abort info:
[  195.365690]   ISV = 0, ISS = 0x00000005
[  195.370005]   CM = 0, WnR = 0
[  195.370861] swapper pgtable: 4k pages, 48-bit VAs, pgdp=00000000412a6000
[  195.374740] [ffff000080000000] pgd=00000000bdff8003, pud=0000000000000000
[  195.382176] Internal error: Oops: 96000005 [#1] PREEMPT SMP
[  195.391673] Modules linked in:
[  195.396218] CPU: 6 PID: 494 Comm: python3 Not tainted 5.4.18 #2
[  195.400266] Hardware name: linux,dummy-virt (DT)
[  195.408227] pstate: 20000005 (nzCv daif -PAN -UAO)
[  195.412485] pc : __ip_local_out+0x80/0x158
[  195.413914] lr : ip_local_out+0x20/0x58
[  195.415205] sp : ffff800011f63a40
[  195.417482] x29: ffff800011f63a40 x28: 000000000000001a 
[  195.421173] x27: ffff800011f63d80 x26: 0000000000000011 
[  195.421765] x25: 0000000000000012 x24: ffff00007406f624 
[  195.426940] x23: ffff800011f63c30 x22: ffff800011963ac0 
[  195.430389] x21: ffff0000796aa100 x20: ffff000075a00880 
[  195.437854] x19: ffff000078350000 x18: 0000000000000000 
[  195.442474] x17: 0000000000000000 x16: 0000000000000000 
[  195.447906] x15: 0000000000000001 x14: 0000000000000000 
[  195.448311] x13: 0000000000000006 x12: 00000000c0a80164 
[  195.448703] x11: 0000000000000000 x10: 0000000000000068 
[  195.449740] x9 : ffff000078350000 x8 : ffff800011f63c30 
[  195.451654] x7 : 0000000003800000 x6 : 00000000000036d5 
[  195.453066] x5 : ffff000080000000 x4 : ffff00047406f600 
[  195.454068] x3 : 068c25c04d006ec7 x2 : 060756342e015252 
[  195.456664] x1 : ffff00007406f600 x0 : 0000000000000000 
[  195.458055] Call trace:
[  195.459745]  __ip_local_out+0x80/0x158
[  195.460645]  ip_local_out+0x20/0x58
[  195.462341]  ip_send_skb+0x1c/0xa8
[  195.463076]  udp_send_skb.isra.0+0x11c/0x368
[  195.464441]  udp_sendmsg+0x710/0x860
[  195.466231]  inet_sendmsg+0x40/0x68
[  195.468846]  __sys_sendto+0xd4/0x150
[  195.470212]  __arm64_sys_sendto+0x24/0x30
[  195.471263]  el0_svc_common.constprop.0+0x68/0x160
[  195.471731]  el0_svc_handler+0x20/0x80
[  195.472417]  el0_svc+0x8/0xc
[  195.473768] Code: ab000062 8b040824 9a000063 d503201f (b84044a0) 
[  195.479609] ---[ end trace d7c1a2441ddb1a24 ]---
