[  194.189345] kernel BUG at arch/arm64/kernel/traps.c:405!
[  194.198420] Internal error: Oops - BUG: 0 [#1] PREEMPT SMP
[  194.200871] Modules linked in:
[  194.212587] CPU: 5 PID: 495 Comm: python3 Not tainted 5.4.18 #2
[  194.213795] Hardware name: linux,dummy-virt (DT)
[  194.216619] pstate: 00000005 (nzcv daif -PAN -UAO)
[  194.222425] pc : do_undefinstr+0x2ec/0x310
[  194.223260] lr : do_undefinstr+0x1e0/0x310
[  194.224135] sp : ffff80001200b8a0
[  194.225031] x29: ffff80001200b8a0 x28: ffff000078310000 
[  194.226674] x27: ffff80001200bd80 x26: 0000000000000011 
[  194.227685] x25: 0000000000000012 x24: 0000000000000000 
[  194.228584] x23: 0000000060000005 x22: ffff800010b787e4 
[  194.229519] x21: ffff80001200ba40 x20: ffff000078310000 
[  194.230422] x19: ffff80001200b900 x18: 0000000000000000 
[  194.231304] x17: 0000000000000000 x16: 0000000000000000 
[  194.232308] x15: 0000000000000001 x14: 0000000000000000 
[  194.234408] x13: 0000000000000006 x12: 00000000c0a80164 
[  194.236534] x11: 0000000000000000 x10: 0000000000000068 
[  194.240818] x9 : ffff000078310000 x8 : ffff80001200bc30 
[  194.241483] x7 : 00000000bc600000 x6 : ffff80001200b8f8 
[  194.242116] x5 : 00000000d5300000 x4 : ffff8000117c51f0 
[  194.243356] x3 : 0000000042800000 x2 : 0000000000000000 
[  194.244298] x1 : ffff000078310000 x0 : 0000000060000005 
[  194.246271] Call trace:
[  194.247488]  do_undefinstr+0x2ec/0x310
[  194.248271]  el1_undef+0x10/0x84
[  194.248921]  __ip_local_out+0xb4/0x158
[  194.250518]  ip_local_out+0x20/0x58
[  194.251127]  ip_send_skb+0x1c/0xa8
[  194.251765]  udp_send_skb.isra.0+0x11c/0x368
[  194.252433]  udp_sendmsg+0x710/0x860
[  194.253020]  inet_sendmsg+0x40/0x68
[  194.253639]  __sys_sendto+0xd4/0x150
[  194.254242]  __arm64_sys_sendto+0x24/0x30
[  194.254886]  el0_svc_common.constprop.0+0x68/0x160
[  194.255649]  el0_svc_handler+0x20/0x80
[  194.256274]  el0_svc+0x8/0xc
[  194.258407] Code: f9401bf7 17ffff7c a9025bf5 f9001bf7 (d4210000) 
[  194.263167] ---[ end trace 1523900359d0e30e ]---
[  194.267034] note: python3[495] exited with preempt_count 1
[  194.377686] ------------[ cut here ]------------
[  194.389663] WARNING: CPU: 5 PID: 0 at kernel/rcu/tree.c:569 rcu_idle_enter+0x74/0x80
[  194.396285] Modules linked in:
[  194.402413] CPU: 5 PID: 0 Comm: swapper/5 Tainted: G      D           5.4.18 #2
[  194.411682] Hardware name: linux,dummy-virt (DT)
[  194.416476] pstate: 200003c5 (nzCv DAIF -PAN -UAO)
[  194.422282] pc : rcu_idle_enter+0x74/0x80
[  194.423230] lr : do_idle+0x200/0x288
[  194.426250] sp : ffff800011a6bf20
[  194.428093] x29: ffff800011a6bf20 x28: 0000000000000000 
[  194.435227] x27: 0000000000000000 x26: 0000000000000000 
[  194.438526] x25: 0000000000000000 x24: ffff8000117ba214 
[  194.439067] x23: ffff00007b0c5400 x22: ffff800011404ab8 
[  194.439902] x21: ffff8000117ba1f0 x20: 0000000000000005 
[  194.442962] x19: ffff8000117ba118 x18: 0000000000000010 
[  194.443744] x17: 0000000000000000 x16: 0000000000000000 
[  194.446092] x15: 0000000000000001 x14: 0000000000000000 
[  194.448580] x13: 0000000000000002 x12: 0000000000000001 
[  194.455362] x11: 0000000000000001 x10: 00000000000009c0 
[  194.455970] x9 : ffff800011a6be90 x8 : ffff00007b0c5e20 
[  194.456457] x7 : 0000000000000400 x6 : 0000079db0a74c3c 
[  194.457098] x5 : 00ffffffffffffff x4 : ffff80006c7af000 
[  194.459374] x3 : 4000000000000002 x2 : 4000000000000000 
[  194.460998] x1 : ffff800011406980 x0 : ffff00007dbb5980 
[  194.462631] Call trace:
[  194.467224]  rcu_idle_enter+0x74/0x80
[  194.473716]  do_idle+0x200/0x288
[  194.477849]  cpu_startup_entry+0x20/0x40
[  194.481313]  secondary_start_kernel+0x154/0x190
[  194.484128] ---[ end trace 1523900359d0e30f ]---
