[  194.870607] Unable to handle kernel paging request at virtual address ffff800011fdc2b8
[  194.880012] Mem abort info:
[  194.880369]   ESR = 0x96000047
[  194.880716]   EC = 0x25: DABT (current EL), IL = 32 bits
[  194.881038]   SET = 0, FnV = 0
[  194.881269]   EA = 0, S1PTW = 0
[  194.881670] Data abort info:
[  194.882149]   ISV = 0, ISS = 0x00000047
[  194.882645]   CM = 0, WnR = 1
[  194.885702] swapper pgtable: 4k pages, 48-bit VAs, pgdp=00000000412a6000
[  194.892308] [ffff800011fdc2b8] pgd=00000000bdfff003, pud=00000000bdffe003, pmd=00000000ba9ad003, pte=0000000000000000
[  194.913455] Internal error: Oops: 96000047 [#1] PREEMPT SMP
[  194.920769] Modules linked in:
[  194.928001] CPU: 3 PID: 496 Comm: python3 Not tainted 5.4.18 #2
[  194.937334] Hardware name: linux,dummy-virt (DT)
[  194.940107] pstate: 60000005 (nZCv daif -PAN -UAO)
[  194.949182] pc : __ip_local_out+0x28/0x158
[  194.950606] lr : ip_local_out+0x20/0x58
[  194.952491] sp : ffff800011fdba40
[  194.956562] x29: ffff800011fdba40 x28: 000000000000001a 
[  194.957955] x27: ffff800011fdbd80 x26: 0000000000000011 
[  194.959070] x25: 0000000000000012 x24: ffff0000797ba824 
[  194.961385] x23: ffff800011fdbc30 x22: ffff800011963ac0 
[  194.962732] x21: ffff000079b80a00 x20: ffff00007b2c9980 
[  194.964155] x19: ffff000079642a00 x18: 0000000000000000 
[  194.969016] x17: 0000000000000000 x16: 0000000000000000 
[  194.969801] x15: 0000000000000001 x14: 0000000000000000 
[  194.970809] x13: 0000000000000006 x12: 00000000c0a80164 
[  194.971087] x11: 0000000000000000 x10: 0000000000000068 
[  194.972350] x9 : ffff000079642a00 x8 : ffff800011fdbc30 
[  194.973690] x7 : 000000000c200000 x6 : 000000000000d8aa 
[  194.974706] x5 : 0000000000000024 x4 : 0000000000000000 
[  194.976140] x3 : cf40ea7b4a27e900 x2 : ffff000079b80a00 
[  194.977714] x1 : ffff00007b2c9980 x0 : ffff800011963ac0 
[  194.989213] Call trace:
[  194.991328]  __ip_local_out+0x28/0x158
[  194.992931]  ip_local_out+0x20/0x58
[  194.996459]  ip_send_skb+0x1c/0xa8
[  194.997281]  udp_send_skb.isra.0+0x11c/0x368
[  194.998569]  udp_sendmsg+0x710/0x860
[  195.002863]  inet_sendmsg+0x40/0x68
[  195.006177]  __sys_sendto+0xd4/0x150
[  195.009383]  __arm64_sys_sendto+0x24/0x30
[  195.011671]  el0_svc_common.constprop.0+0x68/0x160
[  195.016020]  el0_svc_handler+0x20/0x80
[  195.025789]  el0_svc+0x8/0xc
[  195.029337] Code: aa0203f5 aa0003f6 a90363f7 f9423a63 (f9043fe3) 
[  195.033140] ---[ end trace 29ee7a99a4fba193 ]---
