[  196.228310] kernel BUG at arch/arm64/kernel/traps.c:405!
[  196.240319] Internal error: Oops - BUG: 0 [#1] PREEMPT SMP
[  196.242810] Modules linked in:
[  196.252205] CPU: 5 PID: 493 Comm: python3 Not tainted 5.4.18 #2
[  196.253449] Hardware name: linux,dummy-virt (DT)
[  196.255853] pstate: 00000005 (nzcv daif -PAN -UAO)
[  196.266788] pc : do_undefinstr+0x2ec/0x310
[  196.268177] lr : do_undefinstr+0x1e0/0x310
[  196.269248] sp : ffff800011c9b8a0
[  196.270149] x29: ffff800011c9b8a0 x28: ffff00007975c600 
[  196.271438] x27: ffff800011c9bd80 x26: 0000000000000011 
[  196.272342] x25: 0000000000000012 x24: 0000000000000000 
[  196.273306] x23: 0000000060000005 x22: ffff800010b7878c 
[  196.274612] x21: ffff800011c9ba40 x20: ffff00007975c600 
[  196.275597] x19: ffff800011c9b900 x18: 0000000000000000 
[  196.278242] x17: 0000000000000000 x16: 0000000000000000 
[  196.281429] x15: 0000000000000001 x14: 0000000000000000 
[  196.282340] x13: 0000000000000006 x12: 00000000c0a80164 
[  196.283259] x11: 0000000000000000 x10: 0000000000000068 
[  196.284154] x9 : ffff00007975c600 x8 : ffff800011c9bc30 
[  196.285261] x7 : 0000000053300000 x6 : ffff800011c9b8f8 
[  196.286166] x5 : 00000000d5300000 x4 : ffff8000117c51f0 
[  196.287089] x3 : 00000000f8600000 x2 : 0000000000000000 
[  196.287958] x1 : ffff00007975c600 x0 : 0000000060000005 
[  196.290180] Call trace:
[  196.291295]  do_undefinstr+0x2ec/0x310
[  196.296723]  el1_undef+0x10/0x84
[  196.297522]  __ip_local_out+0x5c/0x158
[  196.298204]  ip_local_out+0x20/0x58
[  196.298820]  ip_send_skb+0x1c/0xa8
[  196.299661]  udp_send_skb.isra.0+0x11c/0x368
[  196.300424]  udp_sendmsg+0x710/0x860
[  196.301058]  inet_sendmsg+0x40/0x68
[  196.301779]  __sys_sendto+0xd4/0x150
[  196.302393]  __arm64_sys_sendto+0x24/0x30
[  196.303039]  el0_svc_common.constprop.0+0x68/0x160
[  196.303804]  el0_svc_handler+0x20/0x80
[  196.304411]  el0_svc+0x8/0xc
[  196.306665] Code: f9401bf7 17ffff7c a9025bf5 f9001bf7 (d4210000) 
[  196.315293] ---[ end trace e53dc8e3944ed20d ]---
[  196.317559] note: python3[493] exited with preempt_count 1
[  196.424254] ------------[ cut here ]------------
[  196.427618] WARNING: CPU: 5 PID: 0 at kernel/rcu/tree.c:569 rcu_idle_enter+0x74/0x80
[  196.432458] Modules linked in:
[  196.434391] CPU: 5 PID: 0 Comm: swapper/5 Tainted: G      D           5.4.18 #2
[  196.435340] Hardware name: linux,dummy-virt (DT)
[  196.435844] pstate: 200003c5 (nzCv DAIF -PAN -UAO)
[  196.436711] pc : rcu_idle_enter+0x74/0x80
[  196.436907] lr : do_idle+0x200/0x288
[  196.437140] sp : ffff800011a6bf20
[  196.438989] x29: ffff800011a6bf20 x28: 0000000000000000 
[  196.441068] x27: 0000000000000000 x26: 0000000000000000 
[  196.443723] x25: 0000000000000000 x24: ffff8000117ba214 
[  196.445789] x23: ffff00007b0c5400 x22: ffff800011404ab8 
[  196.449729] x21: ffff8000117ba1f0 x20: 0000000000000005 
[  196.455168] x19: ffff8000117ba118 x18: 0000000000000010 
[  196.458377] x17: 0000000000000000 x16: 0000000000000000 
[  196.465128] x15: 0000000000000001 x14: 0000000000000000 
[  196.465733] x13: 0000000000000003 x12: 0000000000000001 
[  196.467996] x11: 0000000000000001 x10: 00000000000009c0 
[  196.469082] x9 : ffff800011a6be90 x8 : ffff00007b0c5e20 
[  196.469510] x7 : ffff00007b1db800 x6 : 000004760ec51520 
[  196.470049] x5 : 00ffffffffffffff x4 : ffff80006c7af000 
[  196.472562] x3 : 4000000000000002 x2 : 4000000000000000 
[  196.473876] x1 : ffff800011406980 x0 : ffff00007dbb5980 
[  196.477341] Call trace:
[  196.480243]  rcu_idle_enter+0x74/0x80
[  196.486360]  do_idle+0x200/0x288
[  196.489069]  cpu_startup_entry+0x20/0x40
[  196.492580]  secondary_start_kernel+0x154/0x190
[  196.503350] ---[ end trace e53dc8e3944ed20e ]---
