[  194.135547] Unable to handle kernel paging request at virtual address ffff800011f640a0
[  194.144203] Mem abort info:
[  194.149246]   ESR = 0x96000007
[  194.155929]   EC = 0x25: DABT (current EL), IL = 32 bits
[  194.167969]   SET = 0, FnV = 0
[  194.173070]   EA = 0, S1PTW = 0
[  194.180254] Data abort info:
[  194.185238]   ISV = 0, ISS = 0x00000007
[  194.194582]   CM = 0, WnR = 0
[  194.199882] swapper pgtable: 4k pages, 48-bit VAs, pgdp=00000000412a6000
[  194.200799] [ffff800011f640a0] pgd=00000000bdfff003, pud=00000000bdffe003, pmd=00000000bb210003, pte=0000000000000000
[  194.205651] Internal error: Oops: 96000007 [#1] PREEMPT SMP
[  194.206805] Modules linked in:
[  194.207961] CPU: 7 PID: 493 Comm: python3 Not tainted 5.4.18 #2
[  194.208198] Hardware name: linux,dummy-virt (DT)
[  194.208735] pstate: 60000005 (nZCv daif -PAN -UAO)
[  194.210446] pc : __ip_local_out+0x24/0x158
[  194.210623] lr : ip_local_out+0x20/0x58
[  194.210774] sp : ffff800011f63a40
[  194.210948] x29: ffff800011f63a40 x28: 000000000000001a 
[  194.211217] x27: ffff800011f63d80 x26: 0000000000000011 
[  194.211871] x25: 0000000000000012 x24: ffff000078180a24 
[  194.212259] x23: ffff800011f63c30 x22: ffff800011963ac0 
[  194.212615] x21: ffff0000794c0300 x20: ffff00007b223740 
[  194.213030] x19: ffff00007b2b5400 x18: 0000000000000000 
[  194.213493] x17: 0000000000000000 x16: 0000000000000000 
[  194.214199] x15: 0000000000000001 x14: 0000000000000000 
[  194.214693] x13: 0000000000000006 x12: 00000000c0a80164 
[  194.215052] x11: 0000000000000000 x10: 0000000000000068 
[  194.215363] x9 : ffff00007b2b5400 x8 : ffff800011f63c30 
[  194.216144] x7 : 00000000e9200000 x6 : 000000000000d6b6 
[  194.217419] x5 : 0000000000000024 x4 : 0000000000000000 
[  194.219011] x3 : 0000000000000011 x2 : ffff0000794c0300 
[  194.221768] x1 : ffff00007b223740 x0 : ffff800011963ac0 
[  194.222724] Call trace:
[  194.224052]  __ip_local_out+0x24/0x158
[  194.224378]  ip_local_out+0x20/0x58
[  194.224548]  ip_send_skb+0x1c/0xa8
[  194.225256]  udp_send_skb.isra.0+0x11c/0x368
[  194.227376]  udp_sendmsg+0x710/0x860
[  194.228881]  inet_sendmsg+0x40/0x68
[  194.229677]  __sys_sendto+0xd4/0x150
[  194.232429]  __arm64_sys_sendto+0x24/0x30
[  194.233470]  el0_svc_common.constprop.0+0x68/0x160
[  194.235362]  el0_svc_handler+0x20/0x80
[  194.237906]  el0_svc+0x8/0xc
[  194.240619] Code: a9025bf5 aa0203f5 aa0003f6 a90363f7 (f9423ae3) 
[  194.242101] ---[ end trace 9e86b8bda7da8ee8 ]---
