[  194.909255] Unable to handle kernel paging request at virtual address 0000000076ecbf12
[  194.923914] Mem abort info:
[  194.925089]   ESR = 0x96000006
[  194.926127]   EC = 0x25: DABT (current EL), IL = 32 bits
[  194.930543]   SET = 0, FnV = 0
[  194.931029]   EA = 0, S1PTW = 0
[  194.933661] Data abort info:
[  194.936953]   ISV = 0, ISS = 0x00000006
[  194.937484]   CM = 0, WnR = 0
[  194.938842] user pgtable: 4k pages, 48-bit VAs, pgdp=00000000b6c06000
[  194.948081] [0000000076ecbf12] pgd=00000000b6d4d003, pud=00000000b2233003, pmd=0000000000000000
[  194.965384] Internal error: Oops: 96000006 [#1] PREEMPT SMP
[  194.969129] Modules linked in:
[  194.973958] CPU: 4 PID: 494 Comm: python3 Not tainted 5.4.18 #2
[  194.974915] Hardware name: linux,dummy-virt (DT)
[  194.977367] pstate: 60000005 (nZCv daif -PAN -UAO)
[  194.985451] pc : __ip_finish_output+0x30/0x1e0
[  194.995546] lr : ip_output+0xf4/0x1b0
[  194.998165] sp : ffff800011d439f0
[  194.999122] x29: ffff800011d439f0 x28: 000000000000001a 
[  195.003995] x27: ffff800011d43d80 x26: 0000000000000011 
[  195.005001] x25: 0000000000000012 x24: ffff800011963ac0 
[  195.006214] x23: 0000000076ecbf00 x22: ffff00007abd1c00 
[  195.008007] x21: ffff800011963ac0 x20: ffff000076ecbf00 
[  195.008871] x19: ffff000076ecbf00 x18: 0000000000000000 
[  195.012075] x17: 0000000000000000 x16: 0000000000000000 
[  195.012382] x15: 0000000000000001 x14: 0000000000000000 
[  195.013153] x13: 0000000000000006 x12: 00000000c0a80164 
[  195.014212] x11: 0000000000000000 x10: 0000000000000068 
[  195.015237] x9 : ffff00007abd1c00 x8 : ffff800011d43c30 
[  195.015519] x7 : 00000000cd300000 x6 : 0000000000007ba1 
[  195.016291] x5 : 0000000000000a9a x4 : 000000000000002e 
[  195.016561] x3 : ffff000079b90000 x2 : ffff000072234000 
[  195.016842] x1 : 0000000076ecbf00 x0 : ffff000072234000 
[  195.019337] Call trace:
[  195.025531]  __ip_finish_output+0x30/0x1e0
[  195.025912]  ip_output+0xf4/0x1b0
[  195.026190]  ip_local_out+0x44/0x58
[  195.026503]  ip_send_skb+0x1c/0xa8
[  195.027207]  udp_send_skb.isra.0+0x11c/0x368
[  195.032972]  udp_sendmsg+0x710/0x860
[  195.033719]  inet_sendmsg+0x40/0x68
[  195.034114]  __sys_sendto+0xd4/0x150
[  195.038299]  __arm64_sys_sendto+0x24/0x30
[  195.041887]  el0_svc_common.constprop.0+0x68/0x160
[  195.047894]  el0_svc_handler+0x20/0x80
[  195.049673]  el0_svc+0x8/0xc
[  195.054812] Code: f9402c42 927ff840 f9400003 b40006c1 (39404824) 
[  195.065859] ---[ end trace eb3d165a59d8d589 ]---
