[  192.706549] Unable to handle kernel paging request at virtual address 00007b20f00000b8
[  192.711858] Mem abort info:
[  192.712119]   ESR = 0x96000004
[  192.712376]   EC = 0x25: DABT (current EL), IL = 32 bits
[  192.712726]   SET = 0, FnV = 0
[  192.713174]   EA = 0, S1PTW = 0
[  192.713620] Data abort info:
[  192.714017]   ISV = 0, ISS = 0x00000004
[  192.714435]   CM = 0, WnR = 0
[  192.715349] user pgtable: 4k pages, 48-bit VAs, pgdp=00000000ba9b7000
[  192.717730] [00007b20f00000b8] pgd=0000000000000000
[  192.719874] Internal error: Oops: 96000004 [#1] PREEMPT SMP
[  192.721627] Modules linked in:
[  192.725252] CPU: 1 PID: 507 Comm: python3 Not tainted 5.4.18 #2
[  192.727551] Hardware name: linux,dummy-virt (DT)
[  192.729727] pstate: 60000005 (nZCv daif -PAN -UAO)
[  192.731480] pc : __ip_local_out+0x34/0x158
[  192.731749] lr : ip_local_out+0x20/0x58
[  192.733230] sp : ffff800011f4ba40
[  192.733509] x29: ffff800011f4ba40 x28: 000000000000001a 
[  192.733990] x27: ffff800011f4bd80 x26: 0000000000000011 
[  192.734352] x25: 0000000000000012 x24: ffff000078301424 
[  192.734745] x23: ffff800011f4bc30 x22: ffff800011963ac0 
[  192.735160] x21: 00007b20f0000000 x20: ffff000079600880 
[  192.735536] x19: ffff00007b1d5400 x18: 0000000000000000 
[  192.736245] x17: 0000000000000000 x16: 0000000000000000 
[  192.737428] x15: 0000000000000001 x14: 0000000000000000 
[  192.738073] x13: 0000000000000006 x12: 00000000c0a80164 
[  192.738594] x11: 0000000000000000 x10: 0000000000000068 
[  192.739602] x9 : ffff00007b1d5400 x8 : ffff800011f4bc30 
[  192.741273] x7 : 000000009b600000 x6 : 000000000000a7b8 
[  192.742099] x5 : 0000000000000024 x4 : 0000000000000000 
[  192.743054] x3 : 0000000000000000 x2 : ffff00007b20f000 
[  192.743674] x1 : ffff000079600880 x0 : 0000000000000010 
[  192.745304] Call trace:
[  192.746085]  __ip_local_out+0x34/0x158
[  192.746440]  ip_local_out+0x20/0x58
[  192.746758]  ip_send_skb+0x1c/0xa8
[  192.747126]  udp_send_skb.isra.0+0x11c/0x368
[  192.747982]  udp_sendmsg+0x710/0x860
[  192.751853]  inet_sendmsg+0x40/0x68
[  192.753561]  __sys_sendto+0xd4/0x150
[  192.753722]  __arm64_sys_sendto+0x24/0x30
[  192.754330]  el0_svc_common.constprop.0+0x68/0x160
[  192.756091]  el0_svc_handler+0x20/0x80
[  192.758969]  el0_svc+0x8/0xc
[  192.765992] Code: f9423a63 f9003fe3 d2800003 79415840 (f9405ea3) 
[  192.777428] ---[ end trace cab5aac75076f4d1 ]---
