[  194.214811] Unable to handle kernel paging request at virtual address ffff000080000000
[  194.217595] Mem abort info:
[  194.217940]   ESR = 0x96000005
[  194.218276]   EC = 0x25: DABT (current EL), IL = 32 bits
[  194.218634]   SET = 0, FnV = 0
[  194.220090]   EA = 0, S1PTW = 0
[  194.220509] Data abort info:
[  194.220916]   ISV = 0, ISS = 0x00000005
[  194.221720]   CM = 0, WnR = 0
[  194.222444] swapper pgtable: 4k pages, 48-bit VAs, pgdp=00000000412a6000
[  194.224779] [ffff000080000000] pgd=00000000bdff8003, pud=0000000000000000
[  194.230657] Internal error: Oops: 96000005 [#1] PREEMPT SMP
[  194.232039] Modules linked in:
[  194.238138] CPU: 1 PID: 496 Comm: python3 Not tainted 5.4.18 #2
[  194.238727] Hardware name: linux,dummy-virt (DT)
[  194.242117] pstate: 80000005 (Nzcv daif -PAN -UAO)
[  194.244667] pc : __ip_local_out+0x80/0x158
[  194.245500] lr : ip_local_out+0x20/0x58
[  194.245962] sp : ffff800011f4ba40
[  194.246912] x29: ffff800011f4ba40 x28: 000000000000001a 
[  194.248909] x27: ffff800011f4bd80 x26: 0000000000000011 
[  194.251728] x25: 0000000000000012 x24: ffff00007aa7f424 
[  194.254570] x23: ffff800011f4bc30 x22: ffff800011963ac0 
[  194.259877] x21: ffff00007abfa400 x20: ffff00007b22aa80 
[  194.261907] x19: ffff00007943d400 x18: 0000000000000000 
[  194.264827] x17: 0000000000000000 x16: 0000000000000000 
[  194.267299] x15: 0000000000000001 x14: 0000000000000000 
[  194.272441] x13: 0000000000000006 x12: 00000000c0a80164 
[  194.278133] x11: 0000000000000000 x10: 0000000000000068 
[  194.280810] x9 : ffff00007943d400 x8 : ffff800011f4bc30 
[  194.285169] x7 : 0000000016900000 x6 : 00000000000008ca 
[  194.292789] x5 : ffff000080000000 x4 : b805a3007aa83910 
[  194.295675] x3 : 6e6f2ad6b1b8fd41 x2 : 6e4276382e001185 
[  194.297336] x1 : ffff00007aa7f410 x0 : 0000000000000000 
[  194.298765] Call trace:
[  194.299820]  __ip_local_out+0x80/0x158
[  194.300601]  ip_local_out+0x20/0x58
[  194.302935]  ip_send_skb+0x1c/0xa8
[  194.305042]  udp_send_skb.isra.0+0x11c/0x368
[  194.305885]  udp_sendmsg+0x710/0x860
[  194.307063]  inet_sendmsg+0x40/0x68
[  194.310108]  __sys_sendto+0xd4/0x150
[  194.311368]  __arm64_sys_sendto+0x24/0x30
[  194.313140]  el0_svc_common.constprop.0+0x68/0x160
[  194.315334]  el0_svc_handler+0x20/0x80
[  194.319788]  el0_svc+0x8/0xc
[  194.323959] Code: ab000062 8b000824 9a000063 d503201f (b84044a0) 
[  194.328413] ---[ end trace a665d7a57526d6fe ]---
