[  194.763594] Unable to handle kernel paging request at virtual address fffe800089c8e4c2
[  194.805692] Mem abort info:
[  194.807630]   ESR = 0x96000044
[  194.809169]   EC = 0x25: DABT (current EL), IL = 32 bits
[  194.818357]   SET = 0, FnV = 0
[  194.818897]   EA = 0, S1PTW = 0
[  194.819435] Data abort info:
[  194.819860]   ISV = 0, ISS = 0x00000044
[  194.820302]   CM = 0, WnR = 1
[  194.822676] [fffe800089c8e4c2] address between user and kernel address ranges
[  194.831621] Internal error: Oops: 96000044 [#1] PREEMPT SMP
[  194.832935] Modules linked in:
[  194.846000] CPU: 3 PID: 493 Comm: python3 Not tainted 5.4.18 #2
[  194.848434] Hardware name: linux,dummy-virt (DT)
[  194.850608] pstate: 60000005 (nZCv daif -PAN -UAO)
[  194.856288] pc : __ip_local_out+0x50/0x158
[  194.860011] lr : ip_local_out+0x20/0x58
[  194.860782] sp : ffff800012183a40
[  194.861560] x29: ffff800012183a40 x28: 000000000000001a 
[  194.865179] x27: ffff800012183d80 x26: 0000000000000011 
[  194.866327] x25: 0000000000000012 x24: ffff00007832aa24 
[  194.867255] x23: ffff800012183c30 x22: ffff800011963ac0 
[  194.869453] x21: ffff000079576000 x20: ffff00007a88b740 
[  194.872629] x19: ffff00007abde200 x18: 0000000000000000 
[  194.873583] x17: 0000000000000000 x16: 0000000000000000 
[  194.874556] x15: 0000000000000001 x14: 0000000000000000 
[  194.880146] x13: 0000000000000006 x12: 00000000c0a80164 
[  194.881877] x11: 0000000000000000 x10: 0000000000000068 
[  194.882824] x9 : ffff00007abde200 x8 : ffff800012183c30 
[  194.883887] x7 : 0000000068500000 x6 : 000000000000739c 
[  194.884600] x5 : fffe800089c8e4d0 x4 : 0000000000002e00 
[  194.885082] x3 : ffff00007832aa00 x2 : 0000000000002e00 
[  194.887080] x1 : fffe800089c8e4c0 x0 : ffff800011963ac0 
[  194.889455] Call trace:
[  194.891449]  __ip_local_out+0x50/0x158
[  194.892406]  ip_local_out+0x20/0x58
[  194.892960]  ip_send_skb+0x1c/0xa8
[  194.893535]  udp_send_skb.isra.0+0x11c/0x368
[  194.897599]  udp_sendmsg+0x710/0x860
[  194.899187]  inet_sendmsg+0x40/0x68
[  194.900223]  __sys_sendto+0xd4/0x150
[  194.902284]  __arm64_sys_sendto+0x24/0x30
[  194.904886]  el0_svc_common.constprop.0+0x68/0x160
[  194.905769]  el0_svc_handler+0x20/0x80
[  194.906475]  el0_svc+0x8/0xc
[  194.907853] Code: 91004025 53183c44 d3483c42 2a020082 (79000422) 
[  194.909125] ---[ end trace 3c8bc5e276916320 ]---
