[  195.113522] kernel BUG at arch/arm64/kernel/traps.c:405!
[  195.120257] Internal error: Oops - BUG: 0 [#1] PREEMPT SMP
[  195.122351] Modules linked in:
[  195.131576] CPU: 4 PID: 493 Comm: python3 Not tainted 5.4.18 #2
[  195.136020] Hardware name: linux,dummy-virt (DT)
[  195.138149] pstate: 00000005 (nzcv daif -PAN -UAO)
[  195.144731] pc : do_undefinstr+0x2ec/0x310
[  195.145600] lr : do_undefinstr+0x1e0/0x310
[  195.146432] sp : ffff800011fab8a0
[  195.147067] x29: ffff800011fab8a0 x28: ffff00007b311c00 
[  195.148179] x27: ffff800011fabd80 x26: 0000000000000011 
[  195.149016] x25: 0000000000000012 x24: 0000000000000000 
[  195.149822] x23: 0000000060000005 x22: ffff800010b78764 
[  195.150691] x21: ffff800011faba40 x20: ffff00007b311c00 
[  195.151498] x19: ffff800011fab900 x18: 0000000000000000 
[  195.152349] x17: 0000000000000000 x16: 0000000000000000 
[  195.153160] x15: 0000000000000001 x14: 0000000000000000 
[  195.153966] x13: 0000000000000006 x12: 00000000c0a80164 
[  195.154850] x11: 0000000000000000 x10: 0000000000000068 
[  195.155665] x9 : ffff00007b311c00 x8 : ffff800011fabc30 
[  195.158055] x7 : 0000000058500000 x6 : ffff800011fab8f8 
[  195.158892] x5 : 00000000d5300000 x4 : ffff8000117c51f0 
[  195.161124] x3 : 00000000fb400000 x2 : 0000000000000000 
[  195.161563] x1 : ffff00007b311c00 x0 : 0000000060000005 
[  195.162416] Call trace:
[  195.162807]  do_undefinstr+0x2ec/0x310
[  195.163139]  el1_undef+0x10/0x84
[  195.163411]  __ip_local_out+0x34/0x158
[  195.164007]  ip_local_out+0x20/0x58
[  195.164789]  ip_send_skb+0x1c/0xa8
[  195.165135]  udp_send_skb.isra.0+0x11c/0x368
[  195.165395]  udp_sendmsg+0x710/0x860
[  195.165627]  inet_sendmsg+0x40/0x68
[  195.165853]  __sys_sendto+0xd4/0x150
[  195.166068]  __arm64_sys_sendto+0x24/0x30
[  195.166399]  el0_svc_common.constprop.0+0x68/0x160
[  195.166662]  el0_svc_handler+0x20/0x80
[  195.166860]  el0_svc+0x8/0xc
[  195.167469] Code: f9401bf7 17ffff7c a9025bf5 f9001bf7 (d4210000) 
[  195.169637] ---[ end trace 623d01ab6b172ce2 ]---
[  195.170691] note: python3[493] exited with preempt_count 1
[  195.236339] ------------[ cut here ]------------
[  195.236940] WARNING: CPU: 4 PID: 0 at kernel/rcu/tree.c:569 rcu_idle_enter+0x74/0x80
[  195.237291] Modules linked in:
[  195.237694] CPU: 4 PID: 0 Comm: swapper/4 Tainted: G      D           5.4.18 #2
[  195.241134] Hardware name: linux,dummy-virt (DT)
[  195.242401] pstate: 200003c5 (nzCv DAIF -PAN -UAO)
[  195.244935] pc : rcu_idle_enter+0x74/0x80
[  195.257202] lr : do_idle+0x200/0x288
[  195.259737] sp : ffff800011a63f20
[  195.260204] x29: ffff800011a63f20 x28: 0000000000000000 
[  195.266761] x27: 0000000000000000 x26: 0000000000000000 
[  195.270482] x25: 0000000000000000 x24: ffff8000117ba214 
[  195.277887] x23: ffff00007b0c4600 x22: ffff800011404ab8 
[  195.281158] x21: ffff8000117ba1f0 x20: 0000000000000004 
[  195.286743] x19: ffff8000117ba118 x18: 0000000000000010 
[  195.287918] x17: 0000000000000000 x16: 0000000000000000 
[  195.288557] x15: 0000000000000000 x14: 0000000000000000 
[  195.288833] x13: 0000000000000002 x12: 0000000000000000 
[  195.289164] x11: 0000000000000000 x10: 00000000000009c0 
[  195.289507] x9 : ffff800011a63e90 x8 : ffff00007b0c5020 
[  195.289926] x7 : 00000000000003ef x6 : 00000308092cd6ab 
[  195.290878] x5 : 00ffffffffffffff x4 : ffff80006c799000 
[  195.291352] x3 : 4000000000000002 x2 : 4000000000000000 
[  195.291640] x1 : ffff800011406980 x0 : ffff00007db9f980 
[  195.291942] Call trace:
[  195.292151]  rcu_idle_enter+0x74/0x80
[  195.292413]  do_idle+0x200/0x288
[  195.292970]  cpu_startup_entry+0x24/0x40
[  195.293223]  secondary_start_kernel+0x154/0x190
[  195.293476] ---[ end trace 623d01ab6b172ce3 ]---
