[  194.913602] Unable to handle kernel paging request at virtual address ffff000080000000
[  194.914473] Mem abort info:
[  194.914719]   ESR = 0x96000005
[  194.917804]   EC = 0x25: DABT (current EL), IL = 32 bits
[  194.918266]   SET = 0, FnV = 0
[  194.918571]   EA = 0, S1PTW = 0
[  194.919986] Data abort info:
[  194.921281]   ISV = 0, ISS = 0x00000005
[  194.922253]   CM = 0, WnR = 0
[  194.922849] swapper pgtable: 4k pages, 48-bit VAs, pgdp=00000000412a6000
[  194.924060] [ffff000080000000] pgd=00000000bdff8003, pud=0000000000000000
[  194.925741] Internal error: Oops: 96000005 [#1] PREEMPT SMP
[  194.927034] Modules linked in:
[  194.932569] CPU: 5 PID: 496 Comm: python3 Not tainted 5.4.18 #2
[  194.933759] Hardware name: linux,dummy-virt (DT)
[  194.935408] pstate: 20000005 (nzCv daif -PAN -UAO)
[  194.935639] pc : __ip_local_out+0x80/0x158
[  194.935824] lr : ip_local_out+0x20/0x58
[  194.936243] sp : ffff800011dd3a40
[  194.936483] x29: ffff800011dd3a40 x28: 000000000000001a 
[  194.936924] x27: ffff800011dd3d80 x26: 0000000000000011 
[  194.937284] x25: 0000000000000012 x24: ffff00007814f224 
[  194.937611] x23: ffff800011dd3c30 x22: ffff800011963ac0 
[  194.938300] x21: ffff00007b22bb80 x20: ffff0000797c0d00 
[  194.938737] x19: ffff00007b2bf000 x18: 0000000000000000 
[  194.940416] x17: 0000000000000000 x16: 0000000000000000 
[  194.942967] x15: 0000000000000001 x14: 0000000000000000 
[  194.943523] x13: 0000000000000006 x12: 00000000c0a80164 
[  194.946972] x11: 0000000000000000 x10: 0000000000000068 
[  194.950275] x9 : ffff00007b2bf000 x8 : ffff800011dd3c30 
[  194.955922] x7 : 000000005a400000 x6 : 00000000000033a0 
[  194.956524] x5 : ffff000080000000 x4 : ffff00047b22bc40 
[  194.959157] x3 : 002579ee73b570cc x2 : 000000002e000000 
[  194.960436] x1 : ffff00007b22bc40 x0 : 0000000000000000 
[  194.962442] Call trace:
[  194.963307]  __ip_local_out+0x80/0x158
[  194.963992]  ip_local_out+0x20/0x58
[  194.965049]  ip_send_skb+0x1c/0xa8
[  194.965501]  udp_send_skb.isra.0+0x11c/0x368
[  194.965972]  udp_sendmsg+0x710/0x860
[  194.967098]  inet_sendmsg+0x40/0x68
[  194.967397]  __sys_sendto+0xd4/0x150
[  194.968384]  __arm64_sys_sendto+0x24/0x30
[  194.968768]  el0_svc_common.constprop.0+0x68/0x160
[  194.971161]  el0_svc_handler+0x20/0x80
[  194.973507]  el0_svc+0x8/0xc
[  194.977664] Code: ab000062 8b040824 9a000063 d503201f (b84044a0) 
[  194.979253] ---[ end trace e50ac0a7dcd7caec ]---
