[  195.693213] Unable to handle kernel paging request at virtual address ffff000080000000
[  195.696005] Mem abort info:
[  195.696559]   ESR = 0x96000005
[  195.697634]   EC = 0x25: DABT (current EL), IL = 32 bits
[  195.699995]   SET = 0, FnV = 0
[  195.700729]   EA = 0, S1PTW = 0
[  195.702468] Data abort info:
[  195.705740]   ISV = 0, ISS = 0x00000005
[  195.707747]   CM = 0, WnR = 0
[  195.711296] swapper pgtable: 4k pages, 48-bit VAs, pgdp=00000000412a6000
[  195.717371] [ffff000080000000] pgd=00000000bdff8003, pud=0000000000000000
[  195.723533] Internal error: Oops: 96000005 [#1] PREEMPT SMP
[  195.724910] Modules linked in:
[  195.725867] CPU: 6 PID: 503 Comm: python3 Not tainted 5.4.18 #2
[  195.726072] Hardware name: linux,dummy-virt (DT)
[  195.726914] pstate: 80000005 (Nzcv daif -PAN -UAO)
[  195.731168] pc : __ip_local_out+0x80/0x158
[  195.732324] lr : ip_local_out+0x20/0x58
[  195.732654] sp : ffff80001211ba40
[  195.733513] x29: ffff80001211ba40 x28: 000000000000001a 
[  195.734223] x27: ffff80001211bd80 x26: 0000000000000011 
[  195.734609] x25: 0000000000000012 x24: ffff000079153a24 
[  195.735718] x23: ffff80001211bc30 x22: ffff800011963ac0 
[  195.736044] x21: ffff00007926d800 x20: ffff00007b3ad940 
[  195.736327] x19: ffff000074958e00 x18: 0000000000000000 
[  195.736599] x17: 0000000000000000 x16: 0000000000000000 
[  195.737134] x15: 0000000000000001 x14: 0000000000000000 
[  195.737479] x13: 0000000000000006 x12: 00000000c0a80164 
[  195.738997] x11: 0000000000000000 x10: 0000000000000068 
[  195.740603] x9 : ffff000074958e00 x8 : ffff80001211bc30 
[  195.741208] x7 : 00000000a6800000 x6 : 000000000000a7c9 
[  195.741790] x5 : ffff00007ffffffe x4 : ffff000079153a24 
[  195.743622] x3 : 6e7bbc8c49ed399b x2 : 6e41bc252e001185 
[  195.744950] x1 : ffff000079153a10 x0 : 0000000000000000 
[  195.751164] Call trace:
[  195.752124]  __ip_local_out+0x80/0x158
[  195.752949]  ip_local_out+0x20/0x58
[  195.753604]  ip_send_skb+0x1c/0xa8
[  195.754297]  udp_send_skb.isra.0+0x11c/0x368
[  195.754489]  udp_sendmsg+0x710/0x860
[  195.757673]  inet_sendmsg+0x40/0x68
[  195.758752]  __sys_sendto+0xd4/0x150
[  195.759326]  __arm64_sys_sendto+0x24/0x30
[  195.759842]  el0_svc_common.constprop.0+0x68/0x160
[  195.759996]  el0_svc_handler+0x20/0x80
[  195.760122]  el0_svc+0x8/0xc
[  195.761083] Code: ab000062 8b040824 9a000063 d503201f (b84044a0) 
[  195.763885] ---[ end trace 1d206bbccd1bb743 ]---
