[  193.714150] Unable to handle kernel paging request at virtual address ffff000080000000
[  193.717571] Mem abort info:
[  193.718535]   ESR = 0x96000005
[  193.722232]   EC = 0x25: DABT (current EL), IL = 32 bits
[  193.729520]   SET = 0, FnV = 0
[  193.741980]   EA = 0, S1PTW = 0
[  193.754987] Data abort info:
[  193.760328]   ISV = 0, ISS = 0x00000005
[  193.765798]   CM = 0, WnR = 0
[  193.770813] swapper pgtable: 4k pages, 48-bit VAs, pgdp=00000000412a6000
[  193.785397] [ffff000080000000] pgd=00000000bdff8003, pud=0000000000000000
[  193.797175] Internal error: Oops: 96000005 [#1] PREEMPT SMP
[  193.803097] Modules linked in:
[  193.814648] CPU: 7 PID: 495 Comm: python3 Not tainted 5.4.18 #2
[  193.816217] Hardware name: linux,dummy-virt (DT)
[  193.820103] pstate: 80000005 (Nzcv daif -PAN -UAO)
[  193.832232] pc : __ip_local_out+0x80/0x158
[  193.838825] lr : ip_local_out+0x20/0x58
[  193.848136] sp : ffff80001214ba40
[  193.850604] x29: ffff80001214ba40 x28: 000000000000001a 
[  193.853994] x27: ffff80001214bd80 x26: 0000000000000011 
[  193.865605] x25: 0000000000000012 x24: ffff0000782ffa24 
[  193.871137] x23: ffff80001214bc30 x22: ffff800011963ac0 
[  193.876559] x21: ffff00007696d500 x20: ffff00007b22aec0 
[  193.877992] x19: ffff00007a9ac600 x18: 0000000000000000 
[  193.883188] x17: 0000000000000000 x16: 0000000000000000 
[  193.886327] x15: 0000000000000001 x14: 0000000000000000 
[  193.889599] x13: 0000000000000006 x12: 00000000c0a80164 
[  193.895674] x11: 0000000000000000 x10: 0000000000000068 
[  193.897337] x9 : ffff00007a9ac600 x8 : ffff80001214bc30 
[  193.901792] x7 : 000000003a300000 x6 : 00000000000052ba 
[  193.906176] x5 : ffff000080000000 x4 : fffb000258efe290 
[  193.910389] x3 : 6e84a82297b3fc7d x2 : 6e41cd862e001185 
[  193.913864] x1 : ffff0000782ffa10 x0 : 0000000000000000 
[  193.917827] Call trace:
[  193.918755]  __ip_local_out+0x80/0x158
[  193.921306]  ip_local_out+0x20/0x58
[  193.922766]  ip_send_skb+0x1c/0xa8
[  193.923254]  udp_send_skb.isra.0+0x11c/0x368
[  193.923669]  udp_sendmsg+0x710/0x860
[  193.923916]  inet_sendmsg+0x40/0x68
[  193.924157]  __sys_sendto+0xd4/0x150
[  193.926052]  __arm64_sys_sendto+0x24/0x30
[  193.927478]  el0_svc_common.constprop.0+0x68/0x160
[  193.930158]  el0_svc_handler+0x20/0x80
[  193.931466]  el0_svc+0x8/0xc
[  193.936724] Code: ab000062 8b050824 9a000063 d503201f (b84044a0) 
[  193.944995] ---[ end trace 4f68d5abe1491460 ]---
