[  194.422952] Kernel panic - not syncing: stack-protector: Kernel stack is corrupted in: __ip_local_out+0x158/0x158
[  194.438481] CPU: 1 PID: 494 Comm: python3 Not tainted 5.4.18 #2
[  194.441986] Hardware name: linux,dummy-virt (DT)
[  194.448525] Call trace:
[  194.449512]  dump_backtrace+0x0/0x140
[  194.450141]  show_stack+0x14/0x20
[  194.450609]  dump_stack+0xb4/0xf8
[  194.451029]  panic+0x158/0x324
[  194.451531]  __stack_chk_fail+0x1c/0x20
[  194.452115]  ip_local_out+0x0/0x58
[  194.453229]  ip_local_out+0x20/0x58
[  194.453925]  ip_send_skb+0x1c/0xa8
[  194.454677]  udp_send_skb.isra.0+0x11c/0x368
[  194.455459]  udp_sendmsg+0x710/0x860
[  194.456155]  inet_sendmsg+0x40/0x68
[  194.457219]  __sys_sendto+0xd4/0x150
[  194.457938]  __arm64_sys_sendto+0x24/0x30
[  194.459299]  el0_svc_common.constprop.0+0x68/0x160
[  194.461625]  el0_svc_handler+0x20/0x80
[  194.463797]  el0_svc+0x8/0xc
[  194.470144] SMP: stopping secondary CPUs
[  194.475076] Kernel Offset: disabled
[  194.479293] CPU features: 0x0002,20006000
[  194.480422] Memory Limit: none
[  194.485910] ---[ end Kernel panic - not syncing: stack-protector: Kernel stack is corrupted in: __ip_local_out+0x158/0x158 ]---
