[  195.074416] Unable to handle kernel paging request at virtual address ffff000080000000
[  195.078543] Mem abort info:
[  195.078971]   ESR = 0x96000005
[  195.079337]   EC = 0x25: DABT (current EL), IL = 32 bits
[  195.079669]   SET = 0, FnV = 0
[  195.079901]   EA = 0, S1PTW = 0
[  195.080147] Data abort info:
[  195.080373]   ISV = 0, ISS = 0x00000005
[  195.080655]   CM = 0, WnR = 0
[  195.082478] swapper pgtable: 4k pages, 48-bit VAs, pgdp=00000000412a6000
[  195.083458] [ffff000080000000] pgd=00000000bdff8003, pud=0000000000000000
[  195.094038] Internal error: Oops: 96000005 [#1] PREEMPT SMP
[  195.099262] Modules linked in:
[  195.103232] CPU: 7 PID: 496 Comm: python3 Not tainted 5.4.18 #2
[  195.104120] Hardware name: linux,dummy-virt (DT)
[  195.105521] pstate: 80000005 (Nzcv daif -PAN -UAO)
[  195.109129] pc : __ip_local_out+0x80/0x158
[  195.110133] lr : ip_local_out+0x20/0x58
[  195.110741] sp : ffff800011f63a40
[  195.111357] x29: ffff800011f63a40 x28: 000000000000001a 
[  195.111895] x27: ffff800011f63d80 x26: 0000000000000011 
[  195.112335] x25: 0000000000000012 x24: ffff00007a8c3c24 
[  195.112755] x23: ffff800011f63c30 x22: ffff800011963ac0 
[  195.114101] x21: ffff00007a51db00 x20: ffff0000794f2200 
[  195.114717] x19: ffff0000794e1c00 x18: 0000000000000000 
[  195.115244] x17: 0000000000000000 x16: 0000000000000000 
[  195.115651] x15: 0000000000000001 x14: 0000000000000000 
[  195.117110] x13: 0000000000000006 x12: 00000000c0a80164 
[  195.117620] x11: 0000000000000000 x10: 0000000000000068 
[  195.118086] x9 : ffff0000794e1c00 x8 : ffff800011f63c30 
[  195.118523] x7 : 0000000044800000 x6 : 0000000000002db0 
[  195.119026] x5 : ffff000080000000 x4 : ffff00007a8c3bfc 
[  195.119555] x3 : 6e6f74dc7a7a5c40 x2 : 6e4207742e001185 
[  195.120141] x1 : ffff00007a8c3c10 x0 : 0000000000000000 
[  195.122712] Call trace:
[  195.125572]  __ip_local_out+0x80/0x158
[  195.127090]  ip_local_out+0x20/0x58
[  195.129595]  ip_send_skb+0x1c/0xa8
[  195.135137]  udp_send_skb.isra.0+0x11c/0x368
[  195.141295]  udp_sendmsg+0x710/0x860
[  195.142929]  inet_sendmsg+0x40/0x68
[  195.143847]  __sys_sendto+0xd4/0x150
[  195.144336]  __arm64_sys_sendto+0x24/0x30
[  195.145541]  el0_svc_common.constprop.0+0x68/0x160
[  195.146689]  el0_svc_handler+0x20/0x80
[  195.148226]  el0_svc+0x8/0xc
[  195.153006] Code: ab000062 8b040824 9a000063 d503201f (b84044a0) 
[  195.159186] ---[ end trace f8f79c30cc621995 ]---
