[  194.901569] Unable to handle kernel paging request at virtual address ffff000080000000
[  194.907583] Mem abort info:
[  194.907935]   ESR = 0x96000005
[  194.910665]   EC = 0x25: DABT (current EL), IL = 32 bits
[  194.911184]   SET = 0, FnV = 0
[  194.911420]   EA = 0, S1PTW = 0
[  194.911642] Data abort info:
[  194.913221]   ISV = 0, ISS = 0x00000005
[  194.913565]   CM = 0, WnR = 0
[  194.916239] swapper pgtable: 4k pages, 48-bit VAs, pgdp=00000000412a6000
[  194.916926] [ffff000080000000] pgd=00000000bdff8003, pud=0000000000000000
[  194.920096] Internal error: Oops: 96000005 [#1] PREEMPT SMP
[  194.927580] Modules linked in:
[  194.934946] CPU: 7 PID: 490 Comm: python3 Not tainted 5.4.18 #2
[  194.937619] Hardware name: linux,dummy-virt (DT)
[  194.939782] pstate: 80000005 (Nzcv daif -PAN -UAO)
[  194.943799] pc : __ip_local_out+0x80/0x158
[  194.944132] lr : ip_local_out+0x20/0x58
[  194.944834] sp : ffff800011d4ba40
[  194.945946] x29: ffff800011d4ba40 x28: 000000000000001a 
[  194.946604] x27: ffff800011d4bd80 x26: 0000000000000011 
[  194.947030] x25: 0000000000000012 x24: ffff0000780fac24 
[  194.947554] x23: ffff800011d4bc30 x22: ffff800011963ac0 
[  194.950042] x21: ffff00007806f000 x20: ffff00007abab300 
[  194.950617] x19: ffff00007b1ce200 x18: 0000000000000000 
[  194.953356] x17: 0000000000000000 x16: 0000000000000000 
[  194.957196] x15: 0000000000000001 x14: 0000000000000000 
[  194.958612] x13: 0000000000000006 x12: 00000000c0a80164 
[  194.965218] x11: 0000000000000000 x10: 0000000000000068 
[  194.966640] x9 : ffff00007b1ce200 x8 : ffff800011d4bc30 
[  194.968348] x7 : 0000000049d00000 x6 : 000000000000498c 
[  194.970981] x5 : ffff000080000000 x4 : b805a300780ff124 
[  194.971482] x3 : 6e87f685f9849fe1 x2 : 6e427be52e001185 
[  194.971674] x1 : ffff0000780fac10 x0 : 0000000000000000 
[  194.972144] Call trace:
[  194.972951]  __ip_local_out+0x80/0x158
[  194.974345]  ip_local_out+0x20/0x58
[  194.975823]  ip_send_skb+0x1c/0xa8
[  194.976573]  udp_send_skb.isra.0+0x11c/0x368
[  194.978694]  udp_sendmsg+0x710/0x860
[  194.979070]  inet_sendmsg+0x40/0x68
[  194.982018]  __sys_sendto+0xd4/0x150
[  194.984540]  __arm64_sys_sendto+0x24/0x30
[  194.991055]  el0_svc_common.constprop.0+0x68/0x160
[  194.994803]  el0_svc_handler+0x20/0x80
[  194.999387]  el0_svc+0x8/0xc
[  195.010002] Code: ab000062 8b040824 9a000063 d503201f (b84044a0) 
[  195.022344] ---[ end trace cacd352ee537652c ]---
wenbao@localhost:~$ 