[  194.403478] kernel BUG at arch/arm64/kernel/traps.c:405!
[  194.406929] Internal error: Oops - BUG: 0 [#1] PREEMPT SMP
[  194.408040] Modules linked in:
[  194.410370] CPU: 7 PID: 496 Comm: python3 Not tainted 5.4.18 #2
[  194.410826] Hardware name: linux,dummy-virt (DT)
[  194.411746] pstate: 00000005 (nzcv daif -PAN -UAO)
[  194.414174] pc : do_undefinstr+0x2ec/0x310
[  194.414507] lr : do_undefinstr+0x1e0/0x310
[  194.414832] sp : ffff800011fcb8a0
[  194.415107] x29: ffff800011fcb8a0 x28: ffff000073cf4600 
[  194.415611] x27: ffff800011fcbd80 x26: 0000000000000011 
[  194.415985] x25: 0000000000000012 x24: 0000000000000000 
[  194.416351] x23: 0000000060000005 x22: ffff800010b78740 
[  194.416752] x21: ffff800011fcba40 x20: ffff000073cf4600 
[  194.417118] x19: ffff800011fcb900 x18: 0000000000000000 
[  194.417538] x17: 0000000000000000 x16: 0000000000000000 
[  194.417922] x15: 0000000000000001 x14: 0000000000000000 
[  194.418283] x13: 0000000000000006 x12: 00000000c0a80164 
[  194.418641] x11: 0000000000000000 x10: 0000000000000068 
[  194.419003] x9 : ffff000073cf4600 x8 : ffff800011fcbc30 
[  194.419387] x7 : 000000008e700000 x6 : ffff800011fcb8f8 
[  194.419752] x5 : 00000000d5300000 x4 : ffff8000117c51f0 
[  194.420113] x3 : 00000000a2000000 x2 : 0000000000000000 
[  194.420544] x1 : ffff000073cf4600 x0 : 0000000060000005 
[  194.421282] Call trace:
[  194.421676]  do_undefinstr+0x2ec/0x310
[  194.421992]  el1_undef+0x10/0x84
[  194.422251]  __ip_local_out+0x10/0x158
[  194.422512]  ip_local_out+0x20/0x58
[  194.422759]  ip_send_skb+0x1c/0xa8
[  194.423007]  udp_send_skb.isra.0+0x11c/0x368
[  194.423291]  udp_sendmsg+0x710/0x860
[  194.423573]  inet_sendmsg+0x40/0x68
[  194.423827]  __sys_sendto+0xd4/0x150
[  194.424080]  __arm64_sys_sendto+0x24/0x30
[  194.424356]  el0_svc_common.constprop.0+0x68/0x160
[  194.424664]  el0_svc_handler+0x20/0x80
[  194.424922]  el0_svc+0x8/0xc
[  194.426338] Code: f9401bf7 17ffff7c a9025bf5 f9001bf7 (d4210000) 
[  194.431040] ---[ end trace 48a4baefc777af91 ]---
[  194.432407] note: python3[496] exited with preempt_count 1
[  194.485242] ------------[ cut here ]------------
[  194.486336] WARNING: CPU: 7 PID: 0 at kernel/rcu/tree.c:569 rcu_idle_enter+0x74/0x80
[  194.489441] Modules linked in:
[  194.491647] CPU: 7 PID: 0 Comm: swapper/7 Tainted: G      D           5.4.18 #2
[  194.492282] Hardware name: linux,dummy-virt (DT)
[  194.492918] pstate: 200003c5 (nzCv DAIF -PAN -UAO)
[  194.493209] pc : rcu_idle_enter+0x74/0x80
[  194.493518] lr : do_idle+0x200/0x288
[  194.494002] sp : ffff800011a7bf20
[  194.494469] x29: ffff800011a7bf20 x28: 0000000000000000 
[  194.497281] x27: 0000000000000000 x26: 0000000000000000 
[  194.499627] x25: 0000000000000000 x24: ffff8000117ba214 
[  194.506033] x23: ffff00007b0c7000 x22: ffff800011404ab8 
[  194.509000] x21: ffff8000117ba1f0 x20: 0000000000000007 
[  194.510144] x19: ffff8000117ba118 x18: 0000000000000010 
[  194.511878] x17: 0000000000000000 x16: 0000000000000000 
[  194.512500] x15: ffff000073cf4a70 x14: 0000000000000002 
[  194.513042] x13: 0000000000000001 x12: 0000000000000000 
[  194.513682] x11: 0000000000000400 x10: 00000000000009c0 
[  194.514599] x9 : ffff800011a7be90 x8 : ffff00007b0c7a20 
[  194.517286] x7 : 0000000000000007 x6 : 000000ef60e0067f 
[  194.524224] x5 : 00ffffffffffffff x4 : ffff80006c7db000 
[  194.524547] x3 : 4000000000000002 x2 : 4000000000000000 
[  194.525290] x1 : ffff800011406980 x0 : ffff00007dbe1980 
[  194.525796] Call trace:
[  194.527414]  rcu_idle_enter+0x74/0x80
[  194.528331]  do_idle+0x200/0x288
[  194.528772]  cpu_startup_entry+0x24/0x40
[  194.529126]  secondary_start_kernel+0x154/0x190
[  194.529574] ---[ end trace 48a4baefc777af92 ]---
