[  194.998547] Unable to handle kernel NULL pointer dereference at virtual address 0000000000000012
[  195.011579] Mem abort info:
[  195.015540]   ESR = 0x96000046
[  195.020659]   EC = 0x25: DABT (current EL), IL = 32 bits
[  195.022745]   SET = 0, FnV = 0
[  195.024974]   EA = 0, S1PTW = 0
[  195.025368] Data abort info:
[  195.025763]   ISV = 0, ISS = 0x00000046
[  195.025988]   CM = 0, WnR = 1
[  195.028285] user pgtable: 4k pages, 48-bit VAs, pgdp=00000000b5da2000
[  195.029762] [0000000000000012] pgd=00000000b7133003, pud=00000000b9562003, pmd=0000000000000000
[  195.034216] Internal error: Oops: 96000046 [#1] PREEMPT SMP
[  195.035064] Modules linked in:
[  195.039533] CPU: 6 PID: 495 Comm: python3 Not tainted 5.4.18 #2
[  195.044870] Hardware name: linux,dummy-virt (DT)
[  195.052800] pstate: 60000005 (nZCv daif -PAN -UAO)
[  195.063664] pc : __ip_local_out+0x50/0x158
[  195.064897] lr : ip_local_out+0x20/0x58
[  195.065963] sp : ffff800011ea3a40
[  195.066641] x29: ffff800011ea3a40 x28: 000000000000001a 
[  195.070043] x27: ffff800011ea3d80 x26: 0000000000000011 
[  195.071041] x25: 0000000000000012 x24: ffff000075e98024 
[  195.071695] x23: ffff800011ea3c30 x22: ffff800011963ac0 
[  195.073264] x21: ffff000078234f00 x20: ffff0000796da200 
[  195.073984] x19: ffff00007952b800 x18: 0000000000000000 
[  195.074636] x17: 0000000000000000 x16: 0000000000000000 
[  195.075307] x15: 0000000000000001 x14: 0000000000000000 
[  195.077630] x13: 0000000000000006 x12: 00000000c0a80164 
[  195.078168] x11: 0000000000000000 x10: 0000000000000068 
[  195.078652] x9 : ffff00007952b800 x8 : ffff800011ea3c30 
[  195.079414] x7 : 00000000fc000000 x6 : 0000000000005da8 
[  195.080042] x5 : 0000000000000020 x4 : 0000000000002e00 
[  195.081576] x3 : ffff000075e98000 x2 : 0000000000002e00 
[  195.082880] x1 : 0000000000000010 x0 : 0000000000000010 
[  195.084103] Call trace:
[  195.085429]  __ip_local_out+0x50/0x158
[  195.085751]  ip_local_out+0x20/0x58
[  195.086231]  ip_send_skb+0x1c/0xa8
[  195.087226]  udp_send_skb.isra.0+0x11c/0x368
[  195.089641]  udp_sendmsg+0x710/0x860
[  195.090065]  inet_sendmsg+0x40/0x68
[  195.090571]  __sys_sendto+0xd4/0x150
[  195.091007]  __arm64_sys_sendto+0x24/0x30
[  195.091517]  el0_svc_common.constprop.0+0x68/0x160
[  195.093142]  el0_svc_handler+0x20/0x80
[  195.097559]  el0_svc+0x8/0xc
[  195.100704] Code: 91004025 53183c44 d3483c42 2a020082 (79000422) 
[  195.112834] ---[ end trace d9aab53b9336725a ]---
