[  197.325490] Unable to handle kernel paging request at virtual address ffff000080000000
[  197.327416] Mem abort info:
[  197.328876]   ESR = 0x96000005
[  197.329112]   EC = 0x25: DABT (current EL), IL = 32 bits
[  197.329940]   SET = 0, FnV = 0
[  197.332821]   EA = 0, S1PTW = 0
[  197.334310] Data abort info:
[  197.337275]   ISV = 0, ISS = 0x00000005
[  197.339246]   CM = 0, WnR = 0
[  197.354048] swapper pgtable: 4k pages, 48-bit VAs, pgdp=00000000412a6000
[  197.366183] [ffff000080000000] pgd=00000000bdff8003, pud=0000000000000000
[  197.368859] Internal error: Oops: 96000005 [#1] PREEMPT SMP
[  197.370968] Modules linked in:
[  197.377667] CPU: 1 PID: 491 Comm: python3 Not tainted 5.4.18 #2
[  197.382149] Hardware name: linux,dummy-virt (DT)
[  197.385938] pstate: 20000005 (nzCv daif -PAN -UAO)
[  197.394772] pc : __ip_local_out+0x80/0x158
[  197.400914] lr : ip_local_out+0x20/0x58
[  197.402043] sp : ffff800011e3ba40
[  197.403630] x29: ffff800011e3ba40 x28: 000000000000001a 
[  197.406028] x27: ffff800011e3bd80 x26: 0000000000000011 
[  197.407654] x25: 0000000000000012 x24: ffff000076d84024 
[  197.408890] x23: ffff800011e3bc30 x22: ffff800011963ac0 
[  197.409984] x21: ffff000076dd9500 x20: ffff00007b2caec0 
[  197.411251] x19: ffff0000792c7000 x18: 0000000000000000 
[  197.411957] x17: 0000000000000000 x16: 0000000000000000 
[  197.412770] x15: 0000000000000001 x14: 0000000000000000 
[  197.413228] x13: 0000000000000006 x12: 00000000c0a80164 
[  197.413947] x11: 0000000000000000 x10: 0000000000000068 
[  197.417717] x9 : ffff0000792c7000 x8 : ffff800011e3bc30 
[  197.420416] x7 : 000000004aa00000 x6 : 0000000000006ea2 
[  197.421270] x5 : ffff000076d84020 x4 : ffff000080000000 
[  197.424506] x3 : 6e927fdc8b45a5e3 x2 : 6e41f0162e001185 
[  197.425050] x1 : ffff000076d84010 x0 : 0000000000000000 
[  197.426091] Call trace:
[  197.428366]  __ip_local_out+0x80/0x158
[  197.428894]  ip_local_out+0x20/0x58
[  197.434118]  ip_send_skb+0x1c/0xa8
[  197.434752]  udp_send_skb.isra.0+0x11c/0x368
[  197.437200]  udp_sendmsg+0x710/0x860
[  197.438060]  inet_sendmsg+0x40/0x68
[  197.438327]  __sys_sendto+0xd4/0x150
[  197.438583]  __arm64_sys_sendto+0x24/0x30
[  197.440154]  el0_svc_common.constprop.0+0x68/0x160
[  197.441071]  el0_svc_handler+0x20/0x80
[  197.441799]  el0_svc+0x8/0xc
[  197.444729] Code: ab000062 8b040824 9a000063 d503201f (b8404480) 
[  197.450153] ---[ end trace d4641a5b8c769c20 ]---
