[  194.755308] kernel BUG at arch/arm64/kernel/traps.c:405!
[  194.768553] Internal error: Oops - BUG: 0 [#1] PREEMPT SMP
[  194.771952] Modules linked in:
[  194.778077] CPU: 5 PID: 492 Comm: python3 Not tainted 5.4.18 #2
[  194.779567] Hardware name: linux,dummy-virt (DT)
[  194.782152] pstate: 00000005 (nzcv daif -PAN -UAO)
[  194.795426] pc : do_undefinstr+0x2ec/0x310
[  194.796418] lr : do_undefinstr+0x1e0/0x310
[  194.797346] sp : ffff800011f8b8a0
[  194.798603] x29: ffff800011f8b8a0 x28: ffff000075f0f000 
[  194.799755] x27: ffff800011f8bd80 x26: 0000000000000011 
[  194.800749] x25: 0000000000000012 x24: 0000000000000000 
[  194.801766] x23: 0000000060000005 x22: ffff800010b78734 
[  194.802827] x21: ffff800011f8ba40 x20: ffff000075f0f000 
[  194.803802] x19: ffff800011f8b900 x18: 0000000000000000 
[  194.804813] x17: 0000000000000000 x16: 0000000000000000 
[  194.805776] x15: 0000000000000001 x14: 0000000000000000 
[  194.807058] x13: 0000000000000006 x12: 00000000c0a80164 
[  194.808087] x11: 0000000000000000 x10: 0000000000000068 
[  194.809075] x9 : ffff000075f0f000 x8 : ffff800011f8bc30 
[  194.810277] x7 : 0000000051500000 x6 : ffff800011f8b8f8 
[  194.811476] x5 : 00000000d5300000 x4 : ffff8000117c51f0 
[  194.812475] x3 : 0000000093000000 x2 : 0000000000000000 
[  194.813738] x1 : ffff000075f0f000 x0 : 0000000060000005 
[  194.817426] Call trace:
[  194.820132]  do_undefinstr+0x2ec/0x310
[  194.821040]  el1_undef+0x10/0x84
[  194.825964]  __ip_local_out+0x4/0x158
[  194.826706]  ip_send_skb+0x1c/0xa8
[  194.827381]  udp_send_skb.isra.0+0x11c/0x368
[  194.830545]  udp_sendmsg+0x710/0x860
[  194.831428]  inet_sendmsg+0x40/0x68
[  194.832195]  __sys_sendto+0xd4/0x150
[  194.832893]  __arm64_sys_sendto+0x24/0x30
[  194.833909]  el0_svc_common.constprop.0+0x68/0x160
[  194.834792]  el0_svc_handler+0x20/0x80
[  194.835505]  el0_svc+0x8/0xc
[  194.838254] Code: f9401bf7 17ffff7c a9025bf5 f9001bf7 (d4210000) 
[  194.843346] ---[ end trace e82760192c649185 ]---
[  194.847267] note: python3[492] exited with preempt_count 1
[  194.974558] ------------[ cut here ]------------
[  194.986800] WARNING: CPU: 5 PID: 0 at kernel/rcu/tree.c:569 rcu_idle_enter+0x74/0x80
[  194.987825] Modules linked in:
[  194.991628] CPU: 5 PID: 0 Comm: swapper/5 Tainted: G      D           5.4.18 #2
[  194.995281] Hardware name: linux,dummy-virt (DT)
[  195.008219] pstate: 200003c5 (nzCv DAIF -PAN -UAO)
[  195.012685] pc : rcu_idle_enter+0x74/0x80
[  195.014931] lr : do_idle+0x200/0x288
[  195.015845] sp : ffff800011a6bf20
[  195.016184] x29: ffff800011a6bf20 x28: 0000000000000000 
[  195.016530] x27: 0000000000000000 x26: 0000000000000000 
[  195.020251] x25: 0000000000000000 x24: ffff8000117ba214 
[  195.022264] x23: ffff00007b0c5400 x22: ffff800011404ab8 
[  195.022659] x21: ffff8000117ba1f0 x20: 0000000000000005 
[  195.023321] x19: ffff8000117ba118 x18: 0000000000000010 
[  195.027987] x17: 0000000000000000 x16: 0000000000000000 
[  195.029948] x15: 0000000000000000 x14: 0000000000000000 
[  195.034090] x13: 0000000000000003 x12: 0000000000000000 
[  195.034704] x11: 0000000000000000 x10: 00000000000009c0 
[  195.041438] x9 : 0000a52b0e7106f4 x8 : 000000000000a52b 
[  195.045419] x7 : 000000000000ba08 x6 : 000000559867757d 
[  195.052418] x5 : 00ffffffffffffff x4 : ffff80006c7af000 
[  195.057245] x3 : 4000000000000002 x2 : 4000000000000000 
[  195.063511] x1 : ffff800011406980 x0 : ffff00007dbb5980 
[  195.071842] Call trace:
[  195.072235]  rcu_idle_enter+0x74/0x80
[  195.075354]  do_idle+0x200/0x288
[  195.079251]  cpu_startup_entry+0x20/0x40
[  195.086401]  secondary_start_kernel+0x154/0x190
[  195.087044] ---[ end trace e82760192c649186 ]---
