[  194.285576] Unable to handle kernel NULL pointer dereference at virtual address 00000000000000ac
[  194.309860] Mem abort info:
[  194.313223]   ESR = 0x96000006
[  194.317167]   EC = 0x25: DABT (current EL), IL = 32 bits
[  194.318491]   SET = 0, FnV = 0
[  194.321707]   EA = 0, S1PTW = 0
[  194.325935] Data abort info:
[  194.326823]   ISV = 0, ISS = 0x00000006
[  194.329745]   CM = 0, WnR = 0
[  194.332888] user pgtable: 4k pages, 48-bit VAs, pgdp=00000000b9685000
[  194.336611] [00000000000000ac] pgd=00000000b6cb8003, pud=00000000b10d8003, pmd=0000000000000000
[  194.347614] Internal error: Oops: 96000006 [#1] PREEMPT SMP
[  194.349974] Modules linked in:
[  194.358400] CPU: 5 PID: 495 Comm: python3 Not tainted 5.4.18 #2
[  194.360231] Hardware name: linux,dummy-virt (DT)
[  194.361098] pstate: 60000005 (nZCv daif -PAN -UAO)
[  194.365111] pc : __ip_local_out+0x30/0x158
[  194.365929] lr : ip_local_out+0x20/0x58
[  194.366630] sp : ffff800011fa3a40
[  194.367531] x29: ffff800011fa3a40 x28: 000000000000001a 
[  194.370015] x27: ffff800011fa3d80 x26: 0000000000000011 
[  194.370901] x25: 0000000000000012 x24: ffff00007a4bde24 
[  194.372742] x23: ffff800011fa3c30 x22: ffff800011963ac0 
[  194.373610] x21: ffff00007a4a3a00 x20: ffff0000794a2200 
[  194.374424] x19: ffff00007abae200 x18: 0000000000000000 
[  194.377826] x17: 0000000000000000 x16: 0000000000000000 
[  194.379723] x15: 0000000000000001 x14: 0000000000000000 
[  194.380607] x13: 0000000000000006 x12: 00000000c0a80164 
[  194.381422] x11: 0000000000000000 x10: 0000000000000068 
[  194.383503] x9 : ffff00007abae200 x8 : ffff800011fa3c30 
[  194.384131] x7 : 00000000b1b00000 x6 : 000000000000f6b2 
[  194.384685] x5 : 0000000000000024 x4 : 0000000000000000 
[  194.385341] x3 : 0000000000000000 x2 : ffff00007a4a3a00 
[  194.385859] x1 : ffff0000794a2200 x0 : ffff800011963ac0 
[  194.387117] Call trace:
[  194.389480]  __ip_local_out+0x30/0x158
[  194.389704]  ip_local_out+0x20/0x58
[  194.389871]  ip_send_skb+0x1c/0xa8
[  194.390036]  udp_send_skb.isra.0+0x11c/0x368
[  194.390221]  udp_sendmsg+0x710/0x860
[  194.390359]  inet_sendmsg+0x40/0x68
[  194.390638]  __sys_sendto+0xd4/0x150
[  194.391832]  __arm64_sys_sendto+0x24/0x30
[  194.392449]  el0_svc_common.constprop.0+0x68/0x160
[  194.393170]  el0_svc_handler+0x20/0x80
[  194.393987]  el0_svc+0x8/0xc
[  194.398359] Code: a90363f7 f9423a63 f9003fe3 d2800003 (79415860) 
[  194.404985] ---[ end trace 6455cfce6236b8bc ]---
