[  194.765269] Unable to handle kernel paging request at virtual address 000000000000141a
[  194.775552] Mem abort info:
[  194.781222]   ESR = 0x96000006
[  194.788199]   EC = 0x25: DABT (current EL), IL = 32 bits
[  194.789852]   SET = 0, FnV = 0
[  194.796215]   EA = 0, S1PTW = 0
[  194.798880] Data abort info:
[  194.802687]   ISV = 0, ISS = 0x00000006
[  194.807396]   CM = 0, WnR = 0
[  194.813949] user pgtable: 4k pages, 48-bit VAs, pgdp=00000000b6c93000
[  194.815332] [000000000000141a] pgd=00000000b0a44003, pud=00000000b96b7003, pmd=0000000000000000
[  194.819804] Internal error: Oops: 96000006 [#1] PREEMPT SMP
[  194.822085] Modules linked in:
[  194.823391] CPU: 6 PID: 492 Comm: python3 Not tainted 5.4.18 #2
[  194.823926] Hardware name: linux,dummy-virt (DT)
[  194.824644] pstate: 60000005 (nZCv daif -PAN -UAO)
[  194.824900] pc : __ip_local_out+0x38/0x158
[  194.825058] lr : ip_local_out+0x20/0x58
[  194.825217] sp : ffff80001212ba40
[  194.825497] x29: ffff80001212ba40 x28: 000000000000001a 
[  194.825875] x27: ffff80001212bd80 x26: 0000000000000011 
[  194.826223] x25: 0000000000000012 x24: ffff000072a68024 
[  194.829861] x23: ffff80001212bc30 x22: ffff800011963ac0 
[  194.831775] x21: ffff000072b1a700 x20: ffff00007943a200 
[  194.840663] x19: ffff000075fe4600 x18: 0000000000000000 
[  194.843446] x17: 0000000000000000 x16: 0000000000000000 
[  194.844755] x15: 0000000000000001 x14: 0000000000000000 
[  194.845529] x13: 0000000000000006 x12: 00000000c0a80164 
[  194.846488] x11: 0000000000000000 x10: 0000000000000068 
[  194.848266] x9 : ffff000075fe4600 x8 : ffff80001212bc30 
[  194.853100] x7 : 000000006a600000 x6 : 00000000000013aa 
[  194.854471] x5 : 0000000000000024 x4 : 0000000000000000 
[  194.855231] x3 : ffff000072a68000 x2 : ffff000072b1a700 
[  194.856634] x1 : ffff00007943a200 x0 : 0000000000000010 
[  194.858487] Call trace:
[  194.859691]  __ip_local_out+0x38/0x158
[  194.862110]  ip_local_out+0x20/0x58
[  194.863624]  ip_send_skb+0x1c/0xa8
[  194.865513]  udp_send_skb.isra.0+0x11c/0x368
[  194.867133]  udp_sendmsg+0x710/0x860
[  194.868144]  inet_sendmsg+0x40/0x68
[  194.868274]  __sys_sendto+0xd4/0x150
[  194.868925]  __arm64_sys_sendto+0x24/0x30
[  194.869075]  el0_svc_common.constprop.0+0x68/0x160
[  194.869224]  el0_svc_handler+0x20/0x80
[  194.869349]  el0_svc+0x8/0xc
[  194.870601] Code: f9003fe3 d2800003 79415840 f9405ea3 (b94070c2) 
[  194.871791] ---[ end trace a1082d9e4a1828d7 ]---
