[  198.050214] Unable to handle kernel paging request at virtual address ffff000080000000
[  198.061042] Mem abort info:
[  198.068798]   ESR = 0x96000005
[  198.070306]   EC = 0x25: DABT (current EL), IL = 32 bits
[  198.071439]   SET = 0, FnV = 0
[  198.075944]   EA = 0, S1PTW = 0
[  198.077263] Data abort info:
[  198.078189]   ISV = 0, ISS = 0x00000005
[  198.081032]   CM = 0, WnR = 0
[  198.081889] swapper pgtable: 4k pages, 48-bit VAs, pgdp=00000000412a6000
[  198.082916] [ffff000080000000] pgd=00000000bdff8003, pud=0000000000000000
[  198.106807] Internal error: Oops: 96000005 [#1] PREEMPT SMP
[  198.108400] Modules linked in:
[  198.115355] CPU: 6 PID: 493 Comm: python3 Not tainted 5.4.18 #2
[  198.122700] Hardware name: linux,dummy-virt (DT)
[  198.127763] pstate: 80000005 (Nzcv daif -PAN -UAO)
[  198.135433] pc : __ip_local_out+0x80/0x158
[  198.137174] lr : ip_local_out+0x20/0x58
[  198.138652] sp : ffff800011d43a40
[  198.139332] x29: ffff800011d43a40 x28: 000000000000001a 
[  198.140930] x27: ffff800011d43d80 x26: 0000000000000011 
[  198.142111] x25: 0000000000000012 x24: ffff000070e74224 
[  198.143367] x23: ffff800011d43c30 x22: ffff800011963ac0 
[  198.145858] x21: ffff000078122d00 x20: ffff00007b2c2640 
[  198.146763] x19: ffff00007abd8000 x18: 0000000000000000 
[  198.149061] x17: 0000000000000000 x16: 0000000000000000 
[  198.149945] x15: 0000000000000001 x14: 0000000000000000 
[  198.150778] x13: 0000000000000006 x12: 00000000c0a80164 
[  198.152584] x11: 0000000000000000 x10: 0000000000000068 
[  198.156795] x9 : ffff00007abd8000 x8 : ffff800011d43c30 
[  198.159024] x7 : 00000000a0600000 x6 : 00000000000085bc 
[  198.160118] x5 : ffff000080000000 x4 : ffff000070e74224 
[  198.162322] x3 : 6ef61ac040b11fa6 x2 : 6e42681a2e001185 
[  198.163678] x1 : ffff000070e74210 x0 : 0000000000000000 
[  198.167707] Call trace:
[  198.169958]  __ip_local_out+0x80/0x158
[  198.170572]  ip_local_out+0x20/0x58
[  198.171729]  ip_send_skb+0x1c/0xa8
[  198.173080]  udp_send_skb.isra.0+0x11c/0x368
[  198.174151]  udp_sendmsg+0x710/0x860
[  198.174911]  inet_sendmsg+0x40/0x68
[  198.175300]  __sys_sendto+0xd4/0x150
[  198.177508]  __arm64_sys_sendto+0x24/0x30
[  198.181198]  el0_svc_common.constprop.0+0x68/0x160
[  198.187714]  el0_svc_handler+0x20/0x80
[  198.191759]  el0_svc+0x8/0xc
[  198.198612] Code: ab000062 8b040824 9a000063 d503201f (b84044a0) 
[  198.213561] ---[ end trace 2578d82db8c62e92 ]---
