[  204.051008] kernel BUG at arch/arm64/kernel/traps.c:405!
[  204.052167] Internal error: Oops - BUG: 0 [#1] PREEMPT SMP
[  204.052997] Modules linked in:
[  204.054082] CPU: 7 PID: 498 Comm: python3 Not tainted 5.4.18 #2
[  204.054548] Hardware name: linux,dummy-virt (DT)
[  204.055423] pstate: 00000005 (nzcv daif -PAN -UAO)
[  204.055920] pc : do_undefinstr+0x2ec/0x310
[  204.056236] lr : do_undefinstr+0x1e0/0x310
[  204.056589] sp : ffff800011fbb8a0
[  204.056867] x29: ffff800011fbb8a0 x28: ffff000079669c00 
[  204.057335] x27: ffff800011fbbd80 x26: 0000000000000011 
[  204.057702] x25: 0000000000000012 x24: 0000000000000000 
[  204.059210] x23: 0000000000000005 x22: ffff800010b787a8 
[  204.059983] x21: ffff800011fbba40 x20: ffff000079669c00 
[  204.061406] x19: ffff800011fbb900 x18: 0000000000000000 
[  204.062056] x17: 0000000000000000 x16: 0000000000000000 
[  204.062575] x15: 0000000000000001 x14: 0000000000000000 
[  204.063149] x13: 0000000000000006 x12: 00000000c0a80164 
[  204.063646] x11: 0000000000000000 x10: 0000000000000068 
[  204.064104] x9 : ffff000079669c00 x8 : ffff800011fbbc30 
[  204.064559] x7 : 00000000e1c00000 x6 : ffff800011fbb8f8 
[  204.065847] x5 : 00000000d5300000 x4 : ffff8000117c51f0 
[  204.067604] x3 : 000000009a000000 x2 : 0000000000000000 
[  204.068650] x1 : ffff000079669c00 x0 : 0000000000000005 
[  204.070751] Call trace:
[  204.071695]  do_undefinstr+0x2ec/0x310
[  204.072929]  el1_undef+0x10/0x84
[  204.074065]  __ip_local_out+0x78/0x158
[  204.074696]  ip_local_out+0x20/0x58
[  204.075237]  ip_send_skb+0x1c/0xa8
[  204.076508]  udp_send_skb.isra.0+0x11c/0x368
[  204.078400]  udp_sendmsg+0x710/0x860
[  204.079167]  inet_sendmsg+0x40/0x68
[  204.079860]  __sys_sendto+0xd4/0x150
[  204.080417]  __arm64_sys_sendto+0x24/0x30
[  204.081038]  el0_svc_common.constprop.0+0x68/0x160
[  204.081835]  el0_svc_handler+0x20/0x80
[  204.082419]  el0_svc+0x8/0xc
[  204.084566] Code: f9401bf7 17ffff7c a9025bf5 f9001bf7 (d4210000) 
[  204.090222] ---[ end trace 99720e500b78e4c8 ]---
[  204.094134] note: python3[498] exited with preempt_count 1
[  204.172903] ------------[ cut here ]------------
[  204.175351] WARNING: CPU: 7 PID: 0 at kernel/rcu/tree.c:569 rcu_idle_enter+0x74/0x80
[  204.176525] Modules linked in:
[  204.180377] CPU: 7 PID: 0 Comm: swapper/7 Tainted: G      D           5.4.18 #2
[  204.184900] Hardware name: linux,dummy-virt (DT)
[  204.186058] pstate: 200003c5 (nzCv DAIF -PAN -UAO)
[  204.186598] pc : rcu_idle_enter+0x74/0x80
[  204.187151] lr : do_idle+0x200/0x288
[  204.187805] sp : ffff800011a7bf20
[  204.189970] x29: ffff800011a7bf20 x28: 0000000000000000 
[  204.191894] x27: 0000000000000000 x26: 0000000000000000 
[  204.194211] x25: 0000000000000000 x24: ffff8000117ba214 
[  204.197882] x23: ffff00007b0c7000 x22: ffff800011404ab8 
[  204.201492] x21: ffff8000117ba1f0 x20: 0000000000000007 
[  204.202158] x19: ffff8000117ba118 x18: 0000000000000010 
[  204.202621] x17: 0000000000000000 x16: 0000000000000000 
[  204.203897] x15: 0000000000000000 x14: 0000000000000000 
[  204.204354] x13: 0000000000000001 x12: 0000000000000000 
[  204.204735] x11: 0000000000000400 x10: 00000000000009c0 
[  204.207250] x9 : ffff800011a7be90 x8 : ffff00007b0c7a20 
[  204.210204] x7 : 0000000000000007 x6 : 0000059ed0eac455 
[  204.212406] x5 : 00ffffffffffffff x4 : ffff80006c7db000 
[  204.213330] x3 : 4000000000000002 x2 : 4000000000000000 
[  204.215575] x1 : ffff800011406980 x0 : ffff00007dbe1980 
[  204.216961] Call trace:
[  204.217790]  rcu_idle_enter+0x74/0x80
[  204.219523]  do_idle+0x200/0x288
[  204.220499]  cpu_startup_entry+0x20/0x40
[  204.220885]  secondary_start_kernel+0x154/0x190
[  204.221320] ---[ end trace 99720e500b78e4c9 ]---
