[  193.198530] Unable to handle kernel paging request at virtual address 0011000000000000
[  193.204508] Mem abort info:
[  193.204991]   ESR = 0x86000004
[  193.205429]   EC = 0x21: IABT (current EL), IL = 32 bits
[  193.206062]   SET = 0, FnV = 0
[  193.206941]   EA = 0, S1PTW = 0
[  193.211666] [0011000000000000] address between user and kernel address ranges
[  193.214257] Internal error: Oops: 86000004 [#1] PREEMPT SMP
[  193.217323] Modules linked in:
[  193.229584] CPU: 6 PID: 491 Comm: python3 Not tainted 5.4.18 #2
[  193.229885] Hardware name: linux,dummy-virt (DT)
[  193.232389] pstate: 60000005 (nZCv daif -PAN -UAO)
[  193.233700] pc : 0x11000000000000
[  193.233949] lr : 0x11000000000000
[  193.234200] sp : ffff800011f93a40
[  193.234445] x29: 0000000100000002 x28: 000000000000001a 
[  193.235836] x27: ffff800011f93d80 x26: 0000000000000011 
[  193.236628] x25: 0000000000000012 x24: ffff000079708a24 
[  193.237158] x23: ffff800011f93cb0 x22: ffff00007b3c5d80 
[  193.237569] x21: ffff00007b3c5d80 x20: ffff800011963ac0 
[  193.237955] x19: ffff000078367900 x18: 0000000000000000 
[  193.238810] x17: 0000000000000000 x16: 0000000000000000 
[  193.244932] x15: 0000000000000001 x14: 0000000000000000 
[  193.245775] x13: 0000000000000006 x12: 00000000c0a80164 
[  193.246380] x11: 0000000000000000 x10: 0000000000000068 
[  193.249295] x9 : ffff000078186200 x8 : ffff800011f93c30 
[  193.250168] x7 : 0000000028000000 x6 : 000000000000af99 
[  193.251844] x5 : ffff000079708a24 x4 : ffff000079708a24 
[  193.260127] x3 : 00000000ffff6ef9 x2 : 0000000090c30043 
[  193.262272] x1 : 0000000000000000 x0 : 0000000000000001 
[  193.264942] Call trace:
[  193.265298]  0x11000000000000
[  193.266157] Code: bad PC value
[  193.268374] ---[ end trace ccbe8934c46c410a ]---
