[  198.400522] kernel BUG at arch/arm64/kernel/traps.c:405!
[  198.402837] Internal error: Oops - BUG: 0 [#1] PREEMPT SMP
[  198.404336] Modules linked in:
[  198.406019] CPU: 2 PID: 498 Comm: python3 Not tainted 5.4.18 #2
[  198.406509] Hardware name: linux,dummy-virt (DT)
[  198.407444] pstate: 00000005 (nzcv daif -PAN -UAO)
[  198.407999] pc : do_undefinstr+0x2ec/0x310
[  198.408334] lr : do_undefinstr+0x1e0/0x310
[  198.408702] sp : ffff8000120f38a0
[  198.409010] x29: ffff8000120f38a0 x28: ffff0000794d0000 
[  198.409506] x27: ffff8000120f3d80 x26: 0000000000000011 
[  198.409882] x25: 0000000000000012 x24: 0000000000000000 
[  198.410254] x23: 0000000000000005 x22: ffff800010b787a8 
[  198.410652] x21: ffff8000120f3a40 x20: ffff0000794d0000 
[  198.411026] x19: ffff8000120f3900 x18: 0000000000000000 
[  198.411398] x17: 0000000000000000 x16: 0000000000000000 
[  198.411762] x15: 0000000000000001 x14: 0000000000000000 
[  198.412120] x13: 0000000000000006 x12: 00000000c0a80164 
[  198.412511] x11: 0000000000000000 x10: 0000000000000068 
[  198.412884] x9 : ffff0000794d0000 x8 : ffff8000120f3c30 
[  198.413242] x7 : 00000000ac200000 x6 : ffff8000120f38f8 
[  198.413601] x5 : 00000000d5300000 x4 : ffff8000117c51f0 
[  198.414537] x3 : 000000009e000000 x2 : 0000000000000000 
[  198.414869] x1 : ffff0000794d0000 x0 : 0000000000000005 
[  198.415522] Call trace:
[  198.415915]  do_undefinstr+0x2ec/0x310
[  198.416250]  el1_undef+0x10/0x84
[  198.416466]  __ip_local_out+0x78/0x158
[  198.416934]  ip_local_out+0x20/0x58
[  198.417181]  ip_send_skb+0x1c/0xa8
[  198.417478]  udp_send_skb.isra.0+0x11c/0x368
[  198.418569]  udp_sendmsg+0x710/0x860
[  198.418794]  inet_sendmsg+0x40/0x68
[  198.419007]  __sys_sendto+0xd4/0x150
[  198.419216]  __arm64_sys_sendto+0x24/0x30
[  198.419449]  el0_svc_common.constprop.0+0x68/0x160
[  198.419708]  el0_svc_handler+0x20/0x80
[  198.419928]  el0_svc+0x8/0xc
[  198.420682] Code: f9401bf7 17ffff7c a9025bf5 f9001bf7 (d4210000) 
[  198.422408] ---[ end trace aea46b49a3bb38e4 ]---
[  198.423256] note: python3[498] exited with preempt_count 1
[  198.487766] ------------[ cut here ]------------
[  198.490973] WARNING: CPU: 2 PID: 0 at kernel/rcu/tree.c:569 rcu_idle_enter+0x74/0x80
[  198.496326] Modules linked in:
[  198.497145] CPU: 2 PID: 0 Comm: swapper/2 Tainted: G      D           5.4.18 #2
[  198.498555] Hardware name: linux,dummy-virt (DT)
[  198.499753] pstate: 200003c5 (nzCv DAIF -PAN -UAO)
[  198.499928] pc : rcu_idle_enter+0x74/0x80
[  198.501141] lr : do_idle+0x200/0x288
[  198.503976] sp : ffff800011a53f20
[  198.505414] x29: ffff800011a53f20 x28: 0000000000000000 
[  198.506518] x27: 0000000000000000 x26: 0000000000000000 
[  198.508781] x25: 0000000000000000 x24: ffff8000117ba214 
[  198.513803] x23: ffff00007b0c2a00 x22: ffff800011404ab8 
[  198.515826] x21: ffff8000117ba1f0 x20: 0000000000000002 
[  198.516254] x19: ffff8000117ba118 x18: 0000000000000010 
[  198.516632] x17: 0000000000000000 x16: 0000000000000000 
[  198.517714] x15: 0000000000000000 x14: 0000000000000000 
[  198.519297] x13: 0000000000000002 x12: 0000000000000000 
[  198.520344] x11: 0000000000000000 x10: 00000000000009c0 
[  198.522492] x9 : ffff800011a53e90 x8 : ffff00007b0c3420 
[  198.528675] x7 : 00000000000003ec x6 : 000005b6804664d6 
[  198.531535] x5 : 00ffffffffffffff x4 : ffff80006c76d000 
[  198.533171] x3 : 4000000000000002 x2 : 4000000000000000 
[  198.536151] x1 : ffff800011406980 x0 : ffff00007db73980 
[  198.536744] Call trace:
[  198.537006]  rcu_idle_enter+0x74/0x80
[  198.539349]  do_idle+0x200/0x288
[  198.541501]  cpu_startup_entry+0x20/0x40
[  198.542135]  secondary_start_kernel+0x154/0x190
[  198.542870] ---[ end trace aea46b49a3bb38e5 ]---
