[  197.992402] Unable to handle kernel NULL pointer dereference at virtual address 0000000000000000
[  198.010210] Mem abort info:
[  198.011179]   ESR = 0x96000006
[  198.012086]   EC = 0x25: DABT (current EL), IL = 32 bits
[  198.013361]   SET = 0, FnV = 0
[  198.014052]   EA = 0, S1PTW = 0
[  198.016688] Data abort info:
[  198.018190]   ISV = 0, ISS = 0x00000006
[  198.019231]   CM = 0, WnR = 0
[  198.023710] user pgtable: 4k pages, 48-bit VAs, pgdp=00000000b5d87000
[  198.029961] [0000000000000000] pgd=00000000b5ef0003, pud=00000000b5ee5003, pmd=0000000000000000
[  198.050778] Internal error: Oops: 96000006 [#1] PREEMPT SMP
[  198.062446] Modules linked in:
[  198.063979] CPU: 0 PID: 494 Comm: python3 Not tainted 5.4.18 #2
[  198.068071] Hardware name: linux,dummy-virt (DT)
[  198.072560] pstate: 60000005 (nZCv daif -PAN -UAO)
[  198.083787] pc : __ip_local_out+0xc0/0x158
[  198.085569] lr : ip_local_out+0x20/0x58
[  198.086405] sp : ffff800011fa3a40
[  198.087365] x29: ffff800011fa3a40 x28: 000000000000001a 
[  198.090053] x27: ffff800011fa3d80 x26: 0000000000000011 
[  198.092347] x25: 0000000000000012 x24: ffff000076e4b824 
[  198.094996] x23: ffff800011fa3c30 x22: ffff800011963ac0 
[  198.100157] x21: ffff000076e57b00 x20: ffff00007b2672c0 
[  198.103910] x19: ffff00007abf1c00 x18: 0000000000000000 
[  198.106667] x17: 0000000000000000 x16: 0000000000000000 
[  198.110885] x15: 0000000000000001 x14: 0000000000000000 
[  198.114164] x13: 0000000000000006 x12: 00000000c0a80164 
[  198.121493] x11: 0000000000000000 x10: 0000000000000068 
[  198.123502] x9 : ffff00007abf1c00 x8 : ffff800011fa3c30 
[  198.131225] x7 : 00000000f4000000 x6 : 0000000000007dcd 
[  198.135896] x5 : ffff000076e4b824 x4 : ffff000076e4b824 
[  198.138607] x3 : 00000000ffff81bb x2 : 000000007e010043 
[  198.140616] x1 : 0000000000000008 x0 : ffff00007ab06180 
[  198.142654] Call trace:
[  198.143002]  __ip_local_out+0xc0/0x158
[  198.143291]  ip_local_out+0x20/0x58
[  198.143495]  ip_send_skb+0x1c/0xa8
[  198.143696]  udp_send_skb.isra.0+0x11c/0x368
[  198.145279]  udp_sendmsg+0x710/0x860
[  198.146535]  inet_sendmsg+0x40/0x68
[  198.147150]  __sys_sendto+0xd4/0x150
[  198.147730]  __arm64_sys_sendto+0x24/0x30
[  198.148481]  el0_svc_common.constprop.0+0x68/0x160
[  198.149197]  el0_svc_handler+0x20/0x80
[  198.151475]  el0_svc+0x8/0xc
[  198.155922] Code: f9402ea0 52800101 790152a1 927ff800 (f9400218) 
[  198.169469] ---[ end trace 7a8ad2c76cbc0a7e ]---
