[  194.771154] Unable to handle kernel NULL pointer dereference at virtual address 000000000000005d
[  194.790938] Mem abort info:
[  194.793980]   ESR = 0x96000006
[  194.797029]   EC = 0x25: DABT (current EL), IL = 32 bits
[  194.803180]   SET = 0, FnV = 0
[  194.803873]   EA = 0, S1PTW = 0
[  194.806851] Data abort info:
[  194.814442]   ISV = 0, ISS = 0x00000006
[  194.815171]   CM = 0, WnR = 0
[  194.829215] user pgtable: 4k pages, 48-bit VAs, pgdp=00000000b0cb0000
[  194.838538] [000000000000005d] pgd=00000000b6f9b003, pud=00000000b180c003, pmd=0000000000000000
[  194.857750] Internal error: Oops: 96000006 [#1] PREEMPT SMP
[  194.862656] Modules linked in:
[  194.871405] CPU: 6 PID: 495 Comm: python3 Not tainted 5.4.18 #2
[  194.872768] Hardware name: linux,dummy-virt (DT)
[  194.874311] pstate: 60000005 (nZCv daif -PAN -UAO)
[  194.880667] pc : ip_local_out+0x28/0x58
[  194.881506] lr : ip_local_out+0x20/0x58
[  194.882401] sp : ffff800011f13ac0
[  194.883277] x29: ffff800011f13ac0 x28: 000000000000001a 
[  194.886465] x27: ffff800011f13d80 x26: 0000000000000011 
[  194.887362] x25: 0000000000000012 x24: ffff000076dde824 
[  194.888801] x23: ffff800011f13c30 x22: ffff00007abb5500 
[  194.889673] x21: ffff00007abb5500 x20: 0000000000000000 
[  194.890578] x19: 0000000000000005 x18: 0000000000000000 
[  194.891462] x17: 0000000000000000 x16: 0000000000000000 
[  194.896321] x15: 0000000000000001 x14: 0000000000000000 
[  194.897648] x13: 0000000000000006 x12: 00000000c0a80164 
[  194.898670] x11: 0000000000000000 x10: 0000000000000068 
[  194.903047] x9 : ffff000075c37000 x8 : ffff800011f13c30 
[  194.903579] x7 : 000000007bf00000 x6 : 0000000000003ecf 
[  194.905214] x5 : ffff000076dde824 x4 : ffff000076dde824 
[  194.905754] x3 : 00000000ffff65f4 x2 : 0000000099c80043 
[  194.906259] x1 : 0000000000000000 x0 : 0000000000000001 
[  194.908127] Call trace:
[  194.909828]  ip_local_out+0x28/0x58
[  194.911016]  ip_send_skb+0x1c/0xa8
[  194.911399]  udp_send_skb.isra.0+0x11c/0x368
[  194.912374]  udp_sendmsg+0x710/0x860
[  194.913264]  inet_sendmsg+0x40/0x68
[  194.913819]  __sys_sendto+0xd4/0x150
[  194.914243]  __arm64_sys_sendto+0x24/0x30
[  194.914919]  el0_svc_common.constprop.0+0x68/0x160
[  194.918403]  el0_svc_handler+0x20/0x80
[  194.919128]  el0_svc+0x8/0xc
[  194.930750] Code: aa0103f5 97ffffa3 7100041f 54000101 (f9402e63) 
[  194.943239] ---[ end trace 6f5a3ba17a8ed567 ]---
