[  192.254919] kernel BUG at arch/arm64/kernel/traps.c:405!
[  192.261646] Internal error: Oops - BUG: 0 [#1] PREEMPT SMP
[  192.263765] Modules linked in:
[  192.267847] CPU: 1 PID: 493 Comm: python3 Not tainted 5.4.18 #2
[  192.268629] Hardware name: linux,dummy-virt (DT)
[  192.270395] pstate: 00000005 (nzcv daif -PAN -UAO)
[  192.277124] pc : do_undefinstr+0x2ec/0x310
[  192.277464] lr : do_undefinstr+0x1e0/0x310
[  192.277755] sp : ffff800011da38a0
[  192.278000] x29: ffff800011da38a0 x28: ffff0000794fc600 
[  192.278918] x27: ffff800011da3d80 x26: 0000000000000011 
[  192.279622] x25: 0000000000000012 x24: 0000000000000000 
[  192.280323] x23: 0000000060000005 x22: ffff800010b787bc 
[  192.281076] x21: ffff800011da3a40 x20: ffff0000794fc600 
[  192.281948] x19: ffff800011da3900 x18: 0000000000000000 
[  192.282735] x17: 0000000000000000 x16: 0000000000000000 
[  192.283245] x15: 0000000000000001 x14: 0000000000000000 
[  192.283523] x13: 0000000000000006 x12: 00000000c0a80164 
[  192.283898] x11: 0000000000000000 x10: 0000000000000068 
[  192.284834] x9 : ffff0000794fc600 x8 : ffff800011da3c30 
[  192.285903] x7 : 00000000ac100000 x6 : ffff800011da38f8 
[  192.286538] x5 : 00000000d5300000 x4 : ffff8000117c51f0 
[  192.287578] x3 : 0000000054f00000 x2 : 0000000000000000 
[  192.288527] x1 : ffff0000794fc600 x0 : 0000000060000005 
[  192.294049] Call trace:
[  192.294992]  do_undefinstr+0x2ec/0x310
[  192.296075]  el1_undef+0x10/0x84
[  192.296726]  __ip_local_out+0x8c/0x158
[  192.297418]  ip_local_out+0x20/0x58
[  192.298058]  ip_send_skb+0x1c/0xa8
[  192.299059]  udp_send_skb.isra.0+0x11c/0x368
[  192.299999]  udp_sendmsg+0x710/0x860
[  192.300667]  inet_sendmsg+0x40/0x68
[  192.301324]  __sys_sendto+0xd4/0x150
[  192.303988]  __arm64_sys_sendto+0x24/0x30
[  192.306666]  el0_svc_common.constprop.0+0x68/0x160
[  192.307519]  el0_svc_handler+0x20/0x80
[  192.308177]  el0_svc+0x8/0xc
[  192.310350] Code: f9401bf7 17ffff7c a9025bf5 f9001bf7 (d4210000) 
[  192.314532] ---[ end trace 7443cafc48b97435 ]---
[  192.316719] note: python3[493] exited with preempt_count 1
[  192.437827] ------------[ cut here ]------------
[  192.439810] WARNING: CPU: 1 PID: 0 at kernel/rcu/tree.c:569 rcu_idle_enter+0x74/0x80
[  192.441665] Modules linked in:
[  192.444114] CPU: 1 PID: 0 Comm: swapper/1 Tainted: G      D           5.4.18 #2
[  192.446689] Hardware name: linux,dummy-virt (DT)
[  192.448332] pstate: 200003c5 (nzCv DAIF -PAN -UAO)
[  192.449558] pc : rcu_idle_enter+0x74/0x80
[  192.453064] lr : do_idle+0x200/0x288
[  192.455511] sp : ffff800011a4bf20
[  192.456136] x29: ffff800011a4bf20 x28: 0000000000000000 
[  192.457627] x27: 0000000000000000 x26: 0000000000000000 
[  192.460790] x25: 0000000000000000 x24: ffff8000117ba214 
[  192.463835] x23: ffff00007b0c1c00 x22: ffff800011404ab8 
[  192.464787] x21: ffff8000117ba1f0 x20: 0000000000000001 
[  192.467675] x19: ffff8000117ba118 x18: 0000000000000010 
[  192.468318] x17: 0000000000000000 x16: 0000000000000000 
[  192.470698] x15: 0000000000000000 x14: 0000000000000000 
[  192.471904] x13: 0000000000000002 x12: 0000000000000000 
[  192.473951] x11: 0000000000000000 x10: 00000000000009c0 
[  192.476244] x9 : ffff800011a4be90 x8 : ffff00007b0c2620 
[  192.479506] x7 : 00000000000003e8 x6 : 0000067d0cb92685 
[  192.480596] x5 : 00ffffffffffffff x4 : ffff80006c757000 
[  192.483172] x3 : 4000000000000002 x2 : 4000000000000000 
[  192.483923] x1 : ffff800011406980 x0 : ffff00007db5d980 
[  192.484848] Call trace:
[  192.487416]  rcu_idle_enter+0x74/0x80
[  192.489100]  do_idle+0x200/0x288
[  192.489526]  cpu_startup_entry+0x20/0x40
[  192.493178]  secondary_start_kernel+0x154/0x190
[  192.497899] ---[ end trace 7443cafc48b97436 ]---
