[  193.486269] Unable to handle kernel NULL pointer dereference at virtual address 0000000000000010
[  193.487755] Mem abort info:
[  193.488231]   ESR = 0x96000006
[  193.490366]   EC = 0x25: DABT (current EL), IL = 32 bits
[  193.491982]   SET = 0, FnV = 0
[  193.495750]   EA = 0, S1PTW = 0
[  193.496399] Data abort info:
[  193.498949]   ISV = 0, ISS = 0x00000006
[  193.499423]   CM = 0, WnR = 0
[  193.501826] user pgtable: 4k pages, 48-bit VAs, pgdp=00000000b0de2000
[  193.503265] [0000000000000010] pgd=00000000b0d20003, pud=00000000b2aa8003, pmd=0000000000000000
[  193.530123] Internal error: Oops: 96000006 [#1] PREEMPT SMP
[  193.543184] Modules linked in:
[  193.555336] CPU: 6 PID: 491 Comm: python3 Not tainted 5.4.18 #2
[  193.557970] Hardware name: linux,dummy-virt (DT)
[  193.564473] pstate: 60000005 (nZCv daif -PAN -UAO)
[  193.567147] pc : __ip_local_out+0x58/0x158
[  193.568770] lr : ip_local_out+0x20/0x58
[  193.570154] sp : ffff800011d93a40
[  193.570817] x29: ffff800011d93a40 x28: 000000000000001a 
[  193.571621] x27: ffff800011d93d80 x26: 0000000000000011 
[  193.572606] x25: 0000000000000012 x24: ffff00007831c424 
[  193.573568] x23: ffff800011d93c30 x22: ffff800011963ac0 
[  193.574133] x21: ffff00007a498d00 x20: ffff00007a425d80 
[  193.574804] x19: ffff00007942f000 x18: 0000000000000000 
[  193.576075] x17: 0000000000000000 x16: 0000000000000000 
[  193.578114] x15: 0000000000000001 x14: 0000000000000000 
[  193.579026] x13: 0000000000000006 x12: 00000000c0a80164 
[  193.583369] x11: 0000000000000000 x10: 0000000000000068 
[  193.585226] x9 : ffff00007942f000 x8 : ffff800011d93c30 
[  193.585720] x7 : 000000003a600000 x6 : 000000000000cf80 
[  193.586310] x5 : ffff00007831c420 x4 : 0000000000002e00 
[  193.590235] x3 : ffff00007831c400 x2 : 0000000000002e00 
[  193.592117] x1 : ffff00007831c410 x0 : 0000000000000010 
[  193.594677] Call trace:
[  193.599374]  __ip_local_out+0x58/0x158
[  193.603199]  ip_local_out+0x20/0x58
[  193.616957]  ip_send_skb+0x1c/0xa8
[  193.617449]  udp_send_skb.isra.0+0x11c/0x368
[  193.621917]  udp_sendmsg+0x710/0x860
[  193.630448]  inet_sendmsg+0x40/0x68
[  193.631967]  __sys_sendto+0xd4/0x150
[  193.634957]  __arm64_sys_sendto+0x24/0x30
[  193.638223]  el0_svc_common.constprop.0+0x68/0x160
[  193.640648]  el0_svc_handler+0x20/0x80
[  193.641330]  el0_svc+0x8/0xc
[  193.648529] Code: d3483c42 2a020082 79000422 7900143f (38606964) 
[  193.653303] ---[ end trace 85947b99abf828a8 ]---
