[  194.262736] Unable to handle kernel write to read-only memory at virtual address ffff800010b78920
[  194.277723] Mem abort info:
[  194.279396]   ESR = 0x9600004e
[  194.280683]   EC = 0x25: DABT (current EL), IL = 32 bits
[  194.281734]   SET = 0, FnV = 0
[  194.282010]   EA = 0, S1PTW = 0
[  194.282428] Data abort info:
[  194.283931]   ISV = 0, ISS = 0x0000004e
[  194.285253]   CM = 0, WnR = 1
[  194.288955] swapper pgtable: 4k pages, 48-bit VAs, pgdp=00000000412a6000
[  194.291954] [ffff800010b78920] pgd=00000000bdfff003, pud=00000000bdffe003, pmd=0040000040a00791
[  194.297154] Internal error: Oops: 9600004e [#1] PREEMPT SMP
[  194.298882] Modules linked in:
[  194.301150] CPU: 7 PID: 496 Comm: python3 Not tainted 5.4.18 #2
[  194.302084] Hardware name: linux,dummy-virt (DT)
[  194.304783] pstate: 60000005 (nZCv daif -PAN -UAO)
[  194.310882] pc : __ip_local_out+0x28/0x158
[  194.313647] lr : ip_local_out+0x20/0x58
[  194.314289] sp : ffff800011d83a40
[  194.314966] x29: ffff800011d83a40 x28: 000000000000001a 
[  194.316144] x27: ffff800011d83d80 x26: 0000000000000011 
[  194.317223] x25: 0000000000000012 x24: ffff0000780e1224 
[  194.317955] x23: ffff800011d83c30 x22: ffff800011963ac0 
[  194.318682] x21: ffff00007b200e00 x20: ffff00007813bb80 
[  194.321729] x19: ffff0000797faa00 x18: 0000000000000000 
[  194.322939] x17: 0000000000000000 x16: 0000000000000000 
[  194.323853] x15: 0000000000000001 x14: 0000000000000000 
[  194.325160] x13: 0000000000000006 x12: 00000000c0a80164 
[  194.325606] x11: 0000000000000000 x10: 0000000000000068 
[  194.330043] x9 : ffff0000797faa00 x8 : ffff800011d83c30 
[  194.332788] x7 : 00000000cfa00000 x6 : 0000000000008da5 
[  194.334296] x5 : 0000000000000024 x4 : 0000000000000000 
[  194.335711] x3 : 778a642a26a11100 x2 : ffff00007b200e00 
[  194.336367] x1 : ffff00007813bb80 x0 : ffff800011963ac0 
[  194.339447] Call trace:
[  194.340482]  __ip_local_out+0x28/0x158
[  194.345431]  ip_local_out+0x20/0x58
[  194.346174]  ip_send_skb+0x1c/0xa8
[  194.347564]  udp_send_skb.isra.0+0x11c/0x368
[  194.350552]  udp_sendmsg+0x710/0x860
[  194.351253]  inet_sendmsg+0x40/0x68
[  194.352356]  __sys_sendto+0xd4/0x150
[  194.353059]  __arm64_sys_sendto+0x24/0x30
[  194.356274]  el0_svc_common.constprop.0+0x68/0x160
[  194.358663]  el0_svc_handler+0x20/0x80
[  194.358875]  el0_svc+0x8/0xc
[  194.360274] Code: aa0203f5 aa0003f6 a90363f7 f9423a63 (f9003fc3) 
[  194.361412] ---[ end trace d881bce9bc278a70 ]---
