[  196.008175] Unable to handle kernel read from unreadable memory at virtual address ffff800011963ac0
[  196.009342] Mem abort info:
[  196.009648]   ESR = 0x8600000f
[  196.012831]   EC = 0x21: IABT (current EL), IL = 32 bits
[  196.017522]   SET = 0, FnV = 0
[  196.018196]   EA = 0, S1PTW = 0
[  196.020787] swapper pgtable: 4k pages, 48-bit VAs, pgdp=00000000412a6000
[  196.022364] [ffff800011963ac0] pgd=00000000bdfff003, pud=00000000bdffe003, pmd=00000000bdff9003, pte=0078000041963713
[  196.040436] Internal error: Oops: 8600000f [#1] PREEMPT SMP
[  196.040891] Modules linked in:
[  196.041782] CPU: 5 PID: 495 Comm: python3 Not tainted 5.4.18 #2
[  196.043531] Hardware name: linux,dummy-virt (DT)
[  196.044696] pstate: 60000005 (nZCv daif -PAN -UAO)
[  196.049342] pc : init_net+0x0/0xc00
[  196.051906] lr : init_net+0x0/0xc00
[  196.054890] sp : ffff800011d3baf8
[  196.059574] x29: ffff800010b79b64 x28: 000000000000001a 
[  196.061660] x27: ffff800011d3bd80 x26: 0000000000000011 
[  196.063730] x25: 0000000000000012 x24: ffff000076edae24 
[  196.064573] x23: ffff800011d3bc30 x22: ffff00007b3fcc80 
[  196.065268] x21: ffff800010ba9448 x20: 0000000000000011 
[  196.067655] x19: 000000000000001a x18: 0000000000000000 
[  196.069571] x17: 0000000000000000 x16: 0000000000000000 
[  196.070536] x15: 0000000000000001 x14: 0000000000000000 
[  196.070783] x13: 0000000000000006 x12: 000000000000003c 
[  196.071009] x11: ffff000078389000 x10: 0000000000000000 
[  196.071196] x9 : ffff00007a762940 x8 : 0000000000000028 
[  196.071381] x7 : ffff000079bd6000 x6 : 0000000022100000 
[  196.072054] x5 : 0000000000000000 x4 : ffff000079bd6000 
[  196.072472] x3 : 00000000000003e8 x2 : 0000000000000000 
[  196.072875] x1 : 0000000000000000 x0 : 0000000000000000 
[  196.074025] Call trace:
[  196.076188] Code: 00000000 00000000 00000000 00000000 (00000002) 
[  196.078661] ---[ end trace e07bb726ab7cd4ac ]---
