[  195.240774] Unable to handle kernel paging request at virtual address 0000007a909800b8
[  195.254392] Mem abort info:
[  195.255128]   ESR = 0x96000005
[  195.258134]   EC = 0x25: DABT (current EL), IL = 32 bits
[  195.259240]   SET = 0, FnV = 0
[  195.268092]   EA = 0, S1PTW = 0
[  195.268500] Data abort info:
[  195.268759]   ISV = 0, ISS = 0x00000005
[  195.269190]   CM = 0, WnR = 0
[  195.270016] user pgtable: 4k pages, 48-bit VAs, pgdp=00000000b0883000
[  195.270684] [0000007a909800b8] pgd=00000000b5c99003, pud=0000000000000000
[  195.280528] Internal error: Oops: 96000005 [#1] PREEMPT SMP
[  195.286479] Modules linked in:
[  195.289447] CPU: 7 PID: 492 Comm: python3 Not tainted 5.4.18 #2
[  195.299814] Hardware name: linux,dummy-virt (DT)
[  195.306584] pstate: 60000005 (nZCv daif -PAN -UAO)
[  195.316749] pc : __ip_local_out+0x34/0x158
[  195.318734] lr : ip_local_out+0x20/0x58
[  195.320101] sp : ffff800011fb3a40
[  195.321007] x29: ffff800011fb3a40 x28: 000000000000001a 
[  195.321714] x27: ffff800011fb3d80 x26: 0000000000000011 
[  195.322236] x25: 0000000000000012 x24: ffff000078334024 
[  195.323048] x23: ffff800011fb3c30 x22: ffff800011963ac0 
[  195.324218] x21: ff00007a90980000 x20: ffff00007aa74400 
[  195.325951] x19: ffff00007a9a3800 x18: 0000000000000000 
[  195.331924] x17: 0000000000000000 x16: 0000000000000000 
[  195.333705] x15: 0000000000000001 x14: 0000000000000000 
[  195.334665] x13: 0000000000000006 x12: 00000000c0a80164 
[  195.337298] x11: 0000000000000000 x10: 0000000000000068 
[  195.339555] x9 : ffff00007a9a3800 x8 : ffff800011fb3c30 
[  195.344925] x7 : 0000000045a00000 x6 : 000000000000838d 
[  195.346193] x5 : 0000000000000024 x4 : 0000000000000000 
[  195.347221] x3 : 0000000000000000 x2 : ffff00007a909800 
[  195.349826] x1 : ffff00007aa74400 x0 : 0000000000000010 
[  195.350912] Call trace:
[  195.352435]  __ip_local_out+0x34/0x158
[  195.352931]  ip_local_out+0x20/0x58
[  195.353257]  ip_send_skb+0x1c/0xa8
[  195.353448]  udp_send_skb.isra.0+0x11c/0x368
[  195.353745]  udp_sendmsg+0x710/0x860
[  195.353985]  inet_sendmsg+0x40/0x68
[  195.354206]  __sys_sendto+0xd4/0x150
[  195.354372]  __arm64_sys_sendto+0x24/0x30
[  195.354520]  el0_svc_common.constprop.0+0x68/0x160
[  195.354732]  el0_svc_handler+0x20/0x80
[  195.354870]  el0_svc+0x8/0xc
[  195.357086] Code: f9423a63 f9003fe3 d2800003 79415840 (f9405ea3) 
[  195.365134] ---[ end trace 38cc3d13e633b560 ]---
wenbao@localhost:~$ 