[  193.101102] kernel BUG at arch/arm64/kernel/traps.c:405!
[  193.103548] Internal error: Oops - BUG: 0 [#1] PREEMPT SMP
[  193.105627] Modules linked in:
[  193.111517] CPU: 5 PID: 493 Comm: python3 Not tainted 5.4.18 #2
[  193.114878] Hardware name: linux,dummy-virt (DT)
[  193.117264] pstate: 00000005 (nzcv daif -PAN -UAO)
[  193.123077] pc : do_undefinstr+0x2ec/0x310
[  193.123887] lr : do_undefinstr+0x1e0/0x310
[  193.124755] sp : ffff8000120038a0
[  193.126033] x29: ffff8000120038a0 x28: ffff00007a936200 
[  193.129645] x27: ffff800012003d80 x26: 0000000000000011 
[  193.130488] x25: 0000000000000012 x24: 0000000000000000 
[  193.131775] x23: 0000000060000005 x22: ffff800010b787a0 
[  193.132724] x21: ffff800012003a40 x20: ffff00007a936200 
[  193.133676] x19: ffff800012003900 x18: 0000000000000000 
[  193.134556] x17: 0000000000000000 x16: 0000000000000000 
[  193.135512] x15: 0000000000000001 x14: 0000000000000000 
[  193.136385] x13: 0000000000000006 x12: 00000000c0a80164 
[  193.137473] x11: 0000000000000000 x10: 0000000000000068 
[  193.138282] x9 : ffff00007a936200 x8 : ffff800012003c30 
[  193.139084] x7 : 0000000020600000 x6 : ffff8000120038f8 
[  193.140180] x5 : 00000000d5300000 x4 : ffff8000117c51f0 
[  193.141928] x3 : 00000000a3000000 x2 : 0000000000000000 
[  193.144490] x1 : ffff00007a936200 x0 : 0000000060000005 
[  193.148037] Call trace:
[  193.148952]  do_undefinstr+0x2ec/0x310
[  193.149735]  el1_undef+0x10/0x84
[  193.150322]  __ip_local_out+0x70/0x158
[  193.150966]  ip_local_out+0x20/0x58
[  193.151637]  ip_send_skb+0x1c/0xa8
[  193.152463]  udp_send_skb.isra.0+0x11c/0x368
[  193.153212]  udp_sendmsg+0x710/0x860
[  193.153822]  inet_sendmsg+0x40/0x68
[  193.154475]  __sys_sendto+0xd4/0x150
[  193.155057]  __arm64_sys_sendto+0x24/0x30
[  193.155699]  el0_svc_common.constprop.0+0x68/0x160
[  193.157668]  el0_svc_handler+0x20/0x80
[  193.160838]  el0_svc+0x8/0xc
[  193.162855] Code: f9401bf7 17ffff7c a9025bf5 f9001bf7 (d4210000) 
[  193.169708] ---[ end trace 4cfdab120ffe6706 ]---
[  193.172297] note: python3[493] exited with preempt_count 1
[  193.295655] ------------[ cut here ]------------
[  193.306711] WARNING: CPU: 5 PID: 0 at kernel/rcu/tree.c:569 rcu_idle_enter+0x74/0x80
[  193.318950] Modules linked in:
[  193.323614] CPU: 5 PID: 0 Comm: swapper/5 Tainted: G      D           5.4.18 #2
[  193.324624] Hardware name: linux,dummy-virt (DT)
[  193.328067] pstate: 20000085 (nzCv daIf -PAN -UAO)
[  193.334737] pc : rcu_idle_enter+0x74/0x80
[  193.336780] lr : do_idle+0x200/0x288
[  193.339365] sp : ffff800011a6bf20
[  193.340085] x29: ffff800011a6bf20 x28: 0000000000000000 
[  193.345700] x27: 0000000000000000 x26: 0000000000000000 
[  193.348923] x25: 0000000000000000 x24: ffff8000117ba214 
[  193.352189] x23: ffff00007b0c5400 x22: ffff800011404ab8 
[  193.360348] x21: ffff8000117ba1f0 x20: 0000000000000005 
[  193.368622] x19: ffff8000117ba118 x18: 0000000000000010 
[  193.369450] x17: 0000000000000000 x16: 0000000000000000 
[  193.370199] x15: 0000000000000001 x14: 0000000000000000 
[  193.378743] x13: 0000000000000002 x12: 0000000000000001 
[  193.389578] x11: 0000000000000001 x10: 00000000000009c0 
[  193.401545] x9 : ffff800011a6be90 x8 : ffff00007b0c5e20 
[  193.410616] x7 : 00000000000003e3 x6 : 000005465a740bf4 
[  193.417309] x5 : 00ffffffffffffff x4 : ffff80006c7af000 
[  193.421232] x3 : 4000000000000002 x2 : 4000000000000000 
[  193.427774] x1 : ffff800011406980 x0 : ffff00007dbb5980 
[  193.430051] Call trace:
[  193.436307]  rcu_idle_enter+0x74/0x80
[  193.437736]  do_idle+0x200/0x288
[  193.441838]  cpu_startup_entry+0x24/0x40
[  193.444147]  secondary_start_kernel+0x154/0x190
[  193.445050] ---[ end trace 4cfdab120ffe6707 ]---
