[  193.892711] Unable to handle kernel paging request at virtual address ffff000080000000
[  193.893566] Mem abort info:
[  193.893806]   ESR = 0x96000005
[  193.896265]   EC = 0x25: DABT (current EL), IL = 32 bits
[  193.896947]   SET = 0, FnV = 0
[  193.897522]   EA = 0, S1PTW = 0
[  193.898486] Data abort info:
[  193.899163]   ISV = 0, ISS = 0x00000005
[  193.899563]   CM = 0, WnR = 0
[  193.900179] swapper pgtable: 4k pages, 48-bit VAs, pgdp=00000000412a6000
[  193.901187] [ffff000080000000] pgd=00000000bdff8003, pud=0000000000000000
[  193.903431] Internal error: Oops: 96000005 [#1] PREEMPT SMP
[  193.906138] Modules linked in:
[  193.908922] CPU: 4 PID: 496 Comm: python3 Not tainted 5.4.18 #2
[  193.913902] Hardware name: linux,dummy-virt (DT)
[  193.914945] pstate: 20000005 (nzCv daif -PAN -UAO)
[  193.916389] pc : __ip_local_out+0x80/0x158
[  193.916766] lr : ip_local_out+0x20/0x58
[  193.918075] sp : ffff800011f23a40
[  193.921513] x29: ffff800011f23a40 x28: 000000000000001a 
[  193.924530] x27: ffff800011f23d80 x26: 0000000000000011 
[  193.928681] x25: 0000000000000012 x24: ffff00007979ae24 
[  193.929775] x23: ffff800011f23c30 x22: ffff800011963ac0 
[  193.931100] x21: ffff0000794d5f00 x20: ffff00007a8cb740 
[  193.932680] x19: ffff00007a87d400 x18: 0000000000000000 
[  193.934508] x17: 0000000000000000 x16: 0000000000000000 
[  193.935277] x15: 0000000000000001 x14: 0000000000000000 
[  193.936481] x13: 0000000000000006 x12: 00000000c0a80164 
[  193.938043] x11: 0000000000000000 x10: 0000000000000068 
[  193.941458] x9 : ffff00007a87d400 x8 : ffff800011f23c30 
[  193.941954] x7 : 000000002f700000 x6 : 0000000000008e9e 
[  193.947834] x5 : ffff00007fffffff x4 : ffff0004797aadff 
[  193.949544] x3 : 0a425623ece83080 x2 : 0a0000002e001000 
[  193.950868] x1 : ffff0000797aadff x0 : 0000000000000000 
[  193.952258] Call trace:
[  193.953170]  __ip_local_out+0x80/0x158
[  193.955758]  ip_local_out+0x20/0x58
[  193.956061]  ip_send_skb+0x1c/0xa8
[  193.959875]  udp_send_skb.isra.0+0x11c/0x368
[  193.960063]  udp_sendmsg+0x710/0x860
[  193.960945]  inet_sendmsg+0x40/0x68
[  193.961786]  __sys_sendto+0xd4/0x150
[  193.962722]  __arm64_sys_sendto+0x24/0x30
[  193.963001]  el0_svc_common.constprop.0+0x68/0x160
[  193.963247]  el0_svc_handler+0x20/0x80
[  193.963447]  el0_svc+0x8/0xc
[  193.964457] Code: ab000062 8b040824 9a000063 d503201f (b84044a0) 
[  193.965865] ---[ end trace 88d045d3fc9be30f ]---
