[  194.061926] kernel BUG at arch/arm64/kernel/traps.c:405!
[  194.065646] Internal error: Oops - BUG: 0 [#1] PREEMPT SMP
[  194.072167] Modules linked in:
[  194.078223] CPU: 7 PID: 491 Comm: python3 Not tainted 5.4.18 #2
[  194.079483] Hardware name: linux,dummy-virt (DT)
[  194.082152] pstate: 00000005 (nzcv daif -PAN -UAO)
[  194.083712] pc : do_undefinstr+0x2ec/0x310
[  194.084903] lr : do_undefinstr+0x1e0/0x310
[  194.085777] sp : ffff800011d6b8a0
[  194.086654] x29: ffff800011d6b8a0 x28: ffff00007a919c00 
[  194.088383] x27: ffff800011d6bd80 x26: 0000000000000011 
[  194.090553] x25: 0000000000000012 x24: 0000000000000000 
[  194.091376] x23: 0000000060000005 x22: ffff800010b78850 
[  194.091943] x21: ffff800011d6ba40 x20: ffff00007a919c00 
[  194.092476] x19: ffff800011d6b900 x18: 0000000000000000 
[  194.093186] x17: 0000000000000000 x16: 0000000000000000 
[  194.093843] x15: 0000000000000001 x14: 0000000000000000 
[  194.094856] x13: 0000000000000006 x12: 00000000c0a80164 
[  194.095811] x11: 0000000000000000 x10: 0000000000000068 
[  194.096846] x9 : ffff00007a919c00 x8 : ffff800011d6bc30 
[  194.097788] x7 : 00000000bd100000 x6 : ffff800011d6b8f8 
[  194.098703] x5 : 00000000d5300000 x4 : ffff8000117c51f0 
[  194.099564] x3 : 00000000f9c00000 x2 : 0000000000000000 
[  194.100427] x1 : ffff00007a919c00 x0 : 0000000060000005 
[  194.102426] Call trace:
[  194.104470]  do_undefinstr+0x2ec/0x310
[  194.105212]  el1_undef+0x10/0x84
[  194.105747]  __ip_local_out+0x120/0x158
[  194.106113]  ip_local_out+0x20/0x58
[  194.106382]  ip_send_skb+0x1c/0xa8
[  194.106577]  udp_send_skb.isra.0+0x11c/0x368
[  194.106791]  udp_sendmsg+0x710/0x860
[  194.106981]  inet_sendmsg+0x40/0x68
[  194.107172]  __sys_sendto+0xd4/0x150
[  194.107363]  __arm64_sys_sendto+0x24/0x30
[  194.107575]  el0_svc_common.constprop.0+0x68/0x160
[  194.107813]  el0_svc_handler+0x20/0x80
[  194.108047]  el0_svc+0x8/0xc
[  194.108842] Code: f9401bf7 17ffff7c a9025bf5 f9001bf7 (d4210000) 
[  194.111001] ---[ end trace 4a993b686ab99f77 ]---
[  194.112051] note: python3[491] exited with preempt_count 1
[  194.208872] ------------[ cut here ]------------
[  194.219605] WARNING: CPU: 7 PID: 0 at kernel/rcu/tree.c:569 rcu_idle_enter+0x74/0x80
[  194.224444] Modules linked in:
[  194.225367] CPU: 7 PID: 0 Comm: swapper/7 Tainted: G      D           5.4.18 #2
[  194.226875] Hardware name: linux,dummy-virt (DT)
[  194.227280] pstate: 200003c5 (nzCv DAIF -PAN -UAO)
[  194.230280] pc : rcu_idle_enter+0x74/0x80
[  194.231404] lr : do_idle+0x200/0x288
[  194.233442] sp : ffff800011a7bf20
[  194.234561] x29: ffff800011a7bf20 x28: 0000000000000000 
[  194.235397] x27: 0000000000000000 x26: 0000000000000000 
[  194.235986] x25: 0000000000000000 x24: ffff8000117ba214 
[  194.238672] x23: ffff00007b0c7000 x22: ffff800011404ab8 
[  194.243746] x21: ffff8000117ba1f0 x20: 0000000000000007 
[  194.251194] x19: ffff8000117ba118 x18: 0000000000000010 
[  194.255224] x17: 0000000000000000 x16: 0000000000000000 
[  194.257493] x15: 00000000000000ab x14: 0000000000000000 
[  194.258402] x13: 0000000000000001 x12: 0000000000000000 
[  194.258966] x11: 0000000000000400 x10: 00000000000009c0 
[  194.259617] x9 : ffff800011a7be90 x8 : ffff00007b0c7a20 
[  194.263117] x7 : 0000000000000000 x6 : 000000a4cca9a37c 
[  194.263854] x5 : 00ffffffffffffff x4 : ffff80006c7db000 
[  194.264980] x3 : 4000000000000002 x2 : 4000000000000000 
[  194.265717] x1 : ffff800011406980 x0 : ffff00007dbe1980 
[  194.266432] Call trace:
[  194.266643]  rcu_idle_enter+0x74/0x80
[  194.266877]  do_idle+0x200/0x288
[  194.267170]  cpu_startup_entry+0x20/0x40
[  194.267456]  secondary_start_kernel+0x154/0x190
[  194.270084] ---[ end trace 4a993b686ab99f78 ]---
