[  197.950330] Unable to handle kernel paging request at virtual address 00000000fffff992
[  197.967958] Mem abort info:
[  197.969507]   ESR = 0x96000005
[  197.970789]   EC = 0x25: DABT (current EL), IL = 32 bits
[  197.978894]   SET = 0, FnV = 0
[  197.981281]   EA = 0, S1PTW = 0
[  197.987715] Data abort info:
[  197.989943]   ISV = 0, ISS = 0x00000005
[  197.990799]   CM = 0, WnR = 0
[  197.992395] user pgtable: 4k pages, 48-bit VAs, pgdp=00000000b25db000
[  197.997596] [00000000fffff992] pgd=00000000b26fa003, pud=0000000000000000
[  198.005989] Internal error: Oops: 96000005 [#1] PREEMPT SMP
[  198.011888] Modules linked in:
[  198.019485] CPU: 7 PID: 498 Comm: python3 Not tainted 5.4.18 #2
[  198.022850] Hardware name: linux,dummy-virt (DT)
[  198.032362] pstate: 60000005 (nZCv daif -PAN -UAO)
[  198.039819] pc : __ip_local_out+0x124/0x158
[  198.040884] lr : ip_local_out+0x20/0x58
[  198.043469] sp : ffff800011f4ba40
[  198.045466] x29: ffff800011f4ba40 x28: 000000000000001a 
[  198.047588] x27: ffff800011f4bd80 x26: 0000000000000011 
[  198.049019] x25: 0000000000000012 x24: ffff00007aa64000 
[  198.050316] x23: 0000000000000001 x22: ffff800011963ac0 
[  198.050533] x21: ffff0000793c1e00 x20: ffff00007b2072c0 
[  198.050764] x19: 00000000fffff992 x18: 0000000000000000 
[  198.052306] x17: 0000000000000000 x16: 0000000000000000 
[  198.054715] x15: 0000000000000001 x14: 0000000000000000 
[  198.055854] x13: 0000000000000006 x12: 00000000c0a80164 
[  198.057786] x11: 0000000000000000 x10: 0000000000000068 
[  198.060263] x9 : ffff00007aa35400 x8 : ffff800011f4bc30 
[  198.061673] x7 : 000000005fd00000 x6 : 0000000000007688 
[  198.064190] x5 : ffff00007828b024 x4 : ffff00007828b024 
[  198.065599] x3 : 000000000add0add x2 : 000000000a990044 
[  198.066237] x1 : 0000000000000008 x0 : a015f4e2c3140c00 
[  198.066798] Call trace:
[  198.067039]  __ip_local_out+0x124/0x158
[  198.067258]  ip_local_out+0x20/0x58
[  198.067426]  ip_send_skb+0x1c/0xa8
[  198.067557]  udp_send_skb.isra.0+0x11c/0x368
[  198.067703]  udp_sendmsg+0x710/0x860
[  198.067835]  inet_sendmsg+0x40/0x68
[  198.067987]  __sys_sendto+0xd4/0x150
[  198.068129]  __arm64_sys_sendto+0x24/0x30
[  198.068323]  el0_svc_common.constprop.0+0x68/0x160
[  198.068650]  el0_svc_handler+0x20/0x80
[  198.068823]  el0_svc+0x8/0xc
[  198.071564] Code: 2a0003f7 97d76ee8 9111c273 f9403fe0 (f9400261) 
[  198.076173] ---[ end trace c2af98d36ff4a552 ]---
