[  193.968350] Unable to handle kernel NULL pointer dereference at virtual address 0000000000000012
[  193.996077] Mem abort info:
[  193.999333]   ESR = 0x96000046
[  194.006787]   EC = 0x25: DABT (current EL), IL = 32 bits
[  194.011689]   SET = 0, FnV = 0
[  194.015816]   EA = 0, S1PTW = 0
[  194.021202] Data abort info:
[  194.022021]   ISV = 0, ISS = 0x00000046
[  194.022749]   CM = 0, WnR = 1
[  194.024398] user pgtable: 4k pages, 48-bit VAs, pgdp=00000000b1e9e000
[  194.029050] [0000000000000012] pgd=00000000b6dcc003, pud=00000000b1d6c003, pmd=0000000000000000
[  194.041619] Internal error: Oops: 96000046 [#1] PREEMPT SMP
[  194.045285] Modules linked in:
[  194.053165] CPU: 7 PID: 494 Comm: python3 Not tainted 5.4.18 #2
[  194.058093] Hardware name: linux,dummy-virt (DT)
[  194.067518] pstate: 60000005 (nZCv daif -PAN -UAO)
[  194.077952] pc : __ip_local_out+0x50/0x158
[  194.080302] lr : ip_local_out+0x20/0x58
[  194.082160] sp : ffff800011f8ba40
[  194.083354] x29: ffff800011f8ba40 x28: 000000000000001a 
[  194.084868] x27: ffff800011f8bd80 x26: 0000000000000011 
[  194.089957] x25: 0000000000000012 x24: ffff000078080a24 
[  194.094688] x23: ffff800011f8bc30 x22: ffff800011963ac0 
[  194.097880] x21: ffff00007b3d6c00 x20: ffff000079540cc0 
[  194.098239] x19: ffff00007a404600 x18: 0000000000000000 
[  194.099163] x17: 0000000000000000 x16: 0000000000000000 
[  194.100380] x15: 0000000000000001 x14: 0000000000000000 
[  194.103290] x13: 0000000000000006 x12: 00000000c0a80164 
[  194.108197] x11: 0000000000000000 x10: 0000000000000068 
[  194.110576] x9 : ffff00007a404600 x8 : ffff800011f8bc30 
[  194.111986] x7 : 000000008e400000 x6 : 00000000000071e1 
[  194.113670] x5 : 0000000000000020 x4 : 0000000000002e00 
[  194.114335] x3 : 0000000000000000 x2 : 0000000000002e00 
[  194.117335] x1 : 0000000000000010 x0 : 0000000000000010 
[  194.121766] Call trace:
[  194.126972]  __ip_local_out+0x50/0x158
[  194.127563]  ip_local_out+0x20/0x58
[  194.129481]  ip_send_skb+0x1c/0xa8
[  194.130752]  udp_send_skb.isra.0+0x11c/0x368
[  194.131115]  udp_sendmsg+0x710/0x860
[  194.132150]  inet_sendmsg+0x40/0x68
[  194.135000]  __sys_sendto+0xd4/0x150
[  194.136460]  __arm64_sys_sendto+0x24/0x30
[  194.137790]  el0_svc_common.constprop.0+0x68/0x160
[  194.140120]  el0_svc_handler+0x20/0x80
[  194.140407]  el0_svc+0x8/0xc
[  194.143331] Code: 91004025 53183c44 d3483c42 2a020082 (79000422) 
[  194.147046] ---[ end trace fc60a4a3139415ff ]---
