[  192.942116] Unable to handle kernel paging request at virtual address 003fffffffffffff
[  192.951398] Mem abort info:
[  192.954497]   ESR = 0x96000004
[  192.958474]   EC = 0x25: DABT (current EL), IL = 32 bits
[  192.963369]   SET = 0, FnV = 0
[  192.966918]   EA = 0, S1PTW = 0
[  192.974832] Data abort info:
[  192.980824]   ISV = 0, ISS = 0x00000004
[  192.987218]   CM = 0, WnR = 0
[  192.993907] [003fffffffffffff] address between user and kernel address ranges
[  192.999473] Internal error: Oops: 96000004 [#1] PREEMPT SMP
[  193.000896] Modules linked in:
[  193.006424] CPU: 1 PID: 496 Comm: python3 Not tainted 5.4.18 #2
[  193.007361] Hardware name: linux,dummy-virt (DT)
[  193.009022] pstate: 60000005 (nZCv daif -PAN -UAO)
[  193.014246] pc : __ip_local_out+0xc0/0x158
[  193.014875] lr : ip_local_out+0x20/0x58
[  193.016481] sp : ffff800011f93a40
[  193.017577] x29: ffff800011f93a40 x28: 000000000000001a 
[  193.018431] x27: ffff800011f93d80 x26: 0000000000000011 
[  193.019106] x25: 0000000000000012 x24: ffff000078282824 
[  193.021199] x23: ffff800011f93c30 x22: ffff800011963ac0 
[  193.022091] x21: ffff00007aab2c00 x20: ffff00007b22dd80 
[  193.025400] x19: ffff0000781cc600 x18: 0000000000000000 
[  193.025754] x17: 0000000000000000 x16: 0000000000000000 
[  193.025996] x15: 0000000000000001 x14: 0000000000000000 
[  193.027254] x13: 0000000000000006 x12: 00000000c0a80164 
[  193.030245] x11: 0000000000000000 x10: 0000000000000068 
[  193.035605] x9 : ffff0000781cc600 x8 : ffff800011f93c30 
[  193.042165] x7 : 00000000d3300000 x6 : 0000000000007ac3 
[  193.047551] x5 : ffff000078282824 x4 : ffff000078282824 
[  193.051383] x3 : 00000000ffffbfbf x2 : 000000003ffc0044 
[  193.053122] x1 : 0000000000000008 x0 : 003fffffffffffff 
[  193.064041] Call trace:
[  193.064456]  __ip_local_out+0xc0/0x158
[  193.065084]  ip_local_out+0x20/0x58
[  193.068031]  ip_send_skb+0x1c/0xa8
[  193.070548]  udp_send_skb.isra.0+0x11c/0x368
[  193.078068]  udp_sendmsg+0x710/0x860
[  193.078945]  inet_sendmsg+0x40/0x68
[  193.079254]  __sys_sendto+0xd4/0x150
[  193.080219]  __arm64_sys_sendto+0x24/0x30
[  193.080947]  el0_svc_common.constprop.0+0x68/0x160
[  193.081511]  el0_svc_handler+0x20/0x80
[  193.081878]  el0_svc+0x8/0xc
[  193.083311] Code: f9402ea0 52800101 790152a1 92fff800 (f9400018) 
[  193.087998] ---[ end trace 3c22293f286d9c86 ]---
