[  192.758268] Unable to handle kernel paging request at virtual address ffff80000ab767ec
[  192.761688] Mem abort info:
[  192.762265]   ESR = 0x86000006
[  192.764394]   EC = 0x21: IABT (current EL), IL = 32 bits
[  192.764985]   SET = 0, FnV = 0
[  192.768102]   EA = 0, S1PTW = 0
[  192.769414] swapper pgtable: 4k pages, 48-bit VAs, pgdp=00000000412a6000
[  192.770570] [ffff80000ab767ec] pgd=00000000bdfff003, pud=00000000bdffe003, pmd=0000000000000000
[  192.778119] Internal error: Oops: 86000006 [#1] PREEMPT SMP
[  192.782089] Modules linked in:
[  192.791438] CPU: 4 PID: 491 Comm: python3 Not tainted 5.4.18 #2
[  192.794035] Hardware name: linux,dummy-virt (DT)
[  192.795906] pstate: 60000005 (nZCv daif -PAN -UAO)
[  192.798158] pc : 0xffff80000ab767ec
[  192.809337] lr : __ip_local_out+0xc0/0x158
[  192.811178] sp : ffff800011f23a40
[  192.811635] x29: ffff800011f23a40 x28: 000000000000001a 
[  192.813375] x27: ffff800011f23d80 x26: 0000000000000011 
[  192.815547] x25: 0000000000000012 x24: ffff00007807d424 
[  192.816831] x23: ffff800011f23c30 x22: ffff800011963ac0 
[  192.823074] x21: ffff0000772bbf00 x20: ffff00007a8e2640 
[  192.827488] x19: ffff0000782e4600 x18: 0000000000000000 
[  192.827887] x17: 0000000000000000 x16: 0000000000000000 
[  192.828258] x15: 0000000000000001 x14: 0000000000000000 
[  192.829133] x13: 0000000000000006 x12: 00000000c0a80164 
[  192.829956] x11: 0000000000000000 x10: 0000000000000068 
[  192.832055] x9 : ffff0000782e4600 x8 : ffff800011f23c30 
[  192.840757] x7 : 0000000074f00000 x6 : 000000000000c894 
[  192.844324] x5 : ffff00007807d424 x4 : ffff00007807d424 
[  192.845722] x3 : 00000000ffff7387 x2 : 000000008c350043 
[  192.849257] x1 : 0000000000000008 x0 : ffff000078210000 
[  192.852162] Call trace:
[  192.853502]  0xffff80000ab767ec
[  192.854619]  ip_local_out+0x20/0x58
[  192.856930]  ip_send_skb+0x1c/0xa8
[  192.858060]  udp_send_skb.isra.0+0x11c/0x368
[  192.859906]  udp_sendmsg+0x710/0x860
[  192.861152]  inet_sendmsg+0x40/0x68
[  192.861458]  __sys_sendto+0xd4/0x150
[  192.861928]  __arm64_sys_sendto+0x24/0x30
[  192.862801]  el0_svc_common.constprop.0+0x68/0x160
[  192.864797]  el0_svc_handler+0x20/0x80
[  192.867640]  el0_svc+0x8/0xc
[  192.869567] Code: bad PC value
[  192.873353] ---[ end trace 8a34033a7e3bc5c7 ]---
