[  194.117504] Unable to handle kernel NULL pointer dereference at virtual address 0000000000000000
[  194.119138] Mem abort info:
[  194.119714]   ESR = 0x96000006
[  194.120681]   EC = 0x25: DABT (current EL), IL = 32 bits
[  194.121347]   SET = 0, FnV = 0
[  194.126434]   EA = 0, S1PTW = 0
[  194.127056] Data abort info:
[  194.127521]   ISV = 0, ISS = 0x00000006
[  194.128687]   CM = 0, WnR = 0
[  194.134986] user pgtable: 4k pages, 48-bit VAs, pgdp=00000000b0b56000
[  194.138331] [0000000000000000] pgd=00000000b6ff9003, pud=00000000b0970003, pmd=0000000000000000
[  194.150942] Internal error: Oops: 96000006 [#1] PREEMPT SMP
[  194.164713] Modules linked in:
[  194.173003] CPU: 3 PID: 493 Comm: python3 Not tainted 5.4.18 #2
[  194.175717] Hardware name: linux,dummy-virt (DT)
[  194.179757] pstate: 60000005 (nZCv daif -PAN -UAO)
[  194.183525] pc : __ip_local_out+0xc0/0x158
[  194.185993] lr : ip_local_out+0x20/0x58
[  194.186927] sp : ffff800011f93a40
[  194.189751] x29: ffff800011f93a40 x28: 000000000000001a 
[  194.195338] x27: ffff800011f93d80 x26: 0000000000000011 
[  194.198476] x25: 0000000000000012 x24: ffff000076db9224 
[  194.201947] x23: ffff800011f93c30 x22: ffff800011963ac0 
[  194.208155] x21: ffff0000798cf000 x20: ffff00007b22d940 
[  194.211349] x19: ffff0000791e7000 x18: 0000000000000000 
[  194.217988] x17: 0000000000000000 x16: 0000000000000000 
[  194.223049] x15: 0000000000000001 x14: 0000000000000000 
[  194.226276] x13: 0000000000000006 x12: 00000000c0a80164 
[  194.227305] x11: 0000000000000000 x10: 0000000000000068 
[  194.234838] x9 : ffff0000791e7000 x8 : ffff800011f93c30 
[  194.240729] x7 : 00000000fa400000 x6 : 000000000000a6e3 
[  194.245496] x5 : ffff000076db9224 x4 : ffff000076db9224 
[  194.249451] x3 : 00000000ffff0346 x2 : 00000000fc760043 
[  194.250678] x1 : 0000000000000008 x0 : 0000000000000000 
[  194.252865] Call trace:
[  194.254760]  __ip_local_out+0xc0/0x158
[  194.257775]  ip_local_out+0x20/0x58
[  194.258494]  ip_send_skb+0x1c/0xa8
[  194.259811]  udp_send_skb.isra.0+0x11c/0x368
[  194.260105]  udp_sendmsg+0x710/0x860
[  194.260362]  inet_sendmsg+0x40/0x68
[  194.260764]  __sys_sendto+0xd4/0x150
[  194.262266]  __arm64_sys_sendto+0x24/0x30
[  194.262700]  el0_svc_common.constprop.0+0x68/0x160
[  194.263251]  el0_svc_handler+0x20/0x80
[  194.263533]  el0_svc+0x8/0xc
[  194.265120] Code: f9402aa0 52800101 790152a1 927ff800 (f9400018) 
[  194.266925] ---[ end trace 5652c617633e5fb6 ]---
