[  194.185750] kernel BUG at arch/arm64/kernel/traps.c:405!
[  194.199267] Internal error: Oops - BUG: 0 [#1] PREEMPT SMP
[  194.201915] Modules linked in:
[  194.209208] CPU: 4 PID: 495 Comm: python3 Not tainted 5.4.18 #2
[  194.210666] Hardware name: linux,dummy-virt (DT)
[  194.212493] pstate: 00000005 (nzcv daif -PAN -UAO)
[  194.217688] pc : do_undefinstr+0x2ec/0x310
[  194.218520] lr : do_undefinstr+0x1e0/0x310
[  194.219228] sp : ffff800011da3920
[  194.220024] x29: ffff800011da3920 x28: ffff00007a413800 
[  194.221072] x27: ffff800011da3d80 x26: 0000000000000011 
[  194.221887] x25: 0000000000000012 x24: 0000000000000000 
[  194.223202] x23: 0000000060000005 x22: ffff800010b78878 
[  194.223527] x21: ffff800011da3ac0 x20: ffff00007a413800 
[  194.223837] x19: ffff800011da3980 x18: 0000000000000000 
[  194.224148] x17: 0000000000000000 x16: 0000000000000000 
[  194.224437] x15: 0000000000000001 x14: 0000000000000000 
[  194.224754] x13: 0000000000000006 x12: 00000000c0a80164 
[  194.225037] x11: 0000000000000000 x10: 0000000000000068 
[  194.225401] x9 : ffff00007a413800 x8 : ffff800011da3c30 
[  194.225894] x7 : 000000006a800000 x6 : ffff800011da3978 
[  194.226448] x5 : 00000000d5300000 x4 : ffff8000117c51f0 
[  194.227172] x3 : 00000000d6500000 x2 : 0000000000000000 
[  194.227710] x1 : ffff00007a413800 x0 : 0000000060000005 
[  194.228752] Call trace:
[  194.229684]  do_undefinstr+0x2ec/0x310
[  194.230083]  el1_undef+0x10/0x84
[  194.230411]  __ip_local_out+0x148/0x158
[  194.230789]  ip_send_skb+0x1c/0xa8
[  194.231104]  udp_send_skb.isra.0+0x11c/0x368
[  194.231460]  udp_sendmsg+0x710/0x860
[  194.231782]  inet_sendmsg+0x40/0x68
[  194.232088]  __sys_sendto+0xd4/0x150
[  194.232391]  __arm64_sys_sendto+0x24/0x30
[  194.233031]  el0_svc_common.constprop.0+0x68/0x160
[  194.233397]  el0_svc_handler+0x20/0x80
[  194.233898]  el0_svc+0x8/0xc
[  194.235077] Code: f9401bf7 17ffff7c a9025bf5 f9001bf7 (d4210000) 
[  194.237493] ---[ end trace 7e1b5bb0d078a71d ]---
[  194.240774] note: python3[495] exited with preempt_count 1
[  194.342298] ------------[ cut here ]------------
[  194.351335] WARNING: CPU: 4 PID: 0 at kernel/rcu/tree.c:569 rcu_idle_enter+0x74/0x80
[  194.355440] Modules linked in:
[  194.359312] CPU: 4 PID: 0 Comm: swapper/4 Tainted: G      D           5.4.18 #2
[  194.362641] Hardware name: linux,dummy-virt (DT)
[  194.368065] pstate: 200003c5 (nzCv DAIF -PAN -UAO)
[  194.371548] pc : rcu_idle_enter+0x74/0x80
[  194.373957] lr : do_idle+0x200/0x288
[  194.375755] sp : ffff800011a63f20
[  194.377560] x29: ffff800011a63f20 x28: 0000000000000000 
[  194.381880] x27: 0000000000000000 x26: 0000000000000000 
[  194.382378] x25: 0000000000000000 x24: ffff8000117ba214 
[  194.385645] x23: ffff00007b0c4600 x22: ffff800011404ab8 
[  194.389404] x21: ffff8000117ba1f0 x20: 0000000000000004 
[  194.393702] x19: ffff8000117ba118 x18: 0000000000000010 
[  194.395406] x17: 0000000000000000 x16: 0000000000000000 
[  194.397029] x15: 0000000000000000 x14: 0000000000000000 
[  194.401552] x13: 0000000000000002 x12: 0000000000000000 
[  194.406852] x11: 0000000000000000 x10: 00000000000009c0 
[  194.409359] x9 : ffff800011a63e90 x8 : ffff00007b0c5020 
[  194.409762] x7 : 0000000000000400 x6 : 0000017afd9afa6b 
[  194.410795] x5 : 00ffffffffffffff x4 : ffff80006c799000 
[  194.411010] x3 : 4000000000000002 x2 : 4000000000000000 
[  194.411249] x1 : ffff800011406980 x0 : ffff00007db9f980 
[  194.411443] Call trace:
[  194.411566]  rcu_idle_enter+0x74/0x80
[  194.411706]  do_idle+0x200/0x288
[  194.412161]  cpu_startup_entry+0x24/0x40
[  194.412643]  secondary_start_kernel+0x154/0x190
[  194.412852] ---[ end trace 7e1b5bb0d078a71e ]---
