[  193.076055] kernel BUG at arch/arm64/kernel/traps.c:405!
[  193.085875] Internal error: Oops - BUG: 0 [#1] PREEMPT SMP
[  193.089005] Modules linked in:
[  193.101556] CPU: 5 PID: 494 Comm: python3 Not tainted 5.4.18 #2
[  193.103332] Hardware name: linux,dummy-virt (DT)
[  193.106132] pstate: 00000005 (nzcv daif -PAN -UAO)
[  193.113459] pc : do_undefinstr+0x2ec/0x310
[  193.114415] lr : do_undefinstr+0x1e0/0x310
[  193.115320] sp : ffff800011fa38a0
[  193.116042] x29: ffff800011fa38a0 x28: ffff00007b1dc600 
[  193.116595] x27: ffff800011fa3d80 x26: 0000000000000011 
[  193.116959] x25: 0000000000000012 x24: 0000000000000000 
[  193.117355] x23: 0000000060000005 x22: ffff800010b787c0 
[  193.117716] x21: ffff800011fa3a40 x20: ffff00007b1dc600 
[  193.118125] x19: ffff800011fa3900 x18: 0000000000000000 
[  193.118598] x17: 0000000000000000 x16: 0000000000000000 
[  193.119668] x15: 0000000000000001 x14: 0000000000000000 
[  193.121108] x13: 0000000000000006 x12: 00000000c0a80164 
[  193.122027] x11: 0000000000000000 x10: 0000000000000068 
[  193.123099] x9 : ffff00007b1dc600 x8 : ffff800011fa3c30 
[  193.124202] x7 : 000000003dc00000 x6 : ffff800011fa38f8 
[  193.125850] x5 : 00000000d5300000 x4 : ffff8000117c51f0 
[  193.129060] x3 : 00000000d3c00000 x2 : 0000000000000000 
[  193.131264] x1 : ffff00007b1dc600 x0 : 0000000060000005 
[  193.133794] Call trace:
[  193.134936]  do_undefinstr+0x2ec/0x310
[  193.136162]  el1_undef+0x10/0x84
[  193.136905]  __ip_local_out+0x90/0x158
[  193.137587]  ip_local_out+0x20/0x58
[  193.138181]  ip_send_skb+0x1c/0xa8
[  193.138786]  udp_send_skb.isra.0+0x11c/0x368
[  193.139492]  udp_sendmsg+0x710/0x860
[  193.140128]  inet_sendmsg+0x40/0x68
[  193.141810]  __sys_sendto+0xd4/0x150
[  193.144159]  __arm64_sys_sendto+0x24/0x30
[  193.145004]  el0_svc_common.constprop.0+0x68/0x160
[  193.146074]  el0_svc_handler+0x20/0x80
[  193.146835]  el0_svc+0x8/0xc
[  193.148987] Code: f9401bf7 17ffff7c a9025bf5 f9001bf7 (d4210000) 
[  193.153414] ---[ end trace 7ed59711c23f8b30 ]---
[  193.155461] note: python3[494] exited with preempt_count 1
[  193.277965] ------------[ cut here ]------------
[  193.282748] WARNING: CPU: 5 PID: 0 at kernel/rcu/tree.c:569 rcu_idle_enter+0x74/0x80
[  193.287719] Modules linked in:
[  193.290404] CPU: 5 PID: 0 Comm: swapper/5 Tainted: G      D           5.4.18 #2
[  193.300078] Hardware name: linux,dummy-virt (DT)
[  193.300562] pstate: 200003c5 (nzCv DAIF -PAN -UAO)
[  193.312068] pc : rcu_idle_enter+0x74/0x80
[  193.314440] lr : do_idle+0x200/0x288
[  193.316893] sp : ffff800011a6bf20
[  193.317343] x29: ffff800011a6bf20 x28: 0000000000000000 
[  193.320710] x27: 0000000000000000 x26: 0000000000000000 
[  193.331817] x25: 0000000000000000 x24: ffff8000117ba214 
[  193.333791] x23: ffff00007b0c5400 x22: ffff800011404ab8 
[  193.335748] x21: ffff8000117ba1f0 x20: 0000000000000005 
[  193.344025] x19: ffff8000117ba118 x18: 0000000000000010 
[  193.346337] x17: 0000000000000000 x16: 0000000000000000 
[  193.358015] x15: 0000000000000000 x14: 0000000000000000 
[  193.371822] x13: 0000000000000002 x12: 0000000000000000 
[  193.376333] x11: 0000000000000000 x10: 00000000000009c0 
[  193.380136] x9 : ffff800011a6be90 x8 : ffff00007b0c5e20 
[  193.387921] x7 : 0000000000000400 x6 : 000006ad2e6f0473 
[  193.392520] x5 : 00ffffffffffffff x4 : ffff80006c7af000 
[  193.395255] x3 : 4000000000000002 x2 : 4000000000000000 
[  193.395959] x1 : ffff800011406980 x0 : ffff00007dbb5980 
[  193.399385] Call trace:
[  193.400045]  rcu_idle_enter+0x74/0x80
[  193.400546]  do_idle+0x200/0x288
[  193.403598]  cpu_startup_entry+0x24/0x40
[  193.407969]  secondary_start_kernel+0x154/0x190
[  193.415238] ---[ end trace 7ed59711c23f8b31 ]---
