[  196.032751] Kernel panic - not syncing: stack-protector: Kernel stack is corrupted in: __ip_local_out+0x158/0x158
[  196.052258] CPU: 1 PID: 494 Comm: python3 Not tainted 5.4.18 #2
[  196.053500] Hardware name: linux,dummy-virt (DT)
[  196.055461] Call trace:
[  196.056496]  dump_backtrace+0x0/0x140
[  196.057230]  show_stack+0x14/0x20
[  196.057800]  dump_stack+0xb4/0xf8
[  196.058344]  panic+0x158/0x324
[  196.058873]  __stack_chk_fail+0x1c/0x20
[  196.059465]  ip_local_out+0x0/0x58
[  196.060002]  ip_local_out+0x20/0x58
[  196.060546]  ip_send_skb+0x1c/0xa8
[  196.061156]  udp_send_skb.isra.0+0x11c/0x368
[  196.061779]  udp_sendmsg+0x710/0x860
[  196.062671]  inet_sendmsg+0x40/0x68
[  196.063252]  __sys_sendto+0xd4/0x150
[  196.063809]  __arm64_sys_sendto+0x24/0x30
[  196.065574]  el0_svc_common.constprop.0+0x68/0x160
[  196.067936]  el0_svc_handler+0x20/0x80
[  196.069377]  el0_svc+0x8/0xc
[  196.076797] SMP: stopping secondary CPUs
[  196.080919] Kernel Offset: disabled
[  196.081984] CPU features: 0x0002,20006000
[  196.082805] Memory Limit: none
[  196.087510] ---[ end Kernel panic - not syncing: stack-protector: Kernel stack is corrupted in: __ip_local_out+0x158/0x158 ]---
