[  201.259304] Unable to handle kernel paging request at virtual address ffff000080000000
[  201.262207] Mem abort info:
[  201.262615]   ESR = 0x96000005
[  201.263139]   EC = 0x25: DABT (current EL), IL = 32 bits
[  201.266591]   SET = 0, FnV = 0
[  201.269185]   EA = 0, S1PTW = 0
[  201.270161] Data abort info:
[  201.271007]   ISV = 0, ISS = 0x00000005
[  201.276142]   CM = 0, WnR = 0
[  201.278294] swapper pgtable: 4k pages, 48-bit VAs, pgdp=00000000412a6000
[  201.286408] [ffff000080000000] pgd=00000000bdff8003, pud=0000000000000000
[  201.301560] Internal error: Oops: 96000005 [#1] PREEMPT SMP
[  201.302198] Modules linked in:
[  201.305127] CPU: 4 PID: 494 Comm: python3 Not tainted 5.4.18 #2
[  201.305798] Hardware name: linux,dummy-virt (DT)
[  201.307214] pstate: 20000005 (nzCv daif -PAN -UAO)
[  201.312501] pc : __ip_local_out+0x80/0x158
[  201.313567] lr : ip_local_out+0x20/0x58
[  201.314196] sp : ffff800011faba40
[  201.314811] x29: ffff800011faba40 x28: 000000000000001a 
[  201.316783] x27: ffff800011fabd80 x26: 0000000000000011 
[  201.317431] x25: 0000000000000012 x24: ffff0000780bb824 
[  201.318334] x23: ffff800011fabc30 x22: ffff800011963ac0 
[  201.320870] x21: ffff00007956bfc0 x20: ffff00007956bfc0 
[  201.323744] x19: ffff00007ab25400 x18: 0000000000000000 
[  201.325383] x17: 0000000000000000 x16: 0000000000000000 
[  201.326213] x15: 0000000000000001 x14: 0000000000000000 
[  201.329000] x13: 0000000000000006 x12: 00000000c0a80164 
[  201.335355] x11: 0000000000000000 x10: 0000000000000068 
[  201.337549] x9 : ffff00007ab25400 x8 : ffff800011fabc30 
[  201.339273] x7 : 000000004d600000 x6 : 00000000000077de 
[  201.342255] x5 : ffff000080000000 x4 : ffff00047956c080 
[  201.345071] x3 : 003309adce65c967 x2 : 000000002e000000 
[  201.352136] x1 : ffff00007956c080 x0 : 0000000000000000 
[  201.359901] Call trace:
[  201.361744]  __ip_local_out+0x80/0x158
[  201.362520]  ip_local_out+0x20/0x58
[  201.362743]  ip_send_skb+0x1c/0xa8
[  201.365331]  udp_send_skb.isra.0+0x11c/0x368
[  201.369267]  udp_sendmsg+0x710/0x860
[  201.370580]  inet_sendmsg+0x40/0x68
[  201.373552]  __sys_sendto+0xd4/0x150
[  201.376524]  __arm64_sys_sendto+0x24/0x30
[  201.377611]  el0_svc_common.constprop.0+0x68/0x160
[  201.378903]  el0_svc_handler+0x20/0x80
[  201.380067]  el0_svc+0x8/0xc
[  201.382222] Code: ab000062 8b040824 9a000063 d503201f (b84044a0) 
[  201.385229] ---[ end trace 55755413fd311ba0 ]---
