[  194.155224] Unable to handle kernel NULL pointer dereference at virtual address 0000000000000012
[  194.162356] Mem abort info:
[  194.164292]   ESR = 0x96000046
[  194.170857]   EC = 0x25: DABT (current EL), IL = 32 bits
[  194.173515]   SET = 0, FnV = 0
[  194.177364]   EA = 0, S1PTW = 0
[  194.179801] Data abort info:
[  194.182412]   ISV = 0, ISS = 0x00000046
[  194.182986]   CM = 0, WnR = 1
[  194.186353] user pgtable: 4k pages, 48-bit VAs, pgdp=00000000b5dbd000
[  194.198655] [0000000000000012] pgd=00000000b17cc003, pud=00000000b1540003, pmd=0000000000000000
[  194.225965] Internal error: Oops: 96000046 [#1] PREEMPT SMP
[  194.227789] Modules linked in:
[  194.233002] CPU: 7 PID: 492 Comm: python3 Not tainted 5.4.18 #2
[  194.235298] Hardware name: linux,dummy-virt (DT)
[  194.236821] pstate: 60000005 (nZCv daif -PAN -UAO)
[  194.241715] pc : __ip_local_out+0x50/0x158
[  194.242225] lr : ip_local_out+0x20/0x58
[  194.242704] sp : ffff800011ebba40
[  194.243046] x29: ffff800011ebba40 x28: 000000000000001a 
[  194.244299] x27: ffff800011ebbd80 x26: 0000000000000011 
[  194.244766] x25: 0000000000000012 x24: ffff00007266d024 
[  194.245181] x23: ffff800011ebbc30 x22: ffff800011963ac0 
[  194.245579] x21: ffff00007b392f00 x20: ffff00007aa01540 
[  194.246031] x19: ffff00007a9ee200 x18: 0000000000000000 
[  194.246575] x17: 0000000000000000 x16: 0000000000000000 
[  194.247137] x15: 0000000000000001 x14: 0000000000000000 
[  194.247689] x13: 0000000000000006 x12: 00000000c0a80164 
[  194.248569] x11: 0000000000000000 x10: 0000000000000068 
[  194.249129] x9 : ffff00007a9ee200 x8 : ffff800011ebbc30 
[  194.249677] x7 : 00000000ff500000 x6 : 00000000000010a0 
[  194.250312] x5 : 0000000000000020 x4 : 0000000000002e00 
[  194.250825] x3 : 0000000000000000 x2 : 0000000000002e00 
[  194.251970] x1 : 0000000000000010 x0 : 0000000000000010 
[  194.253855] Call trace:
[  194.254870]  __ip_local_out+0x50/0x158
[  194.259799]  ip_local_out+0x20/0x58
[  194.260318]  ip_send_skb+0x1c/0xa8
[  194.260890]  udp_send_skb.isra.0+0x11c/0x368
[  194.261399]  udp_sendmsg+0x710/0x860
[  194.261827]  inet_sendmsg+0x40/0x68
[  194.263047]  __sys_sendto+0xd4/0x150
[  194.264699]  __arm64_sys_sendto+0x24/0x30
[  194.271514]  el0_svc_common.constprop.0+0x68/0x160
[  194.281517]  el0_svc_handler+0x20/0x80
[  194.282670]  el0_svc+0x8/0xc
[  194.288905] Code: 91004025 53183c44 d3483c42 2a020082 (79000422) 
[  194.293279] ---[ end trace 02c4f1dd1e976d23 ]---
