[  195.826435] kernel BUG at arch/arm64/kernel/traps.c:405!
[  195.830425] Internal error: Oops - BUG: 0 [#1] PREEMPT SMP
[  195.832519] Modules linked in:
[  195.836116] CPU: 7 PID: 492 Comm: python3 Not tainted 5.4.18 #2
[  195.837523] Hardware name: linux,dummy-virt (DT)
[  195.839667] pstate: 00000005 (nzcv daif -PAN -UAO)
[  195.840945] pc : do_undefinstr+0x2ec/0x310
[  195.842130] lr : do_undefinstr+0x1e0/0x310
[  195.845376] sp : ffff800011d638a0
[  195.846955] x29: ffff800011d638a0 x28: ffff00007587f000 
[  195.848888] x27: ffff800011d63d80 x26: 0000000000000011 
[  195.850773] x25: 0000000000000012 x24: 0000000000000000 
[  195.851747] x23: 0000000060000005 x22: ffff800010b78854 
[  195.852636] x21: ffff800011d63a40 x20: ffff00007587f000 
[  195.853501] x19: ffff800011d63900 x18: 0000000000000000 
[  195.854454] x17: 0000000000000000 x16: 0000000000000000 
[  195.855329] x15: 0000000000000001 x14: 0000000000000000 
[  195.856247] x13: 0000000000000006 x12: 00000000c0a80164 
[  195.857393] x11: 0000000000000000 x10: 0000000000000068 
[  195.859368] x9 : ffff00007587f000 x8 : ffff800011d63c30 
[  195.860220] x7 : 00000000a5600000 x6 : ffff800011d638f8 
[  195.861044] x5 : 00000000d5300000 x4 : ffff8000117c51f0 
[  195.861900] x3 : 00000000f9c00000 x2 : 0000000000000000 
[  195.863234] x1 : ffff00007587f000 x0 : 0000000060000005 
[  195.865142] Call trace:
[  195.866248]  do_undefinstr+0x2ec/0x310
[  195.867170]  el1_undef+0x10/0x84
[  195.867768]  __ip_local_out+0x124/0x158
[  195.868426]  ip_local_out+0x20/0x58
[  195.868992]  ip_send_skb+0x1c/0xa8
[  195.869552]  udp_send_skb.isra.0+0x11c/0x368
[  195.870273]  udp_sendmsg+0x710/0x860
[  195.870864]  inet_sendmsg+0x40/0x68
[  195.871440]  __sys_sendto+0xd4/0x150
[  195.872071]  __arm64_sys_sendto+0x24/0x30
[  195.872794]  el0_svc_common.constprop.0+0x68/0x160
[  195.874527]  el0_svc_handler+0x20/0x80
[  195.875656]  el0_svc+0x8/0xc
[  195.879955] Code: f9401bf7 17ffff7c a9025bf5 f9001bf7 (d4210000) 
[  195.888982] ---[ end trace cb6c254340541fc5 ]---
[  195.891376] note: python3[492] exited with preempt_count 1
[  195.994754] ------------[ cut here ]------------
[  195.995665] WARNING: CPU: 7 PID: 0 at kernel/rcu/tree.c:569 rcu_idle_enter+0x74/0x80
[  196.001712] Modules linked in:
[  196.004367] CPU: 7 PID: 0 Comm: swapper/7 Tainted: G      D           5.4.18 #2
[  196.004753] Hardware name: linux,dummy-virt (DT)
[  196.006528] pstate: 20000085 (nzCv daIf -PAN -UAO)
[  196.007899] pc : rcu_idle_enter+0x74/0x80
[  196.008502] lr : do_idle+0x200/0x288
[  196.010075] sp : ffff800011a7bf20
[  196.010372] x29: ffff800011a7bf20 x28: 0000000000000000 
[  196.011437] x27: 0000000000000000 x26: 0000000000000000 
[  196.012904] x25: 0000000000000000 x24: ffff8000117ba214 
[  196.018730] x23: ffff00007b0c7000 x22: ffff800011404ab8 
[  196.021483] x21: ffff8000117ba1f0 x20: 0000000000000007 
[  196.027034] x19: ffff8000117ba118 x18: 0000000000000000 
[  196.027701] x17: 0000000000000000 x16: 0000000000000000 
[  196.028055] x15: 0000000000000000 x14: 0000000000000001 
[  196.030528] x13: 0000000000000001 x12: 0000000000000003 
[  196.031215] x11: 0000000000000376 x10: 00000000000009c0 
[  196.031940] x9 : ffff800011a7be90 x8 : ffff00007b0c7a20 
[  196.032739] x7 : 0000000000000007 x6 : 00000102aa58f4d6 
[  196.034409] x5 : 00ffffffffffffff x4 : ffff80006c7db000 
[  196.035313] x3 : 4000000000000002 x2 : 4000000000000000 
[  196.036030] x1 : ffff800011406980 x0 : ffff00007dbe1980 
[  196.038709] Call trace:
[  196.039009]  rcu_idle_enter+0x74/0x80
[  196.039381]  do_idle+0x200/0x288
[  196.039777]  cpu_startup_entry+0x20/0x40
[  196.040523]  secondary_start_kernel+0x154/0x190
[  196.042183] ---[ end trace cb6c254340541fc6 ]---
