[  194.457967] Unable to handle kernel paging request at virtual address ffff000080000000
[  194.461436] Mem abort info:
[  194.461943]   ESR = 0x96000005
[  194.462687]   EC = 0x25: DABT (current EL), IL = 32 bits
[  194.463185]   SET = 0, FnV = 0
[  194.463750]   EA = 0, S1PTW = 0
[  194.465359] Data abort info:
[  194.466551]   ISV = 0, ISS = 0x00000005
[  194.475666]   CM = 0, WnR = 0
[  194.482105] swapper pgtable: 4k pages, 48-bit VAs, pgdp=00000000412a6000
[  194.491205] [ffff000080000000] pgd=00000000bdff8003, pud=0000000000000000
[  194.495279] Internal error: Oops: 96000005 [#1] PREEMPT SMP
[  194.496137] Modules linked in:
[  194.497414] CPU: 6 PID: 492 Comm: python3 Not tainted 5.4.18 #2
[  194.497936] Hardware name: linux,dummy-virt (DT)
[  194.499568] pstate: 20000005 (nzCv daif -PAN -UAO)
[  194.502051] pc : __ip_local_out+0x80/0x158
[  194.503397] lr : ip_local_out+0x20/0x58
[  194.505480] sp : ffff800011f63a40
[  194.506430] x29: ffff800011f63a40 x28: 000000000000001a 
[  194.509986] x27: ffff800011f63d80 x26: 0000000000000011 
[  194.511496] x25: 0000000000000012 x24: ffff0000769b6c24 
[  194.516565] x23: ffff800011f63c30 x22: ffff800011963ac0 
[  194.524272] x21: ffff0000780e3740 x20: ffff0000780e3740 
[  194.531561] x19: ffff00007805e200 x18: 0000000000000000 
[  194.535732] x17: 0000000000000000 x16: 0000000000000000 
[  194.543151] x15: 0000000000000001 x14: 0000000000000000 
[  194.546641] x13: 0000000000000006 x12: 00000000c0a80164 
[  194.551580] x11: 0000000000000000 x10: 0000000000000068 
[  194.554470] x9 : ffff00007805e200 x8 : ffff800011f63c30 
[  194.555316] x7 : 0000000042f00000 x6 : 0000000000003db0 
[  194.556429] x5 : ffff000080000000 x4 : ffff0004780e3800 
[  194.558537] x3 : 0045c62807bb2c87 x2 : 000000002e000000 
[  194.559166] x1 : ffff0000780e3800 x0 : 0000000000000000 
[  194.562137] Call trace:
[  194.563862]  __ip_local_out+0x80/0x158
[  194.569590]  ip_local_out+0x20/0x58
[  194.570307]  ip_send_skb+0x1c/0xa8
[  194.570634]  udp_send_skb.isra.0+0x11c/0x368
[  194.570895]  udp_sendmsg+0x710/0x860
[  194.573819]  inet_sendmsg+0x40/0x68
[  194.578691]  __sys_sendto+0xd4/0x150
[  194.580546]  __arm64_sys_sendto+0x24/0x30
[  194.584166]  el0_svc_common.constprop.0+0x68/0x160
[  194.586027]  el0_svc_handler+0x20/0x80
[  194.586436]  el0_svc+0x8/0xc
[  194.589531] Code: ab000062 8b040824 9a000063 d503201f (b84044a0) 
[  194.597680] ---[ end trace e2d795f1aab199ef ]---
