[  192.285472] kernel BUG at arch/arm64/kernel/traps.c:405!
[  192.296813] Internal error: Oops - BUG: 0 [#1] PREEMPT SMP
[  192.301871] Modules linked in:
[  192.308297] CPU: 2 PID: 495 Comm: python3 Not tainted 5.4.18 #2
[  192.309454] Hardware name: linux,dummy-virt (DT)
[  192.315704] pstate: 00000005 (nzcv daif -PAN -UAO)
[  192.322233] pc : do_undefinstr+0x2ec/0x310
[  192.323101] lr : do_undefinstr+0x1e0/0x310
[  192.324337] sp : ffff800011f9b8a0
[  192.325051] x29: ffff800011f9b8a0 x28: ffff0000780a5400 
[  192.328209] x27: ffff800011f9bd80 x26: 0000000000000011 
[  192.329823] x25: 0000000000000012 x24: 0000000000000000 
[  192.332329] x23: 0000000060000005 x22: ffff800010b787c8 
[  192.333590] x21: ffff800011f9ba40 x20: ffff0000780a5400 
[  192.334747] x19: ffff800011f9b900 x18: 0000000000000000 
[  192.336692] x17: 0000000000000000 x16: 0000000000000000 
[  192.337705] x15: 0000000000000001 x14: 0000000000000000 
[  192.338800] x13: 0000000000000006 x12: 00000000c0a80164 
[  192.339794] x11: 0000000000000000 x10: 0000000000000068 
[  192.341312] x9 : ffff0000780a5400 x8 : ffff800011f9bc30 
[  192.345264] x7 : 0000000013300000 x6 : ffff800011f9b8f8 
[  192.347407] x5 : 00000000d5300000 x4 : ffff8000117c51f0 
[  192.348758] x3 : 00000000d2600000 x2 : 0000000000000000 
[  192.349839] x1 : ffff0000780a5400 x0 : 0000000060000005 
[  192.352121] Call trace:
[  192.353118]  do_undefinstr+0x2ec/0x310
[  192.353976]  el1_undef+0x10/0x84
[  192.354769]  __ip_local_out+0x98/0x158
[  192.355506]  ip_local_out+0x20/0x58
[  192.356418]  ip_send_skb+0x1c/0xa8
[  192.359440]  udp_send_skb.isra.0+0x11c/0x368
[  192.362425]  udp_sendmsg+0x710/0x860
[  192.363134]  inet_sendmsg+0x40/0x68
[  192.363845]  __sys_sendto+0xd4/0x150
[  192.364505]  __arm64_sys_sendto+0x24/0x30
[  192.365217]  el0_svc_common.constprop.0+0x68/0x160
[  192.366089]  el0_svc_handler+0x20/0x80
[  192.366948]  el0_svc+0x8/0xc
[  192.369662] Code: f9401bf7 17ffff7c a9025bf5 f9001bf7 (d4210000) 
[  192.374837] ---[ end trace a552b767aab64cd1 ]---
[  192.376898] note: python3[495] exited with preempt_count 1
[  192.432922] ------------[ cut here ]------------
[  192.438445] WARNING: CPU: 2 PID: 0 at kernel/rcu/tree.c:569 rcu_idle_enter+0x74/0x80
[  192.439301] Modules linked in:
[  192.440382] CPU: 2 PID: 0 Comm: swapper/2 Tainted: G      D           5.4.18 #2
[  192.440882] Hardware name: linux,dummy-virt (DT)
[  192.441187] pstate: 200003c5 (nzCv DAIF -PAN -UAO)
[  192.441497] pc : rcu_idle_enter+0x74/0x80
[  192.442147] lr : do_idle+0x200/0x288
[  192.442513] sp : ffff800011a53f20
[  192.444788] x29: ffff800011a53f20 x28: 0000000000000000 
[  192.445684] x27: 0000000000000000 x26: 0000000000000000 
[  192.446507] x25: 0000000000000000 x24: ffff8000117ba214 
[  192.448794] x23: ffff00007b0c2a00 x22: ffff800011404ab8 
[  192.449410] x21: ffff8000117ba1f0 x20: 0000000000000002 
[  192.450397] x19: ffff8000117ba118 x18: 0000000000000010 
[  192.454043] x17: 0000000000000000 x16: 0000000000000000 
[  192.456978] x15: ffff0000780a5870 x14: 0000000000000001 
[  192.457830] x13: 0000000000002c9f x12: 0000000000000019 
[  192.464841] x11: 0000000000b29b51 x10: 00000000000009c0 
[  192.465991] x9 : ffff800011a53e90 x8 : ffff00007b0c3420 
[  192.469875] x7 : ffff80006c76d000 x6 : 000006d1acd4503c 
[  192.470214] x5 : 00ffffffffffffff x4 : 0017c1d24b7db534 
[  192.472590] x3 : 4000000000000002 x2 : 4000000000000000 
[  192.474264] x1 : ffff800011406980 x0 : ffff00007db73980 
[  192.480327] Call trace:
[  192.481676]  rcu_idle_enter+0x74/0x80
[  192.484529]  do_idle+0x200/0x288
[  192.484797]  cpu_startup_entry+0x20/0x40
[  192.484977]  secondary_start_kernel+0x154/0x190
[  192.487648] ---[ end trace a552b767aab64cd2 ]---
