[  194.276670] Unable to handle kernel paging request at virtual address ffff000080000000
[  194.278113] Mem abort info:
[  194.278535]   ESR = 0x96000005
[  194.279157]   EC = 0x25: DABT (current EL), IL = 32 bits
[  194.281335]   SET = 0, FnV = 0
[  194.282244]   EA = 0, S1PTW = 0
[  194.282683] Data abort info:
[  194.283000]   ISV = 0, ISS = 0x00000005
[  194.283318]   CM = 0, WnR = 0
[  194.285897] swapper pgtable: 4k pages, 48-bit VAs, pgdp=00000000412a6000
[  194.290546] [ffff000080000000] pgd=00000000bdff8003, pud=0000000000000000
[  194.305103] Internal error: Oops: 96000005 [#1] PREEMPT SMP
[  194.321006] Modules linked in:
[  194.327221] CPU: 0 PID: 497 Comm: python3 Not tainted 5.4.18 #2
[  194.334475] Hardware name: linux,dummy-virt (DT)
[  194.336991] pstate: 80000005 (Nzcv daif -PAN -UAO)
[  194.339704] pc : __ip_local_out+0x80/0x158
[  194.341012] lr : ip_local_out+0x20/0x58
[  194.341752] sp : ffff800011f93a40
[  194.342764] x29: ffff800011f93a40 x28: 000000000000001a 
[  194.349058] x27: ffff800011f93d80 x26: 0000000000000011 
[  194.351575] x25: 0000000000000012 x24: ffff000078168624 
[  194.355954] x23: ffff800011f93c30 x22: ffff800011963ac0 
[  194.359062] x21: ffff000076d76900 x20: ffff00007b3caa80 
[  194.364925] x19: ffff000076d62a00 x18: 0000000000000000 
[  194.367342] x17: 0000000000000000 x16: 0000000000000000 
[  194.371107] x15: 0000000000000001 x14: 0000000000000000 
[  194.375297] x13: 0000000000000006 x12: 00000000c0a80164 
[  194.381023] x11: 0000000000000000 x10: 0000000000000068 
[  194.385065] x9 : ffff000076d62a00 x8 : ffff800011f93c30 
[  194.387786] x7 : 000000001d300000 x6 : 0000000000002ea2 
[  194.391312] x5 : ffff000080000000 x4 : fffb000265093024 
[  194.398417] x3 : 6e863cd108b0cb62 x2 : 6e42467b2e001185 
[  194.412329] x1 : ffff000078168610 x0 : 0000000000000000 
[  194.414005] Call trace:
[  194.414782]  __ip_local_out+0x80/0x158
[  194.425211]  ip_local_out+0x20/0x58
[  194.434617]  ip_send_skb+0x1c/0xa8
[  194.441667]  udp_send_skb.isra.0+0x11c/0x368
[  194.446951]  udp_sendmsg+0x710/0x860
[  194.450153]  inet_sendmsg+0x40/0x68
[  194.454726]  __sys_sendto+0xd4/0x150
[  194.458438]  __arm64_sys_sendto+0x24/0x30
[  194.463942]  el0_svc_common.constprop.0+0x68/0x160
[  194.464653]  el0_svc_handler+0x20/0x80
[  194.469017]  el0_svc+0x8/0xc
[  194.485147] Code: ab000062 8b040824 9a000063 d503201f (b84044a0) 
[  194.487091] ---[ end trace 834858fc2ec407c5 ]---
