[  194.226976] Unable to handle kernel paging request at virtual address ffff800079fdfce8
[  194.228307] Mem abort info:
[  194.228699]   ESR = 0x96000005
[  194.230395]   EC = 0x25: DABT (current EL), IL = 32 bits
[  194.237897]   SET = 0, FnV = 0
[  194.239201]   EA = 0, S1PTW = 0
[  194.241299] Data abort info:
[  194.243914]   ISV = 0, ISS = 0x00000005
[  194.246753]   CM = 0, WnR = 0
[  194.250804] swapper pgtable: 4k pages, 48-bit VAs, pgdp=00000000412a6000
[  194.262585] [ffff800079fdfce8] pgd=00000000bdfff003, pud=0000000000000000
[  194.273085] Internal error: Oops: 96000005 [#1] PREEMPT SMP
[  194.275219] Modules linked in:
[  194.281354] CPU: 0 PID: 496 Comm: python3 Not tainted 5.4.18 #2
[  194.281947] Hardware name: linux,dummy-virt (DT)
[  194.286200] pstate: 60000005 (nZCv daif -PAN -UAO)
[  194.288147] pc : __ip_local_out+0x34/0x158
[  194.295877] lr : ip_local_out+0x20/0x58
[  194.296519] sp : ffff800011fdba40
[  194.299289] x29: ffff800011fdba40 x28: 000000000000001a 
[  194.301486] x27: ffff800011fdbd80 x26: 0000000000000011 
[  194.303854] x25: 0000000000000012 x24: ffff000078157e24 
[  194.307740] x23: ffff800011fdbc30 x22: ffff800011963ac0 
[  194.312887] x21: ffff800079fdfc30 x20: ffff00007a9472c0 
[  194.315739] x19: ffff0000797f0e00 x18: 0000000000000000 
[  194.317836] x17: 0000000000000000 x16: 0000000000000000 
[  194.318569] x15: 0000000000000001 x14: 0000000000000000 
[  194.319021] x13: 0000000000000006 x12: 00000000c0a80164 
[  194.322232] x11: 0000000000000000 x10: 0000000000000068 
[  194.323440] x9 : ffff0000797f0e00 x8 : ffff800011fdbc30 
[  194.327512] x7 : 0000000037700000 x6 : 00000000000044d1 
[  194.330613] x5 : 0000000000000024 x4 : 0000000000000000 
[  194.332236] x3 : 0000000000000000 x2 : ffff0000782cd400 
[  194.335934] x1 : ffff00007a9472c0 x0 : 0000000000000010 
[  194.340360] Call trace:
[  194.342284]  __ip_local_out+0x34/0x158
[  194.344001]  ip_local_out+0x20/0x58
[  194.345789]  ip_send_skb+0x1c/0xa8
[  194.346207]  udp_send_skb.isra.0+0x11c/0x368
[  194.346665]  udp_sendmsg+0x710/0x860
[  194.347069]  inet_sendmsg+0x40/0x68
[  194.347483]  __sys_sendto+0xd4/0x150
[  194.348692]  __arm64_sys_sendto+0x24/0x30
[  194.350836]  el0_svc_common.constprop.0+0x68/0x160
[  194.352447]  el0_svc_handler+0x20/0x80
[  194.355544]  el0_svc+0x8/0xc
[  194.361026] Code: f9423a63 f9003fe3 d2800003 79415840 (f9405ea3) 
[  194.363648] ---[ end trace ea38c5b39b953481 ]---
