[  192.821039] kernel BUG at arch/arm64/kernel/traps.c:405!
[  192.835349] Internal error: Oops - BUG: 0 [#1] PREEMPT SMP
[  192.836882] Modules linked in:
[  192.839949] CPU: 0 PID: 493 Comm: python3 Not tainted 5.4.18 #2
[  192.841223] Hardware name: linux,dummy-virt (DT)
[  192.843862] pstate: 00000005 (nzcv daif -PAN -UAO)
[  192.854692] pc : do_undefinstr+0x2ec/0x310
[  192.856166] lr : do_undefinstr+0x1e0/0x310
[  192.857059] sp : ffff8000120a38a0
[  192.857853] x29: ffff8000120a38a0 x28: ffff0000792a3800 
[  192.858961] x27: ffff8000120a3d80 x26: 0000000000000011 
[  192.860233] x25: 0000000000000012 x24: 0000000000000000 
[  192.863965] x23: 0000000060000005 x22: ffff800010b787cc 
[  192.866956] x21: ffff8000120a3a40 x20: ffff0000792a3800 
[  192.868376] x19: ffff8000120a3900 x18: 0000000000000000 
[  192.869393] x17: 0000000000000000 x16: 0000000000000000 
[  192.870421] x15: 0000000000000001 x14: 0000000000000000 
[  192.871386] x13: 0000000000000006 x12: 00000000c0a80164 
[  192.872743] x11: 0000000000000000 x10: 0000000000000068 
[  192.873923] x9 : ffff0000792a3800 x8 : ffff8000120a3c30 
[  192.874821] x7 : 000000004b100000 x6 : ffff8000120a38f8 
[  192.875753] x5 : 00000000d5300000 x4 : ffff8000117c51f0 
[  192.876848] x3 : 0000000053800000 x2 : 0000000000000000 
[  192.879374] x1 : ffff0000792a3800 x0 : 0000000060000005 
[  192.883323] Call trace:
[  192.884285]  do_undefinstr+0x2ec/0x310
[  192.885071]  el1_undef+0x10/0x84
[  192.885703]  __ip_local_out+0x9c/0x158
[  192.886417]  ip_local_out+0x20/0x58
[  192.887047]  ip_send_skb+0x1c/0xa8
[  192.887666]  udp_send_skb.isra.0+0x11c/0x368
[  192.888830]  udp_sendmsg+0x710/0x860
[  192.889670]  inet_sendmsg+0x40/0x68
[  192.890338]  __sys_sendto+0xd4/0x150
[  192.890983]  __arm64_sys_sendto+0x24/0x30
[  192.891808]  el0_svc_common.constprop.0+0x68/0x160
[  192.892603]  el0_svc_handler+0x20/0x80
[  192.893728]  el0_svc+0x8/0xc
[  192.899675] Code: f9401bf7 17ffff7c a9025bf5 f9001bf7 (d4210000) 
[  192.903633] ---[ end trace 3082adc5bd90cfe5 ]---
[  192.905675] note: python3[493] exited with preempt_count 1
[  193.016071] ------------[ cut here ]------------
[  193.024686] WARNING: CPU: 0 PID: 0 at kernel/rcu/tree.c:569 rcu_idle_enter+0x74/0x80
[  193.039130] Modules linked in:
[  193.045969] CPU: 0 PID: 0 Comm: swapper/0 Tainted: G      D           5.4.18 #2
[  193.050486] Hardware name: linux,dummy-virt (DT)
[  193.051920] pstate: 200003c5 (nzCv DAIF -PAN -UAO)
[  193.053204] pc : rcu_idle_enter+0x74/0x80
[  193.054149] lr : do_idle+0x200/0x288
[  193.054976] sp : ffff8000117b3eb0
[  193.057128] x29: ffff8000117b3eb0 x28: 00000000412b0018 
[  193.057870] x27: 0000000000000000 x26: 0000000000000000 
[  193.058455] x25: 0000000000000000 x24: ffff8000117ba214 
[  193.059152] x23: ffff8000117c2d80 x22: ffff800011404ab8 
[  193.059673] x21: ffff8000117ba1f0 x20: 0000000000000000 
[  193.061596] x19: ffff8000117ba118 x18: 0000000000000010 
[  193.062378] x17: 0000000000000000 x16: 0000000000000000 
[  193.062935] x15: 00000000000000c3 x14: 0000000000000000 
[  193.063412] x13: 0000000000000003 x12: 00000000000000c3 
[  193.064690] x11: 0000000000000001 x10: 00000000000009c0 
[  193.065568] x9 : ffff8000117b3e20 x8 : ffff8000117c37a0 
[  193.066661] x7 : 0000000000000400 x6 : 000006f881492483 
[  193.067146] x5 : 00ffffffffffffff x4 : ffff80006c741000 
[  193.067537] x3 : 4000000000000002 x2 : 4000000000000000 
[  193.069578] x1 : ffff800011406980 x0 : ffff00007db47980 
[  193.070879] Call trace:
[  193.071457]  rcu_idle_enter+0x74/0x80
[  193.072952]  do_idle+0x200/0x288
[  193.073357]  cpu_startup_entry+0x20/0x40
[  193.073689]  rest_init+0xd4/0xe0
[  193.074059]  arch_call_rest_init+0xc/0x14
[  193.074449]  start_kernel+0x420/0x450
[  193.074882] ---[ end trace 3082adc5bd90cfe6 ]---
