[  192.301086] Unable to handle kernel paging request at virtual address ffff800110a78000
[  192.303301] Mem abort info:
[  192.303751]   ESR = 0x96000005
[  192.305480]   EC = 0x25: DABT (current EL), IL = 32 bits
[  192.306735]   SET = 0, FnV = 0
[  192.307813]   EA = 0, S1PTW = 0
[  192.315525] Data abort info:
[  192.317250]   ISV = 0, ISS = 0x00000005
[  192.320253]   CM = 0, WnR = 0
[  192.323321] swapper pgtable: 4k pages, 48-bit VAs, pgdp=00000000412a6000
[  192.330113] [ffff800110a78000] pgd=00000000bdfff003, pud=0000000000000000
[  192.335726] Internal error: Oops: 96000005 [#1] PREEMPT SMP
[  192.341300] Modules linked in:
[  192.344505] CPU: 3 PID: 494 Comm: python3 Not tainted 5.4.18 #2
[  192.348429] Hardware name: linux,dummy-virt (DT)
[  192.357109] pstate: 60000005 (nZCv daif -PAN -UAO)
[  192.362371] pc : __ip_local_out+0xc0/0x158
[  192.366816] lr : ip_local_out+0x20/0x58
[  192.368318] sp : ffff800011f93a40
[  192.371512] x29: ffff800011f93a40 x28: 000000000000001a 
[  192.374202] x27: ffff800011f93d80 x26: 0000000000000011 
[  192.382209] x25: 0000000000000012 x24: ffff000078288224 
[  192.386416] x23: ffff800011f93c30 x22: ffff800011963ac0 
[  192.393163] x21: ffff000079716b00 x20: ffff000079732200 
[  192.397096] x19: ffff0000781caa00 x18: 0000000000000000 
[  192.398596] x17: 0000000000000000 x16: 0000000000000000 
[  192.401206] x15: 0000000000000001 x14: 0000000000000000 
[  192.401816] x13: 0000000000000006 x12: 00000000c0a80164 
[  192.402379] x11: 0000000000000000 x10: 0000000000000068 
[  192.405943] x9 : ffff0000781caa00 x8 : ffff800011f93c30 
[  192.407276] x7 : 00000000ece00000 x6 : 00000000000038e7 
[  192.408399] x5 : ffff000078288224 x4 : ffff000078288224 
[  192.408981] x3 : 00000000ffffcb73 x2 : 0000000034480044 
[  192.411795] x1 : 0000000000000008 x0 : ffff800110a78000 
[  192.415644] Call trace:
[  192.417577]  __ip_local_out+0xc0/0x158
[  192.418063]  ip_local_out+0x20/0x58
[  192.418751]  ip_send_skb+0x1c/0xa8
[  192.420284]  udp_send_skb.isra.0+0x11c/0x368
[  192.425417]  udp_sendmsg+0x710/0x860
[  192.438155]  inet_sendmsg+0x40/0x68
[  192.439649]  __sys_sendto+0xd4/0x150
[  192.440978]  __arm64_sys_sendto+0x24/0x30
[  192.448084]  el0_svc_common.constprop.0+0x68/0x160
[  192.453340]  el0_svc_handler+0x20/0x80
[  192.457958]  el0_svc+0x8/0xc
[  192.468164] Code: f9402ea0 52800101 790152a1 907ff800 (f9400018) 
[  192.474030] ---[ end trace a07184e7c07ad4b7 ]---
