[  194.326799] Bad mode in Synchronous Abort handler detected on CPU6, code 0x56000009 -- SVC (AArch64)
[  194.357176] Kernel panic - not syncing: bad mode
[  194.366189] CPU: 6 PID: 492 Comm: python3 Not tainted 5.4.18 #2
[  194.368723] Hardware name: linux,dummy-virt (DT)
[  194.371937] Call trace:
[  194.381333]  dump_backtrace+0x0/0x140
[  194.387548]  show_stack+0x14/0x20
[  194.390929]  dump_stack+0xb4/0xf8
[  194.392056]  panic+0x158/0x324
[  194.393381]  arm64_serror_panic+0x0/0x80
[  194.397057]  el1_inv+0x18/0x58
[  194.398159]  __ip_local_out+0x134/0x158
[  194.401665]  ip_local_out+0x20/0x58
[  194.405548]  ip_send_skb+0x1c/0xa8
[  194.409567]  udp_send_skb.isra.0+0x11c/0x368
[  194.409769]  udp_sendmsg+0x710/0x860
[  194.412544]  inet_sendmsg+0x40/0x68
[  194.417279]  __sys_sendto+0xd4/0x150
[  194.419118]  __arm64_sys_sendto+0x24/0x30
[  194.420773]  el0_svc_common.constprop.0+0x68/0x160
[  194.423916]  el0_svc_handler+0x20/0x80
[  194.424638]  el0_svc+0x8/0xc
[  194.429517] SMP: stopping secondary CPUs
[  194.435376] Kernel Offset: disabled
[  194.437384] CPU features: 0x0002,20006000
[  194.439144] Memory Limit: none
[  194.442434] ---[ end Kernel panic - not syncing: bad mode ]---
