[  194.689968] kernel BUG at arch/arm64/kernel/traps.c:405!
[  194.698983] Internal error: Oops - BUG: 0 [#1] PREEMPT SMP
[  194.707247] Modules linked in:
[  194.713911] CPU: 4 PID: 495 Comm: python3 Not tainted 5.4.18 #2
[  194.716519] Hardware name: linux,dummy-virt (DT)
[  194.719075] pstate: 00000005 (nzcv daif -PAN -UAO)
[  194.725262] pc : do_undefinstr+0x2ec/0x310
[  194.726162] lr : do_undefinstr+0x1e0/0x310
[  194.726962] sp : ffff800011f8b8a0
[  194.727587] x29: ffff800011f8b8a0 x28: ffff00007b325400 
[  194.729697] x27: ffff800011f8bd80 x26: 0000000000000011 
[  194.730789] x25: 0000000000000012 x24: 0000000000000000 
[  194.735653] x23: 0000000000000005 x22: ffff800010b787ac 
[  194.738178] x21: ffff800011f8ba40 x20: ffff00007b325400 
[  194.739124] x19: ffff800011f8b900 x18: 0000000000000000 
[  194.739965] x17: 0000000000000000 x16: 0000000000000000 
[  194.741203] x15: 0000000000000001 x14: 0000000000000000 
[  194.744916] x13: 0000000000000006 x12: 00000000c0a80164 
[  194.748029] x11: 0000000000000000 x10: 0000000000000068 
[  194.748899] x9 : ffff00007b325400 x8 : ffff800011f8bc30 
[  194.749743] x7 : 00000000a9300000 x6 : ffff800011f8b8f8 
[  194.750617] x5 : 00000000d5300000 x4 : ffff8000117c51f0 
[  194.751542] x3 : 00000000c5000000 x2 : 0000000000000000 
[  194.752383] x1 : ffff00007b325400 x0 : 0000000000000005 
[  194.754332] Call trace:
[  194.755194]  do_undefinstr+0x2ec/0x310
[  194.755923]  el1_undef+0x10/0x84
[  194.756508]  __ip_local_out+0x7c/0x158
[  194.757513]  ip_local_out+0x20/0x58
[  194.758127]  ip_send_skb+0x1c/0xa8
[  194.758702]  udp_send_skb.isra.0+0x11c/0x368
[  194.762051]  udp_sendmsg+0x710/0x860
[  194.763121]  inet_sendmsg+0x40/0x68
[  194.764177]  __sys_sendto+0xd4/0x150
[  194.764806]  __arm64_sys_sendto+0x24/0x30
[  194.765447]  el0_svc_common.constprop.0+0x68/0x160
[  194.765984]  el0_svc_handler+0x20/0x80
[  194.766359]  el0_svc+0x8/0xc
[  194.768346] Code: f9401bf7 17ffff7c a9025bf5 f9001bf7 (d4210000) 
[  194.772894] ---[ end trace fff7fae3d5348008 ]---
[  194.775466] note: python3[495] exited with preempt_count 1
[  194.866965] ------------[ cut here ]------------
[  194.873510] WARNING: CPU: 4 PID: 0 at kernel/rcu/tree.c:569 rcu_idle_enter+0x74/0x80
[  194.880982] Modules linked in:
[  194.885463] CPU: 4 PID: 0 Comm: swapper/4 Tainted: G      D           5.4.18 #2
[  194.889542] Hardware name: linux,dummy-virt (DT)
[  194.891133] pstate: 200003c5 (nzCv DAIF -PAN -UAO)
[  194.892572] pc : rcu_idle_enter+0x74/0x80
[  194.896517] lr : do_idle+0x200/0x288
[  194.897832] sp : ffff800011a63f20
[  194.899001] x29: ffff800011a63f20 x28: 0000000000000000 
[  194.900645] x27: 0000000000000000 x26: 0000000000000000 
[  194.903310] x25: 0000000000000000 x24: ffff8000117ba214 
[  194.903929] x23: ffff00007b0c4600 x22: ffff800011404ab8 
[  194.904384] x21: ffff8000117ba1f0 x20: 0000000000000004 
[  194.904804] x19: ffff8000117ba118 x18: 0000000000000010 
[  194.905357] x17: 0000000000000000 x16: 0000000000000000 
[  194.905713] x15: ffff00007b325870 x14: 0000000000000000 
[  194.906408] x13: 00000000000032e4 x12: 0000000000000160 
[  194.906778] x11: 0000000000cbb5be x10: 00000000000009c0 
[  194.907133] x9 : ffff800011a63e90 x8 : ffff00007b0c5020 
[  194.907484] x7 : 0000000000000004 x6 : 000005f75ef301d5 
[  194.907837] x5 : 00ffffffffffffff x4 : ffff80006c799000 
[  194.908881] x3 : 4000000000000002 x2 : 4000000000000000 
[  194.909416] x1 : ffff800011406980 x0 : ffff00007db9f980 
[  194.910800] Call trace:
[  194.911133]  rcu_idle_enter+0x74/0x80
[  194.911615]  do_idle+0x200/0x288
[  194.911954]  cpu_startup_entry+0x20/0x40
[  194.912883]  secondary_start_kernel+0x154/0x190
[  194.913437] ---[ end trace fff7fae3d5348009 ]---
