[  196.100043] Unable to handle kernel NULL pointer dereference at virtual address 0000000000000024
[  196.110570] Mem abort info:
[  196.111350]   ESR = 0x96000006
[  196.118345]   EC = 0x25: DABT (current EL), IL = 32 bits
[  196.120374]   SET = 0, FnV = 0
[  196.121042]   EA = 0, S1PTW = 0
[  196.121643] Data abort info:
[  196.121785]   ISV = 0, ISS = 0x00000006
[  196.122044]   CM = 0, WnR = 0
[  196.122446] user pgtable: 4k pages, 48-bit VAs, pgdp=00000000b6e40000
[  196.123029] [0000000000000024] pgd=00000000b240b003, pud=00000000b5e6a003, pmd=0000000000000000
[  196.127161] Internal error: Oops: 96000006 [#1] PREEMPT SMP
[  196.130074] Modules linked in:
[  196.133359] CPU: 0 PID: 495 Comm: python3 Not tainted 5.4.18 #2
[  196.137420] Hardware name: linux,dummy-virt (DT)
[  196.140618] pstate: 00000005 (nzcv daif -PAN -UAO)
[  196.145769] pc : __ip_local_out+0x80/0x158
[  196.149466] lr : ip_local_out+0x20/0x58
[  196.150900] sp : ffff800011f4ba40
[  196.151051] x29: ffff800011f4ba40 x28: 000000000000001a 
[  196.151930] x27: ffff800011f4bd80 x26: 0000000000000011 
[  196.153562] x25: 0000000000000012 x24: ffff0000782b9224 
[  196.154233] x23: ffff800011f4bc30 x22: ffff800011963ac0 
[  196.155002] x21: ffff00007811c600 x20: ffff0000796b1540 
[  196.155589] x19: ffff000075c5f000 x18: 0000000000000000 
[  196.155944] x17: 0000000000000000 x16: 0000000000000000 
[  196.156298] x15: 0000000000000001 x14: 0000000000000000 
[  196.157794] x13: 0000000000000006 x12: 00000000c0a80164 
[  196.158159] x11: 0000000000000000 x10: 0000000000000068 
[  196.158531] x9 : ffff000075c5f000 x8 : ffff800011f4bc30 
[  196.158884] x7 : 00000000e9800000 x6 : 000000000000fc8f 
[  196.159231] x5 : 0000000000000024 x4 : ffff0000782b9224 
[  196.160489] x3 : 6e4251e52e001185 x2 : 6e4251e52e001185 
[  196.160867] x1 : ffff0000782b9210 x0 : 6e01a8c000001140 
[  196.161562] Call trace:
[  196.161946]  __ip_local_out+0x80/0x158
[  196.162354]  ip_local_out+0x20/0x58
[  196.162608]  ip_send_skb+0x1c/0xa8
[  196.162869]  udp_send_skb.isra.0+0x11c/0x368
[  196.163255]  udp_sendmsg+0x710/0x860
[  196.164851]  inet_sendmsg+0x40/0x68
[  196.165252]  __sys_sendto+0xd4/0x150
[  196.165796]  __arm64_sys_sendto+0x24/0x30
[  196.166545]  el0_svc_common.constprop.0+0x68/0x160
[  196.166810]  el0_svc_handler+0x20/0x80
[  196.166967]  el0_svc+0x8/0xc
[  196.168136] Code: ab000062 8b040824 9a000063 d503201f (b84044a0) 
[  196.176736] ---[ end trace d26db750649d29ff ]---
