[  206.087502] kernel BUG at arch/arm64/kernel/traps.c:405!
[  206.091589] Internal error: Oops - BUG: 0 [#1] PREEMPT SMP
[  206.092866] Modules linked in:
[  206.097162] CPU: 0 PID: 494 Comm: python3 Not tainted 5.4.18 #2
[  206.098314] Hardware name: linux,dummy-virt (DT)
[  206.100874] pstate: 00000005 (nzcv daif -PAN -UAO)
[  206.104913] pc : do_undefinstr+0x2ec/0x310
[  206.105463] lr : do_undefinstr+0x1e0/0x310
[  206.105941] sp : ffff800011ef38a0
[  206.106334] x29: ffff800011ef38a0 x28: ffff00007a962a00 
[  206.107008] x27: ffff800011ef3d80 x26: 0000000000000011 
[  206.107555] x25: 0000000000000012 x24: 0000000000000000 
[  206.108159] x23: 0000000000000005 x22: ffff800010b787ac 
[  206.108646] x21: ffff800011ef3a40 x20: ffff00007a962a00 
[  206.109169] x19: ffff800011ef3900 x18: 0000000000000000 
[  206.109668] x17: 0000000000000000 x16: 0000000000000000 
[  206.110198] x15: 0000000000000001 x14: 0000000000000000 
[  206.110784] x13: 0000000000000006 x12: 00000000c0a80164 
[  206.111400] x11: 0000000000000000 x10: 0000000000000068 
[  206.111995] x9 : ffff00007a962a00 x8 : ffff800011ef3c30 
[  206.112603] x7 : 000000001c800000 x6 : ffff800011ef38f8 
[  206.113244] x5 : 00000000d5300000 x4 : ffff8000117c51f0 
[  206.113867] x3 : 00000000d5000000 x2 : 0000000000000000 
[  206.114501] x1 : ffff00007a962a00 x0 : 0000000000000005 
[  206.116253] Call trace:
[  206.117855]  do_undefinstr+0x2ec/0x310
[  206.119315]  el1_undef+0x10/0x84
[  206.119876]  __ip_local_out+0x7c/0x158
[  206.120423]  ip_local_out+0x20/0x58
[  206.120871]  ip_send_skb+0x1c/0xa8
[  206.121385]  udp_send_skb.isra.0+0x11c/0x368
[  206.121898]  udp_sendmsg+0x710/0x860
[  206.122351]  inet_sendmsg+0x40/0x68
[  206.122781]  __sys_sendto+0xd4/0x150
[  206.123211]  __arm64_sys_sendto+0x24/0x30
[  206.123647]  el0_svc_common.constprop.0+0x68/0x160
[  206.124111]  el0_svc_handler+0x20/0x80
[  206.124488]  el0_svc+0x8/0xc
[  206.125735] Code: f9401bf7 17ffff7c a9025bf5 f9001bf7 (d4210000) 
[  206.128924] ---[ end trace 4e1e8744cc63e9e4 ]---
[  206.129930] note: python3[494] exited with preempt_count 1
[  206.188816] ------------[ cut here ]------------
[  206.196014] WARNING: CPU: 0 PID: 0 at kernel/rcu/tree.c:569 rcu_idle_enter+0x74/0x80
[  206.198304] Modules linked in:
[  206.200741] CPU: 0 PID: 0 Comm: swapper/0 Tainted: G      D           5.4.18 #2
[  206.202540] Hardware name: linux,dummy-virt (DT)
[  206.203149] pstate: 200003c5 (nzCv DAIF -PAN -UAO)
[  206.204892] pc : rcu_idle_enter+0x74/0x80
[  206.205765] lr : do_idle+0x200/0x288
[  206.206084] sp : ffff8000117b3eb0
[  206.212842] x29: ffff8000117b3eb0 x28: 00000000412b0018 
[  206.213204] x27: 0000000000000000 x26: 0000000000000000 
[  206.214125] x25: 0000000000000000 x24: ffff8000117ba214 
[  206.214603] x23: ffff8000117c2d80 x22: ffff800011404ab8 
[  206.215922] x21: ffff8000117ba1f0 x20: 0000000000000000 
[  206.217241] x19: ffff8000117ba118 x18: 0000000000000010 
[  206.217764] x17: 0000000000000000 x16: 0000000000000000 
[  206.218274] x15: 00000000000003f5 x14: 0000000000000000 
[  206.218779] x13: 0000000000000002 x12: 00000000000003f5 
[  206.219170] x11: 0000000000000001 x10: 00000000000009c0 
[  206.220482] x9 : ffff8000117b3e20 x8 : ffff8000117c37a0 
[  206.221206] x7 : 00000000000003ab x6 : 000005c87036adac 
[  206.221800] x5 : 00ffffffffffffff x4 : ffff80006c741000 
[  206.222499] x3 : 4000000000000002 x2 : 4000000000000000 
[  206.222825] x1 : ffff800011406980 x0 : ffff00007db47980 
[  206.223432] Call trace:
[  206.223831]  rcu_idle_enter+0x74/0x80
[  206.224558]  do_idle+0x200/0x288
[  206.224730]  cpu_startup_entry+0x20/0x40
[  206.224956]  rest_init+0xd4/0xe0
[  206.225223]  arch_call_rest_init+0xc/0x14
[  206.225463]  start_kernel+0x420/0x450
[  206.225721] ---[ end trace 4e1e8744cc63e9e5 ]---
