[  193.603386] Kernel panic - not syncing: stack-protector: Kernel stack is corrupted in: __ip_local_out+0x158/0x158
[  193.613027] CPU: 4 PID: 496 Comm: python3 Not tainted 5.4.18 #2
[  193.614268] Hardware name: linux,dummy-virt (DT)
[  193.618060] Call trace:
[  193.620377]  dump_backtrace+0x0/0x140
[  193.621668]  show_stack+0x14/0x20
[  193.622692]  dump_stack+0xb4/0xf8
[  193.623559]  panic+0x158/0x324
[  193.624691]  __stack_chk_fail+0x1c/0x20
[  193.626267]  ip_local_out+0x0/0x58
[  193.627554]  ip_local_out+0x20/0x58
[  193.628196]  ip_send_skb+0x1c/0xa8
[  193.629312]  udp_send_skb.isra.0+0x11c/0x368
[  193.630049]  udp_sendmsg+0x710/0x860
[  193.631044]  inet_sendmsg+0x40/0x68
[  193.631977]  __sys_sendto+0xd4/0x150
[  193.633161]  __arm64_sys_sendto+0x24/0x30
[  193.634462]  el0_svc_common.constprop.0+0x68/0x160
[  193.635628]  el0_svc_handler+0x20/0x80
[  193.636866]  el0_svc+0x8/0xc
[  193.644733] SMP: stopping secondary CPUs
[  193.652356] Kernel Offset: disabled
[  193.655788] CPU features: 0x0002,20006000
[  193.656861] Memory Limit: none
[  193.666037] ---[ end Kernel panic - not syncing: stack-protector: Kernel stack is corrupted in: __ip_local_out+0x158/0x158 ]---
