[  192.929978] Unable to handle kernel paging request at virtual address 0043b90c0043b915
[  192.932973] Mem abort info:
[  192.933705]   ESR = 0x96000044
[  192.934545]   EC = 0x25: DABT (current EL), IL = 32 bits
[  192.935484]   SET = 0, FnV = 0
[  192.938013]   EA = 0, S1PTW = 0
[  192.941234] Data abort info:
[  192.941605]   ISV = 0, ISS = 0x00000044
[  192.941955]   CM = 0, WnR = 1
[  192.944610] [0043b90c0043b915] address between user and kernel address ranges
[  192.950423] Internal error: Oops: 96000044 [#1] PREEMPT SMP
[  192.955859] Modules linked in:
[  192.961674] CPU: 3 PID: 497 Comm: python3 Not tainted 5.4.18 #2
[  192.962030] Hardware name: linux,dummy-virt (DT)
[  192.962736] pstate: 60000005 (nZCv daif -PAN -UAO)
[  192.966236] pc : __ip_local_out+0xa8/0x158
[  192.967053] lr : ip_local_out+0x20/0x58
[  192.969311] sp : ffff800011fb3a40
[  192.970886] x29: ffff800011fb3a40 x28: 000000000000001a 
[  192.973278] x27: ffff800011fb3d80 x26: 0000000000000011 
[  192.975555] x25: 0000000000000012 x24: ffff0000782ff424 
[  192.978631] x23: ffff800011fb3c30 x22: ffff800011963ac0 
[  192.981244] x21: ffff000078316f00 x20: ffff00007b22e1c0 
[  192.982631] x19: ffff00007943d400 x18: 0000000000000000 
[  192.983582] x17: 0000000000000000 x16: 0000000000000000 
[  192.985943] x15: 0000000000000001 x14: 0000000000000000 
[  192.986419] x13: 0000000000000006 x12: 00000000c0a80164 
[  192.986986] x11: 0000000000000000 x10: 0000000000000068 
[  192.987621] x9 : ffff00007943d400 x8 : ffff800011fb3c30 
[  192.989533] x7 : 00000000ab900000 x6 : 000000000000418c 
[  192.990542] x5 : ffff0000782ff424 x4 : ffff0000782ff424 
[  192.991376] x3 : 00000000ffff92f7 x2 : 00000000fec66e41 
[  192.992530] x1 : 0043b90c0043b90b x0 : 9201ba456e41fec6 
[  192.994138] Call trace:
[  192.994813]  __ip_local_out+0xa8/0x158
[  192.995381]  ip_local_out+0x20/0x58
[  192.995797]  ip_send_skb+0x1c/0xa8
[  192.997118]  udp_send_skb.isra.0+0x11c/0x368
[  192.997782]  udp_sendmsg+0x710/0x860
[  192.998122]  inet_sendmsg+0x40/0x68
[  192.998901]  __sys_sendto+0xd4/0x150
[  193.003418]  __arm64_sys_sendto+0x24/0x30
[  193.006571]  el0_svc_common.constprop.0+0x68/0x160
[  193.009872]  el0_svc_handler+0x20/0x80
[  193.010459]  el0_svc+0x8/0xc
[  193.016753] Code: d360fc63 13834062 0b030043 2a6343e3 (79001423) 
[  193.018534] ---[ end trace 9aac010dbc778bf8 ]---
