[  198.053959] Kernel panic - not syncing: stack-protector: Kernel stack is corrupted in: __ip_local_out+0x158/0x158
[  198.061227] CPU: 6 PID: 493 Comm: python3 Not tainted 5.4.18 #2
[  198.062373] Hardware name: linux,dummy-virt (DT)
[  198.064373] Call trace:
[  198.065350]  dump_backtrace+0x0/0x140
[  198.066050]  show_stack+0x14/0x20
[  198.066603]  dump_stack+0xb4/0xf8
[  198.067135]  panic+0x158/0x324
[  198.067718]  __stack_chk_fail+0x1c/0x20
[  198.068342]  ip_local_out+0x0/0x58
[  198.068901]  ip_local_out+0x20/0x58
[  198.069827]  ip_send_skb+0x1c/0xa8
[  198.070417]  udp_send_skb.isra.0+0x11c/0x368
[  198.071065]  udp_sendmsg+0x710/0x860
[  198.071697]  inet_sendmsg+0x40/0x68
[  198.072253]  __sys_sendto+0xd4/0x150
[  198.073072]  __arm64_sys_sendto+0x24/0x30
[  198.074579]  el0_svc_common.constprop.0+0x68/0x160
[  198.075652]  el0_svc_handler+0x20/0x80
[  198.076442]  el0_svc+0x8/0xc
[  198.079553] SMP: stopping secondary CPUs
[  198.081084] Kernel Offset: disabled
[  198.082080] CPU features: 0x0002,20006000
[  198.082626] Memory Limit: none
[  198.086280] ---[ end Kernel panic - not syncing: stack-protector: Kernel stack is corrupted in: __ip_local_out+0x158/0x158 ]---
