[  224.213652] kernel BUG at arch/arm64/kernel/traps.c:405!
[  224.214448] Internal error: Oops - BUG: 0 [#1] PREEMPT SMP
[  224.215903] Modules linked in:
[  224.218768] CPU: 5 PID: 494 Comm: python3 Not tainted 5.4.18 #2
[  224.220067] Hardware name: linux,dummy-virt (DT)
[  224.222575] pstate: 00000005 (nzcv daif -PAN -UAO)
[  224.224313] pc : do_undefinstr+0x2ec/0x310
[  224.225291] lr : do_undefinstr+0x1e0/0x310
[  224.226170] sp : ffff800011d838a0
[  224.226983] x29: ffff800011d838a0 x28: ffff000072928e00 
[  224.228254] x27: ffff800011d83d80 x26: 0000000000000011 
[  224.229559] x25: 0000000000000012 x24: 0000000000000000 
[  224.230530] x23: 0000000060000005 x22: ffff800010b78864 
[  224.231771] x21: ffff800011d83a40 x20: ffff000072928e00 
[  224.232811] x19: ffff800011d83900 x18: 0000000000000000 
[  224.235231] x17: 0000000000000000 x16: 0000000000000000 
[  224.237492] x15: 0000000000000001 x14: 0000000000000000 
[  224.238168] x13: 0000000000000006 x12: 00000000c0a80164 
[  224.239144] x11: 0000000000000000 x10: 0000000000000068 
[  224.240213] x9 : ffff000072928e00 x8 : ffff800011d83c30 
[  224.241585] x7 : 0000000073300000 x6 : ffff800011d838f8 
[  224.242774] x5 : 00000000d5300000 x4 : ffff8000117c51f0 
[  224.244023] x3 : 000000002a100000 x2 : 0000000000000000 
[  224.244998] x1 : ffff000072928e00 x0 : 0000000060000005 
[  224.247291] Call trace:
[  224.248460]  do_undefinstr+0x2ec/0x310
[  224.249546]  el1_undef+0x10/0x84
[  224.250666]  __ip_local_out+0x134/0x158
[  224.252954]  ip_local_out+0x20/0x58
[  224.253846]  ip_send_skb+0x1c/0xa8
[  224.255032]  udp_send_skb.isra.0+0x11c/0x368
[  224.256059]  udp_sendmsg+0x710/0x860
[  224.256954]  inet_sendmsg+0x40/0x68
[  224.257616]  __sys_sendto+0xd4/0x150
[  224.258344]  __arm64_sys_sendto+0x24/0x30
[  224.259271]  el0_svc_common.constprop.0+0x68/0x160
[  224.260148]  el0_svc_handler+0x20/0x80
[  224.260950]  el0_svc+0x8/0xc
[  224.263228] Code: f9401bf7 17ffff7c a9025bf5 f9001bf7 (d4210000) 
[  224.270940] ---[ end trace f1c6f2315a743cdb ]---
[  224.273206] note: python3[494] exited with preempt_count 1
[  224.360274] ------------[ cut here ]------------
[  224.361405] WARNING: CPU: 5 PID: 0 at kernel/rcu/tree.c:569 rcu_idle_enter+0x74/0x80
[  224.362130] Modules linked in:
[  224.362562] CPU: 5 PID: 0 Comm: swapper/5 Tainted: G      D           5.4.18 #2
[  224.362894] Hardware name: linux,dummy-virt (DT)
[  224.363374] pstate: 200003c5 (nzCv DAIF -PAN -UAO)
[  224.363678] pc : rcu_idle_enter+0x74/0x80
[  224.364974] lr : do_idle+0x200/0x288
[  224.367001] sp : ffff800011a6bf20
[  224.367582] x29: ffff800011a6bf20 x28: 0000000000000000 
[  224.369373] x27: 0000000000000000 x26: 0000000000000000 
[  224.371144] x25: 0000000000000000 x24: ffff8000117ba214 
[  224.373594] x23: ffff00007b0c5400 x22: ffff800011404ab8 
[  224.378819] x21: ffff8000117ba1f0 x20: 0000000000000005 
[  224.379360] x19: ffff8000117ba118 x18: 0000000000000010 
[  224.379641] x17: 0000000000000000 x16: 0000000000000000 
[  224.379929] x15: ffff000072929270 x14: 0000000000000001 
[  224.381892] x13: 000000000000253a x12: 000000000000016e 
[  224.383093] x11: 0000000000950452 x10: 00000000000009c0 
[  224.383643] x9 : ffff800011a6be90 x8 : ffff00007b0c5e20 
[  224.384508] x7 : 0000000000000005 x6 : 00000068a46d37d0 
[  224.392904] x5 : 00ffffffffffffff x4 : ffff80006c7af000 
[  224.395783] x3 : 4000000000000002 x2 : 4000000000000000 
[  224.396150] x1 : ffff800011406980 x0 : ffff00007dbb5980 
[  224.397564] Call trace:
[  224.397968]  rcu_idle_enter+0x74/0x80
[  224.398322]  do_idle+0x200/0x288
[  224.398808]  cpu_startup_entry+0x20/0x40
[  224.399414]  secondary_start_kernel+0x154/0x190
[  224.400194] ---[ end trace f1c6f2315a743cdc ]---
