[  193.169174] kernel BUG at arch/arm64/kernel/traps.c:405!
[  193.179035] Internal error: Oops - BUG: 0 [#1] PREEMPT SMP
[  193.183038] Modules linked in:
[  193.191236] CPU: 4 PID: 494 Comm: python3 Not tainted 5.4.18 #2
[  193.192896] Hardware name: linux,dummy-virt (DT)
[  193.195568] pstate: 00000005 (nzcv daif -PAN -UAO)
[  193.202469] pc : do_undefinstr+0x2ec/0x310
[  193.203639] lr : do_undefinstr+0x1e0/0x310
[  193.204643] sp : ffff800011f938a0
[  193.205416] x29: ffff800011f938a0 x28: ffff00007961aa00 
[  193.206599] x27: ffff800011f93d80 x26: 0000000000000011 
[  193.207920] x25: 0000000000000012 x24: 0000000000000000 
[  193.208980] x23: 0000000000000005 x22: ffff800010b787ac 
[  193.209889] x21: ffff800011f93a40 x20: ffff00007961aa00 
[  193.210848] x19: ffff800011f93900 x18: 0000000000000000 
[  193.212328] x17: 0000000000000000 x16: 0000000000000000 
[  193.214975] x15: 0000000000000001 x14: 0000000000000000 
[  193.217887] x13: 0000000000000006 x12: 00000000c0a80164 
[  193.221631] x11: 0000000000000000 x10: 0000000000000068 
[  193.222634] x9 : ffff00007961aa00 x8 : ffff800011f93c30 
[  193.223535] x7 : 0000000099900000 x6 : ffff800011f938f8 
[  193.224669] x5 : 00000000d5300000 x4 : ffff8000117c51f0 
[  193.225650] x3 : 00000000d5000000 x2 : 0000000000000000 
[  193.226530] x1 : ffff00007961aa00 x0 : 0000000000000005 
[  193.232401] Call trace:
[  193.233742]  do_undefinstr+0x2ec/0x310
[  193.234762]  el1_undef+0x10/0x84
[  193.235470]  __ip_local_out+0x7c/0x158
[  193.236163]  ip_local_out+0x20/0x58
[  193.236797]  ip_send_skb+0x1c/0xa8
[  193.237741]  udp_send_skb.isra.0+0x11c/0x368
[  193.238486]  udp_sendmsg+0x710/0x860
[  193.239101]  inet_sendmsg+0x40/0x68
[  193.239763]  __sys_sendto+0xd4/0x150
[  193.240361]  __arm64_sys_sendto+0x24/0x30
[  193.241797]  el0_svc_common.constprop.0+0x68/0x160
[  193.242666]  el0_svc_handler+0x20/0x80
[  193.243293]  el0_svc+0x8/0xc
[  193.248037] Code: f9401bf7 17ffff7c a9025bf5 f9001bf7 (d4210000) 
[  193.251885] ---[ end trace eb5e6c5fa4d8bd3b ]---
[  193.253724] note: python3[494] exited with preempt_count 1
[  193.408955] ------------[ cut here ]------------
[  193.410704] WARNING: CPU: 4 PID: 0 at kernel/rcu/tree.c:569 rcu_idle_enter+0x74/0x80
[  193.416712] Modules linked in:
[  193.417732] CPU: 4 PID: 0 Comm: swapper/4 Tainted: G      D           5.4.18 #2
[  193.420780] Hardware name: linux,dummy-virt (DT)
[  193.444522] pstate: 200003c5 (nzCv DAIF -PAN -UAO)
[  193.461009] pc : rcu_idle_enter+0x74/0x80
[  193.465080] lr : do_idle+0x200/0x288
[  193.472085] sp : ffff800011a63f20
[  193.481097] x29: ffff800011a63f20 x28: 0000000000000000 
[  193.488594] x27: 0000000000000000 x26: 0000000000000000 
[  193.499497] x25: 0000000000000000 x24: ffff8000117ba214 
[  193.516626] x23: ffff00007b0c4600 x22: ffff800011404ab8 
[  193.530579] x21: ffff8000117ba1f0 x20: 0000000000000004 
[  193.544744] x19: ffff8000117ba118 x18: 0000000000000010 
[  193.548419] x17: 0000000000000000 x16: 0000000000000000 
[  193.575702] x15: 0000000000000000 x14: 0000000000000000 
[  193.580998] x13: 0000000000000002 x12: 0000000000000000 
[  193.588377] x11: 0000000000000000 x10: 00000000000009c0 
[  193.592010] x9 : 0000b229496229a0 x8 : 000000000000b229 
[  193.599685] x7 : 000000000000b975 x6 : 000005c553880c0d 
[  193.602485] x5 : 00ffffffffffffff x4 : ffff80006c799000 
[  193.608394] x3 : 4000000000000002 x2 : 4000000000000000 
[  193.610890] x1 : ffff800011406980 x0 : ffff00007db9f980 
[  193.612604] Call trace:
[  193.613607]  rcu_idle_enter+0x74/0x80
[  193.614815]  do_idle+0x200/0x288
[  193.616851]  cpu_startup_entry+0x24/0x40
[  193.620497]  secondary_start_kernel+0x154/0x190
[  193.621052] ---[ end trace eb5e6c5fa4d8bd3c ]---
