[  193.578111] Unable to handle kernel paging request at virtual address ffff000080000000
[  193.579440] Mem abort info:
[  193.581155]   ESR = 0x96000005
[  193.582504]   EC = 0x25: DABT (current EL), IL = 32 bits
[  193.582857]   SET = 0, FnV = 0
[  193.583025]   EA = 0, S1PTW = 0
[  193.583258] Data abort info:
[  193.584133]   ISV = 0, ISS = 0x00000005
[  193.585504]   CM = 0, WnR = 0
[  193.591170] swapper pgtable: 4k pages, 48-bit VAs, pgdp=00000000412a6000
[  193.601322] [ffff000080000000] pgd=00000000bdff8003, pud=0000000000000000
[  193.612781] Internal error: Oops: 96000005 [#1] PREEMPT SMP
[  193.619661] Modules linked in:
[  193.634976] CPU: 3 PID: 496 Comm: python3 Not tainted 5.4.18 #2
[  193.637255] Hardware name: linux,dummy-virt (DT)
[  193.642399] pstate: 20000005 (nzCv daif -PAN -UAO)
[  193.644448] pc : __ip_local_out+0x80/0x158
[  193.646972] lr : ip_local_out+0x20/0x58
[  193.656388] sp : ffff800011faba40
[  193.659729] x29: ffff800011faba40 x28: 000000000000001a 
[  193.660628] x27: ffff800011fabd80 x26: 0000000000000011 
[  193.661441] x25: 0000000000000012 x24: ffff000076d52224 
[  193.664036] x23: ffff800011fabc30 x22: ffff800011963ac0 
[  193.664870] x21: ffff000078328c00 x20: ffff00007b3d4c80 
[  193.665677] x19: ffff00007b1cf000 x18: 0000000000000000 
[  193.667125] x17: 0000000000000000 x16: 0000000000000000 
[  193.667988] x15: 0000000000000001 x14: 0000000000000000 
[  193.669817] x13: 0000000000000006 x12: 00000000c0a80164 
[  193.671555] x11: 0000000000000000 x10: 0000000000000068 
[  193.672906] x9 : ffff00007b1cf000 x8 : ffff800011fabc30 
[  193.679430] x7 : 0000000014200000 x6 : 0000000000001ce7 
[  193.687396] x5 : ffff000080000000 x4 : ffff000476d5207c 
[  193.693662] x3 : 6e931a59a888fbe3 x2 : 6e4229012e001185 
[  193.698313] x1 : ffff000076d52210 x0 : 0000000000000000 
[  193.700075] Call trace:
[  193.707680]  __ip_local_out+0x80/0x158
[  193.714525]  ip_local_out+0x20/0x58
[  193.720077]  ip_send_skb+0x1c/0xa8
[  193.727201]  udp_send_skb.isra.0+0x11c/0x368
[  193.728379]  udp_sendmsg+0x710/0x860
[  193.734816]  inet_sendmsg+0x40/0x68
[  193.735521]  __sys_sendto+0xd4/0x150
[  193.735887]  __arm64_sys_sendto+0x24/0x30
[  193.736317]  el0_svc_common.constprop.0+0x68/0x160
[  193.736777]  el0_svc_handler+0x20/0x80
[  193.738143]  el0_svc+0x8/0xc
[  193.743026] Code: ab000062 8b040824 9a000063 d503201f (b84044a0) 
[  193.747448] ---[ end trace 0c012d325552adf6 ]---
