[  194.495381] kernel BUG at arch/arm64/kernel/traps.c:405!
[  194.502998] Internal error: Oops - BUG: 0 [#1] PREEMPT SMP
[  194.505853] Modules linked in:
[  194.512304] CPU: 4 PID: 496 Comm: python3 Not tainted 5.4.18 #2
[  194.513013] Hardware name: linux,dummy-virt (DT)
[  194.514835] pstate: 00000005 (nzcv daif -PAN -UAO)
[  194.519097] pc : do_undefinstr+0x2ec/0x310
[  194.519405] lr : do_undefinstr+0x1e0/0x310
[  194.519714] sp : ffff800011f738a0
[  194.519988] x29: ffff800011f738a0 x28: ffff00007815e200 
[  194.520355] x27: ffff800011f73d80 x26: 0000000000000011 
[  194.520636] x25: 0000000000000012 x24: 0000000000000000 
[  194.520912] x23: 0000000060000005 x22: ffff800010b78798 
[  194.521240] x21: ffff800011f73a40 x20: ffff00007815e200 
[  194.521542] x19: ffff800011f73900 x18: 0000000000000000 
[  194.521882] x17: 0000000000000000 x16: 0000000000000000 
[  194.522391] x15: 0000000000000001 x14: 0000000000000001 
[  194.522682] x13: 00000000000005b1 x12: 0000000000000147 
[  194.522961] x11: 000000000016c6f7 x10: 00000000000009c0 
[  194.523323] x9 : ffff00007815e200 x8 : ffff800011f73c30 
[  194.523595] x7 : 0000000089000000 x6 : ffff800011f738f8 
[  194.524004] x5 : 00000000d5300000 x4 : ffff8000117c51f0 
[  194.524285] x3 : 0000000041000000 x2 : 0000000000000000 
[  194.524553] x1 : ffff00007815e200 x0 : 0000000060000005 
[  194.525121] Call trace:
[  194.525691]  do_undefinstr+0x2ec/0x310
[  194.525957]  el1_undef+0x10/0x84
[  194.526153]  __ip_local_out+0x68/0x158
[  194.526356]  ip_local_out+0x20/0x58
[  194.526547]  ip_send_skb+0x1c/0xa8
[  194.526737]  udp_send_skb.isra.0+0x11c/0x368
[  194.526954]  udp_sendmsg+0x710/0x860
[  194.527150]  inet_sendmsg+0x40/0x68
[  194.527343]  __sys_sendto+0xd4/0x150
[  194.527538]  __arm64_sys_sendto+0x24/0x30
[  194.527777]  el0_svc_common.constprop.0+0x68/0x160
[  194.528114]  el0_svc_handler+0x20/0x80
[  194.528322]  el0_svc+0x8/0xc
[  194.528982] Code: f9401bf7 17ffff7c a9025bf5 f9001bf7 (d4210000) 
[  194.530258] ---[ end trace f188633ba25abb0a ]---
[  194.530873] note: python3[496] exited with preempt_count 1
[  194.571594] ------------[ cut here ]------------
[  194.573480] WARNING: CPU: 4 PID: 0 at kernel/rcu/tree.c:569 rcu_idle_enter+0x74/0x80
[  194.579585] Modules linked in:
[  194.583501] CPU: 4 PID: 0 Comm: swapper/4 Tainted: G      D           5.4.18 #2
[  194.584065] Hardware name: linux,dummy-virt (DT)
[  194.584454] pstate: 200003c5 (nzCv DAIF -PAN -UAO)
[  194.584944] pc : rcu_idle_enter+0x74/0x80
[  194.585283] lr : do_idle+0x200/0x288
[  194.608038] sp : ffff800011a63f20
[  194.616943] x29: ffff800011a63f20 x28: 0000000000000000 
[  194.635110] x27: 0000000000000000 x26: 0000000000000000 
[  194.641174] x25: 0000000000000000 x24: ffff8000117ba214 
[  194.646195] x23: ffff00007b0c4600 x22: ffff800011404ab8 
[  194.649386] x21: ffff8000117ba1f0 x20: 0000000000000004 
[  194.652521] x19: ffff8000117ba118 x18: 0000000000000010 
[  194.656915] x17: 0000000000000000 x16: 0000000000000000 
[  194.658263] x15: 0000000000000000 x14: 0000000000000000 
[  194.660701] x13: 0000000000000002 x12: 0000000000000000 
[  194.665287] x11: 0000000000000000 x10: 00000000000009c0 
[  194.666419] x9 : ffff800011a63e90 x8 : ffff00007b0c5020 
[  194.667612] x7 : 00000000000003fe x6 : 000005078c0179df 
[  194.668135] x5 : 00ffffffffffffff x4 : ffff80006c799000 
[  194.669402] x3 : 4000000000000002 x2 : 4000000000000000 
[  194.670168] x1 : ffff800011406980 x0 : ffff00007db9f980 
[  194.671624] Call trace:
[  194.671933]  rcu_idle_enter+0x74/0x80
[  194.672623]  do_idle+0x200/0x288
[  194.673748]  cpu_startup_entry+0x20/0x40
[  194.674153]  secondary_start_kernel+0x154/0x190
[  194.674593] ---[ end trace f188633ba25abb0b ]---
