[  196.585572] kernel BUG at arch/arm64/kernel/traps.c:405!
[  196.594997] Internal error: Oops - BUG: 0 [#1] PREEMPT SMP
[  196.597740] Modules linked in:
[  196.603945] CPU: 0 PID: 496 Comm: python3 Not tainted 5.4.18 #2
[  196.607115] Hardware name: linux,dummy-virt (DT)
[  196.610847] pstate: 00000005 (nzcv daif -PAN -UAO)
[  196.617912] pc : do_undefinstr+0x2ec/0x310
[  196.618843] lr : do_undefinstr+0x1e0/0x310
[  196.620304] sp : ffff800011f238a0
[  196.624318] x29: ffff800011f238a0 x28: ffff000079496200 
[  196.625683] x27: ffff800011f23d80 x26: 0000000000000011 
[  196.626612] x25: 0000000000000012 x24: 0000000000000000 
[  196.627502] x23: 0000000060000005 x22: ffff800010b787e0 
[  196.628306] x21: ffff800011f23a40 x20: ffff000079496200 
[  196.629326] x19: ffff800011f23900 x18: 0000000000000000 
[  196.630142] x17: 0000000000000000 x16: 0000000000000000 
[  196.631158] x15: 0000000000000001 x14: 0000000000000000 
[  196.632107] x13: 0000000000000006 x12: 00000000c0a80164 
[  196.632936] x11: 0000000000000000 x10: 0000000000000068 
[  196.633744] x9 : ffff000079496200 x8 : ffff800011f23c30 
[  196.634609] x7 : 0000000073000000 x6 : ffff800011f238f8 
[  196.635922] x5 : 00000000d5300000 x4 : ffff8000117c51f0 
[  196.640513] x3 : 00000000fb400000 x2 : 0000000000000000 
[  196.641463] x1 : ffff000079496200 x0 : 0000000060000005 
[  196.643230] Call trace:
[  196.644107]  do_undefinstr+0x2ec/0x310
[  196.644837]  el1_undef+0x10/0x84
[  196.645426]  __ip_local_out+0xb0/0x158
[  196.646288]  ip_local_out+0x20/0x58
[  196.646923]  ip_send_skb+0x1c/0xa8
[  196.647495]  udp_send_skb.isra.0+0x11c/0x368
[  196.648476]  udp_sendmsg+0x710/0x860
[  196.649394]  inet_sendmsg+0x40/0x68
[  196.650034]  __sys_sendto+0xd4/0x150
[  196.650616]  __arm64_sys_sendto+0x24/0x30
[  196.652112]  el0_svc_common.constprop.0+0x68/0x160
[  196.655680]  el0_svc_handler+0x20/0x80
[  196.656521]  el0_svc+0x8/0xc
[  196.658556] Code: f9401bf7 17ffff7c a9025bf5 f9001bf7 (d4210000) 
[  196.662522] ---[ end trace 269babd02c4d173c ]---
[  196.664661] note: python3[496] exited with preempt_count 1
[  196.775778] ------------[ cut here ]------------
[  196.778125] WARNING: CPU: 0 PID: 0 at kernel/rcu/tree.c:569 rcu_idle_enter+0x74/0x80
[  196.778640] Modules linked in:
[  196.779163] CPU: 0 PID: 0 Comm: swapper/0 Tainted: G      D           5.4.18 #2
[  196.779475] Hardware name: linux,dummy-virt (DT)
[  196.779716] pstate: 200003c5 (nzCv DAIF -PAN -UAO)
[  196.779930] pc : rcu_idle_enter+0x74/0x80
[  196.780851] lr : do_idle+0x200/0x288
[  196.781358] sp : ffff8000117b3eb0
[  196.781912] x29: ffff8000117b3eb0 x28: 00000000412b0018 
[  196.783254] x27: 0000000000000000 x26: 0000000000000000 
[  196.783749] x25: 0000000000000000 x24: ffff8000117ba214 
[  196.784408] x23: ffff8000117c2d80 x22: ffff800011404ab8 
[  196.784922] x21: ffff8000117ba1f0 x20: 0000000000000000 
[  196.785897] x19: ffff8000117ba118 x18: 0000000000000010 
[  196.787442] x17: 0000000000000000 x16: 0000000000000000 
[  196.787880] x15: ffff000079496670 x14: 00000000f0000000 
[  196.788287] x13: 0000000000000001 x12: 0000000000000000 
[  196.788759] x11: 0000000000000400 x10: 00000000000009c0 
[  196.789267] x9 : ffff8000117b3e20 x8 : ffff8000117c37a0 
[  196.790865] x7 : 0000000000000000 x6 : 0000077cc136c1bf 
[  196.791633] x5 : 00ffffffffffffff x4 : ffff80006c741000 
[  196.792199] x3 : 4000000000000002 x2 : 4000000000000000 
[  196.793752] x1 : ffff800011406980 x0 : ffff00007db47980 
[  196.795096] Call trace:
[  196.795491]  rcu_idle_enter+0x74/0x80
[  196.795812]  do_idle+0x200/0x288
[  196.796225]  cpu_startup_entry+0x24/0x40
[  196.796790]  rest_init+0xd4/0xe0
[  196.797275]  arch_call_rest_init+0xc/0x14
[  196.797854]  start_kernel+0x420/0x450
[  196.798324] ---[ end trace 269babd02c4d173d ]---
