[  194.591963] Unable to handle kernel paging request at virtual address 000580246c7990d8
[  194.593171] Mem abort info:
[  194.593349]   ESR = 0x96000004
[  194.593545]   EC = 0x25: DABT (current EL), IL = 32 bits
[  194.593727]   SET = 0, FnV = 0
[  194.593859]   EA = 0, S1PTW = 0
[  194.594021] Data abort info:
[  194.594203]   ISV = 0, ISS = 0x00000004
[  194.594491]   CM = 0, WnR = 0
[  194.594887] [000580246c7990d8] address between user and kernel address ranges
[  194.596633] Internal error: Oops: 96000004 [#1] PREEMPT SMP
[  194.597295] Modules linked in:
[  194.601165] CPU: 4 PID: 493 Comm: python3 Not tainted 5.4.18 #2
[  194.605545] Hardware name: linux,dummy-virt (DT)
[  194.608346] pstate: 80000005 (Nzcv daif -PAN -UAO)
[  194.610306] pc : ip_send_skb+0x58/0xa8
[  194.613058] lr : ip_send_skb+0x1c/0xa8
[  194.613388] sp : ffff800011ea3b40
[  194.613677] x29: ffff800011ea3af0 x28: 000000000000001a 
[  194.614898] x27: ffff800011ea3d80 x26: 0000000000000011 
[  194.615594] x25: 0000000000000012 x24: ffff00007800ca24 
[  194.616834] x23: ffff800011ea3bb0 x22: ffff00007abb50c0 
[  194.617717] x21: ffff00007abb50c0 x20: ffff800011963ac0 
[  194.618394] x19: ffff000079748c00 x18: 0000000000000000 
[  194.621331] x17: 0000000000000000 x16: 0000000000000000 
[  194.623913] x15: 0000000000000001 x14: 0000000000000000 
[  194.626777] x13: 0000000000000006 x12: 00000000c0a80164 
[  194.627573] x11: 0000000000000000 x10: 0000000000000068 
[  194.629830] x9 : ffff00007380f000 x8 : ffff800011ea3c30 
[  194.630074] x7 : 00000000fd600000 x6 : 00000000000046bd 
[  194.630647] x5 : ffff00007800ca24 x4 : 0000000000000001 
[  194.633458] x3 : ffff80006c799000 x2 : ffff00007380f000 
[  194.635397] x1 : 000580246c7990d8 x0 : 00000000ffffff97 
[  194.636115] Call trace:
[  194.639673]  ip_send_skb+0x58/0xa8
[  194.642440] Code: d538d083 d2800024 9101c021 8b030021 (c85f7c26) 
[  194.645152] ---[ end trace 73d1aba1d6c9c967 ]---
[  194.647610] note: python3[493] exited with preempt_count 1
