[  194.036683] Unable to handle kernel paging request at virtual address 7fff80006c76d027
[  194.038660] Mem abort info:
[  194.040106]   ESR = 0x96000021
[  194.040944]   EC = 0x25: DABT (current EL), IL = 32 bits
[  194.041601]   SET = 0, FnV = 0
[  194.042194]   EA = 0, S1PTW = 0
[  194.042659] Data abort info:
[  194.043027]   ISV = 0, ISS = 0x00000021
[  194.043538]   CM = 0, WnR = 0
[  194.044932] [7fff80006c76d027] address between user and kernel address ranges
[  194.053068] Internal error: Oops: 96000021 [#1] PREEMPT SMP
[  194.055966] Modules linked in:
[  194.058217] CPU: 2 PID: 491 Comm: python3 Not tainted 5.4.18 #2
[  194.059719] Hardware name: linux,dummy-virt (DT)
[  194.060645] pstate: 60000005 (nZCv daif -PAN -UAO)
[  194.062904] pc : ip_output+0x60/0x1b0
[  194.063266] lr : ip_local_out+0x44/0x58
[  194.063593] sp : ffff800011f6ba30
[  194.063877] x29: ffff800011f6ba30 x28: ffff800011963ac0 
[  194.065398] x27: ffff800011f6bd80 x26: 0000000000000011 
[  194.065603] x25: 0000000000000012 x24: ffff00007a5f2000 
[  194.065780] x23: ffff0000794b3740 x22: ffff00007804b800 
[  194.065954] x21: ffff0000794b3740 x20: ffff000079479c00 
[  194.066899] x19: 7fffffffffffffff x18: 0000000000000000 
[  194.067247] x17: 0000000000000000 x16: 0000000000000000 
[  194.067453] x15: 0000000000000001 x14: 0000000000000000 
[  194.067632] x13: 0000000000000006 x12: 00000000c0a80164 
[  194.069526] x11: 0000000000000000 x10: 0000000000000068 
[  194.071685] x9 : ffff00007804b800 x8 : ffff800011f6bc30 
[  194.072137] x7 : 00000000ab100000 x6 : 00000000000038b9 
[  194.072496] x5 : ffff00007832fa24 x4 : 0000000000000001 
[  194.072906] x3 : 8000000000000027 x2 : ffff00007804b800 
[  194.075446] x1 : ffff0000794b3740 x0 : 7fff80006c76d027 
[  194.079091] Call trace:
[  194.084613]  ip_output+0x60/0x1b0
[  194.088660]  ip_local_out+0x44/0x58
[  194.090512]  ip_send_skb+0x1c/0xa8
[  194.091723]  udp_send_skb.isra.0+0x11c/0x368
[  194.094171]  udp_sendmsg+0x710/0x860
[  194.096710]  inet_sendmsg+0x40/0x68
[  194.097110]  __sys_sendto+0xd4/0x150
[  194.098905]  __arm64_sys_sendto+0x24/0x30
[  194.099893]  el0_svc_common.constprop.0+0x68/0x160
[  194.101334]  el0_svc_handler+0x20/0x80
[  194.101572]  el0_svc+0x8/0xc
[  194.103147] Code: d2800024 9100a263 d538d080 8b000060 (c85f7c05) 
[  194.105530] ---[ end trace 6c5804ea1dd82d4d ]---
[  194.107271] note: python3[491] exited with preempt_count 1
