[  193.079634] kernel BUG at arch/arm64/kernel/traps.c:405!
[  193.084132] Internal error: Oops - BUG: 0 [#1] PREEMPT SMP
[  193.085486] Modules linked in:
[  193.088661] CPU: 5 PID: 493 Comm: python3 Not tainted 5.4.18 #2
[  193.089144] Hardware name: linux,dummy-virt (DT)
[  193.090088] pstate: 00000005 (nzcv daif -PAN -UAO)
[  193.092511] pc : do_undefinstr+0x2ec/0x310
[  193.092854] lr : do_undefinstr+0x1e0/0x310
[  193.093177] sp : ffff800011f8b8a0
[  193.093494] x29: ffff800011f8b8a0 x28: ffff00007abc0e00 
[  193.093969] x27: ffff800011f8bd80 x26: 0000000000000011 
[  193.094474] x25: 0000000000000012 x24: 0000000000000000 
[  193.094842] x23: 0000000060000005 x22: ffff800010b78868 
[  193.095201] x21: ffff800011f8ba40 x20: ffff00007abc0e00 
[  193.095590] x19: ffff800011f8b900 x18: 0000000000000000 
[  193.095954] x17: 0000000000000000 x16: 0000000000000000 
[  193.096336] x15: 0000000000000001 x14: 0000000000000000 
[  193.096700] x13: 0000000000000006 x12: 00000000c0a80164 
[  193.097062] x11: 0000000000000000 x10: 0000000000000068 
[  193.097421] x9 : ffff00007abc0e00 x8 : ffff800011f8bc30 
[  193.097771] x7 : 0000000087000000 x6 : ffff800011f8b8f8 
[  193.098169] x5 : 00000000d5300000 x4 : ffff8000117c51f0 
[  193.098521] x3 : 00000000a1400000 x2 : 0000000000000000 
[  193.098870] x1 : ffff00007abc0e00 x0 : 0000000060000005 
[  193.100068] Call trace:
[  193.101212]  do_undefinstr+0x2ec/0x310
[  193.101989]  el1_undef+0x10/0x84
[  193.102300]  __ip_local_out+0x138/0x158
[  193.102585]  ip_local_out+0x20/0x58
[  193.103103]  ip_send_skb+0x1c/0xa8
[  193.103426]  udp_send_skb.isra.0+0x11c/0x368
[  193.103671]  udp_sendmsg+0x710/0x860
[  193.103901]  inet_sendmsg+0x40/0x68
[  193.104152]  __sys_sendto+0xd4/0x150
[  193.104563]  __arm64_sys_sendto+0x24/0x30
[  193.104860]  el0_svc_common.constprop.0+0x68/0x160
[  193.105373]  el0_svc_handler+0x20/0x80
[  193.105741]  el0_svc+0x8/0xc
[  193.106588] Code: f9401bf7 17ffff7c a9025bf5 f9001bf7 (d4210000) 
[  193.107855] ---[ end trace 3497a35458c186aa ]---
[  193.108489] note: python3[493] exited with preempt_count 1
[  193.169689] ------------[ cut here ]------------
[  193.172765] WARNING: CPU: 5 PID: 0 at kernel/rcu/tree.c:569 rcu_idle_enter+0x74/0x80
[  193.175420] Modules linked in:
[  193.177408] CPU: 5 PID: 0 Comm: swapper/5 Tainted: G      D           5.4.18 #2
[  193.178479] Hardware name: linux,dummy-virt (DT)
[  193.179204] pstate: 200003c5 (nzCv DAIF -PAN -UAO)
[  193.179530] pc : rcu_idle_enter+0x74/0x80
[  193.180826] lr : do_idle+0x200/0x288
[  193.181903] sp : ffff800011a6bf20
[  193.182349] x29: ffff800011a6bf20 x28: 0000000000000000 
[  193.183633] x27: 0000000000000000 x26: 0000000000000000 
[  193.186321] x25: 0000000000000000 x24: ffff8000117ba214 
[  193.189758] x23: ffff00007b0c5400 x22: ffff800011404ab8 
[  193.194960] x21: ffff8000117ba1f0 x20: 0000000000000005 
[  193.195590] x19: ffff8000117ba118 x18: 0000000000000010 
[  193.197654] x17: 0000000000000000 x16: 0000000000000000 
[  193.200712] x15: 0000000000000000 x14: 0000000000000000 
[  193.201935] x13: 0000000000000001 x12: 0000000000000001 
[  193.207320] x11: 0000000000000400 x10: 00000000000009c0 
[  193.209802] x9 : ffff800011a6be90 x8 : ffff00007b0c5e20 
[  193.210534] x7 : 0000000000000000 x6 : 000000c10b0d0433 
[  193.213434] x5 : 00ffffffffffffff x4 : ffff80006c7af000 
[  193.214691] x3 : 4000000000000002 x2 : 4000000000000000 
[  193.215252] x1 : ffff800011406980 x0 : ffff00007dbb5980 
[  193.217310] Call trace:
[  193.217660]  rcu_idle_enter+0x74/0x80
[  193.218064]  do_idle+0x200/0x288
[  193.219212]  cpu_startup_entry+0x24/0x40
[  193.219628]  secondary_start_kernel+0x154/0x190
[  193.221913] ---[ end trace 3497a35458c186ab ]---
