[  193.103271] kernel BUG at arch/arm64/kernel/traps.c:405!
[  193.121382] Internal error: Oops - BUG: 0 [#1] PREEMPT SMP
[  193.124856] Modules linked in:
[  193.131501] CPU: 6 PID: 496 Comm: python3 Not tainted 5.4.18 #2
[  193.132749] Hardware name: linux,dummy-virt (DT)
[  193.136456] pstate: 00000005 (nzcv daif -PAN -UAO)
[  193.144914] pc : do_undefinstr+0x2ec/0x310
[  193.145833] lr : do_undefinstr+0x1e0/0x310
[  193.146733] sp : ffff8000120c38a0
[  193.147436] x29: ffff8000120c38a0 x28: ffff0000709c1c00 
[  193.149327] x27: ffff8000120c3d80 x26: 0000000000000011 
[  193.151066] x25: 0000000000000012 x24: 0000000000000000 
[  193.152032] x23: 0000000060000005 x22: ffff800010b787f0 
[  193.153867] x21: ffff8000120c3a40 x20: ffff0000709c1c00 
[  193.155037] x19: ffff8000120c3900 x18: 0000000000000000 
[  193.155762] x17: 0000000000000000 x16: 0000000000000000 
[  193.156403] x15: 0000000000000001 x14: 0000000000000000 
[  193.157023] x13: 0000000000000006 x12: 00000000c0a80164 
[  193.157873] x11: 0000000000000000 x10: 0000000000000068 
[  193.158758] x9 : ffff0000709c1c00 x8 : ffff8000120c3c30 
[  193.159729] x7 : 00000000ea200000 x6 : ffff8000120c38f8 
[  193.160621] x5 : 00000000d5300000 x4 : ffff8000117c51f0 
[  193.161569] x3 : 00000000f9c00000 x2 : 0000000000000000 
[  193.162461] x1 : ffff0000709c1c00 x0 : 0000000060000005 
[  193.164938] Call trace:
[  193.168238]  do_undefinstr+0x2ec/0x310
[  193.170768]  el1_undef+0x10/0x84
[  193.172356]  __ip_local_out+0xc0/0x158
[  193.173062]  ip_local_out+0x20/0x58
[  193.173662]  ip_send_skb+0x1c/0xa8
[  193.174340]  udp_send_skb.isra.0+0x11c/0x368
[  193.175019]  udp_sendmsg+0x710/0x860
[  193.175585]  inet_sendmsg+0x40/0x68
[  193.176198]  __sys_sendto+0xd4/0x150
[  193.176756]  __arm64_sys_sendto+0x24/0x30
[  193.177336]  el0_svc_common.constprop.0+0x68/0x160
[  193.178023]  el0_svc_handler+0x20/0x80
[  193.178570]  el0_svc+0x8/0xc
[  193.180731] Code: f9401bf7 17ffff7c a9025bf5 f9001bf7 (d4210000) 
[  193.184051] ---[ end trace 3e7d3024ec30a252 ]---
[  193.186058] note: python3[496] exited with preempt_count 1
[  193.303947] ------------[ cut here ]------------
[  193.307676] WARNING: CPU: 6 PID: 0 at kernel/rcu/tree.c:569 rcu_idle_enter+0x74/0x80
[  193.311876] Modules linked in:
[  193.313136] CPU: 6 PID: 0 Comm: swapper/6 Tainted: G      D           5.4.18 #2
[  193.322264] Hardware name: linux,dummy-virt (DT)
[  193.323204] pstate: 200003c5 (nzCv DAIF -PAN -UAO)
[  193.323450] pc : rcu_idle_enter+0x74/0x80
[  193.324276] lr : do_idle+0x200/0x288
[  193.325208] sp : ffff800011a73f20
[  193.325536] x29: ffff800011a73f20 x28: 0000000000000000 
[  193.326885] x27: 0000000000000000 x26: 0000000000000000 
[  193.331174] x25: 0000000000000000 x24: ffff8000117ba214 
[  193.334873] x23: ffff00007b0c6200 x22: ffff800011404ab8 
[  193.340883] x21: ffff8000117ba1f0 x20: 0000000000000006 
[  193.348836] x19: ffff8000117ba118 x18: 0000000000000010 
[  193.360313] x17: 0000000000000000 x16: 0000000000000000 
[  193.361772] x15: 000000000000023f x14: 0000000000000000 
[  193.372501] x13: 0000000000000002 x12: 000000000000023f 
[  193.378287] x11: 0000000000000001 x10: 00000000000009c0 
[  193.383076] x9 : ffff800011a73e90 x8 : ffff00007b0c6c20 
[  193.385940] x7 : 00000000000003ec x6 : 000008031083ebb8 
[  193.386696] x5 : 00ffffffffffffff x4 : ffff80006c7c5000 
[  193.391327] x3 : 4000000000000002 x2 : 4000000000000000 
[  193.395567] x1 : ffff800011406980 x0 : ffff00007dbcb980 
[  193.404872] Call trace:
[  193.410069]  rcu_idle_enter+0x74/0x80
[  193.418704]  do_idle+0x200/0x288
[  193.419471]  cpu_startup_entry+0x24/0x40
[  193.426473]  secondary_start_kernel+0x154/0x190
[  193.431771] ---[ end trace 3e7d3024ec30a253 ]---
