[  193.598320] Unable to handle kernel paging request at virtual address ffff000080000000
[  193.622211] Mem abort info:
[  193.623127]   ESR = 0x96000005
[  193.627610]   EC = 0x25: DABT (current EL), IL = 32 bits
[  193.630042]   SET = 0, FnV = 0
[  193.630688]   EA = 0, S1PTW = 0
[  193.631514] Data abort info:
[  193.634067]   ISV = 0, ISS = 0x00000005
[  193.634726]   CM = 0, WnR = 0
[  193.636122] swapper pgtable: 4k pages, 48-bit VAs, pgdp=00000000412a6000
[  193.641342] [ffff000080000000] pgd=00000000bdff8003, pud=0000000000000000
[  193.651256] Internal error: Oops: 96000005 [#1] PREEMPT SMP
[  193.653253] Modules linked in:
[  193.657747] CPU: 2 PID: 492 Comm: python3 Not tainted 5.4.18 #2
[  193.662423] Hardware name: linux,dummy-virt (DT)
[  193.663153] pstate: 80000005 (Nzcv daif -PAN -UAO)
[  193.670038] pc : __ip_local_out+0x80/0x158
[  193.670868] lr : ip_local_out+0x20/0x58
[  193.671864] sp : ffff800011e4ba40
[  193.673297] x29: ffff800011e4ba40 x28: 000000000000001a 
[  193.675032] x27: ffff800011e4bd80 x26: 0000000000000011 
[  193.675407] x25: 0000000000000012 x24: ffff0000782ea224 
[  193.676605] x23: ffff800011e4bc30 x22: ffff800011963ac0 
[  193.677554] x21: ffff00007803f100 x20: ffff00007b2bd940 
[  193.677838] x19: ffff00007a954600 x18: 0000000000000000 
[  193.678148] x17: 0000000000000000 x16: 0000000000000000 
[  193.678428] x15: 0000000000000001 x14: 0000000000000000 
[  193.678709] x13: 0000000000000006 x12: 0000000000000005 
[  193.679009] x11: 0000000000000000 x10: 0000000000000068 
[  193.679414] x9 : ffff00007a954600 x8 : ffff800011e4bc30 
[  193.679714] x7 : 0000000003900000 x6 : 000000000000e38c 
[  193.680013] x5 : ffff000080000000 x4 : ffff0000782ea210 
[  193.680311] x3 : 6e85ddebc093750a x2 : 6e41dda32e001185 
[  193.681796] x1 : ffff0000782ea210 x0 : 0000000000000000 
[  193.683315] Call trace:
[  193.685222]  __ip_local_out+0x80/0x158
[  193.685849]  ip_local_out+0x20/0x58
[  193.686525]  ip_send_skb+0x1c/0xa8
[  193.686972]  udp_send_skb.isra.0+0x11c/0x368
[  193.687478]  udp_sendmsg+0x710/0x860
[  193.689190]  inet_sendmsg+0x40/0x68
[  193.690158]  __sys_sendto+0xd4/0x150
[  193.692058]  __arm64_sys_sendto+0x24/0x30
[  193.692568]  el0_svc_common.constprop.0+0x68/0x160
[  193.693214]  el0_svc_handler+0x20/0x80
[  193.693439]  el0_svc+0x8/0xc
[  193.696933] Code: ab000062 8b040824 9a000063 d503201f (b84044a0) 
[  193.701310] ---[ end trace 83e5acc74f99879c ]---
