[  195.601487] Unable to handle kernel paging request at virtual address ffff000080000000
[  195.604853] Mem abort info:
[  195.613238]   ESR = 0x96000005
[  195.617236]   EC = 0x25: DABT (current EL), IL = 32 bits
[  195.622039]   SET = 0, FnV = 0
[  195.623780]   EA = 0, S1PTW = 0
[  195.627258] Data abort info:
[  195.627846]   ISV = 0, ISS = 0x00000005
[  195.632477]   CM = 0, WnR = 0
[  195.643025] swapper pgtable: 4k pages, 48-bit VAs, pgdp=00000000412a6000
[  195.661765] [ffff000080000000] pgd=00000000bdff8003, pud=0000000000000000
[  195.673350] Internal error: Oops: 96000005 [#1] PREEMPT SMP
[  195.676954] Modules linked in:
[  195.681712] CPU: 1 PID: 496 Comm: python3 Not tainted 5.4.18 #2
[  195.682763] Hardware name: linux,dummy-virt (DT)
[  195.689002] pstate: 00000005 (nzcv daif -PAN -UAO)
[  195.690260] pc : __ip_local_out+0x80/0x158
[  195.692340] lr : ip_local_out+0x20/0x58
[  195.697094] sp : ffff800011e9ba40
[  195.699713] x29: ffff800011e9ba40 x28: 000000000000001a 
[  195.709137] x27: ffff800011e9bd80 x26: 0000000000000011 
[  195.716623] x25: 0000000000000012 x24: ffff000078312624 
[  195.720367] x23: ffff800011e9bc30 x22: ffff800011963ac0 
[  195.723227] x21: ffff0000796e7900 x20: ffff0000794e2640 
[  195.732252] x19: ffff000076f18e00 x18: 0000000000000000 
[  195.734784] x17: 0000000000000000 x16: 0000000000000000 
[  195.738616] x15: 0000000000000001 x14: 0000000000000000 
[  195.750141] x13: 0000000000000006 x12: 00000000c0a80164 
[  195.752902] x11: 0000000000000000 x10: 0000000000000068 
[  195.756162] x9 : ffff000076f18e00 x8 : ffff800011e9bc30 
[  195.759126] x7 : 00000000ff300000 x6 : 00000000000026d9 
[  195.764765] x5 : ffff000080000000 x4 : 0000000000000005 
[  195.767456] x3 : 6e84a6b61437a2bf x2 : 6e41cf5f2e001185 
[  195.767949] x1 : ffff000078312610 x0 : 0000000000000000 
[  195.771375] Call trace:
[  195.773659]  __ip_local_out+0x80/0x158
[  195.775465]  ip_local_out+0x20/0x58
[  195.776115]  ip_send_skb+0x1c/0xa8
[  195.778437]  udp_send_skb.isra.0+0x11c/0x368
[  195.778868]  udp_sendmsg+0x710/0x860
[  195.779244]  inet_sendmsg+0x40/0x68
[  195.780832]  __sys_sendto+0xd4/0x150
[  195.781680]  __arm64_sys_sendto+0x24/0x30
[  195.782112]  el0_svc_common.constprop.0+0x68/0x160
[  195.787040]  el0_svc_handler+0x20/0x80
[  195.792913]  el0_svc+0x8/0xc
[  195.804731] Code: ab000062 8b040825 9a000063 d503201f (b84044a0) 
[  195.813910] ---[ end trace bfefa0ed057520cc ]---
