[  193.541699] Kernel panic - not syncing: stack-protector: Kernel stack is corrupted in: __ip_local_out+0x158/0x158
[  193.558162] CPU: 2 PID: 493 Comm: python3 Not tainted 5.4.18 #2
[  193.559682] Hardware name: linux,dummy-virt (DT)
[  193.562468] Call trace:
[  193.563684]  dump_backtrace+0x0/0x140
[  193.564661]  show_stack+0x14/0x20
[  193.565365]  dump_stack+0xb4/0xf8
[  193.566024]  panic+0x158/0x324
[  193.566699]  __stack_chk_fail+0x1c/0x20
[  193.567253]  ip_local_out+0x0/0x58
[  193.567502]  ip_local_out+0x20/0x58
[  193.567755]  ip_send_skb+0x1c/0xa8
[  193.568006]  udp_send_skb.isra.0+0x11c/0x368
[  193.568634]  udp_sendmsg+0x710/0x860
[  193.569333]  inet_sendmsg+0x40/0x68
[  193.570018]  __sys_sendto+0xd4/0x150
[  193.570762]  __arm64_sys_sendto+0x24/0x30
[  193.571513]  el0_svc_common.constprop.0+0x68/0x160
[  193.572536]  el0_svc_handler+0x20/0x80
[  193.573676]  el0_svc+0x8/0xc
[  193.582841] SMP: stopping secondary CPUs
[  193.587449] Kernel Offset: disabled
[  193.588667] CPU features: 0x0002,20006000
[  193.589809] Memory Limit: none
[  193.596158] ---[ end Kernel panic - not syncing: stack-protector: Kernel stack is corrupted in: __ip_local_out+0x158/0x158 ]---
