[  193.237002] kernel BUG at arch/arm64/kernel/traps.c:405!
[  193.240599] Internal error: Oops - BUG: 0 [#1] PREEMPT SMP
[  193.243467] Modules linked in:
[  193.248068] CPU: 6 PID: 495 Comm: python3 Not tainted 5.4.18 #2
[  193.250733] Hardware name: linux,dummy-virt (DT)
[  193.256551] pstate: 00000005 (nzcv daif -PAN -UAO)
[  193.263304] pc : do_undefinstr+0x2ec/0x310
[  193.264180] lr : do_undefinstr+0x1e0/0x310
[  193.265036] sp : ffff800011fbb8a0
[  193.265717] x29: ffff800011fbb8a0 x28: ffff00007abb8000 
[  193.267186] x27: ffff800011fbbd80 x26: 0000000000000011 
[  193.268135] x25: 0000000000000012 x24: 0000000000000000 
[  193.269098] x23: 0000000060000005 x22: ffff800010b7879c 
[  193.269930] x21: ffff800011fbba40 x20: ffff00007abb8000 
[  193.271157] x19: ffff800011fbb900 x18: 0000000000000000 
[  193.272009] x17: 0000000000000000 x16: 0000000000000000 
[  193.273190] x15: 0000000000000001 x14: 0000000000000000 
[  193.274039] x13: 0000000000000006 x12: 00000000c0a80164 
[  193.275238] x11: 0000000000000000 x10: 0000000000000068 
[  193.276056] x9 : ffff00007abb8000 x8 : ffff800011fbbc30 
[  193.276922] x7 : 00000000b3f00000 x6 : ffff800011fbb8f8 
[  193.277726] x5 : 00000000d5300000 x4 : ffff8000117c51f0 
[  193.279393] x3 : 0000000081000000 x2 : 0000000000000000 
[  193.283018] x1 : ffff00007abb8000 x0 : 0000000060000005 
[  193.288021] Call trace:
[  193.288877]  do_undefinstr+0x2ec/0x310
[  193.289632]  el1_undef+0x10/0x84
[  193.290636]  __ip_local_out+0x6c/0x158
[  193.291325]  ip_local_out+0x20/0x58
[  193.291961]  ip_send_skb+0x1c/0xa8
[  193.292543]  udp_send_skb.isra.0+0x11c/0x368
[  193.293188]  udp_sendmsg+0x710/0x860
[  193.293784]  inet_sendmsg+0x40/0x68
[  193.295078]  __sys_sendto+0xd4/0x150
[  193.295714]  __arm64_sys_sendto+0x24/0x30
[  193.296336]  el0_svc_common.constprop.0+0x68/0x160
[  193.297153]  el0_svc_handler+0x20/0x80
[  193.297908]  el0_svc+0x8/0xc
[  193.300003] Code: f9401bf7 17ffff7c a9025bf5 f9001bf7 (d4210000) 
[  193.303886] ---[ end trace 4ab983ab5e70ad9a ]---
[  193.305646] note: python3[495] exited with preempt_count 1
[  193.489078] ------------[ cut here ]------------
[  193.496272] WARNING: CPU: 6 PID: 0 at kernel/rcu/tree.c:569 rcu_idle_enter+0x74/0x80
[  193.498606] Modules linked in:
[  193.502626] CPU: 6 PID: 0 Comm: swapper/6 Tainted: G      D           5.4.18 #2
[  193.504876] Hardware name: linux,dummy-virt (DT)
[  193.505515] pstate: 200003c5 (nzCv DAIF -PAN -UAO)
[  193.506215] pc : rcu_idle_enter+0x74/0x80
[  193.507304] lr : do_idle+0x200/0x288
[  193.510805] sp : ffff800011a73f20
[  193.512916] x29: ffff800011a73f20 x28: 0000000000000000 
[  193.514074] x27: 0000000000000000 x26: 0000000000000000 
[  193.517963] x25: 0000000000000000 x24: ffff8000117ba214 
[  193.519882] x23: ffff00007b0c6200 x22: ffff800011404ab8 
[  193.522788] x21: ffff8000117ba1f0 x20: 0000000000000006 
[  193.527012] x19: ffff8000117ba118 x18: 0000000000000010 
[  193.530570] x17: 0000000000000000 x16: 0000000000000000 
[  193.540107] x15: 0000000000000000 x14: 0000000000000000 
[  193.548676] x13: 0000000000000002 x12: 0000000000000000 
[  193.556036] x11: 0000000000000000 x10: 00000000000009c0 
[  193.561666] x9 : ffff800011a73e90 x8 : ffff00007b0c6c20 
[  193.563692] x7 : 0000000000000345 x6 : 00000539d5d569e7 
[  193.564515] x5 : 00ffffffffffffff x4 : ffff80006c7c5000 
[  193.580771] x3 : 4000000000000002 x2 : 4000000000000000 
[  193.583572] x1 : ffff800011406980 x0 : ffff00007dbcb980 
[  193.590478] Call trace:
[  193.592490]  rcu_idle_enter+0x74/0x80
[  193.594200]  do_idle+0x200/0x288
[  193.595204]  cpu_startup_entry+0x20/0x40
[  193.599632]  secondary_start_kernel+0x154/0x190
[  193.607181] ---[ end trace 4ab983ab5e70ad9b ]---
