[  196.491421] Unable to handle kernel paging request at virtual address ffff000080000000
[  196.493069] Mem abort info:
[  196.493393]   ESR = 0x96000005
[  196.493750]   EC = 0x25: DABT (current EL), IL = 32 bits
[  196.494248]   SET = 0, FnV = 0
[  196.495735]   EA = 0, S1PTW = 0
[  196.496997] Data abort info:
[  196.497429]   ISV = 0, ISS = 0x00000005
[  196.498296]   CM = 0, WnR = 0
[  196.500139] swapper pgtable: 4k pages, 48-bit VAs, pgdp=00000000412a6000
[  196.500741] [ffff000080000000] pgd=00000000bdff8003, pud=0000000000000000
[  196.509145] Internal error: Oops: 96000005 [#1] PREEMPT SMP
[  196.511764] Modules linked in:
[  196.516344] CPU: 0 PID: 494 Comm: python3 Not tainted 5.4.18 #2
[  196.517830] Hardware name: linux,dummy-virt (DT)
[  196.519002] pstate: 80000005 (Nzcv daif -PAN -UAO)
[  196.520596] pc : __ip_local_out+0x80/0x158
[  196.520967] lr : ip_local_out+0x20/0x58
[  196.521346] sp : ffff800011e0ba40
[  196.525236] x29: ffff800011e0ba40 x28: 000000000000001a 
[  196.528011] x27: ffff800011e0bd80 x26: 0000000000000011 
[  196.534180] x25: 0000000000000012 x24: ffff0000781e1c24 
[  196.537835] x23: ffff800011e0bc30 x22: ffff800011963ac0 
[  196.539419] x21: ffff00007a408400 x20: ffff00007b225500 
[  196.539929] x19: ffff00007a902a00 x18: 0000000000000000 
[  196.540340] x17: 0000000000000000 x16: 0000000000000000 
[  196.540647] x15: 0000000000000001 x14: 0000000000000000 
[  196.540969] x13: 0000000000000006 x12: 00000000c0a80164 
[  196.541269] x11: 0000000000000000 x10: 0000000000000068 
[  196.541566] x9 : ffff00007a902a00 x8 : ffff800011e0bc30 
[  196.541861] x7 : 00000000f8a00000 x6 : 000000000000a3c1 
[  196.542157] x5 : ffff000080000000 x4 : ffff0000781e1c24 
[  196.542604] x3 : 6e87583593bebd60 x2 : 6e4265c42e001185 
[  196.543111] x1 : ffff0000781e1c10 x0 : 0000000000000000 
[  196.544263] Call trace:
[  196.544798]  __ip_local_out+0x80/0x158
[  196.545462]  ip_local_out+0x20/0x58
[  196.545681]  ip_send_skb+0x1c/0xa8
[  196.545895]  udp_send_skb.isra.0+0x11c/0x368
[  196.546127]  udp_sendmsg+0x710/0x860
[  196.546336]  inet_sendmsg+0x40/0x68
[  196.546552]  __sys_sendto+0xd4/0x150
[  196.546794]  __arm64_sys_sendto+0x24/0x30
[  196.547375]  el0_svc_common.constprop.0+0x68/0x160
[  196.547853]  el0_svc_handler+0x20/0x80
[  196.548096]  el0_svc+0x8/0xc
[  196.549440] Code: ab000062 8b040824 9a000063 d503201f (b84044a0) 
[  196.551316] ---[ end trace 5948e26df0b5c192 ]---
