[  192.644517] kernel BUG at arch/arm64/kernel/traps.c:405!
[  192.651760] Internal error: Oops - BUG: 0 [#1] PREEMPT SMP
[  192.654293] Modules linked in:
[  192.659434] CPU: 1 PID: 496 Comm: python3 Not tainted 5.4.18 #2
[  192.660484] Hardware name: linux,dummy-virt (DT)
[  192.662704] pstate: 00000005 (nzcv daif -PAN -UAO)
[  192.670540] pc : do_undefinstr+0x2ec/0x310
[  192.672122] lr : do_undefinstr+0x1e0/0x310
[  192.672878] sp : ffff800011f0b920
[  192.673487] x29: ffff800011f0b920 x28: ffff00007a9bf000 
[  192.674479] x27: ffff800011f0bd80 x26: 0000000000000011 
[  192.676841] x25: 0000000000000012 x24: 0000000000000000 
[  192.679048] x23: 0000000060000005 x22: ffff800010b78878 
[  192.679821] x21: ffff800011f0bac0 x20: ffff00007a9bf000 
[  192.680615] x19: ffff800011f0b980 x18: 0000000000000000 
[  192.681373] x17: 0000000000000000 x16: 0000000000000000 
[  192.682311] x15: 0000000000000001 x14: 0000000000000000 
[  192.683130] x13: 0000000000000006 x12: 00000000c0a80164 
[  192.683878] x11: 0000000000000000 x10: 0000000000000068 
[  192.684690] x9 : ffff00007a9bf000 x8 : ffff800011f0bc30 
[  192.685438] x7 : 000000003fa00000 x6 : ffff800011f0b978 
[  192.686179] x5 : 00000000d5300000 x4 : ffff8000117c51f0 
[  192.687224] x3 : 00000000d6500000 x2 : 0000000000000000 
[  192.688013] x1 : ffff00007a9bf000 x0 : 0000000060000005 
[  192.689658] Call trace:
[  192.690552]  do_undefinstr+0x2ec/0x310
[  192.691244]  el1_undef+0x10/0x84
[  192.691793]  __ip_local_out+0x148/0x158
[  192.692607]  ip_send_skb+0x1c/0xa8
[  192.693368]  udp_send_skb.isra.0+0x11c/0x368
[  192.694117]  udp_sendmsg+0x710/0x860
[  192.695064]  inet_sendmsg+0x40/0x68
[  192.695635]  __sys_sendto+0xd4/0x150
[  192.696172]  __arm64_sys_sendto+0x24/0x30
[  192.696772]  el0_svc_common.constprop.0+0x68/0x160
[  192.698062]  el0_svc_handler+0x20/0x80
[  192.699273]  el0_svc+0x8/0xc
[  192.702704] Code: f9401bf7 17ffff7c a9025bf5 f9001bf7 (d4210000) 
[  192.708969] ---[ end trace afeb93061d2737db ]---
[  192.710680] note: python3[496] exited with preempt_count 1
[  192.906662] ------------[ cut here ]------------
[  192.910288] WARNING: CPU: 1 PID: 0 at kernel/rcu/tree.c:569 rcu_idle_enter+0x74/0x80
[  192.921298] Modules linked in:
[  192.925973] CPU: 1 PID: 0 Comm: swapper/1 Tainted: G      D           5.4.18 #2
[  192.937117] Hardware name: linux,dummy-virt (DT)
[  192.942610] pstate: 200003c5 (nzCv DAIF -PAN -UAO)
[  192.952490] pc : rcu_idle_enter+0x74/0x80
[  192.955786] lr : do_idle+0x200/0x288
[  192.961458] sp : ffff800011a4bf20
[  192.969955] x29: ffff800011a4bf20 x28: 0000000000000000 
[  192.982989] x27: 0000000000000000 x26: 0000000000000000 
[  192.987475] x25: 0000000000000000 x24: ffff8000117ba214 
[  192.996972] x23: ffff00007b0c1c00 x22: ffff800011404ab8 
[  193.010905] x21: ffff8000117ba1f0 x20: 0000000000000001 
[  193.030316] x19: ffff8000117ba118 x18: 0000000000000010 
[  193.042023] x17: 0000000000000000 x16: 0000000000000000 
[  193.069871] x15: 00000000000001e1 x14: 0000000000000000 
[  193.077382] x13: 0000000000000002 x12: 00000000000001e1 
[  193.086167] x11: 0000000000000001 x10: 00000000000009c0 
[  193.098565] x9 : ffff800011a4be90 x8 : ffff00007b0c2620 
[  193.112837] x7 : 00000000000003f1 x6 : 00000180dcef66f8 
[  193.128845] x5 : 00ffffffffffffff x4 : ffff80006c757000 
[  193.139062] x3 : 4000000000000002 x2 : 4000000000000000 
[  193.148393] x1 : ffff800011406980 x0 : ffff00007db5d980 
[  193.155003] Call trace:
[  193.157185]  rcu_idle_enter+0x74/0x80
[  193.174252]  do_idle+0x200/0x288
[  193.178867]  cpu_startup_entry+0x24/0x40
[  193.186498]  secondary_start_kernel+0x154/0x190
[  193.198779] ---[ end trace afeb93061d2737dc ]---
