[  193.391023] kernel BUG at arch/arm64/kernel/traps.c:405!
[  193.400759] Internal error: Oops - BUG: 0 [#1] PREEMPT SMP
[  193.403224] Modules linked in:
[  193.408441] CPU: 4 PID: 491 Comm: python3 Not tainted 5.4.18 #2
[  193.410062] Hardware name: linux,dummy-virt (DT)
[  193.412974] pstate: 00000005 (nzcv daif -PAN -UAO)
[  193.425121] pc : do_undefinstr+0x2ec/0x310
[  193.426060] lr : do_undefinstr+0x1e0/0x310
[  193.426806] sp : ffff800011f8b920
[  193.427432] x29: ffff800011f8b920 x28: ffff000075ac3800 
[  193.429866] x27: ffff800011f8bd80 x26: 0000000000000011 
[  193.430896] x25: 0000000000000012 x24: 0000000000000000 
[  193.431945] x23: 0000000060000005 x22: ffff800010b78878 
[  193.432840] x21: ffff800011f8bac0 x20: ffff000075ac3800 
[  193.433691] x19: ffff800011f8b980 x18: 0000000000000000 
[  193.434728] x17: 0000000000000000 x16: 0000000000000000 
[  193.436855] x15: 0000000000000001 x14: 0000000000000000 
[  193.437776] x13: 0000000000000006 x12: 00000000c0a80164 
[  193.438728] x11: 0000000000000000 x10: 0000000000000068 
[  193.439613] x9 : ffff000075ac3800 x8 : ffff800011f8bc30 
[  193.440611] x7 : 00000000e3500000 x6 : ffff800011f8b978 
[  193.441502] x5 : 00000000d5300000 x4 : ffff8000117c51f0 
[  193.442436] x3 : 00000000d4500000 x2 : 0000000000000000 
[  193.444618] x1 : ffff000075ac3800 x0 : 0000000060000005 
[  193.447772] Call trace:
[  193.448726]  do_undefinstr+0x2ec/0x310
[  193.449582]  el1_undef+0x10/0x84
[  193.450229]  __ip_local_out+0x148/0x158
[  193.450964]  ip_send_skb+0x1c/0xa8
[  193.451675]  udp_send_skb.isra.0+0x11c/0x368
[  193.452390]  udp_sendmsg+0x710/0x860
[  193.453042]  inet_sendmsg+0x40/0x68
[  193.453886]  __sys_sendto+0xd4/0x150
[  193.454531]  __arm64_sys_sendto+0x24/0x30
[  193.455242]  el0_svc_common.constprop.0+0x68/0x160
[  193.456113]  el0_svc_handler+0x20/0x80
[  193.456770]  el0_svc+0x8/0xc
[  193.458736] Code: f9401bf7 17ffff7c a9025bf5 f9001bf7 (d4210000) 
[  193.463577] ---[ end trace 9713fcb7a81b0de2 ]---
[  193.465140] note: python3[491] exited with preempt_count 1
[  193.703672] ------------[ cut here ]------------
[  193.713784] WARNING: CPU: 4 PID: 0 at kernel/rcu/tree.c:569 rcu_idle_enter+0x74/0x80
[  193.720376] Modules linked in:
[  193.726058] CPU: 4 PID: 0 Comm: swapper/4 Tainted: G      D           5.4.18 #2
[  193.732037] Hardware name: linux,dummy-virt (DT)
[  193.738679] pstate: 200003c5 (nzCv DAIF -PAN -UAO)
[  193.741892] pc : rcu_idle_enter+0x74/0x80
[  193.745485] lr : do_idle+0x200/0x288
[  193.748888] sp : ffff800011a63f20
[  193.751815] x29: ffff800011a63f20 x28: 0000000000000000 
[  193.759165] x27: 0000000000000000 x26: 0000000000000000 
[  193.759351] x25: 0000000000000000 x24: ffff8000117ba214 
[  193.763183] x23: ffff00007b0c4600 x22: ffff800011404ab8 
[  193.769079] x21: ffff8000117ba1f0 x20: 0000000000000004 
[  193.775254] x19: ffff8000117ba118 x18: 0000000000000010 
[  193.779040] x17: 0000000000000000 x16: 0000000000000000 
[  193.793352] x15: 00000000000001a2 x14: 0000000000000000 
[  193.800446] x13: 0000000000000003 x12: 00000000000001a2 
[  193.805719] x11: 0000000000000002 x10: 00000000000009c0 
[  193.814318] x9 : ffff800011a63e90 x8 : ffff00007b0c5020 
[  193.819850] x7 : 0000000000000376 x6 : 000001bb970e41cc 
[  193.826598] x5 : 00ffffffffffffff x4 : ffff80006c799000 
[  193.838172] x3 : 4000000000000002 x2 : 4000000000000000 
[  193.844091] x1 : ffff800011406980 x0 : ffff00007db9f980 
[  193.857407] Call trace:
[  193.862360]  rcu_idle_enter+0x74/0x80
[  193.864751]  do_idle+0x200/0x288
[  193.873576]  cpu_startup_entry+0x20/0x40
[  193.878988]  secondary_start_kernel+0x154/0x190
[  193.887620] ---[ end trace 9713fcb7a81b0de3 ]---
