[  198.044304] Unable to handle kernel paging request at virtual address 0040ab872e0004b5
[  198.050738] Mem abort info:
[  198.051122]   ESR = 0x96000004
[  198.051524]   EC = 0x25: DABT (current EL), IL = 32 bits
[  198.051956]   SET = 0, FnV = 0
[  198.052582]   EA = 0, S1PTW = 0
[  198.053191] Data abort info:
[  198.053746]   ISV = 0, ISS = 0x00000004
[  198.054479]   CM = 0, WnR = 0
[  198.057399] [0040ab872e0004b5] address between user and kernel address ranges
[  198.059620] Internal error: Oops: 96000004 [#1] PREEMPT SMP
[  198.061813] Modules linked in:
[  198.068586] CPU: 5 PID: 495 Comm: python3 Not tainted 5.4.18 #2
[  198.073146] Hardware name: linux,dummy-virt (DT)
[  198.075317] pstate: 60000005 (nZCv daif -PAN -UAO)
[  198.079616] pc : __ip_local_out+0x124/0x158
[  198.079959] lr : ip_local_out+0x20/0x58
[  198.080265] sp : ffff800011c6ba40
[  198.080569] x29: ffff800011c6ba40 x28: 000000000000001a 
[  198.081031] x27: ffff800011c6bd80 x26: 0000000000000011 
[  198.081386] x25: 0000000000000012 x24: ffff00007b20a000 
[  198.081942] x23: 0000000000000001 x22: ffff800011963ac0 
[  198.082785] x21: ffff000079641700 x20: ffff0000797d8cc0 
[  198.083147] x19: 0040ab872e0004b5 x18: 0000000000000000 
[  198.083498] x17: 0000000000000000 x16: 0000000000000000 
[  198.083847] x15: 0000000000000001 x14: 0000000000000000 
[  198.084476] x13: 0000000000000006 x12: 00000000c0a80164 
[  198.084904] x11: 0000000000000000 x10: 0000000000000068 
[  198.085295] x9 : ffff00007abf7000 x8 : ffff800011c6bc30 
[  198.085774] x7 : 000000009b800000 x6 : 00000000000096cf 
[  198.087452] x5 : ffff0000782db024 x4 : ffff0000782db024 
[  198.087869] x3 : 00000000ffffa30d x2 : 0000000012c24a30 
[  198.088130] x1 : 0000000000000008 x0 : 420659b1e2464500 
[  198.088578] Call trace:
[  198.088787]  __ip_local_out+0x124/0x158
[  198.088950]  ip_local_out+0x20/0x58
[  198.089210]  ip_send_skb+0x1c/0xa8
[  198.089554]  udp_send_skb.isra.0+0x11c/0x368
[  198.090444]  udp_sendmsg+0x710/0x860
[  198.090681]  inet_sendmsg+0x40/0x68
[  198.091013]  __sys_sendto+0xd4/0x150
[  198.091389]  __arm64_sys_sendto+0x24/0x30
[  198.092038]  el0_svc_common.constprop.0+0x68/0x160
[  198.093296]  el0_svc_handler+0x20/0x80
[  198.094085]  el0_svc+0x8/0xc
[  198.098471] Code: 2a0003f7 97d76ee8 9111c273 f9403fe0 (f9400261) 
[  198.108279] ---[ end trace d4fa5ad793765387 ]---
