[  193.912030] Unable to handle kernel paging request at virtual address 000000006401a918
[  193.914348] Mem abort info:
[  193.915256]   ESR = 0x96000005
[  193.915902]   EC = 0x25: DABT (current EL), IL = 32 bits
[  193.916288]   SET = 0, FnV = 0
[  193.917569]   EA = 0, S1PTW = 0
[  193.918002] Data abort info:
[  193.918316]   ISV = 0, ISS = 0x00000005
[  193.918657]   CM = 0, WnR = 0
[  193.919921] user pgtable: 4k pages, 48-bit VAs, pgdp=00000000af866000
[  193.922758] [000000006401a918] pgd=00000000b17f4003, pud=0000000000000000
[  193.926274] Internal error: Oops: 96000005 [#1] PREEMPT SMP
[  193.933588] Modules linked in:
[  193.942183] CPU: 0 PID: 494 Comm: python3 Not tainted 5.4.18 #2
[  193.948406] Hardware name: linux,dummy-virt (DT)
[  193.961053] pstate: 60000005 (nZCv daif -PAN -UAO)
[  193.961462] pc : ip_local_out+0x28/0x58
[  193.961721] lr : ip_local_out+0x20/0x58
[  193.961955] sp : ffff800011f7bac0
[  193.962254] x29: ffff800011f7bac0 x28: 000000000000001a 
[  193.963601] x27: ffff800011f7bd80 x26: 0000000000000011 
[  193.965011] x25: 0000000000000012 x24: ffff00007723a424 
[  193.965345] x23: ffff800011f7bc30 x22: ffff000077271540 
[  193.970570] x21: ffff000077271540 x20: ffff000077271888 
[  193.975171] x19: 000000006401a8c0 x18: 0000000000000000 
[  193.980441] x17: 0000000000000000 x16: 0000000000000000 
[  193.983721] x15: 0000000000000001 x14: 0000000000000000 
[  193.984301] x13: 0000000000000006 x12: 00000000c0a80164 
[  193.985512] x11: 0000000000000000 x10: 0000000000000068 
[  193.986523] x9 : ffff0000738af000 x8 : ffff800011f7bc30 
[  193.993102] x7 : 0000000063500000 x6 : 000000000000b486 
[  193.993533] x5 : ffff00007723a424 x4 : ffff00007723a424 
[  193.994504] x3 : 00000000ffff1aca x2 : 00000000e4f20043 
[  193.994955] x1 : 0000000000000000 x0 : 0000000000000001 
[  193.996519] Call trace:
[  193.996963]  ip_local_out+0x28/0x58
[  193.997434]  ip_send_skb+0x1c/0xa8
[  193.997867]  udp_send_skb.isra.0+0x11c/0x368
[  193.998459]  udp_sendmsg+0x710/0x860
[  193.998840]  inet_sendmsg+0x40/0x68
[  193.999097]  __sys_sendto+0xd4/0x150
[  193.999349]  __arm64_sys_sendto+0x24/0x30
[  193.999987]  el0_svc_common.constprop.0+0x68/0x160
[  194.001577]  el0_svc_handler+0x20/0x80
[  194.001968]  el0_svc+0x8/0xc
[  194.003641] Code: aa0103f5 97ffffa3 7100041f 54000101 (f9402e63) 
[  194.005443] ---[ end trace bcc1dd7455b82d5a ]---
