[  194.502402] Unable to handle kernel paging request at virtual address ffff800015988b88
[  194.515878] Mem abort info:
[  194.518882]   ESR = 0x86000006
[  194.528434]   EC = 0x21: IABT (current EL), IL = 32 bits
[  194.532071]   SET = 0, FnV = 0
[  194.536677]   EA = 0, S1PTW = 0
[  194.548154] swapper pgtable: 4k pages, 48-bit VAs, pgdp=00000000412a6000
[  194.551111] [ffff800015988b88] pgd=00000000bdfff003, pud=00000000bdffe003, pmd=0000000000000000
[  194.563152] Internal error: Oops: 86000006 [#1] PREEMPT SMP
[  194.565172] Modules linked in:
[  194.573180] CPU: 6 PID: 494 Comm: python3 Not tainted 5.4.18 #2
[  194.579576] Hardware name: linux,dummy-virt (DT)
[  194.590907] pstate: 60000005 (nZCv daif -PAN -UAO)
[  194.595663] pc : 0xffff800015988b88
[  194.597249] lr : __ip_local_out+0x10/0x158
[  194.597704] sp : ffff800011e33a40
[  194.598095] x29: ffff800011e33a40 x28: 000000000000001a 
[  194.598876] x27: ffff800011e33d80 x26: 0000000000000011 
[  194.599410] x25: 0000000000000012 x24: ffff000076d9de24 
[  194.600684] x23: ffff800011e33c30 x22: ffff00007940c400 
[  194.603226] x21: ffff00007940c400 x20: ffff800011963ac0 
[  194.604142] x19: ffff000076d93000 x18: 0000000000000000 
[  194.612588] x17: 0000000000000000 x16: 0000000000000000 
[  194.623464] x15: 0000000000000001 x14: 0000000000000000 
[  194.626804] x13: 0000000000000006 x12: 00000000c0a80164 
[  194.631071] x11: 0000000000000000 x10: 0000000000000068 
[  194.635123] x9 : ffff0000796df000 x8 : ffff800011e33c30 
[  194.639976] x7 : 0000000068d00000 x6 : 00000000000085cb 
[  194.642432] x5 : 0000000000000024 x4 : 0000000000000000 
[  194.644472] x3 : 0000000000000011 x2 : ffff000076d93000 
[  194.647076] x1 : ffff00007940c400 x0 : ffff800011963ac0 
[  194.650365] Call trace:
[  194.653565]  0xffff800015988b88
[  194.655960]  ip_local_out+0x20/0x58
[  194.656677]  ip_send_skb+0x1c/0xa8
[  194.657050]  udp_send_skb.isra.0+0x11c/0x368
[  194.657336]  udp_sendmsg+0x710/0x860
[  194.659820]  inet_sendmsg+0x40/0x68
[  194.661075]  __sys_sendto+0xd4/0x150
[  194.662542]  __arm64_sys_sendto+0x24/0x30
[  194.664593]  el0_svc_common.constprop.0+0x68/0x160
[  194.667073]  el0_svc_handler+0x20/0x80
[  194.667424]  el0_svc+0x8/0xc
[  194.669679] Code: bad PC value
[  194.674801] ---[ end trace 184d4f5058248991 ]---
