[  205.377343] Unable to handle kernel paging request at virtual address fffe000047ccf0e8
[  205.409057] Mem abort info:
[  205.411365]   ESR = 0x96000004
[  205.413943]   EC = 0x25: DABT (current EL), IL = 32 bits
[  205.420711]   SET = 0, FnV = 0
[  205.421182]   EA = 0, S1PTW = 0
[  205.423517] Data abort info:
[  205.424137]   ISV = 0, ISS = 0x00000004
[  205.424754]   CM = 0, WnR = 0
[  205.428235] [fffe000047ccf0e8] address between user and kernel address ranges
[  205.434593] Internal error: Oops: 96000004 [#1] PREEMPT SMP
[  205.437470] Modules linked in:
[  205.456406] CPU: 2 PID: 495 Comm: python3 Not tainted 5.4.18 #2
[  205.463679] Hardware name: linux,dummy-virt (DT)
[  205.466287] pstate: 60000005 (nZCv daif -PAN -UAO)
[  205.470027] pc : __ip_make_skb+0x1f4/0x3b0
[  205.470344] lr : __ip_make_skb+0x180/0x3b0
[  205.470615] sp : ffff800011f33a70
[  205.471075] x29: ffff800011f33a70 x28: 0000000000000000 
[  205.471840] x27: ffff000078359400 x26: 0000000000000010 
[  205.472460] x25: ffff000078359410 x24: fffe000047ccf0c0 
[  205.473021] x23: ffff0000708730c0 x22: ffff000078139540 
[  205.474750] x21: ffff800011963ac0 x20: ffff800011f33c68 
[  205.475285] x19: ffff00007a925400 x18: 0000000000000000 
[  205.475967] x17: 0000000000000000 x16: 0000000000000000 
[  205.476478] x15: 0000000000000001 x14: 0000000000000000 
[  205.478315] x13: 0000000000000006 x12: 00000000c0a80164 
[  205.478846] x11: 0000000000000000 x10: 0000000000000068 
[  205.479341] x9 : 0000000000000000 x8 : ffff00007a925400 
[  205.480055] x7 : 0000000000000012 x6 : ffff00007835943e 
[  205.480733] x5 : ffff0000783594c8 x4 : ffff800011f33b40 
[  205.484049] x3 : ffff800010ec3ff8 x2 : 0000000000000040 
[  205.484773] x1 : 0000000000000000 x0 : 0000000000000011 
[  205.487638] Call trace:
[  205.492036]  __ip_make_skb+0x1f4/0x3b0
[  205.494501]  ip_make_skb+0x108/0x140
[  205.495588]  udp_sendmsg+0x6ec/0x860
[  205.500271]  inet_sendmsg+0x40/0x68
[  205.503165]  __sys_sendto+0xd4/0x150
[  205.504107]  __arm64_sys_sendto+0x24/0x30
[  205.511089]  el0_svc_common.constprop.0+0x68/0x160
[  205.524723]  el0_svc_handler+0x20/0x80
[  205.533141]  el0_svc+0x8/0xc
[  205.548671] Code: 79000f22 39002320 394806c0 39002720 (f9401700) 
[  205.562528] ---[ end trace 7d6d2a58c7c8ef01 ]---
