[  193.933415] Kernel panic - not syncing: stack-protector: Kernel stack is corrupted in: ip_make_skb+0x140/0x140
[  193.940524] CPU: 6 PID: 495 Comm: python3 Not tainted 5.4.18 #2
[  193.941810] Hardware name: linux,dummy-virt (DT)
[  193.944350] Call trace:
[  193.945159]  dump_backtrace+0x0/0x140
[  193.945988]  show_stack+0x14/0x20
[  193.946623]  dump_stack+0xb4/0xf8
[  193.947569]  panic+0x158/0x324
[  193.948156]  __stack_chk_fail+0x1c/0x20
[  193.949039]  ip_send_unicast_reply+0x0/0x2c8
[  193.949795]  udp_sendmsg+0x6ec/0x860
[  193.950430]  inet_sendmsg+0x40/0x68
[  193.951143]  __sys_sendto+0xd4/0x150
[  193.952030]  __arm64_sys_sendto+0x24/0x30
[  193.953162]  el0_svc_common.constprop.0+0x68/0x160
[  193.954728]  el0_svc_handler+0x20/0x80
[  193.955415]  el0_svc+0x8/0xc
[  193.958954] SMP: stopping secondary CPUs
[  193.962785] Kernel Offset: disabled
[  193.963824] CPU features: 0x0002,20006000
[  193.964760] Memory Limit: none
[  193.970232] ---[ end Kernel panic - not syncing: stack-protector: Kernel stack is corrupted in: ip_make_skb+0x140/0x140 ]---
