[  199.580027] kernel BUG at arch/arm64/kernel/traps.c:405!
[  199.589355] Internal error: Oops - BUG: 0 [#1] PREEMPT SMP
[  199.595373] Modules linked in:
[  199.600553] CPU: 3 PID: 496 Comm: python3 Not tainted 5.4.18 #2
[  199.602509] Hardware name: linux,dummy-virt (DT)
[  199.606625] pstate: 00000005 (nzcv daif -PAN -UAO)
[  199.612229] pc : do_undefinstr+0x2ec/0x310
[  199.613035] lr : do_undefinstr+0x1e0/0x310
[  199.613820] sp : ffff80001216b930
[  199.614550] x29: ffff80001216b930 x28: ffff00007a430e00 
[  199.615634] x27: 000000000000001a x26: ffff80001216bd80 
[  199.616568] x25: ffff800010b762e8 x24: 0000000000000000 
[  199.617401] x23: 0000000080000005 x22: ffff800010b79cc8 
[  199.618434] x21: ffff80001216bad0 x20: ffff00007a430e00 
[  199.619055] x19: ffff80001216b990 x18: 0000000000000000 
[  199.619782] x17: 0000000000000000 x16: 0000000000000000 
[  199.620565] x15: 0000000000000001 x14: 0000000000000000 
[  199.621047] x13: 0000000000000006 x12: 00000000c0a80164 
[  199.621512] x11: 0000000000000000 x10: 0000000000000068 
[  199.621945] x9 : 0000000000000000 x8 : 0000000000000000 
[  199.622362] x7 : ffff80001216bc00 x6 : ffff80001216b988 
[  199.622748] x5 : 00000000d5300000 x4 : ffff8000117c51f0 
[  199.623106] x3 : 00000000bb000000 x2 : 0000000000000000 
[  199.623821] x1 : ffff00007a430e00 x0 : 0000000080000005 
[  199.625334] Call trace:
[  199.625997]  do_undefinstr+0x2ec/0x310
[  199.626640]  el1_undef+0x10/0x84
[  199.627121]  ip_make_skb+0x70/0x140
[  199.627608]  udp_sendmsg+0x6ec/0x860
[  199.628146]  inet_sendmsg+0x40/0x68
[  199.628619]  __sys_sendto+0xd4/0x150
[  199.629059]  __arm64_sys_sendto+0x24/0x30
[  199.629542]  el0_svc_common.constprop.0+0x68/0x160
[  199.630108]  el0_svc_handler+0x20/0x80
[  199.630556]  el0_svc+0x8/0xc
[  199.631777] Code: f9401bf7 17ffff7c a9025bf5 f9001bf7 (d4210000) 
[  199.635348] ---[ end trace 19228da2441a8cbc ]---
[  199.636478] note: python3[496] exited with preempt_count 1
[  199.706846] ------------[ cut here ]------------
[  199.710871] WARNING: CPU: 3 PID: 0 at kernel/rcu/tree.c:569 rcu_idle_enter+0x74/0x80
[  199.714939] Modules linked in:
[  199.716060] CPU: 3 PID: 0 Comm: swapper/3 Tainted: G      D           5.4.18 #2
[  199.725307] Hardware name: linux,dummy-virt (DT)
[  199.729157] pstate: 200003c5 (nzCv DAIF -PAN -UAO)
[  199.730521] pc : rcu_idle_enter+0x74/0x80
[  199.735246] lr : do_idle+0x200/0x288
[  199.739684] sp : ffff800011a5bf20
[  199.740306] x29: ffff800011a5bf20 x28: 0000000000000000 
[  199.750198] x27: 0000000000000000 x26: 0000000000000000 
[  199.753178] x25: 0000000000000000 x24: ffff8000117ba214 
[  199.753610] x23: ffff00007b0c3800 x22: ffff800011404ab8 
[  199.754021] x21: ffff8000117ba1f0 x20: 0000000000000003 
[  199.754420] x19: ffff8000117ba118 x18: 0000000000000010 
[  199.755244] x17: 0000000000000000 x16: 0000000000000000 
[  199.756606] x15: 0000000000000001 x14: 0000000000000000 
[  199.758927] x13: 0000000000000001 x12: 0000000000000001 
[  199.762077] x11: 0000000000000400 x10: 00000000000009c0 
[  199.764789] x9 : ffff800011a5be90 x8 : ffff00007b0c4220 
[  199.765202] x7 : 0000000000000000 x6 : 00000017448439de 
[  199.765600] x5 : 00ffffffffffffff x4 : ffff80006c783000 
[  199.766024] x3 : 4000000000000002 x2 : 4000000000000000 
[  199.766416] x1 : ffff800011406980 x0 : ffff00007db89980 
[  199.766849] Call trace:
[  199.767180]  rcu_idle_enter+0x74/0x80
[  199.767486]  do_idle+0x200/0x288
[  199.768665]  cpu_startup_entry+0x20/0x40
[  199.770659]  secondary_start_kernel+0x154/0x190
[  199.771277] ---[ end trace 19228da2441a8cbd ]---
