[  147.133549] Unable to handle kernel read from unreadable memory at virtual address ffff000078cbaa23
[  147.152564] Mem abort info:
[  147.154117]   ESR = 0x9600000f
[  147.158788]   EC = 0x25: DABT (current EL), IL = 32 bits
[  147.161040]   SET = 0, FnV = 0
[  147.161639]   EA = 0, S1PTW = 0
[  147.162250] Data abort info:
[  147.165108]   ISV = 0, ISS = 0x0000000f
[  147.166828]   CM = 0, WnR = 0
[  147.169836] swapper pgtable: 4k pages, 48-bit VAs, pgdp=00000000412a6000
[  147.172098] [ffff000078cbaa23] pgd=00000000bdff8003, pud=00000000bddfe003, pmd=00000000bdc37003, pte=00680000b8cba713
[  147.179129] Internal error: Oops: 9600000f [#1] PREEMPT SMP
[  147.181229] Modules linked in:
[  147.187403] CPU: 7 PID: 493 Comm: python3 Not tainted 5.4.18 #2
[  147.187892] Hardware name: linux,dummy-virt (DT)
[  147.189622] pstate: 80000005 (Nzcv daif -PAN -UAO)
[  147.197236] pc : ip_make_skb+0x24/0x140
[  147.197950] lr : udp_sendmsg+0x6ec/0x860
[  147.198478] sp : ffff800011f9bad0
[  147.199985] x29: ffff800011f9bae0 x28: 000000000000001a 
[  147.201333] x27: ffff800011f9bd80 x26: 0000000000000011 
[  147.203787] x25: 0000000000000012 x24: 0000000000000000 
[  147.204174] x23: 000000006401a8c0 x22: ffff800011f9bc68 
[  147.204627] x21: ffff000078cbaa00 x20: ffff000078cbaa00 
[  147.204972] x19: ffff000077e41540 x18: 0000000000000000 
[  147.205293] x17: 0000000000000000 x16: 0000000000000000 
[  147.205627] x15: 0000000000000001 x14: 0000000000000000 
[  147.205931] x13: 0000000000000006 x12: 00000000c0a80164 
[  147.206346] x11: 0000000000000000 x10: 0000000000000068 
[  147.207221] x9 : 0000000000000000 x8 : 0000000000000000 
[  147.208139] x7 : ffff800011f9bc00 x6 : ffff800011f9bc08 
[  147.208542] x5 : 0000000000000008 x4 : 000000000000001a 
[  147.209672] x3 : ffff800011f9bd80 x2 : ffff800010b762e8 
[  147.210283] x1 : ffff800011f9bc30 x0 : ffff000077e41540 
[  147.213884] Call trace:
[  147.214719]  ip_make_skb+0x24/0x140
[  147.215952]  udp_sendmsg+0x6ec/0x860
[  147.216299]  inet_sendmsg+0x40/0x68
[  147.216884]  __sys_sendto+0xd4/0x150
[  147.217925]  __arm64_sys_sendto+0x24/0x30
[  147.218910]  el0_svc_common.constprop.0+0x68/0x160
[  147.219714]  el0_svc_handler+0x20/0x80
[  147.220014]  el0_svc+0x8/0xc
[  147.228569] Code: d5384114 a9035bf5 a90463f7 b9409bf8 (f8423a89) 
[  147.235949] ---[ end trace 665c6f9e52e4a119 ]---
