[  195.231105] Kernel panic - not syncing: stack-protector: Kernel stack is corrupted in: ip_make_skb+0x140/0x140
[  195.243111] CPU: 6 PID: 495 Comm: python3 Not tainted 5.4.18 #2
[  195.244553] Hardware name: linux,dummy-virt (DT)
[  195.247015] Call trace:
[  195.248071]  dump_backtrace+0x0/0x140
[  195.248873]  show_stack+0x14/0x20
[  195.249588]  dump_stack+0xb4/0xf8
[  195.250218]  panic+0x158/0x324
[  195.250883]  __stack_chk_fail+0x1c/0x20
[  195.251834]  ip_send_unicast_reply+0x0/0x2c8
[  195.253338]  udp_sendmsg+0x6ec/0x860
[  195.255829]  inet_sendmsg+0x40/0x68
[  195.256365]  __sys_sendto+0xd4/0x150
[  195.256874]  __arm64_sys_sendto+0x24/0x30
[  195.257666]  el0_svc_common.constprop.0+0x68/0x160
[  195.258384]  el0_svc_handler+0x20/0x80
[  195.259041]  el0_svc+0x8/0xc
[  195.263976] SMP: stopping secondary CPUs
[  195.268671] Kernel Offset: disabled
[  195.271790] CPU features: 0x0002,20006000
[  195.272287] Memory Limit: none
[  195.275636] ---[ end Kernel panic - not syncing: stack-protector: Kernel stack is corrupted in: ip_make_skb+0x140/0x140 ]---
