[  194.877046] Unable to handle kernel NULL pointer dereference at virtual address 0000000000000002
[  194.882857] Mem abort info:
[  194.883745]   ESR = 0x96000006
[  194.885863]   EC = 0x25: DABT (current EL), IL = 32 bits
[  194.896213]   SET = 0, FnV = 0
[  194.897426]   EA = 0, S1PTW = 0
[  194.898551] Data abort info:
[  194.907233]   ISV = 0, ISS = 0x00000006
[  194.917730]   CM = 0, WnR = 0
[  194.923265] user pgtable: 4k pages, 48-bit VAs, pgdp=00000000b2111000
[  194.936597] [0000000000000002] pgd=00000000b5f33003, pud=00000000b04ae003, pmd=0000000000000000
[  194.955398] Internal error: Oops: 96000006 [#1] PREEMPT SMP
[  194.956583] Modules linked in:
[  194.959963] CPU: 2 PID: 492 Comm: python3 Not tainted 5.4.18 #2
[  194.960584] Hardware name: linux,dummy-virt (DT)
[  194.962343] pstate: 20000005 (nzCv daif -PAN -UAO)
[  194.968262] pc : __ip_append_data.isra.0+0x24c/0xc30
[  194.968921] lr : ip_make_skb+0xec/0x140
[  194.969346] sp : ffff800011f3b9e0
[  194.972202] x29: ffff800011f3b9e0 x28: ffff800011f3bd80 
[  194.973357] x27: ffff00007817e200 x26: ffff00007817eb30 
[  194.974183] x25: ffff00007a94fb40 x24: ffff000074a100c0 
[  194.975718] x23: 000000000000001a x22: 0000000000000000 
[  194.976617] x21: 000000000000001a x20: 0000000000000000 
[  194.977449] x19: 0000000000000000 x18: 0000000000000000 
[  194.979969] x17: 0000000000000000 x16: 0000000000000000 
[  194.981307] x15: 0000000000000001 x14: 0000000000000000 
[  194.983014] x13: 0000000000000006 x12: 00000000c0a80164 
[  194.985032] x11: 0000000000000000 x10: 0000000000000068 
[  194.986882] x9 : 0000000000000000 x8 : 00000000000005c8 
[  194.988152] x7 : 0000000000000014 x6 : 00000000000005dc 
[  194.989724] x5 : 0000000000000000 x4 : 0000000000000078 
[  194.992807] x3 : 0000000000000000 x2 : 0000000000000000 
[  194.993926] x1 : ffff00007817eb30 x0 : ffff00007a94fb40 
[  194.996984] Call trace:
[  194.998427]  __ip_append_data.isra.0+0x24c/0xc30
[  195.000585]  ip_make_skb+0xec/0x140
[  195.001102]  udp_sendmsg+0x6ec/0x860
[  195.001768]  inet_sendmsg+0x40/0x68
[  195.008468]  __sys_sendto+0xd4/0x150
[  195.011304]  __arm64_sys_sendto+0x24/0x30
[  195.014575]  el0_svc_common.constprop.0+0x68/0x160
[  195.016845]  el0_svc_handler+0x20/0x80
[  195.018019]  el0_svc+0x8/0xc
[  195.031823] Code: aa1a03e1 b940b763 aa1903e0 8b030042 (39400843) 
[  195.041200] ---[ end trace 523e2fabc45de964 ]---
