[  204.183315] Unable to handle kernel NULL pointer dereference at virtual address 0000000000000008
[  204.185886] Mem abort info:
[  204.186308]   ESR = 0x96000006
[  204.186803]   EC = 0x25: DABT (current EL), IL = 32 bits
[  204.188583]   SET = 0, FnV = 0
[  204.189153]   EA = 0, S1PTW = 0
[  204.189656] Data abort info:
[  204.189932]   ISV = 0, ISS = 0x00000006
[  204.190714]   CM = 0, WnR = 0
[  204.194898] user pgtable: 4k pages, 48-bit VAs, pgdp=00000000b3c7c000
[  204.209314] [0000000000000008] pgd=00000000b95c5003, pud=00000000b961b003, pmd=0000000000000000
[  204.231269] Internal error: Oops: 96000006 [#1] PREEMPT SMP
[  204.237388] Modules linked in:
[  204.242545] CPU: 1 PID: 495 Comm: python3 Not tainted 5.4.18 #2
[  204.246221] Hardware name: linux,dummy-virt (DT)
[  204.249523] pstate: 20000005 (nzCv daif -PAN -UAO)
[  204.250292] pc : __ip_make_skb+0x16c/0x3b0
[  204.250849] lr : ip_make_skb+0x108/0x140
[  204.251326] sp : ffff800011f73a70
[  204.252090] x29: ffff800011f73a70 x28: ffff800011f73b40 
[  204.254252] x27: 000000000000001a x26: ffff800011f73d80 
[  204.258293] x25: ffff800010b762e8 x24: ffff800011f73c30 
[  204.259053] x23: 0000000000000000 x22: ffff00007b22cc80 
[  204.261895] x21: ffff800011963ac0 x20: ffff800011f7bd6c 
[  204.266197] x19: ffff00007940b000 x18: 0000000000000000 
[  204.268933] x17: 0000000000000000 x16: 0000000000000000 
[  204.274491] x15: 0000000000000001 x14: 0000000000000000 
[  204.279459] x13: 0000000000000006 x12: 00000000c0a80164 
[  204.286607] x11: 0000000000000000 x10: 0000000000000068 
[  204.288643] x9 : 0000000000000000 x8 : ffff00007940b000 
[  204.289550] x7 : 0000000000000012 x6 : ffff0000782a9a3e 
[  204.301910] x5 : ffff0000782a9ac8 x4 : ffff800011f73b40 
[  204.302713] x3 : 0000000000000010 x2 : ffff800011f73b40 
[  204.304741] x1 : 0000000000000001 x0 : 00000000000000ff 
[  204.310931] Call trace:
[  204.318679]  __ip_make_skb+0x16c/0x3b0
[  204.319384]  ip_make_skb+0x108/0x140
[  204.322309]  udp_sendmsg+0x6ec/0x860
[  204.323681]  inet_sendmsg+0x40/0x68
[  204.324532]  __sys_sendto+0xd4/0x150
[  204.325242]  __arm64_sys_sendto+0x24/0x30
[  204.325920]  el0_svc_common.constprop.0+0x68/0x160
[  204.326651]  el0_svc_handler+0x20/0x80
[  204.328518]  el0_svc+0x8/0xc
[  204.335725] Code: 51000800 12001c00 7100041f 54000e89 (f94006e1) 
[  204.350532] ---[ end trace 75596b2dbb9b5d2f ]---
