[  193.894445] Unable to handle kernel paging request at virtual address ffff8000120fc000
[  193.925079] Mem abort info:
[  193.925610]   ESR = 0x96000007
[  193.926688]   EC = 0x25: DABT (current EL), IL = 32 bits
[  193.930206]   SET = 0, FnV = 0
[  193.934244]   EA = 0, S1PTW = 0
[  193.936581] Data abort info:
[  193.937558]   ISV = 0, ISS = 0x00000007
[  193.938361]   CM = 0, WnR = 0
[  193.940591] swapper pgtable: 4k pages, 48-bit VAs, pgdp=00000000412a6000
[  193.941766] [ffff8000120fc000] pgd=00000000bdfff003, pud=00000000bdffe003, pmd=00000000ba4aa003, pte=0000000000000000
[  193.953995] Internal error: Oops: 96000007 [#1] PREEMPT SMP
[  193.959102] Modules linked in:
[  193.969912] CPU: 7 PID: 492 Comm: python3 Not tainted 5.4.18 #2
[  193.973162] Hardware name: linux,dummy-virt (DT)
[  193.976749] pstate: 20000005 (nzCv daif -PAN -UAO)
[  193.985224] pc : ip_frag_next+0x188/0x1f0
[  193.985951] lr : ip_make_skb+0xec/0x140
[  193.986426] sp : ffff8000120fbad0
[  193.986999] x29: ffff8000120fbae0 x28: ffff8000120fbb40 
[  193.989145] x27: 000000000000001a x26: ffff8000120fbd80 
[  193.990095] x25: ffff800010b762e8 x24: 0000000000000000 
[  193.991416] x23: ffff8000120fbc30 x22: ffff00007944aec0 
[  193.992295] x21: ffff8000120fbc68 x20: ffff000072d0aa00 
[  193.994270] x19: 0000000000000008 x18: 0000000000000000 
[  193.995388] x17: 0000000000000000 x16: 0000000000000000 
[  193.998412] x15: 0000000000000001 x14: 0000000000000000 
[  193.999658] x13: 0000000000000006 x12: 00000000c0a80164 
[  194.000179] x11: 0000000000000000 x10: 0000000000000068 
[  194.000584] x9 : 0000000000000000 x8 : 0000000000000000 
[  194.001605] x7 : 000000000000001a x6 : ffff8000120fbd80 
[  194.002055] x5 : fffe0000ec1561f0 x4 : 0000000000000000 
[  194.002490] x3 : ffff8000120fc000 x2 : ffff80005a4ea95c 
[  194.004251] x1 : ffff8000120fbc5c x0 : fffe003879ca727f 
[  194.005768] Call trace:
[  194.006492]  ip_frag_next+0x188/0x1f0
[  194.009556]  udp_sendmsg+0x6ec/0x860
[  194.010228]  inet_sendmsg+0x40/0x68
[  194.010920]  __sys_sendto+0xd4/0x150
[  194.011140]  __arm64_sys_sendto+0x24/0x30
[  194.013769]  el0_svc_common.constprop.0+0x68/0x160
[  194.013986]  el0_svc_handler+0x20/0x80
[  194.014122]  el0_svc+0x8/0xc
[  194.015076] Code: ab040005 8b020822 9a040000 d503201f (b8404464) 
[  194.016468] ---[ end trace 7eff13607ef6f624 ]---
