[  193.263248] Unable to handle kernel NULL pointer dereference at virtual address 00000000000002e0
[  193.264838] Mem abort info:
[  193.265043]   ESR = 0x96000006
[  193.265301]   EC = 0x25: DABT (current EL), IL = 32 bits
[  193.267577]   SET = 0, FnV = 0
[  193.267918]   EA = 0, S1PTW = 0
[  193.268743] Data abort info:
[  193.279145]   ISV = 0, ISS = 0x00000006
[  193.287145]   CM = 0, WnR = 0
[  193.293244] user pgtable: 4k pages, 48-bit VAs, pgdp=00000000b1b7b000
[  193.308434] [00000000000002e0] pgd=00000000b83e9003, pud=00000000b6d1c003, pmd=0000000000000000
[  193.316701] Internal error: Oops: 96000006 [#1] PREEMPT SMP
[  193.318791] Modules linked in:
[  193.323665] CPU: 2 PID: 495 Comm: python3 Not tainted 5.4.18 #2
[  193.324676] Hardware name: linux,dummy-virt (DT)
[  193.329764] pstate: 80000005 (Nzcv daif -PAN -UAO)
[  193.336119] pc : udp_send_skb.isra.0+0x30/0x368
[  193.338663] lr : udp_sendmsg+0x710/0x860
[  193.339736] sp : ffff800011d9bb20
[  193.340470] x29: ffff800011d9bb20 x28: 000000000000001a 
[  193.344425] x27: ffff800011d9bd80 x26: 0000000000000011 
[  193.346678] x25: 0000000000000012 x24: ffff00007b22eaf0 
[  193.349194] x23: ffff800011d9bc30 x22: 0000000000000000 
[  193.350565] x21: ffff000078081c00 x20: 000000007ab3adb0 
[  193.351052] x19: ffff00007b22ea40 x18: 0000000000000000 
[  193.352720] x17: 0000000000000000 x16: 0000000000000000 
[  193.354557] x15: 0000000000000001 x14: 0000000000000000 
[  193.357875] x13: 0000000000000006 x12: 00000000c0a80164 
[  193.363172] x11: 0000000000000000 x10: 0000000000000068 
[  193.365578] x9 : 0000000000000000 x8 : ffff800011d9bc30 
[  193.368177] x7 : 0000000000000012 x6 : ffff000076f5323e 
[  193.380329] x5 : ffff00007b22eaf0 x4 : 0000000000000000 
[  193.381534] x3 : ffff800011d9bc8e x2 : ffff800011d9bc78 
[  193.383689] x1 : 0000000000000000 x0 : ffff00007b22ea40 
[  193.386168] Call trace:
[  193.388580]  udp_send_skb.isra.0+0x30/0x368
[  193.391257]  udp_sendmsg+0x710/0x860
[  193.392859]  inet_sendmsg+0x40/0x68
[  193.394147]  __sys_sendto+0xd4/0x150
[  193.396062]  __arm64_sys_sendto+0x24/0x30
[  193.396475]  el0_svc_common.constprop.0+0x68/0x160
[  193.396886]  el0_svc_handler+0x20/0x80
[  193.400295]  el0_svc+0x8/0xc
[  193.404339] Code: f9400c16 79415404 b9407014 8b0400b8 (7945c2c6) 
[  193.417223] ---[ end trace eef61c7120791e62 ]---
