[  193.413862] Unable to handle kernel read from unreadable memory at virtual address ffff00007b376200
[  193.419618] Mem abort info:
[  193.420160]   ESR = 0x8600000f
[  193.420669]   EC = 0x21: IABT (current EL), IL = 32 bits
[  193.421277]   SET = 0, FnV = 0
[  193.421640]   EA = 0, S1PTW = 0
[  193.424006] swapper pgtable: 4k pages, 48-bit VAs, pgdp=00000000412a6000
[  193.425515] [ffff00007b376200] pgd=00000000bdff8003, pud=00000000bddfe003, pmd=00000000bdc24003, pte=00680000bb376713
[  193.437219] Internal error: Oops: 8600000f [#1] PREEMPT SMP
[  193.445504] Modules linked in:
[  193.455151] CPU: 2 PID: 494 Comm: python3 Not tainted 5.4.18 #2
[  193.460729] Hardware name: linux,dummy-virt (DT)
[  193.468227] pstate: 20000005 (nzCv daif -PAN -UAO)
[  193.475180] pc : 0xffff00007b376200
[  193.476066] lr : 0xffff00007b376200
[  193.476588] sp : ffff80001210bb20
[  193.477150] x29: ffff00007171e000 x28: ffff80001210bb40 
[  193.477913] x27: 000000000000001a x26: ffff00007a873ec8 
[  193.478716] x25: 000000006401a8c0 x24: ffff80001210bc68 
[  193.479228] x23: ffff00007b376200 x22: ffff800010b762e8 
[  193.479718] x21: ffff00007a873b80 x20: ffff800010baab6c 
[  193.480269] x19: ffff80001210bb70 x18: 0000000000000000 
[  193.480767] x17: 0000000000000000 x16: 0000000000000000 
[  193.481260] x15: 0000000000000001 x14: 0000000000000000 
[  193.481748] x13: 0000000000000006 x12: 00000000c0a80164 
[  193.482348] x11: 0000000000000000 x10: 0000000000000068 
[  193.484030] x9 : 0000000000000000 x8 : 0000000000000000 
[  193.484571] x7 : ffff80001210bc00 x6 : ffff80001210bc08 
[  193.485063] x5 : 0000000000000008 x4 : 000000000000001a 
[  193.485856] x3 : ffff800010ec3ff8 x2 : ffff00007171e000 
[  193.486366] x1 : 0000000001000100 x0 : 0000000000000000 
[  193.487766] Call trace:
[  193.488347]  0xffff00007b376200
[  193.491890] Code: 00000000 00000000 00000000 00000000 (00000020) 
[  193.495077] ---[ end trace 862ef705e260a3eb ]---
