[  193.008931] Unable to handle kernel paging request at virtual address ffff800011f44b68
[  193.021118] Mem abort info:
[  193.021650]   ESR = 0x96000007
[  193.022035]   EC = 0x25: DABT (current EL), IL = 32 bits
[  193.022462]   SET = 0, FnV = 0
[  193.025024]   EA = 0, S1PTW = 0
[  193.027411] Data abort info:
[  193.028641]   ISV = 0, ISS = 0x00000007
[  193.032669]   CM = 0, WnR = 0
[  193.038562] swapper pgtable: 4k pages, 48-bit VAs, pgdp=00000000412a6000
[  193.043055] [ffff800011f44b68] pgd=00000000bdfff003, pud=00000000bdffe003, pmd=00000000ba971003, pte=0000000000000000
[  193.063401] Internal error: Oops: 96000007 [#1] PREEMPT SMP
[  193.068708] Modules linked in:
[  193.083314] CPU: 2 PID: 495 Comm: python3 Not tainted 5.4.18 #2
[  193.092488] Hardware name: linux,dummy-virt (DT)
[  193.093897] pstate: 80000005 (Nzcv daif -PAN -UAO)
[  193.099824] pc : ip_make_skb+0x20/0x140
[  193.101228] lr : udp_sendmsg+0x6ec/0x860
[  193.103024] sp : ffff800011f43ad0
[  193.103589] x29: ffff800011f43ae0 x28: 000000000000001a 
[  193.112367] x27: ffff800011f43d80 x26: 0000000000000011 
[  193.119787] x25: 0000000000000012 x24: ffff00007a472108 
[  193.126620] x23: 000000006401a8c0 x22: ffff800011f43c68 
[  193.128094] x21: ffff000075eab800 x20: ffff000075eab800 
[  193.128511] x19: ffff00007a471dc0 x18: 0000000000000000 
[  193.128836] x17: 0000000000000000 x16: 0000000000000000 
[  193.129287] x15: 0000000000000001 x14: 0000000000000000 
[  193.130201] x13: 0000000000000006 x12: 00000000c0a80164 
[  193.131288] x11: 0000000000000000 x10: 0000000000000068 
[  193.132844] x9 : 0000000000000000 x8 : 0000000000000000 
[  193.133505] x7 : ffff800011f43c00 x6 : ffff800011f43c08 
[  193.134840] x5 : 0000000000000008 x4 : 000000000000001a 
[  193.140172] x3 : ffff800011f43d80 x2 : ffff800010b762e8 
[  193.143084] x1 : ffff800011f43c30 x0 : ffff00007a471dc0 
[  193.146824] Call trace:
[  193.148617]  ip_make_skb+0x20/0x140
[  193.152818]  udp_sendmsg+0x6ec/0x860
[  193.155295]  inet_sendmsg+0x40/0x68
[  193.156464]  __sys_sendto+0xd4/0x150
[  193.157234]  __arm64_sys_sendto+0x24/0x30
[  193.157920]  el0_svc_common.constprop.0+0x68/0x160
[  193.159364]  el0_svc_handler+0x20/0x80
[  193.159971]  el0_svc+0x8/0xc
[  193.161319] Code: a90253f3 d5384114 a9035bf5 a90463f7 (b9509bf8) 
[  193.163464] ---[ end trace fc89a7f9bb4fccac ]---
