[  195.707712] Unable to handle kernel NULL pointer dereference at virtual address 0000000000000051
[  195.709795] Mem abort info:
[  195.710703]   ESR = 0x96000006
[  195.715617]   EC = 0x25: DABT (current EL), IL = 32 bits
[  195.720824]   SET = 0, FnV = 0
[  195.724015]   EA = 0, S1PTW = 0
[  195.728323] Data abort info:
[  195.733150]   ISV = 0, ISS = 0x00000006
[  195.734296]   CM = 0, WnR = 0
[  195.738445] user pgtable: 4k pages, 48-bit VAs, pgdp=00000000b154c000
[  195.740198] [0000000000000051] pgd=00000000b15e2003, pud=00000000b1555003, pmd=0000000000000000
[  195.751476] Internal error: Oops: 96000006 [#1] PREEMPT SMP
[  195.754648] Modules linked in:
[  195.755565] CPU: 4 PID: 498 Comm: python3 Not tainted 5.4.18 #2
[  195.755802] Hardware name: linux,dummy-virt (DT)
[  195.756718] pstate: 80000005 (Nzcv daif -PAN -UAO)
[  195.757330] pc : ip_make_skb+0x10c/0x140
[  195.757788] lr : ip_make_skb+0x108/0x140
[  195.758264] sp : ffff800011f53ad0
[  195.758678] x29: ffff800011f53ae0 x28: ffff800011f53b40 
[  195.761901] x27: 000000000000001a x26: ffff800011f53d80 
[  195.763812] x25: ffff800010b762e8 x24: 0000000000000000 
[  195.767672] x23: ffff800011f53c30 x22: ffff0000794a9dc0 
[  195.770361] x21: ffff800011f53c68 x20: ffff00007949e200 
[  195.771801] x19: 0000000000000000 x18: 0000000000000000 
[  195.772310] x17: 0000000000000000 x16: 0000000000000000 
[  195.772914] x15: 0000000000000001 x14: 0000000000000000 
[  195.773494] x13: 0000000000000006 x12: 00000000c0a80164 
[  195.774184] x11: 0000000000000000 x10: 0000000000000068 
[  195.777210] x9 : ffff00007949e200 x8 : ffff000076d88300 
[  195.778720] x7 : 000000004c400000 x6 : 0000000000000000 
[  195.780050] x5 : 00000000000000ef x4 : 00000000ac5a42f3 
[  195.783368] x3 : 00000000ac5a4204 x2 : 00000000ac5a42f4 
[  195.784292] x1 : 0000000000000000 x0 : ffff000076d88300 
[  195.786194] Call trace:
[  195.788554]  ip_make_skb+0x10c/0x140
[  195.794500]  udp_sendmsg+0x6ec/0x860
[  195.796978]  inet_sendmsg+0x40/0x68
[  195.801201]  __sys_sendto+0xd4/0x150
[  195.806239]  __arm64_sys_sendto+0x24/0x30
[  195.808743]  el0_svc_common.constprop.0+0x68/0x160
[  195.809788]  el0_svc_handler+0x20/0x80
[  195.816128]  el0_svc+0x8/0xc
[  195.833799] Code: aa1703e1 aa1603e0 97fffe8f aa0003e8 (a94569f9) 
[  195.842264] ---[ end trace fdd6c27644bfaa9f ]---
