[  194.522579] Unable to handle kernel NULL pointer dereference at virtual address 0000000000000008
[  194.554884] Mem abort info:
[  194.557590]   ESR = 0x96000006
[  194.561245]   EC = 0x25: DABT (current EL), IL = 32 bits
[  194.562114]   SET = 0, FnV = 0
[  194.562711]   EA = 0, S1PTW = 0
[  194.563306] Data abort info:
[  194.564733]   ISV = 0, ISS = 0x00000006
[  194.566114]   CM = 0, WnR = 0
[  194.568754] user pgtable: 4k pages, 48-bit VAs, pgdp=00000000bb23c000
[  194.570109] [0000000000000008] pgd=00000000b5974003, pud=00000000b6c24003, pmd=0000000000000000
[  194.576578] Internal error: Oops: 96000006 [#1] PREEMPT SMP
[  194.580316] Modules linked in:
[  194.584103] CPU: 0 PID: 497 Comm: python3 Not tainted 5.4.18 #2
[  194.585163] Hardware name: linux,dummy-virt (DT)
[  194.587935] pstate: 20000005 (nzCv daif -PAN -UAO)
[  194.593249] pc : __ip_make_skb+0x16c/0x3b0
[  194.593749] lr : ip_make_skb+0x108/0x140
[  194.594216] sp : ffff800011fe3a70
[  194.595586] x29: ffff800011fe3a70 x28: ffff800011fe3b40 
[  194.596241] x27: 000000000000001a x26: ffff800011fe3d80 
[  194.596494] x25: ffff800010b762e8 x24: ffff800011fe3c30 
[  194.596742] x23: 0000000000000000 x22: ffff00007b2ecc80 
[  194.597025] x21: ffff800011963ac0 x20: ffff800011fe3c30 
[  194.597299] x19: ffff000078040800 x18: 0000000000000000 
[  194.597575] x17: 0000000000000000 x16: 0000000000000000 
[  194.597849] x15: 0000000000000001 x14: 0000000000000000 
[  194.598150] x13: 0000000000000006 x12: 00000000c0a80164 
[  194.598438] x11: 0000000000000000 x10: 0000000000000068 
[  194.598820] x9 : 0000000000000000 x8 : ffff000078040800 
[  194.599745] x7 : 0000000000000012 x6 : ffff0000782f923e 
[  194.600635] x5 : ffff0000782f92c8 x4 : ffff800011fe3b40 
[  194.601167] x3 : 0000000000000010 x2 : ffff800011fe3b40 
[  194.601615] x1 : 0000000000000001 x0 : 00000000000000ff 
[  194.602902] Call trace:
[  194.604418]  __ip_make_skb+0x16c/0x3b0
[  194.605226]  ip_make_skb+0x108/0x140
[  194.606301]  udp_sendmsg+0x6ec/0x860
[  194.607950]  inet_sendmsg+0x40/0x68
[  194.608294]  __sys_sendto+0xd4/0x150
[  194.608610]  __arm64_sys_sendto+0x24/0x30
[  194.608970]  el0_svc_common.constprop.0+0x68/0x160
[  194.609396]  el0_svc_handler+0x20/0x80
[  194.609814]  el0_svc+0x8/0xc
[  194.613056] Code: 51000800 12001c00 7100041f 54000e89 (f94006e1) 
[  194.617471] ---[ end trace 967278f191d3e279 ]---
