[  197.787496] kernel BUG at arch/arm64/kernel/traps.c:405!
[  197.799307] Internal error: Oops - BUG: 0 [#1] PREEMPT SMP
[  197.805319] Modules linked in:
[  197.810984] CPU: 2 PID: 495 Comm: python3 Not tainted 5.4.18 #2
[  197.812211] Hardware name: linux,dummy-virt (DT)
[  197.815062] pstate: 00000005 (nzcv daif -PAN -UAO)
[  197.824433] pc : do_undefinstr+0x2ec/0x310
[  197.825329] lr : do_undefinstr+0x1e0/0x310
[  197.826123] sp : ffff800011fb3930
[  197.826871] x29: ffff800011fb3930 x28: ffff0000795f8000 
[  197.828025] x27: 000000000000001a x26: ffff800011fb3d80 
[  197.829056] x25: ffff800010b762e8 x24: 0000000000000000 
[  197.830129] x23: 0000000020000005 x22: ffff800010b79d38 
[  197.831101] x21: ffff800011fb3ad0 x20: ffff0000795f8000 
[  197.833240] x19: ffff800011fb3990 x18: 0000000000000000 
[  197.834895] x17: 0000000000000000 x16: 0000000000000000 
[  197.835360] x15: 0000000000000001 x14: 0000000000000000 
[  197.835794] x13: 0000000000000006 x12: 00000000c0a80164 
[  197.836290] x11: 0000000000000000 x10: 0000000000000068 
[  197.836775] x9 : 0000000000000000 x8 : 0000000000000000 
[  197.837278] x7 : 000000000000001a x6 : 000000000000001f 
[  197.837808] x5 : 0000000000000000 x4 : ffff8000117c51f0 
[  197.838536] x3 : 0000000000000005 x2 : 0000000000000000 
[  197.839115] x1 : ffff0000795f8000 x0 : 0000000020000005 
[  197.840578] Call trace:
[  197.841150]  do_undefinstr+0x2ec/0x310
[  197.841590]  el1_undef+0x10/0x84
[  197.841947]  ip_make_skb+0xe0/0x140
[  197.842380]  udp_sendmsg+0x6ec/0x860
[  197.842747]  inet_sendmsg+0x40/0x68
[  197.843102]  __sys_sendto+0xd4/0x150
[  197.843456]  __arm64_sys_sendto+0x24/0x30
[  197.843847]  el0_svc_common.constprop.0+0x68/0x160
[  197.844334]  el0_svc_handler+0x20/0x80
[  197.844708]  el0_svc+0x8/0xc
[  197.846177] Code: f9401bf7 17ffff7c a9025bf5 f9001bf7 (d4210000) 
[  197.850630] ---[ end trace c12ceafef9f7e3f8 ]---
[  197.852287] note: python3[495] exited with preempt_count 1
[  197.949528] ------------[ cut here ]------------
[  197.950834] WARNING: CPU: 2 PID: 0 at kernel/rcu/tree.c:569 rcu_idle_enter+0x74/0x80
[  197.960602] Modules linked in:
[  197.963399] CPU: 2 PID: 0 Comm: swapper/2 Tainted: G      D           5.4.18 #2
[  197.969395] Hardware name: linux,dummy-virt (DT)
[  197.971113] pstate: 200003c5 (nzCv DAIF -PAN -UAO)
[  197.973430] pc : rcu_idle_enter+0x74/0x80
[  197.975828] lr : do_idle+0x200/0x288
[  197.976321] sp : ffff800011a53f20
[  197.976481] x29: ffff800011a53f20 x28: 0000000000000000 
[  197.976922] x27: 0000000000000000 x26: 0000000000000000 
[  197.977178] x25: 0000000000000000 x24: ffff8000117ba214 
[  197.977401] x23: ffff00007b0c2a00 x22: ffff800011404ab8 
[  197.977580] x21: ffff8000117ba1f0 x20: 0000000000000002 
[  197.977813] x19: ffff8000117ba118 x18: 0000000000000010 
[  197.977992] x17: 0000000000000000 x16: 0000000000000000 
[  197.978375] x15: 0000000000000000 x14: 0000000000000000 
[  197.978694] x13: 0000000000000002 x12: 0000000000000000 
[  197.978877] x11: 0000000000000000 x10: 00000000000009c0 
[  197.980728] x9 : ffff800011a53e90 x8 : ffff00007b0c3420 
[  197.981586] x7 : 00000000000003ce x6 : 0000008a1a289ae4 
[  197.982502] x5 : 00ffffffffffffff x4 : ffff80006c76d000 
[  197.983109] x3 : 4000000000000002 x2 : 4000000000000000 
[  197.984668] x1 : ffff800011406980 x0 : ffff00007db73980 
[  197.984982] Call trace:
[  197.985176]  rcu_idle_enter+0x74/0x80
[  197.985539]  do_idle+0x200/0x288
[  197.985781]  cpu_startup_entry+0x20/0x40
[  197.986053]  secondary_start_kernel+0x154/0x190
[  197.986558] ---[ end trace c12ceafef9f7e3f9 ]---
