[  196.396485] Unable to handle kernel paging request at virtual address 0064a1ba0bca5f70
[  196.399792] Mem abort info:
[  196.402457]   ESR = 0x96000004
[  196.403569]   EC = 0x25: DABT (current EL), IL = 32 bits
[  196.409820]   SET = 0, FnV = 0
[  196.411513]   EA = 0, S1PTW = 0
[  196.414245] Data abort info:
[  196.423217]   ISV = 0, ISS = 0x00000004
[  196.423740]   CM = 0, WnR = 0
[  196.430109] [0064a1ba0bca5f70] address between user and kernel address ranges
[  196.438503] Internal error: Oops: 96000004 [#1] PREEMPT SMP
[  196.440517] Modules linked in:
[  196.441542] CPU: 3 PID: 493 Comm: python3 Not tainted 5.4.18 #2
[  196.441944] Hardware name: linux,dummy-virt (DT)
[  196.443854] pstate: 20000005 (nzCv daif -PAN -UAO)
[  196.446082] pc : __ip_append_data.isra.0+0x1f0/0xc30
[  196.448982] lr : ip_make_skb+0xec/0x140
[  196.451252] sp : ffff800011f839e0
[  196.451728] x29: ffff800011f839e0 x28: ffff800011f83d80 
[  196.454067] x27: 4d64a1ba0bca5f00 x26: ffff000076de2530 
[  196.455542] x25: ffff00007b2ca200 x24: ffff000074267000 
[  196.455983] x23: 000000000000001a x22: 0000000000000000 
[  196.456360] x21: ffff800011f83c68 x20: 0000000000000000 
[  196.456860] x19: 0000000000000000 x18: 0000000000000000 
[  196.458037] x17: 0000000000000000 x16: 0000000000000000 
[  196.458920] x15: 0000000000000001 x14: 0000000000000000 
[  196.461649] x13: 0000000000000006 x12: 00000000c0a80164 
[  196.464321] x11: 0000000000000000 x10: 0000000000000068 
[  196.466685] x9 : 0000000000000000 x8 : 00000000000005c8 
[  196.467495] x7 : 0000000000000014 x6 : 00000000000005dc 
[  196.474069] x5 : 0000000000000000 x4 : 00000000000005c8 
[  196.474812] x3 : 0000000000000000 x2 : 000000000000001a 
[  196.476035] x1 : 0000000000000003 x0 : 000000000000001a 
[  196.483078] Call trace:
[  196.483436]  __ip_append_data.isra.0+0x1f0/0xc30
[  196.485624]  ip_make_skb+0xec/0x140
[  196.486052]  udp_sendmsg+0x6ec/0x860
[  196.486838]  inet_sendmsg+0x40/0x68
[  196.487617]  __sys_sendto+0xd4/0x150
[  196.487892]  __arm64_sys_sendto+0x24/0x30
[  196.489441]  el0_svc_common.constprop.0+0x68/0x160
[  196.490741]  el0_svc_handler+0x20/0x80
[  196.493732]  el0_svc+0x8/0xc
[  196.498968] Code: 4b1502f7 0b150273 710002ff 54000fad (b9407364) 
[  196.500967] ---[ end trace b25e9a2c590a58ab ]---
