[  199.261542] kernel BUG at arch/arm64/kernel/traps.c:405!
[  199.271322] Internal error: Oops - BUG: 0 [#1] PREEMPT SMP
[  199.272931] Modules linked in:
[  199.277867] CPU: 6 PID: 494 Comm: python3 Not tainted 5.4.18 #2
[  199.278962] Hardware name: linux,dummy-virt (DT)
[  199.282336] pstate: 00000005 (nzcv daif -PAN -UAO)
[  199.289437] pc : do_undefinstr+0x2ec/0x310
[  199.290296] lr : do_undefinstr+0x1e0/0x310
[  199.291087] sp : ffff800011d63930
[  199.291830] x29: ffff800011d63930 x28: ffff000072312a00 
[  199.292962] x27: ffff800011d63d80 x26: 0000000000000011 
[  199.293881] x25: 0000000000000012 x24: 0000000000000000 
[  199.294698] x23: 0000000060000005 x22: ffff800010b79d00 
[  199.297065] x21: ffff800011d63ad0 x20: ffff000072312a00 
[  199.297628] x19: ffff800011d63990 x18: 0000000000000000 
[  199.297950] x17: 0000000000000000 x16: 0000000000000000 
[  199.298245] x15: 0000000000000001 x14: 0000000000000000 
[  199.298554] x13: 0000000000000006 x12: 00000000c0a80164 
[  199.300841] x11: 0000000000000000 x10: 0000000000000068 
[  199.301709] x9 : ffff000072312a00 x8 : ffff00007a968e00 
[  199.303112] x7 : 0000000073b00000 x6 : ffff800011d63988 
[  199.304069] x5 : 00000000d5300000 x4 : ffff8000117c51f0 
[  199.305318] x3 : 00000000a1400000 x2 : 0000000000000000 
[  199.307102] x1 : ffff000072312a00 x0 : 0000000060000005 
[  199.309327] Call trace:
[  199.310338]  do_undefinstr+0x2ec/0x310
[  199.311761]  el1_undef+0x10/0x84
[  199.314597]  ip_make_skb+0xa8/0x140
[  199.315799]  inet_sendmsg+0x40/0x68
[  199.316472]  __sys_sendto+0xd4/0x150
[  199.317259]  __arm64_sys_sendto+0x24/0x30
[  199.318031]  el0_svc_common.constprop.0+0x68/0x160
[  199.318870]  el0_svc_handler+0x20/0x80
[  199.320495]  el0_svc+0x8/0xc
[  199.323763] Code: f9401bf7 17ffff7c a9025bf5 f9001bf7 (d4210000) 
[  199.328647] ---[ end trace e4bdeb3776c60029 ]---
[  199.329998] note: python3[494] exited with preempt_count 1
[  199.438818] ------------[ cut here ]------------
[  199.443454] WARNING: CPU: 6 PID: 0 at kernel/rcu/tree.c:569 rcu_idle_enter+0x74/0x80
[  199.447284] Modules linked in:
[  199.453108] CPU: 6 PID: 0 Comm: swapper/6 Tainted: G      D           5.4.18 #2
[  199.461502] Hardware name: linux,dummy-virt (DT)
[  199.465249] pstate: 200003c5 (nzCv DAIF -PAN -UAO)
[  199.465999] pc : rcu_idle_enter+0x74/0x80
[  199.467075] lr : do_idle+0x200/0x288
[  199.467247] sp : ffff800011a73f20
[  199.467951] x29: ffff800011a73f20 x28: 0000000000000000 
[  199.469237] x27: 0000000000000000 x26: 0000000000000000 
[  199.471130] x25: 0000000000000000 x24: ffff8000117ba214 
[  199.473579] x23: ffff00007b0c6200 x22: ffff800011404ab8 
[  199.474914] x21: ffff8000117ba1f0 x20: 0000000000000006 
[  199.475213] x19: ffff8000117ba118 x18: 0000000000000010 
[  199.475503] x17: 0000000000000000 x16: 0000000000000000 
[  199.475788] x15: 00000000000002dd x14: 0000000000000000 
[  199.476101] x13: 0000000000000003 x12: 00000000000002dd 
[  199.477898] x11: 0000000000000001 x10: 00000000000009c0 
[  199.478595] x9 : ffff800011a73e90 x8 : ffff00007b0c6c20 
[  199.480037] x7 : 00000000000003aa x6 : 00000008c979961f 
[  199.483046] x5 : 00ffffffffffffff x4 : ffff80006c7c5000 
[  199.483797] x3 : 4000000000000002 x2 : 4000000000000000 
[  199.486324] x1 : ffff800011406980 x0 : ffff00007dbcb980 
[  199.486648] Call trace:
[  199.487549]  rcu_idle_enter+0x74/0x80
[  199.487692]  do_idle+0x200/0x288
[  199.487911]  cpu_startup_entry+0x24/0x40
[  199.488095]  secondary_start_kernel+0x154/0x190
[  199.488289] ---[ end trace e4bdeb3776c6002a ]---
