[  194.375213] Unable to handle kernel paging request at virtual address 11f7bc6800000010
[  194.384009] Mem abort info:
[  194.384660]   ESR = 0x96000044
[  194.385680]   EC = 0x25: DABT (current EL), IL = 32 bits
[  194.391134]   SET = 0, FnV = 0
[  194.398448]   EA = 0, S1PTW = 0
[  194.404556] Data abort info:
[  194.411051]   ISV = 0, ISS = 0x00000044
[  194.422964]   CM = 0, WnR = 1
[  194.424711] [11f7bc6800000010] address between user and kernel address ranges
[  194.435489] Internal error: Oops: 96000044 [#1] PREEMPT SMP
[  194.448170] Modules linked in:
[  194.455114] CPU: 6 PID: 493 Comm: python3 Not tainted 5.4.18 #2
[  194.457192] Hardware name: linux,dummy-virt (DT)
[  194.459778] pstate: 80000005 (Nzcv daif -PAN -UAO)
[  194.466876] pc : ip_setup_cork+0x74/0x180
[  194.469123] lr : ip_setup_cork+0xf8/0x180
[  194.471184] sp : ffff800011f7ba90
[  194.472838] x29: ffff800011f7ba90 x28: ffff800011f7bb40 
[  194.475534] x27: 000000000000001a x26: ffff800011f7bd80 
[  194.476174] x25: ffff800010b762e8 x24: ffff00007906bb80 
[  194.493052] x23: 0000000000000000 x22: ffff00007a833240 
[  194.510636] x21: ffff800011f7bc00 x20: ffff800011f7bc08 
[  194.513346] x19: 11f7bc6800000000 x18: 0000000000000000 
[  194.516319] x17: 0000000000000000 x16: 0000000000000000 
[  194.523597] x15: 0000000000000001 x14: 0000000000000000 
[  194.523820] x13: 0000000000000006 x12: 00000000c0a80164 
[  194.524154] x11: 0000000000000000 x10: 0000000000000068 
[  194.524400] x9 : 0000000000000000 x8 : 0000000000000000 
[  194.524916] x7 : ffff800011f7bc00 x6 : ffff800011f7bc08 
[  194.526152] x5 : 0000000000000008 x4 : 000000000000001a 
[  194.527045] x3 : ffff800010ec3ff8 x2 : ffff00007a833240 
[  194.527344] x1 : 00000000000005dc x0 : 00000000000005dc 
[  194.529089] Call trace:
[  194.530614]  ip_setup_cork+0x74/0x180
[  194.532056]  ip_make_skb+0x78/0x140
[  194.533826]  udp_sendmsg+0x6ec/0x860
[  194.536188]  inet_sendmsg+0x40/0x68
[  194.536587]  __sys_sendto+0xd4/0x150
[  194.540353]  __arm64_sys_sendto+0x24/0x30
[  194.542204]  el0_svc_common.constprop.0+0x68/0x160
[  194.543145]  el0_svc_handler+0x20/0x80
[  194.543392]  el0_svc+0x8/0xc
[  194.544845] Code: 7100081f 54000409 f94002c0 b9421801 (b9001261) 
[  194.555017] ---[ end trace c0883eeb2cff978c ]---
