[  193.325972] Unable to handle kernel paging request at virtual address ffff80000cb79798
[  193.337177] Mem abort info:
[  193.343403]   ESR = 0x86000006
[  193.344771]   EC = 0x21: IABT (current EL), IL = 32 bits
[  193.346053]   SET = 0, FnV = 0
[  193.357248]   EA = 0, S1PTW = 0
[  193.377091] swapper pgtable: 4k pages, 48-bit VAs, pgdp=00000000412a6000
[  193.382290] [ffff80000cb79798] pgd=00000000bdfff003, pud=00000000bdffe003, pmd=0000000000000000
[  193.400016] Internal error: Oops: 86000006 [#1] PREEMPT SMP
[  193.403846] Modules linked in:
[  193.418429] CPU: 3 PID: 504 Comm: python3 Not tainted 5.4.18 #2
[  193.421758] Hardware name: linux,dummy-virt (DT)
[  193.424396] pstate: 60000005 (nZCv daif -PAN -UAO)
[  193.428633] pc : 0xffff80000cb79798
[  193.435404] lr : ip_make_skb+0x108/0x140
[  193.444509] sp : ffff8000120ebad0
[  193.451695] x29: ffff8000120ebae0 x28: ffff8000120ebb40 
[  193.459341] x27: 000000000000001a x26: ffff8000120ebd80 
[  193.465360] x25: ffff800010b762e8 x24: 0000000000000000 
[  193.470422] x23: ffff8000120ebc30 x22: ffff00007b38b740 
[  193.474055] x21: ffff8000120ebc68 x20: ffff00007a8a4600 
[  193.476865] x19: 0000000000000000 x18: 0000000000000000 
[  193.480538] x17: 0000000000000000 x16: 0000000000000000 
[  193.482293] x15: 0000000000000001 x14: 0000000000000000 
[  193.484123] x13: 0000000000000006 x12: 00000000c0a80164 
[  193.485513] x11: 0000000000000000 x10: 0000000000000068 
[  193.488370] x9 : 0000000000000000 x8 : ffff00007ab12800 
[  193.492096] x7 : 0000000000000012 x6 : ffff0000780fa03e 
[  193.493146] x5 : ffff0000780fa03e x4 : 0000000000000000 
[  193.494560] x3 : ffff8000120ebc68 x2 : ffff8000120ebb40 
[  193.496855] x1 : ffff8000120ebc30 x0 : ffff00007b38b740 
[  193.501960] Call trace:
[  193.503350]  0xffff80000cb79798
[  193.505973]  udp_sendmsg+0x6ec/0x860
[  193.508444]  inet_sendmsg+0x40/0x68
[  193.509956]  __sys_sendto+0xd4/0x150
[  193.511798]  __arm64_sys_sendto+0x24/0x30
[  193.512726]  el0_svc_common.constprop.0+0x68/0x160
[  193.513497]  el0_svc_handler+0x20/0x80
[  193.514266]  el0_svc+0x8/0xc
[  193.524902] Code: bad PC value
[  193.540662] ---[ end trace b055556cca7121f6 ]---
