[  209.630874] Unable to handle kernel NULL pointer dereference at virtual address 0000000000000041
[  209.654376] Mem abort info:
[  209.659020]   ESR = 0x96000006
[  209.660521]   EC = 0x25: DABT (current EL), IL = 32 bits
[  209.661590]   SET = 0, FnV = 0
[  209.669145]   EA = 0, S1PTW = 0
[  209.670185] Data abort info:
[  209.672673]   ISV = 0, ISS = 0x00000006
[  209.673438]   CM = 0, WnR = 0
[  209.676557] user pgtable: 4k pages, 48-bit VAs, pgdp=00000000b1605000
[  209.679345] [0000000000000041] pgd=00000000b7010003, pud=00000000b7093003, pmd=0000000000000000
[  209.687346] Internal error: Oops: 96000006 [#1] PREEMPT SMP
[  209.695579] Modules linked in:
[  209.708465] CPU: 5 PID: 494 Comm: python3 Not tainted 5.4.18 #2
[  209.710675] Hardware name: linux,dummy-virt (DT)
[  209.713387] pstate: 60000005 (nZCv daif -PAN -UAO)
[  209.724377] pc : ip_make_skb+0xb0/0x140
[  209.726480] lr : udp_sendmsg+0x6ec/0x860
[  209.728360] sp : ffff800011f9bad0
[  209.729513] x29: ffff800011f9bb70 x28: 000000000000001a 
[  209.733116] x27: ffff800011f9bd80 x26: 0000000000000011 
[  209.734022] x25: 0000000000000012 x24: 0000000000000000 
[  209.736153] x23: ffff800011f9bc30 x22: ffff800011f9bc68 
[  209.738894] x21: ffff00007a543800 x20: ffff800010b762e8 
[  209.740733] x19: ffff00007b2cbb80 x18: 0000000000000000 
[  209.741388] x17: 0000000000000000 x16: 0000000000000000 
[  209.742925] x15: 0000000000000001 x14: 0000000000000000 
[  209.745176] x13: 0000000000000006 x12: 00000000c0a80164 
[  209.748608] x11: 0000000000000000 x10: 0000000000000068 
[  209.749108] x9 : ffff00007a543800 x8 : ffff000077354000 
[  209.750278] x7 : 000000003fe00000 x6 : 0000000000000000 
[  209.750997] x5 : 0000000000000073 x4 : 000000008c34e4a9 
[  209.754051] x3 : 000000008c34e436 x2 : 000000008c34e4aa 
[  209.755895] x1 : 0000000000000000 x0 : ffff000077354000 
[  209.756646] Call trace:
[  209.757003]  ip_make_skb+0xb0/0x140
[  209.757186]  inet_sendmsg+0x40/0x68
[  209.757375]  __sys_sendto+0xd4/0x150
[  209.758179]  __arm64_sys_sendto+0x24/0x30
[  209.758557]  el0_svc_common.constprop.0+0x68/0x160
[  209.759080]  el0_svc_handler+0x20/0x80
[  209.759644]  el0_svc+0x8/0xc
[  209.764455] Code: aa0803e0 a9417bfd a94253f3 a9435bf5 (a94461f7) 
[  209.772799] ---[ end trace 1c62f935d587eeb6 ]---
