[  192.817038] kernel BUG at arch/arm64/kernel/traps.c:405!
[  192.823545] Internal error: Oops - BUG: 0 [#1] PREEMPT SMP
[  192.824678] Modules linked in:
[  192.826974] CPU: 2 PID: 495 Comm: python3 Not tainted 5.4.18 #2
[  192.827704] Hardware name: linux,dummy-virt (DT)
[  192.828775] pstate: 00000005 (nzcv daif -PAN -UAO)
[  192.831461] pc : do_undefinstr+0x2ec/0x310
[  192.832449] lr : do_undefinstr+0x1e0/0x310
[  192.833384] sp : ffff800011f43930
[  192.834326] x29: ffff800011f43930 x28: ffff00007801d400 
[  192.836159] x27: 000000000000001a x26: ffff800011f43d80 
[  192.837263] x25: ffff800010b762e8 x24: 0000000000000000 
[  192.838249] x23: 0000000020000005 x22: ffff800010b79d24 
[  192.839283] x21: ffff800011f43ad0 x20: ffff00007801d400 
[  192.840296] x19: ffff800011f43990 x18: 0000000000000000 
[  192.841337] x17: 0000000000000000 x16: 0000000000000000 
[  192.842299] x15: 0000000000000001 x14: 0000000000000000 
[  192.844783] x13: 0000000000000006 x12: 00000000c0a80164 
[  192.846537] x11: 0000000000000000 x10: 0000000000000068 
[  192.847506] x9 : 0000000000000000 x8 : 0000000000000000 
[  192.848379] x7 : 000000000000001a x6 : ffff800011f43988 
[  192.849153] x5 : 00000000d5300000 x4 : ffff8000117c51f0 
[  192.850364] x3 : 00000000ae100000 x2 : 0000000000000000 
[  192.851118] x1 : ffff00007801d400 x0 : 0000000020000005 
[  192.852696] Call trace:
[  192.853354]  do_undefinstr+0x2ec/0x310
[  192.853990]  el1_undef+0x10/0x84
[  192.854558]  ip_make_skb+0xcc/0x140
[  192.855073]  udp_sendmsg+0x6ec/0x860
[  192.855612]  inet_sendmsg+0x40/0x68
[  192.856153]  __sys_sendto+0xd4/0x150
[  192.856651]  __arm64_sys_sendto+0x24/0x30
[  192.857182]  el0_svc_common.constprop.0+0x68/0x160
[  192.857769]  el0_svc_handler+0x20/0x80
[  192.858238]  el0_svc+0x8/0xc
[  192.859740] Code: f9401bf7 17ffff7c a9025bf5 f9001bf7 (d4210000) 
[  192.862337] ---[ end trace 4da8e6b6fd713d28 ]---
[  192.863497] note: python3[495] exited with preempt_count 1
[  192.919920] ------------[ cut here ]------------
[  192.924342] WARNING: CPU: 2 PID: 0 at kernel/rcu/tree.c:569 rcu_idle_enter+0x74/0x80
[  192.930400] Modules linked in:
[  192.932570] CPU: 2 PID: 0 Comm: swapper/2 Tainted: G      D           5.4.18 #2
[  192.942762] Hardware name: linux,dummy-virt (DT)
[  192.955114] pstate: 200003c5 (nzCv DAIF -PAN -UAO)
[  192.959188] pc : rcu_idle_enter+0x74/0x80
[  192.960970] lr : do_idle+0x200/0x288
[  192.974230] sp : ffff800011a53f20
[  192.981548] x29: ffff800011a53f20 x28: 0000000000000000 
[  193.005426] x27: 0000000000000000 x26: 0000000000000000 
[  193.023385] x25: 0000000000000000 x24: ffff8000117ba214 
[  193.041145] x23: ffff00007b0c2a00 x22: ffff800011404ab8 
[  193.048917] x21: ffff8000117ba1f0 x20: 0000000000000002 
[  193.054943] x19: ffff8000117ba118 x18: 0000000000000010 
[  193.061761] x17: 0000000000000000 x16: 0000000000000000 
[  193.071426] x15: ffff00007801d870 x14: 0000000000000001 
[  193.075156] x13: 0000000000000001 x12: 0000000000000003 
[  193.083881] x11: 0000000000000400 x10: 00000000000009c0 
[  193.086902] x9 : ffff800011a53e90 x8 : ffff00007b0c3420 
[  193.087298] x7 : 0000000000000002 x6 : 000001179afbe2fe 
[  193.087682] x5 : 00ffffffffffffff x4 : ffff80006c76d000 
[  193.088065] x3 : 4000000000000002 x2 : 4000000000000000 
[  193.093273] x1 : ffff800011406980 x0 : ffff00007db73980 
[  193.112059] Call trace:
[  193.115396]  rcu_idle_enter+0x74/0x80
[  193.121263]  do_idle+0x200/0x288
[  193.127619]  cpu_startup_entry+0x20/0x40
[  193.133630]  secondary_start_kernel+0x154/0x190
[  193.145094] ---[ end trace 4da8e6b6fd713d29 ]---
