[  193.704223] Unable to handle kernel paging request at virtual address 00000000001b0008
[  193.718295] Mem abort info:
[  193.720521]   ESR = 0x96000006
[  193.720981]   EC = 0x25: DABT (current EL), IL = 32 bits
[  193.721960]   SET = 0, FnV = 0
[  193.723019]   EA = 0, S1PTW = 0
[  193.731076] Data abort info:
[  193.733123]   ISV = 0, ISS = 0x00000006
[  193.739411]   CM = 0, WnR = 0
[  193.747643] user pgtable: 4k pages, 48-bit VAs, pgdp=00000000b3b5a000
[  193.756025] [00000000001b0008] pgd=00000000b2a2b003, pud=00000000b293d003, pmd=0000000000000000
[  193.761282] Internal error: Oops: 96000006 [#1] PREEMPT SMP
[  193.770674] Modules linked in:
[  193.777379] CPU: 4 PID: 496 Comm: python3 Not tainted 5.4.18 #2
[  193.778247] Hardware name: linux,dummy-virt (DT)
[  193.781180] pstate: 20000005 (nzCv daif -PAN -UAO)
[  193.786315] pc : __ip_make_skb+0x16c/0x3b0
[  193.787594] lr : ip_make_skb+0x108/0x140
[  193.789541] sp : ffff800011f43a70
[  193.790277] x29: ffff800011f43a70 x28: ffff800011f43b40 
[  193.791824] x27: 000000000000001a x26: ffff800011f43d80 
[  193.793351] x25: ffff800010b762e8 x24: ffff800011f43c30 
[  193.793888] x23: 00000000001b0000 x22: ffff0000796f9980 
[  193.794390] x21: ffff800011963ac0 x20: ffff0000782d703e 
[  193.794905] x19: ffff00007967e100 x18: 0000000000000000 
[  193.795737] x17: 0000000000000000 x16: 0000000000000000 
[  193.796556] x15: 0000000000000001 x14: 0000000000000000 
[  193.799900] x13: 0000000000000006 x12: 00000000c0a80164 
[  193.801525] x11: 0000000000000000 x10: 0000000000000068 
[  193.802365] x9 : 0000000000000000 x8 : ffff00007967e100 
[  193.803671] x7 : 0000000000000012 x6 : ffff0000782d703e 
[  193.805453] x5 : ffff0000782d70c8 x4 : ffff800011f43b40 
[  193.808183] x3 : 0000000000000010 x2 : ffff800011f43b40 
[  193.808904] x1 : 0000000000000001 x0 : 00000000000000ff 
[  193.811606] Call trace:
[  193.812295]  __ip_make_skb+0x16c/0x3b0
[  193.813112]  ip_make_skb+0x108/0x140
[  193.813570]  udp_sendmsg+0x6ec/0x860
[  193.813983]  inet_sendmsg+0x40/0x68
[  193.816809]  __sys_sendto+0xd4/0x150
[  193.819358]  __arm64_sys_sendto+0x24/0x30
[  193.825527]  el0_svc_common.constprop.0+0x68/0x160
[  193.826688]  el0_svc_handler+0x20/0x80
[  193.828377]  el0_svc+0x8/0xc
[  193.839223] Code: 51000800 12001c00 7100041f 54000e89 (f94006e1) 
[  193.841586] ---[ end trace f9e377b25c594853 ]---
