[  192.826692] Unable to handle kernel NULL pointer dereference at virtual address 0000000000000010
[  192.834449] Mem abort info:
[  192.835602]   ESR = 0x96000006
[  192.842505]   EC = 0x25: DABT (current EL), IL = 32 bits
[  192.843865]   SET = 0, FnV = 0
[  192.845815]   EA = 0, S1PTW = 0
[  192.847371] Data abort info:
[  192.852929]   ISV = 0, ISS = 0x00000006
[  192.853414]   CM = 0, WnR = 0
[  192.878562] user pgtable: 4k pages, 48-bit VAs, pgdp=00000000b2684000
[  192.884808] [0000000000000010] pgd=00000000b6c1f003, pud=00000000b2626003, pmd=0000000000000000
[  192.904001] Internal error: Oops: 96000006 [#1] PREEMPT SMP
[  192.907538] Modules linked in:
[  192.911667] CPU: 1 PID: 495 Comm: python3 Not tainted 5.4.18 #2
[  192.919554] Hardware name: linux,dummy-virt (DT)
[  192.923898] pstate: 80000005 (Nzcv daif -PAN -UAO)
[  192.936383] pc : _copy_from_iter_full+0x14/0x2c8
[  192.945825] lr : ip_generic_getfrag+0x54/0xf0
[  192.949468] sp : ffff800011d4b940
[  192.950720] x29: ffff800011d4b940 x28: ffff000078227930 
[  192.959601] x27: 000000000000001a x26: 0000000000000000 
[  192.963611] x25: ffff00007aaadd80 x24: ffff00007249e000 
[  192.965996] x23: 0000000000000000 x22: 0000000000000010 
[  192.967538] x21: 0000000000000012 x20: ffff000076ccbc00 
[  192.970520] x19: ffff000078227000 x18: 0000000000000000 
[  192.972596] x17: 0000000000000000 x16: 0000000000000000 
[  192.973497] x15: 0000000000000001 x14: 0000000000000000 
[  192.974563] x13: 0000000000000006 x12: 00000000c0a80164 
[  192.978790] x11: 0000000000000000 x10: 0000000000000068 
[  192.979289] x9 : 0000000000000000 x8 : ffff000076ccbc00 
[  192.979657] x7 : 0000000000000001 x6 : 0000000000000060 
[  192.980417] x5 : 0000000000000012 x4 : 0000000000000000 
[  192.981059] x3 : 0000000000000010 x2 : 0000000000000010 
[  192.981509] x1 : 0000000000000012 x0 : ffff00007a47642c 
[  192.986288] Call trace:
[  192.989527]  _copy_from_iter_full+0x14/0x2c8
[  192.996403]  ip_generic_getfrag+0x54/0xf0
[  193.000146]  __ip_append_data.isra.0+0x85c/0xc30
[  193.007387]  ip_make_skb+0xec/0x140
[  193.011551]  udp_sendmsg+0x6ec/0x860
[  193.012916]  inet_sendmsg+0x40/0x68
[  193.014133]  __sys_sendto+0xd4/0x150
[  193.015191]  __arm64_sys_sendto+0x24/0x30
[  193.016266]  el0_svc_common.constprop.0+0x68/0x160
[  193.021441]  el0_svc_handler+0x20/0x80
[  193.026514]  el0_svc+0x8/0xc
[  193.035637] Code: 910003fd a9025bf5 aa0103f5 aa0203f6 (b9400041) 
[  193.050613] ---[ end trace 166bd1ef92b74a5c ]---
