[  193.067701] Kernel panic - not syncing: stack-protector: Kernel stack is corrupted in: ip_make_skb+0x140/0x140
[  193.081543] CPU: 2 PID: 493 Comm: python3 Not tainted 5.4.18 #2
[  193.082966] Hardware name: linux,dummy-virt (DT)
[  193.086381] Call trace:
[  193.087440]  dump_backtrace+0x0/0x140
[  193.088225]  show_stack+0x14/0x20
[  193.088863]  dump_stack+0xb4/0xf8
[  193.089549]  panic+0x158/0x324
[  193.090301]  __stack_chk_fail+0x1c/0x20
[  193.091056]  ip_send_unicast_reply+0x0/0x2c8
[  193.091796]  udp_sendmsg+0x6ec/0x860
[  193.092614]  inet_sendmsg+0x40/0x68
[  193.093321]  __sys_sendto+0xd4/0x150
[  193.094171]  __arm64_sys_sendto+0x24/0x30
[  193.095292]  el0_svc_common.constprop.0+0x68/0x160
[  193.096178]  el0_svc_handler+0x20/0x80
[  193.096948]  el0_svc+0x8/0xc
[  193.103260] SMP: stopping secondary CPUs
[  193.108427] Kernel Offset: disabled
[  193.108961] CPU features: 0x0002,20006000
[  193.109935] Memory Limit: none
[  193.116878] ---[ end Kernel panic - not syncing: stack-protector: Kernel stack is corrupted in: ip_make_skb+0x140/0x140 ]---
