[  193.665938] Unable to handle kernel paging request at virtual address ffff800011f940d8
[  193.667037] Mem abort info:
[  193.667348]   ESR = 0x96000007
[  193.667745]   EC = 0x25: DABT (current EL), IL = 32 bits
[  193.668210]   SET = 0, FnV = 0
[  193.668558]   EA = 0, S1PTW = 0
[  193.668870] Data abort info:
[  193.669153]   ISV = 0, ISS = 0x00000007
[  193.669476]   CM = 0, WnR = 0
[  193.670066] swapper pgtable: 4k pages, 48-bit VAs, pgdp=00000000412a6000
[  193.671665] [ffff800011f940d8] pgd=00000000bdfff003, pud=00000000bdffe003, pmd=00000000bb314003, pte=0000000000000000
[  193.674881] Internal error: Oops: 96000007 [#1] PREEMPT SMP
[  193.675377] Modules linked in:
[  193.679872] CPU: 6 PID: 495 Comm: python3 Not tainted 5.4.18 #2
[  193.683190] Hardware name: linux,dummy-virt (DT)
[  193.684475] pstate: 60000005 (nZCv daif -PAN -UAO)
[  193.685459] pc : usbhid_parse+0x198/0x320
[  193.685871] lr : usbhid_parse+0x310/0x320
[  193.686538] sp : ffff800011f93ad0
[  193.689804] x29: ffff800011f93ae0 x28: ffff800011f93b40 
[  193.690532] x27: 000000000000001a x26: ffff800011f93d80 
[  193.693180] x25: 000000006401a8c0 x24: ffff800011f93c68 
[  193.697329] x23: ffff0000780ad400 x22: ffff00007b3c6600 
[  193.701653] x21: ffff800011f940d8 x20: ffff0000780ad400 
[  193.704482] x19: 0000000000000000 x18: 0000000000000000 
[  193.704972] x17: 0000000000000000 x16: 0000000000000000 
[  193.709041] x15: 0000000000000001 x14: 0000000000000000 
[  193.711330] x13: 0000000000000006 x12: 00000000c0a80164 
[  193.715311] x11: 0000000000000000 x10: 0000000000000068 
[  193.720311] x9 : ffff800011f93ad0 x8 : 0000000000000000 
[  193.721246] x7 : ffff800011f93ad0 x6 : ffff8000119925f8 
[  193.724593] x5 : 0000000000000000 x4 : 0000000000000000 
[  193.728377] x3 : 00000000ffffffff x2 : 0000000000000000 
[  193.731839] x1 : 0000000000000000 x0 : 0000000000000011 
[  193.734289] Call trace:
[  193.735923]  usbhid_parse+0x198/0x320
[  193.736580]  udp_sendmsg+0x6ec/0x860
[  193.738300]  inet_sendmsg+0x40/0x68
[  193.738547]  __sys_sendto+0xd4/0x150
[  193.738762]  __arm64_sys_sendto+0x24/0x30
[  193.739097]  el0_svc_common.constprop.0+0x68/0x160
[  193.739817]  el0_svc_handler+0x20/0x80
[  193.741195]  el0_svc+0x8/0xc
[  193.744249] Code: a94363f7 f94023f9 9111c2b5 f9402fe0 (f94002a1) 
[  193.748277] ---[ end trace a1ae66a71544effc ]---
