[  193.316502] Unable to handle kernel paging request at virtual address ffff800011f14038
[  193.323600] Mem abort info:
[  193.324356]   ESR = 0x96000007
[  193.328507]   EC = 0x25: DABT (current EL), IL = 32 bits
[  193.330751]   SET = 0, FnV = 0
[  193.331761]   EA = 0, S1PTW = 0
[  193.332669] Data abort info:
[  193.336966]   ISV = 0, ISS = 0x00000007
[  193.339404]   CM = 0, WnR = 0
[  193.341808] swapper pgtable: 4k pages, 48-bit VAs, pgdp=00000000412a6000
[  193.344989] [ffff800011f14038] pgd=00000000bdfff003, pud=00000000bdffe003, pmd=00000000ba967003, pte=0000000000000000
[  193.359171] Internal error: Oops: 96000007 [#1] PREEMPT SMP
[  193.363302] Modules linked in:
[  193.369860] CPU: 2 PID: 489 Comm: python3 Not tainted 5.4.18 #2
[  193.376238] Hardware name: linux,dummy-virt (DT)
[  193.383921] pstate: 80000005 (Nzcv daif -PAN -UAO)
[  193.384727] pc : ip_make_skb+0x10c/0x140
[  193.385194] lr : ip_make_skb+0x108/0x140
[  193.385731] sp : ffff800011f13ad0
[  193.386145] x29: ffff800011f13ae0 x28: ffff800011f13b40 
[  193.387300] x27: 000000000000001a x26: ffff800011f13d80 
[  193.391182] x25: ffff800010b762e8 x24: 0000000000000000 
[  193.393658] x23: ffff800011f13c30 x22: ffff00007a48d0c0 
[  193.394859] x21: ffff800011f13c68 x20: ffff000079268000 
[  193.397842] x19: 0000000000000000 x18: 0000000000000000 
[  193.399948] x17: 0000000000000000 x16: 0000000000000000 
[  193.401137] x15: 0000000000000001 x14: 0000000000000000 
[  193.403197] x13: 0000000000000006 x12: 00000000c0a80164 
[  193.404349] x11: 0000000000000000 x10: 0000000000000068 
[  193.408750] x9 : ffff000079268000 x8 : ffff0000775b9200 
[  193.409302] x7 : 00000000d0000000 x6 : 0000000000000000 
[  193.411757] x5 : 00000000000000b8 x4 : 000000000c3fa979 
[  193.412601] x3 : 000000000c3fa8c1 x2 : 000000000c3fa97a 
[  193.414464] x1 : 0000000000000000 x0 : ffff0000775b9200 
[  193.420340] Call trace:
[  193.422211]  ip_make_skb+0x10c/0x140
[  193.426476]  udp_sendmsg+0x6ec/0x860
[  193.432086]  inet_sendmsg+0x40/0x68
[  193.435530]  __sys_sendto+0xd4/0x150
[  193.441090]  __arm64_sys_sendto+0x24/0x30
[  193.444929]  el0_svc_common.constprop.0+0x68/0x160
[  193.448275]  el0_svc_handler+0x20/0x80
[  193.451834]  el0_svc+0x8/0xc
[  193.460632] Code: aa1703e1 aa1603e0 97fffe8f aa0003e8 (b9456bf9) 
[  193.467685] ---[ end trace 44de8c3783edcaaf ]---
