[  193.261858] Unable to handle kernel paging request at virtual address 000100206401a8c0
[  193.265457] Mem abort info:
[  193.266220]   ESR = 0x86000004
[  193.267017]   EC = 0x21: IABT (current EL), IL = 32 bits
[  193.271841]   SET = 0, FnV = 0
[  193.274637]   EA = 0, S1PTW = 0
[  193.280054] [000100206401a8c0] address between user and kernel address ranges
[  193.290516] Internal error: Oops: 86000004 [#1] PREEMPT SMP
[  193.298551] Modules linked in:
[  193.312652] CPU: 6 PID: 492 Comm: python3 Not tainted 5.4.18 #2
[  193.313332] Hardware name: linux,dummy-virt (DT)
[  193.315491] pstate: 60000005 (nZCv daif -PAN -UAO)
[  193.319786] pc : 0x100206401a8c0
[  193.320792] lr : 0xfd0100206401a8c0
[  193.321384] sp : ffff800011f5bb90
[  193.321976] x29: ffff800011f5bc30 x28: 000000000000001a 
[  193.325854] x27: ffff800011f5bd80 x26: 0000000000000011 
[  193.333019] x25: 0000000000000012 x24: ffff00007aacd408 
[  193.338919] x23: 000000006401a8c0 x22: ffff00007b26b380 
[  193.344539] x21: ffff000075da6400 x20: ffff000075da6480 
[  193.351235] x19: 0000000000000000 x18: 0000000000000000 
[  193.354676] x17: 0000000000000000 x16: 0000000000000000 
[  193.359773] x15: 0000000000000001 x14: 0000000000000000 
[  193.369907] x13: 0000000000000006 x12: 00000000c0a80164 
[  193.372703] x11: 0000000000000000 x10: 0000000000000068 
[  193.380132] x9 : 0000000000000000 x8 : 0000000000000000 
[  193.383978] x7 : ffff800011f5bc00 x6 : ffff800011f5bc08 
[  193.393517] x5 : 0000000000000008 x4 : 000000000000001a 
[  193.399615] x3 : ffff800011f5bd80 x2 : ffff800010b762e8 
[  193.401145] x1 : 0000000000000000 x0 : 0000000000000000 
[  193.403620] Call trace:
[  193.407289]  0x100206401a8c0
[  193.410578]  0x11000000000000
[  193.416801] Code: bad PC value
[  193.426619] ---[ end trace aa859f3128b1193a ]---
