[  193.545348] Unable to handle kernel paging request at virtual address ffff000080000130
[  193.554348] Mem abort info:
[  193.555228]   ESR = 0x96000005
[  193.563736]   EC = 0x25: DABT (current EL), IL = 32 bits
[  193.565694]   SET = 0, FnV = 0
[  193.568101]   EA = 0, S1PTW = 0
[  193.570726] Data abort info:
[  193.581465]   ISV = 0, ISS = 0x00000005
[  193.589330]   CM = 0, WnR = 0
[  193.592766] swapper pgtable: 4k pages, 48-bit VAs, pgdp=00000000412a6000
[  193.599323] [ffff000080000130] pgd=00000000bdff8003, pud=0000000000000000
[  193.623133] Internal error: Oops: 96000005 [#1] PREEMPT SMP
[  193.624053] Modules linked in:
[  193.627217] CPU: 0 PID: 496 Comm: python3 Not tainted 5.4.18 #2
[  193.627887] Hardware name: linux,dummy-virt (DT)
[  193.629542] pstate: a0000005 (NzCv daif -PAN -UAO)
[  193.635027] pc : ip_make_skb+0x90/0x140
[  193.635527] lr : ip_make_skb+0x108/0x140
[  193.635951] sp : ffff800011fc3ad0
[  193.636298] x29: ffff800011fc3ae0 x28: 000000000000001a 
[  193.637111] x27: ffff800011fc3d80 x26: 0000000000000011 
[  193.637587] x25: 0000000000000012 x24: 0000000000000000 
[  193.638808] x23: ffff800011fc3c30 x22: ffff000075e38880 
[  193.639702] x21: ffff800011fc3c68 x20: ffff000080000130 
[  193.640223] x19: 0000000000000000 x18: 0000000000000000 
[  193.640766] x17: 0000000000000000 x16: 0000000000000000 
[  193.641728] x15: 0000000000000001 x14: 0000000000000000 
[  193.642829] x13: 0000000000000006 x12: 00000000c0a80164 
[  193.643334] x11: 0000000000000000 x10: 0000000000000068 
[  193.643942] x9 : ffff00007a41b800 x8 : c4c7299fb58e4700 
[  193.644592] x7 : 00000000c2000000 x6 : 0000000000000000 
[  193.645185] x5 : 000000000000001d x4 : 000000000aad28a9 
[  193.646957] x3 : 000000000aad288c x2 : 000000000aad28aa 
[  193.650361] x1 : 0000000000000000 x0 : c4c7299fb58e4700 
[  193.652799] Call trace:
[  193.653481]  ip_make_skb+0x90/0x140
[  193.654540]  udp_sendmsg+0x6ec/0x860
[  193.657288]  inet_sendmsg+0x40/0x68
[  193.659875]  __sys_sendto+0xd4/0x150
[  193.662281]  __arm64_sys_sendto+0x24/0x30
[  193.667312]  el0_svc_common.constprop.0+0x68/0x160
[  193.671342]  el0_svc_handler+0x20/0x80
[  193.676787]  el0_svc+0x8/0xc
[  193.686836] Code: 93407c08 a94673fb 9111c294 f94047e0 (f9400281) 
[  193.699385] ---[ end trace 5b62fdbf96cdb2fb ]---
[  194.481940] Unable to handle kernel paging request at virtual address ffff000080000000
[  194.487623] Mem abort info:
[  194.489264]   ESR = 0x96000005
[  194.491736]   EC = 0x25: DABT (current EL), IL = 32 bits
[  194.493331]   SET = 0, FnV = 0
[  194.494164]   EA = 0, S1PTW = 0
[  194.495471] Data abort info:
[  194.495629]   ISV = 0, ISS = 0x00000005
[  194.495850]   CM = 0, WnR = 0
[  194.497493] swapper pgtable: 4k pages, 48-bit VAs, pgdp=00000000412a6000
[  194.498772] [ffff000080000000] pgd=00000000bdff8003, pud=0000000000000000
[  194.501344] Internal error: Oops: 96000005 [#2] PREEMPT SMP
[  194.511447] Modules linked in:
[  194.513904] CPU: 2 PID: 262 Comm: systemd-timesyn Tainted: G      D           5.4.18 #2
[  194.515471] Hardware name: linux,dummy-virt (DT)
[  194.518505] pstate: 20000005 (nzCv daif -PAN -UAO)
[  194.520019] pc : ip_make_skb+0x90/0x140
[  194.520557] lr : ip_make_skb+0x108/0x140
[  194.521038] sp : ffff800011ccbad0
[  194.521912] x29: ffff800011ccbae0 x28: 0000000000000038 
[  194.523235] x27: ffff800011ccbd80 x26: 0000000000000011 
[  194.530610] x25: 0000000000000030 x24: 0000000000000040 
[  194.531775] x23: ffff800011ccbc30 x22: ffff00006fa98440 
[  194.534002] x21: ffff800011ccbc68 x20: ffff000080000000 
[  194.535669] x19: 0000000000000000 x18: 0000000000000000 
[  194.536513] x17: 0000000000000000 x16: 0000000000000000 
[  194.544482] x15: 0000000000000001 x14: 0000000000000000 
[  194.548035] x13: 0000000000000000 x12: 00000000b97dbe3a 
[  194.552350] x11: 0000000000000000 x10: 0000000000000068 
[  194.554251] x9 : ffff00007abdc600 x8 : 259421fcd3917800 
[  194.555822] x7 : 0000000093500000 x6 : 0000000000000000 
[  194.556342] x5 : 0000000000001ae7 x4 : 0000000039b90fa5 
[  194.556812] x3 : 0000000039b8f4be x2 : 0000000039b90fa6 
[  194.560789] x1 : 0000000000000000 x0 : 259421fcd3917800 
[  194.563258] Call trace:
[  194.564884]  ip_make_skb+0x90/0x140
[  194.568107]  udp_sendmsg+0x6ec/0x860
[  194.569588]  inet_sendmsg+0x40/0x68
[  194.573548]  __sys_sendto+0xd4/0x150
[  194.575353]  __arm64_sys_sendto+0x24/0x30
[  194.575917]  el0_svc_common.constprop.0+0x68/0x160
[  194.577042]  el0_svc_handler+0x20/0x80
[  194.577866]  el0_svc+0x8/0xc
[  194.580124] Code: 93407c08 a94673fb 9111c294 f94047e0 (f9400281) 
[  194.580802] ---[ end trace 5b62fdbf96cdb2fc ]---
