[  193.458631] Unable to handle kernel paging request at virtual address ffff800011ffbd10
[  193.468926] Mem abort info:
[  193.473041]   ESR = 0x96000007
[  193.477655]   EC = 0x25: DABT (current EL), IL = 32 bits
[  193.478325]   SET = 0, FnV = 0
[  193.480374]   EA = 0, S1PTW = 0
[  193.485525] Data abort info:
[  193.486439]   ISV = 0, ISS = 0x00000007
[  193.491797]   CM = 0, WnR = 0
[  193.496566] swapper pgtable: 4k pages, 48-bit VAs, pgdp=00000000412a6000
[  193.498032] [ffff800011ffbd10] pgd=00000000bdfff003, pud=00000000bdffe003, pmd=00000000bb236003, pte=0000000000000000
[  193.503559] Internal error: Oops: 96000007 [#1] PREEMPT SMP
[  193.504362] Modules linked in:
[  193.506896] CPU: 0 PID: 491 Comm: python3 Not tainted 5.4.18 #2
[  193.507782] Hardware name: linux,dummy-virt (DT)
[  193.508959] pstate: 20000005 (nzCv daif -PAN -UAO)
[  193.511851] pc : __ip_append_data.isra.0+0x38/0xc30
[  193.513326] lr : ip_make_skb+0xec/0x140
[  193.515448] sp : ffff800011d8b9e0
[  193.516087] x29: ffff800011d8b9e0 x28: ffff00007b1ddd30 
[  193.516514] x27: 000000000000001a x26: ffff800011d8bd80 
[  193.516864] x25: ffff00007b1ff2c0 x24: 0000000000000000 
[  193.517510] x23: ffff800011d8bd80 x22: ffff00007b1ff2c0 
[  193.517981] x21: ffff800011d8bc68 x20: ffff00007b1dd400 
[  193.518587] x19: 0000000000000008 x18: 0000000000000000 
[  193.523176] x17: 0000000000000000 x16: 0000000000000000 
[  193.525302] x15: 0000000000000001 x14: 0000000000000000 
[  193.531387] x13: 0000000000000006 x12: 00000000c0a80164 
[  193.531751] x11: 0000000000000000 x10: 0000000000000068 
[  193.531952] x9 : 0000000000000000 x8 : ffff00007b1dd400 
[  193.532163] x7 : 000000000000001a x6 : ffff800011d8bd80 
[  193.532373] x5 : ffff800010b762e8 x4 : ffff00007b1ddd30 
[  193.532611] x3 : ffff800011ffbcf8 x2 : ffff800011d8bb40 
[  193.533144] x1 : ffff800011d8bc5c x0 : 0000000000000000 
[  193.534150] Call trace:
[  193.534759]  __ip_append_data.isra.0+0x38/0xc30
[  193.535363]  ip_make_skb+0xec/0x140
[  193.535642]  udp_sendmsg+0x6ec/0x860
[  193.535958]  inet_sendmsg+0x40/0x68
[  193.536270]  __sys_sendto+0xd4/0x150
[  193.536578]  __arm64_sys_sendto+0x24/0x30
[  193.537088]  el0_svc_common.constprop.0+0x68/0x160
[  193.537738]  el0_svc_handler+0x20/0x80
[  193.538092]  el0_svc+0x8/0xc
[  193.540585] Code: aa0403fc 2a0703fb f9004fe8 f90067e2 (f9400c78) 
[  193.543622] ---[ end trace f29ff956e486e210 ]---
