[  193.019915] kernel BUG at arch/arm64/kernel/traps.c:405!
[  193.023641] Internal error: Oops - BUG: 0 [#1] PREEMPT SMP
[  193.024548] Modules linked in:
[  193.025742] CPU: 6 PID: 493 Comm: python3 Not tainted 5.4.18 #2
[  193.026239] Hardware name: linux,dummy-virt (DT)
[  193.027264] pstate: 00000005 (nzcv daif -PAN -UAO)
[  193.027891] pc : do_undefinstr+0x2ec/0x310
[  193.028255] lr : do_undefinstr+0x1e0/0x310
[  193.028677] sp : ffff800011d33840
[  193.029024] x29: ffff800011d33840 x28: ffff00007a9a5400 
[  193.031780] x27: 000000000000001a x26: 0000000000000000 
[  193.032495] x25: ffff00007a9b3300 x24: 0000000000000000 
[  193.033240] x23: 0000000020000005 x22: ffff800010b762fa 
[  193.033941] x21: ffff800011d339e0 x20: ffff00007a9a5400 
[  193.034572] x19: ffff800011d338a0 x18: 0000000000000000 
[  193.034889] x17: 0000000000000000 x16: 0000000000000000 
[  193.035252] x15: 0000000000000001 x14: 0000000000000000 
[  193.035575] x13: 0000000000000006 x12: 00000000c0a80164 
[  193.035893] x11: 0000000000000000 x10: 0000000000000068 
[  193.036210] x9 : 0000000000000000 x8 : ffff00007aa42a00 
[  193.036529] x7 : 0000000000000001 x6 : ffff800011d33898 
[  193.037105] x5 : 00000000d5300000 x4 : ffff8000117c51f0 
[  193.039098] x3 : 000000003a600000 x2 : 0000000000000000 
[  193.039518] x1 : ffff00007a9a5400 x0 : 0000000020000005 
[  193.040301] Call trace:
[  193.040665]  do_undefinstr+0x2ec/0x310
[  193.040994]  el1_undef+0x10/0x84
[  193.041308]  ip_generic_getfrag+0x12/0xf0
[  193.041606]  ip_make_skb+0xec/0x140
[  193.041840]  udp_sendmsg+0x6ec/0x860
[  193.042059]  inet_sendmsg+0x40/0x68
[  193.042275]  __sys_sendto+0xd4/0x150
[  193.042491]  __arm64_sys_sendto+0x24/0x30
[  193.042729]  el0_svc_common.constprop.0+0x68/0x160
[  193.042996]  el0_svc_handler+0x20/0x80
[  193.043384]  el0_svc+0x8/0xc
[  193.045102] Code: f9401bf7 17ffff7c a9025bf5 f9001bf7 (d4210000) 
[  193.048339] ---[ end trace f2191750effe17d1 ]---
[  193.049492] note: python3[493] exited with preempt_count 1
[  193.114852] ------------[ cut here ]------------
[  193.117756] WARNING: CPU: 6 PID: 0 at kernel/rcu/tree.c:569 rcu_idle_enter+0x74/0x80
[  193.123735] Modules linked in:
[  193.126946] CPU: 6 PID: 0 Comm: swapper/6 Tainted: G      D           5.4.18 #2
[  193.128332] Hardware name: linux,dummy-virt (DT)
[  193.130055] pstate: 200003c5 (nzCv DAIF -PAN -UAO)
[  193.130791] pc : rcu_idle_enter+0x74/0x80
[  193.131783] lr : do_idle+0x200/0x288
[  193.132000] sp : ffff800011a73f20
[  193.134295] x29: ffff800011a73f20 x28: 0000000000000000 
[  193.135357] x27: 0000000000000000 x26: 0000000000000000 
[  193.136078] x25: 0000000000000000 x24: ffff8000117ba214 
[  193.137526] x23: ffff00007b0c6200 x22: ffff800011404ab8 
[  193.138667] x21: ffff8000117ba1f0 x20: 0000000000000006 
[  193.139587] x19: ffff8000117ba118 x18: 0000000000000010 
[  193.139919] x17: 0000000000000000 x16: 0000000000000000 
[  193.140288] x15: ffff00007a9a5870 x14: 0000000000000000 
[  193.142356] x13: 0000000000000001 x12: 0000000000000000 
[  193.142840] x11: 0000000000000400 x10: 00000000000009c0 
[  193.143187] x9 : ffff800011a73e90 x8 : ffff00007b0c6c20 
[  193.143515] x7 : 0000000000000000 x6 : 000000e89a3c8026 
[  193.144096] x5 : 00ffffffffffffff x4 : ffff80006c7c5000 
[  193.145259] x3 : 4000000000000002 x2 : 4000000000000000 
[  193.146280] x1 : ffff800011406980 x0 : ffff00007dbcb980 
[  193.146745] Call trace:
[  193.147049]  rcu_idle_enter+0x74/0x80
[  193.147336]  do_idle+0x200/0x288
[  193.147776]  cpu_startup_entry+0x20/0x40
[  193.148118]  secondary_start_kernel+0x154/0x190
[  193.148517] ---[ end trace f2191750effe17d2 ]---
