[  193.643092] Unable to handle kernel paging request at virtual address ffff800014ba68b4
[  193.645497] Mem abort info:
[  193.646009]   ESR = 0x86000006
[  193.649609]   EC = 0x21: IABT (current EL), IL = 32 bits
[  193.657742]   SET = 0, FnV = 0
[  193.661306]   EA = 0, S1PTW = 0
[  193.665155] swapper pgtable: 4k pages, 48-bit VAs, pgdp=00000000412a6000
[  193.676831] [ffff800014ba68b4] pgd=00000000bdfff003, pud=00000000bdffe003, pmd=0000000000000000
[  193.702199] Internal error: Oops: 86000006 [#1] PREEMPT SMP
[  193.708686] Modules linked in:
[  193.717588] CPU: 7 PID: 495 Comm: python3 Not tainted 5.4.18 #2
[  193.720551] Hardware name: linux,dummy-virt (DT)
[  193.722450] pstate: 20000005 (nzCv daif -PAN -UAO)
[  193.725710] pc : 0xffff800014ba68b4
[  193.738207] lr : ip_make_skb+0xdc/0x140
[  193.744392] sp : ffff800011f1bad0
[  193.747926] x29: ffff800011f1bae0 x28: ffff800011f1bb40 
[  193.754730] x27: 000000000000001a x26: ffff800011f1bd80 
[  193.758260] x25: ffff800010b762e8 x24: 0000000000000000 
[  193.763134] x23: ffff800011f1bc30 x22: ffff00007abe9dc0 
[  193.769926] x21: ffff800011f1bc68 x20: ffff000075cfd400 
[  193.776411] x19: 0000000000000008 x18: 0000000000000000 
[  193.780764] x17: 0000000000000000 x16: 0000000000000000 
[  193.781068] x15: 0000000000000001 x14: 0000000000000000 
[  193.781785] x13: 0000000000000006 x12: 00000000c0a80164 
[  193.782058] x11: 0000000000000000 x10: 0000000000000068 
[  193.782957] x9 : 0000000000000000 x8 : 0000000000000000 
[  193.783378] x7 : 000000000000001a x6 : ffff800011f1bd80 
[  193.784264] x5 : ffff800010b762e8 x4 : 000000000000001a 
[  193.785832] x3 : ffff800011f1bc68 x2 : ffff800011f1bb40 
[  193.786990] x1 : 0000000001000100 x0 : 0000000000000000 
[  193.789416] Call trace:
[  193.792091]  0xffff800014ba68b4
[  193.793679]  udp_sendmsg+0x6ec/0x860
[  193.795611]  inet_sendmsg+0x40/0x68
[  193.796490]  __sys_sendto+0xd4/0x150
[  193.797058]  __arm64_sys_sendto+0x24/0x30
[  193.798766]  el0_svc_common.constprop.0+0x68/0x160
[  193.799164]  el0_svc_handler+0x20/0x80
[  193.799458]  el0_svc+0x8/0xc
[  193.802222] Code: bad PC value
[  193.809506] ---[ end trace c08a2b5040452c9a ]---
