[  193.402559] Unable to handle kernel NULL pointer dereference at virtual address 00000000000000d9
[  193.408756] Mem abort info:
[  193.409916]   ESR = 0x96000006
[  193.412437]   EC = 0x25: DABT (current EL), IL = 32 bits
[  193.417715]   SET = 0, FnV = 0
[  193.423778]   EA = 0, S1PTW = 0
[  193.426670] Data abort info:
[  193.428750]   ISV = 0, ISS = 0x00000006
[  193.429926]   CM = 0, WnR = 0
[  193.433267] user pgtable: 4k pages, 48-bit VAs, pgdp=00000000b0df1000
[  193.454667] [00000000000000d9] pgd=00000000b810d003, pud=00000000b2a1f003, pmd=0000000000000000
[  193.478934] Internal error: Oops: 96000006 [#1] PREEMPT SMP
[  193.482321] Modules linked in:
[  193.488750] CPU: 6 PID: 496 Comm: python3 Not tainted 5.4.18 #2
[  193.490237] Hardware name: linux,dummy-virt (DT)
[  193.492781] pstate: 60000005 (nZCv daif -PAN -UAO)
[  193.495545] pc : ip_generic_getfrag+0x20/0xf0
[  193.497452] lr : ip_generic_getfrag+0x0/0xf0
[  193.502256] sp : ffff800011d93b20
[  193.504943] x29: ffff800011d93b20 x28: 000000000000001a 
[  193.507778] x27: ffff800011d93d80 x26: 0000000000000011 
[  193.512672] x25: 0000000000000012 x24: ffff00007abd2548 
[  193.520445] x23: 000000006401a8c0 x22: ffff800011d93c68 
[  193.520880] x21: ffff000076c05400 x20: 0000000000000059 
[  193.522934] x19: ffff000076c05400 x18: 0000000000000000 
[  193.524355] x17: 0000000000000000 x16: 0000000000000000 
[  193.528734] x15: 0000000000000001 x14: 0000000000000000 
[  193.537216] x13: 0000000000000006 x12: 00000000c0a80164 
[  193.538280] x11: 0000000000000000 x10: 0000000000000068 
[  193.538864] x9 : ffff000076c05400 x8 : ffff000076e00600 
[  193.539883] x7 : 0000000016c00000 x6 : 0000000000000000 
[  193.540168] x5 : 0000000000000000 x4 : 00000000db7c0436 
[  193.540581] x3 : 00000000db7c03dd x2 : 00000000db7c0437 
[  193.541140] x1 : 0000000000000000 x0 : ffff000076e00600 
[  193.543680] Call trace:
[  193.545027]  ip_generic_getfrag+0x20/0xf0
[  193.545606]  ip_generic_getfrag+0x0/0xf0
[  193.553332] Code: d5384113 f9423a65 f9001fe5 d2800005 (39420286) 
[  193.567786] ---[ end trace 563b9794d084bb18 ]---
