[  194.940121] Unable to handle kernel paging request at virtual address 00000000ffff8026
[  194.945862] Mem abort info:
[  194.946629]   ESR = 0x96000005
[  194.951125]   EC = 0x25: DABT (current EL), IL = 32 bits
[  194.953100]   SET = 0, FnV = 0
[  194.960368]   EA = 0, S1PTW = 0
[  194.968134] Data abort info:
[  194.974685]   ISV = 0, ISS = 0x00000005
[  194.986743]   CM = 0, WnR = 0
[  194.995189] user pgtable: 4k pages, 48-bit VAs, pgdp=00000000b839b000
[  194.996976] [00000000ffff8026] pgd=00000000b83aa003, pud=0000000000000000
[  195.014753] Internal error: Oops: 96000005 [#1] PREEMPT SMP
[  195.018861] Modules linked in:
[  195.022124] CPU: 5 PID: 497 Comm: python3 Not tainted 5.4.18 #2
[  195.023219] Hardware name: linux,dummy-virt (DT)
[  195.026193] pstate: 80000005 (Nzcv daif -PAN -UAO)
[  195.037570] pc : udp_send_skb.isra.0+0x60/0x368
[  195.041920] lr : udp_sendmsg+0x710/0x860
[  195.043032] sp : ffff800011d9bb20
[  195.045825] x29: ffff800011d9bb20 x28: 000000000000001a 
[  195.049248] x27: ffff800011d9bd80 x26: 0000000000000011 
[  195.050436] x25: 0000000000000012 x24: ffff00007945ac24 
[  195.056369] x23: ffff800011d9bc30 x22: ffff00007a983740 
[  195.059154] x21: 0000000000000011 x20: 000000000000001a 
[  195.062642] x19: ffff00007aafb000 x18: 0000000000000000 
[  195.064637] x17: 0000000000000000 x16: 0000000000000000 
[  195.067559] x15: 0000000000000001 x14: 0000000000000000 
[  195.070319] x13: 0000000000000006 x12: 00000000c0a80164 
[  195.075120] x11: 0000000000000000 x10: 0000000000000068 
[  195.075618] x9 : ffff000079563800 x8 : ffff800011d9bc30 
[  195.076284] x7 : 000000001f000000 x6 : 00000000000064c0 
[  195.077726] x5 : 0000000000000000 x4 : 0000000000008813 
[  195.078228] x3 : 00000000ffff8026 x2 : 00000000ffff8010 
[  195.079418] x1 : 0000000000001a00 x0 : ffff00007aafb000 
[  195.081099] Call trace:
[  195.081700]  udp_send_skb.isra.0+0x60/0x368
[  195.082234]  udp_sendmsg+0x710/0x860
[  195.085068]  inet_sendmsg+0x40/0x68
[  195.086933]  __sys_sendto+0xd4/0x150
[  195.089194]  __arm64_sys_sendto+0x24/0x30
[  195.090217]  el0_svc_common.constprop.0+0x68/0x160
[  195.090632]  el0_svc_handler+0x20/0x80
[  195.091132]  el0_svc+0x8/0xc
[  195.097579] Code: 79000704 2a050021 79000b01 79000f1f (79400064) 
[  195.110760] ---[ end trace 5960a015c682d1f5 ]---
