[  192.833183] kernel BUG at arch/arm64/kernel/traps.c:405!
[  192.841871] Internal error: Oops - BUG: 0 [#1] PREEMPT SMP
[  192.843937] Modules linked in:
[  192.853397] CPU: 7 PID: 493 Comm: python3 Not tainted 5.4.18 #2
[  192.854722] Hardware name: linux,dummy-virt (DT)
[  192.857189] pstate: 00000005 (nzcv daif -PAN -UAO)
[  192.865785] pc : do_undefinstr+0x2ec/0x310
[  192.866497] lr : do_undefinstr+0x1e0/0x310
[  192.867355] sp : ffff800011d3b9c0
[  192.867906] x29: ffff800011d3b9c0 x28: ffff00007a8cd400 
[  192.869497] x27: ffff800011d3bd80 x26: 0000000000000011 
[  192.870515] x25: 0000000000000012 x24: 0000000000000000 
[  192.871792] x23: 0000000060000005 x22: ffff800010b79d10 
[  192.873018] x21: ffff800011d3bb60 x20: ffff00007a8cd400 
[  192.874055] x19: ffff800011d3ba20 x18: 0000000000000000 
[  192.875152] x17: 0000000000000000 x16: 0000000000000000 
[  192.876121] x15: 0000000000000001 x14: 0000000000000000 
[  192.877617] x13: 0000000000000006 x12: 00000000c0a80164 
[  192.878622] x11: 0000000000000000 x10: 0000000000000068 
[  192.879690] x9 : ffff00007a8cd400 x8 : ffff00007973fa00 
[  192.880646] x7 : 000000000ea00000 x6 : ffff800011d3ba18 
[  192.881692] x5 : 00000000d5300000 x4 : ffff8000117c51f0 
[  192.882838] x3 : 00000000d4500000 x2 : 0000000000000000 
[  192.883858] x1 : ffff00007a8cd400 x0 : 0000000060000005 
[  192.885046] Call trace:
[  192.885437]  do_undefinstr+0x2ec/0x310
[  192.885780]  el1_undef+0x10/0x84
[  192.886062]  ip_make_skb+0xb8/0x140
[  192.886341]  inet_sendmsg+0x40/0x68
[  192.886619]  __sys_sendto+0xd4/0x150
[  192.886898]  __arm64_sys_sendto+0x24/0x30
[  192.887237]  el0_svc_common.constprop.0+0x68/0x160
[  192.887585]  el0_svc_handler+0x20/0x80
[  192.887874]  el0_svc+0x8/0xc
[  192.888816] Code: f9401bf7 17ffff7c a9025bf5 f9001bf7 (d4210000) 
[  192.890514] ---[ end trace dc7163173c989619 ]---
[  192.891765] note: python3[493] exited with preempt_count 1
[  193.023763] ------------[ cut here ]------------
[  193.031141] WARNING: CPU: 7 PID: 0 at kernel/rcu/tree.c:569 rcu_idle_enter+0x74/0x80
[  193.039009] Modules linked in:
[  193.042761] CPU: 7 PID: 0 Comm: swapper/7 Tainted: G      D           5.4.18 #2
[  193.049535] Hardware name: linux,dummy-virt (DT)
[  193.051919] pstate: 200003c5 (nzCv DAIF -PAN -UAO)
[  193.052777] pc : rcu_idle_enter+0x74/0x80
[  193.054485] lr : do_idle+0x200/0x288
[  193.056643] sp : ffff800011a7bf20
[  193.061292] x29: ffff800011a7bf20 x28: 0000000000000000 
[  193.064782] x27: 0000000000000000 x26: 0000000000000000 
[  193.069471] x25: 0000000000000000 x24: ffff8000117ba214 
[  193.075298] x23: ffff00007b0c7000 x22: ffff800011404ab8 
[  193.078691] x21: ffff8000117ba1f0 x20: 0000000000000007 
[  193.080691] x19: ffff8000117ba118 x18: 0000000000000010 
[  193.084170] x17: 0000000000000000 x16: 0000000000000000 
[  193.086420] x15: 0000000000000000 x14: 0000000000000000 
[  193.087123] x13: 0000000000000002 x12: 0000000000000000 
[  193.088854] x11: 0000000000000000 x10: 00000000000009c0 
[  193.092268] x9 : ffff800011a7be90 x8 : ffff00007b0c7a20 
[  193.094105] x7 : 00000000000003f5 x6 : 000000bbb8c700a1 
[  193.099836] x5 : 00ffffffffffffff x4 : ffff80006c7db000 
[  193.110307] x3 : 4000000000000002 x2 : 4000000000000000 
[  193.116669] x1 : ffff800011406980 x0 : ffff00007dbe1980 
[  193.120700] Call trace:
[  193.123210]  rcu_idle_enter+0x74/0x80
[  193.125324]  do_idle+0x200/0x288
[  193.135231]  cpu_startup_entry+0x20/0x40
[  193.138126]  secondary_start_kernel+0x154/0x190
[  193.141417] ---[ end trace dc7163173c98961a ]---
