[  193.179620] kernel BUG at arch/arm64/kernel/traps.c:405!
[  193.182054] Internal error: Oops - BUG: 0 [#1] PREEMPT SMP
[  193.183655] Modules linked in:
[  193.186603] CPU: 4 PID: 493 Comm: python3 Not tainted 5.4.18 #2
[  193.188707] Hardware name: linux,dummy-virt (DT)
[  193.192935] pstate: 00000005 (nzcv daif -PAN -UAO)
[  193.194330] pc : do_undefinstr+0x2ec/0x310
[  193.195167] lr : do_undefinstr+0x1e0/0x310
[  193.196107] sp : ffff800011fbb930
[  193.196835] x29: ffff800011fbb930 x28: ffff0000794c8e00 
[  193.198141] x27: 000000000000001a x26: ffff800011fbbd80 
[  193.199122] x25: ffff800010b762e8 x24: 0000000000000000 
[  193.200457] x23: 0000000080000005 x22: ffff800010b79d60 
[  193.201380] x21: ffff800011fbbad0 x20: ffff0000794c8e00 
[  193.203241] x19: ffff800011fbb990 x18: 0000000000000000 
[  193.206228] x17: 0000000000000000 x16: 0000000000000000 
[  193.207138] x15: 0000000000000001 x14: 0000000000000000 
[  193.208127] x13: 0000000000000006 x12: 00000000c0a80164 
[  193.209003] x11: 0000000000000000 x10: 0000000000000068 
[  193.209936] x9 : ffff0000794c8e00 x8 : 0000000044abe000 
[  193.210826] x7 : 0000000036400000 x6 : ffff800011fbb988 
[  193.211973] x5 : 00000000d5300000 x4 : ffff8000117c51f0 
[  193.213269] x3 : 00000000ae000000 x2 : 0000000000000000 
[  193.214193] x1 : ffff0000794c8e00 x0 : 0000000080000005 
[  193.216069] Call trace:
[  193.217366]  do_undefinstr+0x2ec/0x310
[  193.219101]  el1_undef+0x10/0x84
[  193.221018]  ip_make_skb+0x108/0x140
[  193.222285]  udp_sendmsg+0x6ec/0x860
[  193.222953]  inet_sendmsg+0x40/0x68
[  193.223672]  __sys_sendto+0xd4/0x150
[  193.224353]  __arm64_sys_sendto+0x24/0x30
[  193.225071]  el0_svc_common.constprop.0+0x68/0x160
[  193.225918]  el0_svc_handler+0x20/0x80
[  193.226587]  el0_svc+0x8/0xc
[  193.228339] Code: f9401bf7 17ffff7c a9025bf5 f9001bf7 (d4210000) 
[  193.231924] ---[ end trace 4452589722cb9204 ]---
[  193.234647] note: python3[493] exited with preempt_count 1
[  193.355576] ------------[ cut here ]------------
[  193.358898] WARNING: CPU: 4 PID: 0 at kernel/rcu/tree.c:569 rcu_idle_enter+0x74/0x80
[  193.361473] Modules linked in:
[  193.365561] CPU: 4 PID: 0 Comm: swapper/4 Tainted: G      D           5.4.18 #2
[  193.373799] Hardware name: linux,dummy-virt (DT)
[  193.379586] pstate: 200003c5 (nzCv DAIF -PAN -UAO)
[  193.381203] pc : rcu_idle_enter+0x74/0x80
[  193.383884] lr : do_idle+0x200/0x288
[  193.387905] sp : ffff800011a63f20
[  193.389405] x29: ffff800011a63f20 x28: 0000000000000000 
[  193.392714] x27: 0000000000000000 x26: 0000000000000000 
[  193.394039] x25: 0000000000000000 x24: ffff8000117ba214 
[  193.395574] x23: ffff00007b0c4600 x22: ffff800011404ab8 
[  193.396001] x21: ffff8000117ba1f0 x20: 0000000000000004 
[  193.396364] x19: ffff8000117ba118 x18: 0000000000000010 
[  193.396850] x17: 0000000000000000 x16: 0000000000000000 
[  193.397420] x15: 0000000000000000 x14: 0000000000000000 
[  193.399786] x13: 0000000000000001 x12: 0000000000000000 
[  193.401008] x11: 0000000000000400 x10: 00000000000009c0 
[  193.402203] x9 : ffff800011a63e90 x8 : ffff00007b0c5020 
[  193.405189] x7 : 0000000000000004 x6 : 000002b2b509588e 
[  193.408884] x5 : 00ffffffffffffff x4 : ffff80006c799000 
[  193.409408] x3 : 4000000000000002 x2 : 4000000000000000 
[  193.410043] x1 : ffff800011406980 x0 : ffff00007db9f980 
[  193.411743] Call trace:
[  193.412777]  rcu_idle_enter+0x74/0x80
[  193.413405]  do_idle+0x200/0x288
[  193.415806]  cpu_startup_entry+0x20/0x40
[  193.416391]  secondary_start_kernel+0x154/0x190
[  193.416912] ---[ end trace 4452589722cb9205 ]---
