[  194.034384] Unable to handle kernel paging request at virtual address ffff800011d8c0d8
[  194.042774] Mem abort info:
[  194.043601]   ESR = 0x96000007
[  194.045781]   EC = 0x25: DABT (current EL), IL = 32 bits
[  194.046481]   SET = 0, FnV = 0
[  194.047097]   EA = 0, S1PTW = 0
[  194.047594] Data abort info:
[  194.048054]   ISV = 0, ISS = 0x00000007
[  194.050220]   CM = 0, WnR = 0
[  194.051622] swapper pgtable: 4k pages, 48-bit VAs, pgdp=00000000412a6000
[  194.059138] [ffff800011d8c0d8] pgd=00000000bdfff003, pud=00000000bdffe003, pmd=00000000bb30e003, pte=0000000000000000
[  194.084463] Internal error: Oops: 96000007 [#1] PREEMPT SMP
[  194.100098] Modules linked in:
[  194.106324] CPU: 4 PID: 493 Comm: python3 Not tainted 5.4.18 #2
[  194.107190] Hardware name: linux,dummy-virt (DT)
[  194.109939] pstate: 80000005 (Nzcv daif -PAN -UAO)
[  194.128979] pc : udp_sendmsg+0x318/0x860
[  194.133199] lr : udp_sendmsg+0x294/0x860
[  194.135594] sp : ffff800011d8bb60
[  194.136929] x29: ffff800011d8bb70 x28: 000000000000001a 
[  194.149522] x27: ffff800011d8bd80 x26: 0000000000000011 
[  194.152201] x25: 0000000000000012 x24: ffff00007b3cfa48 
[  194.167057] x23: 000000006401a8c0 x22: 0000000000000000 
[  194.175620] x21: ffff800011d8c0d8 x20: 0000000000000000 
[  194.184381] x19: ffff00007b3cf700 x18: 0000000000000000 
[  194.189764] x17: 0000000000000000 x16: 0000000000000000 
[  194.192622] x15: 0000000000000001 x14: 0000000000000000 
[  194.196246] x13: 0000000000000006 x12: 000000000000003c 
[  194.199161] x11: ffff00007098e000 x10: 0000000000000000 
[  194.202633] x9 : ffff000078116940 x8 : 0000000000000028 
[  194.204378] x7 : ffff000073b3e000 x6 : 0000000022100000 
[  194.211678] x5 : 0000000000000038 x4 : 0000000000000000 
[  194.213594] x3 : 0000000000000000 x2 : ffff80006c799000 
[  194.214150] x1 : ffff000075beaa00 x0 : 8c7eb4cd66f16500 
[  194.216593] Call trace:
[  194.218472]  udp_sendmsg+0x318/0x860
[  194.218917]  inet_sendmsg+0x40/0x68
[  194.219280]  __sys_sendto+0xd4/0x150
[  194.219700]  __arm64_sys_sendto+0x24/0x30
[  194.220636]  el0_svc_common.constprop.0+0x68/0x160
[  194.226388]  el0_svc_handler+0x20/0x80
[  194.228366]  el0_svc+0x8/0xc
[  194.244670] Code: 2a1403f9 9402163f 9111c2b5 f940c7e0 (f94002a1) 
[  194.256351] ---[ end trace e786eb28e7da0c88 ]---
[  195.011195] Unable to handle kernel paging request at virtual address ffff800011da40d8
[  195.012385] Mem abort info:
[  195.013721]   ESR = 0x96000007
[  195.014088]   EC = 0x25: DABT (current EL), IL = 32 bits
[  195.014925]   SET = 0, FnV = 0
[  195.015386]   EA = 0, S1PTW = 0
[  195.015758] Data abort info:
[  195.016089]   ISV = 0, ISS = 0x00000007
[  195.016722]   CM = 0, WnR = 0
[  195.017991] swapper pgtable: 4k pages, 48-bit VAs, pgdp=00000000412a6000
[  195.020110] [ffff800011da40d8] pgd=00000000bdfff003, pud=00000000bdffe003, pmd=00000000bb30e003, pte=0000000000000000
[  195.027380] Internal error: Oops: 96000007 [#2] PREEMPT SMP
[  195.027799] Modules linked in:
[  195.028764] CPU: 4 PID: 261 Comm: systemd-timesyn Tainted: G      D           5.4.18 #2
[  195.029632] Hardware name: linux,dummy-virt (DT)
[  195.030394] pstate: 80000005 (Nzcv daif -PAN -UAO)
[  195.031387] pc : udp_sendmsg+0x318/0x860
[  195.033081] lr : udp_sendmsg+0x294/0x860
[  195.034137] sp : ffff800011da3b60
[  195.035456] x29: ffff800011da3b70 x28: 0000000000000038 
[  195.037378] x27: ffff800011da3d80 x26: 0000000000000011 
[  195.039965] x25: 0000000000000030 x24: ffff00006e488348 
[  195.040531] x23: 0000000038be7db9 x22: 0000000000000000 
[  195.041033] x21: ffff800011da40d8 x20: 0000000000000000 
[  195.041236] x19: ffff00006e488000 x18: 0000000000000000 
[  195.041419] x17: 0000000000000000 x16: 0000000000000000 
[  195.041595] x15: 0000000000000001 x14: 0000000000000000 
[  195.041836] x13: 0000000000000000 x12: 000000000000005a 
[  195.042244] x11: ffff00007839b000 x10: 0000000000000000 
[  195.042633] x9 : ffff000071672d40 x8 : 0000000000000028 
[  195.043041] x7 : ffff00007b3d4000 x6 : 0000000022100000 
[  195.043234] x5 : 0000000000000016 x4 : 0000000000000000 
[  195.043412] x3 : 0000000000000000 x2 : ffff80006c741000 
[  195.043602] x1 : ffff00007b1cb800 x0 : 711b66c853e21500 
[  195.043816] Call trace:
[  195.044045]  udp_sendmsg+0x318/0x860
[  195.044316]  inet_sendmsg+0x40/0x68
[  195.044512]  __sys_sendto+0xd4/0x150
[  195.045836]  __arm64_sys_sendto+0x24/0x30
[  195.046312]  el0_svc_common.constprop.0+0x68/0x160
[  195.047021]  el0_svc_handler+0x20/0x80
[  195.047534]  el0_svc+0x8/0xc
[  195.048692] Code: 2a1403f9 9402163f 9111c2b5 f940c7e0 (f94002a1) 
[  195.050668] ---[ end trace e786eb28e7da0c89 ]---
