[  194.201038] Unable to handle kernel paging request at virtual address 00000000ffff0012
[  194.205640] Mem abort info:
[  194.206282]   ESR = 0x96000005
[  194.208052]   EC = 0x25: DABT (current EL), IL = 32 bits
[  194.209216]   SET = 0, FnV = 0
[  194.209843]   EA = 0, S1PTW = 0
[  194.214890] Data abort info:
[  194.215819]   ISV = 0, ISS = 0x00000005
[  194.216668]   CM = 0, WnR = 0
[  194.218831] user pgtable: 4k pages, 48-bit VAs, pgdp=00000000b38a4000
[  194.219947] [00000000ffff0012] pgd=00000000b2849003, pud=0000000000000000
[  194.233270] Internal error: Oops: 96000005 [#1] PREEMPT SMP
[  194.247643] Modules linked in:
[  194.260445] CPU: 1 PID: 492 Comm: python3 Not tainted 5.4.18 #2
[  194.261337] Hardware name: linux,dummy-virt (DT)
[  194.269573] pstate: 20000005 (nzCv daif -PAN -UAO)
[  194.273722] pc : __ip_append_data.isra.0+0x24c/0xc30
[  194.275796] lr : ip_make_skb+0xec/0x140
[  194.277099] sp : ffff800011f639e0
[  194.277579] x29: ffff800011f639e0 x28: ffff800011f63d80 
[  194.280678] x27: ffff800011f63ae0 x26: ffff000071998930 
[  194.283526] x25: ffff00007b3c4840 x24: ffff00007b2ae300 
[  194.288265] x23: 000000000000001a x22: 0000000000000000 
[  194.299991] x21: 000000000000001a x20: 0000000000000000 
[  194.307246] x19: 0000000000000000 x18: 0000000000000000 
[  194.310387] x17: 0000000000000000 x16: 0000000000000000 
[  194.319693] x15: 0000000000000001 x14: 0000000000000000 
[  194.333059] x13: 0000000000000006 x12: 00000000c0a80164 
[  194.336832] x11: 0000000000000000 x10: 0000000000000068 
[  194.341174] x9 : 0000000000000000 x8 : 00000000000005c8 
[  194.344709] x7 : 0000000000000014 x6 : 00000000000005dc 
[  194.349990] x5 : 0000000000000000 x4 : 0000000000000000 
[  194.351636] x3 : 00000000ffff0000 x2 : 00000000ffff0010 
[  194.356553] x1 : ffff000071998930 x0 : ffff00007b3c4840 
[  194.359772] Call trace:
[  194.360160]  __ip_append_data.isra.0+0x24c/0xc30
[  194.360895]  ip_make_skb+0xec/0x140
[  194.361460]  udp_sendmsg+0x6ec/0x860
[  194.363622]  inet_sendmsg+0x40/0x68
[  194.364694]  __sys_sendto+0xd4/0x150
[  194.366710]  __arm64_sys_sendto+0x24/0x30
[  194.368903]  el0_svc_common.constprop.0+0x68/0x160
[  194.371192]  el0_svc_handler+0x20/0x80
[  194.377123]  el0_svc+0x8/0xc
[  194.380700] Code: aa1a03e1 b940b763 aa1903e0 8b030042 (39400843) 
[  194.387903] ---[ end trace 0d016699965855ee ]---
