[  194.136568] Unable to handle kernel NULL pointer dereference at virtual address 00000000000001f8
[  194.159920] Mem abort info:
[  194.166025]   ESR = 0x96000006
[  194.168626]   EC = 0x25: DABT (current EL), IL = 32 bits
[  194.177418]   SET = 0, FnV = 0
[  194.178312]   EA = 0, S1PTW = 0
[  194.179137] Data abort info:
[  194.179885]   ISV = 0, ISS = 0x00000006
[  194.180743]   CM = 0, WnR = 0
[  194.187382] user pgtable: 4k pages, 48-bit VAs, pgdp=00000000b2680000
[  194.191900] [00000000000001f8] pgd=00000000b81b0003, pud=00000000b68f1003, pmd=0000000000000000
[  194.206251] Internal error: Oops: 96000006 [#1] PREEMPT SMP
[  194.216184] Modules linked in:
[  194.226365] CPU: 7 PID: 495 Comm: python3 Not tainted 5.4.18 #2
[  194.232032] Hardware name: linux,dummy-virt (DT)
[  194.234101] pstate: 20000005 (nzCv daif -PAN -UAO)
[  194.238300] pc : ip_setup_cork+0x100/0x180
[  194.238812] lr : ip_make_skb+0xec/0x140
[  194.239310] sp : ffff800011f73ad0
[  194.239698] x29: ffff800011f73ae0 x28: ffff800011f73b40 
[  194.240380] x27: 000000000000001a x26: ffff800011f73d80 
[  194.242155] x25: ffff800010b762e8 x24: 0000000000000000 
[  194.243699] x23: ffff800011f73c30 x22: ffff00007a8be600 
[  194.244215] x21: ffff800011f73c68 x20: ffff000079596200 
[  194.247547] x19: 0000000000000008 x18: 0000000000000000 
[  194.248025] x17: 0000000000000000 x16: 0000000000000000 
[  194.248454] x15: 0000000000000001 x14: 0000000000000000 
[  194.250551] x13: 0000000000000006 x12: 00000000c0a80164 
[  194.251326] x11: 0000000000000000 x10: 0000000000000068 
[  194.251977] x9 : 0000000000000000 x8 : 0000000000000000 
[  194.252570] x7 : 000000000000001a x6 : ffff800011f73d80 
[  194.253736] x5 : ffff800010b762e8 x4 : ffff000079596b30 
[  194.254335] x3 : ffff800011f73c68 x2 : ffff800011f73b40 
[  194.254893] x1 : ffff800011f73c5c x0 : 0000000000000000 
[  194.256339] Call trace:
[  194.258266]  ip_setup_cork+0x100/0x180
[  194.258884]  udp_sendmsg+0x6ec/0x860
[  194.259257]  inet_sendmsg+0x40/0x68
[  194.259675]  __sys_sendto+0xd4/0x150
[  194.260113]  __arm64_sys_sendto+0x24/0x30
[  194.263457]  el0_svc_common.constprop.0+0x68/0x160
[  194.264128]  el0_svc_handler+0x20/0x80
[  194.265680]  el0_svc+0x8/0xc
[  194.271128] Code: f9401021 d63f0020 2a0003e1 17ffffde (b941fb01) 
[  194.280839] ---[ end trace 8ae47fb79c030660 ]---
