[  193.960130] kernel BUG at arch/arm64/kernel/traps.c:405!
[  193.964450] Internal error: Oops - BUG: 0 [#1] PREEMPT SMP
[  193.965708] Modules linked in:
[  193.967659] CPU: 1 PID: 494 Comm: python3 Not tainted 5.4.18 #2
[  193.968533] Hardware name: linux,dummy-virt (DT)
[  193.971418] pstate: 00000005 (nzcv daif -PAN -UAO)
[  193.972633] pc : do_undefinstr+0x2ec/0x310
[  193.973358] lr : do_undefinstr+0x1e0/0x310
[  193.974073] sp : ffff800011f1b930
[  193.974738] x29: ffff800011f1b930 x28: ffff00007b2fb800 
[  193.975791] x27: 000000000000001a x26: ffff800011f1bd80 
[  193.976241] x25: ffff800010b762e8 x24: 0000000000000000 
[  193.976656] x23: 0000000080000005 x22: ffff800010b79cb4 
[  193.977040] x21: ffff800011f1bad0 x20: ffff00007b2fb800 
[  193.977418] x19: ffff800011f1b990 x18: 0000000000000000 
[  193.977797] x17: 0000000000000000 x16: 0000000000000000 
[  193.978177] x15: 0000000000000001 x14: 0000000000000000 
[  193.978580] x13: 0000000000000006 x12: 00000000c0a80164 
[  193.978963] x11: 0000000000000000 x10: 0000000000000068 
[  193.979344] x9 : 0000000000000000 x8 : 0000000000000000 
[  193.979722] x7 : ffff800011f1bc00 x6 : ffff800011f1b988 
[  193.980100] x5 : 00000000d5300000 x4 : ffff8000117c51f0 
[  193.980477] x3 : 00000000ae000000 x2 : 0000000000000000 
[  193.980955] x1 : ffff00007b2fb800 x0 : 0000000080000005 
[  193.981699] Call trace:
[  193.982053]  do_undefinstr+0x2ec/0x310
[  193.982379]  el1_undef+0x10/0x84
[  193.982699]  ip_make_skb+0x5c/0x140
[  193.982976]  udp_sendmsg+0x6ec/0x860
[  193.983255]  inet_sendmsg+0x40/0x68
[  193.983808]  __sys_sendto+0xd4/0x150
[  193.984420]  __arm64_sys_sendto+0x24/0x30
[  193.985470]  el0_svc_common.constprop.0+0x68/0x160
[  193.986720]  el0_svc_handler+0x20/0x80
[  193.987294]  el0_svc+0x8/0xc
[  193.988886] Code: f9401bf7 17ffff7c a9025bf5 f9001bf7 (d4210000) 
[  193.992419] ---[ end trace 708818f3ebdf7f80 ]---
[  193.994323] note: python3[494] exited with preempt_count 1
[  194.082757] ------------[ cut here ]------------
[  194.085630] WARNING: CPU: 1 PID: 0 at kernel/rcu/tree.c:569 rcu_idle_enter+0x74/0x80
[  194.088988] Modules linked in:
[  194.094829] CPU: 1 PID: 0 Comm: swapper/1 Tainted: G      D           5.4.18 #2
[  194.097722] Hardware name: linux,dummy-virt (DT)
[  194.098155] pstate: 20000085 (nzCv daIf -PAN -UAO)
[  194.098563] pc : rcu_idle_enter+0x74/0x80
[  194.104255] lr : do_idle+0x200/0x288
[  194.104737] sp : ffff800011a4bf20
[  194.105177] x29: ffff800011a4bf20 x28: 0000000000000000 
[  194.109156] x27: 0000000000000000 x26: 0000000000000000 
[  194.110918] x25: 0000000000000000 x24: ffff8000117ba214 
[  194.111254] x23: ffff00007b0c1c00 x22: ffff800011404ab8 
[  194.111426] x21: ffff8000117ba1f0 x20: 0000000000000001 
[  194.111602] x19: ffff8000117ba118 x18: 000000000000000e 
[  194.111814] x17: 0000000000000001 x16: 0000000000000019 
[  194.112673] x15: 0000000000000004 x14: 000000000000004c 
[  194.112906] x13: 0000000000000001 x12: 0000000000000000 
[  194.113185] x11: 0000000000000400 x10: 00000000000009c0 
[  194.113477] x9 : ffff800011a4be90 x8 : ffff00007b0c2620 
[  194.113671] x7 : 0000000000000000 x6 : 0000004f6c245de0 
[  194.113977] x5 : 00ffffffffffffff x4 : ffff80006c757000 
[  194.114285] x3 : 4000000000000002 x2 : 4000000000000000 
[  194.114580] x1 : ffff800011406980 x0 : ffff00007db5d980 
[  194.114904] Call trace:
[  194.115105]  rcu_idle_enter+0x74/0x80
[  194.115298]  do_idle+0x200/0x288
[  194.115571]  cpu_startup_entry+0x24/0x40
[  194.116451]  secondary_start_kernel+0x154/0x190
[  194.119930] ---[ end trace 708818f3ebdf7f81 ]---
