[  192.777462] Unable to handle kernel NULL pointer dereference at virtual address 0000000000000031
[  192.784548] Mem abort info:
[  192.785401]   ESR = 0x96000046
[  192.786807]   EC = 0x25: DABT (current EL), IL = 32 bits
[  192.790181]   SET = 0, FnV = 0
[  192.802618]   EA = 0, S1PTW = 0
[  192.803403] Data abort info:
[  192.804188]   ISV = 0, ISS = 0x00000046
[  192.804958]   CM = 0, WnR = 1
[  192.806550] user pgtable: 4k pages, 48-bit VAs, pgdp=00000000b1bd5000
[  192.808120] [0000000000000031] pgd=00000000b3d9e003, pud=00000000b3efd003, pmd=0000000000000000
[  192.823614] Internal error: Oops: 96000046 [#1] PREEMPT SMP
[  192.832239] Modules linked in:
[  192.841209] CPU: 2 PID: 491 Comm: python3 Not tainted 5.4.18 #2
[  192.843196] Hardware name: linux,dummy-virt (DT)
[  192.845426] pstate: 80000005 (Nzcv daif -PAN -UAO)
[  192.851241] pc : ip_make_skb+0x18/0x140
[  192.852939] lr : udp_sendmsg+0x6ec/0x860
[  192.853896] sp : ffff80001210bad0
[  192.855030] x29: ffff80001210bae0 x28: 000000000000001a 
[  192.858469] x27: ffff80001210bd80 x26: 0000000000000011 
[  192.859070] x25: 0000000000000012 x24: ffff00007b22adc8 
[  192.859318] x23: 000000006401a8c0 x22: ffff80001210bc68 
[  192.859560] x21: ffff000079b35400 x20: ffff000079b35400 
[  192.859851] x19: ffff00007b22aa80 x18: 0000000000000000 
[  192.860530] x17: 0000000000000000 x16: 0000000000000000 
[  192.862689] x15: 0000000000000001 x14: 0000000000000000 
[  192.865982] x13: 0000000000000006 x12: 00000000c0a80164 
[  192.868556] x11: 0000000000000000 x10: 0000000000000068 
[  192.870456] x9 : 0000000000000000 x8 : 0000000000000000 
[  192.871959] x7 : ffff80001210bc00 x6 : ffff80001210bc08 
[  192.876208] x5 : 0000000000000008 x4 : 000000000000001a 
[  192.877053] x3 : ffff80001210bd80 x2 : ffff800010b762e8 
[  192.877936] x1 : ffff80001210bc30 x0 : ffff00007b22aa80 
[  192.880198] Call trace:
[  192.889848]  ip_make_skb+0x18/0x140
[  192.890362]  udp_sendmsg+0x6ec/0x860
[  192.893260]  inet_sendmsg+0x40/0x68
[  192.893577]  __sys_sendto+0xd4/0x150
[  192.893899]  __arm64_sys_sendto+0x24/0x30
[  192.894448]  el0_svc_common.constprop.0+0x68/0x160
[  192.896194]  el0_svc_handler+0x20/0x80
[  192.898645]  el0_svc+0x8/0xc
[  192.914706] Code: a9017bfd 910043fd a90253f3 d5384114 (a90359f5) 
[  192.933568] ---[ end trace 1bc3583c3082e102 ]---
