[  193.612183] kernel BUG at arch/arm64/kernel/traps.c:405!
[  193.618323] Internal error: Oops - BUG: 0 [#1] PREEMPT SMP
[  193.619092] Modules linked in:
[  193.622029] CPU: 3 PID: 495 Comm: python3 Not tainted 5.4.18 #2
[  193.622484] Hardware name: linux,dummy-virt (DT)
[  193.623497] pstate: 00000005 (nzcv daif -PAN -UAO)
[  193.626287] pc : do_undefinstr+0x2ec/0x310
[  193.627129] lr : do_undefinstr+0x1e0/0x310
[  193.628003] sp : ffff800011f8b930
[  193.628831] x29: ffff800011f8b930 x28: ffff00007b254600 
[  193.630389] x27: ffff800011f8bd80 x26: 0000000000000011 
[  193.631385] x25: 0000000000000012 x24: 0000000000000000 
[  193.631940] x23: 0000000080000005 x22: ffff800010b79d6c 
[  193.632325] x21: ffff800011f8bad0 x20: ffff00007b254600 
[  193.632707] x19: ffff800011f8b990 x18: 0000000000000000 
[  193.633090] x17: 0000000000000000 x16: 0000000000000000 
[  193.633540] x15: 0000000000000001 x14: 0000000000000000 
[  193.633964] x13: 0000000000000006 x12: 00000000c0a80164 
[  193.634354] x11: 0000000000000000 x10: 0000000000000068 
[  193.634765] x9 : ffff00007b254600 x8 : ffff00007a545800 
[  193.635065] x7 : 0000000064400000 x6 : ffff800011f8b988 
[  193.635381] x5 : 00000000d5300000 x4 : ffff8000117c51f0 
[  193.635672] x3 : 0000000013f00000 x2 : 0000000000000000 
[  193.635960] x1 : ffff00007b254600 x0 : 0000000080000005 
[  193.636511] Call trace:
[  193.637043]  do_undefinstr+0x2ec/0x310
[  193.637398]  el1_undef+0x10/0x84
[  193.637673]  ip_make_skb+0x114/0x140
[  193.637949]  udp_sendmsg+0x6ec/0x860
[  193.638227]  inet_sendmsg+0x40/0x68
[  193.638500]  __sys_sendto+0xd4/0x150
[  193.638773]  __arm64_sys_sendto+0x24/0x30
[  193.639073]  el0_svc_common.constprop.0+0x68/0x160
[  193.639442]  el0_svc_handler+0x20/0x80
[  193.639921]  el0_svc+0x8/0xc
[  193.641152] Code: f9401bf7 17ffff7c a9025bf5 f9001bf7 (d4210000) 
[  193.643656] ---[ end trace c5d204d7b9fedd7d ]---
[  193.644795] note: python3[495] exited with preempt_count 1
[  193.725988] ------------[ cut here ]------------
[  193.729087] WARNING: CPU: 3 PID: 0 at kernel/rcu/tree.c:569 rcu_idle_enter+0x74/0x80
[  193.736107] Modules linked in:
[  193.740133] CPU: 3 PID: 0 Comm: swapper/3 Tainted: G      D           5.4.18 #2
[  193.751505] Hardware name: linux,dummy-virt (DT)
[  193.754380] pstate: 200003c5 (nzCv DAIF -PAN -UAO)
[  193.761457] pc : rcu_idle_enter+0x74/0x80
[  193.771778] lr : do_idle+0x200/0x288
[  193.781062] sp : ffff800011a5bf20
[  193.783873] x29: ffff800011a5bf20 x28: 0000000000000000 
[  193.785820] x27: 0000000000000000 x26: 0000000000000000 
[  193.788196] x25: 0000000000000000 x24: ffff8000117ba214 
[  193.795281] x23: ffff00007b0c3800 x22: ffff800011404ab8 
[  193.796544] x21: ffff8000117ba1f0 x20: 0000000000000003 
[  193.796785] x19: ffff8000117ba118 x18: 0000000000000010 
[  193.797464] x17: 0000000000000000 x16: 0000000000000000 
[  193.800007] x15: 000000000000014f x14: 0000000000000000 
[  193.800525] x13: 00000000000000b4 x12: 0000000000000100 
[  193.801493] x11: 000000000002d36d x10: 00000000000009c0 
[  193.802169] x9 : ffff800011a5be90 x8 : ffff00007b0c4220 
[  193.802988] x7 : ffff00007dbcb800 x6 : 000003325d7111a6 
[  193.805320] x5 : 00ffffffffffffff x4 : ffff80006c783000 
[  193.806277] x3 : 4000000000000002 x2 : 4000000000000000 
[  193.808577] x1 : ffff800011406980 x0 : ffff00007db89980 
[  193.811263] Call trace:
[  193.812306]  rcu_idle_enter+0x74/0x80
[  193.813862]  do_idle+0x200/0x288
[  193.814172]  cpu_startup_entry+0x20/0x40
[  193.814865]  secondary_start_kernel+0x154/0x190
[  193.815844] ---[ end trace c5d204d7b9fedd7e ]---
