[  202.072399] kernel BUG at arch/arm64/kernel/traps.c:405!
[  202.086705] Internal error: Oops - BUG: 0 [#1] PREEMPT SMP
[  202.089792] Modules linked in:
[  202.095117] CPU: 6 PID: 510 Comm: python3 Not tainted 5.4.18 #2
[  202.096283] Hardware name: linux,dummy-virt (DT)
[  202.099937] pstate: 00000005 (nzcv daif -PAN -UAO)
[  202.107169] pc : do_undefinstr+0x2ec/0x310
[  202.108128] lr : do_undefinstr+0x1e0/0x310
[  202.109063] sp : ffff800011fbb930
[  202.109979] x29: ffff800011fbb930 x28: ffff0000771ff000 
[  202.111311] x27: 000000000000001a x26: ffff800011fbbd80 
[  202.112208] x25: ffff800010b762e8 x24: 0000000000000000 
[  202.113031] x23: 0000000020000005 x22: ffff800010b79d14 
[  202.114674] x21: ffff800011fbbad0 x20: ffff0000771ff000 
[  202.116087] x19: ffff800011fbb990 x18: 0000000000000000 
[  202.118902] x17: 0000000000000000 x16: 0000000000000000 
[  202.119755] x15: 0000000000000001 x14: 0000000000000000 
[  202.120808] x13: 0000000000000006 x12: 00000000c0a80164 
[  202.121646] x11: 0000000000000000 x10: 0000000000000068 
[  202.122796] x9 : 0000000000000000 x8 : 0000000000000000 
[  202.123784] x7 : ffff800011fbbc00 x6 : ffff800011fbb988 
[  202.124664] x5 : 00000000d5300000 x4 : ffff8000117c51f0 
[  202.125495] x3 : 00000000bb000000 x2 : 0000000000000000 
[  202.126323] x1 : ffff0000771ff000 x0 : 0000000020000005 
[  202.127996] Call trace:
[  202.129575]  do_undefinstr+0x2ec/0x310
[  202.131447]  el1_undef+0x10/0x84
[  202.132675]  ip_make_skb+0xbc/0x140
[  202.133886]  udp_sendmsg+0x6ec/0x860
[  202.135246]  inet_sendmsg+0x40/0x68
[  202.135862]  __sys_sendto+0xd4/0x150
[  202.137583]  __arm64_sys_sendto+0x24/0x30
[  202.139019]  el0_svc_common.constprop.0+0x68/0x160
[  202.141976]  el0_svc_handler+0x20/0x80
[  202.143461]  el0_svc+0x8/0xc
[  202.146151] Code: f9401bf7 17ffff7c a9025bf5 f9001bf7 (d4210000) 
[  202.151536] ---[ end trace 6da937c21261380d ]---
[  202.153552] note: python3[510] exited with preempt_count 1
[  202.217824] ------------[ cut here ]------------
[  202.218746] WARNING: CPU: 6 PID: 0 at kernel/rcu/tree.c:569 rcu_idle_enter+0x74/0x80
[  202.224314] Modules linked in:
[  202.228728] CPU: 6 PID: 0 Comm: swapper/6 Tainted: G      D           5.4.18 #2
[  202.229920] Hardware name: linux,dummy-virt (DT)
[  202.230856] pstate: 200003c5 (nzCv DAIF -PAN -UAO)
[  202.231409] pc : rcu_idle_enter+0x74/0x80
[  202.231792] lr : do_idle+0x200/0x288
[  202.232363] sp : ffff800011a73f20
[  202.235336] x29: ffff800011a73f20 x28: 0000000000000000 
[  202.235758] x27: 0000000000000000 x26: 0000000000000000 
[  202.236159] x25: 0000000000000000 x24: ffff8000117ba214 
[  202.236557] x23: ffff00007b0c6200 x22: ffff800011404ab8 
[  202.240087] x21: ffff8000117ba1f0 x20: 0000000000000006 
[  202.240584] x19: ffff8000117ba118 x18: 0000000000000010 
[  202.240974] x17: 0000000000000000 x16: 0000000000000000 
[  202.241360] x15: ffff0000771ff470 x14: 0000000000000001 
[  202.242887] x13: 0000000000000001 x12: 0000000000000001 
[  202.243952] x11: 0000000000000400 x10: 00000000000009c0 
[  202.244449] x9 : ffff800011a73e90 x8 : ffff00007b0c6c20 
[  202.247258] x7 : 0000000000000006 x6 : 000000174194a3f4 
[  202.247913] x5 : 00ffffffffffffff x4 : ffff80006c7c5000 
[  202.248304] x3 : 4000000000000002 x2 : 4000000000000000 
[  202.249507] x1 : ffff800011406980 x0 : ffff00007dbcb980 
[  202.251940] Call trace:
[  202.252203]  rcu_idle_enter+0x74/0x80
[  202.254042]  do_idle+0x200/0x288
[  202.254675]  cpu_startup_entry+0x20/0x40
[  202.256814]  secondary_start_kernel+0x154/0x190
[  202.257012] ---[ end trace 6da937c21261380e ]---
