[  195.020260] Kernel panic - not syncing: stack-protector: Kernel stack is corrupted in: ip_make_skb+0x140/0x140
[  195.026609] CPU: 7 PID: 494 Comm: python3 Not tainted 5.4.18 #2
[  195.027880] Hardware name: linux,dummy-virt (DT)
[  195.032799] Call trace:
[  195.033731]  dump_backtrace+0x0/0x140
[  195.034582]  show_stack+0x14/0x20
[  195.035264]  dump_stack+0xb4/0xf8
[  195.036124]  panic+0x158/0x324
[  195.036754]  __stack_chk_fail+0x1c/0x20
[  195.037552]  ip_send_unicast_reply+0x0/0x2c8
[  195.038353]  udp_sendmsg+0x6ec/0x860
[  195.039043]  inet_sendmsg+0x40/0x68
[  195.039784]  __sys_sendto+0xd4/0x150
[  195.040468]  __arm64_sys_sendto+0x24/0x30
[  195.041218]  el0_svc_common.constprop.0+0x68/0x160
[  195.042131]  el0_svc_handler+0x20/0x80
[  195.042786]  el0_svc+0x8/0xc
[  195.049278] SMP: stopping secondary CPUs
[  195.053582] Kernel Offset: disabled
[  195.055063] CPU features: 0x0002,20006000
[  195.056396] Memory Limit: none
[  195.065730] ---[ end Kernel panic - not syncing: stack-protector: Kernel stack is corrupted in: ip_make_skb+0x140/0x140 ]---
