[  193.913364] Unable to handle kernel write to read-only memory at virtual address ffff800010b762e9
[  193.919942] Mem abort info:
[  193.920679]   ESR = 0x9600004e
[  193.924823]   EC = 0x25: DABT (current EL), IL = 32 bits
[  193.932325]   SET = 0, FnV = 0
[  193.943119]   EA = 0, S1PTW = 0
[  193.949876] Data abort info:
[  193.953695]   ISV = 0, ISS = 0x0000004e
[  193.960001]   CM = 0, WnR = 1
[  193.963885] swapper pgtable: 4k pages, 48-bit VAs, pgdp=00000000412a6000
[  193.966320] [ffff800010b762e9] pgd=00000000bdfff003, pud=00000000bdffe003, pmd=0040000040a00791
[  193.981462] Internal error: Oops: 9600004e [#1] PREEMPT SMP
[  193.985546] Modules linked in:
[  193.988367] CPU: 0 PID: 494 Comm: python3 Not tainted 5.4.18 #2
[  193.989262] Hardware name: linux,dummy-virt (DT)
[  193.991052] pstate: 80000005 (Nzcv daif -PAN -UAO)
[  193.992422] pc : __ip_make_skb+0x1e0/0x3b0
[  193.993436] lr : udp_sendmsg+0x6ec/0x860
[  193.993984] sp : ffff800011d9bad0
[  193.996079] x29: ffff800011d9bae0 x28: ffff800011d9bb40 
[  193.996831] x27: 000000000000001a x26: ffff800011d9bd80 
[  193.997579] x25: ffff800010b762e8 x24: 0000000000000000 
[  194.000912] x23: ffff800011d9bc30 x22: ffff00007abbf2c0 
[  194.007804] x21: ffff800011d9bc68 x20: ffff000079061c00 
[  194.016228] x19: 0000000000000008 x18: 0000000000000000 
[  194.022655] x17: 0000000000000000 x16: 0000000000000000 
[  194.024865] x15: 0000000000000001 x14: 0000000000000000 
[  194.026001] x13: 0000000000000006 x12: 00000000c0a80164 
[  194.027920] x11: 0000000000000000 x10: 0000000000000068 
[  194.033987] x9 : 0000000000000000 x8 : 0000000000000000 
[  194.037749] x7 : ffff800011d9bc00 x6 : ffff800011d9bc08 
[  194.039717] x5 : 0000000000000008 x4 : 000000000000001a 
[  194.040205] x3 : ffff800011d9bc00 x2 : ffff800011d9bc08 
[  194.040521] x1 : 0000000000000000 x0 : ffff00007abbf2c0 
[  194.043874] Call trace:
[  194.048884]  __ip_make_skb+0x1e0/0x3b0
[  194.051761]  udp_sendmsg+0x6ec/0x860
[  194.052130]  inet_sendmsg+0x40/0x68
[  194.052455]  __sys_sendto+0xd4/0x150
[  194.052866]  __arm64_sys_sendto+0x24/0x30
[  194.053208]  el0_svc_common.constprop.0+0x68/0x160
[  194.053620]  el0_svc_handler+0x20/0x80
[  194.053930]  el0_svc+0x8/0xc
[  194.056735] Code: 79c04681 3100043f 54000ca0 12001c21 (39000721) 
[  194.059972] ---[ end trace 070c3db39a3c2b0e ]---
