[  193.723531] Kernel panic - not syncing: stack-protector: Kernel stack is corrupted in: ip_make_skb+0x140/0x140
[  193.730764] CPU: 2 PID: 494 Comm: python3 Not tainted 5.4.18 #2
[  193.731979] Hardware name: linux,dummy-virt (DT)
[  193.734508] Call trace:
[  193.735578]  dump_backtrace+0x0/0x140
[  193.736430]  show_stack+0x14/0x20
[  193.737077]  dump_stack+0xb4/0xf8
[  193.737690]  panic+0x158/0x324
[  193.738471]  __stack_chk_fail+0x1c/0x20
[  193.739156]  ip_send_unicast_reply+0x0/0x2c8
[  193.739846]  udp_sendmsg+0x6ec/0x860
[  193.740489]  inet_sendmsg+0x40/0x68
[  193.741078]  __sys_sendto+0xd4/0x150
[  193.742342]  __arm64_sys_sendto+0x24/0x30
[  193.744711]  el0_svc_common.constprop.0+0x68/0x160
[  193.745595]  el0_svc_handler+0x20/0x80
[  193.746334]  el0_svc+0x8/0xc
[  193.751921] SMP: stopping secondary CPUs
[  193.756465] Kernel Offset: disabled
[  193.759936] CPU features: 0x0002,20006000
[  193.762884] Memory Limit: none
[  193.769202] ---[ end Kernel panic - not syncing: stack-protector: Kernel stack is corrupted in: ip_make_skb+0x140/0x140 ]---
