[  192.362619] Unable to handle kernel NULL pointer dereference at virtual address 0000000000000020
[  192.377094] Mem abort info:
[  192.377765]   ESR = 0x96000046
[  192.384251]   EC = 0x25: DABT (current EL), IL = 32 bits
[  192.391138]   SET = 0, FnV = 0
[  192.392291]   EA = 0, S1PTW = 0
[  192.393500] Data abort info:
[  192.394357]   ISV = 0, ISS = 0x00000046
[  192.396884]   CM = 0, WnR = 1
[  192.408557] user pgtable: 4k pages, 48-bit VAs, pgdp=00000000b38cf000
[  192.414349] [0000000000000020] pgd=00000000b8030003, pud=00000000b8032003, pmd=0000000000000000
[  192.419816] Internal error: Oops: 96000046 [#1] PREEMPT SMP
[  192.421346] Modules linked in:
[  192.424256] CPU: 1 PID: 500 Comm: python3 Not tainted 5.4.18 #2
[  192.424926] Hardware name: linux,dummy-virt (DT)
[  192.426264] pstate: 80000005 (Nzcv daif -PAN -UAO)
[  192.429648] pc : ip_setup_cork+0x84/0x180
[  192.430114] lr : ip_make_skb+0x78/0x140
[  192.430504] sp : ffff800011d6bad0
[  192.430992] x29: ffff800011d6bae0 x28: ffff800011d6bb40 
[  192.431584] x27: 000000000000001a x26: ffff800011d6bd80 
[  192.432035] x25: ffff800010b762e8 x24: 0000000000000000 
[  192.432464] x23: ffff800011d6bc30 x22: ffff00007a9ad500 
[  192.433040] x21: ffff800011d6bc68 x20: ffff00007a817000 
[  192.433792] x19: 0000000000000008 x18: 0000000000000000 
[  192.434387] x17: 0000000000000000 x16: 0000000000000000 
[  192.434974] x15: 0000000000000001 x14: 0000000000000000 
[  192.435397] x13: 0000000000000006 x12: 00000000c0a80164 
[  192.436449] x11: 0000000000000000 x10: 0000000000000068 
[  192.438364] x9 : 0000000000000000 x8 : 0000000000000000 
[  192.440784] x7 : ffff800011d6bc00 x6 : ffff800011d6bc08 
[  192.441641] x5 : 0000000000000008 x4 : 000000000000001a 
[  192.442229] x3 : ffff800011d6bc00 x2 : ffff800011d6bc08 
[  192.442652] x1 : ffff800011d6bc68 x0 : 000000000000ffff 
[  192.443996] Call trace:
[  192.445156]  ip_setup_cork+0x84/0x180
[  192.446528]  udp_sendmsg+0x6ec/0x860
[  192.447591]  inet_sendmsg+0x40/0x68
[  192.452696]  __sys_sendto+0xd4/0x150
[  192.455782]  __arm64_sys_sendto+0x24/0x30
[  192.458913]  el0_svc_common.constprop.0+0x68/0x160
[  192.462702]  el0_svc_handler+0x20/0x80
[  192.463918]  el0_svc+0x8/0xc
[  192.468678] Code: b9001261 71010c3f 54000689 79404e80 (f9000e76) 
[  192.476347] ---[ end trace fbd3738f19f36c31 ]---
