[  151.121233] Unable to handle kernel NULL pointer dereference at virtual address 0000000000000030
[  151.133298] Mem abort info:
[  151.134913]   ESR = 0x96000006
[  151.142944]   EC = 0x25: DABT (current EL), IL = 32 bits
[  151.143619]   SET = 0, FnV = 0
[  151.143996]   EA = 0, S1PTW = 0
[  151.144246] Data abort info:
[  151.144431]   ISV = 0, ISS = 0x00000006
[  151.144642]   CM = 0, WnR = 0
[  151.147052] user pgtable: 4k pages, 48-bit VAs, pgdp=00000000b0ae5000
[  151.149198] [0000000000000030] pgd=00000000b0b16003, pud=00000000b21bb003, pmd=0000000000000000
[  151.164477] Internal error: Oops: 96000006 [#1] PREEMPT SMP
[  151.171741] Modules linked in:
[  151.181696] CPU: 7 PID: 493 Comm: python3 Not tainted 5.4.18 #2
[  151.183755] Hardware name: linux,dummy-virt (DT)
[  151.189076] pstate: 60000005 (nZCv daif -PAN -UAO)
[  151.208695] pc : __ip_make_skb+0x1f4/0x3b0
[  151.210348] lr : __ip_make_skb+0x180/0x3b0
[  151.211221] sp : ffff800011f9ba70
[  151.212453] x29: ffff800011f9ba70 x28: 0000000000000000 
[  151.214424] x27: ffff000077cd7e00 x26: 0000000000000010 
[  151.215040] x25: ffff000077cd7e10 x24: 0000000000000008 
[  151.215441] x23: ffff00007b3eb0c0 x22: ffff000077e41540 
[  151.216046] x21: ffff800011963ac0 x20: ffff800011f9bc68 
[  151.216437] x19: ffff000078c0d900 x18: 0000000000000000 
[  151.216820] x17: 0000000000000000 x16: 0000000000000000 
[  151.217198] x15: 0000000000000001 x14: 0000000000000000 
[  151.218320] x13: 0000000000000006 x12: 00000000c0a80164 
[  151.218628] x11: 0000000000000000 x10: 0000000000000068 
[  151.218947] x9 : 0000000000000000 x8 : ffff000078c0d900 
[  151.219243] x7 : 00000000881beada x6 : ffff000077cd7e24 
[  151.219533] x5 : ffff000077cd7ec8 x4 : ffff800011f9bb40 
[  151.219846] x3 : ffff800010ec3ff8 x2 : 0000000000000040 
[  151.220135] x1 : 0000000000000000 x0 : 0000000000000011 
[  151.221373] Call trace:
[  151.226167]  __ip_make_skb+0x1f4/0x3b0
[  151.228958]  ip_make_skb+0x108/0x140
[  151.230324]  udp_sendmsg+0x6ec/0x860
[  151.233319]  inet_sendmsg+0x40/0x68
[  151.234957]  __sys_sendto+0xd4/0x150
[  151.235418]  __arm64_sys_sendto+0x24/0x30
[  151.236303]  el0_svc_common.constprop.0+0x68/0x160
[  151.236580]  el0_svc_handler+0x20/0x80
[  151.237193]  el0_svc+0x8/0xc
[  151.244491] Code: 79000f22 39002320 394806c0 39002720 (f9401700) 
[  151.250639] ---[ end trace 665c6f9e52e4a119 ]---
