[  194.412694] Unable to handle kernel NULL pointer dereference at virtual address 00000000000002f7
[  194.414501] Mem abort info:
[  194.416308]   ESR = 0x96000006
[  194.417315]   EC = 0x25: DABT (current EL), IL = 32 bits
[  194.419007]   SET = 0, FnV = 0
[  194.422207]   EA = 0, S1PTW = 0
[  194.425933] Data abort info:
[  194.427195]   ISV = 0, ISS = 0x00000006
[  194.437075]   CM = 0, WnR = 0
[  194.445765] user pgtable: 4k pages, 48-bit VAs, pgdp=00000000b1767000
[  194.451490] [00000000000002f7] pgd=00000000b5fe7003, pud=00000000b2861003, pmd=0000000000000000
[  194.466930] Internal error: Oops: 96000006 [#1] PREEMPT SMP
[  194.473660] Modules linked in:
[  194.485944] CPU: 4 PID: 492 Comm: python3 Not tainted 5.4.18 #2
[  194.495796] Hardware name: linux,dummy-virt (DT)
[  194.499706] pstate: 40000005 (nZcv daif -PAN -UAO)
[  194.504774] pc : __ip_append_data.isra.0+0xf0/0xc30
[  194.506151] lr : ip_make_skb+0xec/0x140
[  194.513791] sp : ffff800011f739e0
[  194.519250] x29: ffff800011f739e0 x28: ffff000079042530 
[  194.527392] x27: 000000000000001a x26: 0000000000000000 
[  194.527975] x25: 0000000000000000 x24: ffff0000790fe180 
[  194.528510] x23: ffff800011f73d80 x22: ffff00007b3b50c0 
[  194.532807] x21: ffff800011f73c68 x20: ffff000079041c00 
[  194.536516] x19: 0000000000000008 x18: 0000000000000000 
[  194.541776] x17: 0000000000000000 x16: 0000000000000000 
[  194.542645] x15: 0000000000000001 x14: 0000000000000000 
[  194.552888] x13: 0000000000000006 x12: 00000000c0a80164 
[  194.559272] x11: 0000000000000000 x10: 0000000000000068 
[  194.559530] x9 : 0000000000000000 x8 : ffff000079041c00 
[  194.569874] x7 : 000000000000001a x6 : 00000000000005dc 
[  194.573648] x5 : 0000000000000000 x4 : ffff000079042530 
[  194.576579] x3 : ffff000079b08000 x2 : ffff800011f73c68 
[  194.580580] x1 : ffff800011f73c5c x0 : 000000000000ffff 
[  194.582778] Call trace:
[  194.585333]  __ip_append_data.isra.0+0xf0/0xc30
[  194.588606]  ip_make_skb+0xec/0x140
[  194.589721]  udp_sendmsg+0x6ec/0x860
[  194.590204]  inet_sendmsg+0x40/0x68
[  194.592867]  __sys_sendto+0xd4/0x150
[  194.593373]  __arm64_sys_sendto+0x24/0x30
[  194.593859]  el0_svc_common.constprop.0+0x68/0x160
[  194.596635]  el0_svc_handler+0x20/0x80
[  194.597906]  el0_svc+0x8/0xc
[  194.603915] Code: 11005000 b900a3e0 f94043e2 529fffe0 (394bdf24) 
[  194.608237] ---[ end trace 57d1df9943e798c2 ]---
