[  192.555696] kernel BUG at arch/arm64/kernel/traps.c:405!
[  192.558568] Internal error: Oops - BUG: 0 [#1] PREEMPT SMP
[  192.559707] Modules linked in:
[  192.563622] CPU: 3 PID: 492 Comm: python3 Not tainted 5.4.18 #2
[  192.564419] Hardware name: linux,dummy-virt (DT)
[  192.565651] pstate: 00000005 (nzcv daif -PAN -UAO)
[  192.572245] pc : do_undefinstr+0x2ec/0x310
[  192.573039] lr : do_undefinstr+0x1e0/0x310
[  192.573985] sp : ffff800011d73930
[  192.574621] x29: ffff800011d73930 x28: ffff00007813d400 
[  192.576229] x27: ffff800011d73d80 x26: 0000000000000011 
[  192.577549] x25: 0000000000000012 x24: 0000000000000000 
[  192.578715] x23: 0000000080000005 x22: ffff800010b79c80 
[  192.579289] x21: ffff800011d73ad0 x20: ffff00007813d400 
[  192.581357] x19: ffff800011d73990 x18: 0000000000000000 
[  192.582350] x17: 0000000000000000 x16: 0000000000000000 
[  192.583559] x15: 0000000000000001 x14: 0000000000000000 
[  192.584625] x13: 0000000000000006 x12: 00000000c0a80164 
[  192.585861] x11: 0000000000000000 x10: 0000000000000068 
[  192.586963] x9 : 3c82225d4b687d00 x8 : 0000000000000000 
[  192.587938] x7 : ffff800011d73c00 x6 : ffff800011d73988 
[  192.589040] x5 : 00000000d5300000 x4 : ffff8000117c51f0 
[  192.590029] x3 : 00000000e9000000 x2 : 0000000000000000 
[  192.591512] x1 : ffff00007813d400 x0 : 0000000080000005 
[  192.593346] Call trace:
[  192.593770]  do_undefinstr+0x2ec/0x310
[  192.594201]  el1_undef+0x10/0x84
[  192.594545]  ip_make_skb+0x28/0x140
[  192.594891]  udp_sendmsg+0x6ec/0x860
[  192.595466]  inet_sendmsg+0x40/0x68
[  192.596455]  __sys_sendto+0xd4/0x150
[  192.597113]  __arm64_sys_sendto+0x24/0x30
[  192.597870]  el0_svc_common.constprop.0+0x68/0x160
[  192.598720]  el0_svc_handler+0x20/0x80
[  192.599379]  el0_svc+0x8/0xc
[  192.601442] Code: f9401bf7 17ffff7c a9025bf5 f9001bf7 (d4210000) 
[  192.605860] ---[ end trace b5e09e6d59f44857 ]---
[  192.609392] note: python3[492] exited with preempt_count 1
[  192.733958] ------------[ cut here ]------------
[  192.735644] WARNING: CPU: 3 PID: 0 at kernel/rcu/tree.c:569 rcu_idle_enter+0x74/0x80
[  192.749152] Modules linked in:
[  192.753738] CPU: 3 PID: 0 Comm: swapper/3 Tainted: G      D           5.4.18 #2
[  192.759983] Hardware name: linux,dummy-virt (DT)
[  192.760439] pstate: 200003c5 (nzCv DAIF -PAN -UAO)
[  192.760892] pc : rcu_idle_enter+0x74/0x80
[  192.761288] lr : do_idle+0x200/0x288
[  192.761748] sp : ffff800011a5bf20
[  192.762093] x29: ffff800011a5bf20 x28: 0000000000000000 
[  192.762592] x27: 0000000000000000 x26: 0000000000000000 
[  192.767278] x25: 0000000000000000 x24: ffff8000117ba214 
[  192.768614] x23: ffff00007b0c3800 x22: ffff800011404ab8 
[  192.771523] x21: ffff8000117ba1f0 x20: 0000000000000003 
[  192.773693] x19: ffff8000117ba118 x18: 0000000000000010 
[  192.783275] x17: 0000000000000000 x16: 0000000000000000 
[  192.784001] x15: 0000000000000217 x14: 0000000000000000 
[  192.784875] x13: 0000000000000002 x12: 0000000000000217 
[  192.785380] x11: 0000000000000001 x10: 00000000000009c0 
[  192.786305] x9 : ffff800011a5be90 x8 : ffff00007b0c4220 
[  192.787983] x7 : 0000000000000400 x6 : 00000054501153bc 
[  192.789151] x5 : 00ffffffffffffff x4 : ffff80006c783000 
[  192.790271] x3 : 4000000000000002 x2 : 4000000000000000 
[  192.792565] x1 : ffff800011406980 x0 : ffff00007db89980 
[  192.793171] Call trace:
[  192.793847]  rcu_idle_enter+0x74/0x80
[  192.794297]  do_idle+0x200/0x288
[  192.795790]  cpu_startup_entry+0x24/0x40
[  192.796082]  secondary_start_kernel+0x154/0x190
[  192.796746] ---[ end trace b5e09e6d59f44858 ]---
