[  193.363072] Unable to handle kernel NULL pointer dereference at virtual address 0000000000000000
[  193.373355] Mem abort info:
[  193.374402]   ESR = 0x96000046
[  193.375821]   EC = 0x25: DABT (current EL), IL = 32 bits
[  193.376609]   SET = 0, FnV = 0
[  193.377940]   EA = 0, S1PTW = 0
[  193.378670] Data abort info:
[  193.380502]   ISV = 0, ISS = 0x00000046
[  193.382422]   CM = 0, WnR = 1
[  193.384550] user pgtable: 4k pages, 48-bit VAs, pgdp=00000000b1b2b000
[  193.387943] [0000000000000000] pgd=00000000b1b35003, pud=00000000b281d003, pmd=0000000000000000
[  193.409861] Internal error: Oops: 96000046 [#1] PREEMPT SMP
[  193.418035] Modules linked in:
[  193.429520] CPU: 4 PID: 494 Comm: python3 Not tainted 5.4.18 #2
[  193.434045] Hardware name: linux,dummy-virt (DT)
[  193.441157] pstate: a0000005 (NzCv daif -PAN -UAO)
[  193.456657] pc : ip_make_skb+0x50/0x140
[  193.457275] lr : udp_sendmsg+0x6ec/0x860
[  193.458010] sp : ffff800011d83b60
[  193.458924] x29: ffff800011d83b70 x28: ffff800011d83bd0 
[  193.465355] x27: ffff800011d83d80 x26: ffff800011d83d80 
[  193.471576] x25: ffff800010b762e8 x24: 0000000000000000 
[  193.473838] x23: ffff800011d83c30 x22: ffff800011d83c68 
[  193.474175] x21: 0000000000000000 x20: ffff00007ab6f000 
[  193.476845] x19: ffff00007a8e4c80 x18: 0000000000000000 
[  193.478242] x17: 0000000000000000 x16: 0000000000000000 
[  193.480274] x15: 0000000000000001 x14: 0000000000000000 
[  193.495953] x13: 0000000000000006 x12: 00000000c0a80164 
[  193.502563] x11: 0000000000000000 x10: 0000000000000068 
[  193.504682] x9 : 0000000000000000 x8 : 0000000000000000 
[  193.510985] x7 : ffff800011d83c00 x6 : ffff800011d83c08 
[  193.517606] x5 : 0000000000000008 x4 : 000000000000001a 
[  193.521498] x3 : ffff800011d83d80 x2 : ffff800010b762e8 
[  193.522428] x1 : ffff800011d83c30 x0 : ffff00007a8e4c80 
[  193.524966] Call trace:
[  193.540625]  ip_make_skb+0x50/0x140
[  193.543068]  udp_sendmsg+0x6ec/0x860
[  193.551270] Code: aa0203f9 a90673fb aa0303fa 9101c3fc (a9007ebf) 
[  193.558423] ---[ end trace 95242a9fea19c04c ]---
