[  193.322693] Unable to handle kernel NULL pointer dereference at virtual address 0000000000000008
[  193.340914] Mem abort info:
[  193.341483]   ESR = 0x96000006
[  193.342081]   EC = 0x25: DABT (current EL), IL = 32 bits
[  193.344803]   SET = 0, FnV = 0
[  193.346671]   EA = 0, S1PTW = 0
[  193.348893] Data abort info:
[  193.357476]   ISV = 0, ISS = 0x00000006
[  193.358234]   CM = 0, WnR = 0
[  193.363613] user pgtable: 4k pages, 48-bit VAs, pgdp=00000000b5f9a000
[  193.368860] [0000000000000008] pgd=00000000b81f7003, pud=00000000b15d2003, pmd=0000000000000000
[  193.379833] Internal error: Oops: 96000006 [#1] PREEMPT SMP
[  193.385443] Modules linked in:
[  193.401396] CPU: 7 PID: 493 Comm: python3 Not tainted 5.4.18 #2
[  193.403418] Hardware name: linux,dummy-virt (DT)
[  193.404560] pstate: 20000005 (nzCv daif -PAN -UAO)
[  193.409398] pc : __ip_make_skb+0x16c/0x3b0
[  193.409999] lr : ip_make_skb+0x108/0x140
[  193.410570] sp : ffff8000120f3a70
[  193.411410] x29: ffff8000120f3a70 x28: ffff8000120f3b40 
[  193.412973] x27: 000000000000001a x26: ffff8000120f3d80 
[  193.415085] x25: ffff800010b762e8 x24: ffff8000120f3c30 
[  193.416061] x23: 0000000000000000 x22: ffff00007b3dee80 
[  193.421645] x21: ffff800011963ac0 x20: ffff000079618e00 
[  193.431147] x19: ffff00007b2e4e00 x18: 0000000000000000 
[  193.437522] x17: 0000000000000000 x16: 0000000000000000 
[  193.448317] x15: 0000000000000001 x14: 0000000000000000 
[  193.454737] x13: 0000000000000006 x12: 00000000c0a80164 
[  193.460400] x11: 0000000000000000 x10: 0000000000000068 
[  193.462086] x9 : 0000000000000000 x8 : ffff00007b2e4e00 
[  193.465828] x7 : 0000000000000012 x6 : ffff00007aa48e3e 
[  193.466370] x5 : ffff00007aa48ec8 x4 : ffff8000120f3b40 
[  193.470612] x3 : 0000000000000010 x2 : ffff8000120f3b40 
[  193.476310] x1 : 0000000000000001 x0 : 00000000000000ff 
[  193.478343] Call trace:
[  193.480719]  __ip_make_skb+0x16c/0x3b0
[  193.481608]  ip_make_skb+0x108/0x140
[  193.484089]  udp_sendmsg+0x6ec/0x860
[  193.484842]  inet_sendmsg+0x40/0x68
[  193.489604]  __sys_sendto+0xd4/0x150
[  193.489924]  __arm64_sys_sendto+0x24/0x30
[  193.490247]  el0_svc_common.constprop.0+0x68/0x160
[  193.490621]  el0_svc_handler+0x20/0x80
[  193.491698]  el0_svc+0x8/0xc
[  193.493648] Code: 51000800 12001c00 7100041f 54000e89 (f94006e1) 
[  193.498839] ---[ end trace cb4e9f00d415abf5 ]---
