[  195.416701] Unable to handle kernel read from unreadable memory at virtual address ffff000000000000
[  195.426978] Mem abort info:
[  195.439023]   ESR = 0x8600000f
[  195.441607]   EC = 0x21: IABT (current EL), IL = 32 bits
[  195.452189]   SET = 0, FnV = 0
[  195.456425]   EA = 0, S1PTW = 0
[  195.467407] swapper pgtable: 4k pages, 48-bit VAs, pgdp=00000000412a6000
[  195.472605] [ffff000000000000] pgd=00000000bdff8003, pud=00000000bdff7003, pmd=00000000bdff6003, pte=0068000040000713
[  195.494979] Internal error: Oops: 8600000f [#1] PREEMPT SMP
[  195.496184] Modules linked in:
[  195.500226] CPU: 5 PID: 496 Comm: python3 Not tainted 5.4.18 #2
[  195.501311] Hardware name: linux,dummy-virt (DT)
[  195.502996] pstate: 60000005 (nZCv daif -PAN -UAO)
[  195.509460] pc : 0xffff000000000000
[  195.513864] lr : 0xffff000000000000
[  195.514588] sp : ffff800011f1bb60
[  195.515211] x29: ffff000000000000 x28: ffff800011f1bb40 
[  195.516430] x27: 000000000000001a x26: ffff800011f1bd80 
[  195.518533] x25: ffff800010b762e8 x24: 0000000000000000 
[  195.521260] x23: ffff800011f1bc30 x22: ffff800010b762e8 
[  195.521617] x21: ffff00007b22f2c0 x20: ffff800010baab6c 
[  195.522234] x19: ffff800011f1bb70 x18: 0000000000000000 
[  195.526422] x17: 0000000000000000 x16: 0000000000000000 
[  195.527234] x15: 0000000000000001 x14: 0000000000000000 
[  195.528768] x13: 0000000000000006 x12: 00000000c0a80164 
[  195.529398] x11: 0000000000000000 x10: 0000000000000068 
[  195.529989] x9 : 0000000000000000 x8 : ffff000078204a00 
[  195.532139] x7 : 0000000000000012 x6 : ffff00007822c23e 
[  195.535447] x5 : ffff00007822c23e x4 : 0000000000000000 
[  195.537791] x3 : ffff800011f1bc68 x2 : ffff800011f1bb40 
[  195.538795] x1 : ffff800011f1bc30 x0 : ffff000076f76200 
[  195.540915] Call trace:
[  195.541917]  0xffff000000000000
[  195.544132] Code: bad PC value
[  195.547760] ---[ end trace 6545716d2baadad7 ]---
