[  199.546346] Unable to handle kernel NULL pointer dereference at virtual address 0000000000000030
[  199.562804] Mem abort info:
[  199.563150]   ESR = 0x96000006
[  199.563528]   EC = 0x25: DABT (current EL), IL = 32 bits
[  199.563946]   SET = 0, FnV = 0
[  199.564224]   EA = 0, S1PTW = 0
[  199.564522] Data abort info:
[  199.566301]   ISV = 0, ISS = 0x00000006
[  199.567855]   CM = 0, WnR = 0
[  199.570385] user pgtable: 4k pages, 48-bit VAs, pgdp=00000000b963f000
[  199.572217] [0000000000000030] pgd=00000000b1a70003, pud=00000000b3e6c003, pmd=0000000000000000
[  199.581067] Internal error: Oops: 96000006 [#1] PREEMPT SMP
[  199.588541] Modules linked in:
[  199.590931] CPU: 6 PID: 494 Comm: python3 Not tainted 5.4.18 #2
[  199.591611] Hardware name: linux,dummy-virt (DT)
[  199.594784] pstate: 20000005 (nzCv daif -PAN -UAO)
[  199.604155] pc : __ip_make_skb+0x44/0x3b0
[  199.604530] lr : ip_make_skb+0x108/0x140
[  199.605629] sp : ffff800011f8ba70
[  199.606855] x29: ffff800011f8ba70 x28: ffff800011f8bb40 
[  199.610998] x27: 000000000000001a x26: ffff800011f8bd80 
[  199.612517] x25: ffff800010b762e8 x24: ffff800011f8bc30 
[  199.615072] x23: ffff000078100180 x22: 0000000000000000 
[  199.615683] x21: ffff800011f8bc68 x20: ffff800011f8bc68 
[  199.619931] x19: ffff0000795fca00 x18: 0000000000000000 
[  199.632510] x17: 0000000000000000 x16: 0000000000000000 
[  199.643897] x15: 0000000000000001 x14: 0000000000000000 
[  199.647174] x13: 0000000000000006 x12: 00000000c0a80164 
[  199.648556] x11: 0000000000000000 x10: 0000000000000068 
[  199.650817] x9 : 0000000000000000 x8 : ffff0000795fca00 
[  199.651543] x7 : 0000000000000012 x6 : ffff000076d9c03e 
[  199.652534] x5 : ffff000076d9c03e x4 : 0000000000000000 
[  199.653960] x3 : ffff800011f8bc68 x2 : ffff800011f8bb40 
[  199.654821] x1 : ffff800011f8bc30 x0 : 0000000000000000 
[  199.661714] Call trace:
[  199.662551]  __ip_make_skb+0x44/0x3b0
[  199.663972]  ip_make_skb+0x108/0x140
[  199.664973]  udp_sendmsg+0x6ec/0x860
[  199.666299]  inet_sendmsg+0x40/0x68
[  199.666737]  __sys_sendto+0xd4/0x150
[  199.667227]  __arm64_sys_sendto+0x24/0x30
[  199.667657]  el0_svc_common.constprop.0+0x68/0x160
[  199.668184]  el0_svc_handler+0x20/0x80
[  199.670798]  el0_svc+0x8/0xc
[  199.673345] Code: a90573fb b9401040 f9400c77 51000400 (f9401ad5) 
[  199.677377] ---[ end trace 3f67751889573b1c ]---
