[  193.401526] Kernel panic - not syncing: stack-protector: Kernel stack is corrupted in: ip_make_skb+0x140/0x140
[  193.405501] CPU: 4 PID: 493 Comm: python3 Not tainted 5.4.18 #2
[  193.406864] Hardware name: linux,dummy-virt (DT)
[  193.408737] Call trace:
[  193.409039]  dump_backtrace+0x0/0x140
[  193.409368]  show_stack+0x14/0x20
[  193.409641]  dump_stack+0xb4/0xf8
[  193.409907]  panic+0x158/0x324
[  193.410187]  __stack_chk_fail+0x1c/0x20
[  193.410476]  ip_send_unicast_reply+0x0/0x2c8
[  193.410786]  udp_sendmsg+0x6ec/0x860
[  193.411063]  inet_sendmsg+0x40/0x68
[  193.411334]  __sys_sendto+0xd4/0x150
[  193.411610]  __arm64_sys_sendto+0x24/0x30
[  193.411907]  el0_svc_common.constprop.0+0x68/0x160
[  193.412266]  el0_svc_handler+0x20/0x80
[  193.412549]  el0_svc+0x8/0xc
[  193.416507] SMP: stopping secondary CPUs
[  193.420251] Kernel Offset: disabled
[  193.421391] CPU features: 0x0002,20006000
[  193.422508] Memory Limit: none
[  193.427683] ---[ end Kernel panic - not syncing: stack-protector: Kernel stack is corrupted in: ip_make_skb+0x140/0x140 ]---
