[  193.161225] Unable to handle kernel paging request at virtual address 00007fffedf1c3af
[  193.175997] Mem abort info:
[  193.176372]   ESR = 0x96000004
[  193.176748]   EC = 0x25: DABT (current EL), IL = 32 bits
[  193.177163]   SET = 0, FnV = 0
[  193.177480]   EA = 0, S1PTW = 0
[  193.177797] Data abort info:
[  193.178080]   ISV = 0, ISS = 0x00000004
[  193.179556]   CM = 0, WnR = 0
[  193.180554] user pgtable: 4k pages, 48-bit VAs, pgdp=00000000b681e000
[  193.181669] [00007fffedf1c3af] pgd=0000000000000000
[  193.185060] Internal error: Oops: 96000004 [#1] PREEMPT SMP
[  193.188036] Modules linked in:
[  193.194884] CPU: 4 PID: 494 Comm: python3 Not tainted 5.4.18 #2
[  193.201423] Hardware name: linux,dummy-virt (DT)
[  193.204517] pstate: 20000005 (nzCv daif -PAN -UAO)
[  193.225432] pc : __ip_make_skb+0x3c/0x3b0
[  193.232669] lr : ip_make_skb+0x108/0x140
[  193.237376] sp : ffff8000120e3a70
[  193.241756] x29: ffff8000120e3a70 x28: ffff8000120e3b40 
[  193.245730] x27: 000000000000001a x26: ffff8000120e3d80 
[  193.247195] x25: ffff800010b762e8 x24: ffff8000120e3c30 
[  193.248205] x23: ffff8000120e3c30 x22: ffff00007a880440 
[  193.249820] x21: ffff8000120e3c68 x20: 00007fffedf1c397 
[  193.250862] x19: ffff000076b3f600 x18: 0000000000000000 
[  193.253219] x17: 0000000000000000 x16: 0000000000000000 
[  193.254147] x15: 0000000000000001 x14: 0000000000000000 
[  193.260876] x13: 0000000000000006 x12: 00000000c0a80164 
[  193.262837] x11: 0000000000000000 x10: 0000000000000068 
[  193.272669] x9 : 0000000000000000 x8 : ffff000076b3f600 
[  193.274013] x7 : 0000000000000012 x6 : ffff00007833503e 
[  193.276288] x5 : ffff00007833503e x4 : 0000000000000000 
[  193.277484] x3 : 00007fffedf1c397 x2 : ffff8000120e3b40 
[  193.277756] x1 : ffff8000120e3c30 x0 : 0000000000000001 
[  193.278731] Call trace:
[  193.279907]  __ip_make_skb+0x3c/0x3b0
[  193.281596]  ip_make_skb+0x108/0x140
[  193.282327]  udp_sendmsg+0x6ec/0x860
[  193.283894]  inet_sendmsg+0x40/0x68
[  193.284825]  __sys_sendto+0xd4/0x150
[  193.285554]  __arm64_sys_sendto+0x24/0x30
[  193.286313]  el0_svc_common.constprop.0+0x68/0x160
[  193.291833]  el0_svc_handler+0x20/0x80
[  193.293993]  el0_svc+0x8/0xc
[  193.294979] Code: aa0103f8 a9046bf9 a90573fb b9401040 (f9400c77) 
[  193.299477] ---[ end trace bcd6c971cfa12e9c ]---
