[  194.241986] kernel BUG at arch/arm64/kernel/traps.c:405!
[  194.244502] Internal error: Oops - BUG: 0 [#1] PREEMPT SMP
[  194.245886] Modules linked in:
[  194.248448] CPU: 4 PID: 495 Comm: python3 Not tainted 5.4.18 #2
[  194.249447] Hardware name: linux,dummy-virt (DT)
[  194.251034] pstate: 00000005 (nzcv daif -PAN -UAO)
[  194.251740] pc : do_undefinstr+0x2ec/0x310
[  194.252221] lr : do_undefinstr+0x1e0/0x310
[  194.252643] sp : ffff800011da39c0
[  194.252950] x29: ffff800011da39c0 x28: ffff00007b256200 
[  194.253479] x27: ffff800011da3d80 x26: 0000000000000011 
[  194.254157] x25: 0000000000000012 x24: 0000000000000000 
[  194.254742] x23: 0000000060000005 x22: ffff800010b79d10 
[  194.255316] x21: ffff800011da3b60 x20: ffff00007b256200 
[  194.255886] x19: ffff800011da3a20 x18: 0000000000000000 
[  194.256537] x17: 0000000000000000 x16: 0000000000000000 
[  194.257108] x15: 0000000000000001 x14: 0000000000000000 
[  194.257677] x13: 0000000000000006 x12: 00000000c0a80164 
[  194.258303] x11: 0000000000000000 x10: 0000000000000068 
[  194.258878] x9 : ffff00007b256200 x8 : ffff000078127c00 
[  194.259446] x7 : 0000000039200000 x6 : ffff800011da3a18 
[  194.260071] x5 : 00000000d5300000 x4 : ffff8000117c51f0 
[  194.260659] x3 : 00000000d6500000 x2 : 0000000000000000 
[  194.261222] x1 : ffff00007b256200 x0 : 0000000060000005 
[  194.262530] Call trace:
[  194.263113]  do_undefinstr+0x2ec/0x310
[  194.264361]  el1_undef+0x10/0x84
[  194.265366]  ip_make_skb+0xb8/0x140
[  194.265821]  inet_sendmsg+0x40/0x68
[  194.266199]  __sys_sendto+0xd4/0x150
[  194.266574]  __arm64_sys_sendto+0x24/0x30
[  194.267039]  el0_svc_common.constprop.0+0x68/0x160
[  194.267490]  el0_svc_handler+0x20/0x80
[  194.267872]  el0_svc+0x8/0xc
[  194.269550] Code: f9401bf7 17ffff7c a9025bf5 f9001bf7 (d4210000) 
[  194.273501] ---[ end trace 999d6dc4fd102c16 ]---
[  194.275356] note: python3[495] exited with preempt_count 1
[  194.427050] ------------[ cut here ]------------
[  194.432334] WARNING: CPU: 4 PID: 0 at kernel/rcu/tree.c:569 rcu_idle_enter+0x74/0x80
[  194.441444] Modules linked in:
[  194.443925] CPU: 4 PID: 0 Comm: swapper/4 Tainted: G      D           5.4.18 #2
[  194.446669] Hardware name: linux,dummy-virt (DT)
[  194.447330] pstate: 200003c5 (nzCv DAIF -PAN -UAO)
[  194.447884] pc : rcu_idle_enter+0x74/0x80
[  194.449857] lr : do_idle+0x200/0x288
[  194.452964] sp : ffff800011a63f20
[  194.454188] x29: ffff800011a63f20 x28: 0000000000000000 
[  194.455155] x27: 0000000000000000 x26: 0000000000000000 
[  194.456420] x25: 0000000000000000 x24: ffff8000117ba214 
[  194.458581] x23: ffff00007b0c4600 x22: ffff800011404ab8 
[  194.459800] x21: ffff8000117ba1f0 x20: 0000000000000004 
[  194.464424] x19: ffff8000117ba118 x18: 0000000000000010 
[  194.467456] x17: 0000000000000000 x16: 0000000000000000 
[  194.469360] x15: 0000000000000101 x14: 0000000000000000 
[  194.470422] x13: 0000000000000001 x12: 0000000000000001 
[  194.470750] x11: 0000000000000400 x10: 00000000000009c0 
[  194.470983] x9 : ffff800011a63e90 x8 : ffff00007b0c5020 
[  194.471247] x7 : 0000000000000000 x6 : 000000755214cd42 
[  194.471505] x5 : 00ffffffffffffff x4 : ffff80006c799000 
[  194.471828] x3 : 4000000000000002 x2 : 4000000000000000 
[  194.472135] x1 : ffff800011406980 x0 : ffff00007db9f980 
[  194.472462] Call trace:
[  194.473223]  rcu_idle_enter+0x74/0x80
[  194.474225]  do_idle+0x200/0x288
[  194.474913]  cpu_startup_entry+0x20/0x40
[  194.475459]  secondary_start_kernel+0x154/0x190
[  194.477279] ---[ end trace 999d6dc4fd102c17 ]---
