[  194.675370] Unable to handle kernel NULL pointer dereference at virtual address 0000000000000028
[  194.692269] Mem abort info:
[  194.697927]   ESR = 0x96000006
[  194.700582]   EC = 0x25: DABT (current EL), IL = 32 bits
[  194.702875]   SET = 0, FnV = 0
[  194.703627]   EA = 0, S1PTW = 0
[  194.704350] Data abort info:
[  194.705120]   ISV = 0, ISS = 0x00000006
[  194.708577]   CM = 0, WnR = 0
[  194.712164] user pgtable: 4k pages, 48-bit VAs, pgdp=00000000b6d61000
[  194.719781] [0000000000000028] pgd=00000000b8184003, pud=00000000b13a3003, pmd=0000000000000000
[  194.729530] Internal error: Oops: 96000006 [#1] PREEMPT SMP
[  194.738585] Modules linked in:
[  194.748636] CPU: 5 PID: 493 Comm: python3 Not tainted 5.4.18 #2
[  194.751822] Hardware name: linux,dummy-virt (DT)
[  194.753916] pstate: 80000005 (Nzcv daif -PAN -UAO)
[  194.760966] pc : sock_rfree+0x38/0x80
[  194.763712] lr : ip_make_skb+0x108/0x140
[  194.764866] sp : ffff800011d93ad0
[  194.765578] x29: ffff800011d93ae0 x28: 000000000000001a 
[  194.767311] x27: ffff800011d93d80 x26: 0000000000000011 
[  194.767510] x25: 0000000000000012 x24: 0000000000000000 
[  194.767697] x23: ffff800011d93c30 x22: ffff00007b3cc400 
[  194.767884] x21: ffff800011d93c68 x20: ffff0000794f5400 
[  194.768074] x19: 0000000000000000 x18: 0000000000000000 
[  194.768373] x17: 0000000000000000 x16: 0000000000000000 
[  194.768581] x15: 0000000000000001 x14: 0000000000000000 
[  194.768788] x13: 0000000000000006 x12: 00000000c0a80164 
[  194.768996] x11: 0000000000000000 x10: 0000000000000068 
[  194.769205] x9 : ffff0000794f5400 x8 : ffff000078072d00 
[  194.769461] x7 : 00000000da700000 x6 : 0000000000000000 
[  194.770510] x5 : 000000000000006f x4 : 00000000f7af4f22 
[  194.771106] x3 : 00000000f7af4eb3 x2 : 00000000f7af4f23 
[  194.772122] x1 : 0000000000000000 x0 : ffff000078072d00 
[  194.773302] Call trace:
[  194.773842]  sock_rfree+0x38/0x80
[  194.775447]  udp_sendmsg+0x6ec/0x860
[  194.775995]  inet_sendmsg+0x40/0x68
[  194.776624]  __sys_sendto+0xd4/0x150
[  194.779516]  __arm64_sys_sendto+0x24/0x30
[  194.780051]  el0_svc_common.constprop.0+0x68/0x160
[  194.780804]  el0_svc_handler+0x20/0x80
[  194.783164]  el0_svc+0x8/0xc
[  194.787393] Code: b50000e2 d65f03c0 9103a024 14000e4b (f9401422) 
[  194.792344] ---[ end trace 0c75745703bf217e ]---
