[  193.744297] Unable to handle kernel NULL pointer dereference at virtual address 0000000000000026
[  193.747145] Mem abort info:
[  193.753293]   ESR = 0x96000006
[  193.755883]   EC = 0x25: DABT (current EL), IL = 32 bits
[  193.757291]   SET = 0, FnV = 0
[  193.759915]   EA = 0, S1PTW = 0
[  193.761460] Data abort info:
[  193.762455]   ISV = 0, ISS = 0x00000006
[  193.766487]   CM = 0, WnR = 0
[  193.768280] user pgtable: 4k pages, 48-bit VAs, pgdp=00000000bb247000
[  193.781115] [0000000000000026] pgd=00000000b3bb8003, pud=00000000b19c4003, pmd=0000000000000000
[  193.797538] Internal error: Oops: 96000006 [#1] PREEMPT SMP
[  193.805142] Modules linked in:
[  193.812194] CPU: 5 PID: 494 Comm: python3 Not tainted 5.4.18 #2
[  193.813388] Hardware name: linux,dummy-virt (DT)
[  193.817090] pstate: 80000005 (Nzcv daif -PAN -UAO)
[  193.818733] pc : udp_send_skb.isra.0+0x60/0x368
[  193.820887] lr : udp_sendmsg+0x710/0x860
[  193.823750] sp : ffff800012143b20
[  193.824310] x29: ffff800012143b20 x28: 000000000000001a 
[  193.825497] x27: ffff800012143d80 x26: 0000000000000011 
[  193.825856] x25: 0000000000000012 x24: ffff0000782d7c24 
[  193.828011] x23: ffff800012143c30 x22: ffff00007a8f4840 
[  193.835359] x21: 0000000000000011 x20: 000000000000001a 
[  193.838274] x19: ffff0000797bde00 x18: 0000000000000000 
[  193.851386] x17: 0000000000000000 x16: 0000000000000000 
[  193.855486] x15: 0000000000000001 x14: 0000000000000000 
[  193.861778] x13: 0000000000000006 x12: 00000000c0a80164 
[  193.869793] x11: 0000000000000000 x10: 0000000000000068 
[  193.871736] x9 : ffff0000780fc600 x8 : ffff800012143c30 
[  193.872740] x7 : 00000000a5c00000 x6 : 00000000000000ba 
[  193.873466] x5 : 0000000000000000 x4 : 0000000000008813 
[  193.874907] x3 : 0000000000000026 x2 : 0000000000000010 
[  193.875725] x1 : 0000000000001a00 x0 : ffff0000797bde00 
[  193.882223] Call trace:
[  193.885280]  udp_send_skb.isra.0+0x60/0x368
[  193.888269]  udp_sendmsg+0x710/0x860
[  193.888976]  inet_sendmsg+0x40/0x68
[  193.889776]  __sys_sendto+0xd4/0x150
[  193.890782]  __arm64_sys_sendto+0x24/0x30
[  193.891795]  el0_svc_common.constprop.0+0x68/0x160
[  193.894114]  el0_svc_handler+0x20/0x80
[  193.896400]  el0_svc+0x8/0xc
[  193.901004] Code: 79000704 2a050021 79000b01 79000f1f (79400064) 
[  193.908932] ---[ end trace 87b3fbc95a1eb0b3 ]---
