[  193.914499] Unable to handle kernel paging request at virtual address fff00007a44b30b8
[  193.916961] Mem abort info:
[  193.924160]   ESR = 0x96000004
[  193.927096]   EC = 0x25: DABT (current EL), IL = 32 bits
[  193.930968]   SET = 0, FnV = 0
[  193.932343]   EA = 0, S1PTW = 0
[  193.935203] Data abort info:
[  193.936150]   ISV = 0, ISS = 0x00000004
[  193.939112]   CM = 0, WnR = 0
[  193.946787] [fff00007a44b30b8] address between user and kernel address ranges
[  193.959790] Internal error: Oops: 96000004 [#1] PREEMPT SMP
[  193.967592] Modules linked in:
[  193.973747] CPU: 4 PID: 495 Comm: python3 Not tainted 5.4.18 #2
[  193.979522] Hardware name: linux,dummy-virt (DT)
[  193.984009] pstate: 80000005 (Nzcv daif -PAN -UAO)
[  193.985745] pc : udp_send_skb.isra.0+0x1c/0x368
[  193.987138] lr : udp_sendmsg+0x710/0x860
[  193.988630] sp : ffff800011fd3b20
[  193.989149] x29: ffff800011fd3b20 x28: 000000000000001a 
[  193.990264] x27: ffff800011fd3d80 x26: 0000000000000011 
[  193.990872] x25: 0000000000000012 x24: ffff00007b22cfc8 
[  193.991427] x23: ffff800011fd3c30 x22: ffff800011fd3c68 
[  193.992466] x21: ffff00007b24e200 x20: 00000000a44b3000 
[  193.994635] x19: fff00007a44b3000 x18: 0000000000000000 
[  193.996180] x17: 0000000000000000 x16: 0000000000000000 
[  193.997142] x15: 0000000000000001 x14: 0000000000000000 
[  193.999710] x13: 0000000000000006 x12: 00000000c0a80164 
[  194.003115] x11: 0000000000000000 x10: 0000000000000068 
[  194.006117] x9 : ffff00007b24e200 x8 : ffff800011fd3c30 
[  194.010647] x7 : 000000004ad00000 x6 : 0000000000000000 
[  194.011042] x5 : 0000000000000041 x4 : 000000002ccfc61d 
[  194.015697] x3 : ffff800011fd3c8e x2 : ffff800011fd3c78 
[  194.024124] x1 : ffff800011fd3c30 x0 : fff00007a44b3000 
[  194.029920] Call trace:
[  194.031891]  udp_send_skb.isra.0+0x1c/0x368
[  194.037052]  udp_sendmsg+0x710/0x860
[  194.042661]  inet_sendmsg+0x40/0x68
[  194.046032]  __sys_sendto+0xd4/0x150
[  194.047454]  __arm64_sys_sendto+0x24/0x30
[  194.049803]  el0_svc_common.constprop.0+0x68/0x160
[  194.055521]  el0_svc_handler+0x20/0x80
[  194.059019]  el0_svc+0x8/0xc
[  194.065220] Code: aa0003f3 a9025bf5 a90363f7 aa0103f7 (a94b8405) 
[  194.070460] ---[ end trace bba8184f030516d1 ]---
