[  194.808173] Unable to handle kernel paging request at virtual address 00007fffee05c3a7
[  194.814027] Mem abort info:
[  194.814535]   ESR = 0x96000044
[  194.815091]   EC = 0x25: DABT (current EL), IL = 32 bits
[  194.815632]   SET = 0, FnV = 0
[  194.816103]   EA = 0, S1PTW = 0
[  194.816534] Data abort info:
[  194.816926]   ISV = 0, ISS = 0x00000044
[  194.819116]   CM = 0, WnR = 1
[  194.821976] user pgtable: 4k pages, 48-bit VAs, pgdp=00000000b17ae000
[  194.835867] [00007fffee05c3a7] pgd=0000000000000000
[  194.862891] Internal error: Oops: 96000044 [#1] PREEMPT SMP
[  194.871342] Modules linked in:
[  194.882202] CPU: 5 PID: 494 Comm: python3 Not tainted 5.4.18 #2
[  194.889369] Hardware name: linux,dummy-virt (DT)
[  194.893055] pstate: 80000005 (Nzcv daif -PAN -UAO)
[  194.903729] pc : ip_setup_cork+0x74/0x180
[  194.905210] lr : ip_setup_cork+0xf8/0x180
[  194.906996] sp : ffff800011fa3a90
[  194.908034] x29: ffff800011fa3a90 x28: ffff800011fa3b40 
[  194.910617] x27: 000000000000001a x26: ffff800011fa3d80 
[  194.912237] x25: ffff800010b762e8 x24: ffff00007b3b1540 
[  194.915415] x23: 0000000000000000 x22: ffff00007a902000 
[  194.916557] x21: ffff800011fa3c00 x20: ffff800011fa3c08 
[  194.916876] x19: 00007fffee05c397 x18: 0000000000000000 
[  194.917220] x17: 0000000000000000 x16: 0000000000000000 
[  194.918950] x15: 0000000000000001 x14: 0000000000000000 
[  194.919702] x13: 0000000000000006 x12: 00000000c0a80164 
[  194.923779] x11: 0000000000000000 x10: 0000000000000068 
[  194.924621] x9 : 0000000000000000 x8 : 0000000000000000 
[  194.926863] x7 : ffff800011fa3c00 x6 : ffff800011fa3c08 
[  194.927694] x5 : 0000000000000008 x4 : 000000000000001a 
[  194.928662] x3 : ffff800010ec3ff8 x2 : ffff00007a902000 
[  194.932599] x1 : 00000000000005dc x0 : 00000000000005dc 
[  194.934176] Call trace:
[  194.934442]  ip_setup_cork+0x74/0x180
[  194.934705]  ip_make_skb+0x78/0x140
[  194.934944]  udp_sendmsg+0x6ec/0x860
[  194.935217]  inet_sendmsg+0x40/0x68
[  194.936666]  __sys_sendto+0xd4/0x150
[  194.938055]  __arm64_sys_sendto+0x24/0x30
[  194.939116]  el0_svc_common.constprop.0+0x68/0x160
[  194.942283]  el0_svc_handler+0x20/0x80
[  194.950637]  el0_svc+0x8/0xc
[  194.961337] Code: 7100081f 54000409 f94002c0 b9421801 (b9001261) 
[  194.973015] ---[ end trace bdb4c10300e69861 ]---
