[  196.487748] Kernel panic - not syncing: stack-protector: Kernel stack is corrupted in: ip_generic_getfrag+0xf0/0xf0
[  196.494598] CPU: 4 PID: 492 Comm: python3 Not tainted 5.4.18 #2
[  196.497312] Hardware name: linux,dummy-virt (DT)
[  196.500049] Call trace:
[  196.501999]  dump_backtrace+0x0/0x140
[  196.502834]  show_stack+0x14/0x20
[  196.503436]  dump_stack+0xb4/0xf8
[  196.504004]  panic+0x158/0x324
[  196.506869]  __stack_chk_fail+0x1c/0x20
[  196.509284]  ip_setup_cork+0x0/0x180
[  196.511007]  udp_sendmsg+0x6ec/0x860
[  196.511921]  inet_sendmsg+0x40/0x68
[  196.512239]  __sys_sendto+0xd4/0x150
[  196.512543]  __arm64_sys_sendto+0x24/0x30
[  196.512879]  el0_svc_common.constprop.0+0x68/0x160
[  196.513351]  el0_svc_handler+0x20/0x80
[  196.514234]  el0_svc+0x8/0xc
[  196.520138] SMP: stopping secondary CPUs
[  196.524711] Kernel Offset: disabled
[  196.526379] CPU features: 0x0002,20006000
[  196.527473] Memory Limit: none
[  196.530208] ---[ end Kernel panic - not syncing: stack-protector: Kernel stack is corrupted in: ip_generic_getfrag+0xf0/0xf0 ]---
