[  192.972946] kernel BUG at arch/arm64/kernel/traps.c:405!
[  192.980426] Internal error: Oops - BUG: 0 [#1] PREEMPT SMP
[  192.982369] Modules linked in:
[  192.986929] CPU: 7 PID: 494 Comm: python3 Not tainted 5.4.18 #2
[  192.987655] Hardware name: linux,dummy-virt (DT)
[  192.989472] pstate: 00000005 (nzcv daif -PAN -UAO)
[  192.994800] pc : do_undefinstr+0x2ec/0x310
[  192.995421] lr : do_undefinstr+0x1e0/0x310
[  192.996073] sp : ffff800011f93930
[  192.996507] x29: ffff800011f93930 x28: ffff00007811e200 
[  192.997369] x27: 000000000000001a x26: ffff800011f93d80 
[  192.997948] x25: ffff800010b762e8 x24: 0000000000000000 
[  192.998521] x23: 0000000020000005 x22: ffff800010b79d38 
[  192.999089] x21: ffff800011f93ad0 x20: ffff00007811e200 
[  192.999724] x19: ffff800011f93990 x18: 0000000000000000 
[  193.000304] x17: 0000000000000000 x16: 0000000000000000 
[  193.000870] x15: 0000000000000001 x14: 0000000000000000 
[  193.001993] x13: 0000000000000006 x12: 00000000c0a80164 
[  193.003669] x11: 0000000000000000 x10: 0000000000000068 
[  193.005339] x9 : 0000000000000000 x8 : 0000000000000000 
[  193.006348] x7 : 000000000000001a x6 : 000000000000001f 
[  193.007241] x5 : 0000000000000000 x4 : ffff8000117c51f0 
[  193.008458] x3 : 0000000000000005 x2 : 0000000000000000 
[  193.009474] x1 : ffff00007811e200 x0 : 0000000020000005 
[  193.011964] Call trace:
[  193.012913]  do_undefinstr+0x2ec/0x310
[  193.013688]  el1_undef+0x10/0x84
[  193.014403]  ip_make_skb+0xe0/0x140
[  193.015073]  udp_sendmsg+0x6ec/0x860
[  193.015722]  inet_sendmsg+0x40/0x68
[  193.016849]  __sys_sendto+0xd4/0x150
[  193.018813]  __arm64_sys_sendto+0x24/0x30
[  193.021530]  el0_svc_common.constprop.0+0x68/0x160
[  193.022622]  el0_svc_handler+0x20/0x80
[  193.023321]  el0_svc+0x8/0xc
[  193.025378] Code: f9401bf7 17ffff7c a9025bf5 f9001bf7 (d4210000) 
[  193.029697] ---[ end trace ac3ccf009684cab5 ]---
[  193.031811] note: python3[494] exited with preempt_count 1
[  193.185382] ------------[ cut here ]------------
[  193.191597] WARNING: CPU: 7 PID: 0 at kernel/rcu/tree.c:569 rcu_idle_enter+0x74/0x80
[  193.195789] Modules linked in:
[  193.205869] CPU: 7 PID: 0 Comm: swapper/7 Tainted: G      D           5.4.18 #2
[  193.214901] Hardware name: linux,dummy-virt (DT)
[  193.223107] pstate: 200003c5 (nzCv DAIF -PAN -UAO)
[  193.229058] pc : rcu_idle_enter+0x74/0x80
[  193.239408] lr : do_idle+0x200/0x288
[  193.241034] sp : ffff800011a7bf20
[  193.244282] x29: ffff800011a7bf20 x28: 0000000000000000 
[  193.245213] x27: 0000000000000000 x26: 0000000000000000 
[  193.252917] x25: 0000000000000000 x24: ffff8000117ba214 
[  193.255447] x23: ffff00007b0c7000 x22: ffff800011404ab8 
[  193.258620] x21: ffff8000117ba1f0 x20: 0000000000000007 
[  193.270545] x19: ffff8000117ba118 x18: 0000000000000010 
[  193.284820] x17: 0000000000000000 x16: 0000000000000000 
[  193.291907] x15: ffff00007811e670 x14: 0000000000000001 
[  193.296813] x13: 0000000000000001 x12: 0000000000000000 
[  193.299620] x11: 0000000000000400 x10: 00000000000009c0 
[  193.304297] x9 : ffff800011a7be90 x8 : ffff00007b0c7a20 
[  193.308535] x7 : 0000000000000007 x6 : 00000092e5fb30ba 
[  193.314235] x5 : 00ffffffffffffff x4 : ffff80006c7db000 
[  193.315194] x3 : 4000000000000002 x2 : 4000000000000000 
[  193.318819] x1 : ffff800011406980 x0 : ffff00007dbe1980 
[  193.325583] Call trace:
[  193.327185]  rcu_idle_enter+0x74/0x80
[  193.329840]  do_idle+0x200/0x288
[  193.332886]  cpu_startup_entry+0x24/0x40
[  193.334152]  secondary_start_kernel+0x154/0x190
[  193.338607] ---[ end trace ac3ccf009684cab6 ]---
