[  193.195523] Unable to handle kernel paging request at virtual address 0000000011f83c58
[  193.216408] Mem abort info:
[  193.219480]   ESR = 0x96000006
[  193.223039]   EC = 0x25: DABT (current EL), IL = 32 bits
[  193.224539]   SET = 0, FnV = 0
[  193.227051]   EA = 0, S1PTW = 0
[  193.231860] Data abort info:
[  193.233898]   ISV = 0, ISS = 0x00000006
[  193.237624]   CM = 0, WnR = 0
[  193.239218] user pgtable: 4k pages, 48-bit VAs, pgdp=00000000b165a000
[  193.242980] [0000000011f83c58] pgd=00000000b97f1003, pud=00000000b5c68003, pmd=0000000000000000
[  193.252349] Internal error: Oops: 96000006 [#1] PREEMPT SMP
[  193.258522] Modules linked in:
[  193.264272] CPU: 6 PID: 492 Comm: python3 Not tainted 5.4.18 #2
[  193.268146] Hardware name: linux,dummy-virt (DT)
[  193.272570] pstate: 60000005 (nZCv daif -PAN -UAO)
[  193.275251] pc : __ip_make_skb+0x1f4/0x3b0
[  193.275460] lr : __ip_make_skb+0x180/0x3b0
[  193.275652] sp : ffff800011f83a70
[  193.275828] x29: ffff800011f83a70 x28: 0000000000000000 
[  193.277823] x27: ffff0000782aa400 x26: 0000000000000010 
[  193.278693] x25: ffff0000782aa410 x24: 0000000011f83c30 
[  193.279516] x23: ffff0000781a6180 x22: ffff00007ab29980 
[  193.285997] x21: ffff800011963ac0 x20: ffff800011f83c68 
[  193.286706] x19: ffff000076d5cd00 x18: 0000000000000000 
[  193.287118] x17: 0000000000000000 x16: 0000000000000000 
[  193.287512] x15: 0000000000000001 x14: 0000000000000000 
[  193.287871] x13: 0000000000000006 x12: 00000000c0a80164 
[  193.288254] x11: 0000000000000000 x10: 0000000000000068 
[  193.288953] x9 : 0000000000000000 x8 : ffff000076d5cd00 
[  193.289262] x7 : 0000000000000012 x6 : ffff0000782aa43e 
[  193.289574] x5 : ffff0000782aa4c8 x4 : ffff800011f83b40 
[  193.289993] x3 : ffff800010ec3ff8 x2 : 0000000000000040 
[  193.290524] x1 : 0000000000000000 x0 : 0000000000000011 
[  193.291815] Call trace:
[  193.292388]  __ip_make_skb+0x1f4/0x3b0
[  193.292954]  ip_make_skb+0x108/0x140
[  193.293728]  udp_sendmsg+0x6ec/0x860
[  193.294333]  inet_sendmsg+0x40/0x68
[  193.294712]  __sys_sendto+0xd4/0x150
[  193.295075]  __arm64_sys_sendto+0x24/0x30
[  193.296351]  el0_svc_common.constprop.0+0x68/0x160
[  193.297342]  el0_svc_handler+0x20/0x80
[  193.297896]  el0_svc+0x8/0xc
[  193.299650] Code: 79000f22 39002320 394806c0 39002720 (f9401700) 
[  193.305877] ---[ end trace f5bd06873b9a0d76 ]---
