[  194.658980] kernel BUG at arch/arm64/kernel/traps.c:405!
[  194.661677] Internal error: Oops - BUG: 0 [#1] PREEMPT SMP
[  194.663490] Modules linked in:
[  194.667776] CPU: 4 PID: 493 Comm: python3 Not tainted 5.4.18 #2
[  194.669160] Hardware name: linux,dummy-virt (DT)
[  194.673142] pstate: 00000005 (nzcv daif -PAN -UAO)
[  194.680651] pc : do_undefinstr+0x2ec/0x310
[  194.681493] lr : do_undefinstr+0x1e0/0x310
[  194.682597] sp : ffff80001208b930
[  194.683307] x29: ffff80001208b930 x28: ffff000076e49c00 
[  194.684507] x27: ffff80001208bd80 x26: 0000000000000011 
[  194.685395] x25: 0000000000000012 x24: 0000000000000000 
[  194.687940] x23: 0000000080000005 x22: ffff800010b79ce0 
[  194.689961] x21: ffff80001208bad0 x20: ffff000076e49c00 
[  194.691212] x19: ffff80001208b990 x18: 0000000000000000 
[  194.692102] x17: 0000000000000000 x16: 0000000000000000 
[  194.692998] x15: 0000000000000001 x14: 0000000000000000 
[  194.693819] x13: 0000000000000006 x12: 00000000c0a80164 
[  194.694629] x11: 0000000000000000 x10: 0000000000000068 
[  194.695502] x9 : ffff000076e49c00 x8 : ffff0000782b6d00 
[  194.696596] x7 : 0000000097d00000 x6 : ffff80001208b988 
[  194.697474] x5 : 00000000d5300000 x4 : ffff8000117c51f0 
[  194.698298] x3 : 0000000091900000 x2 : 0000000000000000 
[  194.699184] x1 : ffff000076e49c00 x0 : 0000000080000005 
[  194.700882] Call trace:
[  194.702732]  do_undefinstr+0x2ec/0x310
[  194.704134]  el1_undef+0x10/0x84
[  194.704733]  ip_make_skb+0x88/0x140
[  194.705160]  udp_sendmsg+0x6ec/0x860
[  194.705597]  inet_sendmsg+0x40/0x68
[  194.706124]  __sys_sendto+0xd4/0x150
[  194.706712]  __arm64_sys_sendto+0x24/0x30
[  194.707359]  el0_svc_common.constprop.0+0x68/0x160
[  194.708131]  el0_svc_handler+0x20/0x80
[  194.708738]  el0_svc+0x8/0xc
[  194.711664] Code: f9401bf7 17ffff7c a9025bf5 f9001bf7 (d4210000) 
[  194.715458] ---[ end trace c7f1a9444f77c21c ]---
[  194.717577] note: python3[493] exited with preempt_count 1
[  194.842390] ------------[ cut here ]------------
[  194.844080] WARNING: CPU: 4 PID: 0 at kernel/rcu/tree.c:569 rcu_idle_enter+0x74/0x80
[  194.845250] Modules linked in:
[  194.847309] CPU: 4 PID: 0 Comm: swapper/4 Tainted: G      D           5.4.18 #2
[  194.849033] Hardware name: linux,dummy-virt (DT)
[  194.852750] pstate: 200003c5 (nzCv DAIF -PAN -UAO)
[  194.856558] pc : rcu_idle_enter+0x74/0x80
[  194.861142] lr : do_idle+0x200/0x288
[  194.865454] sp : ffff800011a63f20
[  194.868697] x29: ffff800011a63f20 x28: 0000000000000000 
[  194.875539] x27: 0000000000000000 x26: 0000000000000000 
[  194.877261] x25: 0000000000000000 x24: ffff8000117ba214 
[  194.877841] x23: ffff00007b0c4600 x22: ffff800011404ab8 
[  194.879098] x21: ffff8000117ba1f0 x20: 0000000000000004 
[  194.879530] x19: ffff8000117ba118 x18: 0000000000000010 
[  194.880427] x17: 0000000000000000 x16: 0000000000000000 
[  194.881879] x15: 000000000000025f x14: 0000000000000000 
[  194.885392] x13: 0000000000000002 x12: 000000000000025f 
[  194.893314] x11: 0000000000000001 x10: 00000000000009c0 
[  194.899481] x9 : ffff800011a63e90 x8 : ffff00007b0c5020 
[  194.907259] x7 : 000000000000031c x6 : 000000ede197f9ab 
[  194.908178] x5 : 00ffffffffffffff x4 : ffff80006c799000 
[  194.909463] x3 : 4000000000000002 x2 : 4000000000000000 
[  194.912681] x1 : ffff800011406980 x0 : ffff00007db9f980 
[  194.914217] Call trace:
[  194.920266]  rcu_idle_enter+0x74/0x80
[  194.921773]  do_idle+0x200/0x288
[  194.923491]  cpu_startup_entry+0x24/0x40
[  194.924717]  secondary_start_kernel+0x154/0x190
[  194.925455] ---[ end trace c7f1a9444f77c21d ]---
