[  193.323200] Kernel panic - not syncing: stack-protector: Kernel stack is corrupted in: ip_make_skb+0x140/0x140
[  193.355837] CPU: 3 PID: 492 Comm: python3 Not tainted 5.4.18 #2
[  193.359464] Hardware name: linux,dummy-virt (DT)
[  193.364343] Call trace:
[  193.365365]  dump_backtrace+0x0/0x140
[  193.366375]  show_stack+0x14/0x20
[  193.367429]  dump_stack+0xb4/0xf8
[  193.368088]  panic+0x158/0x324
[  193.368674]  __stack_chk_fail+0x1c/0x20
[  193.369340]  ip_send_unicast_reply+0x0/0x2c8
[  193.373062]  udp_sendmsg+0x6ec/0x860
[  193.376052]  inet_sendmsg+0x40/0x68
[  193.376671]  __sys_sendto+0xd4/0x150
[  193.376986]  __arm64_sys_sendto+0x24/0x30
[  193.377283]  el0_svc_common.constprop.0+0x68/0x160
[  193.377501]  el0_svc_handler+0x20/0x80
[  193.377681]  el0_svc+0x8/0xc
[  193.381664] SMP: stopping secondary CPUs
[  193.385984] Kernel Offset: disabled
[  193.388298] CPU features: 0x0002,20006000
[  193.390124] Memory Limit: none
[  193.395500] ---[ end Kernel panic - not syncing: stack-protector: Kernel stack is corrupted in: ip_make_skb+0x140/0x140 ]---
