[  193.383407] kernel BUG at arch/arm64/kernel/traps.c:405!
[  193.391592] Internal error: Oops - BUG: 0 [#1] PREEMPT SMP
[  193.393628] Modules linked in:
[  193.398071] CPU: 1 PID: 495 Comm: python3 Not tainted 5.4.18 #2
[  193.398762] Hardware name: linux,dummy-virt (DT)
[  193.400296] pstate: 00000005 (nzcv daif -PAN -UAO)
[  193.404855] pc : do_undefinstr+0x2ec/0x310
[  193.405524] lr : do_undefinstr+0x1e0/0x310
[  193.406129] sp : ffff800011f73930
[  193.406468] x29: ffff800011f73930 x28: ffff000079055400 
[  193.407016] x27: 000000000000001a x26: ffff800011f73d80 
[  193.407378] x25: ffff800010b762e8 x24: 0000000000000000 
[  193.407713] x23: 0000000080000005 x22: ffff800010b79ccc 
[  193.408101] x21: ffff800011f73ad0 x20: ffff000079055400 
[  193.408421] x19: ffff800011f73990 x18: 0000000000000000 
[  193.408835] x17: 0000000000000000 x16: 0000000000000000 
[  193.409369] x15: 0000000000000001 x14: 0000000000000000 
[  193.409867] x13: 0000000000000006 x12: 00000000c0a80164 
[  193.410409] x11: 0000000000000000 x10: 0000000000000068 
[  193.410905] x9 : 0000000000000000 x8 : 0000000000000000 
[  193.411459] x7 : ffff800011f73c00 x6 : ffff800011f73988 
[  193.411952] x5 : 00000000d5300000 x4 : ffff8000117c51f0 
[  193.412502] x3 : 000000009ff00000 x2 : 0000000000000000 
[  193.413031] x1 : ffff000079055400 x0 : 0000000080000005 
[  193.414287] Call trace:
[  193.414842]  do_undefinstr+0x2ec/0x310
[  193.415375]  el1_undef+0x10/0x84
[  193.415737]  ip_make_skb+0x74/0x140
[  193.416150]  udp_sendmsg+0x6ec/0x860
[  193.416519]  inet_sendmsg+0x40/0x68
[  193.416874]  __sys_sendto+0xd4/0x150
[  193.417274]  __arm64_sys_sendto+0x24/0x30
[  193.417671]  el0_svc_common.constprop.0+0x68/0x160
[  193.419080]  el0_svc_handler+0x20/0x80
[  193.419751]  el0_svc+0x8/0xc
[  193.422051] Code: f9401bf7 17ffff7c a9025bf5 f9001bf7 (d4210000) 
[  193.425570] ---[ end trace 0c541d1d10d1f283 ]---
[  193.427307] note: python3[495] exited with preempt_count 1
[  193.536011] ------------[ cut here ]------------
[  193.546044] WARNING: CPU: 1 PID: 0 at kernel/rcu/tree.c:569 rcu_idle_enter+0x74/0x80
[  193.556719] Modules linked in:
[  193.569792] CPU: 1 PID: 0 Comm: swapper/1 Tainted: G      D           5.4.18 #2
[  193.575284] Hardware name: linux,dummy-virt (DT)
[  193.575464] pstate: 200003c5 (nzCv DAIF -PAN -UAO)
[  193.580559] pc : rcu_idle_enter+0x74/0x80
[  193.588442] lr : do_idle+0x200/0x288
[  193.593855] sp : ffff800011a4bf20
[  193.599536] x29: ffff800011a4bf20 x28: 0000000000000000 
[  193.607927] x27: 0000000000000000 x26: 0000000000000000 
[  193.609469] x25: 0000000000000000 x24: ffff8000117ba214 
[  193.613595] x23: ffff00007b0c1c00 x22: ffff800011404ab8 
[  193.616717] x21: ffff8000117ba1f0 x20: 0000000000000001 
[  193.626620] x19: ffff8000117ba118 x18: 0000000000000010 
[  193.633203] x17: 0000000000000000 x16: 0000000000000000 
[  193.635731] x15: 0000000000000000 x14: 0000000000000000 
[  193.636774] x13: 0000000000000001 x12: 0000000000000000 
[  193.637513] x11: 0000000000000400 x10: 00000000000009c0 
[  193.638440] x9 : ffff800011a4be90 x8 : ffff00007b0c2620 
[  193.643158] x7 : 0000000000000000 x6 : 000000553f33f8f5 
[  193.644697] x5 : 00ffffffffffffff x4 : ffff80006c757000 
[  193.647104] x3 : 4000000000000002 x2 : 4000000000000000 
[  193.656802] x1 : ffff800011406980 x0 : ffff00007db5d980 
[  193.669685] Call trace:
[  193.671209]  rcu_idle_enter+0x74/0x80
[  193.678988]  do_idle+0x200/0x288
[  193.686698]  cpu_startup_entry+0x20/0x40
[  193.688006]  secondary_start_kernel+0x154/0x190
[  193.689004] ---[ end trace 0c541d1d10d1f284 ]---
