[  192.604069] kernel BUG at arch/arm64/kernel/traps.c:405!
[  192.609306] Internal error: Oops - BUG: 0 [#1] PREEMPT SMP
[  192.610815] Modules linked in:
[  192.615842] CPU: 7 PID: 495 Comm: python3 Not tainted 5.4.18 #2
[  192.616543] Hardware name: linux,dummy-virt (DT)
[  192.618218] pstate: 00000005 (nzcv daif -PAN -UAO)
[  192.622247] pc : do_undefinstr+0x2ec/0x310
[  192.622791] lr : do_undefinstr+0x1e0/0x310
[  192.623264] sp : ffff800011e33930
[  192.623689] x29: ffff800011e33930 x28: ffff00007abd3800 
[  192.624400] x27: ffff800011e33d80 x26: 0000000000000011 
[  192.625155] x25: 0000000000000012 x24: 0000000000000000 
[  192.625705] x23: 0000000080000005 x22: ffff800010b79c7c 
[  192.626203] x21: ffff800011e33ad0 x20: ffff00007abd3800 
[  192.627156] x19: ffff800011e33990 x18: 0000000000000000 
[  192.627755] x17: 0000000000000000 x16: 0000000000000000 
[  192.628252] x15: 0000000000000001 x14: 0000000000000000 
[  192.628867] x13: 0000000000000006 x12: 00000000c0a80164 
[  192.629436] x11: 0000000000000000 x10: 0000000000000068 
[  192.629927] x9 : 0000000000000000 x8 : 0000000000000000 
[  192.630401] x7 : ffff800011e33c00 x6 : ffff800011e33988 
[  192.630943] x5 : 00000000d5300000 x4 : ffff8000117c51f0 
[  192.631379] x3 : 00000000d9400000 x2 : 0000000000000000 
[  192.631797] x1 : ffff00007abd3800 x0 : 0000000080000005 
[  192.633055] Call trace:
[  192.633523]  do_undefinstr+0x2ec/0x310
[  192.633849]  el1_undef+0x10/0x84
[  192.634369]  ip_make_skb+0x24/0x140
[  192.634751]  udp_sendmsg+0x6ec/0x860
[  192.635113]  inet_sendmsg+0x40/0x68
[  192.635468]  __sys_sendto+0xd4/0x150
[  192.635820]  __arm64_sys_sendto+0x24/0x30
[  192.636325]  el0_svc_common.constprop.0+0x68/0x160
[  192.636758]  el0_svc_handler+0x20/0x80
[  192.637121]  el0_svc+0x8/0xc
[  192.638835] Code: f9401bf7 17ffff7c a9025bf5 f9001bf7 (d4210000) 
[  192.641121] ---[ end trace 6476902b400eebc7 ]---
[  192.641721] note: python3[495] exited with preempt_count 1
[  192.740063] ------------[ cut here ]------------
[  192.745184] WARNING: CPU: 7 PID: 0 at kernel/rcu/tree.c:569 rcu_idle_enter+0x74/0x80
[  192.747302] Modules linked in:
[  192.749526] CPU: 7 PID: 0 Comm: swapper/7 Tainted: G      D           5.4.18 #2
[  192.755899] Hardware name: linux,dummy-virt (DT)
[  192.759431] pstate: 200003c5 (nzCv DAIF -PAN -UAO)
[  192.769433] pc : rcu_idle_enter+0x74/0x80
[  192.770823] lr : do_idle+0x200/0x288
[  192.771930] sp : ffff800011a7bf20
[  192.773370] x29: ffff800011a7bf20 x28: 0000000000000000 
[  192.775802] x27: 0000000000000000 x26: 0000000000000000 
[  192.785553] x25: 0000000000000000 x24: ffff8000117ba214 
[  192.789507] x23: ffff00007b0c7000 x22: ffff800011404ab8 
[  192.793225] x21: ffff8000117ba1f0 x20: 0000000000000007 
[  192.799418] x19: ffff8000117ba118 x18: 0000000000000010 
[  192.801016] x17: 0000000000000000 x16: 0000000000000000 
[  192.802888] x15: 0000000000000000 x14: 0000000000000000 
[  192.803624] x13: 0000000000000002 x12: 0000000000000000 
[  192.804358] x11: 0000000000000000 x10: 00000000000009c0 
[  192.805564] x9 : ffff800011a7be90 x8 : ffff00007b0c7a20 
[  192.809229] x7 : 00000000000003da x6 : 00000010e235eacd 
[  192.811593] x5 : 00ffffffffffffff x4 : ffff80006c7db000 
[  192.821714] x3 : 4000000000000002 x2 : 4000000000000000 
[  192.832018] x1 : ffff800011406980 x0 : ffff00007dbe1980 
[  192.832929] Call trace:
[  192.833946]  rcu_idle_enter+0x74/0x80
[  192.840211]  do_idle+0x200/0x288
[  192.846479]  cpu_startup_entry+0x24/0x40
[  192.852098]  secondary_start_kernel+0x154/0x190
[  192.856948] ---[ end trace 6476902b400eebc8 ]---
