[  192.886526] Unable to handle kernel paging request at virtual address 00000000a908a9a4
[  192.895284] Mem abort info:
[  192.896046]   ESR = 0x96000005
[  192.896406]   EC = 0x25: DABT (current EL), IL = 32 bits
[  192.896866]   SET = 0, FnV = 0
[  192.898000]   EA = 0, S1PTW = 0
[  192.899598] Data abort info:
[  192.901934]   ISV = 0, ISS = 0x00000005
[  192.904289]   CM = 0, WnR = 0
[  192.911634] user pgtable: 4k pages, 48-bit VAs, pgdp=00000000b968c000
[  192.922650] [00000000a908a9a4] pgd=00000000b1ba1003, pud=0000000000000000
[  192.935135] Internal error: Oops: 96000005 [#1] PREEMPT SMP
[  192.936070] Modules linked in:
[  192.938842] CPU: 6 PID: 496 Comm: python3 Not tainted 5.4.18 #2
[  192.939474] Hardware name: linux,dummy-virt (DT)
[  192.941047] pstate: 80000005 (Nzcv daif -PAN -UAO)
[  192.946669] pc : devlink_nl_param_fill+0x54/0x4f0
[  192.947857] lr : devlink_nl_cmd_param_get_doit+0x70/0xe8
[  192.949239] sp : ffff800011db3990
[  192.950942] x29: ffff800011db3990 x28: 00000000d5100000 
[  192.952257] x27: 0000000000000000 x26: 00000000000000d0 
[  192.953343] x25: 0000000000000012 x24: 0000000000000000 
[  192.954798] x23: 00000000a908aa64 x22: 0000000000000000 
[  192.956035] x21: ffff0000771c5a00 x20: 00000000a908a994 
[  192.957449] x19: 0000000000000000 x18: 0000000000000000 
[  192.960503] x17: 0000000000000000 x16: 0000000000000000 
[  192.961908] x15: 0000000000000001 x14: 0000000000000000 
[  192.965116] x13: 0000000000000006 x12: 00000000c0a80164 
[  192.965501] x11: 0000000000000000 x10: 0000000000000068 
[  192.965880] x9 : ffff000075c77000 x8 : ffff0000771c5a00 
[  192.966304] x7 : 00000000d5100000 x6 : 0000000000000000 
[  192.966656] x5 : ffff800011db3a21 x4 : 0000000000000001 
[  192.967765] x3 : ffff000075c77000 x2 : ffff800011db3a44 
[  192.968738] x1 : 0000000000000000 x0 : ffff0000771c5a00 
[  192.974231] Call trace:
[  192.975553]  devlink_nl_param_fill+0x54/0x4f0
[  192.976619]  devlink_nl_cmd_param_get_doit+0x70/0xe8
[  192.979114]  udp_sendmsg+0x6ec/0x860
[  192.979384]  inet_sendmsg+0x40/0x68
[  192.979908]  __sys_sendto+0xd4/0x150
[  192.985839]  __arm64_sys_sendto+0x24/0x30
[  192.987338]  el0_svc_common.constprop.0+0x68/0x160
[  192.988123]  el0_svc_handler+0x20/0x80
[  192.989724]  el0_svc+0x8/0xc
[  192.996893] Code: f90033e3 52800024 b90073e2 9102d3e2 (f9400a93) 
[  193.012513] ---[ end trace cda8e339e57a1df1 ]---
