[  193.667241] Unable to handle kernel NULL pointer dereference at virtual address 0000000000000590
[  193.689016] Mem abort info:
[  193.693701]   ESR = 0x96000006
[  193.696278]   EC = 0x25: DABT (current EL), IL = 32 bits
[  193.704739]   SET = 0, FnV = 0
[  193.714101]   EA = 0, S1PTW = 0
[  193.717765] Data abort info:
[  193.720139]   ISV = 0, ISS = 0x00000006
[  193.733701]   CM = 0, WnR = 0
[  193.747162] user pgtable: 4k pages, 48-bit VAs, pgdp=00000000b0006000
[  193.749779] [0000000000000590] pgd=00000000b2ade003, pud=00000000b83cb003, pmd=0000000000000000
[  193.763623] Internal error: Oops: 96000006 [#1] PREEMPT SMP
[  193.766071] Modules linked in:
[  193.767818] CPU: 6 PID: 495 Comm: python3 Not tainted 5.4.18 #2
[  193.768423] Hardware name: linux,dummy-virt (DT)
[  193.769892] pstate: 60000005 (nZCv daif -PAN -UAO)
[  193.775749] pc : __ip_select_ident+0x18/0x70
[  193.776560] lr : __ip_make_skb+0x2fc/0x3b0
[  193.776755] sp : ffff800011efba40
[  193.776926] x29: ffff800011efba40 x28: 0000000000000000 
[  193.781522] x27: ffff000076d8ac00 x26: 0000000000000010 
[  193.783038] x25: ffff000076d8ac10 x24: ffff800011efbc30 
[  193.783954] x23: ffff000076ddf000 x22: ffff00007ab5aa00 
[  193.787397] x21: 0000000000000000 x20: 0000000000000001 
[  193.789488] x19: ffff000076d8ac10 x18: 0000000000000000 
[  193.790444] x17: 0000000000000000 x16: 0000000000000000 
[  193.792189] x15: 0000000000000001 x14: 0000000000000000 
[  193.794725] x13: 0000000000000006 x12: 00000000c0a80164 
[  193.796450] x11: 0000000000000000 x10: 0000000000000068 
[  193.797343] x9 : 0000000000000000 x8 : ffff00007b261700 
[  193.798665] x7 : 0000000000000012 x6 : ffff000076d8ac3e 
[  193.800310] x5 : ffff000076d8acc8 x4 : ffff800011efbb40 
[  193.800709] x3 : 0000000000000590 x2 : 0000000000000001 
[  193.801096] x1 : ffff000076d8ac10 x0 : 0000000000000000 
[  193.802943] Call trace:
[  193.803516]  __ip_select_ident+0x18/0x70
[  193.804479]  __ip_make_skb+0x2fc/0x3b0
[  193.804895]  ip_make_skb+0x108/0x140
[  193.805247]  udp_sendmsg+0x6ec/0x860
[  193.806583]  inet_sendmsg+0x40/0x68
[  193.808019]  __sys_sendto+0xd4/0x150
[  193.808150]  __arm64_sys_sendto+0x24/0x30
[  193.809093]  el0_svc_common.constprop.0+0x68/0x160
[  193.810380]  el0_svc_handler+0x20/0x80
[  193.812224]  el0_svc+0x8/0xc
[  193.814632] Code: 910003fd a90153f3 aa0103f3 2a0203f4 (f942c801) 
[  193.821370] ---[ end trace 2f168a08feeafddb ]---
