[  193.973288] kernel BUG at arch/arm64/kernel/traps.c:405!
[  193.980523] Internal error: Oops - BUG: 0 [#1] PREEMPT SMP
[  193.983274] Modules linked in:
[  193.989459] CPU: 6 PID: 495 Comm: python3 Not tainted 5.4.18 #2
[  193.990746] Hardware name: linux,dummy-virt (DT)
[  193.992936] pstate: 00000005 (nzcv daif -PAN -UAO)
[  194.001386] pc : do_undefinstr+0x2ec/0x310
[  194.002482] lr : do_undefinstr+0x1e0/0x310
[  194.003338] sp : ffff800011eeb930
[  194.004122] x29: ffff800011eeb930 x28: ffff00007a447000 
[  194.004719] x27: ffff800011eebd80 x26: 0000000000000011 
[  194.005124] x25: 0000000000000012 x24: 0000000000000000 
[  194.005517] x23: 0000000060000005 x22: ffff800010b79d0c 
[  194.005950] x21: ffff800011eebad0 x20: ffff00007a447000 
[  194.006364] x19: ffff800011eeb990 x18: 0000000000000000 
[  194.006756] x17: 0000000000000000 x16: 0000000000000000 
[  194.007145] x15: 0000000000000001 x14: 0000000000000000 
[  194.007535] x13: 0000000000000006 x12: 00000000c0a80164 
[  194.007952] x11: 0000000000000000 x10: 0000000000000068 
[  194.008345] x9 : ffff00007a447000 x8 : ffff000077189c00 
[  194.008723] x7 : 000000002be00000 x6 : ffff800011eeb988 
[  194.009097] x5 : 00000000d5300000 x4 : ffff8000117c51f0 
[  194.009472] x3 : 0000000093000000 x2 : 0000000000000000 
[  194.010105] x1 : ffff00007a447000 x0 : 0000000060000005 
[  194.011101] Call trace:
[  194.011490]  do_undefinstr+0x2ec/0x310
[  194.013625]  el1_undef+0x10/0x84
[  194.014500]  ip_make_skb+0xb4/0x140
[  194.015142]  inet_sendmsg+0x40/0x68
[  194.016244]  __sys_sendto+0xd4/0x150
[  194.016893]  __arm64_sys_sendto+0x24/0x30
[  194.017720]  el0_svc_common.constprop.0+0x68/0x160
[  194.018566]  el0_svc_handler+0x20/0x80
[  194.019352]  el0_svc+0x8/0xc
[  194.022665] Code: f9401bf7 17ffff7c a9025bf5 f9001bf7 (d4210000) 
[  194.029551] ---[ end trace 999a1cc555d1d141 ]---
[  194.031715] note: python3[495] exited with preempt_count 1
[  194.092690] ------------[ cut here ]------------
[  194.094306] WARNING: CPU: 6 PID: 0 at kernel/rcu/tree.c:569 rcu_idle_enter+0x74/0x80
[  194.104720] Modules linked in:
[  194.107284] CPU: 6 PID: 0 Comm: swapper/6 Tainted: G      D           5.4.18 #2
[  194.107907] Hardware name: linux,dummy-virt (DT)
[  194.108476] pstate: 200003c5 (nzCv DAIF -PAN -UAO)
[  194.109572] pc : rcu_idle_enter+0x74/0x80
[  194.109961] lr : do_idle+0x200/0x288
[  194.110311] sp : ffff800011a73f20
[  194.110600] x29: ffff800011a73f20 x28: 0000000000000000 
[  194.112789] x27: 0000000000000000 x26: 0000000000000000 
[  194.115928] x25: 0000000000000000 x24: ffff8000117ba214 
[  194.116689] x23: ffff00007b0c6200 x22: ffff800011404ab8 
[  194.118955] x21: ffff8000117ba1f0 x20: 0000000000000006 
[  194.119314] x19: ffff8000117ba118 x18: 0000000000000010 
[  194.119731] x17: 0000000000000000 x16: 0000000000000000 
[  194.120130] x15: ffff00007a447470 x14: 0000000000000001 
[  194.120484] x13: 0000000000000001 x12: 0000000000000001 
[  194.122699] x11: 0000000000000400 x10: 00000000000009c0 
[  194.123460] x9 : ffff800011a73e90 x8 : ffff00007b0c6c20 
[  194.125685] x7 : 0000000000000006 x6 : 000000fa172947c2 
[  194.127196] x5 : ffff00007dbc7d70 x4 : ffff0000734ad208 
[  194.128196] x3 : 4000000000000002 x2 : 4000000000000000 
[  194.129026] x1 : ffff800011406980 x0 : ffff00007dbcb980 
[  194.133342] Call trace:
[  194.133932]  rcu_idle_enter+0x74/0x80
[  194.136743]  do_idle+0x200/0x288
[  194.136953]  cpu_startup_entry+0x24/0x40
[  194.137181]  secondary_start_kernel+0x154/0x190
[  194.139300] ---[ end trace 999a1cc555d1d142 ]---
[  194.166399] ------------[ cut here ]------------
[  194.170763] kernel BUG at arch/arm64/kernel/traps.c:405!
[  194.171190] Internal error: Oops - BUG: 0 [#2] PREEMPT SMP
[  194.178266] Modules linked in:
[  194.181426] CPU: 0 PID: 261 Comm: systemd-timesyn Tainted: G      D W         5.4.18 #2
[  194.190333] Hardware name: linux,dummy-virt (DT)
[  194.190743] pstate: 00000005 (nzcv daif -PAN -UAO)
[  194.191029] pc : do_undefinstr+0x2ec/0x310
[  194.191458] lr : do_undefinstr+0x1e0/0x310
[  194.192028] sp : ffff800011d83930
[  194.192370] x29: ffff800011d83930 x28: ffff000078105400 
[  194.194695] x27: ffff800011d83d80 x26: 0000000000000011 
[  194.195560] x25: 0000000000000030 x24: 0000000000000000 
[  194.196078] x23: 0000000060000005 x22: ffff800010b79d0c 
[  194.197717] x21: ffff800011d83ad0 x20: ffff000078105400 
[  194.198701] x19: ffff800011d83990 x18: 0000000000000000 
[  194.199292] x17: 0000000000000000 x16: 0000000000000000 
[  194.199997] x15: 0000000000000001 x14: 0000000000000000 
[  194.201671] x13: 0000000000000000 x12: 000000005bbd5b9d 
[  194.202228] x11: 0000000000000000 x10: 0000000000000068 
[  194.202703] x9 : ffff000078105400 x8 : ffff00007b3d2700 
[  194.203570] x7 : 000000001f400000 x6 : ffff800011d83988 
[  194.204217] x5 : 00000000d5300000 x4 : ffff8000117c51f0 
[  194.205741] x3 : 0000000093000000 x2 : 0000000000000000 
[  194.206300] x1 : ffff000078105400 x0 : 0000000060000005 
[  194.206898] Call trace:
[  194.207231]  do_undefinstr+0x2ec/0x310
[  194.207643]  el1_undef+0x10/0x84
[  194.207968]  ip_make_skb+0xb4/0x140
[  194.208332]  inet_sendmsg+0x40/0x68
[  194.209604]  __sys_sendto+0xd4/0x150
[  194.210235]  __arm64_sys_sendto+0x24/0x30
[  194.210592]  el0_svc_common.constprop.0+0x68/0x160
[  194.211082]  el0_svc_handler+0x20/0x80
[  194.211483]  el0_svc+0x8/0xc
[  194.211872] Code: f9401bf7 17ffff7c a9025bf5 f9001bf7 (d4210000) 
[  194.212477] ---[ end trace 999a1cc555d1d143 ]---
[  194.219572] note: systemd-timesyn[261] exited with preempt_count 1
