[  192.960160] Unable to handle kernel read from unreadable memory at virtual address ffff800011f9bc68
[  192.978152] Mem abort info:
[  192.980137]   ESR = 0x8600000f
[  192.984665]   EC = 0x21: IABT (current EL), IL = 32 bits
[  192.986287]   SET = 0, FnV = 0
[  192.988085]   EA = 0, S1PTW = 0
[  192.994762] swapper pgtable: 4k pages, 48-bit VAs, pgdp=00000000412a6000
[  193.004282] [ffff800011f9bc68] pgd=00000000bdfff003, pud=00000000bdffe003, pmd=00000000baa29003, pte=00680000b3d81713
[  193.019725] Internal error: Oops: 8600000f [#1] PREEMPT SMP
[  193.020435] Modules linked in:
[  193.021592] CPU: 6 PID: 495 Comm: python3 Not tainted 5.4.18 #2
[  193.021897] Hardware name: linux,dummy-virt (DT)
[  193.023534] pstate: 60000005 (nZCv daif -PAN -UAO)
[  193.029180] pc : 0xffff800011f9bc68
[  193.034059] lr : 0xffff800011f9bc68
[  193.038162] sp : ffff800011f9bb60
[  193.042197] x29: ffff000075cf6200 x28: 000000000000001a 
[  193.052143] x27: ffff800011f9bd80 x26: 0000000000000011 
[  193.056231] x25: 0000000000000012 x24: ffff00007b3c7608 
[  193.058860] x23: 000000006401a8c0 x22: ffff800011f9bc68 
[  193.061105] x21: ffff000075cf6200 x20: ffff800010b762e8 
[  193.062025] x19: ffff00007b3c72c0 x18: 0000000000000000 
[  193.068239] x17: 0000000000000000 x16: 0000000000000000 
[  193.070795] x15: 0000000000000001 x14: 0000000000000000 
[  193.072125] x13: 0000000000000006 x12: 00000000c0a80164 
[  193.072453] x11: 0000000000000000 x10: 0000000000000068 
[  193.072759] x9 : ffff000075cf6200 x8 : ffff00007804ec00 
[  193.079839] x7 : 0000000004000000 x6 : 0000000000000000 
[  193.082015] x5 : 00000000000000a6 x4 : 00000000482e7669 
[  193.084477] x3 : 00000000482e75c3 x2 : 00000000482e766a 
[  193.085746] x1 : 0000000000000000 x0 : ffff00007804ec00 
[  193.086799] Call trace:
[  193.087530]  0xffff800011f9bc68
[  193.093109] Code: 6e01a8c0 6401a8c0 e79f8813 00000000 (00000000) 
[  193.107817] ---[ end trace 09b6cb289852858a ]---
