[  192.452718] Unable to handle kernel paging request at virtual address ffff80000cb763d8
[  192.467046] Mem abort info:
[  192.468002]   ESR = 0x86000006
[  192.468600]   EC = 0x21: IABT (current EL), IL = 32 bits
[  192.473276]   SET = 0, FnV = 0
[  192.474927]   EA = 0, S1PTW = 0
[  192.477779] swapper pgtable: 4k pages, 48-bit VAs, pgdp=00000000412a6000
[  192.480427] [ffff80000cb763d8] pgd=00000000bdfff003, pud=00000000bdffe003, pmd=0000000000000000
[  192.494069] Internal error: Oops: 86000006 [#1] PREEMPT SMP
[  192.496724] Modules linked in:
[  192.503843] CPU: 5 PID: 492 Comm: python3 Not tainted 5.4.18 #2
[  192.513423] Hardware name: linux,dummy-virt (DT)
[  192.525854] pstate: 80000005 (Nzcv daif -PAN -UAO)
[  192.544511] pc : 0xffff80000cb763d8
[  192.551252] lr : ip_make_skb+0x78/0x140
[  192.552246] sp : ffff800011d83ad0
[  192.554755] x29: ffff800011d83ae0 x28: ffff800011d83b40 
[  192.555510] x27: 000000000000001a x26: ffff800011d83d80 
[  192.557523] x25: ffff800010b762e8 x24: 0000000000000000 
[  192.558608] x23: ffff800011d83c30 x22: ffff00007a96a640 
[  192.559701] x21: ffff800011d83c68 x20: ffff000079627000 
[  192.562222] x19: 0000000000000008 x18: 0000000000000000 
[  192.563445] x17: 0000000000000000 x16: 0000000000000000 
[  192.564396] x15: 0000000000000001 x14: 0000000000000000 
[  192.566901] x13: 0000000000000006 x12: 00000000c0a80164 
[  192.567979] x11: 0000000000000000 x10: 0000000000000068 
[  192.571259] x9 : 0000000000000000 x8 : 0000000000000000 
[  192.572257] x7 : ffff800011d83c00 x6 : ffff800011d83c08 
[  192.575155] x5 : 0000000000000008 x4 : 000000000000001a 
[  192.575948] x3 : ffff800011d83c00 x2 : ffff800011d83c08 
[  192.578884] x1 : ffff800011d83c68 x0 : ffff00007a96a640 
[  192.580252] Call trace:
[  192.582345]  0xffff80000cb763d8
[  192.583027]  udp_sendmsg+0x6ec/0x860
[  192.586793]  inet_sendmsg+0x40/0x68
[  192.587113]  __sys_sendto+0xd4/0x150
[  192.588026]  __arm64_sys_sendto+0x24/0x30
[  192.588677]  el0_svc_common.constprop.0+0x68/0x160
[  192.589919]  el0_svc_handler+0x20/0x80
[  192.590300]  el0_svc+0x8/0xc
[  192.600375] Code: bad PC value
[  192.616040] ---[ end trace 208f86e9fb2d28ed ]---
