[  193.040974] Unable to handle kernel NULL pointer dereference at virtual address 0000000000000011
[  193.045116] Mem abort info:
[  193.046118]   ESR = 0x96000046
[  193.047161]   EC = 0x25: DABT (current EL), IL = 32 bits
[  193.053778]   SET = 0, FnV = 0
[  193.054650]   EA = 0, S1PTW = 0
[  193.058087] Data abort info:
[  193.061209]   ISV = 0, ISS = 0x00000046
[  193.063104]   CM = 0, WnR = 1
[  193.075152] user pgtable: 4k pages, 48-bit VAs, pgdp=00000000af164000
[  193.084934] [0000000000000011] pgd=00000000b2345003, pud=00000000b5cba003, pmd=0000000000000000
[  193.093809] Internal error: Oops: 96000046 [#1] PREEMPT SMP
[  193.105831] Modules linked in:
[  193.109983] CPU: 1 PID: 494 Comm: python3 Not tainted 5.4.18 #2
[  193.117495] Hardware name: linux,dummy-virt (DT)
[  193.126075] pstate: 80000005 (Nzcv daif -PAN -UAO)
[  193.137226] pc : ip_make_skb+0x8/0x140
[  193.140735] lr : udp_sendmsg+0x6ec/0x860
[  193.147607] sp : ffff800011f0bad0
[  193.155050] x29: ffff800011f0bb70 x28: 000000000000001a 
[  193.163220] x27: ffff800011f0bd80 x26: 0000000000000011 
[  193.165272] x25: 0000000000000012 x24: ffff000078082108 
[  193.169761] x23: 000000006401a8c0 x22: ffff800011f0bc68 
[  193.171664] x21: ffff00007a8fe200 x20: ffff800010b762e8 
[  193.175068] x19: ffff000078081dc0 x18: 0000000000000000 
[  193.176018] x17: 0000000000000000 x16: 0000000000000000 
[  193.177349] x15: 0000000000000001 x14: 0000000000000000 
[  193.180018] x13: 0000000000000006 x12: 00000000c0a80164 
[  193.184354] x11: 0000000000000000 x10: 0000000000000068 
[  193.185272] x9 : 0000000000000000 x8 : 0000000000000000 
[  193.191107] x7 : ffff800011f0bc00 x6 : ffff800011f0bc08 
[  193.194309] x5 : 0000000000000008 x4 : 000000000000001a 
[  193.201459] x3 : ffff800011f0bd80 x2 : ffff800010b762e8 
[  193.205965] x1 : ffff800011f0bc30 x0 : ffff000078081dc0 
[  193.210346] Call trace:
[  193.210854]  ip_make_skb+0x8/0x140
[  193.211278]  inet_sendmsg+0x40/0x68
[  193.214798]  __sys_sendto+0xd4/0x150
[  193.218868]  __arm64_sys_sendto+0x24/0x30
[  193.222500]  el0_svc_common.constprop.0+0x68/0x160
[  193.226510]  el0_svc_handler+0x20/0x80
[  193.229371]  el0_svc+0x8/0xc
[  193.235804] Code: d65f03c0 d503201f d10243ff d2800008 (a90179fd) 
[  193.246147] ---[ end trace a0d4257d896e4e30 ]---
