[  193.375312] Unable to handle kernel paging request at virtual address ffff800011f8c0d8
[  193.380286] Mem abort info:
[  193.380556]   ESR = 0x96000007
[  193.380886]   EC = 0x25: DABT (current EL), IL = 32 bits
[  193.381648]   SET = 0, FnV = 0
[  193.382606]   EA = 0, S1PTW = 0
[  193.382934] Data abort info:
[  193.384180]   ISV = 0, ISS = 0x00000007
[  193.385057]   CM = 0, WnR = 0
[  193.385579] swapper pgtable: 4k pages, 48-bit VAs, pgdp=00000000412a6000
[  193.388784] [ffff800011f8c0d8] pgd=00000000bdfff003, pud=00000000bdffe003, pmd=00000000bb2d7003, pte=0000000000000000
[  193.392571] Internal error: Oops: 96000007 [#1] PREEMPT SMP
[  193.396840] Modules linked in:
[  193.400516] CPU: 4 PID: 495 Comm: python3 Not tainted 5.4.18 #2
[  193.405973] Hardware name: linux,dummy-virt (DT)
[  193.409206] pstate: 80000005 (Nzcv daif -PAN -UAO)
[  193.412660] pc : udp_sendmsg+0x318/0x860
[  193.413741] lr : udp_sendmsg+0x294/0x860
[  193.414159] sp : ffff800011f8bb60
[  193.414480] x29: ffff000075efc600 x28: 000000000000001a 
[  193.415188] x27: ffff800011f8bd80 x26: 0000000000000011 
[  193.415610] x25: 0000000000000012 x24: ffff00007a8e3648 
[  193.416198] x23: 000000006401a8c0 x22: 0000000000000000 
[  193.417054] x21: ffff800011f8c0d8 x20: 0000000000000000 
[  193.417910] x19: ffff00007a8e3300 x18: 0000000000000000 
[  193.419390] x17: 0000000000000000 x16: 0000000000000000 
[  193.423766] x15: 0000000000000001 x14: 0000000000000000 
[  193.426609] x13: 0000000000000006 x12: 000000000000003c 
[  193.430479] x11: ffff0000726a3000 x10: 0000000000000000 
[  193.430917] x9 : ffff000072467d40 x8 : 0000000000000028 
[  193.431321] x7 : ffff00007268c000 x6 : 0000000022100000 
[  193.431766] x5 : 000000000000004a x4 : 0000000000000000 
[  193.433662] x3 : 0000000000000000 x2 : ffff80006c799000 
[  193.436013] x1 : ffff000075efc600 x0 : feb030d2b5b6f800 
[  193.437985] Call trace:
[  193.439663]  udp_sendmsg+0x318/0x860
[  193.445982] Code: 2a1403f9 9402163f 9111c2b5 f940c7e0 (f94002a1) 
[  193.453222] ---[ end trace 5a50a8c52d36dffa ]---
