[  192.335068] Unable to handle kernel paging request at virtual address 003d4d554e514ae3
[  192.342839] Mem abort info:
[  192.343864]   ESR = 0x96000004
[  192.347956]   EC = 0x25: DABT (current EL), IL = 32 bits
[  192.348716]   SET = 0, FnV = 0
[  192.351792]   EA = 0, S1PTW = 0
[  192.352461] Data abort info:
[  192.354496]   ISV = 0, ISS = 0x00000004
[  192.357627]   CM = 0, WnR = 0
[  192.365829] [003d4d554e514ae3] address between user and kernel address ranges
[  192.378954] Internal error: Oops: 96000004 [#1] PREEMPT SMP
[  192.390029] Modules linked in:
[  192.400119] CPU: 5 PID: 494 Comm: python3 Not tainted 5.4.18 #2
[  192.402328] Hardware name: linux,dummy-virt (DT)
[  192.403928] pstate: 60000005 (nZCv daif -PAN -UAO)
[  192.408981] pc : __ip_select_ident+0x18/0x70
[  192.411491] lr : __ip_make_skb+0x2fc/0x3b0
[  192.414441] sp : ffff8000120b3a40
[  192.415806] x29: ffff8000120b3a40 x28: 0000000000000000 
[  192.419080] x27: ffff000079577800 x26: 0000000000000010 
[  192.420072] x25: ffff000079577810 x24: ffff8000120b3c30 
[  192.422049] x23: ffff000076f19240 x22: ffff00007957783e 
[  192.423618] x21: 313d4d554e514553 x20: 0000000000000001 
[  192.426703] x19: ffff000079577810 x18: 0000000000000000 
[  192.427267] x17: 0000000000000000 x16: 0000000000000000 
[  192.427573] x15: 0000000000000001 x14: 0000000000000000 
[  192.428071] x13: 0000000000000006 x12: 00000000c0a80164 
[  192.428526] x11: 0000000000000000 x10: 0000000000000068 
[  192.430310] x9 : 0000000000000000 x8 : ffff00007a406300 
[  192.431243] x7 : 0000000000000012 x6 : ffff00007957783e 
[  192.432932] x5 : ffff0000795778c8 x4 : ffff8000120b3b40 
[  192.434228] x3 : 313d4d554e514ae3 x2 : 0000000000000001 
[  192.434936] x1 : ffff000079577810 x0 : 313d4d554e514553 
[  192.437739] Call trace:
[  192.439450]  __ip_select_ident+0x18/0x70
[  192.447383]  __ip_make_skb+0x2fc/0x3b0
[  192.454542]  ip_make_skb+0x108/0x140
[  192.454997]  udp_sendmsg+0x6ec/0x860
[  192.455594]  inet_sendmsg+0x40/0x68
[  192.458258]  __sys_sendto+0xd4/0x150
[  192.465565]  __arm64_sys_sendto+0x24/0x30
[  192.474782]  el0_svc_common.constprop.0+0x68/0x160
[  192.477844]  el0_svc_handler+0x20/0x80
[  192.479550]  el0_svc+0x8/0xc
[  192.489756] Code: 910003fd a90153f3 aa0103f3 2a0203f4 (f942c801) 
[  192.507546] ---[ end trace 2b07db8a34ae1992 ]---
