[  193.903745] Kernel panic - not syncing: stack-protector: Kernel stack is corrupted in: ip_make_skb+0x140/0x140
[  193.917968] CPU: 0 PID: 494 Comm: python3 Not tainted 5.4.18 #2
[  193.919315] Hardware name: linux,dummy-virt (DT)
[  193.921463] Call trace:
[  193.923597]  dump_backtrace+0x0/0x140
[  193.926074]  show_stack+0x14/0x20
[  193.926996]  dump_stack+0xb4/0xf8
[  193.928003]  panic+0x158/0x324
[  193.929253]  __stack_chk_fail+0x1c/0x20
[  193.930893]  ip_send_unicast_reply+0x0/0x2c8
[  193.932410]  inet_sendmsg+0x40/0x68
[  193.933107]  __sys_sendto+0xd4/0x150
[  193.933754]  __arm64_sys_sendto+0x24/0x30
[  193.934633]  el0_svc_common.constprop.0+0x68/0x160
[  193.935417]  el0_svc_handler+0x20/0x80
[  193.936744]  el0_svc+0x8/0xc
[  193.944706] SMP: stopping secondary CPUs
[  193.949029] Kernel Offset: disabled
[  193.950266] CPU features: 0x0002,20006000
[  193.951376] Memory Limit: none
[  193.957241] ---[ end Kernel panic - not syncing: stack-protector: Kernel stack is corrupted in: ip_make_skb+0x140/0x140 ]---
