[  194.241707] Unable to handle kernel NULL pointer dereference at virtual address 0000000000000028
[  194.245253] Mem abort info:
[  194.246286]   ESR = 0x96000006
[  194.260519]   EC = 0x25: DABT (current EL), IL = 32 bits
[  194.264619]   SET = 0, FnV = 0
[  194.275231]   EA = 0, S1PTW = 0
[  194.275929] Data abort info:
[  194.276636]   ISV = 0, ISS = 0x00000006
[  194.286905]   CM = 0, WnR = 0
[  194.288529] user pgtable: 4k pages, 48-bit VAs, pgdp=00000000b084c000
[  194.292958] [0000000000000028] pgd=00000000b1951003, pud=00000000b083a003, pmd=0000000000000000
[  194.298925] Internal error: Oops: 96000006 [#1] PREEMPT SMP
[  194.304836] Modules linked in:
[  194.306295] CPU: 7 PID: 492 Comm: python3 Not tainted 5.4.18 #2
[  194.306941] Hardware name: linux,dummy-virt (DT)
[  194.310973] pstate: 60000005 (nZCv daif -PAN -UAO)
[  194.313498] pc : __ip_make_skb+0x1f4/0x3b0
[  194.316802] lr : __ip_make_skb+0x180/0x3b0
[  194.320731] sp : ffff800011ce3a70
[  194.321593] x29: ffff800011ce3a70 x28: 0000000000000000 
[  194.323246] x27: ffff000078354000 x26: 0000000000000010 
[  194.324749] x25: ffff000078354010 x24: 0000000000000000 
[  194.326799] x23: ffff000070852000 x22: ffff00007b22bb80 
[  194.336495] x21: ffff800011963ac0 x20: ffff800011ce3c68 
[  194.340631] x19: ffff0000782c5b00 x18: 0000000000000000 
[  194.343825] x17: 0000000000000000 x16: 0000000000000000 
[  194.348558] x15: 0000000000000001 x14: 0000000000000000 
[  194.350901] x13: 0000000000000006 x12: 00000000c0a80164 
[  194.354528] x11: 0000000000000000 x10: 0000000000000068 
[  194.360286] x9 : 0000000000000000 x8 : ffff0000782c5b00 
[  194.373791] x7 : 0000000000000012 x6 : ffff00007835403e 
[  194.376028] x5 : ffff0000783540c8 x4 : ffff800011ce3b40 
[  194.378187] x3 : ffff800010ec3ff8 x2 : 0000000000000040 
[  194.379605] x1 : 0000000000000000 x0 : 0000000000000011 
[  194.383873] Call trace:
[  194.384533]  __ip_make_skb+0x1f4/0x3b0
[  194.385583]  ip_make_skb+0x108/0x140
[  194.387676]  udp_sendmsg+0x6ec/0x860
[  194.388787]  inet_sendmsg+0x40/0x68
[  194.390449]  __sys_sendto+0xd4/0x150
[  194.393678]  __arm64_sys_sendto+0x24/0x30
[  194.395798]  el0_svc_common.constprop.0+0x68/0x160
[  194.400204]  el0_svc_handler+0x20/0x80
[  194.409742]  el0_svc+0x8/0xc
[  194.416234] Code: 79000f22 39002320 394806c0 39002720 (f9401700) 
[  194.425794] ---[ end trace 50dbfdb66d0758b1 ]---
