[  193.261125] Unable to handle kernel NULL pointer dereference at virtual address 0000000000000470
[  193.262142] Mem abort info:
[  193.262435]   ESR = 0x96000006
[  193.264428]   EC = 0x25: DABT (current EL), IL = 32 bits
[  193.265301]   SET = 0, FnV = 0
[  193.266736]   EA = 0, S1PTW = 0
[  193.267106] Data abort info:
[  193.268410]   ISV = 0, ISS = 0x00000006
[  193.268991]   CM = 0, WnR = 0
[  193.269832] user pgtable: 4k pages, 48-bit VAs, pgdp=00000000b5d46000
[  193.273776] [0000000000000470] pgd=00000000b5de2003, pud=00000000b2573003, pmd=0000000000000000
[  193.278972] Internal error: Oops: 96000006 [#1] PREEMPT SMP
[  193.280894] Modules linked in:
[  193.286516] CPU: 2 PID: 492 Comm: python3 Not tainted 5.4.18 #2
[  193.287554] Hardware name: linux,dummy-virt (DT)
[  193.288652] pstate: 20000005 (nzCv daif -PAN -UAO)
[  193.292169] pc : __ip_append_data.isra.0+0x3c/0xc30
[  193.294277] lr : ip_make_skb+0xec/0x140
[  193.296275] sp : ffff800011f1bad0
[  193.297073] x29: ffff800011f1bae0 x28: ffff000078244130 
[  193.298710] x27: 000000000000001a x26: ffff800011f1bd80 
[  193.300617] x25: ffff00007b22ea40 x24: ffff000075f290c0 
[  193.301825] x23: ffff800011f1bd80 x22: ffff00007b22ea40 
[  193.302623] x21: ffff800011f1bc68 x20: ffff000078243800 
[  193.303720] x19: 0000000000000008 x18: 0000000000000000 
[  193.305534] x17: 0000000000000000 x16: 0000000000000000 
[  193.306643] x15: 0000000000000001 x14: 0000000000000000 
[  193.308580] x13: 0000000000000006 x12: 00000000c0a80164 
[  193.309824] x11: 0000000000000000 x10: 0000000000000068 
[  193.311634] x9 : 0000000000000000 x8 : 0000000000000000 
[  193.312439] x7 : 000000000000001a x6 : ffff800011f1bd80 
[  193.314780] x5 : ffff800010b762e8 x4 : ffff000078244130 
[  193.315750] x3 : ffff800011f1bc68 x2 : ffff800011f1bb40 
[  193.316235] x1 : ffff800011f1bc5c x0 : 0000000078243800 
[  193.317272] Call trace:
[  193.317661]  __ip_append_data.isra.0+0x3c/0xc30
[  193.318273]  udp_sendmsg+0x6ec/0x860
[  193.320102]  inet_sendmsg+0x40/0x68
[  193.321434]  __sys_sendto+0xd4/0x150
[  193.321729]  __arm64_sys_sendto+0x24/0x30
[  193.321979]  el0_svc_common.constprop.0+0x68/0x160
[  193.322235]  el0_svc_handler+0x20/0x80
[  193.323247]  el0_svc+0x8/0xc
[  193.324451] Code: 2a0703fb f9004fe8 f90067e2 f9400c78 (f9423909) 
[  193.327324] ---[ end trace e6c6ee245dad1c3c ]---
