[  192.689397] Unable to handle kernel paging request at virtual address ff800011d6bb4008
[  192.706258] Mem abort info:
[  192.707923]   ESR = 0x96000004
[  192.709935]   EC = 0x25: DABT (current EL), IL = 32 bits
[  192.715923]   SET = 0, FnV = 0
[  192.721707]   EA = 0, S1PTW = 0
[  192.726564] Data abort info:
[  192.730834]   ISV = 0, ISS = 0x00000004
[  192.732240]   CM = 0, WnR = 0
[  192.733555] [ff800011d6bb4008] address between user and kernel address ranges
[  192.746816] Internal error: Oops: 96000004 [#1] PREEMPT SMP
[  192.757472] Modules linked in:
[  192.775123] CPU: 5 PID: 494 Comm: python3 Not tainted 5.4.18 #2
[  192.776053] Hardware name: linux,dummy-virt (DT)
[  192.779594] pstate: 20000005 (nzCv daif -PAN -UAO)
[  192.787012] pc : __ip_append_data.isra.0+0x50/0xc30
[  192.787635] lr : ip_make_skb+0xec/0x140
[  192.788499] sp : ffff800011d6b9e0
[  192.792983] x29: ffff800011d6b9e0 x28: ffff00007b1df930 
[  192.794786] x27: 000000000000001a x26: ffff800011d6bd80 
[  192.803752] x25: ffff0000780c8cc0 x24: ffff00007962c240 
[  192.805024] x23: ffff800011d6bd80 x22: ffff0000780c8cc0 
[  192.805428] x21: ffff800011d6bc68 x20: ffff00007b1df000 
[  192.806318] x19: 0000000000000008 x18: 0000000000000000 
[  192.808035] x17: 0000000000000000 x16: 0000000000000000 
[  192.814510] x15: 0000000000000001 x14: 0000000000000000 
[  192.820253] x13: 0000000000000006 x12: 00000000c0a80164 
[  192.821884] x11: 0000000000000000 x10: 0000000000000068 
[  192.822374] x9 : 0000000000000000 x8 : ffff00007b1df000 
[  192.827715] x7 : 000000000000001a x6 : ffff800011d6bd80 
[  192.828089] x5 : ffff800010b762e8 x4 : ffff00007b1df930 
[  192.828425] x3 : ffff800011d6bc68 x2 : ff800011d6bb4000 
[  192.832739] x1 : ffff800011d6bc5c x0 : 0000000000000000 
[  192.836357] Call trace:
[  192.836719]  __ip_append_data.isra.0+0x50/0xc30
[  192.837180]  ip_make_skb+0xec/0x140
[  192.837622]  udp_sendmsg+0x6ec/0x860
[  192.838089]  inet_sendmsg+0x40/0x68
[  192.838424]  __sys_sendto+0xd4/0x150
[  192.838664]  __arm64_sys_sendto+0x24/0x30
[  192.839509]  el0_svc_common.constprop.0+0x68/0x160
[  192.840163]  el0_svc_handler+0x20/0x80
[  192.843986]  el0_svc+0x8/0xc
[  192.857013] Code: f90077e9 d2800009 f9003be5 f90043e3 (f940045a) 
[  192.872990] ---[ end trace af8848c988a4cd1d ]---
