[  193.422688] Unable to handle kernel NULL pointer dereference at virtual address 0000000000000030
[  193.430754] Mem abort info:
[  193.434161]   ESR = 0x96000046
[  193.438979]   EC = 0x25: DABT (current EL), IL = 32 bits
[  193.443419]   SET = 0, FnV = 0
[  193.449649]   EA = 0, S1PTW = 0
[  193.455391] Data abort info:
[  193.458285]   ISV = 0, ISS = 0x00000046
[  193.470726]   CM = 0, WnR = 1
[  193.482004] user pgtable: 4k pages, 48-bit VAs, pgdp=00000000b26f4000
[  193.486914] [0000000000000030] pgd=00000000b26f1003, pud=00000000b825b003, pmd=0000000000000000
[  193.510329] Internal error: Oops: 96000046 [#1] PREEMPT SMP
[  193.514774] Modules linked in:
[  193.519148] CPU: 7 PID: 492 Comm: python3 Not tainted 5.4.18 #2
[  193.522690] Hardware name: linux,dummy-virt (DT)
[  193.528111] pstate: 20000005 (nzCv daif -PAN -UAO)
[  193.541365] pc : ip_rcv_core.isra.0+0x190/0x320
[  193.547609] lr : ip_make_skb+0xec/0x140
[  193.550390] sp : ffff80001217bad0
[  193.551375] x29: ffff80001217bae0 x28: ffff80001217bb40 
[  193.557728] x27: 000000000000001a x26: ffff80001217bd80 
[  193.564385] x25: ffff800010b762e8 x24: 0000000000000000 
[  193.569025] x23: ffff80001217bc30 x22: ffff00007a5ac400 
[  193.573737] x21: ffff80001217bc68 x20: ffff00007b2baa00 
[  193.574165] x19: 0000000000000008 x18: 0000000000000000 
[  193.574962] x17: 0000000000000000 x16: 0000000000000000 
[  193.575351] x15: 0000000000000001 x14: 0000000000000000 
[  193.575546] x13: 0000000000000006 x12: 00000000c0a80164 
[  193.576428] x11: 0000000000000000 x10: 0000000000000068 
[  193.576639] x9 : 0000000000000000 x8 : 0000000000000000 
[  193.576838] x7 : 000000000000001a x6 : ffff80001217bd80 
[  193.577077] x5 : ffff800010b762e8 x4 : ffff00007b2bb330 
[  193.577544] x3 : ffff80001217bc68 x2 : ffff80001217bb40 
[  193.577999] x1 : ffff80001217bc5c x0 : ffff00007a5ac400 
[  193.579690] Call trace:
[  193.581935]  ip_rcv_core.isra.0+0x190/0x320
[  193.583057]  udp_sendmsg+0x6ec/0x860
[  193.587292]  inet_sendmsg+0x40/0x68
[  193.588951]  __sys_sendto+0xd4/0x150
[  193.589439]  __arm64_sys_sendto+0x24/0x30
[  193.590913]  el0_svc_common.constprop.0+0x68/0x160
[  193.591820]  el0_svc_handler+0x20/0x80
[  193.592133]  el0_svc+0x8/0xc
[  193.593987] Code: 54000723 6b02003f 54000ac1 f9403261 (a902fe7f) 
[  193.597480] ---[ end trace a4447c131528ce7b ]---
