[  192.348415] Kernel panic - not syncing: stack-protector: Kernel stack is corrupted in: udp_sendmsg+0x858/0x860
[  192.352968] CPU: 4 PID: 495 Comm: python3 Not tainted 5.4.18 #2
[  192.353625] Hardware name: linux,dummy-virt (DT)
[  192.354617] Call trace:
[  192.355135]  dump_backtrace+0x0/0x140
[  192.355620]  show_stack+0x14/0x20
[  192.355942]  dump_stack+0xb4/0xf8
[  192.356260]  panic+0x158/0x324
[  192.356540]  __stack_chk_fail+0x1c/0x20
[  192.356854]  udp_sendmsg+0x858/0x860
[  192.357156]  inet_sendmsg+0x40/0x68
[  192.357462]  __sys_sendto+0xd4/0x150
[  192.357811]  __arm64_sys_sendto+0x24/0x30
[  192.358248]  el0_svc_common.constprop.0+0x68/0x160
[  192.358633]  el0_svc_handler+0x20/0x80
[  192.358951]  el0_svc+0x8/0xc
[  192.362040] SMP: stopping secondary CPUs
[  192.365101] Kernel Offset: disabled
[  192.366043] CPU features: 0x0002,20006000
[  192.366518] Memory Limit: none
[  192.369328] ---[ end Kernel panic - not syncing: stack-protector: Kernel stack is corrupted in: udp_sendmsg+0x858/0x860 ]---
