[  193.774722] Kernel panic - not syncing: stack-protector: Kernel stack is corrupted in: ip_make_skb+0x140/0x140
[  193.786888] CPU: 6 PID: 496 Comm: python3 Not tainted 5.4.18 #2
[  193.788360] Hardware name: linux,dummy-virt (DT)
[  193.790654] Call trace:
[  193.791710]  dump_backtrace+0x0/0x140
[  193.792696]  show_stack+0x14/0x20
[  193.793417]  dump_stack+0xb4/0xf8
[  193.794401]  panic+0x158/0x324
[  193.794998]  __stack_chk_fail+0x1c/0x20
[  193.795977]  ip_send_unicast_reply+0x0/0x2c8
[  193.797597]  udp_sendmsg+0x6ec/0x860
[  193.798314]  inet_sendmsg+0x40/0x68
[  193.798999]  __sys_sendto+0xd4/0x150
[  193.799693]  __arm64_sys_sendto+0x24/0x30
[  193.800518]  el0_svc_common.constprop.0+0x68/0x160
[  193.801379]  el0_svc_handler+0x20/0x80
[  193.802118]  el0_svc+0x8/0xc
[  193.806906] SMP: stopping secondary CPUs
[  193.810967] Kernel Offset: disabled
[  193.812741] CPU features: 0x0002,20006000
[  193.813465] Memory Limit: none
[  193.817835] ---[ end Kernel panic - not syncing: stack-protector: Kernel stack is corrupted in: ip_make_skb+0x140/0x140 ]---
