[  192.983369] Unable to handle kernel paging request at virtual address 0000ffff84c32f6f
[  192.992723] Mem abort info:
[  192.993566]   ESR = 0x96000006
[  192.999886]   EC = 0x25: DABT (current EL), IL = 32 bits
[  193.004585]   SET = 0, FnV = 0
[  193.008376]   EA = 0, S1PTW = 0
[  193.009536] Data abort info:
[  193.010431]   ISV = 0, ISS = 0x00000006
[  193.013819]   CM = 0, WnR = 0
[  193.018278] user pgtable: 4k pages, 48-bit VAs, pgdp=00000000b9536000
[  193.028860] [0000ffff84c32f6f] pgd=00000000b29ce003, pud=00000000b6d8a003, pmd=0000000000000000
[  193.051457] Internal error: Oops: 96000006 [#1] PREEMPT SMP
[  193.054233] Modules linked in:
[  193.062092] CPU: 6 PID: 495 Comm: python3 Not tainted 5.4.18 #2
[  193.062734] Hardware name: linux,dummy-virt (DT)
[  193.065391] pstate: 20000005 (nzCv daif -PAN -UAO)
[  193.069700] pc : __ip_make_skb+0x44/0x3b0
[  193.070188] lr : ip_make_skb+0x108/0x140
[  193.070721] sp : ffff800011fbba70
[  193.072131] x29: ffff800011fbba70 x28: ffff800011fbbb40 
[  193.073488] x27: 000000000000001a x26: ffff800011fbbd80 
[  193.073977] x25: ffff800010b762e8 x24: ffff800011fbbc30 
[  193.074399] x23: ffff000072bf7000 x22: 0000ffff84c32f3f 
[  193.075355] x21: ffff800011fbbc68 x20: ffff800011fbbc68 
[  193.076703] x19: ffff00007a4c7900 x18: 0000000000000000 
[  193.077800] x17: 0000000000000000 x16: 0000000000000000 
[  193.079905] x15: 0000000000000001 x14: 0000000000000000 
[  193.082118] x13: 0000000000000006 x12: 00000000c0a80164 
[  193.083327] x11: 0000000000000000 x10: 0000000000000068 
[  193.084210] x9 : 0000000000000000 x8 : ffff00007a4c7900 
[  193.085052] x7 : 0000000000000012 x6 : ffff00007b256e3e 
[  193.085955] x5 : ffff00007b256e3e x4 : 0000000000000000 
[  193.088515] x3 : ffff800011fbbc68 x2 : ffff800011fbbb40 
[  193.092116] x1 : ffff800011fbbc30 x0 : 0000000000000000 
[  193.095152] Call trace:
[  193.097561]  __ip_make_skb+0x44/0x3b0
[  193.098458]  ip_make_skb+0x108/0x140
[  193.099102]  udp_sendmsg+0x6ec/0x860
[  193.100102]  inet_sendmsg+0x40/0x68
[  193.100731]  __sys_sendto+0xd4/0x150
[  193.101535]  __arm64_sys_sendto+0x24/0x30
[  193.103629]  el0_svc_common.constprop.0+0x68/0x160
[  193.105579]  el0_svc_handler+0x20/0x80
[  193.107037]  el0_svc+0x8/0xc
[  193.113341] Code: a90573fb b9401040 f9400c77 51000400 (f9401ad5) 
[  193.125317] ---[ end trace d1e10e79c323ae33 ]---
