[  193.465756] Unable to handle kernel paging request at virtual address 002600008788ec46
[  193.476265] Mem abort info:
[  193.477238]   ESR = 0x96000004
[  193.481673]   EC = 0x25: DABT (current EL), IL = 32 bits
[  193.484832]   SET = 0, FnV = 0
[  193.486254]   EA = 0, S1PTW = 0
[  193.488482] Data abort info:
[  193.488796]   ISV = 0, ISS = 0x00000004
[  193.489055]   CM = 0, WnR = 0
[  193.489542] [002600008788ec46] address between user and kernel address ranges
[  193.494357] Internal error: Oops: 96000004 [#1] PREEMPT SMP
[  193.502251] Modules linked in:
[  193.522234] CPU: 6 PID: 493 Comm: python3 Not tainted 5.4.18 #2
[  193.526578] Hardware name: linux,dummy-virt (DT)
[  193.530112] pstate: 80000005 (Nzcv daif -PAN -UAO)
[  193.546305] pc : ip_setup_cork+0xf0/0x180
[  193.550965] lr : ip_make_skb+0x78/0x140
[  193.551753] sp : ffff800011f73ad0
[  193.552371] x29: ffff800011f73ae0 x28: ffff800011f73b40 
[  193.553060] x27: 000000000000001a x26: ffff800011f73d80 
[  193.553952] x25: ffff800010b762e8 x24: ffff0000794c50c0 
[  193.556931] x23: 0000000000000000 x22: ffff0000794c50c0 
[  193.559564] x21: ffff800011f73c00 x20: ffff800011f73c08 
[  193.564245] x19: ffff800011f73c68 x18: 0000000000000000 
[  193.575279] x17: 0000000000000000 x16: 0000000000000000 
[  193.577533] x15: 0000000000000001 x14: 0000000000000000 
[  193.586055] x13: 0000000000000006 x12: 00000000c0a80164 
[  193.588265] x11: 0000000000000000 x10: 0000000000000068 
[  193.593619] x9 : 0000000000000000 x8 : 0000000000000000 
[  193.601052] x7 : ffff800011f73c00 x6 : ffff800011f73c08 
[  193.602228] x5 : 0000000000000008 x4 : 000000000000001a 
[  193.606700] x3 : ffff800011f73c00 x2 : ffff800011f73c08 
[  193.607581] x1 : ec2600008788ec26 x0 : ffff0000794c50c0 
[  193.610083] Call trace:
[  193.613190]  ip_setup_cork+0xf0/0x180
[  193.617596]  0xffff00007967f000
[  193.628662] Code: a8c47bfd d65f03c0 f94006c1 aa1603e0 (f9401021) 
[  193.634379] ---[ end trace 17db77eb4ebd4968 ]---
