[  193.858937] kernel BUG at arch/arm64/kernel/traps.c:405!
[  193.871581] Internal error: Oops - BUG: 0 [#1] PREEMPT SMP
[  193.874840] Modules linked in:
[  193.881140] CPU: 5 PID: 496 Comm: python3 Not tainted 5.4.18 #2
[  193.883539] Hardware name: linux,dummy-virt (DT)
[  193.885499] pstate: 00000005 (nzcv daif -PAN -UAO)
[  193.891137] pc : do_undefinstr+0x2ec/0x310
[  193.892090] lr : do_undefinstr+0x1e0/0x310
[  193.892947] sp : ffff800011fd3920
[  193.893727] x29: ffff800011fd3920 x28: ffff0000781eaa00 
[  193.894911] x27: ffff800011fd3d80 x26: 0000000000000011 
[  193.895906] x25: 0000000000000012 x24: 0000000000000000 
[  193.898952] x23: 0000000060000005 x22: ffff800010b79140 
[  193.899838] x21: ffff800011fd3ac0 x20: ffff0000781eaa00 
[  193.900770] x19: ffff800011fd3980 x18: 0000000000000000 
[  193.901646] x17: 0000000000000000 x16: 0000000000000000 
[  193.902663] x15: 0000000000000001 x14: 0000000000000000 
[  193.903543] x13: 0000000000000006 x12: 00000000c0a80164 
[  193.904505] x11: 0000000000000000 x10: 0000000000000068 
[  193.905382] x9 : ffff0000781eaa00 x8 : ffff800011fd3c30 
[  193.906318] x7 : 00000000bb500000 x6 : ffff800011fd3978 
[  193.907194] x5 : 00000000d5300000 x4 : ffff8000117c51f0 
[  193.908094] x3 : 00000000abb00000 x2 : 0000000000000000 
[  193.908989] x1 : ffff0000781eaa00 x0 : 0000000060000005 
[  193.910825] Call trace:
[  193.912477]  do_undefinstr+0x2ec/0x310
[  193.913751]  el1_undef+0x10/0x84
[  193.914268]  ip_output+0x0/0x1b0
[  193.914713]  ip_send_skb+0x1c/0xa8
[  193.915189]  udp_send_skb.isra.0+0x11c/0x368
[  193.915853]  udp_sendmsg+0x710/0x860
[  193.916446]  inet_sendmsg+0x40/0x68
[  193.917023]  __sys_sendto+0xd4/0x150
[  193.917653]  __arm64_sys_sendto+0x24/0x30
[  193.918337]  el0_svc_common.constprop.0+0x68/0x160
[  193.919067]  el0_svc_handler+0x20/0x80
[  193.919735]  el0_svc+0x8/0xc
[  193.920630] Code: f9401bf7 17ffff7c a9025bf5 f9001bf7 (d4210000) 
[  193.922309] ---[ end trace 5e166618d12edfed ]---
[  193.923122] note: python3[496] exited with preempt_count 1
[  194.037746] ------------[ cut here ]------------
[  194.040525] WARNING: CPU: 5 PID: 0 at kernel/rcu/tree.c:569 rcu_idle_enter+0x74/0x80
[  194.041055] Modules linked in:
[  194.041768] CPU: 5 PID: 0 Comm: swapper/5 Tainted: G      D           5.4.18 #2
[  194.044620] Hardware name: linux,dummy-virt (DT)
[  194.045710] pstate: 200003c5 (nzCv DAIF -PAN -UAO)
[  194.046427] pc : rcu_idle_enter+0x74/0x80
[  194.048578] lr : do_idle+0x200/0x288
[  194.049216] sp : ffff800011a6bf20
[  194.049701] x29: ffff800011a6bf20 x28: 0000000000000000 
[  194.050395] x27: 0000000000000000 x26: 0000000000000000 
[  194.053254] x25: 0000000000000000 x24: ffff8000117ba214 
[  194.055368] x23: ffff00007b0c5400 x22: ffff800011404ab8 
[  194.058049] x21: ffff8000117ba1f0 x20: 0000000000000005 
[  194.060630] x19: ffff8000117ba118 x18: 0000000000000010 
[  194.061551] x17: 0000000000000000 x16: 0000000000000000 
[  194.067239] x15: 00000000000000af x14: 0000000000000000 
[  194.084030] x13: 0000000000000001 x12: 0000000000000000 
[  194.093158] x11: 0000000000000400 x10: 00000000000009c0 
[  194.105389] x9 : ffff800011a6be90 x8 : ffff00007b0c5e20 
[  194.116562] x7 : 0000000000000000 x6 : 0000003cff439b64 
[  194.122441] x5 : 00ffffffffffffff x4 : ffff80006c7af000 
[  194.127506] x3 : 4000000000000002 x2 : 4000000000000000 
[  194.131933] x1 : ffff800011406980 x0 : ffff00007dbb5980 
[  194.135721] Call trace:
[  194.138258]  rcu_idle_enter+0x74/0x80
[  194.142043]  do_idle+0x200/0x288
[  194.144604]  cpu_startup_entry+0x20/0x40
[  194.146338]  secondary_start_kernel+0x154/0x190
[  194.148970] ---[ end trace 5e166618d12edfee ]---
