[  194.444686] Kernel panic - not syncing: stack-protector: Kernel stack is corrupted in: ip_output+0x1ac/0x1b0
[  194.453986] CPU: 0 PID: 492 Comm: python3 Not tainted 5.4.18 #2
[  194.456230] Hardware name: linux,dummy-virt (DT)
[  194.461667] Call trace:
[  194.463515]  dump_backtrace+0x0/0x140
[  194.464508]  show_stack+0x14/0x20
[  194.465254]  dump_stack+0xb4/0xf8
[  194.466159]  panic+0x158/0x324
[  194.466758]  __stack_chk_fail+0x1c/0x20
[  194.467424]  ip_output+0x1ac/0x1b0
[  194.468119]  ip_local_out+0x44/0x58
[  194.468757]  ip_send_skb+0x1c/0xa8
[  194.469388]  udp_send_skb.isra.0+0x11c/0x368
[  194.470327]  udp_sendmsg+0x710/0x860
[  194.472200]  inet_sendmsg+0x40/0x68
[  194.473798]  __sys_sendto+0xd4/0x150
[  194.476837]  __arm64_sys_sendto+0x24/0x30
[  194.477606]  el0_svc_common.constprop.0+0x68/0x160
[  194.478624]  el0_svc_handler+0x20/0x80
[  194.480126]  el0_svc+0x8/0xc
[  194.485157] SMP: stopping secondary CPUs
[  194.491166] Kernel Offset: disabled
[  194.491662] CPU features: 0x0002,20006000
[  194.491996] Memory Limit: none
[  194.495284] ---[ end Kernel panic - not syncing: stack-protector: Kernel stack is corrupted in: ip_output+0x1ac/0x1b0 ]---
