[  193.845705] kernel BUG at arch/arm64/kernel/traps.c:405!
[  193.853531] Internal error: Oops - BUG: 0 [#1] PREEMPT SMP
[  193.856037] Modules linked in:
[  193.862205] CPU: 7 PID: 492 Comm: python3 Not tainted 5.4.18 #2
[  193.863755] Hardware name: linux,dummy-virt (DT)
[  193.866215] pstate: 00000005 (nzcv daif -PAN -UAO)
[  193.872303] pc : do_undefinstr+0x2ec/0x310
[  193.873403] lr : do_undefinstr+0x1e0/0x310
[  193.874284] sp : ffff8000120c3890
[  193.877134] x29: ffff8000120c3890 x28: ffff0000796aaa00 
[  193.878595] x27: ffff8000120c3d80 x26: 0000000000000011 
[  193.879549] x25: 0000000000000012 x24: 0000000000000000 
[  193.880518] x23: 0000000060000005 x22: ffff800010b791e0 
[  193.881363] x21: ffff8000120c3a30 x20: ffff0000796aaa00 
[  193.882168] x19: ffff8000120c38f0 x18: 0000000000000000 
[  193.883035] x17: 0000000000000000 x16: 0000000000000000 
[  193.883806] x15: 0000000000000001 x14: 0000000000000000 
[  193.884853] x13: 0000000000000006 x12: 00000000c0a80164 
[  193.885569] x11: 0000000000000000 x10: 0000000000000068 
[  193.886289] x9 : ffff0000796aaa00 x8 : ffff8000120c3c30 
[  193.886966] x7 : 0000000058100000 x6 : 000000000000001f 
[  193.887585] x5 : 0000000000000000 x4 : ffff8000117c51f0 
[  193.888191] x3 : 0000000000000005 x2 : 0000000000000000 
[  193.889176] x1 : ffff0000796aaa00 x0 : 0000000060000005 
[  193.891082] Call trace:
[  193.891635]  do_undefinstr+0x2ec/0x310
[  193.892068]  el1_undef+0x10/0x84
[  193.892504]  ip_output+0xa0/0x1b0
[  193.892884]  ip_local_out+0x44/0x58
[  193.893213]  ip_send_skb+0x1c/0xa8
[  193.893531]  udp_send_skb.isra.0+0x11c/0x368
[  193.893914]  udp_sendmsg+0x710/0x860
[  193.894227]  inet_sendmsg+0x40/0x68
[  193.894536]  __sys_sendto+0xd4/0x150
[  193.894857]  __arm64_sys_sendto+0x24/0x30
[  193.895189]  el0_svc_common.constprop.0+0x68/0x160
[  193.895540]  el0_svc_handler+0x20/0x80
[  193.895832]  el0_svc+0x8/0xc
[  193.896689] Code: f9401bf7 17ffff7c a9025bf5 f9001bf7 (d4210000) 
[  193.898398] ---[ end trace 749055780ceafdd3 ]---
[  193.899257] note: python3[492] exited with preempt_count 2
[  193.965984] ------------[ cut here ]------------
[  193.969890] WARNING: CPU: 7 PID: 0 at kernel/rcu/tree.c:569 rcu_idle_enter+0x74/0x80
[  193.970793] Modules linked in:
[  193.971793] CPU: 7 PID: 0 Comm: swapper/7 Tainted: G      D           5.4.18 #2
[  193.972215] Hardware name: linux,dummy-virt (DT)
[  193.973649] pstate: 200003c5 (nzCv DAIF -PAN -UAO)
[  193.978461] pc : rcu_idle_enter+0x74/0x80
[  193.981991] lr : do_idle+0x200/0x288
[  193.983958] sp : ffff800011a7bf20
[  193.984327] x29: ffff800011a7bf20 x28: 0000000000000000 
[  193.985466] x27: 0000000000000000 x26: 0000000000000000 
[  193.985969] x25: 0000000000000000 x24: ffff8000117ba214 
[  193.986273] x23: ffff00007b0c7000 x22: ffff800011404ab8 
[  193.986571] x21: ffff8000117ba1f0 x20: 0000000000000007 
[  193.987314] x19: ffff8000117ba118 x18: 0000000000000010 
[  193.989348] x17: 0000000000000000 x16: 0000000000000000 
[  193.990339] x15: 000000000000014b x14: 0000000000000000 
[  193.991829] x13: 0000000000000002 x12: 0000000000000000 
[  193.993287] x11: 0000000000000000 x10: 00000000000009c0 
[  193.996632] x9 : ffff800011a7be90 x8 : ffff00007b0c7a20 
[  193.999338] x7 : 00000000000003ec x6 : 000001acc67e7d86 
[  194.003088] x5 : 00ffffffffffffff x4 : ffff80006c7db000 
[  194.004545] x3 : 4000000000000002 x2 : 4000000000000000 
[  194.008399] x1 : ffff800011406980 x0 : ffff00007dbe1980 
[  194.008962] Call trace:
[  194.010574]  rcu_idle_enter+0x74/0x80
[  194.014396]  do_idle+0x200/0x288
[  194.015467]  cpu_startup_entry+0x24/0x40
[  194.016758]  secondary_start_kernel+0x154/0x190
[  194.018924] ---[ end trace 749055780ceafdd4 ]---
