[  192.096577] kernel BUG at arch/arm64/kernel/traps.c:405!
[  192.108744] Internal error: Oops - BUG: 0 [#1] PREEMPT SMP
[  192.113122] Modules linked in:
[  192.120031] CPU: 4 PID: 492 Comm: python3 Not tainted 5.4.18 #2
[  192.121864] Hardware name: linux,dummy-virt (DT)
[  192.124863] pstate: 00000005 (nzcv daif -PAN -UAO)
[  192.132622] pc : do_undefinstr+0x2ec/0x310
[  192.133514] lr : do_undefinstr+0x1e0/0x310
[  192.134992] sp : ffff800011d5b890
[  192.135669] x29: ffff800011d5b890 x28: ffff00007b246200 
[  192.136728] x27: ffff800011d5bd80 x26: 0000000000000011 
[  192.137578] x25: 0000000000000012 x24: 0000000000000000 
[  192.138567] x23: 0000000060000005 x22: ffff800010b79198 
[  192.139586] x21: ffff800011d5ba30 x20: ffff00007b246200 
[  192.140609] x19: ffff800011d5b8f0 x18: 0000000000000000 
[  192.141292] x17: 0000000000000000 x16: 0000000000000000 
[  192.141964] x15: 0000000000000001 x14: 0000000000000000 
[  192.142559] x13: 0000000000000006 x12: 00000000c0a80164 
[  192.143125] x11: 0000000000000000 x10: 0000000000000068 
[  192.143663] x9 : ffff00007b246200 x8 : ffff800011d5bc30 
[  192.144331] x7 : 000000003a900000 x6 : 000000000000001f 
[  192.144872] x5 : 0000000000000000 x4 : ffff8000117c51f0 
[  192.145385] x3 : 0000000000000005 x2 : 0000000000000000 
[  192.145940] x1 : ffff00007b246200 x0 : 0000000060000005 
[  192.146907] Call trace:
[  192.147352]  do_undefinstr+0x2ec/0x310
[  192.147732]  el1_undef+0x10/0x84
[  192.148081]  ip_output+0x58/0x1b0
[  192.148364]  ip_local_out+0x44/0x58
[  192.148666]  ip_send_skb+0x1c/0xa8
[  192.148976]  udp_send_skb.isra.0+0x11c/0x368
[  192.149304]  udp_sendmsg+0x710/0x860
[  192.149590]  inet_sendmsg+0x40/0x68
[  192.149917]  __sys_sendto+0xd4/0x150
[  192.150208]  __arm64_sys_sendto+0x24/0x30
[  192.150525]  el0_svc_common.constprop.0+0x68/0x160
[  192.150880]  el0_svc_handler+0x20/0x80
[  192.151177]  el0_svc+0x8/0xc
[  192.152093] Code: f9401bf7 17ffff7c a9025bf5 f9001bf7 (d4210000) 
[  192.154054] ---[ end trace e89c1c6156afcbf4 ]---
[  192.155161] note: python3[492] exited with preempt_count 2
[  192.229580] ------------[ cut here ]------------
[  192.240130] WARNING: CPU: 4 PID: 0 at kernel/rcu/tree.c:569 rcu_idle_enter+0x74/0x80
[  192.242535] Modules linked in:
[  192.245974] CPU: 4 PID: 0 Comm: swapper/4 Tainted: G      D           5.4.18 #2
[  192.251896] Hardware name: linux,dummy-virt (DT)
[  192.255159] pstate: 200003c5 (nzCv DAIF -PAN -UAO)
[  192.261890] pc : rcu_idle_enter+0x74/0x80
[  192.264065] lr : do_idle+0x200/0x288
[  192.265499] sp : ffff800011a63f20
[  192.265789] x29: ffff800011a63f20 x28: 0000000000000000 
[  192.266224] x27: 0000000000000000 x26: 0000000000000000 
[  192.268373] x25: 0000000000000000 x24: ffff8000117ba214 
[  192.269750] x23: ffff00007b0c4600 x22: ffff800011404ab8 
[  192.270445] x21: ffff8000117ba1f0 x20: 0000000000000004 
[  192.272690] x19: ffff8000117ba118 x18: 0000000000000010 
[  192.275942] x17: 0000000000000000 x16: 0000000000000000 
[  192.277425] x15: ffff00007b246670 x14: 0000000000000001 
[  192.278445] x13: 0000000000000001 x12: 0000000000000000 
[  192.284164] x11: 0000000000000400 x10: 00000000000009c0 
[  192.285246] x9 : ffff800011a63e90 x8 : ffff00007b0c5020 
[  192.286213] x7 : 0000000000000000 x6 : 000004790d474996 
[  192.289087] x5 : 00ffffffffffffff x4 : ffff80006c799000 
[  192.292799] x3 : 4000000000000002 x2 : 4000000000000000 
[  192.294480] x1 : ffff800011406980 x0 : ffff00007db9f980 
[  192.295094] Call trace:
[  192.295388]  rcu_idle_enter+0x74/0x80
[  192.295791]  do_idle+0x200/0x288
[  192.299076]  cpu_startup_entry+0x24/0x40
[  192.299934]  secondary_start_kernel+0x154/0x190
[  192.302787] ---[ end trace e89c1c6156afcbf5 ]---
