[  193.755903] kernel BUG at arch/arm64/kernel/traps.c:405!
[  193.768002] Internal error: Oops - BUG: 0 [#1] PREEMPT SMP
[  193.771161] Modules linked in:
[  193.776931] CPU: 3 PID: 494 Comm: python3 Not tainted 5.4.18 #2
[  193.780593] Hardware name: linux,dummy-virt (DT)
[  193.783194] pstate: 00000005 (nzcv daif -PAN -UAO)
[  193.789452] pc : do_undefinstr+0x2ec/0x310
[  193.790254] lr : do_undefinstr+0x1e0/0x310
[  193.791085] sp : ffff800011fd3890
[  193.791767] x29: ffff800011fd3890 x28: ffff000075ef2a00 
[  193.793751] x27: ffff800011fd3d80 x26: 0000000000000011 
[  193.795950] x25: 0000000000000012 x24: 0000000000000000 
[  193.796773] x23: 0000000060000005 x22: ffff800010b79234 
[  193.797525] x21: ffff800011fd3a30 x20: ffff000075ef2a00 
[  193.798466] x19: ffff800011fd38f0 x18: 0000000000000000 
[  193.799472] x17: 0000000000000000 x16: 0000000000000000 
[  193.800430] x15: 0000000000000001 x14: 0000000000000000 
[  193.801760] x13: 0000000000000006 x12: 000000000000003c 
[  193.803053] x11: 0000000000000000 x10: 0000000000000000 
[  193.804361] x9 : ffff00007a4f5540 x8 : 0000000000000028 
[  193.805330] x7 : ffff000071a1c000 x6 : ffff800011fd38e8 
[  193.806563] x5 : 00000000d5300000 x4 : ffff8000117c51f0 
[  193.807564] x3 : 0000000091900000 x2 : 0000000000000000 
[  193.808822] x1 : ffff000075ef2a00 x0 : 0000000060000005 
[  193.812272] Call trace:
[  193.812966]  do_undefinstr+0x2ec/0x310
[  193.813635]  el1_undef+0x10/0x84
[  193.814263]  ip_output+0xf4/0x1b0
[  193.814863]  ip_local_out+0x44/0x58
[  193.815547]  ip_send_skb+0x1c/0xa8
[  193.816175]  udp_send_skb.isra.0+0x11c/0x368
[  193.816890]  udp_sendmsg+0x710/0x860
[  193.817646]  inet_sendmsg+0x40/0x68
[  193.818290]  __sys_sendto+0xd4/0x150
[  193.818932]  __arm64_sys_sendto+0x24/0x30
[  193.819690]  el0_svc_common.constprop.0+0x68/0x160
[  193.820478]  el0_svc_handler+0x20/0x80
[  193.821138]  el0_svc+0x8/0xc
[  193.823378] Code: f9401bf7 17ffff7c a9025bf5 f9001bf7 (d4210000) 
[  193.829587] ---[ end trace e01b07dc347148f5 ]---
[  193.831496] note: python3[494] exited with preempt_count 1
[  193.923388] ------------[ cut here ]------------
[  193.925118] WARNING: CPU: 3 PID: 0 at kernel/rcu/tree.c:569 rcu_idle_enter+0x74/0x80
[  193.932456] Modules linked in:
[  193.935657] CPU: 3 PID: 0 Comm: swapper/3 Tainted: G      D           5.4.18 #2
[  193.948015] Hardware name: linux,dummy-virt (DT)
[  193.951858] pstate: 200003c5 (nzCv DAIF -PAN -UAO)
[  193.956180] pc : rcu_idle_enter+0x74/0x80
[  193.966213] lr : do_idle+0x200/0x288
[  193.966842] sp : ffff800011a5bf20
[  193.967515] x29: ffff800011a5bf20 x28: 0000000000000000 
[  193.967833] x27: 0000000000000000 x26: 0000000000000000 
[  193.968125] x25: 0000000000000000 x24: ffff8000117ba214 
[  193.968408] x23: ffff00007b0c3800 x22: ffff800011404ab8 
[  193.969856] x21: ffff8000117ba1f0 x20: 0000000000000003 
[  193.970039] x19: ffff8000117ba118 x18: 0000000000000010 
[  193.970213] x17: 0000000000000000 x16: 0000000000000000 
[  193.970384] x15: 0000000000000000 x14: 0000000000000000 
[  193.981831] x13: 0000000000000aff x12: 00000000000000c4 
[  193.991959] x11: 00000000002c0d00 x10: 00000000000009c0 
[  193.998531] x9 : ffff800011a5be90 x8 : ffff00007b0c4220 
[  194.001413] x7 : ffff00007db47800 x6 : 000005aaf8d1c1aa 
[  194.007694] x5 : 00ffffffffffffff x4 : ffff80006c783000 
[  194.011868] x3 : 4000000000000002 x2 : 4000000000000000 
[  194.012982] x1 : ffff800011406980 x0 : ffff00007db89980 
[  194.014620] Call trace:
[  194.014913]  rcu_idle_enter+0x74/0x80
[  194.015292]  do_idle+0x200/0x288
[  194.015585]  cpu_startup_entry+0x20/0x40
[  194.016019]  secondary_start_kernel+0x154/0x190
[  194.018261] ---[ end trace e01b07dc347148f6 ]---
