[  194.611125] Unable to handle kernel paging request at virtual address 0000000100000010
[  194.626534] Mem abort info:
[  194.627276]   ESR = 0x96000005
[  194.630085]   EC = 0x25: DABT (current EL), IL = 32 bits
[  194.632450]   SET = 0, FnV = 0
[  194.638031]   EA = 0, S1PTW = 0
[  194.639944] Data abort info:
[  194.640554]   ISV = 0, ISS = 0x00000005
[  194.642696]   CM = 0, WnR = 0
[  194.644347] user pgtable: 4k pages, 48-bit VAs, pgdp=00000000b35f1000
[  194.647731] [0000000100000010] pgd=00000000b9bc4003, pud=0000000000000000
[  194.659822] Internal error: Oops: 96000005 [#1] PREEMPT SMP
[  194.673093] Modules linked in:
[  194.683541] CPU: 1 PID: 492 Comm: python3 Not tainted 5.4.18 #2
[  194.687708] Hardware name: linux,dummy-virt (DT)
[  194.689075] pstate: 60000005 (nZCv daif -PAN -UAO)
[  194.695051] pc : ip_output+0x120/0x1b0
[  194.696252] lr : ip_local_out+0x44/0x58
[  194.697335] sp : ffff800011f0ba30
[  194.697965] x29: ffff800011f0ba30 x28: 000000000000001a 
[  194.700365] x27: ffff800011f0bd80 x26: 0000000000000011 
[  194.702985] x25: 0000000000000012 x24: ffff000079b68000 
[  194.703248] x23: ffff000079682a80 x22: ffff00007b23f000 
[  194.703439] x21: ffff800011963ac0 x20: ffff000078359200 
[  194.703615] x19: ffff80001140c380 x18: 0000000000000000 
[  194.703800] x17: 0000000000000000 x16: 0000000000000000 
[  194.703991] x15: 0000000000000001 x14: 0000000000000000 
[  194.704184] x13: 0000000000000006 x12: 00000000c0a80164 
[  194.704374] x11: 0000000000000000 x10: 0000000000000068 
[  194.704579] x9 : ffff00007b23f000 x8 : ffff800011f0bc30 
[  194.705191] x7 : 0000000046e00000 x6 : 00000000000000dd 
[  194.705999] x5 : 000000000000008c x4 : 0000000000000001 
[  194.706511] x3 : ffff80001140c3a8 x2 : ffff00007b23f000 
[  194.707277] x1 : 0000000000000000 x0 : 0000000100000000 
[  194.708569] Call trace:
[  194.711060]  ip_output+0x120/0x1b0
[  194.712577]  ip_local_out+0x44/0x58
[  194.714098]  ip_send_skb+0x1c/0xa8
[  194.714490]  udp_send_skb.isra.0+0x11c/0x368
[  194.714958]  udp_sendmsg+0x710/0x860
[  194.715332]  inet_sendmsg+0x40/0x68
[  194.715931]  __sys_sendto+0xd4/0x150
[  194.716295]  __arm64_sys_sendto+0x24/0x30
[  194.716709]  el0_svc_common.constprop.0+0x68/0x160
[  194.717631]  el0_svc_handler+0x20/0x80
[  194.723302]  el0_svc+0x8/0xc
[  194.727382] Code: a9425bf5 a94363f7 a8c97bfd d65f03c0 (f9400800) 
[  194.734542] ---[ end trace 1647614d2c1ab86c ]---
