[  193.769633] Unable to handle kernel paging request at virtual address 00007fffee69c6bf
[  193.781646] Mem abort info:
[  193.785045]   ESR = 0x96000004
[  193.788423]   EC = 0x25: DABT (current EL), IL = 32 bits
[  193.797846]   SET = 0, FnV = 0
[  193.805721]   EA = 0, S1PTW = 0
[  193.810655] Data abort info:
[  193.819808]   ISV = 0, ISS = 0x00000004
[  193.824930]   CM = 0, WnR = 0
[  193.839463] user pgtable: 4k pages, 48-bit VAs, pgdp=00000000b815e000
[  193.847406] [00007fffee69c6bf] pgd=0000000000000000
[  193.857877] Internal error: Oops: 96000004 [#1] PREEMPT SMP
[  193.864440] Modules linked in:
[  193.871733] CPU: 0 PID: 495 Comm: python3 Not tainted 5.4.18 #2
[  193.873854] Hardware name: linux,dummy-virt (DT)
[  193.877381] pstate: 60000005 (nZCv daif -PAN -UAO)
[  193.888267] pc : ip_output+0x44/0x1b0
[  193.893803] lr : ip_local_out+0x44/0x58
[  193.896434] sp : ffff800011fa3a30
[  193.897546] x29: ffff800011fa3a30 x28: 000000000000001a 
[  193.900077] x27: ffff800011fa3d80 x26: 0000000000000011 
[  193.905217] x25: 0000000000000012 x24: ffff0000795ed024 
[  193.909475] x23: ffff00007aac3b80 x22: ffff000078058e00 
[  193.911472] x21: 00007fffee69c53f x20: ffff000079bdbb00 
[  193.912480] x19: ffff000079bdbb00 x18: 0000000000000000 
[  193.913321] x17: 0000000000000000 x16: 0000000000000000 
[  193.917226] x15: 0000000000000001 x14: 0000000000000000 
[  193.919307] x13: 0000000000000006 x12: 00000000c0a80164 
[  193.921369] x11: 0000000000000000 x10: 0000000000000068 
[  193.927702] x9 : ffff000078058e00 x8 : ffff800011fa3c30 
[  193.939597] x7 : 000000001bc00000 x6 : 0000000000003fc8 
[  193.944075] x5 : ffff0000795ed024 x4 : ffff0000795ed024 
[  193.950974] x3 : ffff000075c4f240 x2 : ffff000078058e00 
[  193.954175] x1 : ffff00007aac3b80 x0 : 0000000000000001 
[  193.959800] Call trace:
[  193.966953]  ip_output+0x44/0x1b0
[  193.971480]  ip_local_out+0x44/0x58
[  193.972089]  ip_send_skb+0x1c/0xa8
[  193.972667]  udp_send_skb.isra.0+0x11c/0x368
[  193.979076]  udp_sendmsg+0x710/0x860
[  193.982738]  inet_sendmsg+0x40/0x68
[  193.983362]  __sys_sendto+0xd4/0x150
[  193.984017]  __arm64_sys_sendto+0x24/0x30
[  193.984705]  el0_svc_common.constprop.0+0x68/0x160
[  193.985545]  el0_svc_handler+0x20/0x80
[  193.993794]  el0_svc+0x8/0xc
[  194.000556] Code: f9402e83 b9401040 927ff863 11000400 (f940c2b3) 
[  194.012306] ---[ end trace f34b50b1597af29c ]---
