[  194.048536] kernel BUG at arch/arm64/kernel/traps.c:405!
[  194.064058] Internal error: Oops - BUG: 0 [#1] PREEMPT SMP
[  194.066949] Modules linked in:
[  194.077752] CPU: 6 PID: 492 Comm: python3 Not tainted 5.4.18 #2
[  194.079308] Hardware name: linux,dummy-virt (DT)
[  194.082016] pstate: 00000005 (nzcv daif -PAN -UAO)
[  194.091104] pc : do_undefinstr+0x2ec/0x310
[  194.092228] lr : do_undefinstr+0x1e0/0x310
[  194.093433] sp : ffff800011db3890
[  194.094258] x29: ffff800011db3890 x28: ffff00007931d400 
[  194.095579] x27: ffff800011db3d80 x26: 0000000000000011 
[  194.096548] x25: 0000000000000012 x24: 0000000000000000 
[  194.097594] x23: 0000000060000005 x22: ffff800010b79150 
[  194.098568] x21: ffff800011db3a30 x20: ffff00007931d400 
[  194.101113] x19: ffff800011db38f0 x18: 0000000000000000 
[  194.103395] x17: 0000000000000000 x16: 0000000000000000 
[  194.104423] x15: 0000000000000001 x14: 0000000000000000 
[  194.105484] x13: 0000000000000006 x12: 00000000c0a80164 
[  194.106450] x11: 0000000000000000 x10: 0000000000000068 
[  194.107454] x9 : ffff00007931d400 x8 : ffff800011db3c30 
[  194.108394] x7 : 0000000088700000 x6 : ffff800011db38e8 
[  194.109335] x5 : 00000000d5300000 x4 : ffff8000117c51f0 
[  194.110221] x3 : 00000000dd300000 x2 : 0000000000000000 
[  194.111156] x1 : ffff00007931d400 x0 : 0000000060000005 
[  194.112983] Call trace:
[  194.113850]  do_undefinstr+0x2ec/0x310
[  194.116329]  el1_undef+0x10/0x84
[  194.117956]  ip_output+0x10/0x1b0
[  194.118585]  ip_local_out+0x44/0x58
[  194.119263]  ip_send_skb+0x1c/0xa8
[  194.119896]  udp_send_skb.isra.0+0x11c/0x368
[  194.120615]  udp_sendmsg+0x710/0x860
[  194.121351]  inet_sendmsg+0x40/0x68
[  194.121990]  __sys_sendto+0xd4/0x150
[  194.122579]  __arm64_sys_sendto+0x24/0x30
[  194.123476]  el0_svc_common.constprop.0+0x68/0x160
[  194.124210]  el0_svc_handler+0x20/0x80
[  194.124821]  el0_svc+0x8/0xc
[  194.126732] Code: f9401bf7 17ffff7c a9025bf5 f9001bf7 (d4210000) 
[  194.130694] ---[ end trace a70b556b800dc942 ]---
[  194.134408] note: python3[492] exited with preempt_count 1
[  194.217241] ------------[ cut here ]------------
[  194.220468] WARNING: CPU: 6 PID: 0 at kernel/rcu/tree.c:569 rcu_idle_enter+0x74/0x80
[  194.228489] Modules linked in:
[  194.242030] CPU: 6 PID: 0 Comm: swapper/6 Tainted: G      D           5.4.18 #2
[  194.258405] Hardware name: linux,dummy-virt (DT)
[  194.258742] pstate: 20000085 (nzCv daIf -PAN -UAO)
[  194.259074] pc : rcu_idle_enter+0x74/0x80
[  194.259381] lr : do_idle+0x200/0x288
[  194.259662] sp : ffff800011a73f20
[  194.260047] x29: ffff800011a73f20 x28: 0000000000000000 
[  194.266272] x27: 0000000000000000 x26: 0000000000000000 
[  194.282886] x25: 0000000000000000 x24: ffff8000117ba214 
[  194.291884] x23: ffff00007b0c6200 x22: ffff800011404ab8 
[  194.310188] x21: ffff8000117ba1f0 x20: 0000000000000006 
[  194.320328] x19: ffff8000117ba118 x18: 0000000000000010 
[  194.332396] x17: 0000000000000000 x16: 0000000000000000 
[  194.354960] x15: 0000000000000000 x14: 0000000000000000 
[  194.375681] x13: 0000000000000002 x12: 0000000000000000 
[  194.393922] x11: 0000000000000000 x10: 00000000000009c0 
[  194.397850] x9 : ffff800011a73e90 x8 : ffff00007b0c6c20 
[  194.404131] x7 : ffff80006c7c5000 x6 : 00000117a7e8912d 
[  194.414102] x5 : 00ffffffffffffff x4 : 0015b69673800000 
[  194.426887] x3 : 4000000000000002 x2 : 4000000000000000 
[  194.436297] x1 : ffff800011406980 x0 : ffff00007dbcb980 
[  194.446842] Call trace:
[  194.450211]  rcu_idle_enter+0x74/0x80
[  194.460418]  do_idle+0x200/0x288
[  194.464873]  cpu_startup_entry+0x24/0x40
[  194.468221]  secondary_start_kernel+0x154/0x190
[  194.478016] ---[ end trace a70b556b800dc943 ]---
