[  193.875062] Unable to handle kernel paging request at virtual address 00000000000077e7
[  193.884450] Mem abort info:
[  193.886880]   ESR = 0x96000046
[  193.887829]   EC = 0x25: DABT (current EL), IL = 32 bits
[  193.889949]   SET = 0, FnV = 0
[  193.891892]   EA = 0, S1PTW = 0
[  193.895791] Data abort info:
[  193.900633]   ISV = 0, ISS = 0x00000046
[  193.902364]   CM = 0, WnR = 1
[  193.911499] user pgtable: 4k pages, 48-bit VAs, pgdp=00000000b17b4000
[  193.912563] [00000000000077e7] pgd=00000000b5c84003, pud=00000000b5c87003, pmd=0000000000000000
[  193.935842] Internal error: Oops: 96000046 [#1] PREEMPT SMP
[  193.943289] Modules linked in:
[  193.953647] CPU: 3 PID: 491 Comm: python3 Not tainted 5.4.18 #2
[  193.954969] Hardware name: linux,dummy-virt (DT)
[  193.959876] pstate: 60000005 (nZCv daif -PAN -UAO)
[  193.973553] pc : ip_output+0x78/0x1b0
[  193.974996] lr : ip_local_out+0x44/0x58
[  193.975353] sp : ffff800011fa3a30
[  193.975550] x29: ffff800011fa3a30 x28: 000000000000001a 
[  193.983155] x27: ffff800011fa3d80 x26: 0000000000000011 
[  193.989003] x25: 0000000000000012 x24: ffff000079b70000 
[  193.989521] x23: ffff00007b229dc0 x22: ffff000079bb6200 
[  193.989923] x21: ffff800011963ac0 x20: ffff00007a923c00 
[  193.990814] x19: ffff80001140c380 x18: 0000000000000000 
[  193.991864] x17: 0000000000000000 x16: 0000000000000000 
[  193.992869] x15: 0000000000000001 x14: 0000000000000000 
[  193.994458] x13: 0000000000000006 x12: 00000000c0a80164 
[  193.995837] x11: 0000000000000000 x10: 0000000000000068 
[  193.997402] x9 : ffff000079bb6200 x8 : ffff800011fa3c30 
[  193.998781] x7 : 0000000054000000 x6 : 00000000000077d7 
[  193.999827] x5 : 0000000000000037 x4 : 0000000000000001 
[  194.002478] x3 : ffff80001140c3a8 x2 : ffff000079bb6200 
[  194.004126] x1 : 0000000000000000 x0 : 0000000100000000 
[  194.007867] Call trace:
[  194.009565]  ip_output+0x78/0x1b0
[  194.010528]  ip_local_out+0x44/0x58
[  194.011893]  ip_send_skb+0x1c/0xa8
[  194.012924]  udp_send_skb.isra.0+0x11c/0x368
[  194.014489]  udp_sendmsg+0x710/0x860
[  194.015756]  inet_sendmsg+0x40/0x68
[  194.016763]  __sys_sendto+0xd4/0x150
[  194.019882]  __arm64_sys_sendto+0x24/0x30
[  194.022120]  el0_svc_common.constprop.0+0x68/0x160
[  194.030063]  el0_svc_handler+0x20/0x80
[  194.035923]  el0_svc+0x8/0xc
[  194.042504] Code: c8017c05 35ffffa1 f9400840 d1000400 (b90010c0) 
[  194.059369] ---[ end trace 75bd512b76255e0a ]---
[  194.070121] note: python3[491] exited with preempt_count 1
