[  193.408873] Unable to handle kernel NULL pointer dereference at virtual address 0000000000000190
[  193.418983] Mem abort info:
[  193.419907]   ESR = 0x96000006
[  193.420879]   EC = 0x25: DABT (current EL), IL = 32 bits
[  193.425576]   SET = 0, FnV = 0
[  193.431282]   EA = 0, S1PTW = 0
[  193.432689] Data abort info:
[  193.433584]   ISV = 0, ISS = 0x00000006
[  193.438878]   CM = 0, WnR = 0
[  193.446174] user pgtable: 4k pages, 48-bit VAs, pgdp=00000000b058d000
[  193.452615] [0000000000000190] pgd=00000000b0df5003, pud=00000000b3193003, pmd=0000000000000000
[  193.475496] Internal error: Oops: 96000006 [#1] PREEMPT SMP
[  193.482672] Modules linked in:
[  193.488180] CPU: 4 PID: 494 Comm: python3 Not tainted 5.4.18 #2
[  193.488952] Hardware name: linux,dummy-virt (DT)
[  193.491936] pstate: 80000005 (Nzcv daif -PAN -UAO)
[  193.501527] pc : udp_send_skb.isra.0+0x144/0x368
[  193.504816] lr : udp_send_skb.isra.0+0x11c/0x368
[  193.507755] sp : ffff800011f5bb20
[  193.508815] x29: ffff800011f5bb20 x28: 000000000000001a 
[  193.510754] x27: ffff800011f5bd80 x26: 0000000000000011 
[  193.512872] x25: 0000000000000012 x24: ffff0000780f1a24 
[  193.513387] x23: ffff800011f5bc30 x22: ffff00007a48b648 
[  193.513679] x21: 0000000000000011 x20: 000000000000001a 
[  193.519353] x19: ffff0000794bd900 x18: 0000000000000000 
[  193.521059] x17: 0000000000000000 x16: 0000000000000000 
[  193.524448] x15: 0000000000000001 x14: 0000000000000000 
[  193.527310] x13: 0000000000000006 x12: 000000000000003c 
[  193.529039] x11: ffff00007059d000 x10: 0000000000000000 
[  193.533869] x9 : ffff000075b02540 x8 : 0000000000000028 
[  193.541873] x7 : ffff000079446000 x6 : 0000000022100000 
[  193.546756] x5 : 0000000000000000 x4 : ffff000079446000 
[  193.548813] x3 : 0000000000000001 x2 : ffff80006c799000 
[  193.556692] x1 : ffff00007a93aa00 x0 : 0000000000000000 
[  193.572702] Call trace:
[  193.581130]  udp_send_skb.isra.0+0x144/0x368
[  193.584545]  udp_sendmsg+0x710/0x860
[  193.588335]  inet_sendmsg+0x40/0x68
[  193.592477]  __sys_sendto+0xd4/0x150
[  193.593631]  __arm64_sys_sendto+0x24/0x30
[  193.595170]  el0_svc_common.constprop.0+0x68/0x160
[  193.595988]  el0_svc_handler+0x20/0x80
[  193.596870]  el0_svc+0x8/0xc
[  193.604495] Code: b9001020 f9401ac0 d2800023 d538d082 (f940c800) 
[  193.609942] ---[ end trace ff9da9e755cf544a ]---
[  193.623767] note: python3[494] exited with preempt_count 1
