[  194.412394] Unable to handle kernel paging request at virtual address fffe00004658ec80
[  194.415469] Mem abort info:
[  194.416292]   ESR = 0x96000004
[  194.423048]   EC = 0x25: DABT (current EL), IL = 32 bits
[  194.423981]   SET = 0, FnV = 0
[  194.425376]   EA = 0, S1PTW = 0
[  194.427798] Data abort info:
[  194.430988]   ISV = 0, ISS = 0x00000004
[  194.438275]   CM = 0, WnR = 0
[  194.447496] [fffe00004658ec80] address between user and kernel address ranges
[  194.461969] Internal error: Oops: 96000004 [#1] PREEMPT SMP
[  194.471351] Modules linked in:
[  194.479733] CPU: 7 PID: 494 Comm: python3 Not tainted 5.4.18 #2
[  194.483582] Hardware name: linux,dummy-virt (DT)
[  194.484574] pstate: 60000005 (nZCv daif -PAN -UAO)
[  194.486207] pc : ip_output+0x44/0x1b0
[  194.487023] lr : ip_local_out+0x44/0x58
[  194.487890] sp : ffff800011f3ba30
[  194.488629] x29: ffff800011f3ba30 x28: 000000000000001a 
[  194.493041] x27: ffff800011f3bd80 x26: 0000000000000011 
[  194.503740] x25: 0000000000000012 x24: ffff000076d8e224 
[  194.511973] x23: ffff0000793d3fc0 x22: ffff0000793bc600 
[  194.512245] x21: fffe00004658eb00 x20: ffff000078131000 
[  194.512595] x19: ffff000078131000 x18: 0000000000000000 
[  194.513422] x17: 0000000000000000 x16: 0000000000000000 
[  194.519578] x15: 0000000000000001 x14: 0000000000000000 
[  194.529537] x13: 0000000000000006 x12: 00000000c0a80164 
[  194.534843] x11: 0000000000000000 x10: 0000000000000068 
[  194.535980] x9 : ffff0000793bc600 x8 : ffff800011f3bc30 
[  194.540960] x7 : 000000004e000000 x6 : 000000000000548c 
[  194.543208] x5 : ffff000076d8e224 x4 : ffff000076d8e224 
[  194.546637] x3 : ffff0000725ad0c0 x2 : ffff0000793bc600 
[  194.551436] x1 : ffff0000793d3fc0 x0 : 0000000000000001 
[  194.561507] Call trace:
[  194.567179]  ip_output+0x44/0x1b0
[  194.571115]  ip_local_out+0x44/0x58
[  194.572637]  ip_send_skb+0x1c/0xa8
[  194.574206]  udp_send_skb.isra.0+0x11c/0x368
[  194.574375]  udp_sendmsg+0x710/0x860
[  194.575447]  inet_sendmsg+0x40/0x68
[  194.575636]  __sys_sendto+0xd4/0x150
[  194.576580]  __arm64_sys_sendto+0x24/0x30
[  194.577374]  el0_svc_common.constprop.0+0x68/0x160
[  194.578404]  el0_svc_handler+0x20/0x80
[  194.578770]  el0_svc+0x8/0xc
[  194.583495] Code: f9402e83 b9401040 927ff863 11000400 (f940c2b3) 
[  194.600673] ---[ end trace 2db826733fae0d9d ]---
