[  193.249230] Unable to handle kernel paging request at virtual address 0000000100000000
[  193.260339] Mem abort info:
[  193.263983]   ESR = 0x96000005
[  193.265125]   EC = 0x25: DABT (current EL), IL = 32 bits
[  193.274274]   SET = 0, FnV = 0
[  193.275124]   EA = 0, S1PTW = 0
[  193.275902] Data abort info:
[  193.276648]   ISV = 0, ISS = 0x00000005
[  193.280115]   CM = 0, WnR = 0
[  193.286827] user pgtable: 4k pages, 48-bit VAs, pgdp=00000000b8233000
[  193.292305] [0000000100000000] pgd=00000000b6d04003, pud=0000000000000000
[  193.310294] Internal error: Oops: 96000005 [#1] PREEMPT SMP
[  193.319426] Modules linked in:
[  193.323847] CPU: 5 PID: 492 Comm: python3 Not tainted 5.4.18 #2
[  193.324482] Hardware name: linux,dummy-virt (DT)
[  193.326602] pstate: 60000005 (nZCv daif -PAN -UAO)
[  193.331440] pc : __ip_append_data.isra.0+0x604/0xc30
[  193.332358] lr : ip_local_out+0x44/0x58
[  193.333262] sp : ffff800011f6ba30
[  193.333714] x29: ffff800011f6ba30 x28: 000000000000001a 
[  193.335991] x27: ffff800011f6bd80 x26: 0000000000000011 
[  193.339181] x25: 0000000000000012 x24: ffff00007aaa4000 
[  193.342904] x23: ffff00007a943fc0 x22: ffff00007abb5400 
[  193.344120] x21: ffff800011963ac0 x20: ffff000079b69100 
[  193.348069] x19: ffff80001140c380 x18: 0000000000000000 
[  193.351008] x17: 0000000000000000 x16: 0000000000000000 
[  193.351874] x15: 0000000000000001 x14: 0000000000000000 
[  193.352577] x13: 0000000000000006 x12: 00000000c0a80164 
[  193.354497] x11: 0000000000000000 x10: 0000000000000068 
[  193.357856] x9 : ffff00007abb5400 x8 : ffff800011f6bc30 
[  193.358639] x7 : 000000008f500000 x6 : 000000000000e4d8 
[  193.359203] x5 : ffff80001140da5c x4 : 0000000000000001 
[  193.360477] x3 : ffff80001140c3b0 x2 : ffff00007abb5400 
[  193.362988] x1 : 0000000000000000 x0 : 0000000100000000 
[  193.366779] Call trace:
[  193.368580]  __ip_append_data.isra.0+0x604/0xc30
[  193.372254]  ip_local_out+0x44/0x58
[  193.379123]  ip_send_skb+0x1c/0xa8
[  193.382515]  udp_send_skb.isra.0+0x11c/0x368
[  193.393560]  udp_sendmsg+0x710/0x860
[  193.396958]  inet_sendmsg+0x40/0x68
[  193.399072]  __sys_sendto+0xd4/0x150
[  193.401273]  __arm64_sys_sendto+0x24/0x30
[  193.403993]  el0_svc_common.constprop.0+0x68/0x160
[  193.415913]  el0_svc_handler+0x20/0x80
[  193.421998]  el0_svc+0x8/0xc
[  193.437429] Code: d2800023 f940c000 9101c000 8b020000 (c85f7c05) 
[  193.448148] ---[ end trace e484d9e8ce84862d ]---
