[  192.364351] Unable to handle kernel NULL pointer dereference at virtual address 0000000000000470
[  192.372296] Mem abort info:
[  192.372903]   ESR = 0x96000006
[  192.373722]   EC = 0x25: DABT (current EL), IL = 32 bits
[  192.374401]   SET = 0, FnV = 0
[  192.374859]   EA = 0, S1PTW = 0
[  192.375364] Data abort info:
[  192.375922]   ISV = 0, ISS = 0x00000006
[  192.377702]   CM = 0, WnR = 0
[  192.378800] user pgtable: 4k pages, 48-bit VAs, pgdp=00000000ba823000
[  192.379668] [0000000000000470] pgd=00000000b97a0003, pud=00000000b278d003, pmd=0000000000000000
[  192.386997] Internal error: Oops: 96000006 [#1] PREEMPT SMP
[  192.389144] Modules linked in:
[  192.397745] CPU: 2 PID: 494 Comm: python3 Not tainted 5.4.18 #2
[  192.403719] Hardware name: linux,dummy-virt (DT)
[  192.410730] pstate: 60000005 (nZCv daif -PAN -UAO)
[  192.418866] pc : ip_output+0x28/0x1b0
[  192.419217] lr : ip_local_out+0x44/0x58
[  192.421561] sp : ffff800011fa3a30
[  192.421788] x29: ffff800011fa3a30 x28: 000000000000001a 
[  192.423080] x27: ffff800011fa3d80 x26: 0000000000000011 
[  192.423500] x25: 0000000000000012 x24: ffff000078301824 
[  192.426302] x23: ffff00007b22aec0 x22: ffff00007b212a00 
[  192.429136] x21: ffff800011963ac0 x20: ffff0000782ac200 
[  192.433840] x19: ffff0000782ac200 x18: 0000000000000000 
[  192.439755] x17: 0000000000000000 x16: 0000000000000000 
[  192.441906] x15: 0000000000000001 x14: 0000000000000000 
[  192.445311] x13: 0000000000000006 x12: 00000000c0a80164 
[  192.447234] x11: 0000000000000000 x10: 0000000000000068 
[  192.450555] x9 : ffff00007b212a00 x8 : ffff800011fa3c30 
[  192.455240] x7 : 00000000fdf00000 x6 : 0000000000009aca 
[  192.456811] x5 : ffff000078301824 x4 : ffff000078301824 
[  192.457696] x3 : ffff800010b79140 x2 : ffff00007b212a00 
[  192.458371] x1 : ffff00007b22aec0 x0 : ffff800011963ac0 
[  192.459050] Call trace:
[  192.459569]  ip_output+0x28/0x1b0
[  192.460077]  ip_local_out+0x44/0x58
[  192.460442]  ip_send_skb+0x1c/0xa8
[  192.460981]  udp_send_skb.isra.0+0x11c/0x368
[  192.461859]  udp_sendmsg+0x710/0x860
[  192.462930]  inet_sendmsg+0x40/0x68
[  192.463491]  __sys_sendto+0xd4/0x150
[  192.463679]  __arm64_sys_sendto+0x24/0x30
[  192.464647]  el0_svc_common.constprop.0+0x68/0x160
[  192.465140]  el0_svc_handler+0x20/0x80
[  192.465487]  el0_svc+0x8/0xc
[  192.467049] Code: d5384116 aa0003f5 a90363f7 aa0103f7 (f9423a43) 
[  192.470534] ---[ end trace 3009b5e2737feca8 ]---
