[  193.967270] Unable to handle kernel NULL pointer dereference at virtual address 000000000000007c
[  193.971741] Mem abort info:
[  193.975713]   ESR = 0x96000006
[  193.985943]   EC = 0x25: DABT (current EL), IL = 32 bits
[  193.990959]   SET = 0, FnV = 0
[  193.993808]   EA = 0, S1PTW = 0
[  194.003335] Data abort info:
[  194.007275]   ISV = 0, ISS = 0x00000006
[  194.016668]   CM = 0, WnR = 0
[  194.019940] user pgtable: 4k pages, 48-bit VAs, pgdp=00000000b8272000
[  194.025969] [000000000000007c] pgd=00000000b121d003, pud=00000000b3fb3003, pmd=0000000000000000
[  194.035709] Internal error: Oops: 96000006 [#1] PREEMPT SMP
[  194.038902] Modules linked in:
[  194.043372] CPU: 7 PID: 493 Comm: python3 Not tainted 5.4.18 #2
[  194.048490] Hardware name: linux,dummy-virt (DT)
[  194.051093] pstate: 00000005 (nzcv daif -PAN -UAO)
[  194.054050] pc : dst_alloc+0x128/0x140
[  194.055698] lr : sk_setup_caps+0x3c/0xe0
[  194.062333] sp : ffff800011d339e0
[  194.065441] x29: ffff800011d339e0 x28: 000000000000001a 
[  194.069631] x27: ffff800011d33d80 x26: 0000000000000011 
[  194.071468] x25: 0000000000000012 x24: ffff00007a76c000 
[  194.078146] x23: ffff00007aa27700 x22: ffff00007a940000 
[  194.083274] x21: ffff800011963ac0 x20: 0000000100000000 
[  194.088918] x19: 000000000000003c x18: 0000000000000000 
[  194.093859] x17: 0000000000000000 x16: 0000000000000000 
[  194.105943] x15: 0000000000000001 x14: 0000000000000000 
[  194.110915] x13: 0000000000000006 x12: 00000000c0a80164 
[  194.118080] x11: 0000000000000000 x10: 0000000000000068 
[  194.123290] x9 : ffff00007a940000 x8 : ffff800011d33c30 
[  194.126681] x7 : 00000000c7c00000 x6 : 00000000000081d1 
[  194.134739] x5 : 0000000000000027 x4 : 0000000000000001 
[  194.141262] x3 : ffff80001140c3a8 x2 : 000000000000007c 
[  194.141963] x1 : 0000000000000000 x0 : 0000000000000001 
[  194.143952] Call trace:
[  194.146465]  dst_alloc+0x128/0x140
[  194.151475]  sk_setup_caps+0x3c/0xe0
[  194.153036]  __ip_queue_xmit+0x344/0x390
[  194.153679]  ip_local_out+0x44/0x58
[  194.154323]  ip_send_skb+0x1c/0xa8
[  194.155512]  udp_send_skb.isra.0+0x11c/0x368
[  194.158598]  udp_sendmsg+0x710/0x860
[  194.158933]  inet_sendmsg+0x40/0x68
[  194.159508]  __sys_sendto+0xd4/0x150
[  194.159981]  __arm64_sys_sendto+0x24/0x30
[  194.164398]  el0_svc_common.constprop.0+0x68/0x160
[  194.167533]  el0_svc_handler+0x20/0x80
[  194.169964]  el0_svc+0x8/0xc
[  194.175505] Code: 35ffffa1 d5033bbf 17fffee3 f9800051 (885f7c43) 
[  194.185661] ---[ end trace 2e0de64686904556 ]---
