[  192.015713] Unable to handle kernel NULL pointer dereference at virtual address 0000000000000010
[  192.017739] Mem abort info:
[  192.023534]   ESR = 0x96000006
[  192.024506]   EC = 0x25: DABT (current EL), IL = 32 bits
[  192.025996]   SET = 0, FnV = 0
[  192.028769]   EA = 0, S1PTW = 0
[  192.031444] Data abort info:
[  192.039117]   ISV = 0, ISS = 0x00000006
[  192.048509]   CM = 0, WnR = 0
[  192.053237] user pgtable: 4k pages, 48-bit VAs, pgdp=00000000b9606000
[  192.061679] [0000000000000010] pgd=00000000b5cde003, pud=00000000b8164003, pmd=0000000000000000
[  192.079504] Internal error: Oops: 96000006 [#1] PREEMPT SMP
[  192.082756] Modules linked in:
[  192.086177] CPU: 3 PID: 494 Comm: python3 Not tainted 5.4.18 #2
[  192.086945] Hardware name: linux,dummy-virt (DT)
[  192.089788] pstate: 60000005 (nZCv daif -PAN -UAO)
[  192.104111] pc : ip_output+0x38/0x1b0
[  192.109835] lr : ip_local_out+0x44/0x58
[  192.118141] sp : ffff800011f5ba30
[  192.121045] x29: ffff800011f5ba30 x28: 000000000000001a 
[  192.129677] x27: ffff800011f5bd80 x26: 0000000000000011 
[  192.133757] x25: 0000000000000012 x24: ffff000078344a24 
[  192.145402] x23: ffff00007a886600 x22: ffff000075f99c00 
[  192.148240] x21: ffff800011963ac0 x20: ffff000078016800 
[  192.151993] x19: ffff000078016800 x18: 0000000000000000 
[  192.154231] x17: 0000000000000000 x16: 0000000000000000 
[  192.157031] x15: 0000000000000001 x14: 0000000000000000 
[  192.159580] x13: 0000000000000006 x12: 00000000c0a80164 
[  192.164333] x11: 0000000000000000 x10: 0000000000000068 
[  192.170216] x9 : ffff000075f99c00 x8 : ffff800011f5bc30 
[  192.174043] x7 : 00000000b6800000 x6 : 000000000000a8c1 
[  192.180309] x5 : ffff000078344a24 x4 : ffff000078344a24 
[  192.182637] x3 : ffff00007708a000 x2 : ffff000075f99c00 
[  192.184629] x1 : ffff00007a886600 x0 : ffff800011963ac0 
[  192.187445] Call trace:
[  192.189431]  ip_output+0x38/0x1b0
[  192.192382]  ip_local_out+0x44/0x58
[  192.196841]  ip_send_skb+0x1c/0xa8
[  192.200176]  udp_send_skb.isra.0+0x11c/0x368
[  192.200952]  udp_sendmsg+0x710/0x860
[  192.201583]  inet_sendmsg+0x40/0x68
[  192.201845]  __sys_sendto+0xd4/0x150
[  192.202038]  __arm64_sys_sendto+0x24/0x30
[  192.202258]  el0_svc_common.constprop.0+0x68/0x160
[  192.204782]  el0_svc_handler+0x20/0x80
[  192.205745]  el0_svc+0x8/0xc
[  192.209516] Code: f9423ac3 f90047e3 d2800003 f9402e83 (b9401240) 
[  192.216926] ---[ end trace f5f90243e81e8a41 ]---
