[  193.053928] kernel BUG at arch/arm64/kernel/traps.c:405!
[  193.063917] Internal error: Oops - BUG: 0 [#1] PREEMPT SMP
[  193.066300] Modules linked in:
[  193.068947] CPU: 6 PID: 492 Comm: python3 Not tainted 5.4.18 #2
[  193.069304] Hardware name: linux,dummy-virt (DT)
[  193.071629] pstate: 00000005 (nzcv daif -PAN -UAO)
[  193.075084] pc : do_undefinstr+0x2ec/0x310
[  193.075493] lr : do_undefinstr+0x1e0/0x310
[  193.076162] sp : ffff800011d53920
[  193.076498] x29: ffff800011d53920 x28: ffff00007171b800 
[  193.077040] x27: ffff800011d53d80 x26: 0000000000000011 
[  193.077447] x25: 0000000000000012 x24: 0000000000000000 
[  193.078024] x23: 0000000060000005 x22: ffff800010b7925c 
[  193.078465] x21: ffff800011d53ac0 x20: ffff00007171b800 
[  193.078878] x19: ffff800011d53980 x18: 0000000000000000 
[  193.080338] x17: 0000000000000000 x16: 0000000000000000 
[  193.080771] x15: 0000000000000001 x14: 0000000000000000 
[  193.081175] x13: 0000000000000006 x12: 000000000000003c 
[  193.081572] x11: ffff000075c7c000 x10: 0000000000000000 
[  193.081966] x9 : 0000000000000001 x8 : 0000000000000002 
[  193.082617] x7 : ffff00007dbc6630 x6 : ffff800011d53978 
[  193.083135] x5 : 00000000d5300000 x4 : ffff8000117c51f0 
[  193.083539] x3 : 00000000d6500000 x2 : 0000000000000000 
[  193.083935] x1 : ffff00007171b800 x0 : 0000000060000005 
[  193.084762] Call trace:
[  193.085142]  do_undefinstr+0x2ec/0x310
[  193.085488]  el1_undef+0x10/0x84
[  193.085900]  ip_output+0x11c/0x1b0
[  193.086197]  ip_send_skb+0x1c/0xa8
[  193.086486]  udp_send_skb.isra.0+0x11c/0x368
[  193.086809]  udp_sendmsg+0x710/0x860
[  193.087088]  inet_sendmsg+0x40/0x68
[  193.087367]  __sys_sendto+0xd4/0x150
[  193.087956]  __arm64_sys_sendto+0x24/0x30
[  193.088332]  el0_svc_common.constprop.0+0x68/0x160
[  193.088662]  el0_svc_handler+0x20/0x80
[  193.088886]  el0_svc+0x8/0xc
[  193.089555] Code: f9401bf7 17ffff7c a9025bf5 f9001bf7 (d4210000) 
[  193.091171] ---[ end trace 2a0689f8afb55cb6 ]---
[  193.092003] note: python3[492] exited with preempt_count 1
[  193.155544] ------------[ cut here ]------------
[  193.159229] WARNING: CPU: 6 PID: 0 at kernel/rcu/tree.c:569 rcu_idle_enter+0x74/0x80
[  193.160368] Modules linked in:
[  193.161149] CPU: 6 PID: 0 Comm: swapper/6 Tainted: G      D           5.4.18 #2
[  193.164489] Hardware name: linux,dummy-virt (DT)
[  193.165490] pstate: 200003c5 (nzCv DAIF -PAN -UAO)
[  193.166293] pc : rcu_idle_enter+0x74/0x80
[  193.167013] lr : do_idle+0x200/0x288
[  193.168393] sp : ffff800011a73f20
[  193.170193] x29: ffff800011a73f20 x28: 0000000000000000 
[  193.170980] x27: 0000000000000000 x26: 0000000000000000 
[  193.171412] x25: 0000000000000000 x24: ffff8000117ba214 
[  193.173848] x23: ffff00007b0c6200 x22: ffff800011404ab8 
[  193.175017] x21: ffff8000117ba1f0 x20: 0000000000000006 
[  193.177198] x19: ffff8000117ba118 x18: 0000000000000010 
[  193.183507] x17: 0000000000000000 x16: 0000000000000000 
[  193.186337] x15: 0000000000000000 x14: 0000000000000000 
[  193.187816] x13: 0000000000000003 x12: 0000000000000000 
[  193.191181] x11: 0000000000000000 x10: 00000000000009c0 
[  193.194748] x9 : ffff800011a73e90 x8 : ffff00007b0c6c20 
[  193.198840] x7 : 00000000000003fc x6 : 00000130ff0b3d36 
[  193.199624] x5 : 00ffffffffffffff x4 : ffff80006c7c5000 
[  193.201915] x3 : 4000000000000002 x2 : 4000000000000000 
[  193.202669] x1 : ffff800011406980 x0 : ffff00007dbcb980 
[  193.203455] Call trace:
[  193.205968]  rcu_idle_enter+0x74/0x80
[  193.207077]  do_idle+0x200/0x288
[  193.207567]  cpu_startup_entry+0x24/0x40
[  193.210249]  secondary_start_kernel+0x154/0x190
[  193.212791] ---[ end trace 2a0689f8afb55cb7 ]---
