[  192.992145] Unable to handle kernel paging request at virtual address 0000000100003fc8
[  192.999620] Mem abort info:
[  193.000719]   ESR = 0x96000005
[  193.001680]   EC = 0x25: DABT (current EL), IL = 32 bits
[  193.003141]   SET = 0, FnV = 0
[  193.003924]   EA = 0, S1PTW = 0
[  193.004841] Data abort info:
[  193.005600]   ISV = 0, ISS = 0x00000005
[  193.006510]   CM = 0, WnR = 0
[  193.007490] user pgtable: 4k pages, 48-bit VAs, pgdp=00000000b81a8000
[  193.008129] [0000000100003fc8] pgd=00000000b90ff003, pud=0000000000000000
[  193.015396] Internal error: Oops: 96000005 [#1] PREEMPT SMP
[  193.018260] Modules linked in:
[  193.022797] CPU: 7 PID: 494 Comm: python3 Not tainted 5.4.18 #2
[  193.024190] Hardware name: linux,dummy-virt (DT)
[  193.027956] pstate: 20000085 (nzCv daIf -PAN -UAO)
[  193.034237] pc : cpuacct_charge+0x2c/0x88
[  193.036133] lr : update_curr+0x88/0x110
[  193.037137] sp : ffff800011f53be0
[  193.038345] x29: ffff800011f53be0 x28: ffff80001016e788 
[  193.040323] x27: ffff00007dbdd840 x26: 0000000000000006 
[  193.041860] x25: 0000000000000001 x24: ffff8000117d1258 
[  193.042893] x23: ffff00007dbe0d40 x22: ffff000075e14600 
[  193.045227] x21: ffff000075e14600 x20: 0000000000204910 
[  193.046067] x19: 0000000000000001 x18: 0000000000000000 
[  193.047141] x17: 0000000000000000 x16: 0000000000000000 
[  193.048442] x15: 0000000000000000 x14: 0000000000000000 
[  193.049433] x13: 0000000000000000 x12: 00000000000001fb 
[  193.050437] x11: 0000000000000087 x10: 0000000000000000 
[  193.051485] x9 : 0000000000000001 x8 : ffff00007dbe0d40 
[  193.052815] x7 : ffff00007dbe1800 x6 : ffff000076e11400 
[  193.053817] x5 : 0000000000000000 x4 : 0000000000000001 
[  193.054844] x3 : 0000000000204910 x2 : 000000001262c380 
[  193.056075] x1 : 0000000000003ec0 x0 : 0000000100003ec0 
[  193.060619] Call trace:
[  193.064392] Code: d287d801 f9401000 8b010000 b4000080 (f9408400) 
[  193.072464] ---[ end trace 350421ad30de612c ]---
[  193.077191] Kernel panic - not syncing: Fatal exception in interrupt
[  193.079201] SMP: stopping secondary CPUs
[  193.083737] Kernel Offset: disabled
[  193.084371] CPU features: 0x0002,20006000
[  193.084898] Memory Limit: none
[  193.087776] ---[ end Kernel panic - not syncing: Fatal exception in interrupt ]---
