[  192.477438] Unable to handle kernel NULL pointer dereference at virtual address 0000000000000058
[  192.491308] Mem abort info:
[  192.492599]   ESR = 0x96000006
[  192.494367]   EC = 0x25: DABT (current EL), IL = 32 bits
[  192.500072]   SET = 0, FnV = 0
[  192.502691]   EA = 0, S1PTW = 0
[  192.510892] Data abort info:
[  192.515452]   ISV = 0, ISS = 0x00000006
[  192.524333]   CM = 0, WnR = 0
[  192.532537] user pgtable: 4k pages, 48-bit VAs, pgdp=00000000b2148000
[  192.536443] [0000000000000058] pgd=00000000b20d0003, pud=00000000b94db003, pmd=0000000000000000
[  192.543516] Internal error: Oops: 96000006 [#1] PREEMPT SMP
[  192.546803] Modules linked in:
[  192.552880] CPU: 5 PID: 492 Comm: python3 Not tainted 5.4.18 #2
[  192.554388] Hardware name: linux,dummy-virt (DT)
[  192.557692] pstate: 60000005 (nZCv daif -PAN -UAO)
[  192.564278] pc : __ip_finish_output+0x20/0x1e0
[  192.567627] lr : ip_output+0xf4/0x1b0
[  192.570009] sp : ffff800011fbb9f0
[  192.571576] x29: ffff800011fbb9f0 x28: 000000000000001a 
[  192.574127] x27: ffff800011fbbd80 x26: 0000000000000011 
[  192.581296] x25: 0000000000000012 x24: ffff800011963ac0 
[  192.582690] x23: ffff00007a8aa640 x22: ffff000078185400 
[  192.583628] x21: ffff800011963ac0 x20: ffff00007aa6a100 
[  192.584597] x19: 0000000000000000 x18: 0000000000000000 
[  192.588040] x17: 0000000000000000 x16: 0000000000000000 
[  192.592770] x15: 0000000000000001 x14: 0000000000000000 
[  192.595753] x13: 0000000000000006 x12: 00000000c0a80164 
[  192.600023] x11: 0000000000000000 x10: 0000000000000068 
[  192.605288] x9 : ffff000078185400 x8 : ffff800011fbbc30 
[  192.610727] x7 : 0000000056000000 x6 : 000000000000f1bc 
[  192.618700] x5 : 00000000000007c8 x4 : 000000000000002e 
[  192.625617] x3 : ffff80001140c3b0 x2 : 0000000000000000 
[  192.625968] x1 : ffff00007a8aa640 x0 : ffff800011963ac0 
[  192.627295] Call trace:
[  192.628039]  __ip_finish_output+0x20/0x1e0
[  192.628806]  ip_output+0xf4/0x1b0
[  192.635013]  ip_local_out+0x44/0x58
[  192.639947]  ip_send_skb+0x1c/0xa8
[  192.640964]  udp_send_skb.isra.0+0x11c/0x368
[  192.641872]  udp_sendmsg+0x710/0x860
[  192.643001]  inet_sendmsg+0x40/0x68
[  192.643668]  __sys_sendto+0xd4/0x150
[  192.643941]  __arm64_sys_sendto+0x24/0x30
[  192.644700]  el0_svc_common.constprop.0+0x68/0x160
[  192.647260]  el0_svc_handler+0x20/0x80
[  192.647823]  el0_svc+0x8/0xc
[  192.660141] Code: a9025bf5 a90363f7 aa0003f8 aa0103f7 (f9402c42) 
[  192.670629] ---[ end trace 391568549e382f88 ]---
