[  196.947180] Unable to handle kernel paging request at virtual address ffff80001140c3c0
[  196.948838] Mem abort info:
[  196.951197]   ESR = 0x96000046
[  196.952127]   EC = 0x25: DABT (current EL), IL = 32 bits
[  196.952444]   SET = 0, FnV = 0
[  196.956431]   EA = 0, S1PTW = 0
[  196.957441] Data abort info:
[  196.957766]   ISV = 0, ISS = 0x00000046
[  196.958823]   CM = 0, WnR = 1
[  196.960725] swapper pgtable: 4k pages, 48-bit VAs, pgdp=00000000412a6000
[  196.965893] [ffff80001140c3c0] pgd=00000000bdfff003, pud=00000000bdffe003, pmd=0000000000000000
[  196.970249] Internal error: Oops: 96000046 [#1] PREEMPT SMP
[  196.973590] Modules linked in:
[  196.977526] CPU: 5 PID: 493 Comm: python3 Not tainted 5.4.18 #2
[  196.982254] Hardware name: linux,dummy-virt (DT)
[  196.986599] pstate: 60000005 (nZCv daif -PAN -UAO)
[  196.991038] pc : ip_output+0xc0/0x1b0
[  196.991528] lr : ip_local_out+0x44/0x58
[  196.992010] sp : ffff80001213ba30
[  196.992269] x29: ffff80001213ba30 x28: 000000000000001a 
[  196.993716] x27: ffff80001213bd80 x26: 0000000000000011 
[  196.996930] x25: 0000000000000012 x24: ffff000079bf0000 
[  196.998441] x23: ffff00007a5aaa80 x22: ffff00007a591c00 
[  196.999345] x21: ffff800011963ac0 x20: ffff000077270d00 
[  197.003358] x19: ffff80001140c380 x18: 0000000000000000 
[  197.004090] x17: 0000000000000000 x16: 0000000000000000 
[  197.004286] x15: 0000000000000001 x14: 0000000000000000 
[  197.004470] x13: 0000000000000006 x12: 00000000c0a80164 
[  197.004673] x11: 0000000000000000 x10: 0000000000000068 
[  197.005232] x9 : ffff00007a591c00 x8 : ffff80001213bc30 
[  197.006420] x7 : 0000000037c00000 x6 : 00000000000033b1 
[  197.006632] x5 : 000000000000236f x4 : 000000000000002e 
[  197.006887] x3 : ffff80001140c3b0 x2 : ffff00007a591c00 
[  197.008891] x1 : 0000000000000000 x0 : 0000000100000000 
[  197.012766] Call trace:
[  197.013916]  ip_output+0xc0/0x1b0
[  197.014769]  ip_local_out+0x44/0x58
[  197.015396]  ip_send_skb+0x1c/0xa8
[  197.015600]  udp_send_skb.isra.0+0x11c/0x368
[  197.015780]  udp_sendmsg+0x710/0x860
[  197.015916]  inet_sendmsg+0x40/0x68
[  197.016048]  __sys_sendto+0xd4/0x150
[  197.016235]  __arm64_sys_sendto+0x24/0x30
[  197.017718]  el0_svc_common.constprop.0+0x68/0x160
[  197.018869]  el0_svc_handler+0x20/0x80
[  197.019154]  el0_svc+0x8/0xc
[  197.020251] Code: c8017c05 35ffffa1 f9400840 d1000400 (b9001060) 
[  197.022943] ---[ end trace 4404097016b1c32f ]---
[  197.025362] note: python3[493] exited with preempt_count 1
