[  193.611640] kernel BUG at arch/arm64/kernel/traps.c:405!
[  193.613958] Internal error: Oops - BUG: 0 [#1] PREEMPT SMP
[  193.616150] Modules linked in:
[  193.624191] CPU: 7 PID: 494 Comm: python3 Not tainted 5.4.18 #2
[  193.625181] Hardware name: linux,dummy-virt (DT)
[  193.626127] pstate: 00000005 (nzcv daif -PAN -UAO)
[  193.628487] pc : do_undefinstr+0x2ec/0x310
[  193.628844] lr : do_undefinstr+0x1e0/0x310
[  193.629199] sp : ffff800011f93890
[  193.629495] x29: ffff800011f93890 x28: ffff00007b377000 
[  193.630074] x27: ffff800011f93d80 x26: 0000000000000011 
[  193.630476] x25: 0000000000000012 x24: 0000000000000000 
[  193.630881] x23: 0000000060000005 x22: ffff800010b791e0 
[  193.631835] x21: ffff800011f93a30 x20: ffff00007b377000 
[  193.632231] x19: ffff800011f938f0 x18: 0000000000000000 
[  193.632527] x17: 0000000000000000 x16: 0000000000000000 
[  193.632854] x15: 0000000000000001 x14: 0000000000000000 
[  193.633146] x13: 0000000000000006 x12: 00000000c0a80164 
[  193.633521] x11: 0000000000000000 x10: 0000000000000068 
[  193.633829] x9 : ffff00007b377000 x8 : ffff800011f93c30 
[  193.634210] x7 : 0000000078e00000 x6 : 000000000000001f 
[  193.634686] x5 : 0000000000000000 x4 : ffff8000117c51f0 
[  193.635128] x3 : 0000000000000005 x2 : 0000000000000000 
[  193.635702] x1 : ffff00007b377000 x0 : 0000000060000005 
[  193.636952] Call trace:
[  193.637833]  do_undefinstr+0x2ec/0x310
[  193.638554]  el1_undef+0x10/0x84
[  193.639144]  ip_output+0xa0/0x1b0
[  193.639721]  ip_local_out+0x44/0x58
[  193.640271]  ip_send_skb+0x1c/0xa8
[  193.640817]  udp_send_skb.isra.0+0x11c/0x368
[  193.641545]  udp_sendmsg+0x710/0x860
[  193.642135]  inet_sendmsg+0x40/0x68
[  193.642655]  __sys_sendto+0xd4/0x150
[  193.643214]  __arm64_sys_sendto+0x24/0x30
[  193.643954]  el0_svc_common.constprop.0+0x68/0x160
[  193.644579]  el0_svc_handler+0x20/0x80
[  193.645081]  el0_svc+0x8/0xc
[  193.647878] Code: f9401bf7 17ffff7c a9025bf5 f9001bf7 (d4210000) 
[  193.649600] ---[ end trace e1b87c72300ea3a3 ]---
[  193.651377] note: python3[494] exited with preempt_count 2
[  193.735835] ------------[ cut here ]------------
[  193.744417] WARNING: CPU: 7 PID: 0 at kernel/rcu/tree.c:569 rcu_idle_enter+0x74/0x80
[  193.748630] Modules linked in:
[  193.749738] CPU: 7 PID: 0 Comm: swapper/7 Tainted: G      D           5.4.18 #2
[  193.751419] Hardware name: linux,dummy-virt (DT)
[  193.754762] pstate: 200003c5 (nzCv DAIF -PAN -UAO)
[  193.755320] pc : rcu_idle_enter+0x74/0x80
[  193.761713] lr : do_idle+0x200/0x288
[  193.763348] sp : ffff800011a7bf20
[  193.763724] x29: ffff800011a7bf20 x28: 0000000000000000 
[  193.764415] x27: 0000000000000000 x26: 0000000000000000 
[  193.766018] x25: 0000000000000000 x24: ffff8000117ba214 
[  193.767440] x23: ffff00007b0c7000 x22: ffff800011404ab8 
[  193.769677] x21: ffff8000117ba1f0 x20: 0000000000000007 
[  193.775326] x19: ffff8000117ba118 x18: 0000000000000010 
[  193.776709] x17: 0000000000000000 x16: 0000000000000000 
[  193.778222] x15: 000000000000009b x14: 0000000000000000 
[  193.779535] x13: 0000000000000003 x12: 0000000000000000 
[  193.779933] x11: 0000000000000000 x10: 00000000000009c0 
[  193.780566] x9 : ffff800011a7be90 x8 : ffff00007b0c7a20 
[  193.782880] x7 : 00000000000003a2 x6 : 000001cff65bac74 
[  193.783489] x5 : 00ffffffffffffff x4 : ffff80006c7db000 
[  193.784292] x3 : 4000000000000002 x2 : 4000000000000000 
[  193.786389] x1 : ffff800011406980 x0 : ffff00007dbe1980 
[  193.786941] Call trace:
[  193.789886]  rcu_idle_enter+0x74/0x80
[  193.790971]  do_idle+0x200/0x288
[  193.791234]  cpu_startup_entry+0x20/0x40
[  193.791553]  secondary_start_kernel+0x154/0x190
[  193.792034] ---[ end trace e1b87c72300ea3a4 ]---
