[  193.806978] kernel BUG at arch/arm64/kernel/traps.c:405!
[  193.817806] Internal error: Oops - BUG: 0 [#1] PREEMPT SMP
[  193.821922] Modules linked in:
[  193.826979] CPU: 7 PID: 496 Comm: python3 Not tainted 5.4.18 #2
[  193.828420] Hardware name: linux,dummy-virt (DT)
[  193.830666] pstate: 00000005 (nzcv daif -PAN -UAO)
[  193.837708] pc : do_undefinstr+0x2ec/0x310
[  193.838340] lr : do_undefinstr+0x1e0/0x310
[  193.838902] sp : ffff800011f33920
[  193.841543] x29: ffff800011f33920 x28: ffff00007a441c00 
[  193.842683] x27: ffff800011f33d80 x26: 0000000000000011 
[  193.843705] x25: 0000000000000012 x24: 0000000000000000 
[  193.844598] x23: 0000000060000005 x22: ffff800010b7925c 
[  193.845516] x21: ffff800011f33ac0 x20: ffff00007a441c00 
[  193.846356] x19: ffff800011f33980 x18: 0000000000000000 
[  193.847183] x17: 0000000000000000 x16: 0000000000000000 
[  193.848056] x15: 0000000000000001 x14: 0000000000000000 
[  193.849896] x13: 0000000000000006 x12: 000000000000003c 
[  193.851659] x11: ffff0000739a9000 x10: 0000000000000000 
[  193.852313] x9 : ffff000071d6d540 x8 : 0000000000000028 
[  193.852725] x7 : ffff000073a26000 x6 : ffff800011f33978 
[  193.853425] x5 : 00000000d5300000 x4 : ffff8000117c51f0 
[  193.854335] x3 : 00000000d6500000 x2 : 0000000000000000 
[  193.855261] x1 : ffff00007a441c00 x0 : 0000000060000005 
[  193.857343] Call trace:
[  193.858348]  do_undefinstr+0x2ec/0x310
[  193.859122]  el1_undef+0x10/0x84
[  193.859755]  ip_output+0x11c/0x1b0
[  193.861378]  ip_send_skb+0x1c/0xa8
[  193.862096]  udp_send_skb.isra.0+0x11c/0x368
[  193.862786]  udp_sendmsg+0x710/0x860
[  193.863376]  inet_sendmsg+0x40/0x68
[  193.864017]  __sys_sendto+0xd4/0x150
[  193.865012]  __arm64_sys_sendto+0x24/0x30
[  193.865940]  el0_svc_common.constprop.0+0x68/0x160
[  193.867356]  el0_svc_handler+0x20/0x80
[  193.868007]  el0_svc+0x8/0xc
[  193.869596] Code: f9401bf7 17ffff7c a9025bf5 f9001bf7 (d4210000) 
[  193.873501] ---[ end trace e58d2805e12cfd6e ]---
[  193.875448] note: python3[496] exited with preempt_count 1
[  194.039562] ------------[ cut here ]------------
[  194.046536] WARNING: CPU: 7 PID: 0 at kernel/rcu/tree.c:569 rcu_idle_enter+0x74/0x80
[  194.053490] Modules linked in:
[  194.058258] CPU: 7 PID: 0 Comm: swapper/7 Tainted: G      D           5.4.18 #2
[  194.066270] Hardware name: linux,dummy-virt (DT)
[  194.070361] pstate: 200003c5 (nzCv DAIF -PAN -UAO)
[  194.074784] pc : rcu_idle_enter+0x74/0x80
[  194.079368] lr : do_idle+0x200/0x288
[  194.083481] sp : ffff800011a7bf20
[  194.088494] x29: ffff800011a7bf20 x28: 0000000000000000 
[  194.089407] x27: 0000000000000000 x26: 0000000000000000 
[  194.097813] x25: 0000000000000000 x24: ffff8000117ba214 
[  194.107779] x23: ffff00007b0c7000 x22: ffff800011404ab8 
[  194.123267] x21: ffff8000117ba1f0 x20: 0000000000000007 
[  194.127182] x19: ffff8000117ba118 x18: 0000000000000010 
[  194.135516] x17: 0000000000000000 x16: 0000000000000000 
[  194.138578] x15: 00000000000000e1 x14: 0000000000000000 
[  194.150041] x13: 0000000000000002 x12: 0000000000000000 
[  194.157339] x11: 0000000000000000 x10: 00000000000009c0 
[  194.169852] x9 : 0000ab963856f2ac x8 : 000000000000ab96 
[  194.174883] x7 : 000000000000b9c9 x6 : 0000014b6a9ba6c0 
[  194.176580] x5 : 00ffffffffffffff x4 : ffff80006c7db000 
[  194.180463] x3 : 4000000000000002 x2 : 4000000000000000 
[  194.185816] x1 : ffff800011406980 x0 : ffff00007dbe1980 
[  194.189138] Call trace:
[  194.189791]  rcu_idle_enter+0x74/0x80
[  194.195381]  do_idle+0x200/0x288
[  194.197225]  cpu_startup_entry+0x24/0x40
[  194.199044]  secondary_start_kernel+0x154/0x190
[  194.203182] ---[ end trace e58d2805e12cfd6f ]---
