[  194.436489] Unable to handle kernel paging request at virtual address 0000000100000010
[  194.451320] Mem abort info:
[  194.451935]   ESR = 0x96000045
[  194.458178]   EC = 0x25: DABT (current EL), IL = 32 bits
[  194.461177]   SET = 0, FnV = 0
[  194.471617]   EA = 0, S1PTW = 0
[  194.472496] Data abort info:
[  194.473197]   ISV = 0, ISS = 0x00000045
[  194.480006]   CM = 0, WnR = 1
[  194.483615] user pgtable: 4k pages, 48-bit VAs, pgdp=00000000b10f5000
[  194.487475] [0000000100000010] pgd=00000000b10fb003, pud=0000000000000000
[  194.498902] Internal error: Oops: 96000045 [#1] PREEMPT SMP
[  194.504584] Modules linked in:
[  194.514831] CPU: 0 PID: 494 Comm: python3 Not tainted 5.4.18 #2
[  194.519016] Hardware name: linux,dummy-virt (DT)
[  194.524140] pstate: 60000005 (nZCv daif -PAN -UAO)
[  194.531499] pc : ip_output+0xc0/0x1b0
[  194.532746] lr : ip_local_out+0x44/0x58
[  194.533405] sp : ffff800011f5ba30
[  194.535741] x29: ffff800011f5ba30 x28: 000000000000001a 
[  194.537211] x27: ffff800011f5bd80 x26: 0000000000000011 
[  194.539061] x25: 0000000000000012 x24: ffff000079bb8000 
[  194.540015] x23: ffff00007a934400 x22: ffff000075988e00 
[  194.540901] x21: ffff800011963ac0 x20: ffff00007803ce00 
[  194.543326] x19: ffff80001140c380 x18: 0000000000000000 
[  194.544697] x17: 0000000000000000 x16: 0000000000000000 
[  194.546062] x15: 0000000000000001 x14: 0000000000000000 
[  194.547845] x13: 0000000000000006 x12: 00000000c0a80164 
[  194.548131] x11: 0000000000000000 x10: 0000000000000068 
[  194.548484] x9 : ffff000075988e00 x8 : ffff800011f5bc30 
[  194.549209] x7 : 000000006c300000 x6 : 00000000000080a0 
[  194.550837] x5 : 00000000000007e8 x4 : 000000000000002e 
[  194.551416] x3 : ffff80001140c3b0 x2 : ffff000075988e00 
[  194.551692] x1 : 0000000000000000 x0 : 0000000100000000 
[  194.552553] Call trace:
[  194.553097]  ip_output+0xc0/0x1b0
[  194.557256]  ip_local_out+0x44/0x58
[  194.559464]  ip_send_skb+0x1c/0xa8
[  194.559919]  udp_send_skb.isra.0+0x11c/0x368
[  194.560595]  udp_sendmsg+0x710/0x860
[  194.560960]  inet_sendmsg+0x40/0x68
[  194.561902]  __sys_sendto+0xd4/0x150
[  194.562646]  __arm64_sys_sendto+0x24/0x30
[  194.563717]  el0_svc_common.constprop.0+0x68/0x160
[  194.566007]  el0_svc_handler+0x20/0x80
[  194.567405]  el0_svc+0x8/0xc
[  194.575417] Code: c8017c05 35ffffa1 f9400840 d1000400 (b9001000) 
[  194.592799] ---[ end trace 507b1b90ed93ad81 ]---
[  194.598857] note: python3[494] exited with preempt_count 1
[  195.640416] Unable to handle kernel paging request at virtual address 0000000100000010
[  195.645196] Mem abort info:
[  195.649282]   ESR = 0x96000044
[  195.652691]   EC = 0x25: DABT (current EL), IL = 32 bits
[  195.656636]   SET = 0, FnV = 0
[  195.658684]   EA = 0, S1PTW = 0
[  195.668476] Data abort info:
