[  193.445605] Unable to handle kernel paging request at virtual address ffff80001140c3b0
[  193.459555] Mem abort info:
[  193.460809]   ESR = 0x96000046
[  193.466970]   EC = 0x25: DABT (current EL), IL = 32 bits
[  193.468176]   SET = 0, FnV = 0
[  193.471202]   EA = 0, S1PTW = 0
[  193.472175] Data abort info:
[  193.472777]   ISV = 0, ISS = 0x00000046
[  193.475119]   CM = 0, WnR = 1
[  193.476391] swapper pgtable: 4k pages, 48-bit VAs, pgdp=00000000412a6000
[  193.478714] [ffff80001140c3b0] pgd=00000000bdfff003, pud=00000000bdffe003, pmd=0000000000000000
[  193.486245] Internal error: Oops: 96000046 [#1] PREEMPT SMP
[  193.499575] Modules linked in:
[  193.513638] CPU: 3 PID: 495 Comm: python3 Not tainted 5.4.18 #2
[  193.517446] Hardware name: linux,dummy-virt (DT)
[  193.521323] pstate: 60000005 (nZCv daif -PAN -UAO)
[  193.530648] pc : __ip_options_compile+0x2a8/0x588
[  193.531523] lr : ip_local_out+0x44/0x58
[  193.531893] sp : ffff800011f63a30
[  193.532290] x29: ffff800011f63a30 x28: 000000000000001a 
[  193.535065] x27: ffff800011f63d80 x26: 0000000000000011 
[  193.535914] x25: 0000000000000012 x24: ffff00007a662000 
[  193.537061] x23: ffff00007a8cf700 x22: ffff000070f48000 
[  193.537496] x21: ffff800011963ac0 x20: ffff0001794d0700 
[  193.539031] x19: ffff80001140c380 x18: 0000000000000000 
[  193.540039] x17: 0000000000000000 x16: 0000000000000000 
[  193.540963] x15: 0000000000000001 x14: 0000000000000000 
[  193.541737] x13: 0000000000000006 x12: 00000000c0a80164 
[  193.544491] x11: 0000000000000000 x10: 0000000000000068 
[  193.547958] x9 : ffff000070f48000 x8 : ffff800011f63c30 
[  193.548332] x7 : 0000000010700000 x6 : 00000000000050a8 
[  193.550291] x5 : 0000000000000889 x4 : 000000000000002e 
[  193.551029] x3 : ffff80001140c3b0 x2 : ffff000070f48000 
[  193.552106] x1 : 0000000000000000 x0 : 00000000ffffffea 
[  193.557678] Call trace:
[  193.559633]  __ip_options_compile+0x2a8/0x588
[  193.562500]  ip_local_out+0x44/0x58
[  193.562691]  ip_send_skb+0x1c/0xa8
[  193.563500]  udp_send_skb.isra.0+0x11c/0x368
[  193.564297]  udp_sendmsg+0x710/0x860
[  193.575794]  inet_sendmsg+0x40/0x68
[  193.579214]  __sys_sendto+0xd4/0x150
[  193.579914]  __arm64_sys_sendto+0x24/0x30
[  193.581052]  el0_svc_common.constprop.0+0x68/0x160
[  193.582685]  el0_svc_handler+0x20/0x80
[  193.593640]  el0_svc+0x8/0xc
[  193.609300] Code: 128002a0 b4fff9e3 cb160281 12001c21 (b9000061) 
[  193.635362] ---[ end trace 335e6ecae2eeeaae ]---
