[  215.045101] Unable to handle kernel paging request at virtual address 0000080079bb820c
[  215.049234] Mem abort info:
[  215.056127]   ESR = 0x96000004
[  215.061446]   EC = 0x25: DABT (current EL), IL = 32 bits
[  215.067940]   SET = 0, FnV = 0
[  215.072514]   EA = 0, S1PTW = 0
[  215.074063] Data abort info:
[  215.085170]   ISV = 0, ISS = 0x00000004
[  215.088149]   CM = 0, WnR = 0
[  215.097962] user pgtable: 4k pages, 48-bit VAs, pgdp=00000000b5b46000
[  215.099982] [0000080079bb820c] pgd=0000000000000000
[  215.103529] Internal error: Oops: 96000004 [#1] PREEMPT SMP
[  215.104539] Modules linked in:
[  215.106954] CPU: 4 PID: 495 Comm: python3 Not tainted 5.4.18 #2
[  215.109569] Hardware name: linux,dummy-virt (DT)
[  215.111112] pstate: 60000005 (nZCv daif -PAN -UAO)
[  215.116478] pc : __dev_queue_xmit+0x148/0x7f0
[  215.118969] lr : dev_queue_xmit+0x10/0x18
[  215.119515] sp : ffff800011fb38f0
[  215.120487] x29: ffff800011fb38f0 x28: 000000000000001a 
[  215.124105] x27: ffff0000782a5e28 x26: 0000000000000011 
[  215.125259] x25: ffff00007803b0c8 x24: 0000000000000010 
[  215.125954] x23: 0000000000000000 x22: ffff00007a969c00 
[  215.129838] x21: ffff000078136cc0 x20: ff00080079bb8000 
[  215.131985] x19: ffff0000782a5e00 x18: 0000000000000000 
[  215.132920] x17: 0000000000000000 x16: 0000000000000000 
[  215.133767] x15: 0000000000000001 x14: 0000000000000000 
[  215.136739] x13: 0000000000000006 x12: 00000000c0a80164 
[  215.137661] x11: 0000000000000000 x10: 0000000000000068 
[  215.139522] x9 : ffff00007a969c00 x8 : ffff800011fb3c30 
[  215.140456] x7 : 0000000000000003 x6 : 00000000421952ef 
[  215.141338] x5 : ffff00007aa0ad00 x4 : 000000000000001d 
[  215.142540] x3 : ffff000078136c00 x2 : 000000000000003c 
[  215.143595] x1 : 0000000000000000 x0 : ffff000078136c00 
[  215.144844] Call trace:
[  215.146955]  __dev_queue_xmit+0x148/0x7f0
[  215.148855]  dev_queue_xmit+0x10/0x18
[  215.150506]  ip_finish_output2+0x31c/0x588
[  215.151487]  __ip_finish_output+0x1b0/0x1e0
[  215.151874]  ip_output+0xf4/0x1b0
[  215.152159]  ip_local_out+0x44/0x58
[  215.152527]  ip_send_skb+0x1c/0xa8
[  215.153508]  udp_send_skb.isra.0+0x11c/0x368
[  215.156846]  udp_sendmsg+0x710/0x860
[  215.157363]  inet_sendmsg+0x40/0x68
[  215.158734]  __sys_sendto+0xd4/0x150
[  215.159473]  __arm64_sys_sendto+0x24/0x30
[  215.160995]  el0_svc_common.constprop.0+0x68/0x160
[  215.163320]  el0_svc_handler+0x20/0x80
[  215.163862]  el0_svc+0x8/0xc
[  215.167364] Code: 51000718 1b1a0b18 b9002a78 a9446bf9 (b9420e81) 
[  215.172298] ---[ end trace cdbc030626d25516 ]---
[  215.173397] Kernel panic - not syncing: Fatal exception in interrupt
[  215.176196] SMP: stopping secondary CPUs
[  215.179242] Kernel Offset: disabled
[  215.180807] CPU features: 0x0002,20006000
[  215.184138] Memory Limit: none
[  215.185822] ---[ end Kernel panic - not syncing: Fatal exception in interrupt ]---
