[  192.551817] Unable to handle kernel NULL pointer dereference at virtual address 0000000000000010
[  192.574519] Mem abort info:
[  192.579254]   ESR = 0x96000006
[  192.582559]   EC = 0x25: DABT (current EL), IL = 32 bits
[  192.583594]   SET = 0, FnV = 0
[  192.590313]   EA = 0, S1PTW = 0
[  192.591419] Data abort info:
[  192.592073]   ISV = 0, ISS = 0x00000006
[  192.594358]   CM = 0, WnR = 0
[  192.595506] user pgtable: 4k pages, 48-bit VAs, pgdp=00000000b223a000
[  192.600132] [0000000000000010] pgd=00000000b6eb1003, pud=00000000b819d003, pmd=0000000000000000
[  192.604903] Internal error: Oops: 96000006 [#1] PREEMPT SMP
[  192.606733] Modules linked in:
[  192.613361] CPU: 7 PID: 494 Comm: python3 Not tainted 5.4.18 #2
[  192.622047] Hardware name: linux,dummy-virt (DT)
[  192.628325] pstate: 60000005 (nZCv daif -PAN -UAO)
[  192.636236] pc : ip_output+0x38/0x1b0
[  192.638862] lr : ip_local_out+0x44/0x58
[  192.639382] sp : ffff800011f53a30
[  192.641356] x29: ffff800011f53a30 x28: 000000000000001a 
[  192.642764] x27: ffff800011f53d80 x26: 0000000000000011 
[  192.644451] x25: 0000000000000012 x24: ffff000076da6624 
[  192.647130] x23: ffff000078083740 x22: ffff00007abb2a00 
[  192.648308] x21: ffff800011963ac0 x20: ffff000078306400 
[  192.651270] x19: ffff000078306400 x18: 0000000000000000 
[  192.653381] x17: 0000000000000000 x16: 0000000000000000 
[  192.654265] x15: 0000000000000001 x14: 0000000000000000 
[  192.655733] x13: 0000000000000006 x12: 00000000c0a80164 
[  192.656419] x11: 0000000000000000 x10: 0000000000000068 
[  192.657845] x9 : ffff00007abb2a00 x8 : ffff800011f53c30 
[  192.658069] x7 : 0000000059400000 x6 : 000000000000278f 
[  192.658271] x5 : ffff000076da6624 x4 : ffff000076da6624 
[  192.658451] x3 : ffff00007962d0c0 x2 : 0000000000000000 
[  192.658881] x1 : ffff000078083740 x0 : ffff800011963ac0 
[  192.659757] Call trace:
[  192.660227]  ip_output+0x38/0x1b0
[  192.660953]  ip_local_out+0x44/0x58
[  192.662031]  ip_send_skb+0x1c/0xa8
[  192.662581]  udp_send_skb.isra.0+0x11c/0x368
[  192.662989]  udp_sendmsg+0x710/0x860
[  192.663526]  inet_sendmsg+0x40/0x68
[  192.666010]  __sys_sendto+0xd4/0x150
[  192.668824]  __arm64_sys_sendto+0x24/0x30
[  192.677603]  el0_svc_common.constprop.0+0x68/0x160
[  192.685085]  el0_svc_handler+0x20/0x80
[  192.690876]  el0_svc+0x8/0xc
[  192.698449] Code: f9423ac3 f90047e3 d2800003 f9402e83 (b9401040) 
[  192.730549] ---[ end trace c41d89e5ab784ef6 ]---
