[  192.950153] kernel BUG at arch/arm64/kernel/traps.c:405!
[  192.953969] Internal error: Oops - BUG: 0 [#1] PREEMPT SMP
[  192.955626] Modules linked in:
[  192.962503] CPU: 4 PID: 493 Comm: python3 Not tainted 5.4.18 #2
[  192.963763] Hardware name: linux,dummy-virt (DT)
[  192.965835] pstate: 00000005 (nzcv daif -PAN -UAO)
[  192.971206] pc : do_undefinstr+0x2ec/0x310
[  192.972093] lr : do_undefinstr+0x1e0/0x310
[  192.972828] sp : ffff800011f8b890
[  192.973489] x29: ffff800011f8b890 x28: ffff00007978aa00 
[  192.976596] x27: ffff800011f8bd80 x26: 0000000000000011 
[  192.977457] x25: 0000000000000012 x24: 0000000000000000 
[  192.978536] x23: 0000000060000005 x22: ffff800010b79198 
[  192.979398] x21: ffff800011f8ba30 x20: ffff00007978aa00 
[  192.980364] x19: ffff800011f8b8f0 x18: 0000000000000000 
[  192.981184] x17: 0000000000000000 x16: 0000000000000000 
[  192.982042] x15: 0000000000000001 x14: 0000000000000000 
[  192.983144] x13: 0000000000000006 x12: 00000000c0a80164 
[  192.984060] x11: 0000000000000000 x10: 0000000000000068 
[  192.984932] x9 : ffff00007978aa00 x8 : ffff800011f8bc30 
[  192.985750] x7 : 0000000077200000 x6 : 000000000000001f 
[  192.986561] x5 : 0000000000000000 x4 : ffff8000117c51f0 
[  192.987684] x3 : 0000000000000005 x2 : 0000000000000000 
[  192.988517] x1 : ffff00007978aa00 x0 : 0000000060000005 
[  192.992590] Call trace:
[  192.993507]  do_undefinstr+0x2ec/0x310
[  192.994612]  el1_undef+0x10/0x84
[  192.995237]  ip_output+0x58/0x1b0
[  192.995860]  ip_local_out+0x44/0x58
[  192.996445]  ip_send_skb+0x1c/0xa8
[  192.997022]  udp_send_skb.isra.0+0x11c/0x368
[  192.997757]  udp_sendmsg+0x710/0x860
[  192.998358]  inet_sendmsg+0x40/0x68
[  192.998947]  __sys_sendto+0xd4/0x150
[  192.999592]  __arm64_sys_sendto+0x24/0x30
[  193.000255]  el0_svc_common.constprop.0+0x68/0x160
[  193.000972]  el0_svc_handler+0x20/0x80
[  193.001621]  el0_svc+0x8/0xc
[  193.003411] Code: f9401bf7 17ffff7c a9025bf5 f9001bf7 (d4210000) 
[  193.008467] ---[ end trace 81c0b798e5ed6406 ]---
[  193.010509] note: python3[493] exited with preempt_count 2
[  193.180954] ------------[ cut here ]------------
[  193.185560] WARNING: CPU: 4 PID: 0 at kernel/rcu/tree.c:569 rcu_idle_enter+0x74/0x80
[  193.197023] Modules linked in:
[  193.200541] CPU: 4 PID: 0 Comm: swapper/4 Tainted: G      D           5.4.18 #2
[  193.215493] Hardware name: linux,dummy-virt (DT)
[  193.226322] pstate: 200003c5 (nzCv DAIF -PAN -UAO)
[  193.230996] pc : rcu_idle_enter+0x74/0x80
[  193.231881] lr : do_idle+0x200/0x288
[  193.237882] sp : ffff800011a63f20
[  193.247698] x29: ffff800011a63f20 x28: 0000000000000000 
[  193.256276] x27: 0000000000000000 x26: 0000000000000000 
[  193.258205] x25: 0000000000000000 x24: ffff8000117ba214 
[  193.259406] x23: ffff00007b0c4600 x22: ffff800011404ab8 
[  193.260645] x21: ffff8000117ba1f0 x20: 0000000000000004 
[  193.266153] x19: ffff8000117ba118 x18: 0000000000000010 
[  193.268726] x17: 0000000000000000 x16: 0000000000000000 
[  193.273253] x15: ffff00007978ae70 x14: 0000000000000002 
[  193.276794] x13: 0000000000000001 x12: 0000000000000001 
[  193.280914] x11: 0000000000000400 x10: 00000000000009c0 
[  193.284461] x9 : ffff800011a63e90 x8 : ffff00007b0c5020 
[  193.288457] x7 : 0000000000000004 x6 : 00000484cb26a519 
[  193.291920] x5 : 00ffffffffffffff x4 : ffff80006c799000 
[  193.293174] x3 : 4000000000000002 x2 : 4000000000000000 
[  193.295002] x1 : ffff800011406980 x0 : ffff00007db9f980 
[  193.307530] Call trace:
[  193.309957]  rcu_idle_enter+0x74/0x80
[  193.311548]  do_idle+0x200/0x288
[  193.312516]  cpu_startup_entry+0x20/0x40
[  193.313407]  secondary_start_kernel+0x154/0x190
[  193.321811] ---[ end trace 81c0b798e5ed6407 ]---
