[  193.415677] Unable to handle kernel paging request at virtual address ffff800011fb42b8
[  193.421616] Mem abort info:
[  193.424112]   ESR = 0x96000047
[  193.425583]   EC = 0x25: DABT (current EL), IL = 32 bits
[  193.429591]   SET = 0, FnV = 0
[  193.436628]   EA = 0, S1PTW = 0
[  193.440512] Data abort info:
[  193.441891]   ISV = 0, ISS = 0x00000047
[  193.450653]   CM = 0, WnR = 1
[  193.456254] swapper pgtable: 4k pages, 48-bit VAs, pgdp=00000000412a6000
[  193.468765] [ffff800011fb42b8] pgd=00000000bdfff003, pud=00000000bdffe003, pmd=00000000bb3d9003, pte=0000000000000000
[  193.486551] Internal error: Oops: 96000047 [#1] PREEMPT SMP
[  193.488703] Modules linked in:
[  193.491202] CPU: 6 PID: 492 Comm: python3 Not tainted 5.4.18 #2
[  193.491811] Hardware name: linux,dummy-virt (DT)
[  193.493323] pstate: 60000005 (nZCv daif -PAN -UAO)
[  193.494707] pc : ip_output+0x2c/0x1b0
[  193.502304] lr : ip_local_out+0x44/0x58
[  193.508645] sp : ffff800011fb3a30
[  193.512414] x29: ffff800011fb3a30 x28: 000000000000001a 
[  193.516539] x27: ffff800011fb3d80 x26: 0000000000000011 
[  193.521614] x25: 0000000000000012 x24: ffff000078292c24 
[  193.530671] x23: ffff000078092640 x22: ffff00007969e200 
[  193.532420] x21: ffff800011963ac0 x20: ffff000078294000 
[  193.537364] x19: ffff000078294000 x18: 0000000000000000 
[  193.541688] x17: 0000000000000000 x16: 0000000000000000 
[  193.547786] x15: 0000000000000001 x14: 0000000000000000 
[  193.548575] x13: 0000000000000006 x12: 00000000c0a80164 
[  193.549407] x11: 0000000000000000 x10: 0000000000000068 
[  193.550361] x9 : ffff00007969e200 x8 : ffff800011fb3c30 
[  193.551256] x7 : 00000000a3500000 x6 : 0000000000008eb8 
[  193.552433] x5 : ffff000078292c24 x4 : ffff000078292c24 
[  193.553103] x3 : 69eb2b51945a2500 x2 : ffff00007969e200 
[  193.555155] x1 : ffff000078092640 x0 : ffff800011963ac0 
[  193.560993] Call trace:
[  193.562165]  ip_output+0x2c/0x1b0
[  193.562625]  ip_local_out+0x44/0x58
[  193.563068]  ip_send_skb+0x1c/0xa8
[  193.563698]  udp_send_skb.isra.0+0x11c/0x368
[  193.564089]  udp_sendmsg+0x710/0x860
[  193.564958]  inet_sendmsg+0x40/0x68
[  193.565593]  __sys_sendto+0xd4/0x150
[  193.568203]  __arm64_sys_sendto+0x24/0x30
[  193.571120]  el0_svc_common.constprop.0+0x68/0x160
[  193.577134]  el0_svc_handler+0x20/0x80
[  193.577748]  el0_svc+0x8/0xc
[  193.579152] Code: aa0003f5 a90363f7 aa0103f7 f9423ac3 (f90447e3) 
[  193.582934] ---[ end trace 4c503540ede14df2 ]---
