[  195.321457] kernel BUG at arch/arm64/kernel/traps.c:405!
[  195.327867] Internal error: Oops - BUG: 0 [#1] PREEMPT SMP
[  195.331807] Modules linked in:
[  195.335866] CPU: 5 PID: 492 Comm: python3 Not tainted 5.4.18 #2
[  195.337240] Hardware name: linux,dummy-virt (DT)
[  195.339717] pstate: 00000005 (nzcv daif -PAN -UAO)
[  195.341581] pc : do_undefinstr+0x2ec/0x310
[  195.344559] lr : do_undefinstr+0x1e0/0x310
[  195.347772] sp : ffff800011d3b890
[  195.348768] x29: ffff800011d3b890 x28: ffff000072722a00 
[  195.350139] x27: ffff800011d3bd80 x26: 0000000000000011 
[  195.351295] x25: 0000000000000012 x24: 0000000000000000 
[  195.352550] x23: 0000000060000005 x22: ffff800010b791e0 
[  195.353902] x21: ffff800011d3ba30 x20: ffff000072722a00 
[  195.355012] x19: ffff800011d3b8f0 x18: 0000000000000000 
[  195.356125] x17: 0000000000000000 x16: 0000000000000000 
[  195.357946] x15: 0000000000000001 x14: 0000000000000000 
[  195.360168] x13: 0000000000000006 x12: 00000000c0a80164 
[  195.362964] x11: 0000000000000000 x10: 0000000000000068 
[  195.363889] x9 : ffff000072722a00 x8 : ffff800011d3bc30 
[  195.364824] x7 : 000000007d700000 x6 : 000000000000001f 
[  195.365925] x5 : 0000000000000000 x4 : ffff8000117c51f0 
[  195.367086] x3 : 0000000000000005 x2 : 0000000000000000 
[  195.368143] x1 : ffff000072722a00 x0 : 0000000060000005 
[  195.370894] Call trace:
[  195.372872]  do_undefinstr+0x2ec/0x310
[  195.374298]  el1_undef+0x10/0x84
[  195.375743]  ip_output+0xa0/0x1b0
[  195.376531]  ip_local_out+0x44/0x58
[  195.377141]  ip_send_skb+0x1c/0xa8
[  195.377618]  udp_send_skb.isra.0+0x11c/0x368
[  195.378135]  udp_sendmsg+0x710/0x860
[  195.378656]  inet_sendmsg+0x40/0x68
[  195.379094]  __sys_sendto+0xd4/0x150
[  195.379539]  __arm64_sys_sendto+0x24/0x30
[  195.380370]  el0_svc_common.constprop.0+0x68/0x160
[  195.381311]  el0_svc_handler+0x20/0x80
[  195.382098]  el0_svc+0x8/0xc
[  195.384405] Code: f9401bf7 17ffff7c a9025bf5 f9001bf7 (d4210000) 
[  195.391741] ---[ end trace bcbb6fa56defdf1a ]---
[  195.395010] note: python3[492] exited with preempt_count 2
[  195.494521] ------------[ cut here ]------------
[  195.497385] WARNING: CPU: 5 PID: 0 at kernel/rcu/tree.c:569 rcu_idle_enter+0x74/0x80
[  195.499350] Modules linked in:
[  195.499986] CPU: 5 PID: 0 Comm: swapper/5 Tainted: G      D           5.4.18 #2
[  195.502179] Hardware name: linux,dummy-virt (DT)
[  195.504216] pstate: 200003c5 (nzCv DAIF -PAN -UAO)
[  195.504918] pc : rcu_idle_enter+0x74/0x80
[  195.505651] lr : do_idle+0x200/0x288
[  195.506136] sp : ffff800011a6bf20
[  195.506559] x29: ffff800011a6bf20 x28: 0000000000000000 
[  195.506982] x27: 0000000000000000 x26: 0000000000000000 
[  195.507415] x25: 0000000000000000 x24: ffff8000117ba214 
[  195.508602] x23: ffff00007b0c5400 x22: ffff800011404ab8 
[  195.509761] x21: ffff8000117ba1f0 x20: 0000000000000005 
[  195.510076] x19: ffff8000117ba118 x18: 0000000000000010 
[  195.510515] x17: 0000000000000000 x16: 0000000000000000 
[  195.510902] x15: ffff000072722e70 x14: 0000000000000000 
[  195.511236] x13: 0000000000000001 x12: 0000000000000001 
[  195.511642] x11: 0000000000000400 x10: 00000000000009c0 
[  195.512687] x9 : ffff800011a6be90 x8 : ffff00007b0c5e20 
[  195.513889] x7 : 0000000000000000 x6 : 000001cd09b8297a 
[  195.514516] x5 : 00ffffffffffffff x4 : ffff80006c7af000 
[  195.514953] x3 : 4000000000000002 x2 : 4000000000000000 
[  195.515388] x1 : ffff800011406980 x0 : ffff00007dbb5980 
[  195.515749] Call trace:
[  195.515964]  rcu_idle_enter+0x74/0x80
[  195.516759]  do_idle+0x200/0x288
[  195.517262]  cpu_startup_entry+0x20/0x40
[  195.517736]  secondary_start_kernel+0x154/0x190
[  195.518091] ---[ end trace bcbb6fa56defdf1b ]---
