[  193.200209] kernel BUG at arch/arm64/kernel/traps.c:405!
[  193.207121] Internal error: Oops - BUG: 0 [#1] PREEMPT SMP
[  193.209576] Modules linked in:
[  193.215106] CPU: 4 PID: 493 Comm: python3 Not tainted 5.4.18 #2
[  193.217012] Hardware name: linux,dummy-virt (DT)
[  193.219560] pstate: 00000005 (nzcv daif -PAN -UAO)
[  193.228251] pc : do_undefinstr+0x2ec/0x310
[  193.229249] lr : do_undefinstr+0x1e0/0x310
[  193.230126] sp : ffff800011d03890
[  193.230844] x29: ffff800011d03890 x28: ffff000079289c00 
[  193.233022] x27: ffff800011d03d80 x26: 0000000000000011 
[  193.234038] x25: 0000000000000012 x24: 0000000000000000 
[  193.235012] x23: 0000000060000005 x22: ffff800010b791d4 
[  193.236017] x21: ffff800011d03a30 x20: ffff000079289c00 
[  193.237378] x19: ffff800011d038f0 x18: 0000000000000000 
[  193.239697] x17: 0000000000000000 x16: 0000000000000000 
[  193.240639] x15: 0000000000000001 x14: 0000000000000000 
[  193.241548] x13: 0000000000000006 x12: 00000000c0a80164 
[  193.242427] x11: 0000000000000000 x10: 0000000000000068 
[  193.243380] x9 : ffff000079289c00 x8 : ffff800011d03c30 
[  193.244268] x7 : 0000000005b00000 x6 : ffff800011d038e8 
[  193.245372] x5 : 00000000d5300000 x4 : ffff8000117c51f0 
[  193.246223] x3 : 00000000bb000000 x2 : 0000000000000000 
[  193.247123] x1 : ffff000079289c00 x0 : 0000000060000005 
[  193.249537] Call trace:
[  193.250339]  do_undefinstr+0x2ec/0x310
[  193.251055]  el1_undef+0x10/0x84
[  193.251613]  ip_output+0x94/0x1b0
[  193.252834]  ip_local_out+0x44/0x58
[  193.254432]  ip_send_skb+0x1c/0xa8
[  193.255493]  udp_send_skb.isra.0+0x11c/0x368
[  193.256142]  udp_sendmsg+0x710/0x860
[  193.256706]  inet_sendmsg+0x40/0x68
[  193.257281]  __sys_sendto+0xd4/0x150
[  193.257963]  __arm64_sys_sendto+0x24/0x30
[  193.258626]  el0_svc_common.constprop.0+0x68/0x160
[  193.259345]  el0_svc_handler+0x20/0x80
[  193.259996]  el0_svc+0x8/0xc
[  193.261921] Code: f9401bf7 17ffff7c a9025bf5 f9001bf7 (d4210000) 
[  193.265601] ---[ end trace 2c6bc875798b40c7 ]---
[  193.267403] note: python3[493] exited with preempt_count 1
[  193.358296] ------------[ cut here ]------------
[  193.365371] WARNING: CPU: 4 PID: 0 at kernel/rcu/tree.c:569 rcu_idle_enter+0x74/0x80
[  193.366460] Modules linked in:
[  193.366944] CPU: 4 PID: 0 Comm: swapper/4 Tainted: G      D           5.4.18 #2
[  193.367497] Hardware name: linux,dummy-virt (DT)
[  193.367833] pstate: 200003c5 (nzCv DAIF -PAN -UAO)
[  193.368948] pc : rcu_idle_enter+0x74/0x80
[  193.369472] lr : do_idle+0x200/0x288
[  193.369839] sp : ffff800011a63f20
[  193.370243] x29: ffff800011a63f20 x28: 0000000000000000 
[  193.370687] x27: 0000000000000000 x26: 0000000000000000 
[  193.371103] x25: 0000000000000000 x24: ffff8000117ba214 
[  193.371550] x23: ffff00007b0c4600 x22: ffff800011404ab8 
[  193.372819] x21: ffff8000117ba1f0 x20: 0000000000000004 
[  193.374321] x19: ffff8000117ba118 x18: 0000000000000010 
[  193.374770] x17: 0000000000000000 x16: 0000000000000000 
[  193.375289] x15: ffff00007928a070 x14: 0000000000000001 
[  193.375811] x13: 0000000000000001 x12: 0000000000000000 
[  193.377140] x11: 0000000000000400 x10: 00000000000009c0 
[  193.377780] x9 : ffff800011a63e90 x8 : ffff00007b0c5020 
[  193.378249] x7 : 0000000000000004 x6 : 0000014da077c664 
[  193.378751] x5 : 00ffffffffffffff x4 : ffff80006c799000 
[  193.379168] x3 : 4000000000000002 x2 : 4000000000000000 
[  193.379747] x1 : ffff800011406980 x0 : ffff00007db9f980 
[  193.380755] Call trace:
[  193.381984]  rcu_idle_enter+0x74/0x80
[  193.382695]  do_idle+0x200/0x288
[  193.382897]  cpu_startup_entry+0x20/0x40
[  193.383252]  secondary_start_kernel+0x154/0x190
[  193.383641] ---[ end trace 2c6bc875798b40c8 ]---
