[  193.131739] Kernel panic - not syncing: stack-protector: Kernel stack is corrupted in: ip_output+0x1ac/0x1b0
[  193.142781] CPU: 6 PID: 492 Comm: python3 Not tainted 5.4.18 #2
[  193.144661] Hardware name: linux,dummy-virt (DT)
[  193.147453] Call trace:
[  193.148833]  dump_backtrace+0x0/0x140
[  193.149728]  show_stack+0x14/0x20
[  193.150435]  dump_stack+0xb4/0xf8
[  193.151088]  panic+0x158/0x324
[  193.151749]  __stack_chk_fail+0x1c/0x20
[  193.152476]  ip_output+0x1ac/0x1b0
[  193.153136]  ip_local_out+0x44/0x58
[  193.153885]  ip_send_skb+0x1c/0xa8
[  193.154881]  udp_send_skb.isra.0+0x11c/0x368
[  193.155819]  udp_sendmsg+0x710/0x860
[  193.157252]  inet_sendmsg+0x40/0x68
[  193.157662]  __sys_sendto+0xd4/0x150
[  193.158020]  __arm64_sys_sendto+0x24/0x30
[  193.159066]  el0_svc_common.constprop.0+0x68/0x160
[  193.160130]  el0_svc_handler+0x20/0x80
[  193.160859]  el0_svc+0x8/0xc
[  193.166113] SMP: stopping secondary CPUs
[  193.169795] Kernel Offset: disabled
[  193.170791] CPU features: 0x0002,20006000
[  193.171762] Memory Limit: none
[  193.178604] ---[ end Kernel panic - not syncing: stack-protector: Kernel stack is corrupted in: ip_output+0x1ac/0x1b0 ]---
