[  197.251462] Unable to handle kernel NULL pointer dereference at virtual address 0000000000000010
[  197.256902] Mem abort info:
[  197.257639]   ESR = 0x96000006
[  197.262377]   EC = 0x25: DABT (current EL), IL = 32 bits
[  197.263891]   SET = 0, FnV = 0
[  197.267479]   EA = 0, S1PTW = 0
[  197.272381] Data abort info:
[  197.277463]   ISV = 0, ISS = 0x00000006
[  197.278164]   CM = 0, WnR = 0
[  197.283670] user pgtable: 4k pages, 48-bit VAs, pgdp=00000000b427b000
[  197.285202] [0000000000000010] pgd=00000000b8060003, pud=00000000b83ad003, pmd=0000000000000000
[  197.305881] Internal error: Oops: 96000006 [#1] PREEMPT SMP
[  197.313988] Modules linked in:
[  197.318041] CPU: 7 PID: 492 Comm: python3 Not tainted 5.4.18 #2
[  197.322786] Hardware name: linux,dummy-virt (DT)
[  197.329972] pstate: 60000005 (nZCv daif -PAN -UAO)
[  197.332483] pc : ip_output+0x38/0x1b0
[  197.333170] lr : ip_local_out+0x44/0x58
[  197.334918] sp : ffff800011e73a30
[  197.335719] x29: ffff800011e73a30 x28: 000000000000001a 
[  197.336990] x27: ffff800011e73d80 x26: 0000000000000011 
[  197.339329] x25: 0000000000000012 x24: ffff00007809cc24 
[  197.341455] x23: ffff000078162200 x22: ffff00007b2dc600 
[  197.343127] x21: ffff800011963ac0 x20: ffff000078140000 
[  197.343904] x19: ffff000078140000 x18: 0000000000000000 
[  197.344643] x17: 0000000000000000 x16: 0000000000000000 
[  197.347234] x15: 0000000000000001 x14: 0000000000000000 
[  197.348391] x13: 0000000000000006 x12: 00000000c0a80164 
[  197.354293] x11: 0000000000000000 x10: 0000000000000068 
[  197.358040] x9 : ffff00007b2dc600 x8 : ffff800011e73c30 
[  197.362857] x7 : 0000000077200000 x6 : 000000000000aac9 
[  197.374405] x5 : ffff00007809cc24 x4 : ffff00007809cc24 
[  197.378729] x3 : ffff0000796f9000 x2 : 0000000000000000 
[  197.379450] x1 : ffff000078162200 x0 : ffff800011963ac0 
[  197.387718] Call trace:
[  197.388744]  ip_output+0x38/0x1b0
[  197.394875]  ip_local_out+0x44/0x58
[  197.397856]  ip_send_skb+0x1c/0xa8
[  197.400826]  udp_send_skb.isra.0+0x11c/0x368
[  197.401980]  udp_sendmsg+0x710/0x860
[  197.403143]  inet_sendmsg+0x40/0x68
[  197.403539]  __sys_sendto+0xd4/0x150
[  197.403991]  __arm64_sys_sendto+0x24/0x30
[  197.405064]  el0_svc_common.constprop.0+0x68/0x160
[  197.406502]  el0_svc_handler+0x20/0x80
[  197.407199]  el0_svc+0x8/0xc
[  197.411554] Code: f9423ac3 f90047e3 d2800002 f9402e83 (b9401040) 
[  197.417008] ---[ end trace f079876eade7b49f ]---
