[  194.420900] kernel BUG at arch/arm64/kernel/traps.c:405!
[  194.426858] Internal error: Oops - BUG: 0 [#1] PREEMPT SMP
[  194.428872] Modules linked in:
[  194.437323] CPU: 2 PID: 493 Comm: python3 Not tainted 5.4.18 #2
[  194.440230] Hardware name: linux,dummy-virt (DT)
[  194.444403] pstate: 00000005 (nzcv daif -PAN -UAO)
[  194.450605] pc : do_undefinstr+0x2ec/0x310
[  194.451468] lr : do_undefinstr+0x1e0/0x310
[  194.452375] sp : ffff800011d2b890
[  194.453079] x29: ffff800011d2b890 x28: ffff000079066200 
[  194.454305] x27: ffff800011d2bd80 x26: 0000000000000011 
[  194.455208] x25: 0000000000000012 x24: 0000000000000000 
[  194.456154] x23: 0000000060000005 x22: ffff800010b79158 
[  194.457060] x21: ffff800011d2ba30 x20: ffff000079066200 
[  194.458279] x19: ffff800011d2b8f0 x18: 0000000000000000 
[  194.459188] x17: 0000000000000000 x16: 0000000000000000 
[  194.460304] x15: 0000000000000001 x14: 0000000000000000 
[  194.461406] x13: 0000000000000006 x12: 00000000c0a80164 
[  194.462389] x11: 0000000000000000 x10: 0000000000000068 
[  194.463338] x9 : ffff000079066200 x8 : ffff800011d2bc30 
[  194.466794] x7 : 00000000fd000000 x6 : ffff800011d2b8e8 
[  194.468337] x5 : 00000000d5300000 x4 : ffff8000117c51f0 
[  194.469266] x3 : 00000000c5300000 x2 : 0000000000000000 
[  194.470250] x1 : ffff000079066200 x0 : 0000000060000005 
[  194.472047] Call trace:
[  194.472838]  do_undefinstr+0x2ec/0x310
[  194.473971]  el1_undef+0x10/0x84
[  194.474585]  ip_output+0x18/0x1b0
[  194.475257]  ip_local_out+0x44/0x58
[  194.475848]  ip_send_skb+0x1c/0xa8
[  194.476966]  udp_send_skb.isra.0+0x11c/0x368
[  194.477860]  udp_sendmsg+0x710/0x860
[  194.478522]  inet_sendmsg+0x40/0x68
[  194.479112]  __sys_sendto+0xd4/0x150
[  194.481070]  __arm64_sys_sendto+0x24/0x30
[  194.482714]  el0_svc_common.constprop.0+0x68/0x160
[  194.483581]  el0_svc_handler+0x20/0x80
[  194.484214]  el0_svc+0x8/0xc
[  194.486303] Code: f9401bf7 17ffff7c a9025bf5 f9001bf7 (d4210000) 
[  194.490181] ---[ end trace 3d6ff9225d95634d ]---
[  194.492010] note: python3[493] exited with preempt_count 1
[  194.622247] ------------[ cut here ]------------
[  194.622679] WARNING: CPU: 2 PID: 0 at kernel/rcu/tree.c:569 rcu_idle_enter+0x74/0x80
[  194.622981] Modules linked in:
[  194.624809] CPU: 2 PID: 0 Comm: swapper/2 Tainted: G      D           5.4.18 #2
[  194.630651] Hardware name: linux,dummy-virt (DT)
[  194.633028] pstate: 200003c5 (nzCv DAIF -PAN -UAO)
[  194.634056] pc : rcu_idle_enter+0x74/0x80
[  194.637103] lr : do_idle+0x200/0x288
[  194.637974] sp : ffff800011a53f20
[  194.638422] x29: ffff800011a53f20 x28: 0000000000000000 
[  194.639035] x27: 0000000000000000 x26: 0000000000000000 
[  194.639783] x25: 0000000000000000 x24: ffff8000117ba214 
[  194.640471] x23: ffff00007b0c2a00 x22: ffff800011404ab8 
[  194.641046] x21: ffff8000117ba1f0 x20: 0000000000000002 
[  194.641554] x19: ffff8000117ba118 x18: 0000000000000010 
[  194.641986] x17: 0000000000000000 x16: 0000000000000000 
[  194.644337] x15: ffff000079066670 x14: 0000000000000000 
[  194.645800] x13: 0000000000000001 x12: 0000000000000000 
[  194.646323] x11: 0000000000000400 x10: 00000000000009c0 
[  194.646893] x9 : ffff800011a53e90 x8 : ffff00007b0c3420 
[  194.649016] x7 : 0000000000000002 x6 : 0000008c7374888f 
[  194.649520] x5 : 00ffffffffffffff x4 : ffff80006c76d000 
[  194.650534] x3 : 4000000000000002 x2 : 4000000000000000 
[  194.652964] x1 : ffff800011406980 x0 : ffff00007db73980 
[  194.656733] Call trace:
[  194.657389]  rcu_idle_enter+0x74/0x80
[  194.658036]  do_idle+0x200/0x288
[  194.658923]  cpu_startup_entry+0x24/0x40
[  194.662481]  secondary_start_kernel+0x154/0x190
[  194.666779] ---[ end trace 3d6ff9225d95634e ]---
