[  193.940294] Unable to handle kernel NULL pointer dereference at virtual address 000000000000001a
[  193.950030] Mem abort info:
[  193.953528]   ESR = 0x96000006
[  193.955812]   EC = 0x25: DABT (current EL), IL = 32 bits
[  193.969663]   SET = 0, FnV = 0
[  193.974525]   EA = 0, S1PTW = 0
[  193.981459] Data abort info:
[  193.985787]   ISV = 0, ISS = 0x00000006
[  193.997126]   CM = 0, WnR = 0
[  194.001749] user pgtable: 4k pages, 48-bit VAs, pgdp=00000000b21fb000
[  194.017126] [000000000000001a] pgd=00000000b20dc003, pud=00000000b45de003, pmd=0000000000000000
[  194.030036] Internal error: Oops: 96000006 [#1] PREEMPT SMP
[  194.032761] Modules linked in:
[  194.041093] CPU: 6 PID: 491 Comm: python3 Not tainted 5.4.18 #2
[  194.043144] Hardware name: linux,dummy-virt (DT)
[  194.044856] pstate: 60000005 (nZCv daif -PAN -UAO)
[  194.051687] pc : __ip_finish_output+0x30/0x1e0
[  194.052659] lr : ip_output+0xf4/0x1b0
[  194.053598] sp : ffff800011f239f0
[  194.056004] x29: ffff800011f239f0 x28: 000000000000001a 
[  194.056540] x27: ffff800011f23d80 x26: 0000000000000011 
[  194.056731] x25: 0000000000000012 x24: ffff800011963ac0 
[  194.056971] x23: 0000000000000008 x22: ffff0000781e0e00 
[  194.057297] x21: ffff800011963ac0 x20: ffff00007831f000 
[  194.057565] x19: ffff00007831f000 x18: 0000000000000000 
[  194.057812] x17: 0000000000000000 x16: 0000000000000000 
[  194.058102] x15: 0000000000000001 x14: 0000000000000000 
[  194.058349] x13: 0000000000000006 x12: 00000000c0a80164 
[  194.058629] x11: 0000000000000000 x10: 0000000000000068 
[  194.058898] x9 : ffff00007a412ec0 x8 : ffff800011f23c30 
[  194.059936] x7 : 00000000b5d00000 x6 : 0000000000007099 
[  194.061031] x5 : 0000000000000f06 x4 : 000000000000002e 
[  194.061715] x3 : ffff00007b1d6000 x2 : ffff000072223000 
[  194.062215] x1 : 0000000000000008 x0 : ffff000072223000 
[  194.064820] Call trace:
[  194.068097]  __ip_finish_output+0x30/0x1e0
[  194.071504]  ip_output+0xf4/0x1b0
[  194.073467]  ip_local_out+0x44/0x58
[  194.081663]  ip_send_skb+0x1c/0xa8
[  194.084458]  udp_send_skb.isra.0+0x11c/0x368
[  194.087045]  udp_sendmsg+0x710/0x860
[  194.090453]  inet_sendmsg+0x40/0x68
[  194.100877]  __sys_sendto+0xd4/0x150
[  194.104588]  __arm64_sys_sendto+0x24/0x30
[  194.109855]  el0_svc_common.constprop.0+0x68/0x160
[  194.120992]  el0_svc_handler+0x20/0x80
[  194.125814]  el0_svc+0x8/0xc
[  194.136345] Code: f9402c42 927ff840 f9400003 b40006c1 (39404824) 
[  194.147069] ---[ end trace 1b2f9b873676a7e1 ]---
