[  192.570204] kernel BUG at arch/arm64/kernel/traps.c:405!
[  192.579838] Internal error: Oops - BUG: 0 [#1] PREEMPT SMP
[  192.582353] Modules linked in:
[  192.587290] CPU: 5 PID: 498 Comm: python3 Not tainted 5.4.18 #2
[  192.588767] Hardware name: linux,dummy-virt (DT)
[  192.591167] pstate: 00000005 (nzcv daif -PAN -UAO)
[  192.598073] pc : do_undefinstr+0x2ec/0x310
[  192.598858] lr : do_undefinstr+0x1e0/0x310
[  192.599298] sp : ffff800011fab890
[  192.599594] x29: ffff800011fab890 x28: ffff00007a40f000 
[  192.600124] x27: ffff800011fabd80 x26: 0000000000000011 
[  192.600518] x25: 0000000000000012 x24: 0000000000000000 
[  192.600906] x23: 0000000060000005 x22: ffff800010b7918c 
[  192.601293] x21: ffff800011faba30 x20: ffff00007a40f000 
[  192.601721] x19: ffff800011fab8f0 x18: 0000000000000000 
[  192.602119] x17: 0000000000000000 x16: 0000000000000000 
[  192.602525] x15: 0000000000000001 x14: 0000000000000000 
[  192.603069] x13: 0000000000000006 x12: 00000000c0a80164 
[  192.603479] x11: 0000000000000000 x10: 0000000000000068 
[  192.603883] x9 : ffff00007a40f000 x8 : ffff800011fabc30 
[  192.604288] x7 : 0000000022a00000 x6 : ffff800011fab8e8 
[  192.604809] x5 : 00000000d5300000 x4 : ffff8000117c51f0 
[  192.605603] x3 : 00000000bb000000 x2 : 0000000000000000 
[  192.606521] x1 : ffff00007a40f000 x0 : 0000000060000005 
[  192.608426] Call trace:
[  192.609644]  do_undefinstr+0x2ec/0x310
[  192.610804]  el1_undef+0x10/0x84
[  192.611416]  ip_output+0x4c/0x1b0
[  192.612044]  ip_local_out+0x44/0x58
[  192.612641]  ip_send_skb+0x1c/0xa8
[  192.613237]  udp_send_skb.isra.0+0x11c/0x368
[  192.614199]  udp_sendmsg+0x710/0x860
[  192.614829]  inet_sendmsg+0x40/0x68
[  192.615430]  __sys_sendto+0xd4/0x150
[  192.616086]  __arm64_sys_sendto+0x24/0x30
[  192.616759]  el0_svc_common.constprop.0+0x68/0x160
[  192.617500]  el0_svc_handler+0x20/0x80
[  192.618203]  el0_svc+0x8/0xc
[  192.620208] Code: f9401bf7 17ffff7c a9025bf5 f9001bf7 (d4210000) 
[  192.625722] ---[ end trace 8081c809c9eb0217 ]---
[  192.627212] note: python3[498] exited with preempt_count 1
[  192.731417] ------------[ cut here ]------------
[  192.734449] WARNING: CPU: 5 PID: 0 at kernel/rcu/tree.c:569 rcu_idle_enter+0x74/0x80
[  192.738008] Modules linked in:
[  192.738860] CPU: 5 PID: 0 Comm: swapper/5 Tainted: G      D           5.4.18 #2
[  192.739901] Hardware name: linux,dummy-virt (DT)
[  192.746810] pstate: 200003c5 (nzCv DAIF -PAN -UAO)
[  192.750653] pc : rcu_idle_enter+0x74/0x80
[  192.751059] lr : do_idle+0x200/0x288
[  192.751441] sp : ffff800011a6bf20
[  192.751830] x29: ffff800011a6bf20 x28: 0000000000000000 
[  192.759508] x27: 0000000000000000 x26: 0000000000000000 
[  192.764359] x25: 0000000000000000 x24: ffff8000117ba214 
[  192.780908] x23: ffff00007b0c5400 x22: ffff800011404ab8 
[  192.782888] x21: ffff8000117ba1f0 x20: 0000000000000005 
[  192.787163] x19: ffff8000117ba118 x18: 0000000000000010 
[  192.792471] x17: 0000000000000000 x16: 0000000000000000 
[  192.797522] x15: 00000000000001f9 x14: 0000000000000000 
[  192.806712] x13: 0000000000000002 x12: 00000000000001f9 
[  192.811373] x11: 0000000000000001 x10: 00000000000009c0 
[  192.814743] x9 : ffff800011a6be90 x8 : ffff00007b0c5e20 
[  192.817025] x7 : 00000000000003cf x6 : 000003f6c9594b2c 
[  192.818811] x5 : 00ffffffffffffff x4 : ffff80006c7af000 
[  192.821093] x3 : 4000000000000002 x2 : 4000000000000000 
[  192.831628] x1 : ffff800011406980 x0 : ffff00007dbb5980 
[  192.841091] Call trace:
[  192.849684]  rcu_idle_enter+0x74/0x80
[  192.855816]  do_idle+0x200/0x288
[  192.863248]  cpu_startup_entry+0x24/0x40
[  192.869950]  secondary_start_kernel+0x154/0x190
[  192.878675] ---[ end trace 8081c809c9eb0218 ]---
