[  193.461462] Unable to handle kernel NULL pointer dereference at virtual address 0000000000000158
[  193.463494] Mem abort info:
[  193.464089]   ESR = 0x96000006
[  193.464949]   EC = 0x25: DABT (current EL), IL = 32 bits
[  193.465862]   SET = 0, FnV = 0
[  193.466478]   EA = 0, S1PTW = 0
[  193.467423] Data abort info:
[  193.468049]   ISV = 0, ISS = 0x00000006
[  193.468835]   CM = 0, WnR = 0
[  193.470238] user pgtable: 4k pages, 48-bit VAs, pgdp=65494e845a008813
[  193.473472] Unable to handle kernel paging request at virtual address 00484e841a008813
[  193.475256] Mem abort info:
[  193.475871]   ESR = 0x96000004
[  193.476436]   EC = 0x25: DABT (current EL), IL = 32 bits
[  193.477204]   SET = 0, FnV = 0
[  193.478279]   EA = 0, S1PTW = 0
[  193.478855] Data abort info:
[  193.480693]   ISV = 0, ISS = 0x00000004
[  193.481885]   CM = 0, WnR = 0
[  193.482828] [00484e841a008813] address between user and kernel address ranges
[  193.485180] Internal error: Oops: 96000004 [#1] PREEMPT SMP
[  193.487510] Modules linked in:
[  193.491381] CPU: 1 PID: 0 Comm:  Not tainted 5.4.18 #2
[  193.492715] Hardware name: linux,dummy-virt (DT)
[  193.494704] pstate: 60000085 (nZCv daIf -PAN -UAO)
[  193.495696] pc : show_pte+0x138/0x200
[  193.496377] lr : show_pte+0x120/0x200
[  193.497049] sp : ffff800011efb3d0
[  193.497721] x29: ffff800011efb3d0 x28: ffff00007b1f2e00 
[  193.498801] x27: ffff00007db59840 x26: 0000000000000000 
[  193.499716] x25: 0000000000000001 x24: 0000000000000025 
[  193.500586] x23: 0000000020000085 x22: 65484e841a008813 
[  193.501411] x21: ffff800011efb510 x20: 0000000000000000 
[  193.502998] x19: 0000000000000158 x18: 0000000000000010 
[  193.504663] x17: 0000000000000000 x16: 0000000000000000 
[  193.505256] x15: ffff00007b1f3270 x14: ffffffffffffffff 
[  193.505740] x13: ffff800091efb167 x12: ffff800011efb16f 
[  193.506277] x11: ffff8000117d2000 x10: ffff8000119925c0 
[  193.506909] x9 : 0000000000000000 x8 : ffff800011993000 
[  193.507859] x7 : ffff800010691a68 x6 : 0000000000000155 
[  193.508907] x5 : ffff00007db53180 x4 : 0000000000000001 
[  193.509920] x3 : ffff00007db53180 x2 : 0000000000000000 
[  193.511102] x1 : 0000000000000158 x0 : ffff8000110bcc08 
[  193.515797] Code: f9402296 d37df014 f00080c0 91302000 (f8746ad5) 
[  193.525723] ---[ end trace 000c1e10afcc3f4b ]---
[  193.528960] Kernel panic - not syncing: Fatal exception in interrupt
[  193.531102] SMP: stopping secondary CPUs
[  193.535691] Kernel Offset: disabled
[  193.536144] CPU features: 0x0002,20006000
[  193.536463] Memory Limit: none
[  193.538484] ---[ end Kernel panic - not syncing: Fatal exception in interrupt ]---
