[  193.448100] Unable to handle kernel paging request at virtual address ffff8000343d1000
[  193.450913] Mem abort info:
[  193.451189]   ESR = 0x96000006
[  193.451553]   EC = 0x25: DABT (current EL), IL = 32 bits
[  193.452077]   SET = 0, FnV = 0
[  193.452355]   EA = 0, S1PTW = 0
[  193.453498] Data abort info:
[  193.453774]   ISV = 0, ISS = 0x00000006
[  193.454052]   CM = 0, WnR = 0
[  193.454589] swapper pgtable: 4k pages, 48-bit VAs, pgdp=00000000412a6000
[  193.455005] [ffff8000343d1000] pgd=00000000bdfff003, pud=00000000bdffe003, pmd=0000000000000000
[  193.458345] Internal error: Oops: 96000006 [#1] PREEMPT SMP
[  193.460248] Modules linked in:
[  193.464252] CPU: 4 PID: 492 Comm: python3 Not tainted 5.4.18 #2
[  193.467661] Hardware name: linux,dummy-virt (DT)
[  193.475151] pstate: 60000005 (nZCv daif -PAN -UAO)
[  193.476843] pc : ip_output+0xfc/0x1b0
[  193.480094] lr : ip_output+0xf4/0x1b0
[  193.480412] sp : ffff800011ee3a30
[  193.482522] x29: ffff800011ee3a30 x28: 000000000000001a 
[  193.485432] x27: ffff800011ee3d80 x26: 0000000000000011 
[  193.486389] x25: 0000000000000012 x24: ffff00007b1d4000 
[  193.487334] x23: ffff000078069dc0 x22: ffff8000343d1000 
[  193.489046] x21: ffff800011963ac0 x20: ffff00007b2e0d00 
[  193.491998] x19: ffff80001140c380 x18: 0000000000000000 
[  193.494280] x17: 0000000000000000 x16: 0000000000000000 
[  193.494951] x15: 0000000000000001 x14: 0000000000000000 
[  193.495872] x13: 0000000000000006 x12: 000000000000003c 
[  193.500416] x11: 0000000000000000 x10: 0000000000000000 
[  193.504260] x9 : ffff00007b257940 x8 : 0000000000000028 
[  193.509170] x7 : ffff00007941e000 x6 : 0000000002000000 
[  193.514608] x5 : 0000000000000000 x4 : ffff00007dba3ca0 
[  193.522090] x3 : 000000000006c204 x2 : ffff000079414600 
[  193.529606] x1 : 80df4caf403ff400 x0 : 0000000000000000 
[  193.535866] Call trace:
[  193.539926]  ip_output+0xfc/0x1b0
[  193.542720]  ip_local_out+0x44/0x58
[  193.543109]  ip_send_skb+0x1c/0xa8
[  193.547198]  udp_send_skb.isra.0+0x11c/0x368
[  193.549892]  udp_sendmsg+0x710/0x860
[  193.551418]  inet_sendmsg+0x40/0x68
[  193.555237]  __sys_sendto+0xd4/0x150
[  193.558290]  __arm64_sys_sendto+0x24/0x30
[  193.558524]  el0_svc_common.constprop.0+0x68/0x160
[  193.560112]  el0_svc_handler+0x20/0x80
[  193.560910]  el0_svc+0x8/0xc
[  193.564486] Code: aa1503e0 97fffcc2 9011c2d6 f94047e1 (f94002c2) 
[  193.570059] ---[ end trace 133379290b670914 ]---
