[  192.424665] kernel BUG at arch/arm64/kernel/traps.c:405!
[  192.427791] Internal error: Oops - BUG: 0 [#1] PREEMPT SMP
[  192.430029] Modules linked in:
[  192.432898] CPU: 6 PID: 496 Comm: python3 Not tainted 5.4.18 #2
[  192.434104] Hardware name: linux,dummy-virt (DT)
[  192.436991] pstate: 00000005 (nzcv daif -PAN -UAO)
[  192.438448] pc : do_undefinstr+0x2ec/0x310
[  192.440014] lr : do_undefinstr+0x1e0/0x310
[  192.440987] sp : ffff800011fa3890
[  192.441735] x29: ffff800011fa3890 x28: ffff00007a414600 
[  192.442968] x27: ffff800011fa3d80 x26: 0000000000000011 
[  192.444013] x25: 0000000000000012 x24: 0000000000000000 
[  192.445086] x23: 0000000060000005 x22: ffff800010b79248 
[  192.446318] x21: ffff800011fa3a30 x20: ffff00007a414600 
[  192.448605] x19: ffff800011fa38f0 x18: 0000000000000000 
[  192.449661] x17: 0000000000000000 x16: 0000000000000000 
[  192.451129] x15: 0000000000000001 x14: 0000000000000000 
[  192.452201] x13: 0000000000000006 x12: 000000000000003c 
[  192.454693] x11: ffff0000711b9000 x10: 0000000000000000 
[  192.455926] x9 : ffff000072324540 x8 : 0000000000000028 
[  192.457732] x7 : ffff000073b54000 x6 : ffff800011fa38e8 
[  192.458847] x5 : 00000000d5300000 x4 : ffff8000117c51f0 
[  192.459875] x3 : 0000000056000000 x2 : 0000000000000000 
[  192.460973] x1 : ffff00007a414600 x0 : 0000000060000005 
[  192.463214] Call trace:
[  192.464553]  do_undefinstr+0x2ec/0x310
[  192.466250]  el1_undef+0x10/0x84
[  192.467376]  ip_output+0x108/0x1b0
[  192.468336]  ip_local_out+0x44/0x58
[  192.469118]  ip_send_skb+0x1c/0xa8
[  192.470951]  udp_send_skb.isra.0+0x11c/0x368
[  192.472051]  udp_sendmsg+0x710/0x860
[  192.472881]  inet_sendmsg+0x40/0x68
[  192.473604]  __sys_sendto+0xd4/0x150
[  192.474272]  __arm64_sys_sendto+0x24/0x30
[  192.475078]  el0_svc_common.constprop.0+0x68/0x160
[  192.475931]  el0_svc_handler+0x20/0x80
[  192.476777]  el0_svc+0x8/0xc
[  192.478934] Code: f9401bf7 17ffff7c a9025bf5 f9001bf7 (d4210000) 
[  192.482088] ---[ end trace d708637d7dd3a21a ]---
[  192.484386] note: python3[496] exited with preempt_count 1
[  192.515848] ------------[ cut here ]------------
[  192.517330] WARNING: CPU: 6 PID: 0 at kernel/rcu/tree.c:569 rcu_idle_enter+0x74/0x80
[  192.521701] Modules linked in:
[  192.527682] CPU: 6 PID: 0 Comm: swapper/6 Tainted: G      D           5.4.18 #2
[  192.530795] Hardware name: linux,dummy-virt (DT)
[  192.534426] pstate: 200003c5 (nzCv DAIF -PAN -UAO)
[  192.538275] pc : rcu_idle_enter+0x74/0x80
[  192.541281] lr : do_idle+0x200/0x288
[  192.541875] sp : ffff800011a73f20
[  192.545021] x29: ffff800011a73f20 x28: 0000000000000000 
[  192.545419] x27: 0000000000000000 x26: 0000000000000000 
[  192.546239] x25: 0000000000000000 x24: ffff8000117ba214 
[  192.548559] x23: ffff00007b0c6200 x22: ffff800011404ab8 
[  192.548957] x21: ffff8000117ba1f0 x20: 0000000000000006 
[  192.549400] x19: ffff8000117ba118 x18: 0000000000000010 
[  192.549750] x17: 0000000000000000 x16: 0000000000000000 
[  192.550555] x15: 0000000000000069 x14: 0000000000000000 
[  192.552327] x13: 0000000000000002 x12: 0000000000000069 
[  192.553391] x11: 0000000000000001 x10: 00000000000009c0 
[  192.555696] x9 : ffff800011a73e90 x8 : ffff00007b0c6c20 
[  192.557945] x7 : 00000000000003f5 x6 : 0000002e20282f00 
[  192.560163] x5 : ffff00007dbc7d70 x4 : 0000000000000000 
[  192.562078] x3 : 4000000000000002 x2 : 4000000000000000 
[  192.563768] x1 : ffff800011406980 x0 : ffff00007dbcb980 
[  192.564213] Call trace:
[  192.564636]  rcu_idle_enter+0x74/0x80
[  192.566671]  do_idle+0x200/0x288
[  192.567599]  cpu_startup_entry+0x20/0x40
[  192.568373]  secondary_start_kernel+0x154/0x190
[  192.570025] ---[ end trace d708637d7dd3a21b ]---
