[  193.607694] Unable to handle kernel NULL pointer dereference at virtual address 0000000000000011
[  193.614606] Mem abort info:
[  193.618078]   ESR = 0x86000006
[  193.620637]   EC = 0x21: IABT (current EL), IL = 32 bits
[  193.621665]   SET = 0, FnV = 0
[  193.622864]   EA = 0, S1PTW = 0
[  193.625143] user pgtable: 4k pages, 48-bit VAs, pgdp=00000000b2383000
[  193.629083] [0000000000000011] pgd=00000000b7566003, pud=00000000b23c8003, pmd=0000000000000000
[  193.633379] Internal error: Oops: 86000006 [#1] PREEMPT SMP
[  193.637252] Modules linked in:
[  193.639786] CPU: 7 PID: 493 Comm: python3 Not tainted 5.4.18 #2
[  193.640323] Hardware name: linux,dummy-virt (DT)
[  193.642682] pstate: 60000005 (nZCv daif -PAN -UAO)
[  193.643735] pc : 0x11
[  193.644838] lr : ip_local_out+0x44/0x58
[  193.646153] sp : ffff800011f23ac0
[  193.646739] x29: ffff800011f23ac0 x28: 000000000000001a 
[  193.649251] x27: ffff800011f23d80 x26: 0000000000000011 
[  193.649584] x25: 0000000000000012 x24: ffff0000782a1e24 
[  193.651387] x23: ffff800011f23c30 x22: ffff0000780e2a80 
[  193.653130] x21: ffff0000780e2a80 x20: ffff800011963ac0 
[  193.654168] x19: ffff000078117d00 x18: 0000000000000000 
[  193.656060] x17: 0000000000000000 x16: 0000000000000000 
[  193.657514] x15: 0000000000000001 x14: 0000000000000000 
[  193.658258] x13: 0000000000000006 x12: 000000000000003c 
[  193.658760] x11: ffff0000726df000 x10: 0000000000000000 
[  193.659342] x9 : ffff000072071540 x8 : 0000000000000028 
[  193.662333] x7 : ffff000072304000 x6 : 0000000022100000 
[  193.663763] x5 : 0000000000000000 x4 : ffff000072304000 
[  193.666250] x3 : 00000000000003e8 x2 : 0000000000000000 
[  193.667142] x1 : 0000000000000000 x0 : 0000000000000000 
[  193.669389] Call trace:
[  193.669724]  0x11
[  193.671045]  ip_send_skb+0x1c/0xa8
[  193.676532]  udp_send_skb.isra.0+0x11c/0x368
[  193.677680]  udp_sendmsg+0x710/0x860
[  193.678443]  inet_sendmsg+0x40/0x68
[  193.678892]  __sys_sendto+0xd4/0x150
[  193.679227]  __arm64_sys_sendto+0x24/0x30
[  193.680555]  el0_svc_common.constprop.0+0x68/0x160
[  193.681508]  el0_svc_handler+0x20/0x80
[  193.681738]  el0_svc+0x8/0xc
[  193.682981] Code: bad PC value
[  193.686638] ---[ end trace 015e5ab8eecafdcc ]---
