[  195.029052] kernel BUG at arch/arm64/kernel/traps.c:405!
[  195.040127] Internal error: Oops - BUG: 0 [#1] PREEMPT SMP
[  195.043450] Modules linked in:
[  195.053972] CPU: 7 PID: 494 Comm: python3 Not tainted 5.4.18 #2
[  195.055650] Hardware name: linux,dummy-virt (DT)
[  195.058302] pstate: 00000005 (nzcv daif -PAN -UAO)
[  195.068178] pc : do_undefinstr+0x2ec/0x310
[  195.069539] lr : do_undefinstr+0x1e0/0x310
[  195.070800] sp : ffff800011f9b890
[  195.072147] x29: ffff800011f9b890 x28: ffff000079777000 
[  195.075485] x27: ffff800011f9bd80 x26: 0000000000000011 
[  195.077102] x25: 0000000000000012 x24: 0000000000000000 
[  195.080677] x23: 0000000060000005 x22: ffff800010b79144 
[  195.082007] x21: ffff800011f9ba30 x20: ffff000079777000 
[  195.083472] x19: ffff800011f9b8f0 x18: 0000000000000000 
[  195.084662] x17: 0000000000000000 x16: 0000000000000000 
[  195.085727] x15: 0000000000000001 x14: 0000000000000000 
[  195.086901] x13: 0000000000000006 x12: 00000000c0a80164 
[  195.088561] x11: 0000000000000000 x10: 0000000000000068 
[  195.089715] x9 : ffff000079777000 x8 : ffff800011f9bc30 
[  195.090891] x7 : 00000000d4800000 x6 : ffff800011f9b8e8 
[  195.091975] x5 : 00000000d5300000 x4 : ffff8000117c51f0 
[  195.096331] x3 : 0000000093000000 x2 : 0000000000000000 
[  195.097506] x1 : ffff000079777000 x0 : 0000000060000005 
[  195.100008] Call trace:
[  195.101138]  do_undefinstr+0x2ec/0x310
[  195.102056]  el1_undef+0x10/0x84
[  195.103215]  ip_output+0x4/0x1b0
[  195.103946]  ip_send_skb+0x1c/0xa8
[  195.104768]  udp_send_skb.isra.0+0x11c/0x368
[  195.105710]  udp_sendmsg+0x710/0x860
[  195.106632]  inet_sendmsg+0x40/0x68
[  195.107365]  __sys_sendto+0xd4/0x150
[  195.108069]  __arm64_sys_sendto+0x24/0x30
[  195.110533]  el0_svc_common.constprop.0+0x68/0x160
[  195.111931]  el0_svc_handler+0x20/0x80
[  195.112736]  el0_svc+0x8/0xc
[  195.115057] Code: f9401bf7 17ffff7c a9025bf5 f9001bf7 (d4210000) 
[  195.119668] ---[ end trace 9f7f02cd18a50030 ]---
[  195.121735] note: python3[494] exited with preempt_count 1
[  195.249499] ------------[ cut here ]------------
[  195.251147] WARNING: CPU: 7 PID: 0 at kernel/rcu/tree.c:569 rcu_idle_enter+0x74/0x80
[  195.253178] Modules linked in:
[  195.261634] CPU: 7 PID: 0 Comm: swapper/7 Tainted: G      D           5.4.18 #2
[  195.269393] Hardware name: linux,dummy-virt (DT)
[  195.273353] pstate: 200003c5 (nzCv DAIF -PAN -UAO)
[  195.280474] pc : rcu_idle_enter+0x74/0x80
[  195.281250] lr : do_idle+0x200/0x288
[  195.281933] sp : ffff800011a7bf20
[  195.282481] x29: ffff800011a7bf20 x28: 0000000000000000 
[  195.283041] x27: 0000000000000000 x26: 0000000000000000 
[  195.284389] x25: 0000000000000000 x24: ffff8000117ba214 
[  195.286927] x23: ffff00007b0c7000 x22: ffff800011404ab8 
[  195.287663] x21: ffff8000117ba1f0 x20: 0000000000000007 
[  195.289083] x19: ffff8000117ba118 x18: 0000000000000010 
[  195.289533] x17: 0000000000000000 x16: 0000000000000000 
[  195.290210] x15: 00000000000002b1 x14: 0000000000000000 
[  195.290956] x13: 0000000000000003 x12: 00000000000002b1 
[  195.291282] x11: 0000000000000001 x10: 00000000000009c0 
[  195.291592] x9 : ffff800011a7be90 x8 : ffff00007b0c7a20 
[  195.293094] x7 : 0000000000000368 x6 : 0000005526fb7496 
[  195.294748] x5 : 00ffffffffffffff x4 : ffff80006c7db000 
[  195.295082] x3 : 4000000000000002 x2 : 4000000000000000 
[  195.296275] x1 : ffff800011406980 x0 : ffff00007dbe1980 
[  195.296662] Call trace:
[  195.296843]  rcu_idle_enter+0x74/0x80
[  195.297047]  do_idle+0x200/0x288
[  195.297246]  cpu_startup_entry+0x24/0x40
[  195.297550]  secondary_start_kernel+0x154/0x190
[  195.297826] ---[ end trace 9f7f02cd18a50031 ]---
