[  195.055195] Unable to handle kernel NULL pointer dereference at virtual address 0000000000000001
[  195.057553] Mem abort info:
[  195.058207]   ESR = 0x96000021
[  195.065161]   EC = 0x25: DABT (current EL), IL = 32 bits
[  195.071378]   SET = 0, FnV = 0
[  195.077146]   EA = 0, S1PTW = 0
[  195.079653] Data abort info:
[  195.090911]   ISV = 0, ISS = 0x00000021
[  195.092144]   CM = 0, WnR = 0
[  195.108114] user pgtable: 4k pages, 48-bit VAs, pgdp=00000000b17cd000
[  195.114989] [0000000000000001] pgd=00000000b168f003, pud=00000000b83f3003, pmd=0000000000000000
[  195.118203] Internal error: Oops: 96000021 [#1] PREEMPT SMP
[  195.120435] Modules linked in:
[  195.124584] CPU: 6 PID: 492 Comm: python3 Not tainted 5.4.18 #2
[  195.127104] Hardware name: linux,dummy-virt (DT)
[  195.138599] pstate: 60000005 (nZCv daif -PAN -UAO)
[  195.148966] pc : ip_output+0x60/0x1b0
[  195.150538] lr : ip_local_out+0x44/0x58
[  195.159883] sp : ffff800011fcba30
[  195.164049] x29: ffff800011fcba30 x28: 000000000000001a 
[  195.166942] x27: ffff800011fcbd80 x26: 0000000000000011 
[  195.168757] x25: 0000000000000012 x24: ffff00007b1d4000 
[  195.175401] x23: ffff00007b3b4400 x22: ffff00007ab49c00 
[  195.176192] x21: ffff800011963ac0 x20: ffff000079787a00 
[  195.177276] x19: ffff80001140c380 x18: 0000000000000000 
[  195.179813] x17: 0000000000000000 x16: 0000000000000000 
[  195.183154] x15: 0000000000000001 x14: 0000000000000000 
[  195.190878] x13: 0000000000000006 x12: 00000000c0a80164 
[  195.192916] x11: 0000000000000000 x10: 0000000000000068 
[  195.196259] x9 : ffff00007ab49c00 x8 : ffff800011fcbc30 
[  195.196551] x7 : 0000000046b00000 x6 : 0000000000005f9b 
[  195.197011] x5 : 0000000000000003 x4 : 0000000000000001 
[  195.198007] x3 : ffff80001140c3a8 x2 : ffff00007ab49c00 
[  195.198333] x1 : 0000000000000001 x0 : ffff00007dbd13a8 
[  195.199034] Call trace:
[  195.199386]  ip_output+0x60/0x1b0
[  195.200147]  ip_local_out+0x44/0x58
[  195.200903]  ip_send_skb+0x1c/0xa8
[  195.201168]  udp_send_skb.isra.0+0x11c/0x368
[  195.202713]  udp_sendmsg+0x710/0x860
[  195.205310]  inet_sendmsg+0x40/0x68
[  195.207664]  __sys_sendto+0xd4/0x150
[  195.208114]  __arm64_sys_sendto+0x24/0x30
[  195.208981]  el0_svc_common.constprop.0+0x68/0x160
[  195.210472]  el0_svc_handler+0x20/0x80
[  195.212908]  el0_svc+0x8/0xc
[  195.216043] Code: d2800024 9100a263 d538d080 8b000060 (c85f7c85) 
[  195.241417] ---[ end trace fc635ae76c9f1481 ]---
[  195.247845] note: python3[492] exited with preempt_count 1
