[  200.265071] Unable to handle kernel NULL pointer dereference at virtual address 000000000000001a
[  200.278563] Mem abort info:
[  200.278848]   ESR = 0x96000006
[  200.279116]   EC = 0x25: DABT (current EL), IL = 32 bits
[  200.279417]   SET = 0, FnV = 0
[  200.279801]   EA = 0, S1PTW = 0
[  200.280244] Data abort info:
[  200.280693]   ISV = 0, ISS = 0x00000006
[  200.281209]   CM = 0, WnR = 0
[  200.286667] user pgtable: 4k pages, 48-bit VAs, pgdp=00000000b2095000
[  200.292458] [000000000000001a] pgd=00000000ae964003, pud=00000000ae965003, pmd=0000000000000000
[  200.295033] Internal error: Oops: 96000006 [#1] PREEMPT SMP
[  200.296292] Modules linked in:
[  200.298365] CPU: 0 PID: 495 Comm: python3 Not tainted 5.4.18 #2
[  200.299589] Hardware name: linux,dummy-virt (DT)
[  200.306662] pstate: 60000005 (nZCv daif -PAN -UAO)
[  200.318983] pc : __ip_finish_output+0x30/0x1e0
[  200.319802] lr : ip_output+0xf4/0x1b0
[  200.322375] sp : ffff800011d839f0
[  200.322607] x29: ffff800011d839f0 x28: 000000000000001a 
[  200.323013] x27: ffff800011d83d80 x26: 0000000000000011 
[  200.323309] x25: 0000000000000012 x24: ffff800011963ac0 
[  200.323859] x23: 0000000000000008 x22: ffff00007b1d6200 
[  200.327430] x21: ffff800011963ac0 x20: ffff000079ba6900 
[  200.334007] x19: ffff000079ba6900 x18: 0000000000000000 
[  200.336198] x17: 0000000000000000 x16: 0000000000000000 
[  200.338695] x15: 0000000000000001 x14: 0000000000000000 
[  200.344388] x13: 0000000000000006 x12: 00000000c0a80164 
[  200.345193] x11: 0000000000000000 x10: 0000000000000068 
[  200.345611] x9 : ffff00007b1d6200 x8 : ffff800011d83c30 
[  200.346013] x7 : 00000000b6300000 x6 : 00000000000075a6 
[  200.346687] x5 : 0000000000000ca4 x4 : 000000000000002e 
[  200.347443] x3 : ffff00007b2ba000 x2 : ffff000076dd6240 
[  200.348202] x1 : 0000000000000008 x0 : ffff000076dd6240 
[  200.350065] Call trace:
[  200.350899]  __ip_finish_output+0x30/0x1e0
[  200.351745]  ip_output+0xf4/0x1b0
[  200.351964]  ip_local_out+0x44/0x58
[  200.352294]  ip_send_skb+0x1c/0xa8
[  200.352509]  udp_send_skb.isra.0+0x11c/0x368
[  200.353435]  udp_sendmsg+0x710/0x860
[  200.354013]  inet_sendmsg+0x40/0x68
[  200.354235]  __sys_sendto+0xd4/0x150
[  200.354442]  __arm64_sys_sendto+0x24/0x30
[  200.354682]  el0_svc_common.constprop.0+0x68/0x160
[  200.354944]  el0_svc_handler+0x20/0x80
[  200.355217]  el0_svc+0x8/0xc
[  200.356616] Code: f9402c42 927ff840 f9400003 b40006c1 (39404824) 
[  200.361535] ---[ end trace 34f0f516da2415ee ]---
