[  192.272159] kernel BUG at arch/arm64/kernel/traps.c:405!
[  192.273628] Internal error: Oops - BUG: 0 [#1] PREEMPT SMP
[  192.274458] Modules linked in:
[  192.276337] CPU: 0 PID: 496 Comm: python3 Not tainted 5.4.18 #2
[  192.276721] Hardware name: linux,dummy-virt (DT)
[  192.277411] pstate: 00000005 (nzcv daif -PAN -UAO)
[  192.278691] pc : do_undefinstr+0x2ec/0x310
[  192.278957] lr : do_undefinstr+0x1e0/0x310
[  192.279251] sp : ffff800012123890
[  192.279478] x29: ffff800012123890 x28: ffff00007a861c00 
[  192.279860] x27: ffff800012123d80 x26: 0000000000000011 
[  192.280160] x25: 0000000000000012 x24: 0000000000000000 
[  192.281760] x23: 0000000060000005 x22: ffff800010b7924c 
[  192.282195] x21: ffff800012123a30 x20: ffff00007a861c00 
[  192.282849] x19: ffff8000121238f0 x18: 0000000000000000 
[  192.283847] x17: 0000000000000000 x16: 0000000000000000 
[  192.285624] x15: 0000000000000001 x14: 0000000000000000 
[  192.286762] x13: 0000000000000001 x12: 0000000000000000 
[  192.287953] x11: 0000000000000001 x10: 00000000000009c0 
[  192.289391] x9 : ffff8000121237c0 x8 : ffff00007a862620 
[  192.291006] x7 : ffff00007db46dc0 x6 : ffff00007b2b1cf0 
[  192.294472] x5 : 0000000000000000 x4 : 0000000000049ee0 
[  192.295978] x3 : ffff00007b33ad50 x2 : 0000000000000000 
[  192.297517] x1 : 0000000000000000 x0 : 0000000060000005 
[  192.298452] Call trace:
[  192.298859]  do_undefinstr+0x2ec/0x310
[  192.299969]  el1_undef+0x10/0x84
[  192.300271]  ip_output+0x10c/0x1b0
[  192.300557]  ip_local_out+0x44/0x58
[  192.300841]  ip_send_skb+0x1c/0xa8
[  192.301118]  udp_send_skb.isra.0+0x11c/0x368
[  192.301442]  udp_sendmsg+0x710/0x860
[  192.301756]  inet_sendmsg+0x40/0x68
[  192.302047]  __sys_sendto+0xd4/0x150
[  192.302332]  __arm64_sys_sendto+0x24/0x30
[  192.302643]  el0_svc_common.constprop.0+0x68/0x160
[  192.302995]  el0_svc_handler+0x20/0x80
[  192.303288]  el0_svc+0x8/0xc
[  192.304182] Code: f9401bf7 17ffff7c a9025bf5 f9001bf7 (d4210000) 
[  192.306010] ---[ end trace b340134331908402 ]---
[  192.307537] note: python3[496] exited with preempt_count 1
[  192.474341] ------------[ cut here ]------------
[  192.479902] WARNING: CPU: 0 PID: 0 at kernel/rcu/tree.c:569 rcu_idle_enter+0x74/0x80
[  192.496005] Modules linked in:
[  192.499421] CPU: 0 PID: 0 Comm: swapper/0 Tainted: G      D           5.4.18 #2
[  192.504919] Hardware name: linux,dummy-virt (DT)
[  192.510631] pstate: 20000085 (nzCv daIf -PAN -UAO)
[  192.513585] pc : rcu_idle_enter+0x74/0x80
[  192.522309] lr : do_idle+0x200/0x288
[  192.527865] sp : ffff8000117b3eb0
[  192.531561] x29: ffff8000117b3eb0 x28: 00000000412b0018 
[  192.536132] x27: 0000000000000000 x26: 0000000000000000 
[  192.539733] x25: 0000000000000000 x24: ffff8000117ba214 
[  192.543418] x23: ffff8000117c2d80 x22: ffff800011404ab8 
[  192.548207] x21: ffff8000117ba1f0 x20: 0000000000000000 
[  192.549918] x19: ffff8000117ba118 x18: 0000000000000010 
[  192.552316] x17: 0000000000000000 x16: 0000000000000000 
[  192.560337] x15: ffff00007a862070 x14: 0000000000000002 
[  192.561624] x13: 0000000000005d8a x12: 0000000000000126 
[  192.563313] x11: 0000000001764f62 x10: 00000000000009c0 
[  192.564070] x9 : ffff8000117b3e20 x8 : ffff8000117c37a0 
[  192.564962] x7 : 0000000000000000 x6 : 0000007a04f64569 
[  192.565528] x5 : 00ffffffffffffff x4 : ffff80006c741000 
[  192.566732] x3 : 4000000000000002 x2 : 4000000000000000 
[  192.568276] x1 : ffff800011406980 x0 : ffff00007db47980 
[  192.568747] Call trace:
[  192.569042]  rcu_idle_enter+0x74/0x80
[  192.569616]  do_idle+0x200/0x288
[  192.570875]  cpu_startup_entry+0x24/0x40
[  192.572795]  rest_init+0xd4/0xe0
[  192.574130]  arch_call_rest_init+0xc/0x14
[  192.574910]  start_kernel+0x420/0x450
[  192.575817] ---[ end trace b340134331908403 ]---
