[  194.108541] Unable to handle kernel paging request at virtual address ffff800011fefab8
[  194.112260] Mem abort info:
[  194.112893]   ESR = 0x96000007
[  194.116720]   EC = 0x25: DABT (current EL), IL = 32 bits
[  194.119641]   SET = 0, FnV = 0
[  194.122976]   EA = 0, S1PTW = 0
[  194.124530] Data abort info:
[  194.128609]   ISV = 0, ISS = 0x00000007
[  194.142911]   CM = 0, WnR = 0
[  194.145018] swapper pgtable: 4k pages, 48-bit VAs, pgdp=00000000412a6000
[  194.155355] [ffff800011fefab8] pgd=00000000bdfff003, pud=00000000bdffe003, pmd=00000000baa08003, pte=0000000000000000
[  194.164917] Internal error: Oops: 96000007 [#1] PREEMPT SMP
[  194.166788] Modules linked in:
[  194.169155] CPU: 0 PID: 495 Comm: python3 Not tainted 5.4.18 #2
[  194.173149] Hardware name: linux,dummy-virt (DT)
[  194.176629] pstate: 60000005 (nZCv daif -PAN -UAO)
[  194.178385] pc : ip_output+0xf8/0x1b0
[  194.182169] lr : ip_output+0xf4/0x1b0
[  194.185089] sp : ffff800011feba30
[  194.187833] x29: ffff800011feba30 x28: 000000000000001a 
[  194.191422] x27: ffff800011febd80 x26: 0000000000000011 
[  194.197687] x25: 0000000000000012 x24: ffff000079b28000 
[  194.200322] x23: ffff000079711540 x22: ffff00007818d870 
[  194.201254] x21: ffff800011963ac0 x20: ffff00007b39be00 
[  194.203699] x19: ffff80001140c380 x18: 0000000000000000 
[  194.207067] x17: 0000000000000000 x16: 0000000000000000 
[  194.209230] x15: 0000000000000000 x14: 0000000000000000 
[  194.211479] x13: 0000000000000001 x12: 0000000000000000 
[  194.212458] x11: 0000000000000001 x10: 00000000000009c0 
[  194.213073] x9 : ffff800011feb8c0 x8 : ffff00007818de20 
[  194.213687] x7 : ffff00007db46dc0 x6 : 0000000000000f98 
[  194.215635] x5 : 000000000000b967 x4 : 0000000000197f40 
[  194.216694] x3 : ffff0000795616d0 x2 : 0000000000000000 
[  194.217409] x1 : 0000000000000000 x0 : 0000000000000000 
[  194.218949] Call trace:
[  194.219856]  ip_output+0xf8/0x1b0
[  194.220324]  ip_local_out+0x44/0x58
[  194.220917]  ip_send_skb+0x1c/0xa8
[  194.221517]  udp_send_skb.isra.0+0x11c/0x368
[  194.222791]  udp_sendmsg+0x710/0x860
[  194.223356]  inet_sendmsg+0x40/0x68
[  194.223719]  __sys_sendto+0xd4/0x150
[  194.224131]  __arm64_sys_sendto+0x24/0x30
[  194.224542]  el0_svc_common.constprop.0+0x68/0x160
[  194.224982]  el0_svc_handler+0x20/0x80
[  194.225347]  el0_svc+0x8/0xc
[  194.228022] Code: aa1703e1 aa1503e0 97fffcc2 9111c2d6 (f96047e1) 
[  194.231789] ---[ end trace 1321fa68be2b8e3c ]---
