[  192.831057] kernel BUG at arch/arm64/kernel/traps.c:405!
[  192.839865] Internal error: Oops - BUG: 0 [#1] PREEMPT SMP
[  192.842270] Modules linked in:
[  192.849416] CPU: 0 PID: 495 Comm: python3 Not tainted 5.4.18 #2
[  192.851702] Hardware name: linux,dummy-virt (DT)
[  192.854152] pstate: 00000005 (nzcv daif -PAN -UAO)
[  192.856629] pc : do_undefinstr+0x2ec/0x310
[  192.857356] lr : do_undefinstr+0x1e0/0x310
[  192.858006] sp : ffff800011f23890
[  192.858585] x29: ffff800011f23890 x28: ffff00007958d400 
[  192.859465] x27: ffff800011f23d80 x26: 0000000000000011 
[  192.860366] x25: 0000000000000012 x24: 0000000000000000 
[  192.861021] x23: 0000000060000005 x22: ffff800010b791c8 
[  192.861640] x21: ffff800011f23a30 x20: ffff00007958d400 
[  192.862528] x19: ffff800011f238f0 x18: 0000000000000000 
[  192.863239] x17: 0000000000000000 x16: 0000000000000000 
[  192.863828] x15: 0000000000000001 x14: 0000000000000000 
[  192.864424] x13: 0000000000000006 x12: 00000000c0a80164 
[  192.864984] x11: 0000000000000000 x10: 0000000000000068 
[  192.865505] x9 : ffff00007958d400 x8 : ffff800011f23c30 
[  192.866008] x7 : 000000009c000000 x6 : 000000000000001f 
[  192.867314] x5 : 0000000000000000 x4 : ffff8000117c51f0 
[  192.867831] x3 : 0000000000000005 x2 : 0000000000000000 
[  192.868259] x1 : ffff00007958d400 x0 : 0000000060000005 
[  192.868847] Call trace:
[  192.869116]  do_undefinstr+0x2ec/0x310
[  192.869617]  el1_undef+0x10/0x84
[  192.869845]  ip_output+0x88/0x1b0
[  192.870047]  ip_local_out+0x44/0x58
[  192.870256]  ip_send_skb+0x1c/0xa8
[  192.870463]  udp_send_skb.isra.0+0x11c/0x368
[  192.870703]  udp_sendmsg+0x710/0x860
[  192.870919]  inet_sendmsg+0x40/0x68
[  192.871291]  __sys_sendto+0xd4/0x150
[  192.871743]  __arm64_sys_sendto+0x24/0x30
[  192.872081]  el0_svc_common.constprop.0+0x68/0x160
[  192.872501]  el0_svc_handler+0x20/0x80
[  192.872823]  el0_svc+0x8/0xc
[  192.874064] Code: f9401bf7 17ffff7c a9025bf5 f9001bf7 (d4210000) 
[  192.876560] ---[ end trace e95d3232527165ff ]---
[  192.878346] note: python3[495] exited with preempt_count 1
[  192.927981] ------------[ cut here ]------------
[  192.931843] WARNING: CPU: 0 PID: 0 at kernel/rcu/tree.c:569 rcu_idle_enter+0x74/0x80
[  192.932545] Modules linked in:
[  192.933421] CPU: 0 PID: 0 Comm: swapper/0 Tainted: G      D           5.4.18 #2
[  192.935392] Hardware name: linux,dummy-virt (DT)
[  192.936511] pstate: 200003c5 (nzCv DAIF -PAN -UAO)
[  192.944558] pc : rcu_idle_enter+0x74/0x80
[  192.953080] lr : do_idle+0x200/0x288
[  192.957316] sp : ffff8000117b3eb0
[  192.961554] x29: ffff8000117b3eb0 x28: 00000000412b0018 
[  192.965790] x27: 0000000000000000 x26: 0000000000000000 
[  192.969906] x25: 0000000000000000 x24: ffff8000117ba214 
[  192.979249] x23: ffff8000117c2d80 x22: ffff800011404ab8 
[  192.986274] x21: ffff8000117ba1f0 x20: 0000000000000000 
[  192.992778] x19: ffff8000117ba118 x18: 0000000000000010 
[  192.998407] x17: 0000000000000000 x16: 0000000000000000 
[  193.011917] x15: ffff00007958d870 x14: 0000000000000000 
[  193.013084] x13: 0000000000000001 x12: 0000000000000002 
[  193.025624] x11: 0000000000000400 x10: 00000000000009c0 
[  193.029586] x9 : ffff8000117b3e20 x8 : ffff8000117c37a0 
[  193.034885] x7 : 0000000000000000 x6 : 0000006548c781a7 
[  193.043255] x5 : 00ffffffffffffff x4 : ffff80006c741000 
[  193.048493] x3 : 4000000000000002 x2 : 4000000000000000 
[  193.055704] x1 : ffff800011406980 x0 : ffff00007db47980 
[  193.059332] Call trace:
[  193.060865]  rcu_idle_enter+0x74/0x80
[  193.062230]  do_idle+0x200/0x288
[  193.063302]  cpu_startup_entry+0x24/0x40
[  193.064866]  rest_init+0xd4/0xe0
[  193.065797]  arch_call_rest_init+0xc/0x14
[  193.071087]  start_kernel+0x420/0x450
[  193.072961] ---[ end trace e95d323252716600 ]---
