[  194.500595] Unable to handle kernel NULL pointer dereference at virtual address 0000000000000008
[  194.511997] Mem abort info:
[  194.512419]   ESR = 0x96000006
[  194.514242]   EC = 0x25: DABT (current EL), IL = 32 bits
[  194.515713]   SET = 0, FnV = 0
[  194.516445]   EA = 0, S1PTW = 0
[  194.520066] Data abort info:
[  194.520942]   ISV = 0, ISS = 0x00000006
[  194.523724]   CM = 0, WnR = 0
[  194.525519] user pgtable: 4k pages, 48-bit VAs, pgdp=00000000b142d000
[  194.533293] [0000000000000008] pgd=00000000b174e003, pud=00000000b6dc9003, pmd=0000000000000000
[  194.540622] Internal error: Oops: 96000006 [#1] PREEMPT SMP
[  194.544005] Modules linked in:
[  194.555080] CPU: 5 PID: 491 Comm: python3 Not tainted 5.4.18 #2
[  194.557238] Hardware name: linux,dummy-virt (DT)
[  194.564738] pstate: 00000005 (nzcv daif -PAN -UAO)
[  194.567529] pc : __ip_dev_find+0xfc/0x158
[  194.568093] lr : __ip_dev_find+0x40/0x158
[  194.575599] sp : ffff800011f6b890
[  194.578859] x29: ffff800011f6b890 x28: 000000000000001a 
[  194.580747] x27: ffff800011f6bd80 x26: 0000000000000011 
[  194.581297] x25: 0000000000000012 x24: 00000000ffff0000 
[  194.584357] x23: 0000000000000000 x22: ffff0000781de200 
[  194.585613] x21: ffff0000794ebb80 x20: 0000000011f6bd80 
[  194.590272] x19: 0000000000000000 x18: 0000000000000000 
[  194.593656] x17: 0000000000000000 x16: 0000000000000000 
[  194.601651] x15: 0000000000000001 x14: 0000000000000000 
[  194.611661] x13: 0000000000000006 x12: 00000000c0a80164 
[  194.624335] x11: 0000000000000000 x10: 0000000000000068 
[  194.627639] x9 : ffff0000781de200 x8 : ffff800011f6bc30 
[  194.637882] x7 : 0000000084100000 x6 : 000000000000f09c 
[  194.644432] x5 : 0000000000003954 x4 : 0000000061c88647 
[  194.646537] x3 : ffff0000794ebb80 x2 : 00000000000000ae 
[  194.647887] x1 : 0000000011f6bd80 x0 : 0000000000000000 
[  194.651500] Call trace:
[  194.654346]  __ip_dev_find+0xfc/0x158
[  194.659286]  ip_route_output_key_hash_rcu+0x444/0x668
[  194.661718]  ip_route_output_key_hash+0x74/0xa8
[  194.663462]  ip_route_output_flow+0x10/0x18
[  194.664346]  __ip_queue_xmit+0x32c/0x390
[  194.665567]  ip_local_out+0x44/0x58
[  194.675214]  ip_send_skb+0x1c/0xa8
[  194.683323]  udp_send_skb.isra.0+0x11c/0x368
[  194.690651]  udp_sendmsg+0x710/0x860
[  194.694939]  inet_sendmsg+0x40/0x68
[  194.696932]  __sys_sendto+0xd4/0x150
[  194.706763]  __arm64_sys_sendto+0x24/0x30
[  194.715204]  el0_svc_common.constprop.0+0x68/0x160
[  194.716014]  el0_svc_handler+0x20/0x80
[  194.716803]  el0_svc+0x8/0xc
[  194.735183] Code: a9077fff a9087fff b9009ff4 f90053ff (f9400400) 
[  194.763294] ---[ end trace bb9e89fae44a202d ]---
