[  192.338467] kernel BUG at arch/arm64/kernel/traps.c:405!
[  192.344675] Internal error: Oops - BUG: 0 [#1] PREEMPT SMP
[  192.346703] Modules linked in:
[  192.350996] CPU: 5 PID: 494 Comm: python3 Not tainted 5.4.18 #2
[  192.351716] Hardware name: linux,dummy-virt (DT)
[  192.353304] pstate: 00000005 (nzcv daif -PAN -UAO)
[  192.358117] pc : do_undefinstr+0x2ec/0x310
[  192.358902] lr : do_undefinstr+0x1e0/0x310
[  192.359703] sp : ffff800011efb890
[  192.360332] x29: ffff800011efb890 x28: ffff00007a997000 
[  192.361444] x27: ffff800011efbd80 x26: 0000000000000011 
[  192.362289] x25: 0000000000000012 x24: 0000000000000000 
[  192.363117] x23: 0000000060000005 x22: ffff800010b7918c 
[  192.363768] x21: ffff800011efba30 x20: ffff00007a997000 
[  192.364161] x19: ffff800011efb8f0 x18: 0000000000000000 
[  192.364545] x17: 0000000000000000 x16: 0000000000000000 
[  192.364930] x15: 0000000000000001 x14: 0000000000000000 
[  192.365318] x13: 0000000000000006 x12: 00000000c0a80164 
[  192.365736] x11: 0000000000000000 x10: 0000000000000068 
[  192.366121] x9 : ffff00007a997000 x8 : ffff800011efbc30 
[  192.366502] x7 : 0000000043100000 x6 : ffff800011efb8e8 
[  192.366884] x5 : 00000000d5300000 x4 : ffff8000117c51f0 
[  192.367269] x3 : 0000000099000000 x2 : 0000000000000000 
[  192.367802] x1 : ffff00007a997000 x0 : 0000000060000005 
[  192.368787] Call trace:
[  192.370100]  do_undefinstr+0x2ec/0x310
[  192.371175]  el1_undef+0x10/0x84
[  192.372415]  ip_output+0x4c/0x1b0
[  192.373072]  ip_local_out+0x44/0x58
[  192.373686]  ip_send_skb+0x1c/0xa8
[  192.374355]  udp_send_skb.isra.0+0x11c/0x368
[  192.375062]  udp_sendmsg+0x710/0x860
[  192.375684]  inet_sendmsg+0x40/0x68
[  192.376542]  __sys_sendto+0xd4/0x150
[  192.377183]  __arm64_sys_sendto+0x24/0x30
[  192.377878]  el0_svc_common.constprop.0+0x68/0x160
[  192.378730]  el0_svc_handler+0x20/0x80
[  192.379363]  el0_svc+0x8/0xc
[  192.381263] Code: f9401bf7 17ffff7c a9025bf5 f9001bf7 (d4210000) 
[  192.384898] ---[ end trace b0716a682fcf0fdb ]---
[  192.389111] note: python3[494] exited with preempt_count 1
[  192.597262] ------------[ cut here ]------------
[  192.598587] WARNING: CPU: 5 PID: 0 at kernel/rcu/tree.c:569 rcu_idle_enter+0x74/0x80
[  192.600700] Modules linked in:
[  192.601906] CPU: 5 PID: 0 Comm: swapper/5 Tainted: G      D           5.4.18 #2
[  192.602832] Hardware name: linux,dummy-virt (DT)
[  192.604325] pstate: 200003c5 (nzCv DAIF -PAN -UAO)
[  192.605427] pc : rcu_idle_enter+0x74/0x80
[  192.606604] lr : do_idle+0x200/0x288
[  192.607105] sp : ffff800011a6bf20
[  192.607493] x29: ffff800011a6bf20 x28: 0000000000000000 
[  192.608479] x27: 0000000000000000 x26: 0000000000000000 
[  192.609201] x25: 0000000000000000 x24: ffff8000117ba214 
[  192.618322] x23: ffff00007b0c5400 x22: ffff800011404ab8 
[  192.620563] x21: ffff8000117ba1f0 x20: 0000000000000005 
[  192.621975] x19: ffff8000117ba118 x18: 0000000000000010 
[  192.622718] x17: 0000000000000000 x16: 0000000000000000 
[  192.623507] x15: ffff00007a997470 x14: 0000000000000000 
[  192.624611] x13: 0000000000000001 x12: 0000000000000000 
[  192.625603] x11: 0000000000000400 x10: 00000000000009c0 
[  192.626467] x9 : ffff800011a6be90 x8 : ffff00007b0c5e20 
[  192.627395] x7 : 0000000000000005 x6 : 0000040283797f3f 
[  192.627917] x5 : 00ffffffffffffff x4 : ffff80006c7af000 
[  192.636509] x3 : 4000000000000002 x2 : 4000000000000000 
[  192.637133] x1 : ffff800011406980 x0 : ffff00007dbb5980 
[  192.638156] Call trace:
[  192.638632]  rcu_idle_enter+0x74/0x80
[  192.639276]  do_idle+0x200/0x288
[  192.639662]  cpu_startup_entry+0x20/0x40
[  192.645184]  secondary_start_kernel+0x154/0x190
[  192.654342] ---[ end trace b0716a682fcf0fdc ]---
