[  194.121306] Unable to handle kernel NULL pointer dereference at virtual address 0000000000000000
[  194.123579] Mem abort info:
[  194.124098]   ESR = 0x96000006
[  194.124708]   EC = 0x25: DABT (current EL), IL = 32 bits
[  194.125280]   SET = 0, FnV = 0
[  194.125995]   EA = 0, S1PTW = 0
[  194.126498] Data abort info:
[  194.128622]   ISV = 0, ISS = 0x00000006
[  194.129379]   CM = 0, WnR = 0
[  194.132270] user pgtable: 4k pages, 48-bit VAs, pgdp=00000000b8132000
[  194.148354] [0000000000000000] pgd=00000000b382f003, pud=00000000b9615003, pmd=0000000000000000
[  194.156034] Internal error: Oops: 96000006 [#1] PREEMPT SMP
[  194.165897] Modules linked in:
[  194.173812] CPU: 6 PID: 495 Comm: python3 Not tainted 5.4.18 #2
[  194.178893] Hardware name: linux,dummy-virt (DT)
[  194.186745] pstate: 60000005 (nZCv daif -PAN -UAO)
[  194.188538] pc : ip_append_page+0x5c/0x470
[  194.193980] lr : ip_local_out+0x44/0x58
[  194.197250] sp : ffff800011f8ba30
[  194.200387] x29: ffff800011f8ba30 x28: 000000000000001a 
[  194.205363] x27: ffff800011f8bd80 x26: 0000000000000011 
[  194.207429] x25: 0000000000000012 x24: ffff00007a802000 
[  194.208591] x23: ffff00007a9c3fc0 x22: ffff00007a489c00 
[  194.212058] x21: ffff800011963ac0 x20: ffff0000782aac00 
[  194.217924] x19: 000000000000002e x18: 0000000000000000 
[  194.224860] x17: 0000000000000000 x16: 0000000000000000 
[  194.228472] x15: 0000000000000001 x14: 0000000000000000 
[  194.235075] x13: 0000000000000006 x12: 00000000c0a80164 
[  194.241046] x11: 0000000000000000 x10: 0000000000000068 
[  194.243558] x9 : ffff00007a489c00 x8 : ffff800011f8bc30 
[  194.257808] x7 : 00000000fcd00000 x6 : 0000000000000c81 
[  194.261344] x5 : 0000000000000000 x4 : 000000000000002e 
[  194.266136] x3 : ffff80001140c3b0 x2 : ffff00007a489c00 
[  194.272995] x1 : 0000000000000000 x0 : 0000000000000000 
[  194.273853] Call trace:
[  194.275568]  ip_append_page+0x5c/0x470
[  194.276105]  ip_local_out+0x44/0x58
[  194.276718]  ip_send_skb+0x1c/0xa8
[  194.277663]  udp_send_skb.isra.0+0x11c/0x368
[  194.285130]  udp_sendmsg+0x710/0x860
[  194.286931]  inet_sendmsg+0x40/0x68
[  194.292873]  __sys_sendto+0xd4/0x150
[  194.300424]  __arm64_sys_sendto+0x24/0x30
[  194.304727]  el0_svc_common.constprop.0+0x68/0x160
[  194.305688]  el0_svc_handler+0x20/0x80
[  194.307487]  el0_svc+0x8/0xc
[  194.313351] Code: aa0403f3 d2800005 f94196c0 37000d02 (f9400000) 
[  194.320426] ---[ end trace 6686b5cf4ab36880 ]---
