[  193.808032] Unable to handle kernel NULL pointer dereference at virtual address 0000000000000440
[  193.825392] Mem abort info:
[  193.825973]   ESR = 0x96000006
[  193.826719]   EC = 0x25: DABT (current EL), IL = 32 bits
[  193.827351]   SET = 0, FnV = 0
[  193.827749]   EA = 0, S1PTW = 0
[  193.828228] Data abort info:
[  193.828647]   ISV = 0, ISS = 0x00000006
[  193.829084]   CM = 0, WnR = 0
[  193.832047] user pgtable: 4k pages, 48-bit VAs, pgdp=00000000b6989000
[  193.837533] [0000000000000440] pgd=00000000b58d7003, pud=00000000b6bf0003, pmd=0000000000000000
[  193.846498] Internal error: Oops: 96000006 [#1] PREEMPT SMP
[  193.855902] Modules linked in:
[  193.875843] CPU: 0 PID: 494 Comm: python3 Not tainted 5.4.18 #2
[  193.885437] Hardware name: linux,dummy-virt (DT)
[  193.892854] pstate: 80000005 (Nzcv daif -PAN -UAO)
[  193.901170] pc : __ip_finish_output+0x104/0x1e0
[  193.902013] lr : ip_output+0xf4/0x1b0
[  193.902749] sp : ffff800011ecb9f0
[  193.903367] x29: ffff800011ecb9f0 x28: 000000000000001a 
[  193.904925] x27: ffff800011ecbd80 x26: 0000000000000011 
[  193.905793] x25: 0000000000000012 x24: ffff800011963ac0 
[  193.907636] x23: ffff00007b22aa80 x22: ffff00007802d400 
[  193.909416] x21: ffff800011963ac0 x20: ffff00007b266b00 
[  193.912116] x19: ffff00007802d400 x18: 0000000000000000 
[  193.913476] x17: 0000000000000000 x16: 0000000000000000 
[  193.914505] x15: 0000000000000001 x14: 0000000000000000 
[  193.915126] x13: 0000000000000006 x12: 00000000c0a80164 
[  193.915648] x11: 0000000000000000 x10: 0000000000000068 
[  193.916224] x9 : ffff00007802d400 x8 : ffff800011ecbc30 
[  193.918885] x7 : 000000006d800000 x6 : 0000000000008fc5 
[  193.920156] x5 : 00000000000030fa x4 : 0000000000000007 
[  193.922634] x3 : 0000000000000028 x2 : 0000000000000080 
[  193.924087] x1 : 0000000000000001 x0 : ffff00007a829c00 
[  193.926847] Call trace:
[  193.930123]  __ip_finish_output+0x104/0x1e0
[  193.931258]  ip_output+0xf4/0x1b0
[  193.931760]  ip_local_out+0x44/0x58
[  193.932271]  ip_send_skb+0x1c/0xa8
[  193.932927]  udp_send_skb.isra.0+0x11c/0x368
[  193.933432]  udp_sendmsg+0x710/0x860
[  193.935689]  inet_sendmsg+0x40/0x68
[  193.937040]  __sys_sendto+0xd4/0x150
[  193.941572]  __arm64_sys_sendto+0x24/0x30
[  193.952540]  el0_svc_common.constprop.0+0x68/0x160
[  193.959167]  el0_svc_handler+0x20/0x80
[  193.961202]  el0_svc+0x8/0xc
[  193.965337] Code: a9425bf5 a94363f7 a8c47bfd d65f03c0 (f9420c61) 
[  193.968514] ---[ end trace e249fd9c048bcb89 ]---
