[  193.287524] Unable to handle kernel NULL pointer dereference at virtual address 0000000000000000
[  193.312970] Mem abort info:
[  193.319228]   ESR = 0x96000006
[  193.325694]   EC = 0x25: DABT (current EL), IL = 32 bits
[  193.330475]   SET = 0, FnV = 0
[  193.334065]   EA = 0, S1PTW = 0
[  193.334396] Data abort info:
[  193.334630]   ISV = 0, ISS = 0x00000006
[  193.335261]   CM = 0, WnR = 0
[  193.336725] user pgtable: 4k pages, 48-bit VAs, pgdp=00000000b0c72000
[  193.338320] [0000000000000000] pgd=00000000b00db003, pud=00000000b319c003, pmd=0000000000000000
[  193.353445] Internal error: Oops: 96000006 [#1] PREEMPT SMP
[  193.356118] Modules linked in:
[  193.364385] CPU: 3 PID: 494 Comm: python3 Not tainted 5.4.18 #2
[  193.365970] Hardware name: linux,dummy-virt (DT)
[  193.367698] pstate: 60000005 (nZCv daif -PAN -UAO)
[  193.371309] pc : ip_output+0x48/0x1b0
[  193.372530] lr : ip_local_out+0x44/0x58
[  193.373016] sp : ffff800011f93a30
[  193.373428] x29: ffff800011f93a30 x28: 000000000000001a 
[  193.374230] x27: ffff800011f93d80 x26: 0000000000000011 
[  193.374733] x25: 0000000000000012 x24: ffff00007aa2fa24 
[  193.376890] x23: ffff000079510440 x22: ffff000076bd0e00 
[  193.378377] x21: ffff800011963ac0 x20: ffff00007a4e1700 
[  193.381503] x19: ffff80001140c380 x18: 0000000000000000 
[  193.381996] x17: 0000000000000000 x16: 0000000000000000 
[  193.382458] x15: 0000000000000001 x14: 0000000000000000 
[  193.386458] x13: 0000000000000006 x12: 00000000c0a80164 
[  193.387980] x11: 0000000000000000 x10: 0000000000000068 
[  193.391090] x9 : ffff000076bd0e00 x8 : ffff800011f93c30 
[  193.395415] x7 : 0000000032a00000 x6 : 000000000000599d 
[  193.402188] x5 : ffff00007aa2fa24 x4 : ffff00007aa2fa24 
[  193.410152] x3 : 0000000000000000 x2 : ffff000076bd0e00 
[  193.415889] x1 : ffff000079510440 x0 : 0000000000000001 
[  193.418828] Call trace:
[  193.426445]  ip_output+0x48/0x1b0
[  193.428653]  ip_local_out+0x44/0x58
[  193.432667]  ip_send_skb+0x1c/0xa8
[  193.441001]  udp_send_skb.isra.0+0x11c/0x368
[  193.441802]  udp_sendmsg+0x710/0x860
[  193.444543]  inet_sendmsg+0x40/0x68
[  193.450278]  __sys_sendto+0xd4/0x150
[  193.456300]  __arm64_sys_sendto+0x24/0x30
[  193.456739]  el0_svc_common.constprop.0+0x68/0x160
[  193.457345]  el0_svc_handler+0x20/0x80
[  193.468529]  el0_svc+0x8/0xc
[  193.477683] Code: b9401040 927ff863 11000400 f940c2b3 (f9400078) 
[  193.482262] ---[ end trace 8ff8fbba2d663f67 ]---
