[  193.042384] Unable to handle kernel paging request at virtual address ffff80000eb78538
[  193.049102] Mem abort info:
[  193.050729]   ESR = 0x86000006
[  193.051852]   EC = 0x21: IABT (current EL), IL = 32 bits
[  193.062080]   SET = 0, FnV = 0
[  193.064343]   EA = 0, S1PTW = 0
[  193.068746] swapper pgtable: 4k pages, 48-bit VAs, pgdp=00000000412a6000
[  193.078663] [ffff80000eb78538] pgd=00000000bdfff003, pud=00000000bdffe003, pmd=0000000000000000
[  193.090036] Unable to handle kernel paging request at virtual address ffff80000eb78538
[  193.097780] Mem abort info:
[  193.102333]   ESR = 0x86000006
[  193.106734]   EC = 0x21: IABT (current EL), IL = 32 bits
[  193.108812]   SET = 0, FnV = 0
[  193.109912]   EA = 0, S1PTW = 0
[  193.111188] swapper pgtable: 4k pages, 48-bit VAs, pgdp=00000000412a6000
[  193.114851] [ffff80000eb78538] pgd=00000000bdfff003, pud=00000000bdffe003, pmd=0000000000000000
[  193.119681] Internal error: Oops: 86000006 [#1] PREEMPT SMP
[  193.121355] Modules linked in:
[  193.124544] CPU: 6 PID: 493 Comm: python3 Not tainted 5.4.18 #2
[  193.126347] Hardware name: linux,dummy-virt (DT)
[  193.133640] pstate: 60000005 (nZCv daif -PAN -UAO)
[  193.140190] pc : 0xffff80000eb78538
[  193.150387] lr : ip_output+0xf4/0x1b0
[  193.153277] sp : ffff800010033a50
[  193.156509] x29: ffff800010033a50 x28: ffff800011963ac0 
[  193.166443] x27: ffff00007811e210 x26: ffff800010033c60 
[  193.167181] x25: 0000000000000001 x24: ffff00007aa4a000 
[  193.167657] x23: ffff00007ab43480 x22: ffff00007944d400 
[  193.174024] x21: ffff800011963ac0 x20: ffff00007802ca00 
[  193.178720] x19: ffff80001140c380 x18: 0000000000000030 
[  193.180712] x17: 0000000000000000 x16: 0000000000000000 
[  193.189516] x15: 0000000000000001 x14: 0000000000000000 
[  193.195627] x13: 0000000000000006 x12: 00000000c0a8016e 
[  193.197772] x11: 0000000000000000 x10: 0000000000000068 
[  193.198293] x9 : ffff00007944d400 x8 : 00000000334de800 
[  193.198948] x7 : 0000000000000000 x6 : ffff00007811c424 
[  193.199187] x5 : 000000000000537f x4 : 000000000000004a 
[  193.200300] x3 : ffff80001140c3b0 x2 : ffff00007802ca00 
[  193.202500] x1 : ffff00007ab43480 x0 : ffff800011963ac0 
[  193.211674] Call trace:
[  193.213612]  0xffff80000eb78538
[  193.214105]  ip_local_out+0x44/0x58
[  193.214483]  ip_send_skb+0x1c/0xa8
[  193.214765]  ip_push_pending_frames+0x2c/0x48
[  193.216268]  icmp_push_reply+0xf4/0x148
[  193.218525]  __icmp_send+0x358/0x4b0
[  193.219587]  ipv4_link_failure+0xe4/0x1b8
[  193.221095]  arp_error_report+0x30/0x40
[  193.221969]  neigh_invalidate+0xc8/0x170
[  193.226219]  neigh_timer_handler+0x254/0x288
[  193.226672]  call_timer_fn.isra.0+0x20/0x78
[  193.228535]  run_timer_softirq+0x1a0/0x410
[  193.229753]  __do_softirq+0x124/0x240
[  193.230146]  irq_exit+0xb8/0xd8
[  193.230873]  __handle_domain_irq+0x64/0xb8
[  193.243082]  gic_handle_irq+0x50/0xa0
[  193.244335]  el1_irq+0xb8/0x180
[  193.245815]  show_pte+0x1b0/0x200
[  193.247151]  die_kernel_fault+0x4c/0x70
[  193.250293]  __do_kernel_fault+0x84/0x120
[  193.251513]  do_translation_fault+0x40/0x78
[  193.259337]  do_mem_abort+0x3c/0x98
[  193.260757]  el1_da+0x1c/0x90
[  193.262219]  0xffff80000eb78538
[  193.263214]  ip_local_out+0x44/0x58
[  193.266764]  ip_send_skb+0x1c/0xa8
[  193.267235]  udp_send_skb.isra.0+0x11c/0x368
[  193.267946]  udp_sendmsg+0x710/0x860
[  193.270024]  inet_sendmsg+0x40/0x68
[  193.270747]  __sys_sendto+0xd4/0x150
[  193.271141]  __arm64_sys_sendto+0x24/0x30
[  193.277628]  el0_svc_common.constprop.0+0x68/0x160
[  193.278035]  el0_svc_handler+0x20/0x80
[  193.279103]  el0_svc+0x8/0xc
[  193.282651] Code: bad PC value
[  193.303037] ---[ end trace 6b0ddd73c8775ad5 ]---
[  193.312704] Kernel panic - not syncing: Fatal exception in interrupt
[  193.323474] SMP: stopping secondary CPUs
[  193.328515] Kernel Offset: disabled
[  193.330877] CPU features: 0x0002,20006000
[  193.333171] Memory Limit: none
[  193.339870] ---[ end Kernel panic - not syncing: Fatal exception in interrupt ]---
