[  192.389088] Unable to handle kernel NULL pointer dereference at virtual address 0000000000000440
[  192.395396] Mem abort info:
[  192.395883]   ESR = 0x96000006
[  192.396625]   EC = 0x25: DABT (current EL), IL = 32 bits
[  192.397288]   SET = 0, FnV = 0
[  192.397746]   EA = 0, S1PTW = 0
[  192.399969] Data abort info:
[  192.400661]   ISV = 0, ISS = 0x00000006
[  192.403230]   CM = 0, WnR = 0
[  192.410021] user pgtable: 4k pages, 48-bit VAs, pgdp=00000000b252a000
[  192.414805] [0000000000000440] pgd=00000000ba66a003, pud=00000000b3eb3003, pmd=0000000000000000
[  192.445030] Internal error: Oops: 96000006 [#1] PREEMPT SMP
[  192.450583] Modules linked in:
[  192.458273] CPU: 2 PID: 495 Comm: python3 Not tainted 5.4.18 #2
[  192.464039] Hardware name: linux,dummy-virt (DT)
[  192.467600] pstate: 80000005 (Nzcv daif -PAN -UAO)
[  192.473373] pc : __ip_finish_output+0x104/0x1e0
[  192.474672] lr : ip_output+0xf4/0x1b0
[  192.475416] sp : ffff800011f8b9f0
[  192.478746] x29: ffff800011f8b9f0 x28: 000000000000001a 
[  192.482798] x27: ffff800011f8bd80 x26: 0000000000000011 
[  192.484625] x25: 0000000000000012 x24: ffff800011963ac0 
[  192.487059] x23: ffff00007aa03300 x22: ffff000079718000 
[  192.488860] x21: ffff800011963ac0 x20: ffff000076d5f000 
[  192.489214] x19: ffff000079718000 x18: 0000000000000000 
[  192.489530] x17: 0000000000000000 x16: 0000000000000000 
[  192.492730] x15: 0000000000000001 x14: 0000000000000000 
[  192.496233] x13: 0000000000000006 x12: 00000000c0a80164 
[  192.498389] x11: 0000000000000000 x10: ffff000076d5f000 
[  192.498912] x9 : ffff000079718000 x8 : ffff800011f8bc30 
[  192.499573] x7 : 00000000d9b00000 x6 : 000000000000af92 
[  192.499813] x5 : 00000000000006d4 x4 : 0000000000000007 
[  192.500137] x3 : 0000000000000028 x2 : 0000000000000080 
[  192.500678] x1 : 0000000000000001 x0 : ffff00007b0c0000 
[  192.505769] Call trace:
[  192.508121]  __ip_finish_output+0x104/0x1e0
[  192.510999]  ip_output+0xf4/0x1b0
[  192.512531]  ip_local_out+0x44/0x58
[  192.512954]  ip_send_skb+0x1c/0xa8
[  192.514639]  udp_send_skb.isra.0+0x11c/0x368
[  192.516756]  udp_sendmsg+0x710/0x860
[  192.517950]  inet_sendmsg+0x40/0x68
[  192.522133]  __sys_sendto+0xd4/0x150
[  192.524572]  __arm64_sys_sendto+0x24/0x30
[  192.526068]  el0_svc_common.constprop.0+0x68/0x160
[  192.528573]  el0_svc_handler+0x20/0x80
[  192.529043]  el0_svc+0x8/0xc
[  192.534518] Code: a9425bf5 a94363f7 a8c47bfd d65f03c0 (f9420c61) 
[  192.542020] ---[ end trace 9a3c8ca59fbf694b ]---
