[  192.879989] Kernel panic - not syncing: stack-protector: Kernel stack is corrupted in: udp_sendmsg+0x858/0x860
[  192.890874] CPU: 6 PID: 495 Comm: python3 Not tainted 5.4.18 #2
[  192.891389] Hardware name: linux,dummy-virt (DT)
[  192.892364] Call trace:
[  192.892782]  dump_backtrace+0x0/0x140
[  192.893111]  show_stack+0x14/0x20
[  192.893390]  dump_stack+0xb4/0xf8
[  192.893652]  panic+0x158/0x324
[  192.893926]  __stack_chk_fail+0x1c/0x20
[  192.894228]  udp_sendmsg+0x858/0x860
[  192.894504]  inet_sendmsg+0x40/0x68
[  192.894779]  __sys_sendto+0xd4/0x150
[  192.895051]  __arm64_sys_sendto+0x24/0x30
[  192.895351]  el0_svc_common.constprop.0+0x68/0x160
[  192.895688]  el0_svc_handler+0x20/0x80
[  192.895994]  el0_svc+0x8/0xc
[  192.900982] SMP: stopping secondary CPUs
[  192.905522] Kernel Offset: disabled
[  192.906646] CPU features: 0x0002,20006000
[  192.907501] Memory Limit: none
[  192.911956] ---[ end Kernel panic - not syncing: stack-protector: Kernel stack is corrupted in: udp_sendmsg+0x858/0x860 ]---
