[  195.402860] Unable to handle kernel paging request at virtual address fffe0000f665dd12
[  195.433431] Mem abort info:
[  195.436323]   ESR = 0x96000004
[  195.439666]   EC = 0x25: DABT (current EL), IL = 32 bits
[  195.440493]   SET = 0, FnV = 0
[  195.440914]   EA = 0, S1PTW = 0
[  195.441643] Data abort info:
[  195.442422]   ISV = 0, ISS = 0x00000004
[  195.448153]   CM = 0, WnR = 0
[  195.448941] [fffe0000f665dd12] address between user and kernel address ranges
[  195.453914] Internal error: Oops: 96000004 [#1] PREEMPT SMP
[  195.456232] Modules linked in:
[  195.468087] CPU: 7 PID: 496 Comm: python3 Not tainted 5.4.18 #2
[  195.468408] Hardware name: linux,dummy-virt (DT)
[  195.469103] pstate: 60000005 (nZCv daif -PAN -UAO)
[  195.475693] pc : __ip_finish_output+0x30/0x1e0
[  195.477328] lr : ip_output+0xf4/0x1b0
[  195.478355] sp : ffff800011f8b9f0
[  195.479970] x29: ffff800011f8b9f0 x28: 000000000000001a 
[  195.483926] x27: ffff800011f8bd80 x26: 0000000000000011 
[  195.484901] x25: 0000000000000012 x24: ffff800011963ac0 
[  195.485174] x23: fffe0000f665dd00 x22: ffff000078128000 
[  195.485429] x21: ffff800011963ac0 x20: ffff0000782e0500 
[  195.485683] x19: ffff0000782e0500 x18: 0000000000000000 
[  195.486215] x17: 0000000000000000 x16: 0000000000000000 
[  195.486709] x15: 0000000000000001 x14: 0000000000000000 
[  195.489261] x13: 0000000000000006 x12: 00000000c0a80164 
[  195.490958] x11: 0000000000000000 x10: 0000000000000068 
[  195.492282] x9 : ffff000078128000 x8 : ffff800011f8bc30 
[  195.493231] x7 : 0000000057300000 x6 : 000000000000bae5 
[  195.494509] x5 : 00000000000009e2 x4 : 000000000000002e 
[  195.499775] x3 : ffff000079b40000 x2 : ffff000073979000 
[  195.500008] x1 : fffe0000f665dd00 x0 : ffff000073979000 
[  195.503653] Call trace:
[  195.504425]  __ip_finish_output+0x30/0x1e0
[  195.506497]  ip_output+0xf4/0x1b0
[  195.512203]  ip_local_out+0x44/0x58
[  195.518333]  ip_send_skb+0x1c/0xa8
[  195.522157]  udp_send_skb.isra.0+0x11c/0x368
[  195.533188]  udp_sendmsg+0x710/0x860
[  195.537487]  inet_sendmsg+0x40/0x68
[  195.540798]  __sys_sendto+0xd4/0x150
[  195.542659]  __arm64_sys_sendto+0x24/0x30
[  195.545830]  el0_svc_common.constprop.0+0x68/0x160
[  195.546361]  el0_svc_handler+0x20/0x80
[  195.547239]  el0_svc+0x8/0xc
[  195.548740] Code: f9402c42 927ff840 f9400003 b40006c1 (39404824) 
[  195.552009] ---[ end trace 258e95f32f236fae ]---
