[  192.781415] kernel BUG at arch/arm64/kernel/traps.c:405!
[  192.788537] Internal error: Oops - BUG: 0 [#1] PREEMPT SMP
[  192.791415] Modules linked in:
[  192.798323] CPU: 5 PID: 490 Comm: python3 Not tainted 5.4.18 #2
[  192.799506] Hardware name: linux,dummy-virt (DT)
[  192.803427] pstate: 00000005 (nzcv daif -PAN -UAO)
[  192.812207] pc : do_undefinstr+0x2ec/0x310
[  192.813186] lr : do_undefinstr+0x1e0/0x310
[  192.814208] sp : ffff800011fb3920
[  192.815363] x29: ffff800011fb3920 x28: ffff00007a559c00 
[  192.816938] x27: ffff800011fb3d80 x26: 0000000000000011 
[  192.818638] x25: 0000000000000012 x24: 0000000000000000 
[  192.820295] x23: 0000000060000005 x22: ffff800010b7925c 
[  192.821282] x21: ffff800011fb3ac0 x20: ffff00007a559c00 
[  192.823271] x19: ffff800011fb3980 x18: 0000000000000000 
[  192.824763] x17: 0000000000000000 x16: 0000000000000000 
[  192.826271] x15: 0000000000000001 x14: 0000000000000000 
[  192.827271] x13: 0000000000000006 x12: 000000000000003c 
[  192.828302] x11: ffff000074b84000 x10: 0000000000000000 
[  192.829248] x9 : ffff000078164d40 x8 : 0000000000000028 
[  192.830499] x7 : ffff000070240000 x6 : ffff800011fb3978 
[  192.831418] x5 : 00000000d5300000 x4 : ffff8000117c51f0 
[  192.833630] x3 : 00000000d6500000 x2 : 0000000000000000 
[  192.835182] x1 : ffff00007a559c00 x0 : 0000000060000005 
[  192.837437] Call trace:
[  192.839964]  do_undefinstr+0x2ec/0x310
[  192.841289]  el1_undef+0x10/0x84
[  192.841930]  ip_output+0x11c/0x1b0
[  192.842499]  ip_send_skb+0x1c/0xa8
[  192.843037]  udp_send_skb.isra.0+0x11c/0x368
[  192.843674]  udp_sendmsg+0x710/0x860
[  192.844378]  inet_sendmsg+0x40/0x68
[  192.845064]  __sys_sendto+0xd4/0x150
[  192.845817]  __arm64_sys_sendto+0x24/0x30
[  192.846582]  el0_svc_common.constprop.0+0x68/0x160
[  192.847620]  el0_svc_handler+0x20/0x80
[  192.848355]  el0_svc+0x8/0xc
[  192.850550] Code: f9401bf7 17ffff7c a9025bf5 f9001bf7 (d4210000) 
[  192.855090] ---[ end trace 766b0272431c95b9 ]---
[  192.857150] note: python3[490] exited with preempt_count 1
[  192.999736] ------------[ cut here ]------------
[  193.006327] WARNING: CPU: 5 PID: 0 at kernel/rcu/tree.c:569 rcu_idle_enter+0x74/0x80
[  193.010288] Modules linked in:
[  193.013294] CPU: 5 PID: 0 Comm: swapper/5 Tainted: G      D           5.4.18 #2
[  193.015514] Hardware name: linux,dummy-virt (DT)
[  193.020156] pstate: 200003c5 (nzCv DAIF -PAN -UAO)
[  193.020875] pc : rcu_idle_enter+0x74/0x80
[  193.024469] lr : do_idle+0x200/0x288
[  193.027158] sp : ffff800011a6bf20
[  193.027450] x29: ffff800011a6bf20 x28: 0000000000000000 
[  193.033358] x27: 0000000000000000 x26: 0000000000000000 
[  193.035606] x25: 0000000000000000 x24: ffff8000117ba214 
[  193.036542] x23: ffff00007b0c5400 x22: ffff800011404ab8 
[  193.036944] x21: ffff8000117ba1f0 x20: 0000000000000005 
[  193.037378] x19: ffff8000117ba118 x18: 0000000000000010 
[  193.037862] x17: 0000000000000000 x16: 0000000000000000 
[  193.039196] x15: 0000000000000000 x14: 0000000000000000 
[  193.039600] x13: 0000000000000003 x12: 0000000000000000 
[  193.039997] x11: 0000000000000000 x10: 00000000000009c0 
[  193.040390] x9 : ffff800011a6be90 x8 : ffff00007b0c5e20 
[  193.041673] x7 : 0000000000000400 x6 : 0000014e5670bc2e 
[  193.044208] x5 : 00ffffffffffffff x4 : ffff80006c7af000 
[  193.045485] x3 : 4000000000000002 x2 : 4000000000000000 
[  193.046272] x1 : ffff800011406980 x0 : ffff00007dbb5980 
[  193.048257] Call trace:
[  193.049352]  rcu_idle_enter+0x74/0x80
[  193.051157]  do_idle+0x200/0x288
[  193.051441]  cpu_startup_entry+0x24/0x40
[  193.051764]  secondary_start_kernel+0x154/0x190
[  193.052153] ---[ end trace 766b0272431c95ba ]---
