[  192.453633] Unable to handle kernel read from unreadable memory at virtual address ffff00007aa48880
[  192.457658] Mem abort info:
[  192.458916]   ESR = 0x8600000f
[  192.460431]   EC = 0x21: IABT (current EL), IL = 32 bits
[  192.466526]   SET = 0, FnV = 0
[  192.471261]   EA = 0, S1PTW = 0
[  192.477400] swapper pgtable: 4k pages, 48-bit VAs, pgdp=00000000412a6000
[  192.483093] [ffff00007aa48880] pgd=00000000bdff8003, pud=00000000bddfe003, pmd=00000000bdc28003, pte=00680000baa48713
[  192.498293] Internal error: Oops: 8600000f [#1] PREEMPT SMP
[  192.504636] Modules linked in:
[  192.523794] CPU: 1 PID: 492 Comm: python3 Not tainted 5.4.18 #2
[  192.530062] Hardware name: linux,dummy-virt (DT)
[  192.536831] pstate: 60000005 (nZCv daif -PAN -UAO)
[  192.538061] pc : 0xffff00007aa48880
[  192.538307] lr : 0xffff00007aa48880
[  192.538655] sp : ffff800011f43ac0
[  192.538881] x29: ffff800011f43ac0 x28: 000000000000001a 
[  192.539321] x27: ffff800011f43d80 x26: 0000000000000011 
[  192.539643] x25: 0000000000000012 x24: ffff000078329424 
[  192.539931] x23: ffff800011f43c30 x22: ffff00007aa48880 
[  192.540218] x21: ffff00007aa48880 x20: ffff800011963ac0 
[  192.546109] x19: ffff000078259200 x18: 0000000000000000 
[  192.550439] x17: 0000000000000000 x16: 0000000000000000 
[  192.557255] x15: 0000000000000001 x14: 0000000000000000 
[  192.562431] x13: 0000000000000006 x12: 000000000000003c 
[  192.569818] x11: ffff000072415000 x10: 0000000000000000 
[  192.572287] x9 : ffff000079417540 x8 : 0000000000000028 
[  192.574617] x7 : ffff000070b04000 x6 : 0000000022100000 
[  192.575828] x5 : 0000000000000000 x4 : ffff000070b04000 
[  192.585067] x3 : 00000000000003e8 x2 : 0000000000000000 
[  192.593491] x1 : 0000000000000000 x0 : 0000000000000000 
[  192.597753] Call trace:
[  192.601532]  0xffff00007aa48880
[  192.607024]  ip_send_skb+0x1c/0xa8
[  192.615410]  udp_send_skb.isra.0+0x11c/0x368
[  192.623048]  udp_sendmsg+0x710/0x860
[  192.625548]  inet_sendmsg+0x40/0x68
[  192.626055]  __sys_sendto+0xd4/0x150
[  192.627296]  __arm64_sys_sendto+0x24/0x30
[  192.628192]  el0_svc_common.constprop.0+0x68/0x160
[  192.629450]  el0_svc_handler+0x20/0x80
[  192.630094]  el0_svc+0x8/0xc
[  192.635428] Code: 00000000 00000000 00000000 00000000 (00000000) 
[  192.639952] ---[ end trace ff588686b65fc363 ]---
