[  195.046178] kernel BUG at arch/arm64/kernel/traps.c:405!
[  195.053486] Internal error: Oops - BUG: 0 [#1] PREEMPT SMP
[  195.055511] Modules linked in:
[  195.064879] CPU: 4 PID: 494 Comm: python3 Not tainted 5.4.18 #2
[  195.066341] Hardware name: linux,dummy-virt (DT)
[  195.068806] pstate: 00000005 (nzcv daif -PAN -UAO)
[  195.076976] pc : do_undefinstr+0x2ec/0x310
[  195.077931] lr : do_undefinstr+0x1e0/0x310
[  195.079295] sp : ffff800011d8b890
[  195.080072] x29: ffff800011d8b890 x28: ffff0000739caa00 
[  195.081253] x27: ffff800011d8bd80 x26: 0000000000000011 
[  195.082605] x25: 0000000000000012 x24: 0000000000000000 
[  195.083929] x23: 0000000060000005 x22: ffff800010b79218 
[  195.084974] x21: ffff800011d8ba30 x20: ffff0000739caa00 
[  195.086182] x19: ffff800011d8b8f0 x18: 0000000000000000 
[  195.087265] x17: 0000000000000000 x16: 0000000000000000 
[  195.090285] x15: 0000000000000001 x14: 0000000000000000 
[  195.091633] x13: 0000000000000006 x12: 00000000c0a80164 
[  195.092574] x11: 0000000000000000 x10: 0000000000000068 
[  195.093525] x9 : ffff0000739caa00 x8 : ffff800011d8bc30 
[  195.094814] x7 : 000000001d500000 x6 : ffff800011d8b8e8 
[  195.095817] x5 : 00000000d5300000 x4 : ffff8000117c51f0 
[  195.096911] x3 : 00000000e9000000 x2 : 0000000000000000 
[  195.098178] x1 : ffff0000739caa00 x0 : 0000000060000005 
[  195.101402] Call trace:
[  195.102520]  do_undefinstr+0x2ec/0x310
[  195.103726]  el1_undef+0x10/0x84
[  195.104378]  ip_output+0xd8/0x1b0
[  195.105648]  ip_local_out+0x44/0x58
[  195.107280]  ip_send_skb+0x1c/0xa8
[  195.107954]  udp_send_skb.isra.0+0x11c/0x368
[  195.108668]  udp_sendmsg+0x710/0x860
[  195.109500]  inet_sendmsg+0x40/0x68
[  195.110142]  __sys_sendto+0xd4/0x150
[  195.110831]  __arm64_sys_sendto+0x24/0x30
[  195.111842]  el0_svc_common.constprop.0+0x68/0x160
[  195.112709]  el0_svc_handler+0x20/0x80
[  195.113441]  el0_svc+0x8/0xc
[  195.115530] Code: f9401bf7 17ffff7c a9025bf5 f9001bf7 (d4210000) 
[  195.119701] ---[ end trace 01ad306abd762fc1 ]---
[  195.120915] note: python3[494] exited with preempt_count 1
[  195.208925] ------------[ cut here ]------------
[  195.214847] WARNING: CPU: 4 PID: 0 at kernel/rcu/tree.c:569 rcu_idle_enter+0x74/0x80
[  195.216689] Modules linked in:
[  195.217857] CPU: 4 PID: 0 Comm: swapper/4 Tainted: G      D           5.4.18 #2
[  195.224673] Hardware name: linux,dummy-virt (DT)
[  195.228598] pstate: 200003c5 (nzCv DAIF -PAN -UAO)
[  195.229834] pc : rcu_idle_enter+0x74/0x80
[  195.230050] lr : do_idle+0x200/0x288
[  195.231247] sp : ffff800011a63f20
[  195.232902] x29: ffff800011a63f20 x28: 0000000000000000 
[  195.236671] x27: 0000000000000000 x26: 0000000000000000 
[  195.238677] x25: 0000000000000000 x24: ffff8000117ba214 
[  195.243060] x23: ffff00007b0c4600 x22: ffff800011404ab8 
[  195.249746] x21: ffff8000117ba1f0 x20: 0000000000000004 
[  195.253216] x19: ffff8000117ba118 x18: 0000000000000010 
[  195.258860] x17: 0000000000000000 x16: 0000000000000000 
[  195.261448] x15: ffff0000739cae70 x14: 0000000000000001 
[  195.261910] x13: 0000000000002296 x12: 000000000000011c 
[  195.265490] x11: 00000000008a6af6 x10: 00000000000009c0 
[  195.278034] x9 : ffff800011a63e90 x8 : ffff00007b0c5020 
[  195.279266] x7 : 0000000000000004 x6 : 0000041f4a39f1ab 
[  195.279646] x5 : 00ffffffffffffff x4 : ffff80006c799000 
[  195.280028] x3 : 4000000000000002 x2 : 4000000000000000 
[  195.280550] x1 : ffff800011406980 x0 : ffff00007db9f980 
[  195.281073] Call trace:
[  195.281300]  rcu_idle_enter+0x74/0x80
[  195.282447]  do_idle+0x200/0x288
[  195.285744]  cpu_startup_entry+0x24/0x40
[  195.292264]  secondary_start_kernel+0x154/0x190
[  195.294051] ---[ end trace 01ad306abd762fc2 ]---
