[  193.356759] kernel BUG at arch/arm64/kernel/traps.c:405!
[  193.359094] Internal error: Oops - BUG: 0 [#1] PREEMPT SMP
[  193.360122] Modules linked in:
[  193.361332] CPU: 6 PID: 497 Comm: python3 Not tainted 5.4.18 #2
[  193.361859] Hardware name: linux,dummy-virt (DT)
[  193.364738] pstate: 00000005 (nzcv daif -PAN -UAO)
[  193.365358] pc : do_undefinstr+0x2ec/0x310
[  193.365770] lr : do_undefinstr+0x1e0/0x310
[  193.366230] sp : ffff800011fe3890
[  193.366589] x29: ffff800011fe3890 x28: ffff0000781d8e00 
[  193.367162] x27: ffff800011fe3d80 x26: 0000000000000011 
[  193.367618] x25: 0000000000000012 x24: 0000000000000000 
[  193.368731] x23: 0000000060000005 x22: ffff800010b79228 
[  193.369766] x21: ffff800011fe3a30 x20: ffff0000781d8e00 
[  193.370899] x19: ffff800011fe38f0 x18: 0000000000000000 
[  193.371948] x17: 0000000000000000 x16: 0000000000000000 
[  193.373244] x15: 0000000000000001 x14: 0000000000000000 
[  193.374093] x13: 0000000000000006 x12: 00000000c0a80164 
[  193.374999] x11: 0000000000000000 x10: 0000000000000068 
[  193.375872] x9 : ffff0000781d8e00 x8 : ffff800011fe3c30 
[  193.376893] x7 : 0000000066300000 x6 : ffff800011fe38e8 
[  193.377843] x5 : 00000000d5300000 x4 : ffff8000117c51f0 
[  193.379010] x3 : 00000000ae100000 x2 : 0000000000000000 
[  193.380497] x1 : ffff0000781d8e00 x0 : 0000000060000005 
[  193.381306] Call trace:
[  193.381629]  do_undefinstr+0x2ec/0x310
[  193.383137]  el1_undef+0x10/0x84
[  193.383788]  ip_output+0xe8/0x1b0
[  193.384257]  ip_local_out+0x44/0x58
[  193.384712]  ip_send_skb+0x1c/0xa8
[  193.385123]  udp_send_skb.isra.0+0x11c/0x368
[  193.385601]  udp_sendmsg+0x710/0x860
[  193.385999]  inet_sendmsg+0x40/0x68
[  193.386359]  __sys_sendto+0xd4/0x150
[  193.386714]  __arm64_sys_sendto+0x24/0x30
[  193.387368]  el0_svc_common.constprop.0+0x68/0x160
[  193.388846]  el0_svc_handler+0x20/0x80
[  193.389442]  el0_svc+0x8/0xc
[  193.391688] Code: f9401bf7 17ffff7c a9025bf5 f9001bf7 (d4210000) 
[  193.394629] ---[ end trace 994256d56edd55be ]---
[  193.396559] note: python3[497] exited with preempt_count 1
[  193.466122] ------------[ cut here ]------------
[  193.468732] WARNING: CPU: 6 PID: 0 at kernel/rcu/tree.c:569 rcu_idle_enter+0x74/0x80
[  193.470527] Modules linked in:
[  193.471208] CPU: 6 PID: 0 Comm: swapper/6 Tainted: G      D           5.4.18 #2
[  193.471638] Hardware name: linux,dummy-virt (DT)
[  193.471924] pstate: 200003c5 (nzCv DAIF -PAN -UAO)
[  193.473063] pc : rcu_idle_enter+0x74/0x80
[  193.473382] lr : do_idle+0x200/0x288
[  193.473920] sp : ffff800011a73f20
[  193.474456] x29: ffff800011a73f20 x28: 0000000000000000 
[  193.475034] x27: 0000000000000000 x26: 0000000000000000 
[  193.475383] x25: 0000000000000000 x24: ffff8000117ba214 
[  193.475650] x23: ffff00007b0c6200 x22: ffff800011404ab8 
[  193.476345] x21: ffff8000117ba1f0 x20: 0000000000000006 
[  193.477922] x19: ffff8000117ba118 x18: 0000000000000010 
[  193.479166] x17: 0000000000000000 x16: 0000000000000000 
[  193.480312] x15: ffff0000781d9270 x14: 0000000000000000 
[  193.484515] x13: 0000000000000001 x12: 0000000000000001 
[  193.485197] x11: 0000000000000400 x10: 00000000000009c0 
[  193.487121] x9 : ffff800011a73e90 x8 : ffff00007b0c6c20 
[  193.487392] x7 : 0000000000000000 x6 : 000004f9f3094f0a 
[  193.489237] x5 : 00ffffffffffffff x4 : ffff80006c7c5000 
[  193.491100] x3 : 4000000000000002 x2 : 4000000000000000 
[  193.494816] x1 : ffff800011406980 x0 : ffff00007dbcb980 
[  193.497725] Call trace:
[  193.499033]  rcu_idle_enter+0x74/0x80
[  193.499829]  do_idle+0x200/0x288
[  193.500096]  cpu_startup_entry+0x20/0x40
[  193.500776]  secondary_start_kernel+0x154/0x190
[  193.501304] ---[ end trace 994256d56edd55bf ]---
