[  192.498516] Unable to handle kernel NULL pointer dereference at virtual address 0000000000000190
[  192.510240] Mem abort info:
[  192.513083]   ESR = 0x96000006
[  192.517084]   EC = 0x25: DABT (current EL), IL = 32 bits
[  192.524161]   SET = 0, FnV = 0
[  192.528792]   EA = 0, S1PTW = 0
[  192.535176] Data abort info:
[  192.536154]   ISV = 0, ISS = 0x00000006
[  192.536506]   CM = 0, WnR = 0
[  192.536917] user pgtable: 4k pages, 48-bit VAs, pgdp=00000000b5edf000
[  192.537314] [0000000000000190] pgd=00000000b1032003, pud=00000000b1033003, pmd=0000000000000000
[  192.539883] Internal error: Oops: 96000006 [#1] PREEMPT SMP
[  192.542966] Modules linked in:
[  192.547597] CPU: 5 PID: 499 Comm: python3 Not tainted 5.4.18 #2
[  192.548475] Hardware name: linux,dummy-virt (DT)
[  192.554733] pstate: 80000005 (Nzcv daif -PAN -UAO)
[  192.566102] pc : udp_send_skb.isra.0+0x144/0x368
[  192.567953] lr : udp_send_skb.isra.0+0x11c/0x368
[  192.569453] sp : ffff800011f9bb20
[  192.570153] x29: ffff800011f9bb20 x28: 000000000000001a 
[  192.570665] x27: ffff800011f9bd80 x26: 0000000000000011 
[  192.571062] x25: 0000000000000012 x24: ffff0000774f1424 
[  192.571456] x23: ffff800011f9bc30 x22: ffff00007a4e5000 
[  192.572336] x21: 0000000000000011 x20: 000000000000001a 
[  192.574021] x19: ffff00007a4e5000 x18: 0000000000000000 
[  192.575971] x17: 0000000000000000 x16: 0000000000000000 
[  192.576585] x15: 0000000000000001 x14: 0000000000000000 
[  192.577216] x13: 0000000000000006 x12: 000000000000003c 
[  192.579314] x11: ffff000071c64000 x10: 0000000000000000 
[  192.580471] x9 : 0000000000000001 x8 : 0080000000000000 
[  192.583013] x7 : ffff00007dbb0630 x6 : 0000000e426056f7 
[  192.583894] x5 : 00ffffffffffffff x4 : 0000000000000015 
[  192.584441] x3 : 0000000000000001 x2 : ffff80006c7af000 
[  192.586946] x1 : ffff00007b2bd400 x0 : 0000000000000000 
[  192.591639] Call trace:
[  192.592058]  udp_send_skb.isra.0+0x144/0x368
[  192.592333]  udp_sendmsg+0x710/0x860
[  192.592547]  inet_sendmsg+0x40/0x68
[  192.592756]  __sys_sendto+0xd4/0x150
[  192.595831]  __arm64_sys_sendto+0x24/0x30
[  192.596878]  el0_svc_common.constprop.0+0x68/0x160
[  192.599485]  el0_svc_handler+0x20/0x80
[  192.602973]  el0_svc+0x8/0xc
[  192.607509] Code: b9001020 f9401ac0 d2800023 d538d082 (f940c800) 
[  192.615249] ---[ end trace a128ba75418a5309 ]---
[  192.624029] note: python3[499] exited with preempt_count 1
