[  193.704298] kernel BUG at arch/arm64/kernel/traps.c:405!
[  193.720860] Internal error: Oops - BUG: 0 [#1] PREEMPT SMP
[  193.723563] Modules linked in:
[  193.728988] CPU: 5 PID: 495 Comm: python3 Not tainted 5.4.18 #2
[  193.731076] Hardware name: linux,dummy-virt (DT)
[  193.734024] pstate: 00000005 (nzcv daif -PAN -UAO)
[  193.738325] pc : do_undefinstr+0x2ec/0x310
[  193.738680] lr : do_undefinstr+0x1e0/0x310
[  193.739133] sp : ffff800011f23890
[  193.739554] x29: ffff800011f23890 x28: ffff000071978e00 
[  193.740059] x27: ffff800011f23d80 x26: 0000000000000011 
[  193.740462] x25: 0000000000000012 x24: 0000000000000000 
[  193.740901] x23: 0000000060000005 x22: ffff800010b79274 
[  193.741329] x21: ffff800011f23a30 x20: ffff000071978e00 
[  193.741730] x19: ffff800011f238f0 x18: 0000000000000000 
[  193.742130] x17: 0000000000000000 x16: 0000000000000000 
[  193.742524] x15: 0000000000000001 x14: 0000000000000000 
[  193.742911] x13: 0000000000000006 x12: 00000000c0a80164 
[  193.743326] x11: 0000000000000000 x10: 0000000000000068 
[  193.743796] x9 : ffff000071978e00 x8 : ffff800011f23c30 
[  193.744183] x7 : 00000000e6200000 x6 : ffff800011f238e8 
[  193.744564] x5 : 00000000d5300000 x4 : ffff8000117c51f0 
[  193.745172] x3 : 00000000a5f00000 x2 : 0000000000000000 
[  193.745631] x1 : ffff000071978e00 x0 : 0000000060000005 
[  193.746456] Call trace:
[  193.747166]  do_undefinstr+0x2ec/0x310
[  193.747503]  el1_undef+0x10/0x84
[  193.747777]  ip_output+0x134/0x1b0
[  193.748044]  ip_local_out+0x44/0x58
[  193.748313]  ip_send_skb+0x1c/0xa8
[  193.748581]  udp_send_skb.isra.0+0x11c/0x368
[  193.748889]  udp_sendmsg+0x710/0x860
[  193.749193]  inet_sendmsg+0x40/0x68
[  193.749474]  __sys_sendto+0xd4/0x150
[  193.749748]  __arm64_sys_sendto+0x24/0x30
[  193.750049]  el0_svc_common.constprop.0+0x68/0x160
[  193.750384]  el0_svc_handler+0x20/0x80
[  193.750665]  el0_svc+0x8/0xc
[  193.751799] Code: f9401bf7 17ffff7c a9025bf5 f9001bf7 (d4210000) 
[  193.755616] ---[ end trace c143e011b9a85138 ]---
[  193.757455] note: python3[495] exited with preempt_count 1
[  193.854926] ------------[ cut here ]------------
[  193.855879] WARNING: CPU: 5 PID: 0 at kernel/rcu/tree.c:569 rcu_idle_enter+0x74/0x80
[  193.858404] Modules linked in:
[  193.858883] CPU: 5 PID: 0 Comm: swapper/5 Tainted: G      D           5.4.18 #2
[  193.862474] Hardware name: linux,dummy-virt (DT)
[  193.864403] pstate: 200003c5 (nzCv DAIF -PAN -UAO)
[  193.865175] pc : rcu_idle_enter+0x74/0x80
[  193.874255] lr : do_idle+0x200/0x288
[  193.878455] sp : ffff800011a6bf20
[  193.878893] x29: ffff800011a6bf20 x28: 0000000000000000 
[  193.879543] x27: 0000000000000000 x26: 0000000000000000 
[  193.880947] x25: 0000000000000000 x24: ffff8000117ba214 
[  193.881569] x23: ffff00007b0c5400 x22: ffff800011404ab8 
[  193.882264] x21: ffff8000117ba1f0 x20: 0000000000000005 
[  193.887482] x19: ffff8000117ba118 x18: 0000000000000010 
[  193.890613] x17: 0000000000000000 x16: 0000000000000000 
[  193.890915] x15: ffff000071979270 x14: 0000000000000001 
[  193.891091] x13: 0000000000000001 x12: 0000000000000002 
[  193.891263] x11: 0000000000000400 x10: 00000000000009c0 
[  193.891799] x9 : ffff800011a6be90 x8 : ffff00007b0c5e20 
[  193.892065] x7 : 0000000000000005 x6 : 0000022b494db4eb 
[  193.892241] x5 : 00ffffffffffffff x4 : ffff80006c7af000 
[  193.892434] x3 : 4000000000000002 x2 : 4000000000000000 
[  193.892627] x1 : ffff800011406980 x0 : ffff00007dbb5980 
[  193.892854] Call trace:
[  193.893029]  rcu_idle_enter+0x74/0x80
[  193.893246]  do_idle+0x200/0x288
[  193.893508]  cpu_startup_entry+0x20/0x40
[  193.893819]  secondary_start_kernel+0x154/0x190
[  193.894856] ---[ end trace c143e011b9a85139 ]---
