[  193.040679] Unable to handle kernel paging request at virtual address ffff800014b7a138
[  193.067742] Mem abort info:
[  193.068745]   ESR = 0x86000006
[  193.069701]   EC = 0x21: IABT (current EL), IL = 32 bits
[  193.071044]   SET = 0, FnV = 0
[  193.071787]   EA = 0, S1PTW = 0
[  193.083690] swapper pgtable: 4k pages, 48-bit VAs, pgdp=00000000412a6000
[  193.088313] [ffff800014b7a138] pgd=00000000bdfff003, pud=00000000bdffe003, pmd=0000000000000000
[  193.097099] Internal error: Oops: 86000006 [#1] PREEMPT SMP
[  193.098381] Modules linked in:
[  193.100509] CPU: 4 PID: 497 Comm: python3 Not tainted 5.4.18 #2
[  193.101441] Hardware name: linux,dummy-virt (DT)
[  193.102667] pstate: 60000005 (nZCv daif -PAN -UAO)
[  193.106948] pc : 0xffff800014b7a138
[  193.110908] lr : ip_output+0x8/0x1b0
[  193.112197] sp : ffff800011d5ba30
[  193.113719] x29: ffff800011d5bac0 x28: 000000000000001a 
[  193.114525] x27: ffff800011d5bd80 x26: 0000000000000011 
[  193.115437] x25: 0000000000000012 x24: ffff0000782e1424 
[  193.119892] x23: ffff800011d5bc30 x22: ffff00007a890cc0 
[  193.126947] x21: ffff00007a890cc0 x20: ffff800011963ac0 
[  193.134324] x19: ffff000079b9e900 x18: 0000000000000000 
[  193.136654] x17: 0000000000000000 x16: 0000000000000000 
[  193.139315] x15: 0000000000000001 x14: 0000000000000000 
[  193.146412] x13: 0000000000000006 x12: 00000000c0a80164 
[  193.147418] x11: 0000000000000000 x10: 0000000000000068 
[  193.149742] x9 : ffff000073d3d400 x8 : ffff800011d5bc30 
[  193.151816] x7 : 00000000e0f00000 x6 : 000000000000fccf 
[  193.152037] x5 : ffff0000782e1424 x4 : ffff0000782e1424 
[  193.152238] x3 : ffff800010b79140 x2 : ffff000079b9e900 
[  193.154843] x1 : ffff00007a890cc0 x0 : ffff800011963ac0 
[  193.158065] Call trace:
[  193.164946]  0xffff800014b7a138
[  193.166394]  ip_send_skb+0x1c/0xa8
[  193.167364]  udp_send_skb.isra.0+0x11c/0x368
[  193.170674]  udp_sendmsg+0x710/0x860
[  193.170920]  inet_sendmsg+0x40/0x68
[  193.171225]  __sys_sendto+0xd4/0x150
[  193.171478]  __arm64_sys_sendto+0x24/0x30
[  193.172063]  el0_svc_common.constprop.0+0x68/0x160
[  193.172718]  el0_svc_handler+0x20/0x80
[  193.173434]  el0_svc+0x8/0xc
[  193.175607] Code: bad PC value
[  193.182102] ---[ end trace f80692894a621978 ]---
