[  195.611397] kernel BUG at arch/arm64/kernel/traps.c:405!
[  195.623755] Internal error: Oops - BUG: 0 [#1] PREEMPT SMP
[  195.627750] Modules linked in:
[  195.634556] CPU: 6 PID: 492 Comm: python3 Not tainted 5.4.18 #2
[  195.636849] Hardware name: linux,dummy-virt (DT)
[  195.640057] pstate: 00000005 (nzcv daif -PAN -UAO)
[  195.647475] pc : do_undefinstr+0x2ec/0x310
[  195.648777] lr : do_undefinstr+0x1e0/0x310
[  195.649681] sp : ffff800011d43890
[  195.650688] x29: ffff800011d43890 x28: ffff00007973d400 
[  195.654437] x27: ffff800011d43d80 x26: 0000000000000011 
[  195.655581] x25: 0000000000000012 x24: 0000000000000000 
[  195.656691] x23: 0000000060000005 x22: ffff800010b791cc 
[  195.658002] x21: ffff800011d43a30 x20: ffff00007973d400 
[  195.659069] x19: ffff800011d438f0 x18: 0000000000000000 
[  195.660584] x17: 0000000000000000 x16: 0000000000000000 
[  195.661599] x15: 0000000000000001 x14: 0000000000000000 
[  195.662640] x13: 0000000000000006 x12: 00000000c0a80164 
[  195.663613] x11: 0000000000000000 x10: 0000000000000068 
[  195.665710] x9 : ffff00007973d400 x8 : ffff800011d43c30 
[  195.668200] x7 : 0000000034500000 x6 : ffff800011d438e8 
[  195.670188] x5 : 00000000d5300000 x4 : ffff8000117c51f0 
[  195.671317] x3 : 00000000b9c00000 x2 : 0000000000000000 
[  195.672311] x1 : ffff00007973d400 x0 : 0000000060000005 
[  195.674578] Call trace:
[  195.675776]  do_undefinstr+0x2ec/0x310
[  195.676575]  el1_undef+0x10/0x84
[  195.677295]  ip_output+0x8c/0x1b0
[  195.677922]  ip_local_out+0x44/0x58
[  195.678553]  ip_send_skb+0x1c/0xa8
[  195.679474]  udp_send_skb.isra.0+0x11c/0x368
[  195.680282]  udp_sendmsg+0x710/0x860
[  195.681020]  inet_sendmsg+0x40/0x68
[  195.681875]  __sys_sendto+0xd4/0x150
[  195.683126]  __arm64_sys_sendto+0x24/0x30
[  195.684217]  el0_svc_common.constprop.0+0x68/0x160
[  195.686167]  el0_svc_handler+0x20/0x80
[  195.686964]  el0_svc+0x8/0xc
[  195.688593] Code: f9401bf7 17ffff7c a9025bf5 f9001bf7 (d4210000) 
[  195.691988] ---[ end trace 5e5c08b2d1a285a9 ]---
[  195.694102] note: python3[492] exited with preempt_count 1
[  195.785412] ------------[ cut here ]------------
[  195.786805] WARNING: CPU: 6 PID: 0 at kernel/rcu/tree.c:569 rcu_idle_enter+0x74/0x80
[  195.794480] Modules linked in:
[  195.796221] CPU: 6 PID: 0 Comm: swapper/6 Tainted: G      D           5.4.18 #2
[  195.797673] Hardware name: linux,dummy-virt (DT)
[  195.798467] pstate: 200003c5 (nzCv DAIF -PAN -UAO)
[  195.799427] pc : rcu_idle_enter+0x74/0x80
[  195.802280] lr : do_idle+0x200/0x288
[  195.813203] sp : ffff800011a73f20
[  195.815610] x29: ffff800011a73f20 x28: 0000000000000000 
[  195.816600] x27: 0000000000000000 x26: 0000000000000000 
[  195.829683] x25: 0000000000000000 x24: ffff8000117ba214 
[  195.839673] x23: ffff00007b0c6200 x22: ffff800011404ab8 
[  195.842444] x21: ffff8000117ba1f0 x20: 0000000000000006 
[  195.845032] x19: ffff8000117ba118 x18: 0000000000000010 
[  195.852521] x17: 0000000000000000 x16: 0000000000000000 
[  195.855866] x15: ffff00007973d870 x14: 0000000000000000 
[  195.856170] x13: 0000000000000001 x12: 0000000000000002 
[  195.857036] x11: 0000000000000400 x10: 00000000000009c0 
[  195.858956] x9 : ffff800011a73e90 x8 : ffff00007b0c6c20 
[  195.860702] x7 : 0000000000000006 x6 : 000000a6394a46c7 
[  195.863776] x5 : 00ffffffffffffff x4 : ffff80006c7c5000 
[  195.868066] x3 : 4000000000000002 x2 : 4000000000000000 
[  195.872084] x1 : ffff800011406980 x0 : ffff00007dbcb980 
[  195.872569] Call trace:
[  195.873667]  rcu_idle_enter+0x74/0x80
[  195.874241]  do_idle+0x200/0x288
[  195.876037]  cpu_startup_entry+0x24/0x40
[  195.877641]  secondary_start_kernel+0x154/0x190
[  195.880210] ---[ end trace 5e5c08b2d1a285aa ]---
