[  198.533567] Unable to handle kernel NULL pointer dereference at virtual address 0000000000000000
[  198.537681] Mem abort info:
[  198.538350]   ESR = 0x96000006
[  198.539469]   EC = 0x25: DABT (current EL), IL = 32 bits
[  198.540432]   SET = 0, FnV = 0
[  198.541316]   EA = 0, S1PTW = 0
[  198.545937] Data abort info:
[  198.547654]   ISV = 0, ISS = 0x00000006
[  198.550200]   CM = 0, WnR = 0
[  198.555066] user pgtable: 4k pages, 48-bit VAs, pgdp=00000000b81c8000
[  198.565686] [0000000000000000] pgd=00000000b28ba003, pud=00000000ba8ac003, pmd=0000000000000000
[  198.585397] Internal error: Oops: 96000006 [#1] PREEMPT SMP
[  198.594870] Modules linked in:
[  198.600851] CPU: 7 PID: 494 Comm: python3 Not tainted 5.4.18 #2
[  198.602748] Hardware name: linux,dummy-virt (DT)
[  198.609501] pstate: 60000005 (nZCv daif -PAN -UAO)
[  198.610821] pc : ip_output+0x48/0x1b0
[  198.612724] lr : ip_local_out+0x44/0x58
[  198.614604] sp : ffff800011fbba30
[  198.624215] x29: ffff800011fbba30 x28: 000000000000001a 
[  198.626147] x27: ffff800011fbbd80 x26: 0000000000000011 
[  198.627959] x25: 0000000000000012 x24: ffff0000782b5c24 
[  198.630530] x23: ffff00007a86b740 x22: ffff00007b1db800 
[  198.634138] x21: ffff800011963ac0 x20: ffff00007803a800 
[  198.637559] x19: ffff80001140c380 x18: 0000000000000000 
[  198.637873] x17: 0000000000000000 x16: 0000000000000000 
[  198.638227] x15: 0000000000000001 x14: 0000000000000000 
[  198.638973] x13: 0000000000000006 x12: 00000000c0a80164 
[  198.639484] x11: 0000000000000000 x10: 0000000000000068 
[  198.640012] x9 : ffff00007b1db800 x8 : ffff800011fbbc30 
[  198.640380] x7 : 0000000031800000 x6 : 000000000000eca7 
[  198.640987] x5 : ffff0000782b5c24 x4 : ffff0000782b5c24 
[  198.641744] x3 : 0000000000000000 x2 : ffff000076d0c0c0 
[  198.642486] x1 : ffff00007a86b740 x0 : 0000000010ec3ffa 
[  198.644996] Call trace:
[  198.645464]  ip_output+0x48/0x1b0
[  198.645719]  ip_local_out+0x44/0x58
[  198.646228]  ip_send_skb+0x1c/0xa8
[  198.646439]  udp_send_skb.isra.0+0x11c/0x368
[  198.647557]  udp_sendmsg+0x710/0x860
[  198.648588]  inet_sendmsg+0x40/0x68
[  198.652066]  __sys_sendto+0xd4/0x150
[  198.652359]  __arm64_sys_sendto+0x24/0x30
[  198.653102]  el0_svc_common.constprop.0+0x68/0x160
[  198.653527]  el0_svc_handler+0x20/0x80
[  198.653737]  el0_svc+0x8/0xc
[  198.655435] Code: b9401040 927ff863 11000400 f940c2b3 (f9400078) 
[  198.660174] ---[ end trace 2d156631f8055378 ]---
