[  199.432632] Unable to handle kernel paging request at virtual address ffff80006c76d028
[  199.443028] Mem abort info:
[  199.444128]   ESR = 0x96000005
[  199.444936]   EC = 0x25: DABT (current EL), IL = 32 bits
[  199.445898]   SET = 0, FnV = 0
[  199.446519]   EA = 0, S1PTW = 0
[  199.447179] Data abort info:
[  199.454471]   ISV = 0, ISS = 0x00000005
[  199.455306]   CM = 0, WnR = 0
[  199.457377] swapper pgtable: 4k pages, 48-bit VAs, pgdp=00000000412a6000
[  199.460604] [ffff80006c76d028] pgd=00000000bdfff003, pud=0000000000000000
[  199.478133] Internal error: Oops: 96000005 [#1] PREEMPT SMP
[  199.482288] Modules linked in:
[  199.489629] CPU: 2 PID: 495 Comm: python3 Not tainted 5.4.18 #2
[  199.501800] Hardware name: linux,dummy-virt (DT)
[  199.504551] pstate: 60000005 (nZCv daif -PAN -UAO)
[  199.509986] pc : ip_output+0x60/0x1b0
[  199.510911] lr : ip_local_out+0x44/0x58
[  199.511460] sp : ffff800011d5ba30
[  199.511889] x29: ffff800011d5ba30 x28: 000000000000001a 
[  199.512663] x27: ffff800011d5bd80 x26: 0000000000000011 
[  199.513196] x25: 0000000000000012 x24: ffff00007aaec000 
[  199.513773] x23: ffff0000794b3300 x22: ffff00007ab8f000 
[  199.514301] x21: ffff800011963ac0 x20: ffff000076d9c300 
[  199.517455] x19: 0000000000000000 x18: 0000000000000000 
[  199.520521] x17: 0000000000000000 x16: 0000000000000000 
[  199.521721] x15: 0000000000000001 x14: 0000000000000000 
[  199.522584] x13: 0000000000000006 x12: 00000000c0a80164 
[  199.526312] x11: 0000000000000000 x10: 0000000000000068 
[  199.527778] x9 : ffff00007ab8f000 x8 : ffff800011d5bc30 
[  199.533870] x7 : 0000000081d00000 x6 : 00000000000008e9 
[  199.535398] x5 : ffff0000782ed824 x4 : 0000000000000001 
[  199.536934] x3 : 0000000000000028 x2 : ffff00007ab8f000 
[  199.537539] x1 : ffff0000794b3300 x0 : ffff80006c76d028 
[  199.539281] Call trace:
[  199.540361]  ip_output+0x60/0x1b0
[  199.541075]  ip_local_out+0x44/0x58
[  199.541493]  ip_send_skb+0x1c/0xa8
[  199.542633]  udp_send_skb.isra.0+0x11c/0x368
[  199.545286]  udp_sendmsg+0x710/0x860
[  199.549151]  inet_sendmsg+0x40/0x68
[  199.551655]  __sys_sendto+0xd4/0x150
[  199.561105]  __arm64_sys_sendto+0x24/0x30
[  199.569032]  el0_svc_common.constprop.0+0x68/0x160
[  199.570004]  el0_svc_handler+0x20/0x80
[  199.574128]  el0_svc+0x8/0xc
[  199.587996] Code: d2800024 9100a263 d538d080 8b000060 (c85f7c05) 
[  199.601267] ---[ end trace 0aab57de408760e4 ]---
[  199.609128] note: python3[495] exited with preempt_count 1
