[  192.030775] kernel BUG at arch/arm64/kernel/traps.c:405!
[  192.033202] Internal error: Oops - BUG: 0 [#1] PREEMPT SMP
[  192.035176] Modules linked in:
[  192.039405] CPU: 2 PID: 495 Comm: python3 Not tainted 5.4.18 #2
[  192.040359] Hardware name: linux,dummy-virt (DT)
[  192.044006] pstate: 00000005 (nzcv daif -PAN -UAO)
[  192.049361] pc : do_undefinstr+0x2ec/0x310
[  192.050169] lr : do_undefinstr+0x1e0/0x310
[  192.050926] sp : ffff800011e4b890
[  192.051548] x29: ffff800011e4b890 x28: ffff0000797d5400 
[  192.052754] x27: ffff800011e4bd80 x26: 0000000000000011 
[  192.053626] x25: 0000000000000012 x24: 0000000000000000 
[  192.054567] x23: 0000000060000005 x22: ffff800010b791c8 
[  192.058452] x21: ffff800011e4ba30 x20: ffff0000797d5400 
[  192.059793] x19: ffff800011e4b8f0 x18: 0000000000000000 
[  192.060633] x17: 0000000000000000 x16: 0000000000000000 
[  192.061541] x15: 0000000000000001 x14: 0000000000000000 
[  192.062357] x13: 0000000000000006 x12: 00000000c0a80164 
[  192.063230] x11: 0000000000000000 x10: 0000000000000068 
[  192.064054] x9 : ffff0000797d5400 x8 : ffff800011e4bc30 
[  192.064868] x7 : 00000000dc100000 x6 : 000000000000001f 
[  192.065747] x5 : 0000000000000000 x4 : ffff8000117c51f0 
[  192.066565] x3 : 0000000000000005 x2 : 0000000000000000 
[  192.067419] x1 : ffff0000797d5400 x0 : 0000000060000005 
[  192.069266] Call trace:
[  192.070479]  do_undefinstr+0x2ec/0x310
[  192.073195]  el1_undef+0x10/0x84
[  192.074061]  ip_output+0x88/0x1b0
[  192.074685]  ip_local_out+0x44/0x58
[  192.075268]  ip_send_skb+0x1c/0xa8
[  192.076020]  udp_send_skb.isra.0+0x11c/0x368
[  192.076777]  udp_sendmsg+0x710/0x860
[  192.077370]  inet_sendmsg+0x40/0x68
[  192.077960]  __sys_sendto+0xd4/0x150
[  192.078588]  __arm64_sys_sendto+0x24/0x30
[  192.079237]  el0_svc_common.constprop.0+0x68/0x160
[  192.079958]  el0_svc_handler+0x20/0x80
[  192.080818]  el0_svc+0x8/0xc
[  192.082758] Code: f9401bf7 17ffff7c a9025bf5 f9001bf7 (d4210000) 
[  192.088774] ---[ end trace f4068637293932a0 ]---
[  192.090766] note: python3[495] exited with preempt_count 1
[  192.225296] ------------[ cut here ]------------
[  192.237371] WARNING: CPU: 2 PID: 0 at kernel/rcu/tree.c:569 rcu_idle_enter+0x74/0x80
[  192.244101] Modules linked in:
[  192.244490] CPU: 2 PID: 0 Comm: swapper/2 Tainted: G      D           5.4.18 #2
[  192.245199] Hardware name: linux,dummy-virt (DT)
[  192.245777] pstate: 200003c5 (nzCv DAIF -PAN -UAO)
[  192.246212] pc : rcu_idle_enter+0x74/0x80
[  192.246437] lr : do_idle+0x200/0x288
[  192.246646] sp : ffff800011a53f20
[  192.247396] x29: ffff800011a53f20 x28: 0000000000000000 
[  192.249233] x27: 0000000000000000 x26: 0000000000000000 
[  192.251593] x25: 0000000000000000 x24: ffff8000117ba214 
[  192.256209] x23: ffff00007b0c2a00 x22: ffff800011404ab8 
[  192.260525] x21: ffff8000117ba1f0 x20: 0000000000000002 
[  192.262868] x19: ffff8000117ba118 x18: 0000000000000010 
[  192.263912] x17: 0000000000000000 x16: 0000000000000000 
[  192.266192] x15: ffff0000797d5870 x14: 0000000000000001 
[  192.266862] x13: 0000000000003e72 x12: 0000000000000121 
[  192.267555] x11: 0000000000f9f181 x10: 00000000000009c0 
[  192.267861] x9 : ffff800011a53e90 x8 : ffff00007b0c3420 
[  192.268070] x7 : ffff80006c76d000 x6 : 0000005f6cad0d52 
[  192.268732] x5 : 00ffffffffffffff x4 : 000f502a829476d3 
[  192.269722] x3 : 4000000000000002 x2 : 4000000000000000 
[  192.273529] x1 : ffff800011406980 x0 : ffff00007db73980 
[  192.275627] Call trace:
[  192.276454]  rcu_idle_enter+0x74/0x80
[  192.276841]  do_idle+0x200/0x288
[  192.277835]  cpu_startup_entry+0x24/0x40
[  192.278540]  secondary_start_kernel+0x154/0x190
[  192.278722] ---[ end trace f4068637293932a1 ]---
