[  195.407696] Unable to handle kernel NULL pointer dereference at virtual address 000000000000002e
[  195.418963] Mem abort info:
[  195.419901]   ESR = 0x96000021
[  195.423680]   EC = 0x25: DABT (current EL), IL = 32 bits
[  195.431053]   SET = 0, FnV = 0
[  195.433781]   EA = 0, S1PTW = 0
[  195.435808] Data abort info:
[  195.436438]   ISV = 0, ISS = 0x00000021
[  195.437332]   CM = 0, WnR = 0
[  195.439683] user pgtable: 4k pages, 48-bit VAs, pgdp=00000000b80cf000
[  195.440893] [000000000000002e] pgd=00000000b0f35003, pud=00000000b16b6003, pmd=0000000000000000
[  195.444728] Internal error: Oops: 96000021 [#1] PREEMPT SMP
[  195.448626] Modules linked in:
[  195.455154] CPU: 3 PID: 492 Comm: python3 Not tainted 5.4.18 #2
[  195.455533] Hardware name: linux,dummy-virt (DT)
[  195.456580] pstate: 60000005 (nZCv daif -PAN -UAO)
[  195.462562] pc : ip_output+0xa8/0x1b0
[  195.463321] lr : ip_local_out+0x44/0x58
[  195.463770] sp : ffff800011e73a30
[  195.464160] x29: ffff800011e73a30 x28: 000000000000001a 
[  195.465658] x27: ffff800011e73d80 x26: 0000000000000011 
[  195.467841] x25: 0000000000000012 x24: ffff00007b1d4000 
[  195.468677] x23: ffff00007b22b300 x22: ffff0000780a1c00 
[  195.469978] x21: ffff800011963ac0 x20: ffff000078301000 
[  195.470245] x19: ffff80001140c380 x18: 0000000000000000 
[  195.470491] x17: 0000000000000000 x16: 0000000000000000 
[  195.470736] x15: 0000000000000001 x14: 0000000000000000 
[  195.470980] x13: 0000000000000006 x12: 00000000c0a80164 
[  195.471224] x11: 0000000000000000 x10: 0000000000000068 
[  195.471690] x9 : ffff0000780a1c00 x8 : ffff800011e73c30 
[  195.472188] x7 : 0000000007800000 x6 : 00000000000097be 
[  195.472719] x5 : 000000000000002e x4 : 000000000000002e 
[  195.476403] x3 : ffff80001140c3b0 x2 : ffff0000780a1c00 
[  195.480830] x1 : 0000000000000001 x0 : ffff00007db8f3b0 
[  195.485911] Call trace:
[  195.486992]  ip_output+0xa8/0x1b0
[  195.487582]  ip_local_out+0x44/0x58
[  195.488103]  ip_send_skb+0x1c/0xa8
[  195.490140]  udp_send_skb.isra.0+0x11c/0x368
[  195.490541]  udp_sendmsg+0x710/0x860
[  195.490884]  inet_sendmsg+0x40/0x68
[  195.491259]  __sys_sendto+0xd4/0x150
[  195.492149]  __arm64_sys_sendto+0x24/0x30
[  195.495065]  el0_svc_common.constprop.0+0x68/0x160
[  195.496573]  el0_svc_handler+0x20/0x80
[  195.498698]  el0_svc+0x8/0xc
[  195.502907] Code: 9100c263 b9407284 d538d080 8b000060 (c85f7c85) 
[  195.510211] ---[ end trace 3ca3454b5d1b1f16 ]---
[  195.515043] note: python3[492] exited with preempt_count 1
