[  192.555647] Unable to handle kernel paging request at virtual address ffff800018b79030
[  192.560097] Mem abort info:
[  192.560633]   ESR = 0x86000006
[  192.560957]   EC = 0x21: IABT (current EL), IL = 32 bits
[  192.561323]   SET = 0, FnV = 0
[  192.561485]   EA = 0, S1PTW = 0
[  192.562950] swapper pgtable: 4k pages, 48-bit VAs, pgdp=00000000412a6000
[  192.565282] [ffff800018b79030] pgd=00000000bdfff003, pud=00000000bdffe003, pmd=0000000000000000
[  192.568719] Internal error: Oops: 86000006 [#1] PREEMPT SMP
[  192.569896] Modules linked in:
[  192.575730] CPU: 1 PID: 496 Comm: python3 Not tainted 5.4.18 #2
[  192.577205] Hardware name: linux,dummy-virt (DT)
[  192.578761] pstate: 60000005 (nZCv daif -PAN -UAO)
[  192.580389] pc : 0xffff800018b79030
[  192.581743] lr : ip_local_out+0x44/0x58
[  192.582005] sp : ffff8000120eba30
[  192.582201] x29: ffff8000120eba30 x28: 000000000000001a 
[  192.582579] x27: ffff8000120ebd80 x26: 0000000000000011 
[  192.582825] x25: 0000000000000012 x24: ffff00007b3c2000 
[  192.583064] x23: ffff00007b22ee80 x22: ffff0000796b0000 
[  192.583301] x21: ffff800011963ac0 x20: ffff00007ab1e500 
[  192.584045] x19: ffff80001140c380 x18: 0000000000000000 
[  192.584290] x17: 0000000000000000 x16: 0000000000000000 
[  192.584522] x15: 0000000000000001 x14: 0000000000000000 
[  192.584753] x13: 0000000000000006 x12: 00000000c0a80164 
[  192.584983] x11: 0000000000000000 x10: 0000000000000068 
[  192.585211] x9 : ffff0000796b0000 x8 : ffff8000120ebc30 
[  192.585440] x7 : 000000005f800000 x6 : 000000000000b3b5 
[  192.585667] x5 : 000000000000006c x4 : 0000000000000001 
[  192.585934] x3 : ffff80001140c3a8 x2 : ffff0000796b0000 
[  192.586163] x1 : 0000000000000000 x0 : ffff00007db633a8 
[  192.586737] Call trace:
[  192.587170]  0xffff800018b79030
[  192.588459]  ip_local_out+0x44/0x58
[  192.588977]  ip_send_skb+0x1c/0xa8
[  192.589235]  udp_send_skb.isra.0+0x11c/0x368
[  192.590101]  udp_sendmsg+0x710/0x860
[  192.590274]  inet_sendmsg+0x40/0x68
[  192.590410]  __sys_sendto+0xd4/0x150
[  192.590542]  __arm64_sys_sendto+0x24/0x30
[  192.590694]  el0_svc_common.constprop.0+0x68/0x160
[  192.590854]  el0_svc_handler+0x20/0x80
[  192.591014]  el0_svc+0x8/0xc
[  192.597546] Code: bad PC value
[  192.617407] ---[ end trace 166a674ab120bcc2 ]---
[  192.628711] note: python3[496] exited with preempt_count 1
