[  193.511166] kernel BUG at arch/arm64/kernel/traps.c:405!
[  193.517092] Internal error: Oops - BUG: 0 [#1] PREEMPT SMP
[  193.519041] Modules linked in:
[  193.524972] CPU: 1 PID: 493 Comm: python3 Not tainted 5.4.18 #2
[  193.526032] Hardware name: linux,dummy-virt (DT)
[  193.527127] pstate: 00000005 (nzcv daif -PAN -UAO)
[  193.529588] pc : do_undefinstr+0x2ec/0x310
[  193.529935] lr : do_undefinstr+0x1e0/0x310
[  193.530275] sp : ffff800011ebb890
[  193.530560] x29: ffff800011ebb890 x28: ffff00007aa29c00 
[  193.531049] x27: ffff800011ebbd80 x26: 0000000000000011 
[  193.531479] x25: 0000000000000012 x24: 0000000000000000 
[  193.531868] x23: 0000000060000005 x22: ffff800010b79280 
[  193.532254] x21: ffff800011ebba30 x20: ffff00007aa29c00 
[  193.532637] x19: ffff800011ebb8f0 x18: 0000000000000000 
[  193.533019] x17: 0000000000000000 x16: 0000000000000000 
[  193.533449] x15: 0000000000000001 x14: 0000000000000000 
[  193.534273] x13: 0000000000000006 x12: 00000000c0a80164 
[  193.534948] x11: 0000000000000000 x10: 0000000000000068 
[  193.535248] x9 : ffff00007aa29c00 x8 : ffff800011ebbc30 
[  193.535972] x7 : 00000000b4c00000 x6 : ffff800011ebb8e8 
[  193.536658] x5 : 00000000d5300000 x4 : ffff8000117c51f0 
[  193.537429] x3 : 00000000d5000000 x2 : 0000000000000000 
[  193.538279] x1 : ffff00007aa29c00 x0 : 0000000060000005 
[  193.540004] Call trace:
[  193.540822]  do_undefinstr+0x2ec/0x310
[  193.541545]  el1_undef+0x10/0x84
[  193.542128]  ip_output+0x140/0x1b0
[  193.542793]  ip_local_out+0x44/0x58
[  193.543379]  ip_send_skb+0x1c/0xa8
[  193.543958]  udp_send_skb.isra.0+0x11c/0x368
[  193.544751]  udp_sendmsg+0x710/0x860
[  193.545404]  inet_sendmsg+0x40/0x68
[  193.546008]  __sys_sendto+0xd4/0x150
[  193.546681]  __arm64_sys_sendto+0x24/0x30
[  193.547599]  el0_svc_common.constprop.0+0x68/0x160
[  193.548364]  el0_svc_handler+0x20/0x80
[  193.549043]  el0_svc+0x8/0xc
[  193.550659] Code: f9401bf7 17ffff7c a9025bf5 f9001bf7 (d4210000) 
[  193.552189] ---[ end trace 2e20152168b9ec53 ]---
[  193.553192] note: python3[493] exited with preempt_count 1
[  193.675453] ------------[ cut here ]------------
[  193.678889] WARNING: CPU: 1 PID: 0 at kernel/rcu/tree.c:569 rcu_idle_enter+0x74/0x80
[  193.682975] Modules linked in:
[  193.693537] CPU: 1 PID: 0 Comm: swapper/1 Tainted: G      D           5.4.18 #2
[  193.697077] Hardware name: linux,dummy-virt (DT)
[  193.699594] pstate: 200003c5 (nzCv DAIF -PAN -UAO)
[  193.707400] pc : rcu_idle_enter+0x74/0x80
[  193.707728] lr : do_idle+0x200/0x288
[  193.710531] sp : ffff800011a4bf20
[  193.711461] x29: ffff800011a4bf20 x28: 0000000000000000 
[  193.713808] x27: 0000000000000000 x26: 0000000000000000 
[  193.722984] x25: 0000000000000000 x24: ffff8000117ba214 
[  193.724536] x23: ffff00007b0c1c00 x22: ffff800011404ab8 
[  193.727663] x21: ffff8000117ba1f0 x20: 0000000000000001 
[  193.731724] x19: ffff8000117ba118 x18: 0000000000000010 
[  193.736623] x17: 0000000000000000 x16: 0000000000000000 
[  193.740400] x15: 0000000000000000 x14: 0000000000000000 
[  193.743270] x13: 0000000000000002 x12: 0000000000000000 
[  193.756289] x11: 0000000000000000 x10: 00000000000009c0 
[  193.774196] x9 : ffff800011a4be90 x8 : ffff00007b0c2620 
[  193.786018] x7 : 0000000000000400 x6 : 0000025099c36aa9 
[  193.786763] x5 : 00ffffffffffffff x4 : ffff80006c757000 
[  193.787826] x3 : 4000000000000002 x2 : 4000000000000000 
[  193.788188] x1 : ffff800011406980 x0 : ffff00007db5d980 
[  193.790485] Call trace:
[  193.795532]  rcu_idle_enter+0x74/0x80
[  193.798337]  do_idle+0x200/0x288
[  193.810484]  cpu_startup_entry+0x24/0x40
[  193.816090]  secondary_start_kernel+0x154/0x190
[  193.826812] ---[ end trace 2e20152168b9ec54 ]---
