[  193.654273] Unable to handle kernel NULL pointer dereference at virtual address 0000000000000011
[  193.686859] Mem abort info:
[  193.689362]   ESR = 0x86000006
[  193.690771]   EC = 0x21: IABT (current EL), IL = 32 bits
[  193.691476]   SET = 0, FnV = 0
[  193.692676]   EA = 0, S1PTW = 0
[  193.695026] user pgtable: 4k pages, 48-bit VAs, pgdp=00000000b1057000
[  193.696307] [0000000000000011] pgd=00000000b08fb003, pud=00000000b8080003, pmd=0000000000000000
[  193.698907] Internal error: Oops: 86000006 [#1] PREEMPT SMP
[  193.699884] Modules linked in:
[  193.701776] CPU: 4 PID: 493 Comm: python3 Not tainted 5.4.18 #2
[  193.703313] Hardware name: linux,dummy-virt (DT)
[  193.705574] pstate: 60000005 (nZCv daif -PAN -UAO)
[  193.707957] pc : 0x11
[  193.708274] lr : 0x11
[  193.708525] sp : ffff800011f83ac0
[  193.709000] x29: ffff800011f83ac0 x28: 000000000000001a 
[  193.709683] x27: ffff800011f83d80 x26: 0000000000000011 
[  193.711523] x25: 0000000000000012 x24: ffff0000782c4024 
[  193.714194] x23: ffff800011f83c30 x22: ffff000079222ec0 
[  193.715051] x21: ffff000079222ec0 x20: ffff800011963ac0 
[  193.720647] x19: ffff0000782f2300 x18: 0000000000000000 
[  193.721812] x17: 0000000000000000 x16: 0000000000000000 
[  193.722847] x15: 0000000000000001 x14: 0000000000000000 
[  193.723742] x13: 0000000000000006 x12: 000000000000003c 
[  193.724496] x11: ffff000070a91000 x10: 0000000000000000 
[  193.726380] x9 : ffff0000793f4d40 x8 : 0000000000000028 
[  193.727094] x7 : ffff000072144000 x6 : 0000000022100000 
[  193.727750] x5 : 0000000000000000 x4 : ffff000072144000 
[  193.730347] x3 : 00000000000003e8 x2 : 0000000000000000 
[  193.731244] x1 : 0000000000000000 x0 : 0000000000000000 
[  193.733129] Call trace:
[  193.733864]  0x11
[  193.737776]  ip_send_skb+0x1c/0xa8
[  193.738860]  udp_send_skb.isra.0+0x11c/0x368
[  193.739784]  udp_sendmsg+0x710/0x860
[  193.740971]  inet_sendmsg+0x40/0x68
[  193.741697]  __sys_sendto+0xd4/0x150
[  193.742343]  __arm64_sys_sendto+0x24/0x30
[  193.743925]  el0_svc_common.constprop.0+0x68/0x160
[  193.745164]  el0_svc_handler+0x20/0x80
[  193.745860]  el0_svc+0x8/0xc
[  193.752795] Code: bad PC value
[  193.759347] ---[ end trace 064bf8261c414b33 ]---
