[  204.379750] Unable to handle kernel NULL pointer dereference at virtual address 0000000000000000
[  204.389302] Mem abort info:
[  204.390379]   ESR = 0x96000006
[  204.391360]   EC = 0x25: DABT (current EL), IL = 32 bits
[  204.396067]   SET = 0, FnV = 0
[  204.397032]   EA = 0, S1PTW = 0
[  204.398861] Data abort info:
[  204.402495]   ISV = 0, ISS = 0x00000006
[  204.406846]   CM = 0, WnR = 0
[  204.408944] user pgtable: 4k pages, 48-bit VAs, pgdp=00000000b951c000
[  204.412759] [0000000000000000] pgd=00000000b1ea9003, pud=00000000b1eab003, pmd=0000000000000000
[  204.432319] Internal error: Oops: 96000006 [#1] PREEMPT SMP
[  204.442799] Modules linked in:
[  204.449698] CPU: 5 PID: 494 Comm: python3 Not tainted 5.4.18 #2
[  204.451429] Hardware name: linux,dummy-virt (DT)
[  204.452358] pstate: 60000005 (nZCv daif -PAN -UAO)
[  204.458287] pc : nf_hook_slow+0x10/0xe8
[  204.459117] lr : ip_output+0x188/0x1b0
[  204.460576] sp : ffff800011e5b9f0
[  204.462552] x29: ffff800011e5b9f0 x28: 000000000000001a 
[  204.464355] x27: ffff800011e5bd80 x26: 0000000000000011 
[  204.465948] x25: 0000000000000012 x24: ffff000079773824 
[  204.466857] x23: ffff800011e5bc30 x22: 0000000000000000 
[  204.467806] x21: ffff0000794a2640 x20: ffff800011963ac0 
[  204.468706] x19: ffff00007b3a7600 x18: 0000000000000000 
[  204.474060] x17: 0000000000000000 x16: 0000000000000000 
[  204.474984] x15: 0000000000000001 x14: 0000000000000000 
[  204.476001] x13: 0000000000000006 x12: 000000000000003c 
[  204.480106] x11: ffff000071d98000 x10: 0000000000000000 
[  204.481940] x9 : ffff000079b64540 x8 : 0000000000000028 
[  204.482511] x7 : ffff000070f68000 x6 : 0000000022100000 
[  204.483862] x5 : 0000000000000000 x4 : ffff000070f68000 
[  204.487748] x3 : 00000000000003e8 x2 : 0000000000000000 
[  204.490032] x1 : 0000000000000000 x0 : 0000000000000000 
[  204.492498] Call trace:
[  204.494798]  nf_hook_slow+0x10/0xe8
[  204.495203]  ip_output+0x188/0x1b0
[  204.501291] Code: a9bc7bfd 910003fd a9025bf5 aa0003f6 (79400040) 
[  204.514710] ---[ end trace 4cc93ccd6b4fdd53 ]---
