[  198.792172] Unable to handle kernel NULL pointer dereference at virtual address 0000000000000000
[  198.812768] Mem abort info:
[  198.814657]   ESR = 0x96000006
[  198.815885]   EC = 0x25: DABT (current EL), IL = 32 bits
[  198.819583]   SET = 0, FnV = 0
[  198.822382]   EA = 0, S1PTW = 0
[  198.826261] Data abort info:
[  198.826597]   ISV = 0, ISS = 0x00000006
[  198.827198]   CM = 0, WnR = 0
[  198.828762] user pgtable: 4k pages, 48-bit VAs, pgdp=00000000b5ac5000
[  198.837575] [0000000000000000] pgd=00000000b3a92003, pud=00000000baa58003, pmd=0000000000000000
[  198.850729] Internal error: Oops: 96000006 [#1] PREEMPT SMP
[  198.859083] Modules linked in:
[  198.860855] CPU: 1 PID: 494 Comm: python3 Not tainted 5.4.18 #2
[  198.861547] Hardware name: linux,dummy-virt (DT)
[  198.862539] pstate: 60000005 (nZCv daif -PAN -UAO)
[  198.867585] pc : ip_output+0x60/0x1b0
[  198.869753] lr : ip_output+0x12c/0x1b0
[  198.872909] sp : ffff800011faba30
[  198.873490] x29: ffff800011faba30 x28: 000000000000001a 
[  198.874487] x27: ffff800011fabd80 x26: 0000000000000011 
[  198.874989] x25: 0000000000000012 x24: ffff00007ab6c000 
[  198.876389] x23: ffff000076d4a640 x22: ffff00007907f000 
[  198.877117] x21: ffff800011963ac0 x20: ffff0000782a9f00 
[  198.879436] x19: ffff80001140c380 x18: 0000000000000000 
[  198.879876] x17: 0000000000000000 x16: 0000000000000000 
[  198.886900] x15: 0000000000000001 x14: 0000000000000000 
[  198.887833] x13: 0000000000001b23 x12: 0000000000000273 
[  198.901238] x11: 00000000006cb0a6 x10: 0000000000001b23 
[  198.906859] x9 : 0000000000000000 x8 : ffff00007db5cd40 
[  198.914003] x7 : ffff00007db5d800 x6 : ffff000078249200 
[  198.918166] x5 : 0000000000251628 x4 : 000000000000002e 
[  198.920250] x3 : ffff80001140c3b0 x2 : ffff00007907f000 
[  198.931603] x1 : 0000000000000001 x0 : 0000000000000000 
[  198.940016] Call trace:
[  198.949916]  ip_output+0x60/0x1b0
[  198.954215]  ip_local_out+0x44/0x58
[  198.957806]  ip_send_skb+0x1c/0xa8
[  198.964798]  udp_send_skb.isra.0+0x11c/0x368
[  198.968315]  udp_sendmsg+0x710/0x860
[  198.970390]  inet_sendmsg+0x40/0x68
[  198.972865]  __sys_sendto+0xd4/0x150
[  198.974493]  __arm64_sys_sendto+0x24/0x30
[  198.975002]  el0_svc_common.constprop.0+0x68/0x160
[  198.979908]  el0_svc_handler+0x20/0x80
[  198.980912]  el0_svc+0x8/0xc
[  198.983344] Code: d2800024 9100a263 d538d080 8b000060 (c85f7c05) 
[  198.989601] ---[ end trace b6323355886bac17 ]---
