[  196.263684] kernel BUG at arch/arm64/kernel/traps.c:405!
[  196.268106] Internal error: Oops - BUG: 0 [#1] PREEMPT SMP
[  196.270412] Modules linked in:
[  196.278082] CPU: 5 PID: 495 Comm: python3 Not tainted 5.4.18 #2
[  196.279451] Hardware name: linux,dummy-virt (DT)
[  196.281950] pstate: 00000005 (nzcv daif -PAN -UAO)
[  196.287485] pc : do_undefinstr+0x2ec/0x310
[  196.288343] lr : do_undefinstr+0x1e0/0x310
[  196.289156] sp : ffff800011f43890
[  196.290336] x29: ffff800011f43890 x28: ffff000079234600 
[  196.291496] x27: ffff800011f43d80 x26: 0000000000000011 
[  196.292449] x25: 0000000000000012 x24: 0000000000000000 
[  196.293333] x23: 0000000060000005 x22: ffff800010b79248 
[  196.294291] x21: ffff800011f43a30 x20: ffff000079234600 
[  196.295176] x19: ffff800011f438f0 x18: 0000000000000000 
[  196.296113] x17: 0000000000000000 x16: 0000000000000000 
[  196.297012] x15: 0000000000000001 x14: 0000000000000000 
[  196.297466] x13: 0000000000000006 x12: 000000000000003c 
[  196.297880] x11: ffff00007929f000 x10: 0000000000000000 
[  196.298261] x9 : ffff00007909d540 x8 : 0000000000000028 
[  196.298640] x7 : ffff000072ad4000 x6 : ffff800011f438e8 
[  196.299020] x5 : 00000000d5300000 x4 : ffff8000117c51f0 
[  196.299400] x3 : 0000000044000000 x2 : 0000000000000000 
[  196.300037] x1 : ffff000079234600 x0 : 0000000060000005 
[  196.301043] Call trace:
[  196.301837]  do_undefinstr+0x2ec/0x310
[  196.303033]  el1_undef+0x10/0x84
[  196.303652]  ip_output+0x108/0x1b0
[  196.304390]  ip_local_out+0x44/0x58
[  196.306401]  ip_send_skb+0x1c/0xa8
[  196.307110]  udp_send_skb.isra.0+0x11c/0x368
[  196.307877]  udp_sendmsg+0x710/0x860
[  196.308808]  inet_sendmsg+0x40/0x68
[  196.309916]  __sys_sendto+0xd4/0x150
[  196.311085]  __arm64_sys_sendto+0x24/0x30
[  196.311855]  el0_svc_common.constprop.0+0x68/0x160
[  196.312951]  el0_svc_handler+0x20/0x80
[  196.313879]  el0_svc+0x8/0xc
[  196.316093] Code: f9401bf7 17ffff7c a9025bf5 f9001bf7 (d4210000) 
[  196.320089] ---[ end trace 7a5f651911e55ba7 ]---
[  196.323357] note: python3[495] exited with preempt_count 1
[  196.468249] ------------[ cut here ]------------
[  196.478719] WARNING: CPU: 5 PID: 0 at kernel/rcu/tree.c:569 rcu_idle_enter+0x74/0x80
[  196.482960] Modules linked in:
[  196.491190] CPU: 5 PID: 0 Comm: swapper/5 Tainted: G      D           5.4.18 #2
[  196.496913] Hardware name: linux,dummy-virt (DT)
[  196.501402] pstate: 200003c5 (nzCv DAIF -PAN -UAO)
[  196.504712] pc : rcu_idle_enter+0x74/0x80
[  196.509290] lr : do_idle+0x200/0x288
[  196.510974] sp : ffff800011a6bf20
[  196.513007] x29: ffff800011a6bf20 x28: 0000000000000000 
[  196.514291] x27: 0000000000000000 x26: 0000000000000000 
[  196.518182] x25: 0000000000000000 x24: ffff8000117ba214 
[  196.521948] x23: ffff00007b0c5400 x22: ffff800011404ab8 
[  196.522622] x21: ffff8000117ba1f0 x20: 0000000000000005 
[  196.525708] x19: ffff8000117ba118 x18: 0000000000000010 
[  196.526127] x17: 0000000000000000 x16: 0000000000000000 
[  196.527886] x15: 000000000000012f x14: 0000000000000000 
[  196.530490] x13: 0000000000000002 x12: 000000000000012f 
[  196.533135] x11: 0000000000000001 x10: 00000000000009c0 
[  196.537316] x9 : 0000af1878cbdaac x8 : 000000000000af18 
[  196.543008] x7 : 000000000000b686 x6 : 00000061cf316e55 
[  196.549107] x5 : 00ffffffffffffff x4 : ffff80006c7af000 
[  196.556223] x3 : 4000000000000002 x2 : 4000000000000000 
[  196.560015] x1 : ffff800011406980 x0 : ffff00007dbb5980 
[  196.561420] Call trace:
[  196.562404]  rcu_idle_enter+0x74/0x80
[  196.567287]  do_idle+0x200/0x288
[  196.572762]  cpu_startup_entry+0x24/0x40
[  196.574593]  secondary_start_kernel+0x154/0x190
[  196.575995] ---[ end trace 7a5f651911e55ba8 ]---
