[  192.892677] Unable to handle kernel write to read-only memory at virtual address ffff800010b78954
[  192.904656] Mem abort info:
[  192.905646]   ESR = 0x9600004e
[  192.906736]   EC = 0x25: DABT (current EL), IL = 32 bits
[  192.913180]   SET = 0, FnV = 0
[  192.914564]   EA = 0, S1PTW = 0
[  192.918822] Data abort info:
[  192.923303]   ISV = 0, ISS = 0x0000004e
[  192.924422]   CM = 0, WnR = 1
[  192.928984] swapper pgtable: 4k pages, 48-bit VAs, pgdp=00000000412a6000
[  192.932230] [ffff800010b78954] pgd=00000000bdfff003, pud=00000000bdffe003, pmd=0040000040a00791
[  192.952156] Internal error: Oops: 9600004e [#1] PREEMPT SMP
[  192.954911] Modules linked in:
[  192.959100] CPU: 5 PID: 494 Comm: python3 Not tainted 5.4.18 #2
[  192.960962] Hardware name: linux,dummy-virt (DT)
[  192.962240] pstate: 60000005 (nZCv daif -PAN -UAO)
[  192.965758] pc : ip_output+0x2c/0x1b0
[  192.966174] lr : ip_local_out+0x44/0x58
[  192.966606] sp : ffff800011dcba30
[  192.966938] x29: ffff800011dcba30 x28: 000000000000001a 
[  192.967771] x27: ffff800011dcbd80 x26: 0000000000000011 
[  192.968202] x25: 0000000000000012 x24: ffff0000782d8624 
[  192.968768] x23: ffff00007a42a200 x22: ffff00007abdd400 
[  192.969245] x21: ffff800011963ac0 x20: ffff000076d50a00 
[  192.969658] x19: ffff000076d50a00 x18: 0000000000000000 
[  192.970072] x17: 0000000000000000 x16: 0000000000000000 
[  192.970510] x15: 0000000000000001 x14: 0000000000000000 
[  192.970964] x13: 0000000000000006 x12: 00000000c0a80164 
[  192.971435] x11: 0000000000000000 x10: 0000000000000068 
[  192.973078] x9 : ffff00007abdd400 x8 : ffff800011dcbc30 
[  192.973595] x7 : 00000000ea900000 x6 : 000000000000cce8 
[  192.974046] x5 : ffff0000782d8624 x4 : ffff0000782d8624 
[  192.974550] x3 : 0890d021f6125800 x2 : ffff00007abdd400 
[  192.975056] x1 : ffff00007a42a200 x0 : ffff800011963ac0 
[  192.976355] Call trace:
[  192.977463]  ip_output+0x2c/0x1b0
[  192.978033]  ip_local_out+0x44/0x58
[  192.978584]  ip_send_skb+0x1c/0xa8
[  192.979068]  udp_send_skb.isra.0+0x11c/0x368
[  192.982839]  udp_sendmsg+0x710/0x860
[  192.983652]  inet_sendmsg+0x40/0x68
[  192.985369]  __sys_sendto+0xd4/0x150
[  192.991053]  __arm64_sys_sendto+0x24/0x30
[  192.992346]  el0_svc_common.constprop.0+0x68/0x160
[  192.994118]  el0_svc_handler+0x20/0x80
[  193.002656]  el0_svc+0x8/0xc
[  193.004495] Code: aa0003f5 a90363f7 aa0103f7 f9423ac3 (f90047c3) 
[  193.022764] ---[ end trace ac311fcfc674a575 ]---
[  193.583659] Unable to handle kernel write to read-only memory at virtual address ffff800010b78954
[  193.586915] Mem abort info:
[  193.589436]   ESR = 0x9600004e
[  193.590148]   EC = 0x25: DABT (current EL), IL = 32 bits
[  193.591013]   SET = 0, FnV = 0
[  193.594036]   EA = 0, S1PTW = 0
[  193.595018] Data abort info:
[  193.595889]   ISV = 0, ISS = 0x0000004e
[  193.602754]   CM = 0, WnR = 1
[  193.607041] swapper pgtable: 4k pages, 48-bit VAs, pgdp=00000000412a6000
[  193.615087] [ffff800010b78954] pgd=00000000bdfff003, pud=00000000bdffe003, pmd=0040000040a00791
[  193.622148] Internal error: Oops: 9600004e [#2] PREEMPT SMP
[  193.632932] Modules linked in:
[  193.637650] CPU: 7 PID: 260 Comm: systemd-timesyn Tainted: G      D           5.4.18 #2
[  193.653465] Hardware name: linux,dummy-virt (DT)
[  193.654625] pstate: 60000005 (nZCv daif -PAN -UAO)
[  193.658418] pc : ip_output+0x2c/0x1b0
[  193.660809] lr : ip_local_out+0x44/0x58
[  193.661456] sp : ffff800011d9ba30
[  193.662483] x29: ffff800011d9ba30 x28: 0000000000000038 
[  193.666807] x27: ffff800011d9bd80 x26: 0000000000000011 
[  193.669081] x25: 0000000000000030 x24: ffff00007b2dcc24 
[  193.669862] x23: ffff000076f90000 x22: ffff00007a910000 
[  193.675074] x21: ffff800011963ac0 x20: ffff00007b320700 
[  193.677954] x19: ffff00007b320700 x18: 0000000000000000 
[  193.678976] x17: 0000000000000000 x16: 0000000000000000 
[  193.685655] x15: 0000000000000001 x14: 0000000000000000 
[  193.688134] x13: 0000000000000000 x12: 00000000b97dbe39 
[  193.690650] x11: 0000000000000000 x10: 0000000000000068 
[  193.691757] x9 : ffff00007a910000 x8 : ffff800011d9bc30 
[  193.698818] x7 : 00000000f4800000 x6 : 0000000000000d97 
[  193.710926] x5 : ffff00007b2dcc24 x4 : ffff00007b2dcc24 
[  193.721423] x3 : b978ee770c05f400 x2 : ffff00007a910000 
[  193.730923] x1 : ffff000076f90000 x0 : ffff800011963ac0 
[  193.737523] Call trace:
[  193.739902]  ip_output+0x2c/0x1b0
[  193.742485]  ip_local_out+0x44/0x58
[  193.743502]  ip_send_skb+0x1c/0xa8
[  193.746074]  udp_send_skb.isra.0+0x11c/0x368
[  193.752312]  udp_sendmsg+0x710/0x860
[  193.753014]  inet_sendmsg+0x40/0x68
[  193.753240]  __sys_sendto+0xd4/0x150
[  193.753601]  __arm64_sys_sendto+0x24/0x30
[  193.754045]  el0_svc_common.constprop.0+0x68/0x160
[  193.754579]  el0_svc_handler+0x20/0x80
[  193.754884]  el0_svc+0x8/0xc
[  193.757007] Code: aa0003f5 a90363f7 aa0103f7 f9423ac3 (f90047c3) 
[  193.762586] ---[ end trace ac311fcfc674a576 ]---
