[  193.776065] Unable to handle kernel paging request at virtual address ffff800018b785f4
[  193.784736] Mem abort info:
[  193.786747]   ESR = 0x86000006
[  193.791648]   EC = 0x21: IABT (current EL), IL = 32 bits
[  193.799878]   SET = 0, FnV = 0
[  193.802827]   EA = 0, S1PTW = 0
[  193.806792] swapper pgtable: 4k pages, 48-bit VAs, pgdp=00000000412a6000
[  193.818816] [ffff800018b785f4] pgd=00000000bdfff003, pud=00000000bdffe003, pmd=0000000000000000
[  193.838307] Internal error: Oops: 86000006 [#1] PREEMPT SMP
[  193.845723] Modules linked in:
[  193.852090] CPU: 3 PID: 492 Comm: python3 Not tainted 5.4.18 #2
[  193.853202] Hardware name: linux,dummy-virt (DT)
[  193.856524] pstate: 60000005 (nZCv daif -PAN -UAO)
[  193.858866] pc : 0xffff800018b785f4
[  193.862674] lr : ip_output+0x138/0x1b0
[  193.866184] sp : ffff800011d6ba30
[  193.866758] x29: ffff800011d6ba30 x28: 000000000000001a 
[  193.868431] x27: ffff800011d6bd80 x26: 0000000000000011 
[  193.875006] x25: 0000000000000012 x24: ffff00007a872000 
[  193.883470] x23: ffff0000781f0880 x22: ffff00007a40b800 
[  193.895134] x21: ffff800011963ac0 x20: ffff00007827b200 
[  193.900045] x19: ffff80001140c380 x18: 0000000000000000 
[  193.901867] x17: 0000000000000000 x16: 0000000000000000 
[  193.902547] x15: 0000000000000001 x14: 0000000000000000 
[  193.905317] x13: 0000000000000006 x12: 00000000c0a80164 
[  193.906166] x11: 0000000000000000 x10: 0000000000000068 
[  193.909577] x9 : ffff00007a40b800 x8 : ffff800011d6bc30 
[  193.913794] x7 : 00000000d9900000 x6 : 000000000000b3c2 
[  193.916445] x5 : 0000000000001184 x4 : 000000000000002e 
[  193.917733] x3 : ffff80001140c3b0 x2 : ffff00007a40b800 
[  193.918488] x1 : 0000000000000000 x0 : 0000000100000000 
[  193.924423] Call trace:
[  193.927645]  0xffff800018b785f4
[  193.928448]  ip_local_out+0x44/0x58
[  193.931527]  ip_send_skb+0x1c/0xa8
[  193.935247]  udp_send_skb.isra.0+0x11c/0x368
[  193.936067]  udp_sendmsg+0x710/0x860
[  193.938811]  inet_sendmsg+0x40/0x68
[  193.939208]  __sys_sendto+0xd4/0x150
[  193.945749]  __arm64_sys_sendto+0x24/0x30
[  193.947409]  el0_svc_common.constprop.0+0x68/0x160
[  193.950430]  el0_svc_handler+0x20/0x80
[  193.951122]  el0_svc+0x8/0xc
[  193.954999] Code: bad PC value
[  193.963102] ---[ end trace e2267ef658677ea4 ]---
