[  191.657642] Unable to handle kernel NULL pointer dereference at virtual address 0000000000000000
[  191.667822] Mem abort info:
[  191.668561]   ESR = 0x96000006
[  191.673019]   EC = 0x25: DABT (current EL), IL = 32 bits
[  191.682002]   SET = 0, FnV = 0
[  191.683606]   EA = 0, S1PTW = 0
[  191.684598] Data abort info:
[  191.691002]   ISV = 0, ISS = 0x00000006
[  191.692782]   CM = 0, WnR = 0
[  191.700018] user pgtable: 4k pages, 48-bit VAs, pgdp=00000000b2bb1000
[  191.707097] [0000000000000000] pgd=00000000b977c003, pud=00000000b3e07003, pmd=0000000000000000
[  191.725004] Internal error: Oops: 96000006 [#1] PREEMPT SMP
[  191.728356] Modules linked in:
[  191.732484] CPU: 3 PID: 491 Comm: python3 Not tainted 5.4.18 #2
[  191.733330] Hardware name: linux,dummy-virt (DT)
[  191.735876] pstate: 60000005 (nZCv daif -PAN -UAO)
[  191.745172] pc : ip_output+0x48/0x1b0
[  191.749987] lr : ip_local_out+0x44/0x58
[  191.754198] sp : ffff8000120eba30
[  191.754905] x29: ffff8000120eba30 x28: 000000000000001a 
[  191.766647] x27: ffff8000120ebd80 x26: 0000000000000011 
[  191.774119] x25: 0000000000000012 x24: ffff000076db5624 
[  191.784309] x23: ffff00007abb1540 x22: ffff00007b250000 
[  191.790726] x21: ffff800011963ac0 x20: ffff0000780a6a00 
[  191.791867] x19: ffff80001140c380 x18: 0000000000000000 
[  191.793895] x17: 0000000000000000 x16: 0000000000000000 
[  191.796027] x15: 0000000000000001 x14: 0000000000000000 
[  191.800399] x13: 0000000000000006 x12: 00000000c0a80164 
[  191.807481] x11: 0000000000000000 x10: 0000000000000068 
[  191.814588] x9 : ffff00007b250000 x8 : ffff8000120ebc30 
[  191.820207] x7 : 00000000cd200000 x6 : 0000000000003696 
[  191.821574] x5 : ffff000076db5624 x4 : ffff000076db5624 
[  191.822484] x3 : 0000000000000000 x2 : ffff00007b250000 
[  191.830637] x1 : ffff000072ac70c0 x0 : 0000000000000001 
[  191.836710] Call trace:
[  191.840351]  ip_output+0x48/0x1b0
[  191.845440]  ip_local_out+0x44/0x58
[  191.846110]  ip_send_skb+0x1c/0xa8
[  191.850033]  udp_send_skb.isra.0+0x11c/0x368
[  191.852044]  udp_sendmsg+0x710/0x860
[  191.852437]  inet_sendmsg+0x40/0x68
[  191.854086]  __sys_sendto+0xd4/0x150
[  191.854664]  __arm64_sys_sendto+0x24/0x30
[  191.855638]  el0_svc_common.constprop.0+0x68/0x160
[  191.860572]  el0_svc_handler+0x20/0x80
[  191.862365]  el0_svc+0x8/0xc
[  191.875848] Code: b9401040 927ff863 11000400 f940c2b3 (f9400078) 
[  191.884537] ---[ end trace b9fab015ce4c5f8f ]---
