[  193.475319] Kernel panic - not syncing: stack-protector: Kernel stack is corrupted in: ip_output+0x1ac/0x1b0
[  193.506202] CPU: 7 PID: 494 Comm: python3 Not tainted 5.4.18 #2
[  193.507953] Hardware name: linux,dummy-virt (DT)
[  193.510532] Call trace:
[  193.511973]  dump_backtrace+0x0/0x140
[  193.515146]  show_stack+0x14/0x20
[  193.517160]  dump_stack+0xb4/0xf8
[  193.518064]  panic+0x158/0x324
[  193.518596]  __stack_chk_fail+0x1c/0x20
[  193.519206]  ip_output+0x1ac/0x1b0
[  193.519821]  ip_local_out+0x44/0x58
[  193.520446]  ip_send_skb+0x1c/0xa8
[  193.521101]  udp_send_skb.isra.0+0x11c/0x368
[  193.522404]  udp_sendmsg+0x710/0x860
[  193.523146]  inet_sendmsg+0x40/0x68
[  193.523896]  __sys_sendto+0xd4/0x150
[  193.524575]  __arm64_sys_sendto+0x24/0x30
[  193.525962]  el0_svc_common.constprop.0+0x68/0x160
[  193.527107]  el0_svc_handler+0x20/0x80
[  193.527899]  el0_svc+0x8/0xc
[  193.535615] SMP: stopping secondary CPUs
[  193.542856] Kernel Offset: disabled
[  193.546024] CPU features: 0x0002,20006000
[  193.547403] Memory Limit: none
[  193.553011] ---[ end Kernel panic - not syncing: stack-protector: Kernel stack is corrupted in: ip_output+0x1ac/0x1b0 ]---
