[  193.687053] kernel BUG at arch/arm64/kernel/traps.c:405!
[  193.691067] Internal error: Oops - BUG: 0 [#1] PREEMPT SMP
[  193.692452] Modules linked in:
[  193.698227] CPU: 4 PID: 494 Comm: python3 Not tainted 5.4.18 #2
[  193.698832] Hardware name: linux,dummy-virt (DT)
[  193.701918] pstate: 00000005 (nzcv daif -PAN -UAO)
[  193.704844] pc : do_undefinstr+0x2ec/0x310
[  193.705656] lr : do_undefinstr+0x1e0/0x310
[  193.707212] sp : ffff80001213b920
[  193.708859] x29: ffff80001213b920 x28: ffff00007b266200 
[  193.709726] x27: ffff80001213bd80 x26: 0000000000000011 
[  193.710332] x25: 0000000000000012 x24: 0000000000000000 
[  193.710970] x23: 0000000060000005 x22: ffff800010b7925c 
[  193.713195] x21: ffff80001213bac0 x20: ffff00007b266200 
[  193.713871] x19: ffff80001213b980 x18: 0000000000000000 
[  193.714864] x17: 0000000000000000 x16: 0000000000000000 
[  193.717240] x15: 0000000000000001 x14: 0000000000000000 
[  193.718678] x13: 0000000000000006 x12: 000000000000003c 
[  193.721423] x11: ffff000072483000 x10: 0000000000000000 
[  193.722406] x9 : ffff000076d3a940 x8 : 0000000000000028 
[  193.724397] x7 : ffff000073f9c000 x6 : ffff80001213b978 
[  193.725239] x5 : 00000000d5300000 x4 : ffff8000117c51f0 
[  193.725614] x3 : 00000000d6500000 x2 : 0000000000000000 
[  193.725932] x1 : ffff00007b266200 x0 : 0000000060000005 
[  193.726591] Call trace:
[  193.726924]  do_undefinstr+0x2ec/0x310
[  193.727191]  el1_undef+0x10/0x84
[  193.728601]  ip_output+0x11c/0x1b0
[  193.729260]  ip_send_skb+0x1c/0xa8
[  193.729792]  udp_send_skb.isra.0+0x11c/0x368
[  193.730136]  udp_sendmsg+0x710/0x860
[  193.730435]  inet_sendmsg+0x40/0x68
[  193.731353]  __sys_sendto+0xd4/0x150
[  193.732218]  __arm64_sys_sendto+0x24/0x30
[  193.732543]  el0_svc_common.constprop.0+0x68/0x160
[  193.732900]  el0_svc_handler+0x20/0x80
[  193.733198]  el0_svc+0x8/0xc
[  193.734110] Code: f9401bf7 17ffff7c a9025bf5 f9001bf7 (d4210000) 
[  193.736447] ---[ end trace 136fa960d9f41ff2 ]---
[  193.737232] note: python3[494] exited with preempt_count 1
[  193.798355] ------------[ cut here ]------------
[  193.804216] WARNING: CPU: 4 PID: 0 at kernel/rcu/tree.c:569 rcu_idle_enter+0x74/0x80
[  193.809059] Modules linked in:
[  193.813708] CPU: 4 PID: 0 Comm: swapper/4 Tainted: G      D           5.4.18 #2
[  193.820425] Hardware name: linux,dummy-virt (DT)
[  193.825895] pstate: 200003c5 (nzCv DAIF -PAN -UAO)
[  193.828928] pc : rcu_idle_enter+0x74/0x80
[  193.829344] lr : do_idle+0x200/0x288
[  193.832828] sp : ffff800011a63f20
[  193.837372] x29: ffff800011a63f20 x28: 0000000000000000 
[  193.841409] x27: 0000000000000000 x26: 0000000000000000 
[  193.843899] x25: 0000000000000000 x24: ffff8000117ba214 
[  193.846781] x23: ffff00007b0c4600 x22: ffff800011404ab8 
[  193.852731] x21: ffff8000117ba1f0 x20: 0000000000000004 
[  193.855979] x19: ffff8000117ba118 x18: 0000000000000010 
[  193.857000] x17: 0000000000000000 x16: 0000000000000000 
[  193.857675] x15: 0000000000000000 x14: 0000000000000000 
[  193.858347] x13: 0000000000000001 x12: 0000000000000001 
[  193.861431] x11: 0000000000000400 x10: 00000000000009c0 
[  193.867494] x9 : ffff800011a63e90 x8 : ffff00007b0c5020 
[  193.876608] x7 : 0000000000000004 x6 : 00000125444a5b93 
[  193.881695] x5 : 00ffffffffffffff x4 : ffff80006c799000 
[  193.882671] x3 : 4000000000000002 x2 : 4000000000000000 
[  193.886177] x1 : ffff800011406980 x0 : ffff00007db9f980 
[  193.893593] Call trace:
[  193.895956]  rcu_idle_enter+0x74/0x80
[  193.897441]  do_idle+0x200/0x288
[  193.897967]  cpu_startup_entry+0x24/0x40
[  193.899453]  secondary_start_kernel+0x154/0x190
[  193.902425] ---[ end trace 136fa960d9f41ff3 ]---
