[  194.367064] Kernel panic - not syncing: stack-protector: Kernel stack is corrupted in: ip_output+0x1ac/0x1b0
[  194.382175] CPU: 3 PID: 496 Comm: python3 Not tainted 5.4.18 #2
[  194.383686] Hardware name: linux,dummy-virt (DT)
[  194.386583] Call trace:
[  194.387969]  dump_backtrace+0x0/0x140
[  194.388729]  show_stack+0x14/0x20
[  194.389199]  dump_stack+0xb4/0xf8
[  194.389836]  panic+0x158/0x324
[  194.390200]  __stack_chk_fail+0x1c/0x20
[  194.390596]  ip_output+0x1ac/0x1b0
[  194.390950]  ip_local_out+0x44/0x58
[  194.391271]  ip_send_skb+0x1c/0xa8
[  194.391646]  udp_send_skb.isra.0+0x11c/0x368
[  194.391976]  udp_sendmsg+0x710/0x860
[  194.392295]  inet_sendmsg+0x40/0x68
[  194.393367]  __sys_sendto+0xd4/0x150
[  194.395283]  __arm64_sys_sendto+0x24/0x30
[  194.396297]  el0_svc_common.constprop.0+0x68/0x160
[  194.397094]  el0_svc_handler+0x20/0x80
[  194.397861]  el0_svc+0x8/0xc
[  194.402305] SMP: stopping secondary CPUs
[  194.404704] Kernel Offset: disabled
[  194.406079] CPU features: 0x0002,20006000
[  194.407101] Memory Limit: none
[  194.411885] ---[ end Kernel panic - not syncing: stack-protector: Kernel stack is corrupted in: ip_output+0x1ac/0x1b0 ]---
