[  193.413691] kernel BUG at arch/arm64/kernel/traps.c:405!
[  193.417144] Internal error: Oops - BUG: 0 [#1] PREEMPT SMP
[  193.419507] Modules linked in:
[  193.423628] CPU: 6 PID: 496 Comm: python3 Not tainted 5.4.18 #2
[  193.424786] Hardware name: linux,dummy-virt (DT)
[  193.427053] pstate: 00000005 (nzcv daif -PAN -UAO)
[  193.428382] pc : do_undefinstr+0x2ec/0x310
[  193.429271] lr : do_undefinstr+0x1e0/0x310
[  193.430070] sp : ffff800011f1b890
[  193.430730] x29: ffff800011f1b890 x28: ffff00007a9c5400 
[  193.431946] x27: ffff800011f1bd80 x26: 0000000000000011 
[  193.432842] x25: 0000000000000012 x24: 0000000000000000 
[  193.433777] x23: 0000000060000005 x22: ffff800010b79270 
[  193.435012] x21: ffff800011f1ba30 x20: ffff00007a9c5400 
[  193.436404] x19: ffff800011f1b8f0 x18: 0000000000000000 
[  193.437541] x17: 0000000000000000 x16: 0000000000000000 
[  193.438554] x15: 0000000000000001 x14: 0000000000000000 
[  193.439563] x13: 0000000000000006 x12: 00000000c0a80164 
[  193.441740] x11: 0000000000000000 x10: 0000000000000068 
[  193.442414] x9 : ffff00007a9c5400 x8 : ffff800011f1bc30 
[  193.442834] x7 : 0000000047600000 x6 : ffff800011f1b8e8 
[  193.443227] x5 : 00000000d5300000 x4 : ffff8000117c51f0 
[  193.443623] x3 : 00000000d9400000 x2 : 0000000000000000 
[  193.444022] x1 : ffff00007a9c5400 x0 : 0000000060000005 
[  193.444840] Call trace:
[  193.445207]  do_undefinstr+0x2ec/0x310
[  193.445534]  el1_undef+0x10/0x84
[  193.445807]  ip_output+0x130/0x1b0
[  193.446071]  ip_local_out+0x44/0x58
[  193.446340]  ip_send_skb+0x1c/0xa8
[  193.446703]  udp_send_skb.isra.0+0x11c/0x368
[  193.447016]  udp_sendmsg+0x710/0x860
[  193.447291]  inet_sendmsg+0x40/0x68
[  193.447564]  __sys_sendto+0xd4/0x150
[  193.447834]  __arm64_sys_sendto+0x24/0x30
[  193.448134]  el0_svc_common.constprop.0+0x68/0x160
[  193.448469]  el0_svc_handler+0x20/0x80
[  193.448782]  el0_svc+0x8/0xc
[  193.449599] Code: f9401bf7 17ffff7c a9025bf5 f9001bf7 (d4210000) 
[  193.451790] ---[ end trace df320cdac65e263b ]---
[  193.452640] note: python3[496] exited with preempt_count 1
[  193.612341] ------------[ cut here ]------------
[  193.615880] WARNING: CPU: 6 PID: 0 at kernel/rcu/tree.c:569 rcu_idle_enter+0x74/0x80
[  193.618421] Modules linked in:
[  193.620816] CPU: 6 PID: 0 Comm: swapper/6 Tainted: G      D           5.4.18 #2
[  193.625152] Hardware name: linux,dummy-virt (DT)
[  193.625663] pstate: 200003c5 (nzCv DAIF -PAN -UAO)
[  193.626035] pc : rcu_idle_enter+0x74/0x80
[  193.626438] lr : do_idle+0x200/0x288
[  193.626930] sp : ffff800011a73f20
[  193.627725] x29: ffff800011a73f20 x28: 0000000000000000 
[  193.628132] x27: 0000000000000000 x26: 0000000000000000 
[  193.628673] x25: 0000000000000000 x24: ffff8000117ba214 
[  193.629880] x23: ffff00007b0c6200 x22: ffff800011404ab8 
[  193.631088] x21: ffff8000117ba1f0 x20: 0000000000000006 
[  193.633976] x19: ffff8000117ba118 x18: 0000000000000010 
[  193.636162] x17: 0000000000000000 x16: 0000000000000000 
[  193.639989] x15: 0000000000000000 x14: 0000000000000000 
[  193.646836] x13: 0000000000000003 x12: 0000000000000000 
[  193.650148] x11: 0000000000000000 x10: 00000000000009c0 
[  193.654343] x9 : ffff800011a73e90 x8 : ffff00007b0c6c20 
[  193.657559] x7 : 0000000000000378 x6 : 000001f9036335d8 
[  193.660911] x5 : 00ffffffffffffff x4 : ffff80006c7c5000 
[  193.665865] x3 : 4000000000000002 x2 : 4000000000000000 
[  193.669814] x1 : ffff800011406980 x0 : ffff00007dbcb980 
[  193.680688] Call trace:
[  193.684452]  rcu_idle_enter+0x74/0x80
[  193.695076]  do_idle+0x200/0x288
[  193.702705]  cpu_startup_entry+0x24/0x40
[  193.707583]  secondary_start_kernel+0x154/0x190
[  193.713653] ---[ end trace df320cdac65e263c ]---
