[  193.644623] kernel BUG at arch/arm64/kernel/traps.c:405!
[  193.649603] Internal error: Oops - BUG: 0 [#1] PREEMPT SMP
[  193.652612] Modules linked in:
[  193.657324] CPU: 4 PID: 493 Comm: python3 Not tainted 5.4.18 #2
[  193.658623] Hardware name: linux,dummy-virt (DT)
[  193.660875] pstate: 00000005 (nzcv daif -PAN -UAO)
[  193.668479] pc : do_undefinstr+0x2ec/0x310
[  193.669327] lr : do_undefinstr+0x1e0/0x310
[  193.670057] sp : ffff800011d83890
[  193.670762] x29: ffff800011d83890 x28: ffff00007aa6f000 
[  193.671819] x27: ffff800011d83d80 x26: 0000000000000011 
[  193.672697] x25: 0000000000000012 x24: 0000000000000000 
[  193.673522] x23: 0000000060000005 x22: ffff800010b79158 
[  193.674340] x21: ffff800011d83a30 x20: ffff00007aa6f000 
[  193.675656] x19: ffff800011d838f0 x18: 0000000000000000 
[  193.676492] x17: 0000000000000000 x16: 0000000000000000 
[  193.678006] x15: 0000000000000001 x14: 0000000000000000 
[  193.679011] x13: 0000000000000006 x12: 00000000c0a80164 
[  193.680137] x11: 0000000000000000 x10: 0000000000000068 
[  193.681596] x9 : ffff00007aa6f000 x8 : ffff800011d83c30 
[  193.682506] x7 : 0000000012400000 x6 : 000000000000001f 
[  193.683329] x5 : 0000000000000000 x4 : ffff8000117c51f0 
[  193.684256] x3 : 0000000000000005 x2 : 0000000000000000 
[  193.685084] x1 : ffff00007aa6f000 x0 : 0000000060000005 
[  193.686174] Call trace:
[  193.686559]  do_undefinstr+0x2ec/0x310
[  193.686892]  el1_undef+0x10/0x84
[  193.687166]  ip_output+0x18/0x1b0
[  193.687426]  ip_local_out+0x44/0x58
[  193.687696]  ip_send_skb+0x1c/0xa8
[  193.688079]  udp_send_skb.isra.0+0x11c/0x368
[  193.688391]  udp_sendmsg+0x710/0x860
[  193.688668]  inet_sendmsg+0x40/0x68
[  193.688943]  __sys_sendto+0xd4/0x150
[  193.689215]  __arm64_sys_sendto+0x24/0x30
[  193.689516]  el0_svc_common.constprop.0+0x68/0x160
[  193.689877]  el0_svc_handler+0x20/0x80
[  193.690169]  el0_svc+0x8/0xc
[  193.690993] Code: f9401bf7 17ffff7c a9025bf5 f9001bf7 (d4210000) 
[  193.692619] ---[ end trace 8f3653b16e6eb650 ]---
[  193.693408] note: python3[493] exited with preempt_count 1
[  193.800100] ------------[ cut here ]------------
[  193.801460] WARNING: CPU: 4 PID: 0 at kernel/rcu/tree.c:569 rcu_idle_enter+0x74/0x80
[  193.803144] Modules linked in:
[  193.805066] CPU: 4 PID: 0 Comm: swapper/4 Tainted: G      D           5.4.18 #2
[  193.805360] Hardware name: linux,dummy-virt (DT)
[  193.805585] pstate: 200003c5 (nzCv DAIF -PAN -UAO)
[  193.806590] pc : rcu_idle_enter+0x74/0x80
[  193.809521] lr : do_idle+0x200/0x288
[  193.817597] sp : ffff800011a63f20
[  193.822367] x29: ffff800011a63f20 x28: 0000000000000000 
[  193.827339] x27: 0000000000000000 x26: 0000000000000000 
[  193.837274] x25: 0000000000000000 x24: ffff8000117ba214 
[  193.840716] x23: ffff00007b0c4600 x22: ffff800011404ab8 
[  193.844608] x21: ffff8000117ba1f0 x20: 0000000000000004 
[  193.849810] x19: ffff8000117ba118 x18: 0000000000000010 
[  193.858804] x17: 0000000000000000 x16: 0000000000000000 
[  193.860143] x15: ffff00007aa6f470 x14: 0000000000000000 
[  193.860745] x13: 0000000000000001 x12: 0000000000000000 
[  193.861985] x11: 0000000000000400 x10: 00000000000009c0 
[  193.863399] x9 : ffff800011a63e90 x8 : ffff00007b0c5020 
[  193.868177] x7 : 0000000000000004 x6 : 00000051c5bf0b31 
[  193.869075] x5 : 00ffffffffffffff x4 : ffff80006c799000 
[  193.869890] x3 : 4000000000000002 x2 : 4000000000000000 
[  193.872132] x1 : ffff800011406980 x0 : ffff00007db9f980 
[  193.872759] Call trace:
[  193.873040]  rcu_idle_enter+0x74/0x80
[  193.873664]  do_idle+0x200/0x288
[  193.875111]  cpu_startup_entry+0x24/0x40
[  193.876615]  secondary_start_kernel+0x154/0x190
[  193.878072] ---[ end trace 8f3653b16e6eb651 ]---
