[  193.931557] Unable to handle kernel paging request at virtual address 13ff800e3efaf021
[  193.934393] Mem abort info:
[  193.935336]   ESR = 0x96000021
[  193.938745]   EC = 0x25: DABT (current EL), IL = 32 bits
[  193.939303]   SET = 0, FnV = 0
[  193.940118]   EA = 0, S1PTW = 0
[  193.944086] Data abort info:
[  193.948825]   ISV = 0, ISS = 0x00000021
[  193.954823]   CM = 0, WnR = 0
[  193.956225] [13ff800e3efaf021] address between user and kernel address ranges
[  193.975342] Internal error: Oops: 96000021 [#1] PREEMPT SMP
[  193.985325] Modules linked in:
[  193.987936] CPU: 5 PID: 496 Comm: python3 Not tainted 5.4.18 #2
[  193.989770] Hardware name: linux,dummy-virt (DT)
[  193.992011] pstate: 80000005 (Nzcv daif -PAN -UAO)
[  193.994968] pc : udp_send_skb.isra.0+0x150/0x368
[  193.997274] lr : udp_send_skb.isra.0+0x11c/0x368
[  193.998734] sp : ffff800011ec3b20
[  193.999907] x29: ffff800011ec3b20 x28: 000000000000001a 
[  194.009475] x27: ffff800011ec3d80 x26: 0000000000000011 
[  194.018460] x25: 0000000000000012 x24: ffff000076e06624 
[  194.021961] x23: ffff800011ec3c30 x22: ffff8000119673b8 
[  194.027175] x21: 0000000000000011 x20: 000000000000001a 
[  194.028641] x19: ffff000076db4600 x18: 0000000000000000 
[  194.029066] x17: 0000000000000000 x16: 0000000000000000 
[  194.031332] x15: 0000000000000001 x14: 0000000000000000 
[  194.033926] x13: 0000000000000006 x12: 000000000000003c 
[  194.034917] x11: ffff000073fe3000 x10: 0000000000000000 
[  194.035932] x9 : ffff00007a42e940 x8 : 0000000000000028 
[  194.036656] x7 : ffff00006fdf8000 x6 : 0000000022100000 
[  194.038278] x5 : 0000000000000000 x4 : ffff00006fdf8000 
[  194.039350] x3 : 0000000000000001 x2 : ffff80006c7af000 
[  194.041445] x1 : ffff0000797e0e00 x0 : 13ff800e3efaf021 
[  194.043099] Call trace:
[  194.043643]  udp_send_skb.isra.0+0x150/0x368
[  194.044707]  udp_sendmsg+0x710/0x860
[  194.046361]  inet_sendmsg+0x40/0x68
[  194.047165]  __sys_sendto+0xd4/0x150
[  194.048051]  __arm64_sys_sendto+0x24/0x30
[  194.049653]  el0_svc_common.constprop.0+0x68/0x160
[  194.050064]  el0_svc_handler+0x20/0x80
[  194.050412]  el0_svc+0x8/0xc
[  194.053515] Code: d538d082 f940c800 91008000 8b020000 (c85f7c05) 
[  194.055667] ---[ end trace a2006081b461f022 ]---
[  194.062634] note: python3[496] exited with preempt_count 1
