[  192.554199] kernel BUG at arch/arm64/kernel/traps.c:405!
[  192.562836] Internal error: Oops - BUG: 0 [#1] PREEMPT SMP
[  192.564954] Modules linked in:
[  192.570122] CPU: 6 PID: 492 Comm: python3 Not tainted 5.4.18 #2
[  192.571248] Hardware name: linux,dummy-virt (DT)
[  192.575978] pstate: 00000005 (nzcv daif -PAN -UAO)
[  192.584483] pc : do_undefinstr+0x2ec/0x310
[  192.585292] lr : do_undefinstr+0x1e0/0x310
[  192.586107] sp : ffff800011d63890
[  192.587475] x29: ffff800011d63890 x28: ffff00007b287000 
[  192.591006] x27: ffff800011d63d80 x26: 0000000000000011 
[  192.591927] x25: 0000000000000012 x24: 0000000000000000 
[  192.592748] x23: 0000000060000005 x22: ffff800010b79150 
[  192.593656] x21: ffff800011d63a30 x20: ffff00007b287000 
[  192.594480] x19: ffff800011d638f0 x18: 0000000000000000 
[  192.595384] x17: 0000000000000000 x16: 0000000000000000 
[  192.596257] x15: 0000000000000001 x14: 0000000000000000 
[  192.597077] x13: 0000000000000006 x12: 00000000c0a80164 
[  192.598021] x11: 0000000000000000 x10: 0000000000000068 
[  192.598858] x9 : ffff00007b287000 x8 : ffff800011d63c30 
[  192.599730] x7 : 0000000083700000 x6 : ffff800011d638e8 
[  192.600551] x5 : 00000000d5300000 x4 : ffff8000117c51f0 
[  192.601434] x3 : 00000000d5b00000 x2 : 0000000000000000 
[  192.603100] x1 : ffff00007b287000 x0 : 0000000060000005 
[  192.606203] Call trace:
[  192.607109]  do_undefinstr+0x2ec/0x310
[  192.607813]  el1_undef+0x10/0x84
[  192.608394]  ip_output+0x10/0x1b0
[  192.609009]  ip_local_out+0x44/0x58
[  192.609586]  ip_send_skb+0x1c/0xa8
[  192.610158]  udp_send_skb.isra.0+0x11c/0x368
[  192.610976]  udp_sendmsg+0x710/0x860
[  192.611596]  inet_sendmsg+0x40/0x68
[  192.612188]  __sys_sendto+0xd4/0x150
[  192.612830]  __arm64_sys_sendto+0x24/0x30
[  192.613483]  el0_svc_common.constprop.0+0x68/0x160
[  192.614211]  el0_svc_handler+0x20/0x80
[  192.614890]  el0_svc+0x8/0xc
[  192.616779] Code: f9401bf7 17ffff7c a9025bf5 f9001bf7 (d4210000) 
[  192.622838] ---[ end trace f3a7f2754b2ac6f4 ]---
[  192.624641] note: python3[492] exited with preempt_count 1
[  192.752326] ------------[ cut here ]------------
[  192.754960] WARNING: CPU: 6 PID: 0 at kernel/rcu/tree.c:569 rcu_idle_enter+0x74/0x80
[  192.762422] Modules linked in:
[  192.765759] CPU: 6 PID: 0 Comm: swapper/6 Tainted: G      D           5.4.18 #2
[  192.775771] Hardware name: linux,dummy-virt (DT)
[  192.780430] pstate: 200003c5 (nzCv DAIF -PAN -UAO)
[  192.783892] pc : rcu_idle_enter+0x74/0x80
[  192.787077] lr : do_idle+0x200/0x288
[  192.791296] sp : ffff800011a73f20
[  192.791792] x29: ffff800011a73f20 x28: 0000000000000000 
[  192.802340] x27: 0000000000000000 x26: 0000000000000000 
[  192.811265] x25: 0000000000000000 x24: ffff8000117ba214 
[  192.824826] x23: ffff00007b0c6200 x22: ffff800011404ab8 
[  192.831893] x21: ffff8000117ba1f0 x20: 0000000000000006 
[  192.836128] x19: ffff8000117ba118 x18: 0000000000000010 
[  192.843497] x17: 0000000000000000 x16: 0000000000000000 
[  192.857209] x15: 0000000000000000 x14: 0000000000000000 
[  192.861059] x13: 0000000000000001 x12: 0000000000000001 
[  192.867714] x11: 0000000000000400 x10: 00000000000009c0 
[  192.874868] x9 : ffff800011a73e90 x8 : ffff00007b0c6c20 
[  192.887443] x7 : 0000000000000006 x6 : 0000010beae4fedd 
[  192.890670] x5 : 00ffffffffffffff x4 : ffff80006c7c5000 
[  192.892622] x3 : 4000000000000002 x2 : 4000000000000000 
[  192.903867] x1 : ffff800011406980 x0 : ffff00007dbcb980 
[  192.920233] Call trace:
[  192.926457]  rcu_idle_enter+0x74/0x80
[  192.930363]  do_idle+0x200/0x288
[  192.931914]  cpu_startup_entry+0x24/0x40
[  192.932198]  secondary_start_kernel+0x154/0x190
[  192.935495] ---[ end trace f3a7f2754b2ac6f5 ]---
