[  192.940288] Kernel panic - not syncing: stack-protector: Kernel stack is corrupted in: ip_output+0x1ac/0x1b0
[  192.950848] CPU: 3 PID: 492 Comm: python3 Not tainted 5.4.18 #2
[  192.952012] Hardware name: linux,dummy-virt (DT)
[  192.954369] Call trace:
[  192.955350]  dump_backtrace+0x0/0x140
[  192.957722]  show_stack+0x14/0x20
[  192.959767]  dump_stack+0xb4/0xf8
[  192.960540]  panic+0x158/0x324
[  192.961175]  __stack_chk_fail+0x1c/0x20
[  192.961830]  ip_output+0x1ac/0x1b0
[  192.962402]  ip_local_out+0x44/0x58
[  192.963026]  ip_send_skb+0x1c/0xa8
[  192.963662]  udp_send_skb.isra.0+0x11c/0x368
[  192.964542]  udp_sendmsg+0x710/0x860
[  192.965231]  inet_sendmsg+0x40/0x68
[  192.965854]  __sys_sendto+0xd4/0x150
[  192.966453]  __arm64_sys_sendto+0x24/0x30
[  192.967141]  el0_svc_common.constprop.0+0x68/0x160
[  192.967896]  el0_svc_handler+0x20/0x80
[  192.968516]  el0_svc+0x8/0xc
[  192.975424] SMP: stopping secondary CPUs
[  192.980838] Kernel Offset: disabled
[  192.982094] CPU features: 0x0002,20006000
[  192.982962] Memory Limit: none
[  192.993155] ---[ end Kernel panic - not syncing: stack-protector: Kernel stack is corrupted in: ip_output+0x1ac/0x1b0 ]---
