[  192.779022] kernel BUG at arch/arm64/kernel/traps.c:405!
[  192.787289] Internal error: Oops - BUG: 0 [#1] PREEMPT SMP
[  192.790207] Modules linked in:
[  192.798048] CPU: 5 PID: 496 Comm: python3 Not tainted 5.4.18 #2
[  192.799533] Hardware name: linux,dummy-virt (DT)
[  192.802869] pstate: 00000005 (nzcv daif -PAN -UAO)
[  192.810675] pc : do_undefinstr+0x2ec/0x310
[  192.811799] lr : do_undefinstr+0x1e0/0x310
[  192.812733] sp : ffff800011fab890
[  192.813940] x29: ffff800011fab890 x28: ffff00007a877000 
[  192.815443] x27: ffff800011fabd80 x26: 0000000000000011 
[  192.816814] x25: 0000000000000012 x24: 0000000000000000 
[  192.817834] x23: 0000000060000005 x22: ffff800010b7923c 
[  192.818855] x21: ffff800011faba30 x20: ffff00007a877000 
[  192.819857] x19: ffff800011fab8f0 x18: 0000000000000000 
[  192.821062] x17: 0000000000000000 x16: 0000000000000000 
[  192.823210] x15: 0000000000000001 x14: 0000000000000000 
[  192.825602] x13: 0000000000000006 x12: 000000000000003c 
[  192.826662] x11: ffff0000796be000 x10: 0000000000000000 
[  192.829086] x9 : ffff000075d5d540 x8 : 0000000000000028 
[  192.830174] x7 : ffff000074b54000 x6 : ffff800011fab8e8 
[  192.831281] x5 : 00000000d5300000 x4 : ffff8000117c51f0 
[  192.832392] x3 : 00000000e9400000 x2 : 0000000000000000 
[  192.833713] x1 : ffff00007a877000 x0 : 0000000060000005 
[  192.835769] Call trace:
[  192.836946]  do_undefinstr+0x2ec/0x310
[  192.838610]  el1_undef+0x10/0x84
[  192.839877]  ip_output+0xfc/0x1b0
[  192.840667]  ip_local_out+0x44/0x58
[  192.841695]  ip_send_skb+0x1c/0xa8
[  192.842435]  udp_send_skb.isra.0+0x11c/0x368
[  192.843258]  udp_sendmsg+0x710/0x860
[  192.843910]  inet_sendmsg+0x40/0x68
[  192.844599]  __sys_sendto+0xd4/0x150
[  192.845749]  __arm64_sys_sendto+0x24/0x30
[  192.846851]  el0_svc_common.constprop.0+0x68/0x160
[  192.847699]  el0_svc_handler+0x20/0x80
[  192.848377]  el0_svc+0x8/0xc
[  192.851831] Code: f9401bf7 17ffff7c a9025bf5 f9001bf7 (d4210000) 
[  192.857743] ---[ end trace 710a418b24428282 ]---
[  192.859838] note: python3[496] exited with preempt_count 1
[  193.016397] ------------[ cut here ]------------
[  193.023788] WARNING: CPU: 5 PID: 0 at kernel/rcu/tree.c:569 rcu_idle_enter+0x74/0x80
[  193.039872] Modules linked in:
[  193.044749] CPU: 5 PID: 0 Comm: swapper/5 Tainted: G      D           5.4.18 #2
[  193.055619] Hardware name: linux,dummy-virt (DT)
[  193.061304] pstate: 20000085 (nzCv daIf -PAN -UAO)
[  193.061832] pc : rcu_idle_enter+0x74/0x80
[  193.062332] lr : do_idle+0x200/0x288
[  193.063010] sp : ffff800011a6bf20
[  193.063606] x29: ffff800011a6bf20 x28: 0000000000000000 
[  193.064522] x27: 0000000000000000 x26: 0000000000000000 
[  193.071661] x25: 0000000000000000 x24: ffff8000117ba214 
[  193.071981] x23: ffff00007b0c5400 x22: ffff800011404ab8 
[  193.072520] x21: ffff8000117ba1f0 x20: 0000000000000005 
[  193.073412] x19: ffff8000117ba118 x18: 0000000000000010 
[  193.073921] x17: 0000000000000000 x16: 0000000000000000 
[  193.074638] x15: 0000000000000069 x14: 0000000000000000 
[  193.075545] x13: 0000000000000002 x12: 0000000000000069 
[  193.077729] x11: 0000000000000001 x10: 00000000000009c0 
[  193.078659] x9 : ffff800011a6be90 x8 : ffff00007b0c5e20 
[  193.081550] x7 : 0000000000000388 x6 : 000000f9d9a635c2 
[  193.082244] x5 : ffff00007dbb1d70 x4 : ffff800011eb3848 
[  193.085421] x3 : 4000000000000002 x2 : 4000000000000000 
[  193.086202] x1 : ffff800011406980 x0 : ffff00007dbb5980 
[  193.086998] Call trace:
[  193.087534]  rcu_idle_enter+0x74/0x80
[  193.092030]  do_idle+0x200/0x288
[  193.094716]  cpu_startup_entry+0x20/0x40
[  193.095356]  secondary_start_kernel+0x154/0x190
[  193.095838] ---[ end trace 710a418b24428283 ]---
