[  192.436209] Unable to handle kernel paging request at virtual address ffff80006c757020
[  192.439267] Mem abort info:
[  192.439958]   ESR = 0x96000005
[  192.440956]   EC = 0x25: DABT (current EL), IL = 32 bits
[  192.443286]   SET = 0, FnV = 0
[  192.446189]   EA = 0, S1PTW = 0
[  192.448249] Data abort info:
[  192.453532]   ISV = 0, ISS = 0x00000005
[  192.455574]   CM = 0, WnR = 0
[  192.458470] swapper pgtable: 4k pages, 48-bit VAs, pgdp=00000000412a6000
[  192.467843] [ffff80006c757020] pgd=00000000bdfff003, pud=0000000000000000
[  192.481680] Internal error: Oops: 96000005 [#1] PREEMPT SMP
[  192.483915] Modules linked in:
[  192.490130] CPU: 1 PID: 493 Comm: python3 Not tainted 5.4.18 #2
[  192.495036] Hardware name: linux,dummy-virt (DT)
[  192.495635] pstate: 80000005 (Nzcv daif -PAN -UAO)
[  192.499011] pc : udp_send_skb.isra.0+0x150/0x368
[  192.501051] lr : udp_send_skb.isra.0+0x11c/0x368
[  192.501405] sp : ffff800011f53b20
[  192.501643] x29: ffff800011f53b20 x28: 000000000000001a 
[  192.502050] x27: ffff800011f53d80 x26: 0000000000000011 
[  192.502355] x25: 0000000000000012 x24: ffff000073cef624 
[  192.502654] x23: ffff800011f53c30 x22: ffff000079695870 
[  192.505347] x21: 0000000000000011 x20: 000000000000001a 
[  192.507222] x19: ffff0000782c0100 x18: 0000000000000000 
[  192.508927] x17: 0000000000000000 x16: 0000000000000000 
[  192.514360] x15: 0000000000000001 x14: 0000000000000000 
[  192.516913] x13: 0000000000000006 x12: 000000000000003c 
[  192.520447] x11: ffff00007a901000 x10: 0000000000000000 
[  192.523356] x9 : ffff000075811540 x8 : 0000000000000028 
[  192.524004] x7 : ffff00007a816000 x6 : 0000000022100000 
[  192.524971] x5 : 0000000000000000 x4 : ffff00007a816000 
[  192.526475] x3 : 0000000000000001 x2 : ffff80006c757000 
[  192.527834] x1 : ffff000079695400 x0 : ffff80006c757020 
[  192.529462] Call trace:
[  192.532222]  udp_send_skb.isra.0+0x150/0x368
[  192.533482]  udp_sendmsg+0x710/0x860
[  192.534427]  inet_sendmsg+0x40/0x68
[  192.534948]  __sys_sendto+0xd4/0x150
[  192.535263]  __arm64_sys_sendto+0x24/0x30
[  192.535589]  el0_svc_common.constprop.0+0x68/0x160
[  192.535933]  el0_svc_handler+0x20/0x80
[  192.536221]  el0_svc+0x8/0xc
[  192.537859] Code: d538d082 f940c800 91008000 8b020000 (c85f7c05) 
[  192.539813] ---[ end trace 4f901a4582a3b95d ]---
[  192.541295] note: python3[493] exited with preempt_count 1
