[  193.200205] Unable to handle kernel paging request at virtual address 0000004500085664
[  193.203175] Mem abort info:
[  193.204928]   ESR = 0x96000005
[  193.205665]   EC = 0x25: DABT (current EL), IL = 32 bits
[  193.206441]   SET = 0, FnV = 0
[  193.206870]   EA = 0, S1PTW = 0
[  193.207506] Data abort info:
[  193.211903]   ISV = 0, ISS = 0x00000005
[  193.214418]   CM = 0, WnR = 0
[  193.219272] user pgtable: 4k pages, 48-bit VAs, pgdp=00000000b83c8000
[  193.233673] [0000004500085664] pgd=00000000b0d97003, pud=0000000000000000
[  193.247394] Internal error: Oops: 96000005 [#1] PREEMPT SMP
[  193.258134] Modules linked in:
[  193.266450] CPU: 4 PID: 495 Comm: python3 Not tainted 5.4.18 #2
[  193.270582] Hardware name: linux,dummy-virt (DT)
[  193.276835] pstate: 80000005 (Nzcv daif -PAN -UAO)
[  193.278901] pc : netdev_core_pick_tx+0x54/0xf8
[  193.283298] lr : __dev_queue_xmit+0x26c/0x7f0
[  193.291813] sp : ffff800011e338c0
[  193.292613] x29: ffff800011e338c0 x28: 000000000000001a 
[  193.293992] x27: ffff00007a896e28 x26: 0000000000000011 
[  193.294372] x25: ffff0000797ebac8 x24: 0000000000000010 
[  193.306721] x23: 0000000000000000 x22: ffff000073dd8e00 
[  193.310286] x21: ffff0000782bb6c0 x20: ffff00007a896e00 
[  193.321966] x19: ffff0000782bb624 x18: 0000000000000000 
[  193.335413] x17: 0000000000000000 x16: 0000000000000000 
[  193.338664] x15: 0000000000000001 x14: 0000000000000000 
[  193.346740] x13: 0000000000000006 x12: 00000000c0a80164 
[  193.350338] x11: 0000000000000000 x10: 0000000000000068 
[  193.354538] x9 : ffff000073dd8e00 x8 : ffff800011e33c30 
[  193.356592] x7 : 0000000000000003 x6 : 000000000a1fffab 
[  193.361309] x5 : ffff00007aac3d00 x4 : 000000000000001d 
[  193.362153] x3 : 0000000000000001 x2 : 0000000000000000 
[  193.362543] x1 : ffff00007a896e00 x0 : 2e00004500085634 
[  193.364167] Call trace:
[  193.364734]  netdev_core_pick_tx+0x54/0xf8
[  193.366672]  __dev_queue_xmit+0x26c/0x7f0
[  193.370067]  dev_queue_xmit+0x10/0x18
[  193.370299]  ip_finish_output2+0x31c/0x588
[  193.370825]  __ip_finish_output+0x1b0/0x1e0
[  193.373456]  ip_output+0xf4/0x1b0
[  193.374264]  ip_local_out+0x44/0x58
[  193.374542]  ip_send_skb+0x1c/0xa8
[  193.374812]  udp_send_skb.isra.0+0x11c/0x368
[  193.375128]  udp_sendmsg+0x710/0x860
[  193.375405]  inet_sendmsg+0x40/0x68
[  193.375707]  __sys_sendto+0xd4/0x150
[  193.377979]  __arm64_sys_sendto+0x24/0x30
[  193.378496]  el0_svc_common.constprop.0+0x68/0x160
[  193.378844]  el0_svc_handler+0x20/0x80
[  193.380824]  el0_svc+0x8/0xc
[  193.383722] Code: 7100041f 540002c0 f940f660 aa1403e1 (f9401803) 
[  193.387886] ---[ end trace a1ded56182152232 ]---
[  193.390605] Kernel panic - not syncing: Fatal exception in interrupt
[  193.394712] SMP: stopping secondary CPUs
[  193.398998] Kernel Offset: disabled
[  193.400140] CPU features: 0x0002,20006000
[  193.401499] Memory Limit: none
[  193.404478] ---[ end Kernel panic - not syncing: Fatal exception in interrupt ]---
