[  193.437592] kernel BUG at arch/arm64/kernel/traps.c:405!
[  193.440161] Internal error: Oops - BUG: 0 [#1] PREEMPT SMP
[  193.441375] Modules linked in:
[  193.443980] CPU: 3 PID: 493 Comm: python3 Not tainted 5.4.18 #2
[  193.444532] Hardware name: linux,dummy-virt (DT)
[  193.445678] pstate: 00000005 (nzcv daif -PAN -UAO)
[  193.448345] pc : do_undefinstr+0x2ec/0x310
[  193.448622] lr : do_undefinstr+0x1e0/0x310
[  193.448882] sp : ffff800011dbb890
[  193.449098] x29: ffff800011dbb890 x28: ffff00007815f000 
[  193.449989] x27: ffff800011dbbd80 x26: 0000000000000011 
[  193.450284] x25: 0000000000000012 x24: 0000000000000000 
[  193.450631] x23: 0000000060000005 x22: ffff800010b7921c 
[  193.450893] x21: ffff800011dbba30 x20: ffff00007815f000 
[  193.451114] x19: ffff800011dbb8f0 x18: 0000000000000000 
[  193.451315] x17: 0000000000000000 x16: 0000000000000000 
[  193.451518] x15: 0000000000000001 x14: 0000000000000000 
[  193.451705] x13: 0000000000000006 x12: 00000000c0a80164 
[  193.451887] x11: 0000000000000000 x10: 0000000000000068 
[  193.452087] x9 : ffff00007815f000 x8 : ffff800011dbbc30 
[  193.452270] x7 : 000000001ba00000 x6 : ffff800011dbb8e8 
[  193.452452] x5 : 00000000d5300000 x4 : ffff8000117c51f0 
[  193.452631] x3 : 000000007b000000 x2 : 0000000000000000 
[  193.452810] x1 : ffff00007815f000 x0 : 0000000060000005 
[  193.453248] Call trace:
[  193.453454]  do_undefinstr+0x2ec/0x310
[  193.453616]  el1_undef+0x10/0x84
[  193.453763]  ip_output+0xdc/0x1b0
[  193.453897]  ip_local_out+0x44/0x58
[  193.454025]  ip_send_skb+0x1c/0xa8
[  193.454155]  udp_send_skb.isra.0+0x11c/0x368
[  193.454301]  udp_sendmsg+0x710/0x860
[  193.454442]  inet_sendmsg+0x40/0x68
[  193.454613]  __sys_sendto+0xd4/0x150
[  193.454784]  __arm64_sys_sendto+0x24/0x30
[  193.454972]  el0_svc_common.constprop.0+0x68/0x160
[  193.455179]  el0_svc_handler+0x20/0x80
[  193.455358]  el0_svc+0x8/0xc
[  193.456063] Code: f9401bf7 17ffff7c a9025bf5 f9001bf7 (d4210000) 
[  193.457396] ---[ end trace d84c639d888054e6 ]---
[  193.458044] note: python3[493] exited with preempt_count 1
[  193.568662] ------------[ cut here ]------------
[  193.569906] WARNING: CPU: 3 PID: 0 at kernel/rcu/tree.c:569 rcu_idle_enter+0x74/0x80
[  193.572467] Modules linked in:
[  193.573195] CPU: 3 PID: 0 Comm: swapper/3 Tainted: G      D           5.4.18 #2
[  193.576894] Hardware name: linux,dummy-virt (DT)
[  193.581255] pstate: 200003c5 (nzCv DAIF -PAN -UAO)
[  193.582108] pc : rcu_idle_enter+0x74/0x80
[  193.585175] lr : do_idle+0x200/0x288
[  193.595851] sp : ffff800011a5bf20
[  193.597665] x29: ffff800011a5bf20 x28: 0000000000000000 
[  193.604775] x27: 0000000000000000 x26: 0000000000000000 
[  193.610803] x25: 0000000000000000 x24: ffff8000117ba214 
[  193.617148] x23: ffff00007b0c3800 x22: ffff800011404ab8 
[  193.625734] x21: ffff8000117ba1f0 x20: 0000000000000003 
[  193.633476] x19: ffff8000117ba118 x18: 0000000000000010 
[  193.637506] x17: 0000000000000000 x16: 0000000000000000 
[  193.641342] x15: 0000000000000000 x14: 0000000000000000 
[  193.644193] x13: 0000000000000001 x12: 0000000000000000 
[  193.647289] x11: 0000000000000400 x10: 00000000000009c0 
[  193.648756] x9 : ffff800011a5be90 x8 : ffff00007b0c4220 
[  193.650616] x7 : 0000000000000000 x6 : 0000043a49a3039c 
[  193.651790] x5 : 00ffffffffffffff x4 : ffff80006c783000 
[  193.652101] x3 : 4000000000000002 x2 : 4000000000000000 
[  193.652407] x1 : ffff800011406980 x0 : ffff00007db89980 
[  193.652761] Call trace:
[  193.653008]  rcu_idle_enter+0x74/0x80
[  193.654182]  do_idle+0x200/0x288
[  193.656189]  cpu_startup_entry+0x20/0x40
[  193.657254]  secondary_start_kernel+0x154/0x190
[  193.657849] ---[ end trace d84c639d888054e7 ]---
