[  193.189208] Kernel panic - not syncing: stack-protector: Kernel stack is corrupted in: ip_output+0x1ac/0x1b0
[  193.194644] CPU: 2 PID: 493 Comm: python3 Not tainted 5.4.18 #2
[  193.197193] Hardware name: linux,dummy-virt (DT)
[  193.200404] Call trace:
[  193.201360]  dump_backtrace+0x0/0x140
[  193.202496]  show_stack+0x14/0x20
[  193.203255]  dump_stack+0xb4/0xf8
[  193.204208]  panic+0x158/0x324
[  193.204843]  __stack_chk_fail+0x1c/0x20
[  193.205655]  ip_output+0x1ac/0x1b0
[  193.206320]  ip_local_out+0x44/0x58
[  193.206990]  ip_send_skb+0x1c/0xa8
[  193.207708]  udp_send_skb.isra.0+0x11c/0x368
[  193.208670]  udp_sendmsg+0x710/0x860
[  193.210926]  inet_sendmsg+0x40/0x68
[  193.212745]  __sys_sendto+0xd4/0x150
[  193.213396]  __arm64_sys_sendto+0x24/0x30
[  193.214096]  el0_svc_common.constprop.0+0x68/0x160
[  193.214817]  el0_svc_handler+0x20/0x80
[  193.215528]  el0_svc+0x8/0xc
[  193.222061] SMP: stopping secondary CPUs
[  193.227400] Kernel Offset: disabled
[  193.227936] CPU features: 0x0002,20006000
[  193.228374] Memory Limit: none
[  193.232541] ---[ end Kernel panic - not syncing: stack-protector: Kernel stack is corrupted in: ip_output+0x1ac/0x1b0 ]---
