[  193.569236] kernel BUG at arch/arm64/kernel/traps.c:405!
[  193.580541] Internal error: Oops - BUG: 0 [#1] PREEMPT SMP
[  193.581417] Modules linked in:
[  193.583286] CPU: 5 PID: 493 Comm: python3 Not tainted 5.4.18 #2
[  193.583675] Hardware name: linux,dummy-virt (DT)
[  193.584749] pstate: 00000005 (nzcv daif -PAN -UAO)
[  193.588464] pc : do_undefinstr+0x2ec/0x310
[  193.589081] lr : do_undefinstr+0x1e0/0x310
[  193.589554] sp : ffff800011f23890
[  193.589980] x29: ffff800011f23890 x28: ffff0000780bd400 
[  193.590720] x27: ffff800011f23d80 x26: 0000000000000011 
[  193.591135] x25: 0000000000000012 x24: 0000000000000000 
[  193.591677] x23: 0000000060000005 x22: ffff800010b791e0 
[  193.592092] x21: ffff800011f23a30 x20: ffff0000780bd400 
[  193.592470] x19: ffff800011f238f0 x18: 0000000000000000 
[  193.592848] x17: 0000000000000000 x16: 0000000000000000 
[  193.593233] x15: 0000000000000001 x14: 0000000000000000 
[  193.593607] x13: 0000000000000006 x12: 00000000c0a80164 
[  193.594277] x11: 0000000000000000 x10: 0000000000000068 
[  193.595346] x9 : ffff0000780bd400 x8 : ffff800011f23c30 
[  193.596137] x7 : 000000000c200000 x6 : ffff800011f238e8 
[  193.597025] x5 : 00000000d5300000 x4 : ffff8000117c51f0 
[  193.597894] x3 : 00000000d5200000 x2 : 0000000000000000 
[  193.598702] x1 : ffff0000780bd400 x0 : 0000000060000005 
[  193.600362] Call trace:
[  193.601891]  do_undefinstr+0x2ec/0x310
[  193.602606]  el1_undef+0x10/0x84
[  193.603234]  ip_output+0xa0/0x1b0
[  193.603806]  ip_local_out+0x44/0x58
[  193.604374]  ip_send_skb+0x1c/0xa8
[  193.604934]  udp_send_skb.isra.0+0x11c/0x368
[  193.605644]  udp_sendmsg+0x710/0x860
[  193.606245]  inet_sendmsg+0x40/0x68
[  193.606827]  __sys_sendto+0xd4/0x150
[  193.607477]  __arm64_sys_sendto+0x24/0x30
[  193.608125]  el0_svc_common.constprop.0+0x68/0x160
[  193.609903]  el0_svc_handler+0x20/0x80
[  193.610937]  el0_svc+0x8/0xc
[  193.612930] Code: f9401bf7 17ffff7c a9025bf5 f9001bf7 (d4210000) 
[  193.616478] ---[ end trace 26f71c41c1adffb6 ]---
[  193.618196] note: python3[493] exited with preempt_count 2
[  193.681595] ------------[ cut here ]------------
[  193.682048] WARNING: CPU: 5 PID: 0 at kernel/rcu/tree.c:569 rcu_idle_enter+0x74/0x80
[  193.682597] Modules linked in:
[  193.683021] CPU: 5 PID: 0 Comm: swapper/5 Tainted: G      D           5.4.18 #2
[  193.683387] Hardware name: linux,dummy-virt (DT)
[  193.685638] pstate: 200003c5 (nzCv DAIF -PAN -UAO)
[  193.686207] pc : rcu_idle_enter+0x74/0x80
[  193.687004] lr : do_idle+0x200/0x288
[  193.687145] sp : ffff800011a6bf20
[  193.687300] x29: ffff800011a6bf20 x28: 0000000000000000 
[  193.688104] x27: 0000000000000000 x26: 0000000000000000 
[  193.690957] x25: 0000000000000000 x24: ffff8000117ba214 
[  193.691308] x23: ffff00007b0c5400 x22: ffff800011404ab8 
[  193.691697] x21: ffff8000117ba1f0 x20: 0000000000000005 
[  193.692082] x19: ffff8000117ba118 x18: 0000000000000010 
[  193.693049] x17: 0000000000000000 x16: 0000000000000000 
[  193.695908] x15: ffff0000780bd870 x14: 0000000000000001 
[  193.697746] x13: 0000000000000001 x12: 0000000000000000 
[  193.697940] x11: 0000000000000400 x10: 00000000000009c0 
[  193.698123] x9 : ffff800011a6be90 x8 : ffff00007b0c5e20 
[  193.698304] x7 : 0000000000000005 x6 : 000001d8c197f02a 
[  193.698483] x5 : 00ffffffffffffff x4 : ffff80006c7af000 
[  193.698663] x3 : 4000000000000002 x2 : 4000000000000000 
[  193.699508] x1 : ffff800011406980 x0 : ffff00007dbb5980 
[  193.700728] Call trace:
[  193.701054]  rcu_idle_enter+0x74/0x80
[  193.701351]  do_idle+0x200/0x288
[  193.701585]  cpu_startup_entry+0x20/0x40
[  193.701902]  secondary_start_kernel+0x154/0x190
[  193.702442] ---[ end trace 26f71c41c1adffb7 ]---
