[  194.450059] Unable to handle kernel paging request at virtual address ffff80006c7c5000
[  194.452581] Mem abort info:
[  194.453546]   ESR = 0x96000005
[  194.458274]   EC = 0x25: DABT (current EL), IL = 32 bits
[  194.464073]   SET = 0, FnV = 0
[  194.466103]   EA = 0, S1PTW = 0
[  194.468281] Data abort info:
[  194.471027]   ISV = 0, ISS = 0x00000005
[  194.477438]   CM = 0, WnR = 0
[  194.486160] swapper pgtable: 4k pages, 48-bit VAs, pgdp=00000000412a6000
[  194.495652] [ffff80006c7c5000] pgd=00000000bdfff003, pud=0000000000000000
[  194.506281] Internal error: Oops: 96000005 [#1] PREEMPT SMP
[  194.511903] Modules linked in:
[  194.515708] CPU: 6 PID: 495 Comm: python3 Not tainted 5.4.18 #2
[  194.516900] Hardware name: linux,dummy-virt (DT)
[  194.518879] pstate: 60000005 (nZCv daif -PAN -UAO)
[  194.522444] pc : ip_output+0xa8/0x1b0
[  194.524805] lr : ip_local_out+0x44/0x58
[  194.538518] sp : ffff800011f9ba30
[  194.543173] x29: ffff800011f9ba30 x28: 000000000000001a 
[  194.548983] x27: ffff800011f9bd80 x26: 0000000000000011 
[  194.557620] x25: 0000000000000012 x24: ffff000079918000 
[  194.560838] x23: ffff00007b3c4c80 x22: ffff00007abd4600 
[  194.569222] x21: ffff800011963ac0 x20: ffff00007a9eb200 
[  194.576056] x19: ffff80001140c380 x18: 0000000000000000 
[  194.582083] x17: 0000000000000000 x16: 0000000000000000 
[  194.589819] x15: 0000000000000001 x14: 0000000000000000 
[  194.597341] x13: 0000000000000006 x12: 00000000c0a80164 
[  194.600370] x11: 0000000000000000 x10: 0000000000000068 
[  194.601746] x9 : ffff00007abd4600 x8 : ffff800011f9bc30 
[  194.603742] x7 : 0000000058c00000 x6 : 000000000000fad4 
[  194.607993] x5 : 0000000000000031 x4 : 000000000000002e 
[  194.610175] x3 : ffff80001140c3b0 x2 : ffff00007abd4600 
[  194.612072] x1 : 0000000000000000 x0 : ffff80006c7c5000 
[  194.614884] Call trace:
[  194.615278]  ip_output+0xa8/0x1b0
[  194.615652]  ip_local_out+0x44/0x58
[  194.615878]  ip_send_skb+0x1c/0xa8
[  194.616451]  udp_send_skb.isra.0+0x11c/0x368
[  194.616958]  udp_sendmsg+0x710/0x860
[  194.617472]  inet_sendmsg+0x40/0x68
[  194.617726]  __sys_sendto+0xd4/0x150
[  194.620978]  __arm64_sys_sendto+0x24/0x30
[  194.622071]  el0_svc_common.constprop.0+0x68/0x160
[  194.625596]  el0_svc_handler+0x20/0x80
[  194.626725]  el0_svc+0x8/0xc
[  194.631052] Code: 9100c263 b9407284 d538d080 8b000160 (c85f7c05) 
[  194.633713] ---[ end trace 3535699d37a4aaf4 ]---
[  194.651938] note: python3[495] exited with preempt_count 1
