[  194.049038] kernel BUG at arch/arm64/kernel/traps.c:405!
[  194.063207] Internal error: Oops - BUG: 0 [#1] PREEMPT SMP
[  194.067554] Modules linked in:
[  194.075462] CPU: 6 PID: 494 Comm: python3 Not tainted 5.4.18 #2
[  194.076887] Hardware name: linux,dummy-virt (DT)
[  194.079457] pstate: 00000005 (nzcv daif -PAN -UAO)
[  194.089042] pc : do_undefinstr+0x2ec/0x310
[  194.090183] lr : do_undefinstr+0x1e0/0x310
[  194.091111] sp : ffff800011f03890
[  194.091961] x29: ffff800011f03890 x28: ffff0000795ed400 
[  194.093297] x27: ffff800011f03d80 x26: 0000000000000011 
[  194.094466] x25: 0000000000000012 x24: 0000000000000000 
[  194.095516] x23: 0000000060000005 x22: ffff800010b791e0 
[  194.097420] x21: ffff800011f03a30 x20: ffff0000795ed400 
[  194.099011] x19: ffff800011f038f0 x18: 0000000000000000 
[  194.099883] x17: 0000000000000000 x16: 0000000000000000 
[  194.100500] x15: 0000000000000001 x14: 0000000000000000 
[  194.101224] x13: 0000000000000006 x12: 00000000c0a80164 
[  194.102428] x11: 0000000000000000 x10: 0000000000000068 
[  194.103442] x9 : ffff0000795ed400 x8 : ffff800011f03c30 
[  194.104725] x7 : 0000000066500000 x6 : 000000000000001f 
[  194.105726] x5 : 0000000000000000 x4 : ffff8000117c51f0 
[  194.106790] x3 : 0000000000000005 x2 : 0000000000000000 
[  194.107739] x1 : ffff0000795ed400 x0 : 0000000060000005 
[  194.109706] Call trace:
[  194.110882]  do_undefinstr+0x2ec/0x310
[  194.111706]  el1_undef+0x10/0x84
[  194.114398]  ip_output+0xa0/0x1b0
[  194.115694]  ip_local_out+0x44/0x58
[  194.116330]  ip_send_skb+0x1c/0xa8
[  194.116921]  udp_send_skb.isra.0+0x11c/0x368
[  194.117545]  udp_sendmsg+0x710/0x860
[  194.118146]  inet_sendmsg+0x40/0x68
[  194.118777]  __sys_sendto+0xd4/0x150
[  194.119515]  __arm64_sys_sendto+0x24/0x30
[  194.120864]  el0_svc_common.constprop.0+0x68/0x160
[  194.121482]  el0_svc_handler+0x20/0x80
[  194.121969]  el0_svc+0x8/0xc
[  194.123197] Code: f9401bf7 17ffff7c a9025bf5 f9001bf7 (d4210000) 
[  194.125780] ---[ end trace 492382a6a342238f ]---
[  194.128714] note: python3[494] exited with preempt_count 2
[  194.212501] ------------[ cut here ]------------
[  194.214274] WARNING: CPU: 6 PID: 0 at kernel/rcu/tree.c:569 rcu_idle_enter+0x74/0x80
[  194.219782] Modules linked in:
[  194.221946] CPU: 6 PID: 0 Comm: swapper/6 Tainted: G      D           5.4.18 #2
[  194.222381] Hardware name: linux,dummy-virt (DT)
[  194.222708] pstate: 200003c5 (nzCv DAIF -PAN -UAO)
[  194.222979] pc : rcu_idle_enter+0x74/0x80
[  194.223217] lr : do_idle+0x200/0x288
[  194.224520] sp : ffff800011a73f20
[  194.224891] x29: ffff800011a73f20 x28: 0000000000000000 
[  194.225899] x27: 0000000000000000 x26: 0000000000000000 
[  194.226448] x25: 0000000000000000 x24: ffff8000117ba214 
[  194.229614] x23: ffff00007b0c6200 x22: ffff800011404ab8 
[  194.230060] x21: ffff8000117ba1f0 x20: 0000000000000006 
[  194.232011] x19: ffff8000117ba118 x18: 0000000000000010 
[  194.232656] x17: 0000000000000000 x16: 0000000000000000 
[  194.233530] x15: 0000000000000001 x14: 0000000000000000 
[  194.234029] x13: 0000000000000002 x12: 0000000000000001 
[  194.234457] x11: 0000000000000001 x10: 00000000000009c0 
[  194.236050] x9 : ffff800011a73e90 x8 : ffff00007b0c6c20 
[  194.236398] x7 : 00000000000003fb x6 : 000001ca17a5aa9c 
[  194.236631] x5 : 00ffffffffffffff x4 : ffff80006c7c5000 
[  194.236809] x3 : 4000000000000002 x2 : 4000000000000000 
[  194.237571] x1 : ffff800011406980 x0 : ffff00007dbcb980 
[  194.238786] Call trace:
[  194.239118]  rcu_idle_enter+0x74/0x80
[  194.239398]  do_idle+0x200/0x288
[  194.239637]  cpu_startup_entry+0x24/0x40
[  194.241491]  secondary_start_kernel+0x154/0x190
[  194.242048] ---[ end trace 492382a6a3422390 ]---
