[  193.377348] Unable to handle kernel paging request at virtual address ffff8000159895b0
[  193.386090] Mem abort info:
[  193.388271]   ESR = 0x86000006
[  193.389254]   EC = 0x21: IABT (current EL), IL = 32 bits
[  193.393471]   SET = 0, FnV = 0
[  193.396273]   EA = 0, S1PTW = 0
[  193.400767] swapper pgtable: 4k pages, 48-bit VAs, pgdp=00000000412a6000
[  193.410296] [ffff8000159895b0] pgd=00000000bdfff003, pud=00000000bdffe003, pmd=0000000000000000
[  193.431012] Internal error: Oops: 86000006 [#1] PREEMPT SMP
[  193.435676] Modules linked in:
[  193.440041] CPU: 4 PID: 496 Comm: python3 Not tainted 5.4.18 #2
[  193.445058] Hardware name: linux,dummy-virt (DT)
[  193.451690] pstate: 60000005 (nZCv daif -PAN -UAO)
[  193.463003] pc : 0xffff8000159895b0
[  193.468343] lr : ip_output+0x1c/0x1b0
[  193.469307] sp : ffff800011d7ba30
[  193.471999] x29: ffff800011d7ba30 x28: 000000000000001a 
[  193.475472] x27: ffff800011d7bd80 x26: 0000000000000011 
[  193.478651] x25: 0000000000000012 x24: ffff00007a872c24 
[  193.482684] x23: ffff800011d7bc30 x22: ffff00007b2caa80 
[  193.488390] x21: ffff00007b2caa80 x20: ffff0000782d0400 
[  193.491797] x19: ffff0000782d0400 x18: 0000000000000000 
[  193.494750] x17: 0000000000000000 x16: 0000000000000000 
[  193.495015] x15: 0000000000000001 x14: 0000000000000000 
[  193.495313] x13: 0000000000000006 x12: 00000000c0a80164 
[  193.496668] x11: 0000000000000000 x10: 0000000000000068 
[  193.497067] x9 : ffff000076e4c600 x8 : ffff800011d7bc30 
[  193.499787] x7 : 00000000df500000 x6 : 000000000000baae 
[  193.501131] x5 : ffff00007a872c24 x4 : ffff00007a872c24 
[  193.508903] x3 : ffff800010b79140 x2 : ffff000076e4c600 
[  193.514517] x1 : ffff00007b2caa80 x0 : ffff800011963ac0 
[  193.518121] Call trace:
[  193.521515]  0xffff8000159895b0
[  193.525959]  ip_local_out+0x44/0x58
[  193.528206]  ip_send_skb+0x1c/0xa8
[  193.531391]  udp_send_skb.isra.0+0x11c/0x368
[  193.534704]  udp_sendmsg+0x710/0x860
[  193.536889]  inet_sendmsg+0x40/0x68
[  193.541801]  __sys_sendto+0xd4/0x150
[  193.545099]  __arm64_sys_sendto+0x24/0x30
[  193.546005]  el0_svc_common.constprop.0+0x68/0x160
[  193.551856]  el0_svc_handler+0x20/0x80
[  193.558822]  el0_svc+0x8/0xc
[  193.566482] Code: bad PC value
[  193.573451] ---[ end trace ef4b60866f352e4e ]---
