[  193.667207] Unable to handle kernel paging request at virtual address 0000000000003fc9
[  193.672710] Mem abort info:
[  193.673067]   ESR = 0x96000006
[  193.673479]   EC = 0x25: DABT (current EL), IL = 32 bits
[  193.673891]   SET = 0, FnV = 0
[  193.675515]   EA = 0, S1PTW = 0
[  193.677205] Data abort info:
[  193.679100]   ISV = 0, ISS = 0x00000006
[  193.680401]   CM = 0, WnR = 0
[  193.682965] user pgtable: 4k pages, 48-bit VAs, pgdp=00000000b838e000
[  193.684861] [0000000000003fc9] pgd=00000000ba94f003, pud=00000000b2b03003, pmd=0000000000000000
[  193.694423] Internal error: Oops: 96000006 [#1] PREEMPT SMP
[  193.698057] Modules linked in:
[  193.703472] CPU: 3 PID: 492 Comm: python3 Not tainted 5.4.18 #2
[  193.705230] Hardware name: linux,dummy-virt (DT)
[  193.710803] pstate: 20000085 (nzCv daIf -PAN -UAO)
[  193.716636] pc : cpuacct_charge+0x2c/0x88
[  193.717498] lr : update_curr+0x88/0x110
[  193.718191] sp : ffff800011f63be0
[  193.718851] x29: ffff800011f63be0 x28: ffff80001016e788 
[  193.719893] x27: ffff00007db85840 x26: 0000000000000002 
[  193.721496] x25: 0000000000000001 x24: ffff8000117d1258 
[  193.722607] x23: ffff00007db88d40 x22: ffff000075f5e200 
[  193.724166] x21: ffff000075f5e200 x20: 0000000000052190 
[  193.724860] x19: 0000000000000001 x18: 0000000000000000 
[  193.725569] x17: 0000000000000000 x16: 0000000000000000 
[  193.726241] x15: 0000000000000000 x14: 0000000000000006 
[  193.726848] x13: 0000000000000000 x12: 000000000000006c 
[  193.727561] x11: 0000000000000000 x10: 0000000000000000 
[  193.728712] x9 : 0000000000000002 x8 : ffff00007db88d40 
[  193.729295] x7 : ffff00007db89800 x6 : ffff000078292a00 
[  193.729836] x5 : 0000000000000000 x4 : 0000000000000001 
[  193.730371] x3 : 0000000000052190 x2 : 000000000b9271d0 
[  193.731089] x1 : 0000000000003ec0 x0 : 0000000000003ec1 
[  193.732276] Call trace:
[  193.733959] Code: d287d801 f9401000 8b010000 b4000080 (f9408400) 
[  193.738333] ---[ end trace 435c8069c6b6c6e7 ]---
[  193.740079] Kernel panic - not syncing: Fatal exception in interrupt
[  193.740817] SMP: stopping secondary CPUs
[  193.742447] Kernel Offset: disabled
[  193.742857] CPU features: 0x0002,20006000
[  193.743165] Memory Limit: none
[  193.744464] ---[ end Kernel panic - not syncing: Fatal exception in interrupt ]---
