[  191.995473] Unable to handle kernel NULL pointer dereference at virtual address 0000000000000000
[  192.015642] Mem abort info:
[  192.024525]   ESR = 0x96000006
[  192.026883]   EC = 0x25: DABT (current EL), IL = 32 bits
[  192.028162]   SET = 0, FnV = 0
[  192.031377]   EA = 0, S1PTW = 0
[  192.032243] Data abort info:
[  192.034971]   ISV = 0, ISS = 0x00000006
[  192.036130]   CM = 0, WnR = 0
[  192.039688] user pgtable: 4k pages, 48-bit VAs, pgdp=00000000b266b000
[  192.045452] [0000000000000000] pgd=00000000b5881003, pud=00000000b5883003, pmd=0000000000000000
[  192.079061] Internal error: Oops: 96000006 [#1] PREEMPT SMP
[  192.080774] Modules linked in:
[  192.081923] CPU: 3 PID: 491 Comm: python3 Not tainted 5.4.18 #2
[  192.082161] Hardware name: linux,dummy-virt (DT)
[  192.082729] pstate: 60000005 (nZCv daif -PAN -UAO)
[  192.088365] pc : ip_output+0x48/0x1b0
[  192.089569] lr : ip_local_out+0x44/0x58
[  192.090312] sp : ffff800011e5ba30
[  192.091413] x29: ffff800011e5ba30 x28: 000000000000001a 
[  192.092562] x27: ffff800011e5bd80 x26: 0000000000000011 
[  192.092752] x25: 0000000000000012 x24: ffff0000781da824 
[  192.092935] x23: ffff00007b30b740 x22: ffff00007a883800 
[  192.093560] x21: ffff800011963ac0 x20: ffff00007807cb00 
[  192.094467] x19: ffff80001140c380 x18: 0000000000000000 
[  192.096134] x17: 0000000000000000 x16: 0000000000000000 
[  192.097303] x15: 0000000000000001 x14: 0000000000000000 
[  192.098131] x13: 0000000000000006 x12: 00000000c0a80164 
[  192.099532] x11: 0000000000000000 x10: 0000000000000068 
[  192.100422] x9 : ffff00007a883800 x8 : ffff800011e5bc30 
[  192.101957] x7 : 00000000a6700000 x6 : 00000000000044dd 
[  192.102894] x5 : ffff0000781da824 x4 : ffff0000781da824 
[  192.103985] x3 : 0000000000000000 x2 : ffff00007a883800 
[  192.105725] x1 : ffff00007b30b740 x0 : 0000000000000001 
[  192.109136] Call trace:
[  192.109929]  ip_output+0x48/0x1b0
[  192.110842]  ip_local_out+0x44/0x58
[  192.111295]  ip_send_skb+0x1c/0xa8
[  192.111704]  udp_send_skb.isra.0+0x11c/0x368
[  192.112232]  udp_sendmsg+0x710/0x860
[  192.113040]  inet_sendmsg+0x40/0x68
[  192.114340]  __sys_sendto+0xd4/0x150
[  192.115329]  __arm64_sys_sendto+0x24/0x30
[  192.116004]  el0_svc_common.constprop.0+0x68/0x160
[  192.117070]  el0_svc_handler+0x20/0x80
[  192.118779]  el0_svc+0x8/0xc
[  192.121801] Code: b9401040 927ff863 11000400 f940c2b3 (f9400078) 
[  192.132320] ---[ end trace ab58cde91e97c2b5 ]---
