[  193.897308] kernel BUG at arch/arm64/kernel/traps.c:405!
[  193.898515] Internal error: Oops - BUG: 0 [#1] PREEMPT SMP
[  193.899278] Modules linked in:
[  193.900399] CPU: 5 PID: 495 Comm: python3 Not tainted 5.4.18 #2
[  193.900895] Hardware name: linux,dummy-virt (DT)
[  193.901783] pstate: 00000005 (nzcv daif -PAN -UAO)
[  193.902345] pc : do_undefinstr+0x2ec/0x310
[  193.902689] lr : do_undefinstr+0x1e0/0x310
[  193.903032] sp : ffff800011f7b890
[  193.903366] x29: ffff800011f7b890 x28: ffff00007a42aa00 
[  193.904389] x27: ffff800011f7bd80 x26: 0000000000000011 
[  193.905121] x25: 0000000000000012 x24: 0000000000000000 
[  193.905841] x23: 0000000060000005 x22: ffff800010b79250 
[  193.906610] x21: ffff800011f7ba30 x20: ffff00007a42aa00 
[  193.907280] x19: ffff800011f7b8f0 x18: 0000000000000000 
[  193.907975] x17: 0000000000000000 x16: 0000000000000000 
[  193.908629] x15: 0000000000000001 x14: 0000000000000000 
[  193.909263] x13: 0000000000000006 x12: 000000000000003c 
[  193.909887] x11: ffff000078380000 x10: 0000000000000000 
[  193.910546] x9 : ffff00007abc0540 x8 : 0000000000000028 
[  193.911144] x7 : ffff0000716c4000 x6 : ffff800011f7b8e8 
[  193.911723] x5 : 00000000d5300000 x4 : ffff8000117c51f0 
[  193.912336] x3 : 00000000a1400000 x2 : 0000000000000000 
[  193.912904] x1 : ffff00007a42aa00 x0 : 0000000060000005 
[  193.913979] Call trace:
[  193.914470]  do_undefinstr+0x2ec/0x310
[  193.914905]  el1_undef+0x10/0x84
[  193.915259]  ip_output+0x110/0x1b0
[  193.915718]  ip_local_out+0x44/0x58
[  193.916363]  ip_send_skb+0x1c/0xa8
[  193.916765]  udp_send_skb.isra.0+0x11c/0x368
[  193.917158]  udp_sendmsg+0x710/0x860
[  193.917500]  inet_sendmsg+0x40/0x68
[  193.917978]  __sys_sendto+0xd4/0x150
[  193.918319]  __arm64_sys_sendto+0x24/0x30
[  193.918704]  el0_svc_common.constprop.0+0x68/0x160
[  193.919142]  el0_svc_handler+0x20/0x80
[  193.919516]  el0_svc+0x8/0xc
[  193.920756] Code: f9401bf7 17ffff7c a9025bf5 f9001bf7 (d4210000) 
[  193.923760] ---[ end trace 907ead5428a3568f ]---
[  193.925910] note: python3[495] exited with preempt_count 1
[  193.982391] ------------[ cut here ]------------
[  193.983492] WARNING: CPU: 5 PID: 0 at kernel/rcu/tree.c:569 rcu_idle_enter+0x74/0x80
[  193.986669] Modules linked in:
[  193.987926] CPU: 5 PID: 0 Comm: swapper/5 Tainted: G      D           5.4.18 #2
[  193.988533] Hardware name: linux,dummy-virt (DT)
[  193.990538] pstate: 200003c5 (nzCv DAIF -PAN -UAO)
[  193.990938] pc : rcu_idle_enter+0x74/0x80
[  193.991163] lr : do_idle+0x200/0x288
[  193.991294] sp : ffff800011a6bf20
[  193.991439] x29: ffff800011a6bf20 x28: 0000000000000000 
[  193.991793] x27: 0000000000000000 x26: 0000000000000000 
[  193.992054] x25: 0000000000000000 x24: ffff8000117ba214 
[  193.992304] x23: ffff00007b0c5400 x22: ffff800011404ab8 
[  193.992834] x21: ffff8000117ba1f0 x20: 0000000000000005 
[  193.993507] x19: ffff8000117ba118 x18: 0000000000000010 
[  193.994109] x17: 0000000000000000 x16: 0000000000000000 
[  193.995054] x15: 0000000000000217 x14: 0000000000000000 
[  193.996173] x13: 0000000000000002 x12: 0000000000000217 
[  194.002839] x11: 0000000000000001 x10: 00000000000009c0 
[  194.003075] x9 : ffff800011a6be90 x8 : ffff00007b0c5e20 
[  194.003745] x7 : 00000000000003c0 x6 : 000000b7d2f7b6b7 
[  194.004539] x5 : 00ffffffffffffff x4 : ffff80006c7af000 
[  194.011234] x3 : 4000000000000002 x2 : 4000000000000000 
[  194.012928] x1 : ffff800011406980 x0 : ffff00007dbb5980 
[  194.017118] Call trace:
[  194.019298]  rcu_idle_enter+0x74/0x80
[  194.019517]  do_idle+0x200/0x288
[  194.019747]  cpu_startup_entry+0x24/0x40
[  194.020111]  secondary_start_kernel+0x154/0x190
[  194.020497] ---[ end trace 907ead5428a35690 ]---
