[  204.515813] Unable to handle kernel paging request at virtual address 90812102daf0617c
[  204.523256] Mem abort info:
[  204.524270]   ESR = 0x96000004
[  204.525394]   EC = 0x25: DABT (current EL), IL = 32 bits
[  204.529237]   SET = 0, FnV = 0
[  204.532644]   EA = 0, S1PTW = 0
[  204.533318] Data abort info:
[  204.536812]   ISV = 0, ISS = 0x00000004
[  204.537564]   CM = 0, WnR = 0
[  204.544377] [90812102daf0617c] address between user and kernel address ranges
[  204.546967] Internal error: Oops: 96000004 [#1] PREEMPT SMP
[  204.556351] Modules linked in:
[  204.563264] CPU: 0 PID: 492 Comm: python3 Not tainted 5.4.18 #2
[  204.563578] Hardware name: linux,dummy-virt (DT)
[  204.564305] pstate: 80000005 (Nzcv daif -PAN -UAO)
[  204.566891] pc : udp_send_skb.isra.0+0x144/0x368
[  204.567328] lr : udp_send_skb.isra.0+0x11c/0x368
[  204.567789] sp : ffff800011f43b20
[  204.568275] x29: ffff800011f43b20 x28: 000000000000001a 
[  204.568760] x27: ffff800011f43d80 x26: 0000000000000011 
[  204.569080] x25: 0000000000000012 x24: ffff000075f22200 
[  204.569394] x23: ffff000075f22200 x22: ffff000078311e24 
[  204.569698] x21: 0000000000000011 x20: 000000000000001a 
[  204.572013] x19: ffff000079b72e00 x18: 0000000000000000 
[  204.573701] x17: 0000000000000000 x16: 0000000000000000 
[  204.575468] x15: 0000000000000001 x14: 0000000000000000 
[  204.575800] x13: 0000000000000006 x12: 000000000000003c 
[  204.576183] x11: ffff000071697000 x10: ffff000079b787c0 
[  204.577529] x9 : 0000000000001644 x8 : 0000000000000001 
[  204.580886] x7 : 0000000000004e20 x6 : 000000f0979f5385 
[  204.583784] x5 : 00ffffffffffffff x4 : 0000000000000015 
[  204.585149] x3 : 0000000000000001 x2 : ffff80006c741000 
[  204.586912] x1 : ffff00007a8c2a00 x0 : 90812102daf05fec 
[  204.590711] Call trace:
[  204.592371]  udp_send_skb.isra.0+0x144/0x368
[  204.592571]  udp_sendmsg+0x710/0x860
[  204.592706]  inet_sendmsg+0x40/0x68
[  204.592865]  __sys_sendto+0xd4/0x150
[  204.595958]  __arm64_sys_sendto+0x24/0x30
[  204.601517]  el0_svc_common.constprop.0+0x68/0x160
[  204.602240]  el0_svc_handler+0x20/0x80
[  204.608740]  el0_svc+0x8/0xc
[  204.612664] Code: b9001020 f9401ac0 d2800023 d538d082 (f940c800) 
[  204.619924] ---[ end trace cc82118b9f5106ae ]---
[  204.625398] note: python3[492] exited with preempt_count 1
