[  193.807785] kernel BUG at arch/arm64/kernel/traps.c:405!
[  193.816415] Internal error: Oops - BUG: 0 [#1] PREEMPT SMP
[  193.820837] Modules linked in:
[  193.825710] CPU: 0 PID: 493 Comm: python3 Not tainted 5.4.18 #2
[  193.826732] Hardware name: linux,dummy-virt (DT)
[  193.828680] pstate: 00000005 (nzcv daif -PAN -UAO)
[  193.834489] pc : do_undefinstr+0x2ec/0x310
[  193.835120] lr : do_undefinstr+0x1e0/0x310
[  193.835700] sp : ffff800011d23890
[  193.836314] x29: ffff800011d23890 x28: ffff00007383d400 
[  193.837463] x27: ffff800011d23d80 x26: 0000000000000011 
[  193.838278] x25: 0000000000000012 x24: 0000000000000000 
[  193.839149] x23: 0000000060000005 x22: ffff800010b79280 
[  193.839977] x21: ffff800011d23a30 x20: ffff00007383d400 
[  193.840868] x19: ffff800011d238f0 x18: 0000000000000000 
[  193.841692] x17: 0000000000000000 x16: 0000000000000000 
[  193.842515] x15: 0000000000000001 x14: 0000000000000001 
[  193.843387] x13: 0000000000000425 x12: 000000000000009e 
[  193.844210] x11: 000000000010a1fd x10: 00000000000009c0 
[  193.845093] x9 : ffff800011d237c0 x8 : ffff00007383de20 
[  193.845923] x7 : ffff00007db46dc0 x6 : ffff00007b0ab8f0 
[  193.846793] x5 : 0000000000000000 x4 : 0000000000069410 
[  193.848343] x3 : ffff0000795bb4d0 x2 : 0000000000000000 
[  193.849270] x1 : 0000000000000000 x0 : 0000000060000005 
[  193.850914] Call trace:
[  193.851751]  do_undefinstr+0x2ec/0x310
[  193.852454]  el1_undef+0x10/0x84
[  193.853035]  ip_output+0x140/0x1b0
[  193.853687]  ip_local_out+0x44/0x58
[  193.854264]  ip_send_skb+0x1c/0xa8
[  193.854838]  udp_send_skb.isra.0+0x11c/0x368
[  193.855553]  udp_sendmsg+0x710/0x860
[  193.856155]  inet_sendmsg+0x40/0x68
[  193.856750]  __sys_sendto+0xd4/0x150
[  193.857559]  __arm64_sys_sendto+0x24/0x30
[  193.858236]  el0_svc_common.constprop.0+0x68/0x160
[  193.858971]  el0_svc_handler+0x20/0x80
[  193.859775]  el0_svc+0x8/0xc
[  193.861604] Code: f9401bf7 17ffff7c a9025bf5 f9001bf7 (d4210000) 
[  193.865622] ---[ end trace 3cdc8642099120ec ]---
[  193.867010] note: python3[493] exited with preempt_count 1
[  193.949816] ------------[ cut here ]------------
[  193.957787] WARNING: CPU: 0 PID: 0 at kernel/rcu/tree.c:569 rcu_idle_enter+0x74/0x80
[  193.958821] Modules linked in:
[  193.959390] CPU: 0 PID: 0 Comm: swapper/0 Tainted: G      D           5.4.18 #2
[  193.959737] Hardware name: linux,dummy-virt (DT)
[  193.960201] pstate: 200003c5 (nzCv DAIF -PAN -UAO)
[  193.960696] pc : rcu_idle_enter+0x74/0x80
[  193.961570] lr : do_idle+0x200/0x288
[  193.963546] sp : ffff8000117b3eb0
[  193.964160] x29: ffff8000117b3eb0 x28: 00000000412b0018 
[  193.965243] x27: 0000000000000000 x26: 0000000000000000 
[  193.967465] x25: 0000000000000000 x24: ffff8000117ba214 
[  193.971368] x23: ffff8000117c2d80 x22: ffff800011404ab8 
[  193.972689] x21: ffff8000117ba1f0 x20: 0000000000000000 
[  193.976010] x19: ffff8000117ba118 x18: 0000000000000010 
[  193.980723] x17: 0000000000000000 x16: 0000000000000000 
[  193.982666] x15: 000000000000011f x14: 0000000000000000 
[  193.997610] x13: 0000000000000002 x12: 000000000000011f 
[  194.003758] x11: 0000000000000001 x10: 00000000000009c0 
[  194.009447] x9 : ffff8000117b3e20 x8 : ffff8000117c37a0 
[  194.030003] x7 : 00000000000003ed x6 : 0000026b04fc75cf 
[  194.038702] x5 : 00ffffffffffffff x4 : ffff80006c741000 
[  194.045025] x3 : 4000000000000002 x2 : 4000000000000000 
[  194.055195] x1 : ffff800011406980 x0 : ffff00007db47980 
[  194.075064] Call trace:
[  194.081899]  rcu_idle_enter+0x74/0x80
[  194.082874]  do_idle+0x200/0x288
[  194.085619]  cpu_startup_entry+0x24/0x40
[  194.088496]  rest_init+0xd4/0xe0
[  194.091333]  arch_call_rest_init+0xc/0x14
[  194.097508]  start_kernel+0x420/0x450
[  194.098332] ---[ end trace 3cdc8642099120ed ]---
