[  193.177070] Unable to handle kernel NULL pointer dereference at virtual address 0000000000000078
[  193.192339] Mem abort info:
[  193.193013]   ESR = 0x96000006
[  193.194977]   EC = 0x25: DABT (current EL), IL = 32 bits
[  193.195788]   SET = 0, FnV = 0
[  193.196408]   EA = 0, S1PTW = 0
[  193.198697] Data abort info:
[  193.199468]   ISV = 0, ISS = 0x00000006
[  193.207184]   CM = 0, WnR = 0
[  193.209585] user pgtable: 4k pages, 48-bit VAs, pgdp=00000000b1795000
[  193.216717] [0000000000000078] pgd=00000000b5ef1003, pud=00000000b7063003, pmd=0000000000000000
[  193.236092] Internal error: Oops: 96000006 [#1] PREEMPT SMP
[  193.242281] Modules linked in:
[  193.253794] CPU: 0 PID: 491 Comm: python3 Not tainted 5.4.18 #2
[  193.257212] Hardware name: linux,dummy-virt (DT)
[  193.263523] pstate: 60000005 (nZCv daif -PAN -UAO)
[  193.270862] pc : ip_output+0x130/0x1b0
[  193.271205] lr : ip_local_out+0x44/0x58
[  193.271533] sp : ffff800011f33a30
[  193.271825] x29: ffff800011f33a30 x28: 000000000000001a 
[  193.272357] x27: ffff800011f33d80 x26: 0000000000000011 
[  193.272747] x25: 0000000000000012 x24: ffff00007a576000 
[  193.273129] x23: ffff00007a87bfc0 x22: ffff00007a9a0000 
[  193.273509] x21: ffff800011963ac0 x20: ffff00007932d100 
[  193.276031] x19: ffff80001140c380 x18: 0000000000000000 
[  193.277410] x17: 0000000000000000 x16: 0000000000000000 
[  193.278734] x15: 0000000000000001 x14: 0000000000000000 
[  193.279575] x13: 0000000000000006 x12: 00000000c0a80164 
[  193.280398] x11: 0000000000000000 x10: 0000000000000068 
[  193.281300] x9 : ffff00007a9a0000 x8 : ffff800011f33c30 
[  193.284938] x7 : 0000000099e00000 x6 : 000000000000ab8e 
[  193.285812] x5 : 00000000000009be x4 : 000000000000002e 
[  193.287866] x3 : ffff80001140c3b0 x2 : ffff00007a9a0000 
[  193.288885] x1 : 0000000000000000 x0 : 0000000100000000 
[  193.292790] Call trace:
[  193.293323]  ip_output+0x130/0x1b0
[  193.294593]  ip_local_out+0x44/0x58
[  193.295427]  ip_send_skb+0x1c/0xa8
[  193.297641]  udp_send_skb.isra.0+0x11c/0x368
[  193.300500]  udp_sendmsg+0x710/0x860
[  193.301592]  inet_sendmsg+0x40/0x68
[  193.303051]  __sys_sendto+0xd4/0x150
[  193.303708]  __arm64_sys_sendto+0x24/0x30
[  193.305325]  el0_svc_common.constprop.0+0x68/0x160
[  193.307529]  el0_svc_handler+0x20/0x80
[  193.310512]  el0_svc+0x8/0xc
[  193.318520] Code: f9400840 b5fffb20 9402db88 17ffffd7 (f9400940) 
[  193.328429] ---[ end trace 677ffe22c07509fe ]---
