[  192.756035] Kernel panic - not syncing: stack-protector: Kernel stack is corrupted in: ip_output+0x1ac/0x1b0
[  192.768345] CPU: 2 PID: 494 Comm: python3 Not tainted 5.4.18 #2
[  192.769579] Hardware name: linux,dummy-virt (DT)
[  192.771731] Call trace:
[  192.775183]  dump_backtrace+0x0/0x140
[  192.776976]  show_stack+0x14/0x20
[  192.777645]  dump_stack+0xb4/0xf8
[  192.778325]  panic+0x158/0x324
[  192.778930]  __stack_chk_fail+0x1c/0x20
[  192.779590]  ip_output+0x1ac/0x1b0
[  192.780285]  ip_local_out+0x44/0x58
[  192.780915]  ip_send_skb+0x1c/0xa8
[  192.781524]  udp_send_skb.isra.0+0x11c/0x368
[  192.782234]  udp_sendmsg+0x710/0x860
[  192.782827]  inet_sendmsg+0x40/0x68
[  192.783412]  __sys_sendto+0xd4/0x150
[  192.784096]  __arm64_sys_sendto+0x24/0x30
[  192.784746]  el0_svc_common.constprop.0+0x68/0x160
[  192.785459]  el0_svc_handler+0x20/0x80
[  192.786290]  el0_svc+0x8/0xc
[  192.791684] SMP: stopping secondary CPUs
[  192.795820] Kernel Offset: disabled
[  192.796899] CPU features: 0x0002,20006000
[  192.797757] Memory Limit: none
[  192.802266] ---[ end Kernel panic - not syncing: stack-protector: Kernel stack is corrupted in: ip_output+0x1ac/0x1b0 ]---
