[  196.449588] Kernel panic - not syncing: stack-protector: Kernel stack is corrupted in: ip_output+0x1ac/0x1b0
[  196.458045] CPU: 5 PID: 509 Comm: python3 Not tainted 5.4.18 #2
[  196.459220] Hardware name: linux,dummy-virt (DT)
[  196.461062] Call trace:
[  196.461964]  dump_backtrace+0x0/0x140
[  196.462669]  show_stack+0x14/0x20
[  196.463204]  dump_stack+0xb4/0xf8
[  196.463757]  panic+0x158/0x324
[  196.464552]  __stack_chk_fail+0x1c/0x20
[  196.465772]  ip_output+0x1ac/0x1b0
[  196.466483]  ip_local_out+0x44/0x58
[  196.467053]  ip_send_skb+0x1c/0xa8
[  196.467338]  udp_send_skb.isra.0+0x11c/0x368
[  196.468100]  udp_sendmsg+0x710/0x860
[  196.468469]  inet_sendmsg+0x40/0x68
[  196.469072]  __sys_sendto+0xd4/0x150
[  196.469371]  __arm64_sys_sendto+0x24/0x30
[  196.472509]  el0_svc_common.constprop.0+0x68/0x160
[  196.473712]  el0_svc_handler+0x20/0x80
[  196.474429]  el0_svc+0x8/0xc
[  196.478248] SMP: stopping secondary CPUs
[  196.479772] Kernel Offset: disabled
[  196.480172] CPU features: 0x0002,20006000
[  196.480482] Memory Limit: none
[  196.483090] ---[ end Kernel panic - not syncing: stack-protector: Kernel stack is corrupted in: ip_output+0x1ac/0x1b0 ]---
