[  193.116513] Unable to handle kernel paging request at virtual address 0015d8d5824d8d00
[  193.137230] Mem abort info:
[  193.142933]   ESR = 0x86000004
[  193.148473]   EC = 0x21: IABT (current EL), IL = 32 bits
[  193.151490]   SET = 0, FnV = 0
[  193.152477]   EA = 0, S1PTW = 0
[  193.154760] [0015d8d5824d8d00] address between user and kernel address ranges
[  193.157474] Internal error: Oops: 86000004 [#1] PREEMPT SMP
[  193.164241] Modules linked in:
[  193.174002] CPU: 4 PID: 496 Comm: python3 Not tainted 5.4.18 #2
[  193.183113] Hardware name: linux,dummy-virt (DT)
[  193.190496] pstate: a0000005 (NzCv daif -PAN -UAO)
[  193.201655] pc : 0x15d8d5824d8d00
[  193.203879] lr : 0x8615d8d5824d8d00
[  193.204367] sp : ffff800011fabae0
[  193.204765] x29: ffff800010b762e8 x28: ffff00007b3cd400 
[  193.206486] x27: 0000000000000000 x26: ffff00007807a224 
[  193.207052] x25: ffff800011fabc30 x24: ffff00007807a224 
[  193.207547] x23: ffff800011fabc30 x22: ffff00007b215940 
[  193.208317] x21: ffff800011963ac0 x20: ffff800010b79b64 
[  193.210226] x19: ffff800011fabaf0 x18: 0000000000000000 
[  193.210745] x17: 0000000000000000 x16: 0000000000000000 
[  193.211238] x15: 0000000000000001 x14: 0000000000000000 
[  193.211830] x13: 0000000000000006 x12: 00000000c0a80164 
[  193.213228] x11: 0000000000000000 x10: 0000000000000068 
[  193.213847] x9 : ffff00007b3cd400 x8 : ffff00007b215940 
[  193.214342] x7 : 0000000011fabc30 x6 : ffff00008d1c1570 
[  193.214828] x5 : 000000000000002f x4 : 0000000000000001 
[  193.215422] x3 : ffff80001140c3a8 x2 : ffff00007b3cd400 
[  193.215934] x1 : 0000000000000000 x0 : 0000000100000000 
[  193.218020] Call trace:
[  193.219385]  0x15d8d5824d8d00
[  193.222567] Code: bad PC value
[  193.226998] ---[ end trace 5f9823d92c8f33eb ]---
