[  193.358552] Unable to handle kernel read from unreadable memory at virtual address ffff00007b22cc80
[  193.369744] Mem abort info:
[  193.375920]   ESR = 0x8600000f
[  193.381346]   EC = 0x21: IABT (current EL), IL = 32 bits
[  193.387236]   SET = 0, FnV = 0
[  193.389817]   EA = 0, S1PTW = 0
[  193.393261] swapper pgtable: 4k pages, 48-bit VAs, pgdp=00000000412a6000
[  193.396527] [ffff00007b22cc80] pgd=00000000bdff8003, pud=00000000bddfe003, pmd=00000000bdc24003, pte=00680000bb22c713
[  193.409881] Internal error: Oops: 8600000f [#1] PREEMPT SMP
[  193.420064] Modules linked in:
[  193.429003] CPU: 4 PID: 496 Comm: python3 Not tainted 5.4.18 #2
[  193.429732] Hardware name: linux,dummy-virt (DT)
[  193.431537] pstate: 60000005 (nZCv daif -PAN -UAO)
[  193.437203] pc : 0xffff00007b22cc80
[  193.440240] lr : 0xffff00007b22cc80
[  193.442030] sp : ffff800011f33ac0
[  193.445300] x29: ffff800011f33c68 x28: ffff000070899c00 
[  193.447947] x27: 0000000000000000 x26: ffff00007829e624 
[  193.448821] x25: ffff800011f33c30 x24: ffff00007a5e2000 
[  193.449778] x23: ffff00007b22cc80 x22: ffff000070899c00 
[  193.450614] x21: ffff800010b762e8 x20: 0000000000000000 
[  193.453941] x19: ffff800011f33c30 x18: 0000000000000000 
[  193.456940] x17: 0000000000000000 x16: 0000000000000000 
[  193.460661] x15: 0000000000000001 x14: 0000000000000000 
[  193.461255] x13: 0000000000000006 x12: 00000000c0a80164 
[  193.464324] x11: 0000000000000000 x10: 0000000000000068 
[  193.465849] x9 : ffff000070899c00 x8 : ffff800011f33c30 
[  193.468986] x7 : 0000000026e00000 x6 : 000000000000bebf 
[  193.469828] x5 : 0000000000000ea8 x4 : 000000000000002e 
[  193.471575] x3 : ffff80001140c3b0 x2 : ffff000070899c00 
[  193.481730] x1 : 0000000000000000 x0 : ffff80001140c380 
[  193.490901] Call trace:
[  193.494138]  0xffff00007b22cc80
[  193.508783] Code: 00000000 00000000 00000000 00000000 (00000000) 
[  193.520557] ---[ end trace 3395060b4a4a88b8 ]---
