[  194.029332] Kernel panic - not syncing: stack-protector: Kernel stack is corrupted in: ip_output+0x1ac/0x1b0
[  194.043950] CPU: 5 PID: 493 Comm: python3 Not tainted 5.4.18 #2
[  194.044695] Hardware name: linux,dummy-virt (DT)
[  194.045592] Call trace:
[  194.046159]  dump_backtrace+0x0/0x140
[  194.048281]  show_stack+0x14/0x20
[  194.048574]  dump_stack+0xb4/0xf8
[  194.048783]  panic+0x158/0x324
[  194.048973]  __stack_chk_fail+0x1c/0x20
[  194.049195]  ip_output+0x1ac/0x1b0
[  194.049391]  ip_local_out+0x44/0x58
[  194.049875]  ip_send_skb+0x1c/0xa8
[  194.050172]  udp_send_skb.isra.0+0x11c/0x368
[  194.050495]  udp_sendmsg+0x710/0x860
[  194.050825]  inet_sendmsg+0x40/0x68
[  194.051692]  __sys_sendto+0xd4/0x150
[  194.052121]  __arm64_sys_sendto+0x24/0x30
[  194.052362]  el0_svc_common.constprop.0+0x68/0x160
[  194.052617]  el0_svc_handler+0x20/0x80
[  194.052859]  el0_svc+0x8/0xc
[  194.055842] SMP: stopping secondary CPUs
[  194.057600] Kernel Offset: disabled
[  194.058519] CPU features: 0x0002,20006000
[  194.058832] Memory Limit: none
[  194.061309] ---[ end Kernel panic - not syncing: stack-protector: Kernel stack is corrupted in: ip_output+0x1ac/0x1b0 ]---
