[  194.441655] kernel BUG at arch/arm64/kernel/traps.c:405!
[  194.455430] Internal error: Oops - BUG: 0 [#1] PREEMPT SMP
[  194.457891] Modules linked in:
[  194.464914] CPU: 7 PID: 493 Comm: python3 Not tainted 5.4.18 #2
[  194.466141] Hardware name: linux,dummy-virt (DT)
[  194.469223] pstate: 00000005 (nzcv daif -PAN -UAO)
[  194.475966] pc : do_undefinstr+0x2ec/0x310
[  194.478562] lr : do_undefinstr+0x1e0/0x310
[  194.481061] sp : ffff800011f5b890
[  194.482870] x29: ffff800011f5b890 x28: ffff00007a4e3800 
[  194.484066] x27: ffff800011f5bd80 x26: 0000000000000011 
[  194.485055] x25: 0000000000000012 x24: 0000000000000000 
[  194.485949] x23: 0000000060000005 x22: ffff800010b791a0 
[  194.486868] x21: ffff800011f5ba30 x20: ffff00007a4e3800 
[  194.487770] x19: ffff800011f5b8f0 x18: 0000000000000000 
[  194.488714] x17: 0000000000000000 x16: 0000000000000000 
[  194.489595] x15: 0000000000000001 x14: 0000000000000000 
[  194.491985] x13: 0000000000000006 x12: 00000000c0a80164 
[  194.494290] x11: 0000000000000000 x10: 0000000000000068 
[  194.496267] x9 : ffff00007a4e3800 x8 : ffff800011f5bc30 
[  194.497182] x7 : 00000000fe700000 x6 : ffff800011f5b8e8 
[  194.498120] x5 : 00000000d5300000 x4 : ffff8000117c51f0 
[  194.499022] x3 : 00000000c9500000 x2 : 0000000000000000 
[  194.500055] x1 : ffff00007a4e3800 x0 : 0000000060000005 
[  194.501798] Call trace:
[  194.503352]  do_undefinstr+0x2ec/0x310
[  194.504171]  el1_undef+0x10/0x84
[  194.504794]  ip_output+0x60/0x1b0
[  194.505395]  ip_local_out+0x44/0x58
[  194.506271]  ip_send_skb+0x1c/0xa8
[  194.506896]  udp_send_skb.isra.0+0x11c/0x368
[  194.508336]  udp_sendmsg+0x710/0x860
[  194.509238]  inet_sendmsg+0x40/0x68
[  194.509915]  __sys_sendto+0xd4/0x150
[  194.510542]  __arm64_sys_sendto+0x24/0x30
[  194.511223]  el0_svc_common.constprop.0+0x68/0x160
[  194.512256]  el0_svc_handler+0x20/0x80
[  194.512922]  el0_svc+0x8/0xc
[  194.514903] Code: f9401bf7 17ffff7c a9025bf5 f9001bf7 (d4210000) 
[  194.518563] ---[ end trace 1a3a408a2ebdd47f ]---
[  194.520445] note: python3[493] exited with preempt_count 2
[  194.597468] ------------[ cut here ]------------
[  194.600658] WARNING: CPU: 7 PID: 0 at kernel/rcu/tree.c:569 rcu_idle_enter+0x74/0x80
[  194.601049] Modules linked in:
[  194.601396] CPU: 7 PID: 0 Comm: swapper/7 Tainted: G      D           5.4.18 #2
[  194.602955] Hardware name: linux,dummy-virt (DT)
[  194.605594] pstate: 200003c5 (nzCv DAIF -PAN -UAO)
[  194.609318] pc : rcu_idle_enter+0x74/0x80
[  194.611152] lr : do_idle+0x200/0x288
[  194.611470] sp : ffff800011a7bf20
[  194.612339] x29: ffff800011a7bf20 x28: 0000000000000000 
[  194.614695] x27: 0000000000000000 x26: 0000000000000000 
[  194.618089] x25: 0000000000000000 x24: ffff8000117ba214 
[  194.620705] x23: ffff00007b0c7000 x22: ffff800011404ab8 
[  194.621280] x21: ffff8000117ba1f0 x20: 0000000000000007 
[  194.624369] x19: ffff8000117ba118 x18: 0000000000000010 
[  194.624885] x17: 0000000000000000 x16: 0000000000000000 
[  194.628148] x15: ffff00007a4e3c70 x14: 0000000000000001 
[  194.628758] x13: 0000000000000001 x12: 0000000000000003 
[  194.629284] x11: 0000000000000400 x10: 00000000000009c0 
[  194.632597] x9 : ffff800011a7be90 x8 : ffff00007b0c7a20 
[  194.634682] x7 : 0000000000000007 x6 : 000004b546bd395f 
[  194.636764] x5 : 00ffffffffffffff x4 : ffff80006c7db000 
[  194.640010] x3 : 4000000000000002 x2 : 4000000000000000 
[  194.641225] x1 : ffff800011406980 x0 : ffff00007dbe1980 
[  194.642891] Call trace:
[  194.643838]  rcu_idle_enter+0x74/0x80
[  194.645175]  do_idle+0x200/0x288
[  194.647839]  cpu_startup_entry+0x24/0x40
[  194.648836]  secondary_start_kernel+0x154/0x190
[  194.649225] ---[ end trace 1a3a408a2ebdd480 ]---
