[  193.361865] Unable to handle kernel NULL pointer dereference at virtual address 0000000000000006
[  193.366890] Mem abort info:
[  193.367916]   ESR = 0x96000046
[  193.368794]   EC = 0x25: DABT (current EL), IL = 32 bits
[  193.374670]   SET = 0, FnV = 0
[  193.380966]   EA = 0, S1PTW = 0
[  193.382329] Data abort info:
[  193.385396]   ISV = 0, ISS = 0x00000046
[  193.389965]   CM = 0, WnR = 1
[  193.405035] user pgtable: 4k pages, 48-bit VAs, pgdp=00000000b5c5b000
[  193.418320] [0000000000000006] pgd=00000000b6ca2003, pud=00000000b6caf003, pmd=0000000000000000
[  193.428333] Internal error: Oops: 96000046 [#1] PREEMPT SMP
[  193.435495] Modules linked in:
[  193.443070] CPU: 2 PID: 494 Comm: python3 Not tainted 5.4.18 #2
[  193.444088] Hardware name: linux,dummy-virt (DT)
[  193.447248] pstate: 80000005 (Nzcv daif -PAN -UAO)
[  193.471388] pc : ip_build_and_send_pkt+0xb8/0x1b8
[  193.487896] lr : ip_local_out+0x44/0x58
[  193.491609] sp : ffff800011f13a30
[  193.503189] x29: ffff800011f13a30 x28: 000000000000001a 
[  193.519321] x27: ffff800011f13d80 x26: 0000000000000011 
[  193.523367] x25: 0000000000000012 x24: ffff000079ba0000 
[  193.528418] x23: ffff00007a8d61c0 x22: ffff000079700000 
[  193.535514] x21: ffff800011963ac0 x20: ffff0000797fa200 
[  193.543439] x19: ffff80001140c380 x18: 0000000000000000 
[  193.550786] x17: 0000000000000000 x16: 0000000000000000 
[  193.555386] x15: 0000000000000001 x14: 0000000000000000 
[  193.559463] x13: 0000000000000006 x12: 00000000c0a80164 
[  193.564497] x11: 0000000000000000 x10: 0000000000000068 
[  193.565106] x9 : ffff000079700000 x8 : ffff800011f13c30 
[  193.569223] x7 : 0000000060b00000 x6 : 00000000000012c8 
[  193.571759] x5 : 00000000000007fb x4 : 000000000000002e 
[  193.575252] x3 : ffff80001140c3b0 x2 : ffff000079700000 
[  193.576638] x1 : 0000000000000000 x0 : 0000000100000000 
[  193.580599] Call trace:
[  193.581725]  ip_build_and_send_pkt+0xb8/0x1b8
[  193.587174]  ip_local_out+0x44/0x58
[  193.591117]  ip_send_skb+0x1c/0xa8
[  193.596963]  udp_send_skb.isra.0+0x11c/0x368
[  193.603141]  udp_sendmsg+0x710/0x860
[  193.607632]  inet_sendmsg+0x40/0x68
[  193.608284]  __sys_sendto+0xd4/0x150
[  193.612206]  __arm64_sys_sendto+0x24/0x30
[  193.621407]  el0_svc_common.constprop.0+0x68/0x160
[  193.630789]  el0_svc_handler+0x20/0x80
[  193.632525]  el0_svc+0x8/0xc
[  193.644757] Code: 7100081f 54000460 7100041f 54000620 (79000c3f) 
[  193.655151] ---[ end trace b2152e75eef780a2 ]---
