[  233.241652] kernel BUG at arch/arm64/kernel/traps.c:405!
[  233.243728] Internal error: Oops - BUG: 0 [#1] PREEMPT SMP
[  233.245142] Modules linked in:
[  233.250140] CPU: 4 PID: 491 Comm: python3 Not tainted 5.4.18 #2
[  233.252194] Hardware name: linux,dummy-virt (DT)
[  233.253775] pstate: 00000005 (nzcv daif -PAN -UAO)
[  233.260777] pc : do_undefinstr+0x2ec/0x310
[  233.261126] lr : do_undefinstr+0x1e0/0x310
[  233.261426] sp : ffff800011feb9c0
[  233.261682] x29: ffff800011feb9c0 x28: ffff00007950aa00 
[  233.262120] x27: ffff800011febd80 x26: 0000000000000011 
[  233.262498] x25: 0000000000000012 x24: 0000000000000000 
[  233.262823] x23: 0000000040000005 x22: ffff800010baa614 
[  233.263140] x21: ffff800011febb60 x20: ffff00007950aa00 
[  233.263462] x19: ffff800011feba20 x18: 0000000000000000 
[  233.263783] x17: 0000000000000000 x16: 0000000000000000 
[  233.264102] x15: 0000000000000000 x14: 0000000000000000 
[  233.265479] x13: 0000000000000000 x12: 0000000000000000 
[  233.265824] x11: 0000000000000000 x10: 0000000000000000 
[  233.266193] x9 : 000000006401a8c0 x8 : 0000000000000000 
[  233.266516] x7 : 0000000000000000 x6 : ffff800011feba18 
[  233.267013] x5 : 00000000d5300000 x4 : ffff8000117c51f0 
[  233.267894] x3 : 0000000055000000 x2 : 0000000000000000 
[  233.269447] x1 : ffff00007950aa00 x0 : 0000000040000005 
[  233.271712] Call trace:
[  233.273183]  do_undefinstr+0x2ec/0x310
[  233.274729]  el1_undef+0x10/0x84
[  233.275435]  udp_sendmsg+0x194/0x860
[  233.276065]  inet_sendmsg+0x40/0x68
[  233.276756]  __sys_sendto+0xd4/0x150
[  233.277375]  __arm64_sys_sendto+0x24/0x30
[  233.277998]  el0_svc_common.constprop.0+0x68/0x160
[  233.278846]  el0_svc_handler+0x20/0x80
[  233.279448]  el0_svc+0x8/0xc
[  233.281971] Code: f9401bf7 17ffff7c a9025bf5 f9001bf7 (d4210000) 
[  233.285020] ---[ end trace 67eda450091d7906 ]---
[  233.287014] note: python3[491] exited with preempt_count 1
[  233.360030] ------------[ cut here ]------------
[  233.361739] WARNING: CPU: 4 PID: 0 at kernel/rcu/tree.c:569 rcu_idle_enter+0x74/0x80
[  233.363076] Modules linked in:
[  233.365229] CPU: 4 PID: 0 Comm: swapper/4 Tainted: G      D           5.4.18 #2
[  233.369128] Hardware name: linux,dummy-virt (DT)
[  233.370344] pstate: 200003c5 (nzCv DAIF -PAN -UAO)
[  233.372054] pc : rcu_idle_enter+0x74/0x80
[  233.373471] lr : do_idle+0x200/0x288
[  233.373702] sp : ffff800011a63f20
[  233.373966] x29: ffff800011a63f20 x28: 0000000000000000 
[  233.374284] x27: 0000000000000000 x26: 0000000000000000 
[  233.375624] x25: 0000000000000000 x24: ffff8000117ba214 
[  233.376049] x23: ffff00007b0c4600 x22: ffff800011404ab8 
[  233.378996] x21: ffff8000117ba1f0 x20: 0000000000000004 
[  233.381136] x19: ffff8000117ba118 x18: 0000000000000010 
[  233.382222] x17: 0000000000000000 x16: 0000000000000000 
[  233.385265] x15: ffff00007950ae70 x14: 0000000000000001 
[  233.385631] x13: 0000000000001683 x12: 00000000000000d9 
[  233.387460] x11: 00000000005a2f88 x10: 00000000000009c0 
[  233.387814] x9 : ffff800011a63e90 x8 : ffff00007b0c5020 
[  233.389144] x7 : 0000000000000000 x6 : 0000090d2e6996c8 
[  233.390682] x5 : 00ffffffffffffff x4 : ffff80006c799000 
[  233.392352] x3 : 4000000000000002 x2 : 4000000000000000 
[  233.392634] x1 : ffff800011406980 x0 : ffff00007db9f980 
[  233.393169] Call trace:
[  233.393331]  rcu_idle_enter+0x74/0x80
[  233.393956]  do_idle+0x200/0x288
[  233.394312]  cpu_startup_entry+0x20/0x40
[  233.394589]  secondary_start_kernel+0x154/0x190
[  233.394817] ---[ end trace 67eda450091d7907 ]---
