[  192.287315] Unable to handle kernel paging request at virtual address 0000000100000019
[  192.299306] Mem abort info:
[  192.300075]   ESR = 0x96000005
[  192.300892]   EC = 0x25: DABT (current EL), IL = 32 bits
[  192.301740]   SET = 0, FnV = 0
[  192.304507]   EA = 0, S1PTW = 0
[  192.305908] Data abort info:
[  192.307041]   ISV = 0, ISS = 0x00000005
[  192.308292]   CM = 0, WnR = 0
[  192.312966] user pgtable: 4k pages, 48-bit VAs, pgdp=00000000b91c9000
[  192.317654] [0000000100000019] pgd=00000000b178b003, pud=0000000000000000
[  192.324518] Internal error: Oops: 96000005 [#1] PREEMPT SMP
[  192.326508] Modules linked in:
[  192.334936] CPU: 2 PID: 496 Comm: python3 Not tainted 5.4.18 #2
[  192.337200] Hardware name: linux,dummy-virt (DT)
[  192.337987] pstate: 60000005 (nZCv daif -PAN -UAO)
[  192.340430] pc : ip_setup_cork+0x3c/0x180
[  192.341500] lr : ip_setup_cork+0x124/0x180
[  192.343537] sp : ffff800011d63a90
[  192.344831] x29: ffff800011d63a90 x28: ffff800011d63b40 
[  192.346979] x27: 000000000000001a x26: ffff800011d63d80 
[  192.349222] x25: ffff800010b762e8 x24: ffff00007a959100 
[  192.350943] x23: 0000000100000001 x22: ffff000071780240 
[  192.351595] x21: ffff800011d63c00 x20: ffff800011d63c08 
[  192.351861] x19: ffff800011d63c68 x18: 0000000000000000 
[  192.352124] x17: 0000000000000000 x16: 0000000000000000 
[  192.352388] x15: 0000000000000000 x14: 0000000000000000 
[  192.352667] x13: 0000000000000000 x12: 0000000000000000 
[  192.352939] x11: 0000000000000000 x10: 00000000000008db 
[  192.353202] x9 : 0000000000000000 x8 : 0000000000000000 
[  192.353609] x7 : ffff800011d63c00 x6 : ffff800011d63c08 
[  192.354743] x5 : 0000000000000008 x4 : ffff00007db75f20 
[  192.355473] x3 : 00000000001c9402 x2 : 00000000001c9302 
[  192.357548] x1 : ffff00007b007c00 x0 : ffff00007463ab80 
[  192.358296] Call trace:
[  192.358650]  ip_setup_cork+0x3c/0x180
[  192.358955]  ip_make_skb+0x78/0x140
[  192.359398]  udp_sendmsg+0x6ec/0x860
[  192.359695]  inet_sendmsg+0x40/0x68
[  192.360062]  __sys_sendto+0xd4/0x150
[  192.360395]  __arm64_sys_sendto+0x24/0x30
[  192.361713]  el0_svc_common.constprop.0+0x68/0x160
[  192.362156]  el0_svc_handler+0x20/0x80
[  192.362576]  el0_svc+0x8/0xc
[  192.363800] Code: f9400c57 b4000197 f9400420 b4000640 (394062e2) 
[  192.368364] ---[ end trace 7f940b315818f96e ]---
