[  193.791217] kernel BUG at arch/arm64/kernel/traps.c:405!
[  193.795769] Internal error: Oops - BUG: 0 [#1] PREEMPT SMP
[  193.797413] Modules linked in:
[  193.805781] CPU: 1 PID: 493 Comm: python3 Not tainted 5.4.18 #2
[  193.806936] Hardware name: linux,dummy-virt (DT)
[  193.809556] pstate: 00000005 (nzcv daif -PAN -UAO)
[  193.815816] pc : do_undefinstr+0x2ec/0x310
[  193.817833] lr : do_undefinstr+0x1e0/0x310
[  193.820151] sp : ffff800011fc39c0
[  193.820927] x29: ffff800011fc39c0 x28: ffff0000780fb800 
[  193.822067] x27: ffff800011fc3d80 x26: 0000000000000011 
[  193.822890] x25: 0000000000000012 x24: 0000000000000000 
[  193.823786] x23: 0000000060000005 x22: ffff800010baa5d0 
[  193.824602] x21: ffff800011fc3b60 x20: ffff0000780fb800 
[  193.825411] x19: ffff800011fc3a20 x18: 0000000000000000 
[  193.828390] x17: 0000000000000000 x16: 0000000000000000 
[  193.829920] x15: 0000000000000000 x14: 0000000000000000 
[  193.831366] x13: 0000000000000000 x12: 0000000000000000 
[  193.832603] x11: 0000000000000000 x10: 0000000000000000 
[  193.833463] x9 : 0000000000000000 x8 : 0000000000000000 
[  193.834366] x7 : 0000000000000000 x6 : ffff800011fc3a18 
[  193.835183] x5 : 00000000d5300000 x4 : ffff8000117c51f0 
[  193.836068] x3 : 00000000fb400000 x2 : 0000000000000000 
[  193.836885] x1 : ffff0000780fb800 x0 : 0000000060000005 
[  193.838826] Call trace:
[  193.839646]  do_undefinstr+0x2ec/0x310
[  193.840434]  el1_undef+0x10/0x84
[  193.841081]  udp_sendmsg+0x150/0x860
[  193.841637]  inet_sendmsg+0x40/0x68
[  193.842472]  __sys_sendto+0xd4/0x150
[  193.843022]  __arm64_sys_sendto+0x24/0x30
[  193.843615]  el0_svc_common.constprop.0+0x68/0x160
[  193.844363]  el0_svc_handler+0x20/0x80
[  193.844935]  el0_svc+0x8/0xc
[  193.848528] Code: f9401bf7 17ffff7c a9025bf5 f9001bf7 (d4210000) 
[  193.851507] ---[ end trace 6e26b9c87d409c7e ]---
[  193.853217] note: python3[493] exited with preempt_count 1
[  193.944687] ------------[ cut here ]------------
[  193.946135] WARNING: CPU: 1 PID: 0 at kernel/rcu/tree.c:569 rcu_idle_enter+0x74/0x80
[  193.949469] Modules linked in:
[  193.953713] CPU: 1 PID: 0 Comm: swapper/1 Tainted: G      D           5.4.18 #2
[  193.956433] Hardware name: linux,dummy-virt (DT)
[  193.956982] pstate: 20000085 (nzCv daIf -PAN -UAO)
[  193.958557] pc : rcu_idle_enter+0x74/0x80
[  193.958949] lr : do_idle+0x200/0x288
[  193.959331] sp : ffff800011a4bf20
[  193.959611] x29: ffff800011a4bf20 x28: 0000000000000000 
[  193.960733] x27: 0000000000000000 x26: 0000000000000000 
[  193.961144] x25: 0000000000000000 x24: ffff8000117ba214 
[  193.963070] x23: ffff00007b0c1c00 x22: ffff800011404ab8 
[  193.963361] x21: ffff8000117ba1f0 x20: 0000000000000001 
[  193.963676] x19: ffff8000117ba118 x18: 0000000000000000 
[  193.964194] x17: 0000000000000000 x16: 0000000000000000 
[  193.967555] x15: 0000000000000000 x14: 0000000000000000 
[  193.968449] x13: 0000000000000001 x12: 0000000000000000 
[  193.969153] x11: 0000000000000400 x10: 00000000000009c0 
[  193.973182] x9 : ffff800011a4be90 x8 : ffff00007b0c2620 
[  193.984325] x7 : 0000000000000000 x6 : 00000800a0cb1257 
[  194.005309] x5 : 00ffffffffffffff x4 : ffff80006c757000 
[  194.022793] x3 : 4000000000000002 x2 : 4000000000000000 
[  194.032768] x1 : ffff800011406980 x0 : ffff00007db5d980 
[  194.054048] Call trace:
[  194.061037]  rcu_idle_enter+0x74/0x80
[  194.063212]  do_idle+0x200/0x288
[  194.065349]  cpu_startup_entry+0x20/0x40
[  194.070605]  secondary_start_kernel+0x154/0x190
[  194.072622] ---[ end trace 6e26b9c87d409c7f ]---
