[  243.608369] Kernel panic - not syncing: stack-protector: Kernel stack is corrupted in: udp_sendmsg+0x858/0x860
[  243.619424] CPU: 6 PID: 495 Comm: python3 Not tainted 5.4.18 #2
[  243.620680] Hardware name: linux,dummy-virt (DT)
[  243.623819] Call trace:
[  243.624922]  dump_backtrace+0x0/0x140
[  243.625654]  show_stack+0x14/0x20
[  243.626240]  dump_stack+0xb4/0xf8
[  243.627527]  panic+0x158/0x324
[  243.628099]  __stack_chk_fail+0x1c/0x20
[  243.629061]  udp_sendmsg+0x858/0x860
[  243.629697]  inet_sendmsg+0x40/0x68
[  243.630277]  __sys_sendto+0xd4/0x150
[  243.630983]  __arm64_sys_sendto+0x24/0x30
[  243.631643]  el0_svc_common.constprop.0+0x68/0x160
[  243.632894]  el0_svc_handler+0x20/0x80
[  243.634078]  el0_svc+0x8/0xc
[  243.639607] SMP: stopping secondary CPUs
[  243.643771] Kernel Offset: disabled
[  243.645524] CPU features: 0x0002,20006000
[  243.646425] Memory Limit: none
[  243.652243] ---[ end Kernel panic - not syncing: stack-protector: Kernel stack is corrupted in: udp_sendmsg+0x858/0x860 ]---
