[  193.819355] kernel BUG at arch/arm64/kernel/traps.c:405!
[  193.820581] Internal error: Oops - BUG: 0 [#1] PREEMPT SMP
[  193.821395] Modules linked in:
[  193.822765] CPU: 0 PID: 494 Comm: python3 Not tainted 5.4.18 #2
[  193.823115] Hardware name: linux,dummy-virt (DT)
[  193.823820] pstate: 00000005 (nzcv daif -PAN -UAO)
[  193.824301] pc : do_undefinstr+0x2ec/0x310
[  193.824564] lr : do_undefinstr+0x1e0/0x310
[  193.824842] sp : ffff800011f839c0
[  193.825063] x29: ffff800011f839c0 x28: ffff00007ab95400 
[  193.825540] x27: ffff800011f83d80 x26: 0000000000000011 
[  193.825918] x25: 0000000000000012 x24: 0000000000000000 
[  193.826319] x23: 0000000080000005 x22: ffff800010baa520 
[  193.826690] x21: ffff800011f83b60 x20: ffff00007ab95400 
[  193.827086] x19: ffff800011f83a20 x18: 0000000000000000 
[  193.827457] x17: 0000000000000000 x16: 0000000000000000 
[  193.827820] x15: 0000000000000000 x14: 0000000000000000 
[  193.828228] x13: 0000000000000000 x12: 0000000000000000 
[  193.828618] x11: 0000000000000000 x10: 0000000000000000 
[  193.829043] x9 : 0000000000400100 x8 : ffff00007ab95400 
[  193.829442] x7 : 0000ffff86076e50 x6 : ffff800011f83a18 
[  193.829823] x5 : 00000000d5300000 x4 : ffff8000117c51f0 
[  193.830233] x3 : 0000000073000000 x2 : 0000000000000000 
[  193.830621] x1 : ffff00007ab95400 x0 : 0000000080000005 
[  193.831454] Call trace:
[  193.831848]  do_undefinstr+0x2ec/0x310
[  193.832206]  el1_undef+0x10/0x84
[  193.832468]  udp_sendmsg+0xa0/0x860
[  193.832729]  inet_sendmsg+0x40/0x68
[  193.832987]  __sys_sendto+0xd4/0x150
[  193.833243]  __arm64_sys_sendto+0x24/0x30
[  193.833548]  el0_svc_common.constprop.0+0x68/0x160
[  193.833887]  el0_svc_handler+0x20/0x80
[  193.834181]  el0_svc+0x8/0xc
[  193.835020] Code: f9401bf7 17ffff7c a9025bf5 f9001bf7 (d4210000) 
[  193.836955] ---[ end trace d9643644a8cafee3 ]---
[  193.837793] note: python3[494] exited with preempt_count 1
[  193.905021] ------------[ cut here ]------------
[  193.908191] WARNING: CPU: 0 PID: 0 at kernel/rcu/tree.c:569 rcu_idle_enter+0x74/0x80
[  193.908856] Modules linked in:
[  193.909509] CPU: 0 PID: 0 Comm: swapper/0 Tainted: G      D           5.4.18 #2
[  193.910144] Hardware name: linux,dummy-virt (DT)
[  193.912395] pstate: 200003c5 (nzCv DAIF -PAN -UAO)
[  193.912806] pc : rcu_idle_enter+0x74/0x80
[  193.913093] lr : do_idle+0x200/0x288
[  193.914930] sp : ffff8000117b3eb0
[  193.915203] x29: ffff8000117b3eb0 x28: 00000000412b0018 
[  193.915591] x27: 0000000000000000 x26: 0000000000000000 
[  193.915966] x25: 0000000000000000 x24: ffff8000117ba214 
[  193.917402] x23: ffff8000117c2d80 x22: ffff800011404ab8 
[  193.919387] x21: ffff8000117ba1f0 x20: 0000000000000000 
[  193.919945] x19: ffff8000117ba118 x18: 0000000000000010 
[  193.920368] x17: 0000000000000000 x16: 0000000000000000 
[  193.921048] x15: 000000000000021f x14: 0000000000000000 
[  193.922014] x13: 0000000000000002 x12: 0000000000000000 
[  193.923497] x11: 0000000000000000 x10: 00000000000009c0 
[  193.924416] x9 : ffff8000117b3e20 x8 : ffff8000117c37a0 
[  193.925177] x7 : 00000000000003e3 x6 : 00000270e4a0da4a 
[  193.925865] x5 : 00ffffffffffffff x4 : ffff80006c741000 
[  193.927840] x3 : 4000000000000002 x2 : 4000000000000000 
[  193.928537] x1 : ffff800011406980 x0 : ffff00007db47980 
[  193.929056] Call trace:
[  193.929652]  rcu_idle_enter+0x74/0x80
[  193.929945]  do_idle+0x200/0x288
[  193.930188]  cpu_startup_entry+0x24/0x40
[  193.930477]  rest_init+0xd4/0xe0
[  193.930958]  arch_call_rest_init+0xc/0x14
[  193.931864]  start_kernel+0x420/0x450
[  193.932271] ---[ end trace d9643644a8cafee4 ]---
