[  193.158150] Unable to handle kernel paging request at virtual address 000000007a526f26
[  193.160014] Mem abort info:
[  193.164972]   ESR = 0x96000005
[  193.165376]   EC = 0x25: DABT (current EL), IL = 32 bits
[  193.165926]   SET = 0, FnV = 0
[  193.166321]   EA = 0, S1PTW = 0
[  193.166856] Data abort info:
[  193.167081]   ISV = 0, ISS = 0x00000005
[  193.167491]   CM = 0, WnR = 0
[  193.170399] user pgtable: 4k pages, 48-bit VAs, pgdp=00000000b164c000
[  193.171100] [000000007a526f26] pgd=00000000b1650003, pud=0000000000000000
[  193.175430] Internal error: Oops: 96000005 [#1] PREEMPT SMP
[  193.178816] Modules linked in:
[  193.182298] CPU: 2 PID: 494 Comm: python3 Not tainted 5.4.18 #2
[  193.182775] Hardware name: linux,dummy-virt (DT)
[  193.186167] pstate: 80000005 (Nzcv daif -PAN -UAO)
[  193.186590] pc : udp_send_skb.isra.0+0x60/0x368
[  193.187017] lr : udp_sendmsg+0x710/0x860
[  193.187360] sp : ffff800011f83b20
[  193.187707] x29: ffff800011f83b20 x28: 000000000000001a 
[  193.188665] x27: ffff800011f83d80 x26: 0000000000000011 
[  193.189664] x25: 0000000000000012 x24: ffff00007830d224 
[  193.190154] x23: ffff800011f83c30 x22: ffff00007a841dc0 
[  193.190611] x21: 0000000000000011 x20: 000000000000001a 
[  193.191066] x19: ffff00007a526f00 x18: 0000000000000000 
[  193.191907] x17: 0000000000000000 x16: 0000000000000000 
[  193.194141] x15: 0000000000000001 x14: 0000000000000000 
[  193.195674] x13: 0000000000000006 x12: 00000000c0a80164 
[  193.197093] x11: 0000000000000000 x10: 0000000000000068 
[  193.198100] x9 : ffff000078039c00 x8 : ffff800011f83c30 
[  193.199909] x7 : 00000000e1e00000 x6 : 00000000000026ad 
[  193.200288] x5 : 0000000000000000 x4 : 0000000000008813 
[  193.205361] x3 : 000000007a526f26 x2 : ffff800011f83c78 
[  193.209447] x1 : 0000000000001a00 x0 : ffff00007a526f00 
[  193.211752] Call trace:
[  193.212722]  udp_send_skb.isra.0+0x60/0x368
[  193.214662]  udp_sendmsg+0x710/0x860
[  193.215939]  inet_sendmsg+0x40/0x68
[  193.216894]  __sys_sendto+0xd4/0x150
[  193.219551]  __arm64_sys_sendto+0x24/0x30
[  193.221765]  el0_svc_common.constprop.0+0x68/0x160
[  193.223638]  el0_svc_handler+0x20/0x80
[  193.224326]  el0_svc+0x8/0xc
[  193.227258] Code: 79000704 2a050021 79000b01 79000f1f (79400064) 
[  193.230400] ---[ end trace 2233dbfa76351c8b ]---
