[  197.153668] Unable to handle kernel NULL pointer dereference at virtual address 0000000000000041
[  197.159173] Mem abort info:
[  197.159517]   ESR = 0x96000021
[  197.159924]   EC = 0x25: DABT (current EL), IL = 32 bits
[  197.160972]   SET = 0, FnV = 0
[  197.163601]   EA = 0, S1PTW = 0
[  197.164427] Data abort info:
[  197.164925]   ISV = 0, ISS = 0x00000021
[  197.166445]   CM = 0, WnR = 0
[  197.169571] user pgtable: 4k pages, 48-bit VAs, pgdp=00000000b6983000
[  197.170060] [0000000000000041] pgd=00000000b269f003, pud=00000000b95dd003, pmd=0000000000000000
[  197.171648] Internal error: Oops: 96000021 [#1] PREEMPT SMP
[  197.172377] Modules linked in:
[  197.180104] CPU: 1 PID: 494 Comm: python3 Not tainted 5.4.18 #2
[  197.185867] Hardware name: linux,dummy-virt (DT)
[  197.190153] pstate: 80000005 (Nzcv daif -PAN -UAO)
[  197.193831] pc : dst_alloc+0x128/0x140
[  197.194276] lr : udp_sendmsg+0x294/0x860
[  197.195156] sp : ffff8000120b3b30
[  197.195488] x29: ffff8000120b3b30 x28: 000000000000001a 
[  197.196053] x27: ffff8000120b3d80 x26: 0000000000000011 
[  197.196506] x25: 0000000000000012 x24: ffff000079753ec8 
[  197.196898] x23: 000000006401a8c0 x22: 0000000000000000 
[  197.198836] x21: ffff00007a997000 x20: 0000000000000000 
[  197.199250] x19: 0000000000000001 x18: 0000000000000000 
[  197.199434] x17: 0000000000000000 x16: 0000000000000000 
[  197.199642] x15: 0000000000000001 x14: 0000000000000000 
[  197.199829] x13: 0000000000000006 x12: 000000000000003c 
[  197.200013] x11: ffff000076802000 x10: 0000000000000000 
[  197.200320] x9 : ffff000070980540 x8 : 0000000000000028 
[  197.200843] x7 : ffff000070a32000 x6 : 0000000022100000 
[  197.201407] x5 : 0000000000000020 x4 : 0000000000000000 
[  197.201715] x3 : 0000000000000001 x2 : 0000000000000041 
[  197.201980] x1 : ffff00007a997000 x0 : 0000000000000001 
[  197.202896] Call trace:
[  197.203249]  dst_alloc+0x128/0x140
[  197.203540]  udp_sendmsg+0x294/0x860
[  197.204085]  inet_sendmsg+0x40/0x68
[  197.204593]  __sys_sendto+0xd4/0x150
[  197.204851]  __arm64_sys_sendto+0x24/0x30
[  197.205486]  el0_svc_common.constprop.0+0x68/0x160
[  197.210295]  el0_svc_handler+0x20/0x80
[  197.211379]  el0_svc+0x8/0xc
[  197.214994] Code: 35ffffa1 d5033bbf 17fffee3 f9800051 (885f7c43) 
[  197.219268] ---[ end trace 4f7132a219b82ed7 ]---
