[  193.072380] Unable to handle kernel paging request at virtual address ffff800011f3c434
[  193.096465] Mem abort info:
[  193.100606]   ESR = 0x96000047
[  193.104080]   EC = 0x25: DABT (current EL), IL = 32 bits
[  193.105998]   SET = 0, FnV = 0
[  193.109361]   EA = 0, S1PTW = 0
[  193.110008] Data abort info:
[  193.112356]   ISV = 0, ISS = 0x00000047
[  193.113230]   CM = 0, WnR = 1
[  193.114490] swapper pgtable: 4k pages, 48-bit VAs, pgdp=00000000412a6000
[  193.118760] [ffff800011f3c434] pgd=00000000bdfff003, pud=00000000bdffe003, pmd=00000000ba8dc003, pte=0000000000000000
[  193.131606] Internal error: Oops: 96000047 [#1] PREEMPT SMP
[  193.135369] Modules linked in:
[  193.152068] CPU: 3 PID: 494 Comm: python3 Not tainted 5.4.18 #2
[  193.157413] Hardware name: linux,dummy-virt (DT)
[  193.161897] pstate: 40000005 (nZcv daif -PAN -UAO)
[  193.170133] pc : udp_sendmsg+0x4ec/0x860
[  193.171754] lr : udp_sendmsg+0x150/0x860
[  193.172616] sp : ffff800011f3bb60
[  193.173433] x29: ffff800011f3bb70 x28: 0000000000000012 
[  193.175856] x27: ffff800011f3bd80 x26: 0000000000000011 
[  193.180098] x25: 0000000000000012 x24: ffff00007b22a108 
[  193.181202] x23: 000000006401a8c0 x22: 0000000000000000 
[  193.182012] x21: ffff000079251c00 x20: ffff800010b762e8 
[  193.184172] x19: ffff00007b229dc0 x18: 0000000000000000 
[  193.184946] x17: 0000000000000000 x16: 0000000000000000 
[  193.185816] x15: 0000000000000000 x14: 0000000000000000 
[  193.188930] x13: 0000000000000000 x12: 0000000000000000 
[  193.189742] x11: 0000000000000000 x10: 00000000000073e9 
[  193.191517] x9 : 000000006401a8c0 x8 : ffff800011963ac0 
[  193.193535] x7 : 00000000000003e8 x6 : ffff800011f3bde8 
[  193.194651] x5 : ffff800011f3bde8 x4 : 0000000000000000 
[  193.195260] x3 : 0000000000008813 x2 : 0000000000000001 
[  193.195794] x1 : 0000000000000000 x0 : 0000000000000011 
[  193.197149] Call trace:
[  193.198468]  udp_sendmsg+0x4ec/0x860
[  193.200252]  inet_sendmsg+0x40/0x68
[  193.201097]  __sys_sendto+0xd4/0x150
[  193.201524]  __arm64_sys_sendto+0x24/0x30
[  193.202063]  el0_svc_common.constprop.0+0x68/0x160
[  193.203466]  el0_svc_handler+0x20/0x80
[  193.204178]  el0_svc+0x8/0xc
[  193.208310] Code: 39480660 390373e2 52800022 b9009be4 (b908d7e2) 
[  193.214352] ---[ end trace e5a5d84a98eb60a5 ]---
