[  199.033518] kernel BUG at arch/arm64/kernel/traps.c:405!
[  199.045366] Internal error: Oops - BUG: 0 [#1] PREEMPT SMP
[  199.047898] Modules linked in:
[  199.053190] CPU: 6 PID: 492 Comm: python3 Not tainted 5.4.18 #2
[  199.054343] Hardware name: linux,dummy-virt (DT)
[  199.057145] pstate: 00000005 (nzcv daif -PAN -UAO)
[  199.062992] pc : do_undefinstr+0x2ec/0x310
[  199.063698] lr : do_undefinstr+0x1e0/0x310
[  199.064471] sp : ffff800011ef39c0
[  199.065092] x29: ffff800011ef39c0 x28: ffff00007a92e200 
[  199.066421] x27: ffff800011ef3d80 x26: 0000000000000011 
[  199.067246] x25: 0000000000000012 x24: 0000000000000000 
[  199.068322] x23: 0000000080000005 x22: ffff800010baa930 
[  199.069121] x21: ffff800011ef3b60 x20: ffff00007a92e200 
[  199.069942] x19: ffff800011ef3a20 x18: 0000000000000000 
[  199.073222] x17: 0000000000000000 x16: 0000000000000000 
[  199.074011] x15: 0000000000000000 x14: 0000000000000000 
[  199.075077] x13: 0000000000000000 x12: 0000000000000000 
[  199.075880] x11: 0000000000000000 x10: 0000000000000000 
[  199.076663] x9 : 000000006401a8c0 x8 : ffff00007a882548 
[  199.077463] x7 : 0000000000000000 x6 : ffff800011ef3a18 
[  199.078265] x5 : 00000000d5300000 x4 : ffff8000117c51f0 
[  199.078798] x3 : 0000000019400000 x2 : 0000000000000000 
[  199.079157] x1 : ffff00007a92e200 x0 : 0000000080000005 
[  199.079893] Call trace:
[  199.080239]  do_undefinstr+0x2ec/0x310
[  199.080541]  el1_undef+0x10/0x84
[  199.080808]  udp_sendmsg+0x4b0/0x860
[  199.081345]  inet_sendmsg+0x40/0x68
[  199.081611]  __sys_sendto+0xd4/0x150
[  199.081861]  __arm64_sys_sendto+0x24/0x30
[  199.082137]  el0_svc_common.constprop.0+0x68/0x160
[  199.082472]  el0_svc_handler+0x20/0x80
[  199.083079]  el0_svc+0x8/0xc
[  199.085120] Code: f9401bf7 17ffff7c a9025bf5 f9001bf7 (d4210000) 
[  199.091169] ---[ end trace e6b421fce76295fe ]---
[  199.092985] note: python3[492] exited with preempt_count 1
[  199.185010] ------------[ cut here ]------------
[  199.185953] WARNING: CPU: 6 PID: 0 at kernel/rcu/tree.c:569 rcu_idle_enter+0x74/0x80
[  199.189133] Modules linked in:
[  199.190051] CPU: 6 PID: 0 Comm: swapper/6 Tainted: G      D           5.4.18 #2
[  199.190785] Hardware name: linux,dummy-virt (DT)
[  199.194410] pstate: 200003c5 (nzCv DAIF -PAN -UAO)
[  199.197768] pc : rcu_idle_enter+0x74/0x80
[  199.200603] lr : do_idle+0x200/0x288
[  199.201993] sp : ffff800011a73f20
[  199.203652] x29: ffff800011a73f20 x28: 0000000000000000 
[  199.205438] x27: 0000000000000000 x26: 0000000000000000 
[  199.209641] x25: 0000000000000000 x24: ffff8000117ba214 
[  199.211281] x23: ffff00007b0c6200 x22: ffff800011404ab8 
[  199.215286] x21: ffff8000117ba1f0 x20: 0000000000000006 
[  199.216791] x19: ffff8000117ba118 x18: 0000000000000010 
[  199.217331] x17: 0000000000000000 x16: 0000000000000000 
[  199.217797] x15: 000000000000025d x14: 0000000000000000 
[  199.218296] x13: 0000000000000002 x12: 000000000000025d 
[  199.218611] x11: 0000000000000001 x10: 00000000000009c0 
[  199.219095] x9 : 0000aa90dd2cf792 x8 : 000000000000aa90 
[  199.219534] x7 : 000000000000b931 x6 : 0000074bf562e87e 
[  199.220345] x5 : 00ffffffffffffff x4 : ffff80006c7c5000 
[  199.222277] x3 : 4000000000000002 x2 : 4000000000000000 
[  199.223125] x1 : ffff800011406980 x0 : ffff00007dbcb980 
[  199.226186] Call trace:
[  199.227236]  rcu_idle_enter+0x74/0x80
[  199.227914]  do_idle+0x200/0x288
[  199.229329]  cpu_startup_entry+0x20/0x40
[  199.229759]  secondary_start_kernel+0x154/0x190
[  199.230230] ---[ end trace e6b421fce76295ff ]---
