[  199.014557] kernel BUG at arch/arm64/kernel/traps.c:405!
[  199.020878] Internal error: Oops - BUG: 0 [#1] PREEMPT SMP
[  199.022995] Modules linked in:
[  199.029537] CPU: 5 PID: 492 Comm: python3 Not tainted 5.4.18 #2
[  199.031991] Hardware name: linux,dummy-virt (DT)
[  199.034651] pstate: 00000005 (nzcv daif -PAN -UAO)
[  199.041513] pc : do_undefinstr+0x2ec/0x310
[  199.042906] lr : do_undefinstr+0x1e0/0x310
[  199.043777] sp : ffff80001210b9c0
[  199.044902] x29: ffff80001210b9c0 x28: ffff000078134600 
[  199.046948] x27: ffff80001210bd80 x26: 0000000000000011 
[  199.047889] x25: 0000000000000012 x24: 0000000000000000 
[  199.048767] x23: 0000000040000005 x22: ffff800010baa4d8 
[  199.049639] x21: ffff80001210bb60 x20: ffff000078134600 
[  199.050753] x19: ffff80001210ba20 x18: 0000000000000000 
[  199.051823] x17: 0000000000000000 x16: 0000000000000000 
[  199.052649] x15: 0000000000000000 x14: 0000000000000000 
[  199.053465] x13: 0000000000000000 x12: 0000000000000000 
[  199.054709] x11: 0000000000000000 x10: 0000000000000000 
[  199.055773] x9 : 0000000000400100 x8 : ffff000078134600 
[  199.056683] x7 : 0000ffff9e080e50 x6 : ffff80001210ba18 
[  199.057568] x5 : 00000000d5300000 x4 : ffff8000117c51f0 
[  199.058391] x3 : 0000000099400000 x2 : 0000000000000000 
[  199.059196] x1 : ffff000078134600 x0 : 0000000040000005 
[  199.062912] Call trace:
[  199.064860]  do_undefinstr+0x2ec/0x310
[  199.065654]  el1_undef+0x10/0x84
[  199.066259]  udp_sendmsg+0x58/0x860
[  199.066846]  inet_sendmsg+0x40/0x68
[  199.067433]  __sys_sendto+0xd4/0x150
[  199.068153]  __arm64_sys_sendto+0x24/0x30
[  199.068817]  el0_svc_common.constprop.0+0x68/0x160
[  199.069848]  el0_svc_handler+0x20/0x80
[  199.070843]  el0_svc+0x8/0xc
[  199.071861] Code: f9401bf7 17ffff7c a9025bf5 f9001bf7 (d4210000) 
[  199.073881] ---[ end trace b77094c4971b1aa0 ]---
[  199.076743] note: python3[492] exited with preempt_count 1
[  199.129628] ------------[ cut here ]------------
[  199.131964] WARNING: CPU: 5 PID: 0 at kernel/rcu/tree.c:569 rcu_idle_enter+0x74/0x80
[  199.133749] Modules linked in:
[  199.135293] CPU: 5 PID: 0 Comm: swapper/5 Tainted: G      D           5.4.18 #2
[  199.140961] Hardware name: linux,dummy-virt (DT)
[  199.143733] pstate: 200003c5 (nzCv DAIF -PAN -UAO)
[  199.145820] pc : rcu_idle_enter+0x74/0x80
[  199.146578] lr : do_idle+0x200/0x288
[  199.149360] sp : ffff800011a6bf20
[  199.151092] x29: ffff800011a6bf20 x28: 0000000000000000 
[  199.155611] x27: 0000000000000000 x26: 0000000000000000 
[  199.156043] x25: 0000000000000000 x24: ffff8000117ba214 
[  199.157299] x23: ffff00007b0c5400 x22: ffff800011404ab8 
[  199.158057] x21: ffff8000117ba1f0 x20: 0000000000000005 
[  199.158739] x19: ffff8000117ba118 x18: 0000000000000010 
[  199.159381] x17: 0000000000000000 x16: 0000000000000000 
[  199.160947] x15: 0000000000000001 x14: 0000000000000000 
[  199.162235] x13: 0000000000000002 x12: 0000000000000001 
[  199.163344] x11: 0000000000000001 x10: 00000000000009c0 
[  199.163772] x9 : ffff800011a6be90 x8 : ffff00007b0c5e20 
[  199.164184] x7 : 0000000000000400 x6 : 000000becada502c 
[  199.164587] x5 : 00ffffffffffffff x4 : ffff80006c7af000 
[  199.166804] x3 : 4000000000000002 x2 : 4000000000000000 
[  199.167655] x1 : ffff800011406980 x0 : ffff00007dbb5980 
[  199.169172] Call trace:
[  199.169458]  rcu_idle_enter+0x74/0x80
[  199.172445]  do_idle+0x200/0x288
[  199.173496]  cpu_startup_entry+0x20/0x40
[  199.174638]  secondary_start_kernel+0x154/0x190
[  199.176528] ---[ end trace b77094c4971b1aa1 ]---
