[  193.158347] Unable to handle kernel NULL pointer dereference at virtual address 0000000000000000
[  193.186818] Mem abort info:
[  193.187736]   ESR = 0x96000006
[  193.189151]   EC = 0x25: DABT (current EL), IL = 32 bits
[  193.190424]   SET = 0, FnV = 0
[  193.191626]   EA = 0, S1PTW = 0
[  193.191949] Data abort info:
[  193.192572]   ISV = 0, ISS = 0x00000006
[  193.195245]   CM = 0, WnR = 0
[  193.196697] user pgtable: 4k pages, 48-bit VAs, pgdp=00000000b9611000
[  193.199273] [0000000000000000] pgd=00000000b2793003, pud=00000000b4576003, pmd=0000000000000000
[  193.205306] Internal error: Oops: 96000006 [#1] PREEMPT SMP
[  193.207012] Modules linked in:
[  193.210940] CPU: 1 PID: 495 Comm: python3 Not tainted 5.4.18 #2
[  193.212029] Hardware name: linux,dummy-virt (DT)
[  193.219241] pstate: 40000005 (nZcv daif -PAN -UAO)
[  193.228291] pc : ip_route_output_key_hash_rcu+0x2c8/0x668
[  193.229832] lr : ip_route_output_key_hash_rcu+0x2c4/0x668
[  193.230422] sp : ffff800011d8ba70
[  193.230827] x29: ffff800011d8ba70 x28: 0000000000000012 
[  193.231718] x27: ffff800011d8bd80 x26: 0000000000000011 
[  193.233339] x25: 0000000000000000 x24: 0000000000000000 
[  193.235043] x23: 0000000000000000 x22: ffff00007b22dc88 
[  193.238701] x21: ffff00007b22dc88 x20: ffff800011d8bb18 
[  193.243048] x19: ffff800011d8bc30 x18: 0000000000000000 
[  193.243893] x17: 0000000000000000 x16: 0000000000000000 
[  193.244825] x15: 0000000000000000 x14: 0000000000000000 
[  193.245828] x13: 0000000000000000 x12: 0000000000000000 
[  193.247391] x11: 0000000000000000 x10: 00000000000072a4 
[  193.248331] x9 : 000000006401a8c0 x8 : ffff00007b22dc88 
[  193.250680] x7 : 00000000000003e8 x6 : ffff800011d8bde8 
[  193.251542] x5 : ffff800011d8bde8 x4 : 0000000000000001 
[  193.252175] x3 : 0000000000000000 x2 : ffff800011d8bb18 
[  193.252934] x1 : ffff00007973c600 x0 : 0000000000000000 
[  193.253741] Call trace:
[  193.254123]  ip_route_output_key_hash_rcu+0x2c8/0x668
[  193.255128]  ip_route_output_key_hash+0x74/0xa8
[  193.255702]  ip_route_output_flow+0x10/0x18
[  193.256093]  udp_sendmsg+0x520/0x860
[  193.256613]  inet_sendmsg+0x40/0x68
[  193.259233]  __sys_sendto+0xd4/0x150
[  193.259816]  __arm64_sys_sendto+0x24/0x30
[  193.260227]  el0_svc_common.constprop.0+0x68/0x160
[  193.260713]  el0_svc_handler+0x20/0x80
[  193.261895]  el0_svc+0x8/0xc
[  193.265175] Code: b9002a60 34fff9e1 97d781da f94156c0 (f9400000) 
[  193.271113] ---[ end trace f18ffbcad12ddf4d ]---
