[  199.931143] Unable to handle kernel NULL pointer dereference at virtual address 0000000000000019
[  199.956221] Mem abort info:
[  199.960895]   ESR = 0x96000006
[  199.965261]   EC = 0x25: DABT (current EL), IL = 32 bits
[  199.970698]   SET = 0, FnV = 0
[  199.971121]   EA = 0, S1PTW = 0
[  199.972914] Data abort info:
[  199.973498]   ISV = 0, ISS = 0x00000006
[  199.974195]   CM = 0, WnR = 0
[  199.975719] user pgtable: 4k pages, 48-bit VAs, pgdp=00000000b804c000
[  199.981162] [0000000000000019] pgd=00000000b1b25003, pud=00000000b97f8003, pmd=0000000000000000
[  199.989991] Internal error: Oops: 96000006 [#1] PREEMPT SMP
[  199.990928] Modules linked in:
[  200.006053] CPU: 7 PID: 494 Comm: python3 Not tainted 5.4.18 #2
[  200.009501] Hardware name: linux,dummy-virt (DT)
[  200.010245] pstate: 60000005 (nZCv daif -PAN -UAO)
[  200.014383] pc : udp_sendmsg+0x164/0x860
[  200.015590] lr : udp_sendmsg+0x150/0x860
[  200.016348] sp : ffff80001211bb60
[  200.018773] x29: ffff80001211bb70 x28: 0000000000000012 
[  200.022473] x27: ffff80001211bd80 x26: 0000000000000011 
[  200.027857] x25: 0000000000000012 x24: ffff00007a972dc8 
[  200.029481] x23: 000000006401a8c0 x22: 0000000000000000 
[  200.030993] x21: ffff00007a417000 x20: ffff800010b762e8 
[  200.033110] x19: ffff00007a972a80 x18: 0000000000000000 
[  200.036558] x17: 0000000000000000 x16: 0000000000000000 
[  200.037150] x15: 0000000000000000 x14: 0000000000000000 
[  200.040738] x13: 0000000000000000 x12: 0000000000000000 
[  200.041598] x11: 0000000000000000 x10: 0000000000000000 
[  200.043514] x9 : 0000000000000000 x8 : 0000000000000000 
[  200.043864] x7 : 0000000000000000 x6 : ffff80001211bde8 
[  200.045737] x5 : ffff80001211bde8 x4 : 0000000000000000 
[  200.046092] x3 : 0000000000000000 x2 : 00000000ffffffff 
[  200.046875] x1 : 0000000000000000 x0 : 0000000000000000 
[  200.047801] Call trace:
[  200.050884]  udp_sendmsg+0x164/0x860
[  200.051146]  inet_sendmsg+0x40/0x68
[  200.052132]  __sys_sendto+0xd4/0x150
[  200.052431]  __arm64_sys_sendto+0x24/0x30
[  200.052637]  el0_svc_common.constprop.0+0x68/0x160
[  200.053330]  el0_svc_handler+0x20/0x80
[  200.053517]  el0_svc+0x8/0xc
[  200.054601] Code: b940bbe7 b900bbf7 b9408be4 b40014c2 (39406401) 
[  200.060178] ---[ end trace c2370a4be3964bdc ]---
