 [  154.311788] Unable to handle kernel write to read-only memory at virtual address ffff800010bb7098
[  154.318172] Mem abort info:
[  154.319416]   ESR = 0x9600004e
[  154.328307]   EC = 0x25: DABT (current EL), IL = 32 bits
[  154.329173]   SET = 0, FnV = 0
[  154.333813]   EA = 0, S1PTW = 0
[  154.336348] Data abort info:
[  154.344285]   ISV = 0, ISS = 0x0000004e
[  154.348470]   CM = 0, WnR = 1
[  154.363583] swapper pgtable: 4k pages, 48-bit VAs, pgdp=00000000412a6000
[  154.364126] [ffff800010bb7098] pgd=00000000bdfff003, pud=00000000bdffe003, pmd=0040000040a00791
[  154.367552] Internal error: Oops: 9600004e [#1] PREEMPT SMP
[  154.378265] Modules linked in:
[  154.383958] CPU: 1 PID: 492 Comm: python3 Not tainted 5.4.18 #2
[  154.386477] Hardware name: linux,dummy-virt (DT)
[  154.390254] pstate: 40000005 (nZcv daif -PAN -UAO)
[  154.394266] pc : udp_sendmsg+0x40/0x860
[  154.402517] lr : inet_sendmsg+0x40/0x68
[  154.407089] sp : ffff800011fbbb60
[  154.412793] x29: ffff800011fbbb70 x28: 0000000000000012 
[  154.426637] x27: ffff800011fbbd80 x26: 0000000000000011 
[  154.431028] x25: 0000000000000012 x24: ffff800011fbbdd8 
[  154.436158] x23: 0000ffffed4bbba8 x22: 0000000000000001 
[  154.440704] x21: ffff00007a94d400 x20: 0000000000000012 
[  154.441287] x19: ffff00007b22b300 x18: 0000000000000000 
[  154.444147] x17: 0000000000000000 x16: 0000000000000000 
[  154.445724] x15: 0000000000000000 x14: 0000000000000000 
[  154.447895] x13: 0000000000000000 x12: 0000000000000000 
[  154.448422] x11: 0000000000000000 x10: 0000000000000000 
[  154.449262] x9 : 0000000000400100 x8 : ffff00007a94d400 
[  154.453985] x7 : 0000ffff97b2ed50 x6 : ffff800011fbbde8 
[  154.456343] x5 : ffff800011fbbde8 x4 : 0000000000000002 
[  154.470486] x3 : ffff800010baa480 x2 : 0000000000000012 
[  154.474681] x1 : c39fc513b584fd00 x0 : ffff00007b22b300 
[  154.475591] Call trace:
[  154.478010]  udp_sendmsg+0x40/0x860
[  154.479196]  inet_sendmsg+0x40/0x68
[  154.481854]  __sys_sendto+0xd4/0x150
[  154.482516]  __arm64_sys_sendto+0x24/0x30
[  154.482948]  el0_svc_common.constprop.0+0x68/0x160
[  154.483346]  el0_svc_handler+0x20/0x80
[  154.483749]  el0_svc+0x8/0xc
[  154.489255] Code: aa0103fb aa0203fc 3948041a f9423aa1 (f900c7c1) 
[  154.497273] ---[ end trace 3f5bbda7a151c93e ]---
