[  193.725136] kernel BUG at arch/arm64/kernel/traps.c:405!
[  193.727306] Internal error: Oops - BUG: 0 [#1] PREEMPT SMP
[  193.728621] Modules linked in:
[  193.731139] CPU: 7 PID: 496 Comm: python3 Not tainted 5.4.18 #2
[  193.731720] Hardware name: linux,dummy-virt (DT)
[  193.733412] pstate: 00000005 (nzcv daif -PAN -UAO)
[  193.737585] pc : do_undefinstr+0x2ec/0x310
[  193.738042] lr : do_undefinstr+0x1e0/0x310
[  193.738478] sp : ffff800011f4b9c0
[  193.739050] x29: ffff800011f4b9c0 x28: ffff00007a830000 
[  193.739821] x27: ffff800011f4bd80 x26: 0000000000000011 
[  193.740305] x25: 0000000000000012 x24: 0000000000000000 
[  193.740858] x23: 0000000080000005 x22: ffff800010baa510 
[  193.741332] x21: ffff800011f4bb60 x20: ffff00007a830000 
[  193.741799] x19: ffff800011f4ba20 x18: 0000000000000000 
[  193.742345] x17: 0000000000000000 x16: 0000000000000000 
[  193.742824] x15: 0000000000000000 x14: 0000000000000000 
[  193.743396] x13: 0000000000000000 x12: 0000000000000000 
[  193.743876] x11: 0000000000000000 x10: 0000000000000000 
[  193.744345] x9 : 0000000000400100 x8 : ffff00007a830000 
[  193.744877] x7 : 0000ffffa22fcd90 x6 : ffff800011f4ba18 
[  193.745354] x5 : 00000000d5300000 x4 : ffff8000117c51f0 
[  193.745819] x3 : 0000000099000000 x2 : 0000000000000000 
[  193.746284] x1 : ffff00007a830000 x0 : 0000000080000005 
[  193.747497] Call trace:
[  193.748022]  do_undefinstr+0x2ec/0x310
[  193.748444]  el1_undef+0x10/0x84
[  193.748883]  udp_sendmsg+0x90/0x860
[  193.749226]  inet_sendmsg+0x40/0x68
[  193.749564]  __sys_sendto+0xd4/0x150
[  193.749900]  __arm64_sys_sendto+0x24/0x30
[  193.750273]  el0_svc_common.constprop.0+0x68/0x160
[  193.751049]  el0_svc_handler+0x20/0x80
[  193.751432]  el0_svc+0x8/0xc
[  193.753141] Code: f9401bf7 17ffff7c a9025bf5 f9001bf7 (d4210000) 
[  193.756018] ---[ end trace 7a4cadc6dbcdfe42 ]---
[  193.757476] note: python3[496] exited with preempt_count 1
[  193.782395] ------------[ cut here ]------------
[  193.784312] WARNING: CPU: 7 PID: 0 at kernel/rcu/tree.c:569 rcu_idle_enter+0x74/0x80
[  193.793957] Modules linked in:
[  193.801359] CPU: 7 PID: 0 Comm: swapper/7 Tainted: G      D           5.4.18 #2
[  193.804588] Hardware name: linux,dummy-virt (DT)
[  193.810614] pstate: 200003c5 (nzCv DAIF -PAN -UAO)
[  193.817595] pc : rcu_idle_enter+0x74/0x80
[  193.819704] lr : do_idle+0x200/0x288
[  193.820500] sp : ffff800011a7bf20
[  193.822112] x29: ffff800011a7bf20 x28: 0000000000000000 
[  193.823316] x27: 0000000000000000 x26: 0000000000000000 
[  193.826749] x25: 0000000000000000 x24: ffff8000117ba214 
[  193.831354] x23: ffff00007b0c7000 x22: ffff800011404ab8 
[  193.833021] x21: ffff8000117ba1f0 x20: 0000000000000007 
[  193.835521] x19: ffff8000117ba118 x18: 0000000000000010 
[  193.837164] x17: 0000000000000000 x16: 0000000000000000 
[  193.839675] x15: 00000000000000d9 x14: 0000000000000000 
[  193.840571] x13: 0000000000000003 x12: 00000000000000d9 
[  193.841124] x11: 0000000000000001 x10: 00000000000009c0 
[  193.841826] x9 : ffff800011a7be90 x8 : ffff00007b0c7a20 
[  193.843898] x7 : ffff80006c7db000 x6 : 000001fbebf8b543 
[  193.847420] x5 : 00ffffffffffffff x4 : 000991fadfc65c6c 
[  193.848829] x3 : 4000000000000002 x2 : 4000000000000000 
[  193.849437] x1 : ffff800011406980 x0 : ffff00007dbe1980 
[  193.850418] Call trace:
[  193.851301]  rcu_idle_enter+0x74/0x80
[  193.852977]  do_idle+0x200/0x288
[  193.855800]  cpu_startup_entry+0x20/0x40
[  193.856944]  secondary_start_kernel+0x154/0x190
[  193.857310] ---[ end trace 7a4cadc6dbcdfe43 ]---
