[  192.887206] Unable to handle kernel paging request at virtual address 000000006401ad30
[  192.894338] Mem abort info:
[  192.895498]   ESR = 0x96000005
[  192.896525]   EC = 0x25: DABT (current EL), IL = 32 bits
[  192.901640]   SET = 0, FnV = 0
[  192.902549]   EA = 0, S1PTW = 0
[  192.903001] Data abort info:
[  192.903738]   ISV = 0, ISS = 0x00000005
[  192.904346]   CM = 0, WnR = 0
[  192.906460] user pgtable: 4k pages, 48-bit VAs, pgdp=00000000b25e3000
[  192.908137] [000000006401ad30] pgd=00000000b257e003, pud=0000000000000000
[  192.918541] Internal error: Oops: 96000005 [#1] PREEMPT SMP
[  192.922921] Modules linked in:
[  192.927393] CPU: 5 PID: 493 Comm: python3 Not tainted 5.4.18 #2
[  192.928255] Hardware name: linux,dummy-virt (DT)
[  192.930587] pstate: 80000005 (Nzcv daif -PAN -UAO)
[  192.934093] pc : udp_sendmsg+0x318/0x860
[  192.934566] lr : udp_sendmsg+0x294/0x860
[  192.934903] sp : ffff800011d43b60
[  192.938707] x29: ffff800011d43b70 x28: 000000000000001a 
[  192.941228] x27: ffff800011d43d80 x26: 0000000000000011 
[  192.943918] x25: 0000000000000012 x24: ffff00007817adc8 
[  192.950327] x23: 000000006401a8c0 x22: 0000000000000000 
[  192.952172] x21: 000000006401ad30 x20: 0000000000000000 
[  192.954205] x19: ffff00007817aa80 x18: 0000000000000000 
[  192.954836] x17: 0000000000000000 x16: 0000000000000000 
[  192.957638] x15: 0000000000000001 x14: 0000000000000000 
[  192.958382] x13: 0000000000000006 x12: 000000000000003c 
[  192.960108] x11: ffff000075d95000 x10: 0000000000000000 
[  192.960695] x9 : ffff00007800a140 x8 : 0000000000000028 
[  192.963240] x7 : ffff00007a5ae000 x6 : 0000000022100000 
[  192.964995] x5 : 0000000000000042 x4 : 0000000000000000 
[  192.967639] x3 : 0000000000000000 x2 : ffff80006c7af000 
[  192.968437] x1 : ffff000076fe4600 x0 : 1dc188376ae69400 
[  192.969822] Call trace:
[  192.970190]  udp_sendmsg+0x318/0x860
[  192.976220]  inet_sendmsg+0x40/0x68
[  192.978774]  __sys_sendto+0xd4/0x150
[  192.980866]  __arm64_sys_sendto+0x24/0x30
[  192.981795]  el0_svc_common.constprop.0+0x68/0x160
[  192.982771]  el0_svc_handler+0x20/0x80
[  192.982978]  el0_svc+0x8/0xc
[  192.984470] Code: 2a1403f9 9402163f 9111c2f5 f940c7e0 (f94002a1) 
[  192.987950] ---[ end trace 8bbbb790d9301c8f ]---
