[  197.357050] Unable to handle kernel paging request at virtual address 000000006401a9a0
[  197.359742] Mem abort info:
[  197.360503]   ESR = 0x96000045
[  197.360865]   EC = 0x25: DABT (current EL), IL = 32 bits
[  197.361264]   SET = 0, FnV = 0
[  197.362614]   EA = 0, S1PTW = 0
[  197.363032] Data abort info:
[  197.363479]   ISV = 0, ISS = 0x00000045
[  197.363771]   CM = 0, WnR = 1
[  197.364541] user pgtable: 4k pages, 48-bit VAs, pgdp=00000000b2731000
[  197.365248] [000000006401a9a0] pgd=00000000b4eac003, pud=0000000000000000
[  197.367083] Internal error: Oops: 96000045 [#1] PREEMPT SMP
[  197.369614] Modules linked in:
[  197.373426] CPU: 6 PID: 503 Comm: python3 Not tainted 5.4.18 #2
[  197.373749] Hardware name: linux,dummy-virt (DT)
[  197.377213] pstate: 40000005 (nZcv daif -PAN -UAO)
[  197.377671] pc : udp_sendmsg+0x508/0x860
[  197.377967] lr : udp_sendmsg+0x150/0x860
[  197.380931] sp : ffff800011d5bb60
[  197.382317] x29: ffff800011d5bb70 x28: 0000000000000012 
[  197.383095] x27: ffff800011d5bd80 x26: 0000000000000011 
[  197.383923] x25: 0000000000000012 x24: ffff0000794d3208 
[  197.384106] x23: 000000006401a8c0 x22: 0000000000000000 
[  197.386461] x21: ffff00007ab98000 x20: ffff800010b762e8 
[  197.389356] x19: ffff0000794d2ec0 x18: 0000000000000000 
[  197.389793] x17: 0000000000000000 x16: 0000000000000000 
[  197.390407] x15: 0000000000000000 x14: 0000000000000000 
[  197.392282] x13: 0000000000000000 x12: 0000000000000000 
[  197.392680] x11: 0000000000000000 x10: 000000000000d5bf 
[  197.393409] x9 : 000000006401a8c0 x8 : ffff800011963ac0 
[  197.395543] x7 : 00000000000003e8 x6 : ffff800011d5bde8 
[  197.396636] x5 : ffff800011d5bde8 x4 : 0000000000000000 
[  197.397331] x3 : 0000000000008813 x2 : ffff0000794d2ec0 
[  197.397885] x1 : ffff800011d5bc30 x0 : ffff800011963ac0 
[  197.399419] Call trace:
[  197.399965]  udp_sendmsg+0x508/0x860
[  197.401208]  inet_sendmsg+0x40/0x68
[  197.401472]  __sys_sendto+0xd4/0x150
[  197.402369]  __arm64_sys_sendto+0x24/0x30
[  197.405294]  el0_svc_common.constprop.0+0x68/0x160
[  197.407819]  el0_svc_handler+0x20/0x80
[  197.412911]  el0_svc+0x8/0xc
[  197.416080] Code: 39037be0 aa0803e0 39037fe1 910343e1 (b900e2ff) 
[  197.417565] ---[ end trace c70ae4bdff51d7e8 ]---
