[  192.630356] Unable to handle kernel paging request at virtual address 0000000000001bc2
[  192.631741] Mem abort info:
[  192.632182]   ESR = 0x96000006
[  192.632747]   EC = 0x25: DABT (current EL), IL = 32 bits
[  192.633376]   SET = 0, FnV = 0
[  192.633788]   EA = 0, S1PTW = 0
[  192.639558] Data abort info:
[  192.640994]   ISV = 0, ISS = 0x00000006
[  192.645588]   CM = 0, WnR = 0
[  192.647003] user pgtable: 4k pages, 48-bit VAs, pgdp=00000000b2706000
[  192.647518] [0000000000001bc2] pgd=00000000b0c7e003, pud=00000000b2453003, pmd=0000000000000000
[  192.663086] Internal error: Oops: 96000006 [#1] PREEMPT SMP
[  192.665945] Modules linked in:
[  192.678096] CPU: 6 PID: 496 Comm: python3 Not tainted 5.4.18 #2
[  192.685963] Hardware name: linux,dummy-virt (DT)
[  192.692064] pstate: 40000005 (nZcv daif -PAN -UAO)
[  192.700306] pc : hidinput_connect+0x388/0x46a0
[  192.703534] lr : hidinput_connect+0x2f48/0x46a0
[  192.704734] sp : ffff80001209bb60
[  192.706632] x29: ffff80001209bb70 x28: 0000000000000012 
[  192.709101] x27: ffff80001209bd80 x26: 0000000000000011 
[  192.713987] x25: 0000000000000012 x24: ffff00007a962548 
[  192.714663] x23: 000000006401a8c0 x22: 0000000000000000 
[  192.717471] x21: ffff00007abb8000 x20: ffff800010b762e8 
[  192.718002] x19: ffff00007a962200 x18: 0000000000000000 
[  192.718513] x17: 0000000000000000 x16: 0000000000000000 
[  192.719149] x15: 0000000000000000 x14: 0000000000000000 
[  192.719977] x13: 0000000000000000 x12: 0000000000000000 
[  192.720490] x11: 0000000000000000 x10: 0000000000008cc8 
[  192.721058] x9 : 000000006401a8c0 x8 : ffff800011963ac0 
[  192.723100] x7 : 00000000000003e8 x6 : ffff80001209bde8 
[  192.723977] x5 : ffff80001209bde8 x4 : 0000000000000000 
[  192.724982] x3 : 0000000000000000 x2 : ffff80001209be58 
[  192.731300] x1 : ffff80001209bc90 x0 : 0000000400000000 
[  192.735492] Call trace:
[  192.738478]  hidinput_connect+0x388/0x46a0
[  192.741118]  inet_sendmsg+0x40/0x68
[  192.747086]  __sys_sendto+0xd4/0x150
[  192.750596]  __arm64_sys_sendto+0x24/0x30
[  192.756669]  el0_svc_common.constprop.0+0x68/0x160
[  192.765942]  el0_svc_handler+0x20/0x80
[  192.767339]  el0_svc+0x8/0xc
[  192.776150] Code: 79001e81 f9006be0 528001e0 b900cfe0 (f94ddb20) 
[  192.782432] ---[ end trace e1e2de07c44be6f6 ]---
