[  197.752628] Unable to handle kernel paging request at virtual address ffff800011fa4048
[  197.768380] Mem abort info:
[  197.774067]   ESR = 0x96000047
[  197.777681]   EC = 0x25: DABT (current EL), IL = 32 bits
[  197.783055]   SET = 0, FnV = 0
[  197.783652]   EA = 0, S1PTW = 0
[  197.784215] Data abort info:
[  197.784802]   ISV = 0, ISS = 0x00000047
[  197.787297]   CM = 0, WnR = 1
[  197.789916] swapper pgtable: 4k pages, 48-bit VAs, pgdp=00000000412a6000
[  197.791144] [ffff800011fa4048] pgd=00000000bdfff003, pud=00000000bdffe003, pmd=00000000ba983003, pte=0000000000000000
[  197.811163] Internal error: Oops: 96000047 [#1] PREEMPT SMP
[  197.822884] Modules linked in:
[  197.836199] CPU: 6 PID: 497 Comm: python3 Not tainted 5.4.18 #2
[  197.842130] Hardware name: linux,dummy-virt (DT)
[  197.846210] pstate: 40000005 (nZcv daif -PAN -UAO)
[  197.851471] pc : udp_sendmsg+0x510/0x860
[  197.851993] lr : udp_sendmsg+0x150/0x860
[  197.854460] sp : ffff800011fa3b60
[  197.855076] x29: ffff800011fa3b70 x28: 0000000000000012 
[  197.865012] x27: ffff800011fa3d80 x26: 0000000000000011 
[  197.867569] x25: 0000000000000012 x24: ffff00007b262dc8 
[  197.872366] x23: 000000006401a8c0 x22: 0000000000000000 
[  197.874475] x21: ffff00007b1dd400 x20: ffff800010b762e8 
[  197.882163] x19: ffff00007b262a80 x18: 0000000000000000 
[  197.883329] x17: 0000000000000000 x16: 0000000000000000 
[  197.888669] x15: 0000000000000000 x14: 0000000000000000 
[  197.896018] x13: 0000000000000000 x12: 0000000000000000 
[  197.903123] x11: 0000000000000000 x10: 00000000000049cc 
[  197.910449] x9 : 000000006401a8c0 x8 : ffff800011963ac0 
[  197.914724] x7 : 00000000000003e8 x6 : ffff800011fa3de8 
[  197.919175] x5 : ffff800011fa3de8 x4 : 0000000000000000 
[  197.923460] x3 : 0000000000008813 x2 : ffff00007b262a80 
[  197.927635] x1 : ffff800011fa3c30 x0 : ffff800011963ac0 
[  197.937652] Call trace:
[  197.939577]  udp_sendmsg+0x510/0x860
[  197.939989]  inet_sendmsg+0x40/0x68
[  197.940297]  __sys_sendto+0xd4/0x150
[  197.940976]  __arm64_sys_sendto+0x24/0x30
[  197.945853]  el0_svc_common.constprop.0+0x68/0x160
[  197.949424]  el0_svc_handler+0x20/0x80
[  197.954464]  el0_svc+0x8/0xc
[  197.962263] Code: 39037fe1 910343e1 b900e3ff b900e7e7 (f90277ff) 
[  197.971025] ---[ end trace 3d9b608ef1aea448 ]---
