[  193.530435] Insufficient stack space to handle exception!
[  193.530631] ESR: 0x96000006 -- DABT (current EL)
[  193.532025] FAR: 0x0000000000000030
[  193.532462] Task stack:     [0xffff800011ea0000..0xffff800011ea4000]
[  193.533177] IRQ stack:      [0xffff800010008000..0xffff80001000c000]
[  193.533802] Overflow stack: [0xffff00007db512a0..0xffff00007db522a0]
[  193.535613] CPU: 1 PID: 495 Comm: python3 Not tainted 5.4.18 #2
[  193.536269] Hardware name: linux,dummy-virt (DT)
[  193.538360] pstate: 60000005 (nZCv daif -PAN -UAO)
[  193.539612] pc : udp_send_skb.isra.0+0x48/0x368
[  193.541080] lr : udp_sendmsg+0x710/0x860
[  193.543887] sp : ffff0000782d44c0
[  193.544576] x29: ffff0000782d44c0 x28: 000000000000001a 
[  193.545746] x27: ffff800011ea3d80 x26: 0000000000000011 
[  193.546558] x25: 0000000000000012 x24: ffff0000782d7224 
[  193.547416] x23: 0000000000000000 x22: ffff00007a529540 
[  193.548232] x21: 0000000000000011 x20: 000000000000001a 
[  193.549185] x19: ffff0000782d3500 x18: 0000000000000000 
[  193.550025] x17: 0000000000000000 x16: 0000000000000000 
[  193.550831] x15: 0000000000000001 x14: 0000000000000000 
[  193.551689] x13: 0000000000000006 x12: 00000000c0a80164 
[  193.552459] x11: 0000000000000000 x10: 0000000000000068 
[  193.553472] x9 : ffff000073bbc600 x8 : 0000000000000000 
[  193.554347] x7 : 00000000aef00000 x6 : 000000000000cf88 
[  193.555139] x5 : ffff0000782d7200 x4 : 0000000000000024 
[  193.556511] x3 : ffff800011ea3c8e x2 : ffff800011ea3c78 
[  193.557870] x1 : 0000000000001a00 x0 : ffff0000782d3500 
[  193.560585] Kernel panic - not syncing: kernel stack overflow
[  193.562287] CPU: 1 PID: 495 Comm: python3 Not tainted 5.4.18 #2
[  193.563069] Hardware name: linux,dummy-virt (DT)
[  193.564475] Call trace:
[  193.565083]  dump_backtrace+0x0/0x140
[  193.566779]  show_stack+0x14/0x20
[  193.567346]  dump_stack+0xb4/0xf8
[  193.567936]  panic+0x158/0x324
[  193.568431]  nmi_panic+0x84/0x88
[  193.569146]  handle_bad_stack+0x108/0x130
[  193.570055]  __bad_stack+0x90/0x94
[  193.570604]  udp_send_skb.isra.0+0x48/0x368
[  193.575856] SMP: stopping secondary CPUs
[  193.579998] Kernel Offset: disabled
[  193.580528] CPU features: 0x0002,20006000
[  193.581104] Memory Limit: none
[  193.586114] ---[ end Kernel panic - not syncing: kernel stack overflow ]---
