[  197.446294] Unable to handle kernel NULL pointer dereference at virtual address 00000000000002b9
[  197.447430] Mem abort info:
[  197.447810]   ESR = 0x96000006
[  197.448167]   EC = 0x25: DABT (current EL), IL = 32 bits
[  197.448484]   SET = 0, FnV = 0
[  197.448685]   EA = 0, S1PTW = 0
[  197.448904] Data abort info:
[  197.449107]   ISV = 0, ISS = 0x00000006
[  197.449339]   CM = 0, WnR = 0
[  197.449824] user pgtable: 4k pages, 48-bit VAs, pgdp=00000000b4509000
[  197.450294] [00000000000002b9] pgd=00000000b4748003, pud=00000000b9448003, pmd=0000000000000000
[  197.454819] Internal error: Oops: 96000006 [#1] PREEMPT SMP
[  197.455384] Modules linked in:
[  197.457626] CPU: 7 PID: 497 Comm: python3 Not tainted 5.4.18 #2
[  197.460161] Hardware name: linux,dummy-virt (DT)
[  197.461939] pstate: 40000005 (nZcv daif -PAN -UAO)
[  197.465595] pc : ip_route_output_key_hash_rcu+0x2c4/0x668
[  197.467811] lr : ip_route_output_key_hash_rcu+0x2c4/0x668
[  197.469345] sp : ffff800011d4ba70
[  197.470320] x29: ffff800011d4ba70 x28: 0000000000000012 
[  197.471862] x27: ffff800011d4bd80 x26: 0000000000000011 
[  197.472690] x25: 0000000000000000 x24: 0000000000000000 
[  197.473661] x23: 0000000000000000 x22: 0000000000000011 
[  197.474361] x21: 0000000000000011 x20: ffff800011d4bb18 
[  197.474906] x19: ffff800011d4bc30 x18: 0000000000000000 
[  197.476665] x17: 0000000000000000 x16: 0000000000000000 
[  197.476904] x15: 0000000000000000 x14: 0000000000000000 
[  197.479126] x13: 0000000000000000 x12: 0000000000000000 
[  197.481937] x11: 0000000000000000 x10: 00000000000010d5 
[  197.483558] x9 : 000000006401a8c0 x8 : ffff800011963ac0 
[  197.487538] x7 : 00000000000003e8 x6 : ffff800011d4bde8 
[  197.490954] x5 : ffff800011d4bde8 x4 : 0000000000000001 
[  197.492709] x3 : 0000000000000000 x2 : ffff800011d4bb18 
[  197.493570] x1 : ffff00007aa18e00 x0 : 0000000000000002 
[  197.495058] Call trace:
[  197.496244]  ip_route_output_key_hash_rcu+0x2c4/0x668
[  197.497097]  ip_route_output_key_hash+0x74/0xa8
[  197.497335]  ip_route_output_flow+0x10/0x18
[  197.497547]  udp_sendmsg+0x520/0x860
[  197.497736]  inet_sendmsg+0x40/0x68
[  197.497922]  __sys_sendto+0xd4/0x150
[  197.498109]  __arm64_sys_sendto+0x24/0x30
[  197.498343]  el0_svc_common.constprop.0+0x68/0x160
[  197.498574]  el0_svc_handler+0x20/0x80
[  197.500521]  el0_svc+0x8/0xc
[  197.508065] Code: b9402e61 b9002a60 34fff9e1 97d781da (f94156c0) 
[  197.513222] ---[ end trace 98af74a76569458d ]---
