[  193.650264] Unable to handle kernel NULL pointer dereference at virtual address 000000000000001a
[  193.669789] Mem abort info:
[  193.672457]   ESR = 0x96000006
[  193.673883]   EC = 0x25: DABT (current EL), IL = 32 bits
[  193.674575]   SET = 0, FnV = 0
[  193.680567]   EA = 0, S1PTW = 0
[  193.681301] Data abort info:
[  193.681594]   ISV = 0, ISS = 0x00000006
[  193.681895]   CM = 0, WnR = 0
[  193.683546] user pgtable: 4k pages, 48-bit VAs, pgdp=00000000b01bf000
[  193.684729] [000000000000001a] pgd=00000000b3f16003, pud=00000000bb263003, pmd=0000000000000000
[  193.687186] Internal error: Oops: 96000006 [#1] PREEMPT SMP
[  193.688260] Modules linked in:
[  193.697650] CPU: 5 PID: 494 Comm: python3 Not tainted 5.4.18 #2
[  193.700014] Hardware name: linux,dummy-virt (DT)
[  193.705883] pstate: 60000005 (nZCv daif -PAN -UAO)
[  193.709165] pc : udp_sendmsg+0x164/0x860
[  193.709428] lr : udp_sendmsg+0x150/0x860
[  193.709712] sp : ffff800011f53b60
[  193.710262] x29: ffff800011f53b70 x28: 0000000000000012 
[  193.712966] x27: ffff800011f53d80 x26: 0000000000000011 
[  193.713345] x25: 0000000000000012 x24: ffff000079313a88 
[  193.713798] x23: 000000006401a8c0 x22: 0000000000000000 
[  193.714995] x21: ffff00007b3a5400 x20: ffff800010b762e8 
[  193.715483] x19: ffff000079313740 x18: 0000000000000000 
[  193.715987] x17: 0000000000000000 x16: 0000000000000000 
[  193.716347] x15: 0000000000000000 x14: 0000000000000000 
[  193.717426] x13: 0000000000000000 x12: 0000000000000000 
[  193.717952] x11: 0000000000000000 x10: 0000000000000000 
[  193.718312] x9 : 0000000000000000 x8 : 0000000000000000 
[  193.718654] x7 : 0000000000000000 x6 : ffff800011f53de8 
[  193.720066] x5 : ffff800011f53de8 x4 : 0000000000000000 
[  193.724353] x3 : 0000000000000000 x2 : 00000000ffffffff 
[  193.725403] x1 : 0000000000000000 x0 : 0000000000000001 
[  193.726673] Call trace:
[  193.727733]  udp_sendmsg+0x164/0x860
[  193.729743]  inet_sendmsg+0x40/0x68
[  193.731829]  __sys_sendto+0xd4/0x150
[  193.733554]  __arm64_sys_sendto+0x24/0x30
[  193.736318]  el0_svc_common.constprop.0+0x68/0x160
[  193.738426]  el0_svc_handler+0x20/0x80
[  193.740939]  el0_svc+0x8/0xc
[  193.750186] Code: b940bbe7 b900bbf7 b9408be4 b40014c0 (39406401) 
[  193.755188] ---[ end trace 572177e4e995aaab ]---
