[  193.494832] Unable to handle kernel paging request at virtual address 00000000c0a80194
[  193.508313] Mem abort info:
[  193.508785]   ESR = 0x96000005
[  193.509267]   EC = 0x25: DABT (current EL), IL = 32 bits
[  193.512699]   SET = 0, FnV = 0
[  193.513649]   EA = 0, S1PTW = 0
[  193.516380] Data abort info:
[  193.521998]   ISV = 0, ISS = 0x00000005
[  193.524399]   CM = 0, WnR = 0
[  193.527309] user pgtable: 4k pages, 48-bit VAs, pgdp=00000000b06eb000
[  193.530226] [00000000c0a80194] pgd=00000000b0609003, pud=0000000000000000
[  193.541043] Internal error: Oops: 96000005 [#1] PREEMPT SMP
[  193.546478] Modules linked in:
[  193.558139] CPU: 5 PID: 493 Comm: python3 Not tainted 5.4.18 #2
[  193.561587] Hardware name: linux,dummy-virt (DT)
[  193.566246] pstate: 80000005 (Nzcv daif -PAN -UAO)
[  193.572308] pc : udp_send_skb.isra.0+0x48/0x368
[  193.572548] lr : udp_sendmsg+0x710/0x860
[  193.572760] sp : ffff800011f6bb20
[  193.573025] x29: ffff800011f6bb20 x28: 000000000000001a 
[  193.573428] x27: ffff800011f6bd80 x26: 0000000000000011 
[  193.574389] x25: 0000000000000012 x24: ffff000078206424 
[  193.574882] x23: 00000000c0a80164 x22: ffff00007a94b300 
[  193.575452] x21: 0000000000000011 x20: 000000000000001a 
[  193.576211] x19: ffff000079118c00 x18: 0000000000000000 
[  193.577093] x17: 0000000000000000 x16: 0000000000000000 
[  193.578597] x15: 0000000000000001 x14: 0000000000000000 
[  193.581635] x13: 0000000000000006 x12: 00000000c0a80164 
[  193.584225] x11: 0000000000000000 x10: 0000000000000068 
[  193.585830] x9 : ffff000075a0aa00 x8 : ffff800011f6bc30 
[  193.586425] x7 : 00000000c1800000 x6 : 0000000000003ec0 
[  193.586711] x5 : ffff000078206400 x4 : 0000000000000024 
[  193.587091] x3 : ffff800011f6bc8e x2 : ffff800011f6bc78 
[  193.587496] x1 : 0000000000001a00 x0 : ffff000079118c00 
[  193.588738] Call trace:
[  193.590067]  udp_send_skb.isra.0+0x48/0x368
[  193.590586]  udp_sendmsg+0x710/0x860
[  193.590968]  inet_sendmsg+0x40/0x68
[  193.591342]  __sys_sendto+0xd4/0x150
[  193.592262]  __arm64_sys_sendto+0x24/0x30
[  193.592969]  el0_svc_common.constprop.0+0x68/0x160
[  193.593921]  el0_svc_handler+0x20/0x80
[  193.596009]  el0_svc+0x8/0xc
[  193.600540] Code: 394806d5 4b010294 782468a6 53183e81 (794062e4) 
[  193.617986] ---[ end trace 6df71592b3cd011d ]---
