[  194.571023] Unable to handle kernel NULL pointer dereference at virtual address 00000000000000d4
[  194.585861] Mem abort info:
[  194.587605]   ESR = 0x96000046
[  194.588382]   EC = 0x25: DABT (current EL), IL = 32 bits
[  194.588748]   SET = 0, FnV = 0
[  194.589099]   EA = 0, S1PTW = 0
[  194.590016] Data abort info:
[  194.590927]   ISV = 0, ISS = 0x00000046
[  194.591660]   CM = 0, WnR = 1
[  194.592555] user pgtable: 4k pages, 48-bit VAs, pgdp=00000000b593c000
[  194.594782] [00000000000000d4] pgd=00000000b2645003, pud=00000000b2642003, pmd=0000000000000000
[  194.599944] Internal error: Oops: 96000046 [#1] PREEMPT SMP
[  194.600403] Modules linked in:
[  194.608494] CPU: 0 PID: 491 Comm: python3 Not tainted 5.4.18 #2
[  194.609223] Hardware name: linux,dummy-virt (DT)
[  194.610235] pstate: 80000005 (Nzcv daif -PAN -UAO)
[  194.613217] pc : udp_set_csum+0x68/0x130
[  194.613605] lr : udp_sendmsg+0x710/0x860
[  194.613937] sp : ffff800011f2bb60
[  194.614216] x29: ffff800011f2bb70 x28: 000000000000001a 
[  194.615327] x27: ffff800011f2bd80 x26: 0000000000000011 
[  194.615981] x25: 0000000000000012 x24: ffff00007b3fb208 
[  194.616256] x23: 000000006401a8c0 x22: 0000000000000000 
[  194.616528] x21: ffff00007a9cb800 x20: 0000000000000000 
[  194.616801] x19: ffff00007b3faec0 x18: 0000000000000000 
[  194.617092] x17: 0000000000000000 x16: 0000000000000000 
[  194.618069] x15: 0000000000000000 x14: 0000000000000000 
[  194.620312] x13: 0000000000000001 x12: 0000000000000000 
[  194.622081] x11: 0000000000000001 x10: 00000000000009c0 
[  194.625379] x9 : ffff800011f2b8c0 x8 : ffff00007a9cc220 
[  194.625666] x7 : ffff00007db46dc0 x6 : 0000000000000000 
[  194.625897] x5 : 0000000000000054 x4 : 0000000000000000 
[  194.626101] x3 : 0000000000000000 x2 : 0000000000000000 
[  194.626299] x1 : 000000007a9cb860 x0 : 0000000000000000 
[  194.632962] Call trace:
[  194.633496]  udp_set_csum+0x68/0x130
[  194.633790]  inet_sendmsg+0x40/0x68
[  194.634505]  __sys_sendto+0xd4/0x150
[  194.634966]  __arm64_sys_sendto+0x24/0x30
[  194.635255]  el0_svc_common.constprop.0+0x68/0x160
[  194.635525]  el0_svc_handler+0x20/0x80
[  194.635759]  el0_svc+0x8/0xc
[  194.636761] Code: 7101805f 540002e0 321b0421 2a1403e2 (390200a1) 
[  194.638014] ---[ end trace c72a5faa9cc0f13c ]---
