 [  153.459710] kernel BUG at arch/arm64/kernel/traps.c:405!
[  153.472797] Internal error: Oops - BUG: 0 [#1] PREEMPT SMP
[  153.474659] Modules linked in:
[  153.479567] CPU: 4 PID: 493 Comm: python3 Not tainted 5.4.18 #2
[  153.482462] Hardware name: linux,dummy-virt (DT)
[  153.484294] pstate: 00000005 (nzcv daif -PAN -UAO)
[  153.490042] pc : do_undefinstr+0x2ec/0x310
[  153.492383] lr : do_undefinstr+0x1e0/0x310
[  153.494739] sp : ffff800011d5b9c0
[  153.496006] x29: ffff800011d5b9c0 x28: ffff00007a9e5400 
[  153.497356] x27: ffff800011d5bd80 x26: 0000000000000011 
[  153.499254] x25: 0000000000000012 x24: 0000000000000000 
[  153.500226] x23: 0000000040000005 x22: ffff800010baa4bc 
[  153.501370] x21: ffff800011d5bb60 x20: ffff00007a9e5400 
[  153.503723] x19: ffff800011d5ba20 x18: 0000000000000000 
[  153.504645] x17: 0000000000000000 x16: 0000000000000000 
[  153.506789] x15: 0000000000000000 x14: 0000000000000000 
[  153.508082] x13: 0000000000000000 x12: 0000000000000000 
[  153.509024] x11: 0000000000000000 x10: 0000000000000000 
[  153.511782] x9 : 0000000000400100 x8 : ffff00007a9e5400 
[  153.512824] x7 : 0000ffffb2b3ee10 x6 : ffff800011d5ba18 
[  153.514866] x5 : 00000000d5300000 x4 : ffff8000117c51f0 
[  153.516673] x3 : 00000000d9400000 x2 : 0000000000000000 
[  153.517270] x1 : ffff00007a9e5400 x0 : 0000000040000005 
[  153.518828] Call trace:
[  153.519486]  do_undefinstr+0x2ec/0x310
[  153.520012]  el1_undef+0x10/0x84
[  153.520407]  udp_sendmsg+0x3c/0x860
[  153.520794]  inet_sendmsg+0x40/0x68
[  153.522566]  __sys_sendto+0xd4/0x150
[  153.523184]  __arm64_sys_sendto+0x24/0x30
[  153.523604]  el0_svc_common.constprop.0+0x68/0x160
[  153.524042]  el0_svc_handler+0x20/0x80
[  153.524485]  el0_svc+0x8/0xc
[  153.526165] Code: f9401bf7 17ffff7c a9025bf5 f9001bf7 (d4210000) 
[  153.529624] ---[ end trace 78ba86554825d7ac ]---
[  153.532381] note: python3[493] exited with preempt_count 1
[  153.685214] ------------[ cut here ]------------
[  153.696800] WARNING: CPU: 4 PID: 0 at kernel/rcu/tree.c:569 rcu_idle_enter+0x74/0x80
[  153.701543] Modules linked in:
[  153.709301] CPU: 4 PID: 0 Comm: swapper/4 Tainted: G      D           5.4.18 #2
[  153.728648] Hardware name: linux,dummy-virt (DT)
[  153.740430] pstate: 200003c5 (nzCv DAIF -PAN -UAO)
[  153.742570] pc : rcu_idle_enter+0x74/0x80
[  153.749241] lr : do_idle+0x200/0x288
[  153.751464] sp : ffff800011a63f20
[  153.752478] x29: ffff800011a63f20 x28: 0000000000000000 
[  153.754427] x27: 0000000000000000 x26: 0000000000000000 
[  153.759992] x25: 0000000000000000 x24: ffff8000117ba214 
[  153.769898] x23: ffff00007b0c4600 x22: ffff800011404ab8 
[  153.772844] x21: ffff8000117ba1f0 x20: 0000000000000004 
[  153.777313] x19: ffff8000117ba118 x18: 00000000000040e4 
[  153.786961] x17: 00000000000040e0 x16: 00000000000040dc 
[  153.790432] x15: 00000000000040d8 x14: 0000000000000000 
[  153.799458] x13: 0000000000004def x12: 00000000000001ea 
[  153.809051] x11: 000000000137dc32 x10: 00000000000009c0 
[  153.814540] x9 : ffff800011a63e90 x8 : ffff00007b0c5020 
[  153.817951] x7 : 0000000000000004 x6 : 000000464c33d06f 
[  153.823416] x5 : 00ffffffffffffff x4 : ffff80006c799000 
[  153.831024] x3 : 4000000000000002 x2 : 4000000000000000 
[  153.832974] x1 : ffff800011406980 x0 : ffff00007db9f980 
[  153.835810] Call trace:
[  153.836750]  rcu_idle_enter+0x74/0x80
[  153.839807]  do_idle+0x200/0x288
[  153.842800]  cpu_startup_entry+0x24/0x40
[  153.849012]  secondary_start_kernel+0x154/0x190
[  153.854817] ---[ end trace 78ba86554825d7ad ]---
