[  197.855961] Unable to handle kernel NULL pointer dereference at virtual address 0000000000000792
[  197.873646] Mem abort info:
[  197.880986]   ESR = 0x96000006
[  197.886467]   EC = 0x25: DABT (current EL), IL = 32 bits
[  197.888880]   SET = 0, FnV = 0
[  197.892642]   EA = 0, S1PTW = 0
[  197.895063] Data abort info:
[  197.895688]   ISV = 0, ISS = 0x00000006
[  197.899350]   CM = 0, WnR = 0
[  197.902390] user pgtable: 4k pages, 48-bit VAs, pgdp=00000000b1500000
[  197.904090] [0000000000000792] pgd=00000000babb7003, pud=00000000ba9dd003, pmd=0000000000000000
[  197.914047] Internal error: Oops: 96000006 [#1] PREEMPT SMP
[  197.919450] Modules linked in:
[  197.932157] CPU: 6 PID: 493 Comm: python3 Not tainted 5.4.18 #2
[  197.933384] Hardware name: linux,dummy-virt (DT)
[  197.935505] pstate: 40000005 (nZcv daif -PAN -UAO)
[  197.951042] pc : ip_route_output_key_hash_rcu+0x2c4/0x668
[  197.951390] lr : ip_route_output_key_hash_rcu+0x2c4/0x668
[  197.951684] sp : ffff800011f4ba70
[  197.951902] x29: ffff800011f4ba70 x28: 0000000000000012 
[  197.952715] x27: ffff800011f4bd80 x26: 0000000000000011 
[  197.955367] x25: 0000000000000000 x24: 0000000000000000 
[  197.956420] x23: 0000000000000000 x22: 00000000000004ea 
[  197.957871] x21: 00000000000004ea x20: ffff800011f4bb18 
[  197.960061] x19: ffff800011f4bc30 x18: 0000000000000000 
[  197.961235] x17: 0000000000000000 x16: 0000000000000000 
[  197.963453] x15: 0000000000000000 x14: 0000000000000000 
[  197.963919] x13: 0000000000000000 x12: 0000000000000000 
[  197.964345] x11: 0000000000000000 x10: 0000000000000000 
[  197.965118] x9 : 000000006401a8c0 x8 : 00000000000004ea 
[  197.967355] x7 : 00000000000003e8 x6 : ffff800011f4bde8 
[  197.968258] x5 : ffff800011f4bde8 x4 : 0000000000000001 
[  197.969417] x3 : 0000000000000000 x2 : ffff800011f4bb18 
[  197.972231] x1 : ffff00007abf7000 x0 : 0000000000000002 
[  197.976559] Call trace:
[  197.978682]  ip_route_output_key_hash_rcu+0x2c4/0x668
[  197.979780]  ip_route_output_key_hash+0x74/0xa8
[  197.980435]  ip_route_output_flow+0x10/0x18
[  197.980841]  udp_sendmsg+0x520/0x860
[  197.981138]  inet_sendmsg+0x40/0x68
[  197.982798]  __sys_sendto+0xd4/0x150
[  197.984497]  __arm64_sys_sendto+0x24/0x30
[  197.984954]  el0_svc_common.constprop.0+0x68/0x160
[  197.985274]  el0_svc_handler+0x20/0x80
[  197.987912]  el0_svc+0x8/0xc
[  197.994823] Code: b9402e61 b9002a60 34fff9e1 97d781da (f94156c0) 
[  198.003385] ---[ end trace 1e84e56ce16e8e4b ]---
