[  194.225791] kernel BUG at arch/arm64/kernel/traps.c:405!
[  194.229620] Internal error: Oops - BUG: 0 [#1] PREEMPT SMP
[  194.231737] Modules linked in:
[  194.234429] CPU: 4 PID: 494 Comm: python3 Not tainted 5.4.18 #2
[  194.235718] Hardware name: linux,dummy-virt (DT)
[  194.237732] pstate: 00000005 (nzcv daif -PAN -UAO)
[  194.239205] pc : do_undefinstr+0x2ec/0x310
[  194.241436] lr : do_undefinstr+0x1e0/0x310
[  194.242208] sp : ffff800011f139c0
[  194.243867] x29: ffff800011f139c0 x28: ffff00007935c600 
[  194.249739] x27: ffff800011f13d80 x26: 0000000000000011 
[  194.250974] x25: 0000000000000012 x24: 0000000000000000 
[  194.251961] x23: 0000000040000005 x22: ffff800010baa574 
[  194.252889] x21: ffff800011f13b60 x20: ffff00007935c600 
[  194.253719] x19: ffff800011f13a20 x18: 0000000000000000 
[  194.254570] x17: 0000000000000000 x16: 0000000000000000 
[  194.255715] x15: 0000000000000000 x14: 0000000000000000 
[  194.256567] x13: 0000000000000000 x12: 0000000000000000 
[  194.257436] x11: 0000000000000000 x10: 0000000000000000 
[  194.258546] x9 : 0000000000000000 x8 : 0000000000000000 
[  194.259444] x7 : 0000000000000000 x6 : ffff800011f13a18 
[  194.260246] x5 : 00000000d5300000 x4 : ffff8000117c51f0 
[  194.261099] x3 : 00000000bb000000 x2 : 0000000000000000 
[  194.262001] x1 : ffff00007935c600 x0 : 0000000040000005 
[  194.264133] Call trace:
[  194.265044]  do_undefinstr+0x2ec/0x310
[  194.265749]  el1_undef+0x10/0x84
[  194.266329]  udp_sendmsg+0xf4/0x860
[  194.266958]  inet_sendmsg+0x40/0x68
[  194.267533]  __sys_sendto+0xd4/0x150
[  194.268106]  __arm64_sys_sendto+0x24/0x30
[  194.268854]  el0_svc_common.constprop.0+0x68/0x160
[  194.269717]  el0_svc_handler+0x20/0x80
[  194.270281]  el0_svc+0x8/0xc
[  194.272658] Code: f9401bf7 17ffff7c a9025bf5 f9001bf7 (d4210000) 
[  194.279404] ---[ end trace ba5b23c14f76f10f ]---
[  194.281319] note: python3[494] exited with preempt_count 1
[  194.426201] ------------[ cut here ]------------
[  194.431862] WARNING: CPU: 4 PID: 0 at kernel/rcu/tree.c:569 rcu_idle_enter+0x74/0x80
[  194.436911] Modules linked in:
[  194.439463] CPU: 4 PID: 0 Comm: swapper/4 Tainted: G      D           5.4.18 #2
[  194.440786] Hardware name: linux,dummy-virt (DT)
[  194.442312] pstate: 200003c5 (nzCv DAIF -PAN -UAO)
[  194.444365] pc : rcu_idle_enter+0x74/0x80
[  194.444844] lr : do_idle+0x200/0x288
[  194.447883] sp : ffff800011a63f20
[  194.451675] x29: ffff800011a63f20 x28: 0000000000000000 
[  194.455080] x27: 0000000000000000 x26: 0000000000000000 
[  194.456811] x25: 0000000000000000 x24: ffff8000117ba214 
[  194.457416] x23: ffff00007b0c4600 x22: ffff800011404ab8 
[  194.461399] x21: ffff8000117ba1f0 x20: 0000000000000004 
[  194.462600] x19: ffff8000117ba118 x18: 0000000000000010 
[  194.472188] x17: 0000000000000000 x16: 0000000000000000 
[  194.476281] x15: 0000000000000000 x14: 0000000000000000 
[  194.479420] x13: 0000000000000002 x12: 0000000000000000 
[  194.484936] x11: 0000000000000000 x10: 00000000000009c0 
[  194.488864] x9 : ffff800011a63e90 x8 : ffff00007b0c5020 
[  194.490040] x7 : 00000000000002ab x6 : 00000557eb9bbbb8 
[  194.496655] x5 : 00ffffffffffffff x4 : ffff80006c799000 
[  194.501038] x3 : 4000000000000002 x2 : 4000000000000000 
[  194.505033] x1 : ffff800011406980 x0 : ffff00007db9f980 
[  194.506338] Call trace:
[  194.508200]  rcu_idle_enter+0x74/0x80
[  194.510062]  do_idle+0x200/0x288
[  194.511791]  cpu_startup_entry+0x24/0x40
[  194.512872]  secondary_start_kernel+0x154/0x190
[  194.518244] ---[ end trace ba5b23c14f76f110 ]---
