[  193.012157] Unable to handle kernel NULL pointer dereference at virtual address 0000000000000004
[  193.021639] Mem abort info:
[  193.026622]   ESR = 0x96000046
[  193.033857]   EC = 0x25: DABT (current EL), IL = 32 bits
[  193.036905]   SET = 0, FnV = 0
[  193.039388]   EA = 0, S1PTW = 0
[  193.040047] Data abort info:
[  193.040478]   ISV = 0, ISS = 0x00000046
[  193.044363]   CM = 0, WnR = 1
[  193.047629] user pgtable: 4k pages, 48-bit VAs, pgdp=00000000b1a29000
[  193.053399] [0000000000000004] pgd=00000000b3b59003, pud=00000000b3b5a003, pmd=0000000000000000
[  193.069833] Internal error: Oops: 96000046 [#1] PREEMPT SMP
[  193.080113] Modules linked in:
[  193.096733] CPU: 3 PID: 493 Comm: python3 Not tainted 5.4.18 #2
[  193.098596] Hardware name: linux,dummy-virt (DT)
[  193.101111] pstate: 40000005 (nZcv daif -PAN -UAO)
[  193.112131] pc : ip_route_output_key_hash+0x34/0xa8
[  193.116160] lr : ip_route_output_flow+0x10/0x18
[  193.116832] sp : ffff800011f6bae0
[  193.120957] x29: ffff800011f6bae0 x28: 0000000000000012 
[  193.132708] x27: ffff800011f6bd80 x26: 0000000000000011 
[  193.136214] x25: 0000000000000012 x24: ffff00007aac2548 
[  193.146201] x23: 000000006401a8c0 x22: 0000000000000000 
[  193.151266] x21: ffff800011963ac0 x20: ffff00007966d400 
[  193.155204] x19: 0000000000000000 x18: 0000000000000000 
[  193.159928] x17: 0000000000000000 x16: 0000000000000000 
[  193.165277] x15: 0000000000000000 x14: 0000000000000000 
[  193.172369] x13: 0000000000000000 x12: 0000000000000000 
[  193.175792] x11: 0000000000000000 x10: 00000000000018d4 
[  193.177354] x9 : 000000006401a8c0 x8 : ffff800011963ac0 
[  193.178653] x7 : 00000000000003e8 x6 : ffff800011f6bde8 
[  193.180377] x5 : ffff800011f6bc30 x4 : 0000000000000001 
[  193.182442] x3 : 00000000000000fd x2 : 0000000000000000 
[  193.185307] x1 : 0000000000000000 x0 : ffff800011963ac0 
[  193.188465] Call trace:
[  193.190891]  ip_route_output_key_hash+0x34/0xa8
[  193.193242]  ip_route_output_flow+0x10/0x18
[  193.193881]  udp_sendmsg+0x520/0x860
[  193.196848]  inet_sendmsg+0x40/0x68
[  193.198724]  __sys_sendto+0xd4/0x150
[  193.199216]  __arm64_sys_sendto+0x24/0x30
[  193.200338]  el0_svc_common.constprop.0+0x68/0x160
[  193.200765]  el0_svc_handler+0x20/0x80
[  193.201057]  el0_svc+0x8/0xc
[  193.203782] Code: aa0203f6 f9423a81 f90037e1 d2800001 (b9000664) 
[  193.210939] ---[ end trace b9f9845f8f5514c2 ]---
