[  193.551406] Unable to handle kernel paging request at virtual address ffff8000120f4be8
[  193.552640] Mem abort info:
[  193.552994]   ESR = 0x96000047
[  193.553799]   EC = 0x25: DABT (current EL), IL = 32 bits
[  193.556071]   SET = 0, FnV = 0
[  193.556968]   EA = 0, S1PTW = 0
[  193.557440] Data abort info:
[  193.557838]   ISV = 0, ISS = 0x00000047
[  193.562239]   CM = 0, WnR = 1
[  193.565460] swapper pgtable: 4k pages, 48-bit VAs, pgdp=00000000412a6000
[  193.570753] [ffff8000120f4be8] pgd=00000000bdfff003, pud=00000000bdffe003, pmd=00000000ba9d3003, pte=0000000000000000
[  193.585241] Internal error: Oops: 96000047 [#1] PREEMPT SMP
[  193.589103] Modules linked in:
[  193.598077] CPU: 7 PID: 494 Comm: python3 Not tainted 5.4.18 #2
[  193.603228] Hardware name: linux,dummy-virt (DT)
[  193.605237] pstate: 40000005 (nZcv daif -PAN -UAO)
[  193.608155] pc : udp_sendmsg+0x148/0x860
[  193.613420] lr : udp_sendmsg+0x11c/0x860
[  193.615544] sp : ffff8000120f3b60
[  193.619211] x29: ffff8000120f3b70 x28: 0000000000000012 
[  193.621703] x27: ffff8000120f3d80 x26: 0000000000000011 
[  193.622694] x25: 0000000000000012 x24: ffff000079062dc8 
[  193.623527] x23: 000000006401a8c0 x22: 0000000000000000 
[  193.625693] x21: ffff0000792f5400 x20: ffff800010b762e8 
[  193.627262] x19: ffff000079062a80 x18: 0000000000000000 
[  193.628866] x17: 0000000000000000 x16: 0000000000000000 
[  193.630425] x15: 0000000000000000 x14: 0000000000000000 
[  193.632154] x13: 0000000000000000 x12: 0000000000000000 
[  193.632902] x11: 0000000000000000 x10: 0000000000000000 
[  193.633621] x9 : 0000000000000000 x8 : 0000000000000000 
[  193.641743] x7 : 0000000000000000 x6 : ffff8000120f3de8 
[  193.648209] x5 : ffff8000120f3de8 x4 : 0000000000000000 
[  193.652637] x3 : 0000000000000000 x2 : 00000000ffffffff 
[  193.655529] x1 : 0000000000000000 x0 : 0000000000000001 
[  193.662397] Call trace:
[  193.665323]  udp_sendmsg+0x148/0x860
[  193.667952]  inet_sendmsg+0x40/0x68
[  193.676427]  __sys_sendto+0xd4/0x150
[  193.679847]  __arm64_sys_sendto+0x24/0x30
[  193.683947]  el0_svc_common.constprop.0+0x68/0x160
[  193.689503]  el0_svc_handler+0x20/0x80
[  193.692867]  el0_svc+0x8/0xc
[  193.702084] Code: 91008042 9401b0d1 b9408be4 f90063e0 (b9108be4) 
[  193.712086] ---[ end trace 8d172d6651ec73c7 ]---
