[  194.024022] Unable to handle kernel paging request at virtual address 000000006401a8c0
[  194.029989] Mem abort info:
[  194.030604]   ESR = 0x96000005
[  194.033390]   EC = 0x25: DABT (current EL), IL = 32 bits
[  194.034499]   SET = 0, FnV = 0
[  194.035335]   EA = 0, S1PTW = 0
[  194.036406] Data abort info:
[  194.040936]   ISV = 0, ISS = 0x00000005
[  194.047051]   CM = 0, WnR = 0
[  194.049843] user pgtable: 4k pages, 48-bit VAs, pgdp=00000000b018c000
[  194.058752] [000000006401a8c0] pgd=00000000b27f0003, pud=0000000000000000
[  194.072043] Internal error: Oops: 96000005 [#1] PREEMPT SMP
[  194.073886] Modules linked in:
[  194.075926] CPU: 5 PID: 492 Comm: python3 Not tainted 5.4.18 #2
[  194.076560] Hardware name: linux,dummy-virt (DT)
[  194.077589] pstate: 80000005 (Nzcv daif -PAN -UAO)
[  194.080624] pc : __udp4_lib_err+0x2b4/0x330
[  194.081521] lr : udp_sendmsg+0x150/0x860
[  194.084646] sp : ffff80001212bb60
[  194.085827] x29: ffff80001212bb70 x28: 0000000000000012 
[  194.089948] x27: ffff80001212bd80 x26: 0000000000000011 
[  194.092355] x25: 0000000000000012 x24: ffff000078144b88 
[  194.094396] x23: 000000006401a8c0 x22: 0000000000000000 
[  194.096158] x21: ffff000078295400 x20: ffff800010b762e8 
[  194.097301] x19: ffff000078144840 x18: 0000000000000000 
[  194.098252] x17: 0000000000000000 x16: 0000000000000000 
[  194.100275] x15: 0000000000000000 x14: 0000000000000000 
[  194.100731] x13: 0000000000000000 x12: 0000000000000000 
[  194.101293] x11: 0000000000000000 x10: 0000000000000000 
[  194.101625] x9 : 000000006401a8c0 x8 : ffff000078144b88 
[  194.102047] x7 : 0000000000000000 x6 : ffff80001212bde8 
[  194.102514] x5 : ffff80001212bde8 x4 : 0000000000000000 
[  194.102977] x3 : 0000000000000000 x2 : 0000000000000000 
[  194.103871] x1 : 0000000000000000 x0 : 0000000000000000 
[  194.105084] Call trace:
[  194.105971]  __udp4_lib_err+0x2b4/0x330
[  194.107081]  inet_sendmsg+0x40/0x68
[  194.108246]  __sys_sendto+0xd4/0x150
[  194.109206]  __arm64_sys_sendto+0x24/0x30
[  194.109501]  el0_svc_common.constprop.0+0x68/0x160
[  194.109786]  el0_svc_handler+0x20/0x80
[  194.110004]  el0_svc+0x8/0xc
[  194.112503] Code: 937d7ef7 d00018e1 91110021 8b170022 (b8776834) 
[  194.122095] ---[ end trace b8ba7cbc97d643a5 ]---
