[  192.859162] Kernel panic - not syncing: stack-protector: Kernel stack is corrupted in: rtm_dump_nexthop+0x33c/0x348
[  192.867844] CPU: 7 PID: 494 Comm: python3 Not tainted 5.4.18 #2
[  192.868854] Hardware name: linux,dummy-virt (DT)
[  192.870804] Call trace:
[  192.871943]  dump_backtrace+0x0/0x140
[  192.872539]  show_stack+0x14/0x20
[  192.872956]  dump_stack+0xb4/0xf8
[  192.873409]  panic+0x158/0x324
[  192.873780]  __stack_chk_fail+0x1c/0x20
[  192.874197]  rtm_dump_nexthop+0x33c/0x348
[  192.874704]  inet_sendmsg+0x40/0x68
[  192.875101]  __sys_sendto+0xd4/0x150
[  192.875578]  __arm64_sys_sendto+0x24/0x30
[  192.876021]  el0_svc_common.constprop.0+0x68/0x160
[  192.876558]  el0_svc_handler+0x20/0x80
[  192.876974]  el0_svc+0x8/0xc
[  192.881232] SMP: stopping secondary CPUs
[  192.885910] Kernel Offset: disabled
[  192.887021] CPU features: 0x0002,20006000
[  192.887973] Memory Limit: none
[  192.892915] ---[ end Kernel panic - not syncing: stack-protector: Kernel stack is corrupted in: rtm_dump_nexthop+0x33c/0x348 ]---
