[  197.902681] kernel BUG at arch/arm64/kernel/traps.c:405!
[  197.912490] Internal error: Oops - BUG: 0 [#1] PREEMPT SMP
[  197.913564] Modules linked in:
[  197.916821] CPU: 6 PID: 493 Comm: python3 Not tainted 5.4.18 #2
[  197.917307] Hardware name: linux,dummy-virt (DT)
[  197.918227] pstate: 00000005 (nzcv daif -PAN -UAO)
[  197.922751] pc : do_undefinstr+0x2ec/0x310
[  197.923563] lr : do_undefinstr+0x1e0/0x310
[  197.924456] sp : ffff800011f9b9c0
[  197.924783] x29: ffff800011f9b9c0 x28: ffff00007a947000 
[  197.925628] x27: ffff800011f9bd80 x26: 0000000000000011 
[  197.926563] x25: 0000000000000012 x24: 0000000000000000 
[  197.926935] x23: 0000000040000005 x22: ffff800010baa54c 
[  197.927294] x21: ffff800011f9bb60 x20: ffff00007a947000 
[  197.927651] x19: ffff800011f9ba20 x18: 0000000000000000 
[  197.928001] x17: 0000000000000000 x16: 0000000000000000 
[  197.929102] x15: 0000000000000000 x14: 0000000000000000 
[  197.929921] x13: 0000000000000000 x12: 0000000000000000 
[  197.930692] x11: 0000000000000000 x10: 0000000000000000 
[  197.931229] x9 : 0000000000400100 x8 : ffff00007a947000 
[  197.931656] x7 : 0000ffff7f34bed0 x6 : ffff800011f9ba18 
[  197.932022] x5 : 00000000d5300000 x4 : ffff8000117c51f0 
[  197.932504] x3 : 00000000f9c00000 x2 : 0000000000000000 
[  197.933001] x1 : ffff00007a947000 x0 : 0000000040000005 
[  197.933974] Call trace:
[  197.934501]  do_undefinstr+0x2ec/0x310
[  197.934934]  el1_undef+0x10/0x84
[  197.935394]  udp_sendmsg+0xcc/0x860
[  197.936084]  inet_sendmsg+0x40/0x68
[  197.936437]  __sys_sendto+0xd4/0x150
[  197.936706]  __arm64_sys_sendto+0x24/0x30
[  197.936994]  el0_svc_common.constprop.0+0x68/0x160
[  197.937343]  el0_svc_handler+0x20/0x80
[  197.938348]  el0_svc+0x8/0xc
[  197.940223] Code: f9401bf7 17ffff7c a9025bf5 f9001bf7 (d4210000) 
[  197.943762] ---[ end trace 06064bc1ba172050 ]---
[  197.944549] note: python3[493] exited with preempt_count 1
[  197.993560] ------------[ cut here ]------------
[  197.995410] WARNING: CPU: 6 PID: 0 at kernel/rcu/tree.c:569 rcu_idle_enter+0x74/0x80
[  197.997487] Modules linked in:
[  197.999825] CPU: 6 PID: 0 Comm: swapper/6 Tainted: G      D           5.4.18 #2
[  198.000110] Hardware name: linux,dummy-virt (DT)
[  198.000265] pstate: 200003c5 (nzCv DAIF -PAN -UAO)
[  198.000511] pc : rcu_idle_enter+0x74/0x80
[  198.002085] lr : do_idle+0x200/0x288
[  198.005886] sp : ffff800011a73f20
[  198.006674] x29: ffff800011a73f20 x28: 0000000000000000 
[  198.007474] x27: 0000000000000000 x26: 0000000000000000 
[  198.007846] x25: 0000000000000000 x24: ffff8000117ba214 
[  198.010907] x23: ffff00007b0c6200 x22: ffff800011404ab8 
[  198.013354] x21: ffff8000117ba1f0 x20: 0000000000000006 
[  198.016233] x19: ffff8000117ba118 x18: 0000000000000010 
[  198.016941] x17: 0000000000000000 x16: 0000000000000000 
[  198.017731] x15: 00000000000001eb x14: 0000000000000000 
[  198.017987] x13: 0000000000000002 x12: 0000000000000000 
[  198.019669] x11: 0000000000000000 x10: 00000000000009c0 
[  198.021002] x9 : ffff800011a73e90 x8 : ffff00007b0c6c20 
[  198.021373] x7 : 00000000000003ed x6 : 000003e070246370 
[  198.021594] x5 : 00ffffffffffffff x4 : ffff80006c7c5000 
[  198.021826] x3 : 4000000000000002 x2 : 4000000000000000 
[  198.022058] x1 : ffff800011406980 x0 : ffff00007dbcb980 
[  198.022341] Call trace:
[  198.022499]  rcu_idle_enter+0x74/0x80
[  198.022672]  do_idle+0x200/0x288
[  198.022832]  cpu_startup_entry+0x24/0x40
[  198.023016]  secondary_start_kernel+0x154/0x190
[  198.023295] ---[ end trace 06064bc1ba172051 ]---
