[  193.033872] Unable to handle kernel read from unreadable memory at virtual address ffff800027faa000
[  193.045627] Mem abort info:
[  193.046254]   ESR = 0x8600000e
[  193.050109]   EC = 0x21: IABT (current EL), IL = 32 bits
[  193.057729]   SET = 0, FnV = 0
[  193.061280]   EA = 0, S1PTW = 0
[  193.064221] swapper pgtable: 4k pages, 48-bit VAs, pgdp=00000000412a6000
[  193.076219] [ffff800027faa000] pgd=00000000bdfff003, pud=00000000bdffe003, pmd=0068004017e00701
[  193.100886] Internal error: Oops: 8600000e [#1] PREEMPT SMP
[  193.105342] Modules linked in:
[  193.117441] CPU: 6 PID: 494 Comm: python3 Not tainted 5.4.18 #2
[  193.118107] Hardware name: linux,dummy-virt (DT)
[  193.121905] pstate: 20000005 (nzCv daif -PAN -UAO)
[  193.128500] pc : 0xffff800027faa000
[  193.133489] lr : __ip_append_data.isra.0+0x85c/0xc30
[  193.134983] sp : ffff800011f7b9e0
[  193.139682] x29: ffff800011f7b9e0 x28: ffff000072120930 
[  193.144140] x27: 000000000000001a x26: 0000000000000000 
[  193.145648] x25: ffff000078012ec0 x24: ffff000073a3b180 
[  193.146298] x23: ffff800011f7bd80 x22: 0000000000000000 
[  193.151136] x21: 0000000000000012 x20: 0000000000000000 
[  193.153734] x19: 0000000000000000 x18: 0000000000000000 
[  193.155543] x17: 0000000000000000 x16: 0000000000000000 
[  193.159452] x15: 0000000000000001 x14: 0000000000000000 
[  193.161604] x13: 0000000000000006 x12: 00000000c0a80164 
[  193.164048] x11: 0000000000000000 x10: 0000000000000068 
[  193.167159] x9 : 0000000000000000 x8 : ffff000076d0cc00 
[  193.170576] x7 : 0000000000000001 x6 : ffff800027faa000 
[  193.171420] x5 : ffff000076d0cc00 x4 : 0000000000000000 
[  193.177830] x3 : 0000000000000012 x2 : 0000000000000000 
[  193.181405] x1 : ffff000076d1ce2c x0 : ffff800011f7bd80 
[  193.182694] Call trace:
[  193.184758]  0xffff800027faa000
[  193.185685]  ip_make_skb+0xec/0x140
[  193.186275]  udp_sendmsg+0x6ec/0x860
[  193.186828]  inet_sendmsg+0x40/0x68
[  193.188069]  __sys_sendto+0xd4/0x150
[  193.188760]  __arm64_sys_sendto+0x24/0x30
[  193.189537]  el0_svc_common.constprop.0+0x68/0x160
[  193.195513]  el0_svc_handler+0x20/0x80
[  193.196944]  el0_svc+0x8/0xc
[  193.205356] Code: ffffffff ffffffff ffffffff ffffffff (ffffffff) 
[  193.230166] ---[ end trace 45353d57b3237297 ]---
