[  193.413355] Unable to handle kernel NULL pointer dereference at virtual address 0000000000000059
[  193.416815] Mem abort info:
[  193.417682]   ESR = 0x96000006
[  193.418708]   EC = 0x25: DABT (current EL), IL = 32 bits
[  193.419618]   SET = 0, FnV = 0
[  193.420590]   EA = 0, S1PTW = 0
[  193.425287] Data abort info:
[  193.425967]   ISV = 0, ISS = 0x00000006
[  193.430161]   CM = 0, WnR = 0
[  193.436330] user pgtable: 4k pages, 48-bit VAs, pgdp=00000000b96b0000
[  193.442382] [0000000000000059] pgd=00000000b2627003, pud=00000000b1a8a003, pmd=0000000000000000
[  193.470848] Internal error: Oops: 96000006 [#1] PREEMPT SMP
[  193.475758] Modules linked in:
[  193.483512] CPU: 3 PID: 497 Comm: python3 Not tainted 5.4.18 #2
[  193.486060] Hardware name: linux,dummy-virt (DT)
[  193.489227] pstate: 80000005 (Nzcv daif -PAN -UAO)
[  193.500749] pc : udp_sendmsg+0x6c/0x860
[  193.503545] lr : inet_sendmsg+0x40/0x68
[  193.511869] sp : ffff800011d23b60
[  193.512970] x29: ffff800011d23b70 x28: 0000000000000012 
[  193.515559] x27: ffff800011d23d80 x26: 0000000000000011 
[  193.532578] x25: 0000000000000012 x24: ffff800011d23dd8 
[  193.546533] x23: ffff800011d23dd8 x22: 0000000000000000 
[  193.547176] x21: ffff000075d95400 x20: 0000000000000012 
[  193.547856] x19: ffff00007b2cc840 x18: 0000000000000000 
[  193.548291] x17: 0000000000000000 x16: 0000000000000000 
[  193.548943] x15: 0000000000000000 x14: 0000000000000000 
[  193.549475] x13: 0000000000000000 x12: 0000000000000000 
[  193.552377] x11: 0000000000000000 x10: 0000000000000000 
[  193.553157] x9 : 0000000000400100 x8 : ffff000075d95400 
[  193.555302] x7 : 0000ffff96672e50 x6 : ffff800011d23de8 
[  193.557842] x5 : ffff800011d23de8 x4 : 0000000000000002 
[  193.561424] x3 : ffff800010baa480 x2 : 0000000000000012 
[  193.563599] x1 : 0000000000000000 x0 : 000000000000ffff 
[  193.567477] Call trace:
[  193.571012]  udp_sendmsg+0x6c/0x860
[  193.577572]  inet_sendmsg+0x40/0x68
[  193.579288]  __sys_sendto+0xd4/0x150
[  193.582438]  __arm64_sys_sendto+0x24/0x30
[  193.585194]  el0_svc_common.constprop.0+0x68/0x160
[  193.588503]  el0_svc_handler+0x20/0x80
[  193.589741]  el0_svc+0x8/0xc
[  193.594097] Code: d34f3ed6 d29fffe0 eb00039f 54003e28 (b9404b40) 
[  193.599495] ---[ end trace a36af3f47742ccea ]---
