[  192.048283] Unable to handle kernel NULL pointer dereference at virtual address 0000000000000189
[  192.055276] Mem abort info:
[  192.056244]   ESR = 0x96000006
[  192.062619]   EC = 0x25: DABT (current EL), IL = 32 bits
[  192.066736]   SET = 0, FnV = 0
[  192.068415]   EA = 0, S1PTW = 0
[  192.076004] Data abort info:
[  192.076711]   ISV = 0, ISS = 0x00000006
[  192.084258]   CM = 0, WnR = 0
[  192.103347] user pgtable: 4k pages, 48-bit VAs, pgdp=00000000b3bb9000
[  192.110839] [0000000000000189] pgd=00000000b162f003, pud=00000000b5eac003, pmd=0000000000000000
[  192.122625] Internal error: Oops: 96000006 [#1] PREEMPT SMP
[  192.130007] Modules linked in:
[  192.135642] CPU: 3 PID: 491 Comm: python3 Not tainted 5.4.18 #2
[  192.136811] Hardware name: linux,dummy-virt (DT)
[  192.140641] pstate: 80000005 (Nzcv daif -PAN -UAO)
[  192.148494] pc : udp_sendmsg+0x314/0x860
[  192.151376] lr : udp_sendmsg+0x294/0x860
[  192.152285] sp : ffff800011e43b60
[  192.158509] x29: ffff800011e43b70 x28: 000000000000001a 
[  192.162607] x27: ffff800011e43d80 x26: 0000000000000011 
[  192.163426] x25: 0000000000000012 x24: ffff00007ab41888 
[  192.165545] x23: 000000006401a8c0 x22: 0000000000000000 
[  192.170380] x21: ffff0000792e2e70 x20: 0000000000000000 
[  192.182684] x19: ffff00007ab41540 x18: 0000000000000000 
[  192.186830] x17: 0000000000000000 x16: 0000000000000000 
[  192.188193] x15: 0000000000000001 x14: 0000000000000000 
[  192.189594] x13: 0000000000000006 x12: 000000000000003c 
[  192.195085] x11: ffff000079ae7000 x10: ffff00007b3ba7c0 
[  192.206066] x9 : 0000000000000744 x8 : 0000000000000001 
[  192.210337] x7 : 0000000000004e20 x6 : 0000028475ee7e88 
[  192.214173] x5 : 0000000000000021 x4 : 0000000000000000 
[  192.216539] x3 : 0000000000000000 x2 : ffff80006c741000 
[  192.216977] x1 : ffff0000792e2a00 x0 : 0000000000000000 
[  192.218515] Call trace:
[  192.220035]  udp_sendmsg+0x314/0x860
[  192.223134]  inet_sendmsg+0x40/0x68
[  192.223574]  __sys_sendto+0xd4/0x150
[  192.229940]  __arm64_sys_sendto+0x24/0x30
[  192.235871]  el0_svc_common.constprop.0+0x68/0x160
[  192.242653]  el0_svc_handler+0x20/0x80
[  192.243605]  el0_svc+0x8/0xc
[  192.250732] Code: b5000a80 2a1403f9 9402163f 9111c2b5 (f940c5e0) 
[  192.261974] ---[ end trace d8633b116c3e669c ]---
