[  197.473055] Unable to handle kernel paging request at virtual address 000000006401a98c
[  197.480378] Mem abort info:
[  197.481569]   ESR = 0x96000045
[  197.484700]   EC = 0x25: DABT (current EL), IL = 32 bits
[  197.488221]   SET = 0, FnV = 0
[  197.492784]   EA = 0, S1PTW = 0
[  197.494936] Data abort info:
[  197.504050]   ISV = 0, ISS = 0x00000045
[  197.505122]   CM = 0, WnR = 1
[  197.508084] user pgtable: 4k pages, 48-bit VAs, pgdp=00000000b5a2a000
[  197.508785] [000000006401a98c] pgd=00000000b3acb003, pud=0000000000000000
[  197.517699] Internal error: Oops: 96000045 [#1] PREEMPT SMP
[  197.522419] Modules linked in:
[  197.523915] CPU: 4 PID: 492 Comm: python3 Not tainted 5.4.18 #2
[  197.524450] Hardware name: linux,dummy-virt (DT)
[  197.525350] pstate: 40000005 (nZcv daif -PAN -UAO)
[  197.537060] pc : udp_sendmsg+0x108/0x860
[  197.540924] lr : inet_sendmsg+0x40/0x68
[  197.544342] sp : ffff800011fd3b60
[  197.548801] x29: ffff800011fd3b70 x28: 0000000000000012 
[  197.552755] x27: ffff800011fd3d80 x26: 0000000000000011 
[  197.553819] x25: 0000000000000012 x24: ffff00007b3de948 
[  197.556013] x23: 000000006401a8c0 x22: 0000000000000000 
[  197.559498] x21: ffff0000797d3800 x20: ffff800010b762e8 
[  197.571848] x19: ffff00007b3de600 x18: 0000000000000000 
[  197.581321] x17: 0000000000000000 x16: 0000000000000000 
[  197.582079] x15: 0000000000000000 x14: 0000000000000000 
[  197.582370] x13: 0000000000000000 x12: 0000000000000000 
[  197.582732] x11: 0000000000000000 x10: 0000000000000000 
[  197.584284] x9 : 0000000000000000 x8 : 0000000000000000 
[  197.589546] x7 : 0000000000000000 x6 : ffff800011fd3de8 
[  197.599822] x5 : ffff800011fd3de8 x4 : 0000000000000000 
[  197.607748] x3 : 0000000000000000 x2 : 00000000ffffffff 
[  197.613452] x1 : 0000000000000000 x0 : 0000000000000000 
[  197.616765] Call trace:
[  197.618438]  udp_sendmsg+0x108/0x860
[  197.621083]  inet_sendmsg+0x40/0x68
[  197.624700]  __sys_sendto+0xd4/0x150
[  197.627800]  __arm64_sys_sendto+0x24/0x30
[  197.633085]  el0_svc_common.constprop.0+0x68/0x160
[  197.636646]  el0_svc_handler+0x20/0x80
[  197.640133]  el0_svc+0x8/0xc
[  197.652066] Code: b900b3e9 79016be8 29170fe7 790197e2 (79019aff) 
[  197.665004] ---[ end trace 206c64d9d480d2fc ]---
