[  193.995997] Unable to handle kernel paging request at virtual address ffff800000000000
[  194.001103] Mem abort info:
[  194.001699]   ESR = 0x86000006
[  194.003532]   EC = 0x21: IABT (current EL), IL = 32 bits
[  194.005227]   SET = 0, FnV = 0
[  194.005895]   EA = 0, S1PTW = 0
[  194.008550] swapper pgtable: 4k pages, 48-bit VAs, pgdp=00000000412a6000
[  194.011872] [ffff800000000000] pgd=00000000bdfff003, pud=00000000bdffe003, pmd=0000000000000000
[  194.032852] Internal error: Oops: 86000006 [#1] PREEMPT SMP
[  194.041042] Modules linked in:
[  194.050189] CPU: 6 PID: 496 Comm: python3 Not tainted 5.4.18 #2
[  194.051637] Hardware name: linux,dummy-virt (DT)
[  194.053513] pstate: 40000005 (nZcv daif -PAN -UAO)
[  194.058674] pc : 0xffff800000000000
[  194.059419] lr : 0xffff800000000000
[  194.060034] sp : ffff800011f73b80
[  194.060607] x29: ffff800011f73c68 x28: 0000000000000012 
[  194.062269] x27: ffff800011f73d80 x26: 0000000000000011 
[  194.064206] x25: 0000000000000012 x24: ffff00007a8a2dc8 
[  194.065084] x23: 000000006401a8c0 x22: 0000000000000000 
[  194.067265] x21: ffff00007a92c600 x20: ffff800010bb6f10 
[  194.068415] x19: ffff800011f73cf0 x18: 0000000000000000 
[  194.068968] x17: 0000000000000000 x16: 0000000000000000 
[  194.069572] x15: 0000000000000000 x14: 0000000000000000 
[  194.071862] x13: 0000000000000000 x12: 0000000000000000 
[  194.074008] x11: 0000000000000000 x10: 0000000000000000 
[  194.076391] x9 : 0000000000000000 x8 : 0000000000000000 
[  194.077516] x7 : 0000000000000000 x6 : ffff800011f73de8 
[  194.079561] x5 : ffff800011f73de8 x4 : 0000000000000000 
[  194.080385] x3 : 0000000000000000 x2 : 00000000ffffffff 
[  194.081435] x1 : 0000000000000000 x0 : 0000000000000001 
[  194.084324] Call trace:
[  194.085237]  0xffff800000000000
[  194.095390] Code: bad PC value
[  194.111163] ---[ end trace d1b1eb1174cbdc13 ]---
[  194.213876] Unable to handle kernel NULL pointer dereference at virtual address 0000000000000001
[  194.216379] Mem abort info:
[  194.216700]   ESR = 0x96000004
[  194.217431]   EC = 0x25: DABT (current EL), IL = 32 bits
[  194.220701]   SET = 0, FnV = 0
[  194.223937]   EA = 0, S1PTW = 0
[  194.235121] Data abort info:
[  194.245598]   ISV = 0, ISS = 0x00000004
[  194.254130]   CM = 0, WnR = 0
[  194.254604] user pgtable: 4k pages, 48-bit VAs, pgdp=00000000ba6be000
[  194.255086] [0000000000000001] pgd=0000000000000000
[  194.255832] Internal error: Oops: 96000004 [#2] PREEMPT SMP
[  194.259948] Modules linked in:
[  194.272579] CPU: 6 PID: 496 Comm: python3 Tainted: G      D           5.4.18 #2
[  194.277165] Hardware name: linux,dummy-virt (DT)
[  194.280088] pstate: 60000005 (nZCv daif -PAN -UAO)
[  194.287371] pc : ip_mc_drop_socket+0x38/0xc0
[  194.292666] lr : ip_mc_drop_socket+0x30/0xc0
[  194.296591] sp : ffff800011f73730
[  194.301655] x29: ffff800011f73730 x28: ffff00007a92c600 
[  194.304081] x27: ffff800011f73d80 x26: 0000000000000011 
[  194.309035] x25: 0000000000000012 x24: ffff800011963ac0 
[  194.309792] x23: 0000000000000030 x22: ffff00007a8a2a80 
[  194.311914] x21: ffff00007a8a2bb0 x20: ffff00007a8a2a80 
[  194.312453] x19: 0000000000000001 x18: 0000000000000010 
[  194.313227] x17: 0000000000000000 x16: 0000000000000000 
[  194.313929] x15: ffff00007a92ca70 x14: 00000000f0000000 
[  194.316514] x13: ffff00007dbf0800 x12: ffffffffffffffff 
[  194.320736] x11: 0000000000000002 x10: 0000000000000000 
[  194.324542] x9 : 0000000000000010 x8 : ffff00007dbcebe8 
[  194.325729] x7 : 0000000044040000 x6 : 0000000000000000 
[  194.336231] x5 : 0000000000000000 x4 : 0000000000000000 
[  194.339835] x3 : ffff8000119651e0 x2 : ffff00007a92c600 
[  194.340323] x1 : 0000000000000000 x0 : 0000000000000000 
[  194.340800] Call trace:
[  194.341317]  ip_mc_drop_socket+0x38/0xc0
[  194.343936]  inet_release+0x20/0x68
[  194.344497]  __sock_release+0x40/0xb8
[  194.346533]  sock_close+0x14/0x20
[  194.354629]  __fput+0x88/0x228
[  194.358405]  ____fput+0xc/0x18
[  194.358984]  task_work_run+0x80/0x130
[  194.362911]  do_exit+0x2dc/0x980
[  194.364383]  die+0x208/0x248
[  194.367120]  die_kernel_fault+0x60/0x70
[  194.369833]  __do_kernel_fault+0x84/0x120
[  194.371965]  do_translation_fault+0x40/0x78
[  194.372368]  do_mem_abort+0x3c/0x98
[  194.372863]  el1_da+0x1c/0x90
[  194.373410]  0xffff800000000000
[  194.376489] Code: f9401ad8 97fdce13 f94186d3 b4000353 (f9400260) 
[  194.384671] ---[ end trace d1b1eb1174cbdc14 ]---
[  194.389154] Fixing recursive fault but reboot is needed!
[  194.396899] ------------[ cut here ]------------
[  194.410530] WARNING: CPU: 6 PID: 496 at kernel/rcu/tree_plugin.h:293 rcu_note_context_switch+0x34/0x300
[  194.419932] Modules linked in:
[  194.421214] CPU: 6 PID: 496 Comm: python3 Tainted: G      D           5.4.18 #2
[  194.428224] Hardware name: linux,dummy-virt (DT)
[  194.435486] pstate: 20000085 (nzCv daIf -PAN -UAO)
[  194.455987] pc : rcu_note_context_switch+0x34/0x300
[  194.464862] lr : __schedule+0x9c/0x578
[  194.467805] sp : ffff800011f73300
[  194.477125] x29: ffff800011f73300 x28: ffff00007a92c600 
[  194.483871] x27: ffff800011f73d80 x26: 0000000000000011 
[  194.487707] x25: ffff00007a92c600 x24: ffff800010c2fcd8 
[  194.493625] x23: ffff00007a92c600 x22: ffff8000113fa018 
[  194.497124] x21: 0000000000000000 x20: ffff00007a92c600 
[  194.498905] x19: ffff00007dbcb980 x18: 0000000000000010 
[  194.500132] x17: 0000000000000000 x16: 0000000000000000 
[  194.507375] x15: ffff00007a92ca70 x14: ffffffffffffffff 
[  194.512633] x13: ffff800091f73157 x12: ffff800011f7315f 
[  194.517880] x11: ffff8000117d2000 x10: ffff8000119925c0 
[  194.521449] x9 : 0000000000000000 x8 : ffff800011993000 
[  194.525355] x7 : ffff00007a92c600 x6 : 00000000000001a1 
[  194.527431] x5 : 0000000000000000 x4 : 0000000000000000 
[  194.535326] x3 : ffff80006c7c5000 x2 : ffff80006c7c5000 
[  194.538279] x1 : 0000000000000001 x0 : 0000000000000001 
[  194.549210] Call trace:
[  194.555051]  rcu_note_context_switch+0x34/0x300
[  194.558759]  __schedule+0x9c/0x578
[  194.562635]  schedule+0x40/0xe0
[  194.568682]  do_exit+0x978/0x980
[  194.569205]  die+0x208/0x248
[  194.571755]  die_kernel_fault+0x60/0x70
[  194.573572]  __do_kernel_fault+0x84/0x120
[  194.576437]  do_page_fault+0x1b4/0x460
[  194.580347]  do_translation_fault+0x5c/0x78
[  194.585732]  do_mem_abort+0x3c/0x98
[  194.589835]  el1_da+0x1c/0x90
[  194.593316]  ip_mc_drop_socket+0x38/0xc0
[  194.596787]  inet_release+0x20/0x68
[  194.600170]  __sock_release+0x40/0xb8
[  194.600705]  sock_close+0x14/0x20
[  194.605642]  __fput+0x88/0x228
[  194.608044]  ____fput+0xc/0x18
[  194.608397]  task_work_run+0x80/0x130
[  194.610321]  do_exit+0x2dc/0x980
[  194.614423]  die+0x208/0x248
[  194.616664]  die_kernel_fault+0x60/0x70
[  194.619498]  __do_kernel_fault+0x84/0x120
[  194.621393]  do_translation_fault+0x40/0x78
[  194.625546]  do_mem_abort+0x3c/0x98
[  194.626158]  el1_da+0x1c/0x90
[  194.626484]  0xffff800000000000
[  194.632655] ---[ end trace d1b1eb1174cbdc15 ]---
