[  193.458437] Unable to handle kernel paging request at virtual address 000000006401a920
[  193.466138] Mem abort info:
[  193.466834]   ESR = 0x96000005
[  193.469792]   EC = 0x25: DABT (current EL), IL = 32 bits
[  193.471244]   SET = 0, FnV = 0
[  193.471985]   EA = 0, S1PTW = 0
[  193.475846] Data abort info:
[  193.478819]   ISV = 0, ISS = 0x00000005
[  193.481245]   CM = 0, WnR = 0
[  193.488787] user pgtable: 4k pages, 48-bit VAs, pgdp=00000000b3fe3000
[  193.493487] [000000006401a920] pgd=00000000b3feb003, pud=0000000000000000
[  193.527106] Internal error: Oops: 96000005 [#1] PREEMPT SMP
[  193.531946] Modules linked in:
[  193.537247] CPU: 7 PID: 494 Comm: python3 Not tainted 5.4.18 #2
[  193.542491] Hardware name: linux,dummy-virt (DT)
[  193.547947] pstate: 60000005 (nZCv daif -PAN -UAO)
[  193.563673] pc : udp_sendmsg+0x188/0x860
[  193.571561] lr : udp_sendmsg+0x150/0x860
[  193.572221] sp : ffff80001202bb60
[  193.573076] x29: ffff80001202bb70 x28: 0000000000000012 
[  193.585288] x27: ffff80001202bd80 x26: 0000000000000011 
[  193.586184] x25: 0000000000000012 x24: ffff00007b2cb208 
[  193.589829] x23: 000000006401a8c0 x22: 0000000000000000 
[  193.591693] x21: ffff00007abee200 x20: ffff800010b762e8 
[  193.594740] x19: ffff00007b2caec0 x18: 0000000000000000 
[  193.597712] x17: 0000000000000000 x16: 0000000000000000 
[  193.599612] x15: 0000000000000000 x14: 0000000000000000 
[  193.601114] x13: 0000000000000000 x12: 0000000000000000 
[  193.605907] x11: 0000000000000000 x10: 0000000000000000 
[  193.609244] x9 : 000000006401a8c0 x8 : 0000000000000000 
[  193.611767] x7 : 0000000000000000 x6 : ffff80001202bde8 
[  193.615601] x5 : ffff80001202bde8 x4 : 0000000000000000 
[  193.619363] x3 : 0000000000000000 x2 : 0000000000000000 
[  193.622798] x1 : 0000000000000000 x0 : 0000000000000000 
[  193.629795] Call trace:
[  193.631225]  udp_sendmsg+0x188/0x860
[  193.631523]  inet_sendmsg+0x40/0x68
[  193.633698]  __sys_sendto+0xd4/0x150
[  193.637265]  __arm64_sys_sendto+0x24/0x30
[  193.638590]  el0_svc_common.constprop.0+0x68/0x160
[  193.638995]  el0_svc_handler+0x20/0x80
[  193.639323]  el0_svc+0x8/0xc
[  193.643323] Code: b9401009 3100045f 54001440 d503201f (f94032e1) 
[  193.654145] ---[ end trace e31ca7a404bf05d3 ]---
