[  231.651559] kernel BUG at arch/arm64/kernel/traps.c:405!
[  231.658662] Internal error: Oops - BUG: 0 [#1] PREEMPT SMP
[  231.661427] Modules linked in:
[  231.665575] CPU: 1 PID: 499 Comm: python3 Not tainted 5.4.18 #2
[  231.666124] Hardware name: linux,dummy-virt (DT)
[  231.667247] pstate: 00000005 (nzcv daif -PAN -UAO)
[  231.672838] pc : do_undefinstr+0x2ec/0x310
[  231.673823] lr : do_undefinstr+0x1e0/0x310
[  231.674621] sp : ffff800011feb9c0
[  231.675368] x29: ffff800011feb9c0 x28: ffff000072251c00 
[  231.676526] x27: ffff800011febd80 x26: 0000000000000011 
[  231.677497] x25: 0000000000000012 x24: 0000000000000000 
[  231.678855] x23: 0000000080000005 x22: ffff800010baab7c 
[  231.679741] x21: ffff800011febb60 x20: ffff000072251c00 
[  231.680291] x19: ffff800011feba20 x18: 0000000000000000 
[  231.680854] x17: 0000000000000000 x16: 0000000000000000 
[  231.681217] x15: 0000000000000001 x14: 0000000000000000 
[  231.681548] x13: 0000000000000006 x12: 00000000c0a80164 
[  231.681952] x11: 0000000000000000 x10: 0000000000000068 
[  231.682692] x9 : ffff000072251c00 x8 : ffff800011febc30 
[  231.683255] x7 : 0000000054900000 x6 : ffff800011feba18 
[  231.684133] x5 : 00000000d5300000 x4 : ffff8000117c51f0 
[  231.685423] x3 : 0000000055000000 x2 : 0000000000000000 
[  231.686676] x1 : ffff000072251c00 x0 : 0000000080000005 
[  231.688937] Call trace:
[  231.689998]  do_undefinstr+0x2ec/0x310
[  231.690804]  el1_undef+0x10/0x84
[  231.691471]  udp_sendmsg+0x6fc/0x860
[  231.692132]  inet_sendmsg+0x40/0x68
[  231.693094]  __sys_sendto+0xd4/0x150
[  231.693701]  __arm64_sys_sendto+0x24/0x30
[  231.695410]  el0_svc_common.constprop.0+0x68/0x160
[  231.695897]  el0_svc_handler+0x20/0x80
[  231.696132]  el0_svc+0x8/0xc
[  231.697293] Code: f9401bf7 17ffff7c a9025bf5 f9001bf7 (d4210000) 
[  231.699487] ---[ end trace 2e4beff065f6f704 ]---
[  231.701624] note: python3[499] exited with preempt_count 1
[  231.732078] ------------[ cut here ]------------
[  231.734497] WARNING: CPU: 1 PID: 0 at kernel/rcu/tree.c:569 rcu_idle_enter+0x74/0x80
[  231.737123] Modules linked in:
[  231.738064] CPU: 1 PID: 0 Comm: swapper/1 Tainted: G      D           5.4.18 #2
[  231.739740] Hardware name: linux,dummy-virt (DT)
[  231.743405] pstate: 200003c5 (nzCv DAIF -PAN -UAO)
[  231.743707] pc : rcu_idle_enter+0x74/0x80
[  231.744008] lr : do_idle+0x200/0x288
[  231.744442] sp : ffff800011a4bf20
[  231.744717] x29: ffff800011a4bf20 x28: 0000000000000000 
[  231.745451] x27: 0000000000000000 x26: 0000000000000000 
[  231.746392] x25: 0000000000000000 x24: ffff8000117ba214 
[  231.747262] x23: ffff00007b0c1c00 x22: ffff800011404ab8 
[  231.747954] x21: ffff8000117ba1f0 x20: 0000000000000001 
[  231.748561] x19: ffff8000117ba118 x18: 0000000000000010 
[  231.749106] x17: 0000000000000000 x16: 0000000000000000 
[  231.754200] x15: 0000000000000089 x14: 0000000000000000 
[  231.755936] x13: 0000000000000002 x12: 0000000000000089 
[  231.756123] x11: 0000000000000001 x10: 00000000000009c0 
[  231.756859] x9 : ffff800011a4be90 x8 : ffff00007b0c2620 
[  231.758053] x7 : 0000000000000400 x6 : 00000102dd8a85c2 
[  231.758599] x5 : ffff00007db59d70 x4 : ffff00007ab9ca08 
[  231.760038] x3 : 4000000000000002 x2 : 4000000000000000 
[  231.760338] x1 : ffff800011406980 x0 : ffff00007db5d980 
[  231.762433] Call trace:
[  231.763512]  rcu_idle_enter+0x74/0x80
[  231.763757]  do_idle+0x200/0x288
[  231.764064]  cpu_startup_entry+0x24/0x40
[  231.764580]  secondary_start_kernel+0x154/0x190
[  231.764912] ---[ end trace 2e4beff065f6f705 ]---
[  232.120519] ------------[ cut here ]------------
[  232.125042] kernel BUG at arch/arm64/kernel/traps.c:405!
[  232.127178] Internal error: Oops - BUG: 0 [#2] PREEMPT SMP
[  232.130057] Modules linked in:
[  232.132068] CPU: 1 PID: 264 Comm: systemd-timesyn Tainted: G      D W         5.4.18 #2
[  232.133605] Hardware name: linux,dummy-virt (DT)
[  232.133984] pstate: 00000005 (nzcv daif -PAN -UAO)
[  232.135821] pc : do_undefinstr+0x2ec/0x310
[  232.139810] lr : do_undefinstr+0x1e0/0x310
[  232.143213] sp : ffff800011e5b9c0
[  232.144656] x29: ffff800011e5b9c0 x28: ffff0000776b8000 
[  232.145724] x27: ffff800011e5bd80 x26: 0000000000000011 
[  232.146498] x25: 0000000000000030 x24: 0000000000000000 
[  232.147487] x23: 0000000080000005 x22: ffff800010baab7c 
[  232.149491] x21: ffff800011e5bb60 x20: ffff0000776b8000 
[  232.154535] x19: ffff800011e5ba20 x18: 0000000000000000 
[  232.155024] x17: 0000000000000000 x16: 0000000000000000 
[  232.155663] x15: 0000000000000001 x14: 0000000000000000 
[  232.156567] x13: 0000000000000000 x12: 00000000b97dbe39 
[  232.157738] x11: 0000000000000000 x10: 0000000000000068 
[  232.159763] x9 : ffff0000776b8000 x8 : ffff800011e5bc30 
[  232.160609] x7 : 00000000e0100000 x6 : ffff800011e5ba18 
[  232.161451] x5 : 00000000d5300000 x4 : ffff8000117c51f0 
[  232.162463] x3 : 0000000055000000 x2 : 0000000000000000 
[  232.163073] x1 : ffff0000776b8000 x0 : 0000000080000005 
[  232.163371] Call trace:
[  232.163614]  do_undefinstr+0x2ec/0x310
[  232.164251]  el1_undef+0x10/0x84
[  232.164458]  udp_sendmsg+0x6fc/0x860
[  232.164653]  inet_sendmsg+0x40/0x68
[  232.164847]  __sys_sendto+0xd4/0x150
[  232.165409]  __arm64_sys_sendto+0x24/0x30
[  232.166455]  el0_svc_common.constprop.0+0x68/0x160
[  232.168708]  el0_svc_handler+0x20/0x80
[  232.169500]  el0_svc+0x8/0xc
[  232.170481] Code: f9401bf7 17ffff7c a9025bf5 f9001bf7 (d4210000) 
[  232.172332] ---[ end trace 2e4beff065f6f706 ]---
[  232.173513] note: systemd-timesyn[264] exited with preempt_count 1
