[  195.602754] Unable to handle kernel paging request at virtual address 0000000000008a43
[  195.611377] Mem abort info:
[  195.614623]   ESR = 0x96000006
[  195.619662]   EC = 0x25: DABT (current EL), IL = 32 bits
[  195.623107]   SET = 0, FnV = 0
[  195.626349]   EA = 0, S1PTW = 0
[  195.628028] Data abort info:
[  195.631506]   ISV = 0, ISS = 0x00000006
[  195.631798]   CM = 0, WnR = 0
[  195.633612] user pgtable: 4k pages, 48-bit VAs, pgdp=00000000b132f000
[  195.646445] [0000000000008a43] pgd=00000000b27b2003, pud=00000000b82a7003, pmd=0000000000000000
[  195.664660] Internal error: Oops: 96000006 [#1] PREEMPT SMP
[  195.666407] Modules linked in:
[  195.672306] CPU: 6 PID: 498 Comm: python3 Not tainted 5.4.18 #2
[  195.679366] Hardware name: linux,dummy-virt (DT)
[  195.681380] pstate: 40000005 (nZcv daif -PAN -UAO)
[  195.695655] pc : udp_sendmsg+0x4d8/0x860
[  195.696594] lr : udp_sendmsg+0x150/0x860
[  195.696932] sp : ffff800011fcbb60
[  195.697592] x29: ffff800011fcbb70 x28: 0000000000000012 
[  195.705231] x27: ffff800011fcbd80 x26: 0000000000000011 
[  195.713670] x25: 0000000000000012 x24: ffff00007a522dc8 
[  195.714703] x23: 000000006401a8c0 x22: 0000000000000000 
[  195.718744] x21: ffff000078155400 x20: ffff800010b762e8 
[  195.721576] x19: 0000000000008813 x18: 0000000000000000 
[  195.726323] x17: 0000000000000000 x16: 0000000000000000 
[  195.728384] x15: 0000000000000000 x14: 0000000000000000 
[  195.728870] x13: 0000000000000000 x12: 0000000000000000 
[  195.729251] x11: 0000000000000000 x10: 00000000000009d9 
[  195.729948] x9 : 000000006401a8c0 x8 : ffff800011963ac0 
[  195.730396] x7 : 0000000000000000 x6 : ffff800011fcbde8 
[  195.732476] x5 : ffff800011fcbde8 x4 : 0000000000000000 
[  195.737935] x3 : 0000000000000000 x2 : 0000000000000000 
[  195.738813] x1 : 0000000000000000 x0 : 0000000000000050 
[  195.742785] Call trace:
[  195.743555]  udp_sendmsg+0x4d8/0x860
[  195.744026]  inet_sendmsg+0x40/0x68
[  195.745107]  __sys_sendto+0xd4/0x150
[  195.745598]  __arm64_sys_sendto+0x24/0x30
[  195.746334]  el0_svc_common.constprop.0+0x68/0x160
[  195.747123]  el0_svc_handler+0x20/0x80
[  195.747986]  el0_svc+0x8/0xc
[  195.753847] Code: 7945c26a 794103f3 1a9f07e1 b900d3e7 (b9423267) 
[  195.761882] ---[ end trace f79446d65b634bad ]---
