[  194.228879] Unable to handle kernel NULL pointer dereference at virtual address 0000000000000018
[  194.229511] Unable to handle kernel NULL pointer dereference at virtual address 0000000000000018
[  194.236589] Mem abort info:
[  194.238848] Mem abort info:
[  194.239422]   ESR = 0x96000006
[  194.239860]   ESR = 0x96000004
[  194.240532]   EC = 0x25: DABT (current EL), IL = 32 bits
[  194.250709]   EC = 0x25: DABT (current EL), IL = 32 bits
[  194.259868]   SET = 0, FnV = 0
[  194.260048]   EA = 0, S1PTW = 0
[  194.260448] Data abort info:
[  194.264576]   SET = 0, FnV = 0
[  194.266781]   ISV = 0, ISS = 0x00000006
[  194.266961]   EA = 0, S1PTW = 0
[  194.267281]   CM = 0, WnR = 0
[  194.267643] Data abort info:
[  194.267680]   ISV = 0, ISS = 0x00000004
[  194.268007]   CM = 0, WnR = 0
[  194.271365] user pgtable: 4k pages, 48-bit VAs, pgdp=00000000b1205000
[  194.281267] user pgtable: 4k pages, 48-bit VAs, pgdp=00000000b82b5000
[  194.291550] [0000000000000018] pgd=00000000b407c003, pud=00000000b11e0003, pmd=0000000000000000
[  194.295748] [0000000000000018] pgd=0000000000000000
[  194.301287] Internal error: Oops: 96000004 [#1] PREEMPT SMP
[  194.315387] Modules linked in:
[  194.318390] CPU: 5 PID: 259 Comm: systemd-timesyn Not tainted 5.4.18 #2
[  194.319552] Hardware name: linux,dummy-virt (DT)
[  194.322214] pstate: 80000005 (Nzcv daif -PAN -UAO)
[  194.327206] pc : arp_constructor+0xe0/0x210
[  194.328323] lr : udp_sendmsg+0x150/0x860
[  194.330427] sp : ffff800011da3b60
[  194.331623] x29: ffff800011da3b70 x28: 0000000000000030 
[  194.336491] x27: ffff800011da3d80 x26: 0000000000000011 
[  194.346383] x25: 0000000000000030 x24: ffff000076fa1448 
[  194.353253] x23: 0000000039be7db9 x22: 0000000000000000 
[  194.362649] x21: ffff00007b38b800 x20: ffff800010b762e8 
[  194.365748] x19: ffff000076fa1100 x18: 0000000000000000 
[  194.368402] x17: 0000000000000000 x16: 0000000000000000 
[  194.369243] x15: 0000000000000000 x14: 0000000000000000 
[  194.371338] x13: 0000000000000000 x12: 0000000000000000 
[  194.384256] x11: 0000000000000000 x10: 0000000000000000 
[  194.394287] x9 : 0000000039be7db9 x8 : ffff000076fa1448 
[  194.395054] x7 : 0000000000000000 x6 : ffff800011da3de8 
[  194.395847] x5 : ffff800011da3de8 x4 : 0000000000000000 
[  194.398942] x3 : 0000000000000000 x2 : 0000000000000010 
[  194.399711] x1 : 0000000000000000 x0 : 0000000000000000 
[  194.409916] Call trace:
[  194.414364]  arp_constructor+0xe0/0x210
[  194.419634]  inet_sendmsg+0x40/0x68
[  194.423996]  __sys_sendto+0xd4/0x150
[  194.427289]  __arm64_sys_sendto+0x24/0x30
[  194.429915]  el0_svc_common.constprop.0+0x68/0x160
[  194.433117]  el0_svc_handler+0x20/0x80
[  194.434264]  el0_svc+0x8/0xc
[  194.435521] Code: 91008000 9a821000 f9009a60 35000241 (f9400c01) 
[  194.438968] ---[ end trace ababd4ed23fe53ea ]---
[  194.439721] Internal error: Oops: 96000006 [#2] PREEMPT SMP
[  194.446804] Modules linked in:
[  194.454598] CPU: 1 PID: 494 Comm: python3 Tainted: G      D           5.4.18 #2
[  194.458488] Hardware name: linux,dummy-virt (DT)
[  194.461702] pstate: 80000005 (Nzcv daif -PAN -UAO)
[  194.466175] pc : arp_constructor+0xe0/0x210
[  194.474244] lr : udp_sendmsg+0x150/0x860
[  194.479081] sp : ffff800011f2bb60
[  194.482229] x29: ffff800011f2bb70 x28: 0000000000000012 
[  194.482925] x27: ffff800011f2bd80 x26: 0000000000000011 
[  194.484101] x25: 0000000000000012 x24: ffff000079b4d408 
[  194.491663] x23: 000000006401a8c0 x22: 0000000000000000 
[  194.497754] x21: ffff000075ce3800 x20: ffff800010b762e8 
[  194.502320] x19: ffff000079b4d0c0 x18: 0000000000000000 
[  194.506742] x17: 0000000000000000 x16: 0000000000000000 
[  194.509831] x15: 0000000000000000 x14: 0000000000000000 
[  194.514596] x13: 0000000000000000 x12: 0000000000000000 
[  194.518541] x11: 0000000000000000 x10: 0000000000000000 
[  194.518955] x9 : 000000006401a8c0 x8 : ffff000079b4d408 
[  194.519654] x7 : 0000000000000000 x6 : ffff800011f2bde8 
[  194.520605] x5 : ffff800011f2bde8 x4 : 0000000000000000 
[  194.522427] x3 : 0000000000000000 x2 : 0000000000000000 
[  194.524700] x1 : 0000000000000000 x0 : 0000000000000000 
[  194.526480] Call trace:
[  194.526816]  arp_constructor+0xe0/0x210
[  194.527664]  inet_sendmsg+0x40/0x68
[  194.531055]  __sys_sendto+0xd4/0x150
[  194.539041]  __arm64_sys_sendto+0x24/0x30
[  194.542988]  el0_svc_common.constprop.0+0x68/0x160
[  194.548638]  el0_svc_handler+0x20/0x80
[  194.551193]  el0_svc+0x8/0xc
[  194.551849] Code: 91008000 9a821000 f9009a60 35000241 (f9400c01) 
[  194.552988] ---[ end trace ababd4ed23fe53eb ]---
