[  193.910718] Unable to handle kernel paging request at virtual address fff800011f0bc330
[  193.921996] Mem abort info:
[  193.922893]   ESR = 0x96000004
[  193.926327]   EC = 0x25: DABT (current EL), IL = 32 bits
[  193.936425]   SET = 0, FnV = 0
[  193.938894]   EA = 0, S1PTW = 0
[  193.941202] Data abort info:
[  193.950561]   ISV = 0, ISS = 0x00000004
[  193.952709]   CM = 0, WnR = 0
[  193.954204] [fff800011f0bc330] address between user and kernel address ranges
[  193.956216] Internal error: Oops: 96000004 [#1] PREEMPT SMP
[  193.964086] Modules linked in:
[  193.972602] CPU: 4 PID: 494 Comm: python3 Not tainted 5.4.18 #2
[  193.973932] Hardware name: linux,dummy-virt (DT)
[  193.977017] pstate: 80000005 (Nzcv daif -PAN -UAO)
[  193.983464] pc : udp_send_skb.isra.0+0x48/0x368
[  193.984810] lr : udp_sendmsg+0x710/0x860
[  193.985517] sp : ffff800011f0bb20
[  193.986221] x29: ffff800011f0bb20 x28: 000000000000001a 
[  193.987296] x27: ffff800011f0bd80 x26: 0000000000000011 
[  193.989624] x25: 0000000000000012 x24: ffff000076d0f824 
[  193.991001] x23: fff800011f0bc300 x22: ffff00007949a200 
[  193.992899] x21: 0000000000000011 x20: 000000000000001a 
[  193.995138] x19: ffff00007828fe00 x18: 0000000000000000 
[  193.996933] x17: 0000000000000000 x16: 0000000000000000 
[  193.998360] x15: 0000000000000001 x14: 0000000000000000 
[  194.002055] x13: 0000000000000006 x12: 00000000c0a80164 
[  194.004852] x11: 0000000000000000 x10: 0000000000000068 
[  194.005849] x9 : ffff0000781e9c00 x8 : ffff800011f0bc30 
[  194.009710] x7 : 0000000042800000 x6 : 0000000000006b84 
[  194.014710] x5 : ffff000076d0f800 x4 : 0000000000000024 
[  194.019408] x3 : ffff800011f0bc8e x2 : ffff800011f0bc78 
[  194.022402] x1 : 0000000000001a00 x0 : ffff00007828fe00 
[  194.028839] Call trace:
[  194.031308]  udp_send_skb.isra.0+0x48/0x368
[  194.034467]  udp_sendmsg+0x710/0x860
[  194.039379]  inet_sendmsg+0x40/0x68
[  194.042026]  __sys_sendto+0xd4/0x150
[  194.044736]  __arm64_sys_sendto+0x24/0x30
[  194.045485]  el0_svc_common.constprop.0+0x68/0x160
[  194.049515]  el0_svc_handler+0x20/0x80
[  194.053851]  el0_svc+0x8/0xc
[  194.059426] Code: 394806d5 4b010294 782468a6 53183e81 (794062e4) 
[  194.066804] ---[ end trace d917b564499a0125 ]---
