[  192.539609] Unable to handle kernel NULL pointer dereference at virtual address 00000000000002a8
[  192.544118] Mem abort info:
[  192.544518]   ESR = 0x96000006
[  192.545024]   EC = 0x25: DABT (current EL), IL = 32 bits
[  192.545513]   SET = 0, FnV = 0
[  192.547684]   EA = 0, S1PTW = 0
[  192.548435] Data abort info:
[  192.549017]   ISV = 0, ISS = 0x00000006
[  192.551324]   CM = 0, WnR = 0
[  192.552818] user pgtable: 4k pages, 48-bit VAs, pgdp=00000000b25ef000
[  192.580331] [00000000000002a8] pgd=00000000b25e2003, pud=00000000b5c1a003, pmd=0000000000000000
[  192.602016] Internal error: Oops: 96000006 [#1] PREEMPT SMP
[  192.606383] Modules linked in:
[  192.611183] CPU: 6 PID: 495 Comm: python3 Not tainted 5.4.18 #2
[  192.612838] Hardware name: linux,dummy-virt (DT)
[  192.621519] pstate: 20000005 (nzCv daif -PAN -UAO)
[  192.628086] pc : ip_route_output_key_hash_rcu+0x2c4/0x668
[  192.628713] lr : ip_route_output_key_hash_rcu+0x2c4/0x668
[  192.629203] sp : ffff800011f9bb60
[  192.629648] x29: ffff800011f9bb70 x28: 0000000000000012 
[  192.632621] x27: ffff800011f9bd80 x26: 0000000000000011 
[  192.635589] x25: 0000000000000012 x24: ffff00007a43ba88 
[  192.636596] x23: 000000006401a8c0 x22: 0000000000000000 
[  192.637738] x21: ffff00007a951c00 x20: ffff800010b762e8 
[  192.641478] x19: ffff00007a43b740 x18: 0000000000000000 
[  192.643586] x17: 0000000000000000 x16: 0000000000000000 
[  192.651795] x15: 0000000000000000 x14: 0000000000000000 
[  192.653314] x13: 0000000000000000 x12: 0000000000000000 
[  192.657803] x11: 0000000000000000 x10: 00000000000038d6 
[  192.661028] x9 : 000000006401a8c0 x8 : ffff800011963ac0 
[  192.668889] x7 : 00000000000003e8 x6 : ffff800011f9bde8 
[  192.677143] x5 : ffff800011f9bde8 x4 : 0000000000000000 
[  192.682567] x3 : 0000000000008813 x2 : 0000000000000038 
[  192.683417] x1 : ffff00007a951c00 x0 : 0000000000000001 
[  192.685144] Call trace:
[  192.686358]  ip_route_output_key_hash_rcu+0x2c4/0x668
[  192.686873]  inet_sendmsg+0x40/0x68
[  192.687135]  __sys_sendto+0xd4/0x150
[  192.687609]  __arm64_sys_sendto+0x24/0x30
[  192.688921]  el0_svc_common.constprop.0+0x68/0x160
[  192.692409]  el0_svc_handler+0x20/0x80
[  192.696254]  el0_svc+0x8/0xc
[  192.704588] Code: b9402e61 b9002a60 34fff9e1 97d781da (f94156c0) 
[  192.711082] ---[ end trace 3cbd686d88db2035 ]---
