[  194.357988] Unable to handle kernel NULL pointer dereference at virtual address 0000000000000012
[  194.372305] Mem abort info:
[  194.373773]   ESR = 0x96000006
[  194.374760]   EC = 0x25: DABT (current EL), IL = 32 bits
[  194.375761]   SET = 0, FnV = 0
[  194.376454]   EA = 0, S1PTW = 0
[  194.382055] Data abort info:
[  194.388392]   ISV = 0, ISS = 0x00000006
[  194.392921]   CM = 0, WnR = 0
[  194.400405] user pgtable: 4k pages, 48-bit VAs, pgdp=00000000b2602000
[  194.405940] [0000000000000012] pgd=00000000b6cfb003, pud=00000000b248c003, pmd=0000000000000000
[  194.417572] Internal error: Oops: 96000006 [#1] PREEMPT SMP
[  194.423344] Modules linked in:
[  194.430763] CPU: 3 PID: 495 Comm: python3 Not tainted 5.4.18 #2
[  194.431846] Hardware name: linux,dummy-virt (DT)
[  194.434419] pstate: 40000005 (nZcv daif -PAN -UAO)
[  194.444769] pc : udp_sendmsg+0x50/0x860
[  194.446015] lr : inet_sendmsg+0x40/0x68
[  194.446641] sp : ffff800011ec3b60
[  194.447409] x29: ffff800011ec3b70 x28: 0000000000000012 
[  194.448270] x27: ffff800011ec3d80 x26: 0000000000000011 
[  194.452520] x25: 0000000000000012 x24: ffff800011ec3dd8 
[  194.453614] x23: 0000ffffe35ace58 x22: 0000000000000001 
[  194.455127] x21: ffff000075e0e200 x20: 0000000000000012 
[  194.457276] x19: ffff00007b286e80 x18: 0000000000000000 
[  194.462288] x17: 0000000000000000 x16: 0000000000000000 
[  194.472067] x15: 0000000000000000 x14: 0000000000000000 
[  194.473319] x13: 0000000000000000 x12: 0000000000000000 
[  194.476321] x11: 0000000000000000 x10: 0000000000000000 
[  194.483042] x9 : 0000000000400100 x8 : ffff000075e0e200 
[  194.485528] x7 : 0000ffffb1907dd0 x6 : ffff800011ec3de8 
[  194.490664] x5 : ffff800011ec3de8 x4 : 0000000000000002 
[  194.494433] x3 : ffff800010baa480 x2 : 0000000000000012 
[  194.500137] x1 : 0000000000000000 x0 : 0000000000000000 
[  194.504555] Call trace:
[  194.505724]  udp_sendmsg+0x50/0x860
[  194.508805]  inet_sendmsg+0x40/0x68
[  194.513212]  __sys_sendto+0xd4/0x150
[  194.520851]  __arm64_sys_sendto+0x24/0x30
[  194.521437]  el0_svc_common.constprop.0+0x68/0x160
[  194.527591]  el0_svc_handler+0x20/0x80
[  194.529979]  el0_svc+0x8/0xc
[  194.540766] Code: f900c7e1 d2800001 b943a400 f90053ff (f9400337) 
[  194.549771] ---[ end trace 13321cfc7362b254 ]---
