[  195.680353] kernel BUG at arch/arm64/kernel/traps.c:405!
[  195.691143] Internal error: Oops - BUG: 0 [#1] PREEMPT SMP
[  195.693931] Modules linked in:
[  195.701197] CPU: 1 PID: 493 Comm: python3 Not tainted 5.4.18 #2
[  195.702974] Hardware name: linux,dummy-virt (DT)
[  195.705311] pstate: 00000005 (nzcv daif -PAN -UAO)
[  195.710553] pc : do_undefinstr+0x2ec/0x310
[  195.711226] lr : do_undefinstr+0x1e0/0x310
[  195.712225] sp : ffff800011f739c0
[  195.713080] x29: ffff800011f739c0 x28: ffff00007a9ed400 
[  195.714494] x27: ffff800011f73d80 x26: 0000000000000011 
[  195.715645] x25: 0000000000000012 x24: 0000000000000000 
[  195.716862] x23: 0000000040000005 x22: ffff800010baa4d0 
[  195.718190] x21: ffff800011f73b60 x20: ffff00007a9ed400 
[  195.719954] x19: ffff800011f73a20 x18: 0000000000000000 
[  195.720953] x17: 0000000000000000 x16: 0000000000000000 
[  195.722455] x15: 0000000000000000 x14: 0000000000000000 
[  195.722885] x13: 0000000000000000 x12: 0000000000000000 
[  195.723785] x11: 0000000000000000 x10: 0000000000000000 
[  195.724237] x9 : 0000000000400100 x8 : ffff00007a9ed400 
[  195.724685] x7 : 0000ffffa2c91e10 x6 : ffff800011f73a18 
[  195.725429] x5 : 00000000d5300000 x4 : ffff8000117c51f0 
[  195.726310] x3 : 00000000f9c00000 x2 : 0000000000000000 
[  195.727373] x1 : ffff00007a9ed400 x0 : 0000000040000005 
[  195.729462] Call trace:
[  195.730434]  do_undefinstr+0x2ec/0x310
[  195.731393]  el1_undef+0x10/0x84
[  195.732113]  udp_sendmsg+0x50/0x860
[  195.732885]  inet_sendmsg+0x40/0x68
[  195.733602]  __sys_sendto+0xd4/0x150
[  195.734416]  __arm64_sys_sendto+0x24/0x30
[  195.735318]  el0_svc_common.constprop.0+0x68/0x160
[  195.736210]  el0_svc_handler+0x20/0x80
[  195.737253]  el0_svc+0x8/0xc
[  195.739168] Code: f9401bf7 17ffff7c a9025bf5 f9001bf7 (d4210000) 
[  195.741714] ---[ end trace 074c16c8d493ba7b ]---
[  195.744196] note: python3[493] exited with preempt_count 1
[  195.790810] ------------[ cut here ]------------
[  195.795925] WARNING: CPU: 1 PID: 0 at kernel/rcu/tree.c:569 rcu_idle_enter+0x74/0x80
[  195.796566] Modules linked in:
[  195.797769] CPU: 1 PID: 0 Comm: swapper/1 Tainted: G      D           5.4.18 #2
[  195.798448] Hardware name: linux,dummy-virt (DT)
[  195.799280] pstate: 200003c5 (nzCv DAIF -PAN -UAO)
[  195.800130] pc : rcu_idle_enter+0x74/0x80
[  195.803000] lr : do_idle+0x200/0x288
[  195.804232] sp : ffff800011a4bf20
[  195.806501] x29: ffff800011a4bf20 x28: 0000000000000000 
[  195.808520] x27: 0000000000000000 x26: 0000000000000000 
[  195.811255] x25: 0000000000000000 x24: ffff8000117ba214 
[  195.812578] x23: ffff00007b0c1c00 x22: ffff800011404ab8 
[  195.813710] x21: ffff8000117ba1f0 x20: 0000000000000001 
[  195.816016] x19: ffff8000117ba118 x18: 0000000000000010 
[  195.816450] x17: 0000000000000000 x16: 0000000000000000 
[  195.817508] x15: 00000000000000a9 x14: 0000000000000000 
[  195.818326] x13: 0000000000000003 x12: 00000000000000a9 
[  195.819029] x11: 0000000000000001 x10: 00000000000009c0 
[  195.821201] x9 : ffff800011a4be90 x8 : ffff00007b0c2620 
[  195.822975] x7 : 00000000000003fc x6 : 00000079f32049e4 
[  195.824237] x5 : 00ffffffffffffff x4 : ffff80006c757000 
[  195.826803] x3 : 4000000000000002 x2 : 4000000000000000 
[  195.827436] x1 : ffff800011406980 x0 : ffff00007db5d980 
[  195.828800] Call trace:
[  195.829672]  rcu_idle_enter+0x74/0x80
[  195.830151]  do_idle+0x200/0x288
[  195.830667]  cpu_startup_entry+0x24/0x40
[  195.831009]  secondary_start_kernel+0x154/0x190
[  195.831364] ---[ end trace 074c16c8d493ba7c ]---
