[  193.184565] kernel BUG at arch/arm64/kernel/traps.c:405!
[  193.192905] Internal error: Oops - BUG: 0 [#1] PREEMPT SMP
[  193.195128] Modules linked in:
[  193.202707] CPU: 0 PID: 495 Comm: python3 Not tainted 5.4.18 #2
[  193.204312] Hardware name: linux,dummy-virt (DT)
[  193.206303] pstate: 00000005 (nzcv daif -PAN -UAO)
[  193.210937] pc : do_undefinstr+0x2ec/0x310
[  193.211283] lr : do_undefinstr+0x1e0/0x310
[  193.211600] sp : ffff800011d9b9c0
[  193.211880] x29: ffff800011d9b9c0 x28: ffff000078306200 
[  193.212503] x27: ffff800011d9bd80 x26: 0000000000000011 
[  193.212871] x25: 0000000000000012 x24: 0000000000000000 
[  193.213225] x23: 0000000080000005 x22: ffff800010baa718 
[  193.213587] x21: ffff800011d9bb60 x20: ffff000078306200 
[  193.213939] x19: ffff800011d9ba20 x18: 0000000000000000 
[  193.214316] x17: 0000000000000000 x16: 0000000000000000 
[  193.214670] x15: 0000000000000001 x14: 0000000000000000 
[  193.215021] x13: 0000000000000006 x12: 000000000000003c 
[  193.215371] x11: ffff000076c72000 x10: ffff00007a5d27c0 
[  193.215728] x9 : 0000000000000b7c x8 : 0000000000000001 
[  193.216078] x7 : 0000000000004e20 x6 : ffff800011d9ba18 
[  193.217277] x5 : 00000000d5300000 x4 : ffff8000117c51f0 
[  193.217632] x3 : 0000000074000000 x2 : 0000000000000000 
[  193.217978] x1 : ffff000078306200 x0 : 0000000080000005 
[  193.219100] Call trace:
[  193.220209]  do_undefinstr+0x2ec/0x310
[  193.220538]  el1_undef+0x10/0x84
[  193.220739]  udp_sendmsg+0x298/0x860
[  193.221060]  inet_sendmsg+0x40/0x68
[  193.221575]  __sys_sendto+0xd4/0x150
[  193.221979]  __arm64_sys_sendto+0x24/0x30
[  193.222393]  el0_svc_common.constprop.0+0x68/0x160
[  193.223075]  el0_svc_handler+0x20/0x80
[  193.223427]  el0_svc+0x8/0xc
[  193.225463] Code: f9401bf7 17ffff7c a9025bf5 f9001bf7 (d4210000) 
[  193.229412] ---[ end trace 52cfd829dc37074c ]---
[  193.231776] note: python3[495] exited with preempt_count 1
[  193.336155] ------------[ cut here ]------------
[  193.346711] WARNING: CPU: 0 PID: 0 at kernel/rcu/tree.c:569 rcu_idle_enter+0x74/0x80
[  193.349438] Modules linked in:
[  193.350891] CPU: 0 PID: 0 Comm: swapper/0 Tainted: G      D           5.4.18 #2
[  193.356591] Hardware name: linux,dummy-virt (DT)
[  193.357030] pstate: 200003c5 (nzCv DAIF -PAN -UAO)
[  193.357458] pc : rcu_idle_enter+0x74/0x80
[  193.357841] lr : do_idle+0x200/0x288
[  193.358334] sp : ffff8000117b3eb0
[  193.358679] x29: ffff8000117b3eb0 x28: 00000000412b0018 
[  193.359569] x27: 0000000000000000 x26: 0000000000000000 
[  193.369602] x25: 0000000000000000 x24: ffff8000117ba214 
[  193.378981] x23: ffff8000117c2d80 x22: ffff800011404ab8 
[  193.387561] x21: ffff8000117ba1f0 x20: 0000000000000000 
[  193.394486] x19: ffff8000117ba118 x18: 0000000000000010 
[  193.396103] x17: 0000000000000000 x16: 0000000000000000 
[  193.401933] x15: ffff000078306670 x14: 0000000000000001 
[  193.407940] x13: 0000000000000001 x12: 0000000000000001 
[  193.414392] x11: 0000000000000400 x10: 00000000000009c0 
[  193.416402] x9 : ffff8000117b3e20 x8 : ffff8000117c37a0 
[  193.421907] x7 : 0000000000000000 x6 : 000001ee171796c7 
[  193.423926] x5 : 00ffffffffffffff x4 : ffff80006c741000 
[  193.427289] x3 : 4000000000000002 x2 : 4000000000000000 
[  193.428409] x1 : ffff800011406980 x0 : ffff00007db47980 
[  193.430072] Call trace:
[  193.430493]  rcu_idle_enter+0x74/0x80
[  193.431089]  do_idle+0x200/0x288
[  193.431682]  cpu_startup_entry+0x24/0x40
[  193.434118]  rest_init+0xd4/0xe0
[  193.435018]  arch_call_rest_init+0xc/0x14
[  193.435466]  start_kernel+0x420/0x450
[  193.435918] ---[ end trace 52cfd829dc37074d ]---
