[  193.497222] Unable to handle kernel NULL pointer dereference at virtual address 00000000000006d0
[  193.505256] Mem abort info:
[  193.506241]   ESR = 0x96000006
[  193.512785]   EC = 0x25: DABT (current EL), IL = 32 bits
[  193.514977]   SET = 0, FnV = 0
[  193.517368]   EA = 0, S1PTW = 0
[  193.524598] Data abort info:
[  193.532144]   ISV = 0, ISS = 0x00000006
[  193.545402]   CM = 0, WnR = 0
[  193.550696] user pgtable: 4k pages, 48-bit VAs, pgdp=00000000b2a9e000
[  193.556750] [00000000000006d0] pgd=00000000b2997003, pud=00000000b1c0c003, pmd=0000000000000000
[  193.561890] Internal error: Oops: 96000006 [#1] PREEMPT SMP
[  193.564411] Modules linked in:
[  193.570585] CPU: 6 PID: 492 Comm: python3 Not tainted 5.4.18 #2
[  193.571589] Hardware name: linux,dummy-virt (DT)
[  193.575847] pstate: 40000005 (nZcv daif -PAN -UAO)
[  193.581555] pc : __synchronize_srcu.part.0+0x2c/0xa8
[  193.582356] lr : synchronize_srcu_expedited+0x2c/0x38
[  193.583504] sp : ffff800011efbaf0
[  193.584000] x29: ffff800011efbaf0 x28: 0000000000000012 
[  193.587679] x27: ffff800011efbd80 x26: 0000000000000011 
[  193.589708] x25: 0000000000000012 x24: ffff000078161cc8 
[  193.590498] x23: 000000006401a8c0 x22: 0000000000000000 
[  193.594729] x21: 0000000000000000 x20: 0000000000000000 
[  193.597003] x19: ffff0000749ab800 x18: 0000000000000000 
[  193.602931] x17: 0000000000000000 x16: 0000000000000000 
[  193.604044] x15: 0000000000000000 x14: 0000000000000000 
[  193.604800] x13: 0000000000000000 x12: 0000000000000000 
[  193.605433] x11: 0000000000000000 x10: 0000000000000000 
[  193.606986] x9 : 0000000000000000 x8 : 0000000000000000 
[  193.609877] x7 : 0000000000000000 x6 : ffff800011efbde8 
[  193.619133] x5 : ffff800011efbde8 x4 : 0000000000000000 
[  193.623217] x3 : 0000000000000000 x2 : ffff8000117ba000 
[  193.639860] x1 : 00000000000006d0 x0 : 0000000000000000 
[  193.656163] Call trace:
[  193.661346]  __synchronize_srcu.part.0+0x2c/0xa8
[  193.665596]  synchronize_srcu_expedited+0x2c/0x38
[  193.673634]  inet_sendmsg+0x40/0x68
[  193.681780] Code: f9423a61 f90037e1 d2800001 911b4001 (c8dffc21) 
[  193.688667] ---[ end trace f67b8f119b5f73e3 ]---
