[  194.988499] Unable to handle kernel read from unreadable memory at virtual address ffff800011d6bd84
[  194.991355] Mem abort info:
[  194.991902]   ESR = 0x9600000f
[  194.992568]   EC = 0x25: DABT (current EL), IL = 32 bits
[  194.995210]   SET = 0, FnV = 0
[  195.001445]   EA = 0, S1PTW = 0
[  195.003553] Data abort info:
[  195.004763]   ISV = 0, ISS = 0x0000000f
[  195.009237]   CM = 0, WnR = 0
[  195.011603] swapper pgtable: 4k pages, 48-bit VAs, pgdp=00000000412a6000
[  195.019764] [ffff800011d6bd84] pgd=00000000bdfff003, pud=00000000bdffe003, pmd=00000000bb26c003, pte=00680000b0d76713
[  195.055262] Internal error: Oops: 9600000f [#1] PREEMPT SMP
[  195.064851] Modules linked in:
[  195.072012] CPU: 7 PID: 495 Comm: python3 Not tainted 5.4.18 #2
[  195.073299] Hardware name: linux,dummy-virt (DT)
[  195.077473] pstate: 40000005 (nZcv daif -PAN -UAO)
[  195.087894] pc : udp_sendmsg+0x58/0x860
[  195.097144] lr : inet_sendmsg+0x40/0x68
[  195.105769] sp : ffff800011d6bb60
[  195.109143] x29: ffff800011d6bb70 x28: 0000000000000012 
[  195.113802] x27: ffff800011d6bd80 x26: 0000000000000011 
[  195.119196] x25: 0000000000000012 x24: ffff800011d6bdd8 
[  195.122219] x23: ffff800011d6bdd8 x22: 0000000000000001 
[  195.124186] x21: ffff00007a90f000 x20: 0000000000000012 
[  195.127103] x19: ffff00007a472a80 x18: 0000000000000000 
[  195.127649] x17: 0000000000000000 x16: 0000000000000000 
[  195.128237] x15: 0000000000000000 x14: 0000000000000000 
[  195.129398] x13: 0000000000000000 x12: 0000000000000000 
[  195.130877] x11: 0000000000000000 x10: 0000000000000000 
[  195.131776] x9 : 0000000000400100 x8 : ffff00007a90f000 
[  195.132575] x7 : 0000ffff7f385e90 x6 : ffff800011d6bde8 
[  195.135980] x5 : ffff800011d6bde8 x4 : 0000000000000002 
[  195.142775] x3 : ffff800010baa480 x2 : 0000000000000012 
[  195.143902] x1 : 0000000000000000 x0 : 0000000000000000 
[  195.146263] Call trace:
[  195.147390]  udp_sendmsg+0x58/0x860
[  195.148087]  inet_sendmsg+0x40/0x68
[  195.151219]  __sys_sendto+0xd4/0x150
[  195.157866]  __arm64_sys_sendto+0x24/0x30
[  195.163129]  el0_svc_common.constprop.0+0x68/0x160
[  195.166236]  el0_svc_handler+0x20/0x80
[  195.167730]  el0_svc+0x8/0xc
[  195.173183] Code: b943a400 f90053ff f9400377 35000060 (b8404b76) 
[  195.182097] ---[ end trace cd2e92afc0d7bdf5 ]---
