[  193.419565] Unable to handle kernel NULL pointer dereference at virtual address 000000000000001c
[  193.423096] Mem abort info:
[  193.423404]   ESR = 0x96000006
[  193.424074]   EC = 0x25: DABT (current EL), IL = 32 bits
[  193.427114]   SET = 0, FnV = 0
[  193.427409]   EA = 0, S1PTW = 0
[  193.427709] Data abort info:
[  193.427889]   ISV = 0, ISS = 0x00000006
[  193.428329]   CM = 0, WnR = 0
[  193.429747] user pgtable: 4k pages, 48-bit VAs, pgdp=00000000b0469000
[  193.435215] [000000000000001c] pgd=00000000b20f7003, pud=00000000b6bbe003, pmd=0000000000000000
[  193.450854] Internal error: Oops: 96000006 [#1] PREEMPT SMP
[  193.457834] Modules linked in:
[  193.470809] CPU: 2 PID: 493 Comm: python3 Not tainted 5.4.18 #2
[  193.473946] Hardware name: linux,dummy-virt (DT)
[  193.475824] pstate: 40000005 (nZcv daif -PAN -UAO)
[  193.480790] pc : udp_sendmsg+0x598/0x860
[  193.481279] lr : udp_sendmsg+0x150/0x860
[  193.481928] sp : ffff800011d5bb60
[  193.482494] x29: ffff800011d5bb70 x28: 0000000000000012 
[  193.483836] x27: ffff800011d5bd80 x26: 0000000000000011 
[  193.484560] x25: 0000000000000012 x24: ffff00007b2cd848 
[  193.488621] x23: 000000006401a8c0 x22: 0000000000000000 
[  193.489954] x21: ffff00007a9b8000 x20: ffff800010b762e8 
[  193.496602] x19: ffff00007b2cd500 x18: 0000000000000000 
[  193.502544] x17: 0000000000000000 x16: 0000000000000000 
[  193.504241] x15: 0000000000000000 x14: 0000000000000000 
[  193.506178] x13: 0000000000000000 x12: 0000000000000000 
[  193.509670] x11: 0000000000000000 x10: 0000000000000000 
[  193.514551] x9 : 000000006401a8c0 x8 : 0000000000000000 
[  193.521781] x7 : 0000000000000000 x6 : ffff800011d5bde8 
[  193.526988] x5 : ffff800011d5bde8 x4 : 0000000000000000 
[  193.528072] x3 : 0000000000000000 x2 : 0000000000000000 
[  193.530909] x1 : 0000000000000000 x0 : 0000000000000000 
[  193.533489] Call trace:
[  193.536179]  udp_sendmsg+0x598/0x860
[  193.537898]  inet_sendmsg+0x40/0x68
[  193.539477]  __sys_sendto+0xd4/0x150
[  193.540703]  __arm64_sys_sendto+0x24/0x30
[  193.544034]  el0_svc_common.constprop.0+0x68/0x160
[  193.547592]  el0_svc_handler+0x20/0x80
[  193.549806]  el0_svc+0x8/0xc
[  193.554202] Code: 540007c0 2a0003e6 17fffff4 b5ffe0a0 (39407000) 
[  193.561925] ---[ end trace ee22972a9f747bcc ]---
