[  192.415511] kernel BUG at arch/arm64/kernel/traps.c:405!
[  192.418362] Internal error: Oops - BUG: 0 [#1] PREEMPT SMP
[  192.419298] Modules linked in:
[  192.422000] CPU: 7 PID: 494 Comm: python3 Not tainted 5.4.18 #2
[  192.424520] Hardware name: linux,dummy-virt (DT)
[  192.428487] pstate: 00000005 (nzcv daif -PAN -UAO)
[  192.435748] pc : do_undefinstr+0x2ec/0x310
[  192.437764] lr : do_undefinstr+0x1e0/0x310
[  192.438582] sp : ffff800011dbb9c0
[  192.439478] x29: ffff800011dbb9c0 x28: ffff0000794be200 
[  192.440798] x27: ffff800011dbbd80 x26: 0000000000000011 
[  192.441531] x25: 0000000000000012 x24: 0000000000000000 
[  192.442496] x23: 0000000080000005 x22: ffff800010baab9c 
[  192.443435] x21: ffff800011dbbb60 x20: ffff0000794be200 
[  192.444612] x19: ffff800011dbba20 x18: 0000000000000000 
[  192.445902] x17: 0000000000000000 x16: 0000000000000000 
[  192.447858] x15: 0000000000000001 x14: 0000000000000000 
[  192.449405] x13: 0000000000000006 x12: 000000000000003c 
[  192.450488] x11: ffff000077045000 x10: 0000000000000000 
[  192.451597] x9 : ffff000073b27140 x8 : 0000000000000028 
[  192.452622] x7 : ffff000075cb0000 x6 : ffff800011dbba18 
[  192.454153] x5 : 00000000d5300000 x4 : ffff8000117c51f0 
[  192.455360] x3 : 0000000007f00000 x2 : 0000000000000000 
[  192.456411] x1 : ffff0000794be200 x0 : 0000000080000005 
[  192.458640] Call trace:
[  192.459493]  do_undefinstr+0x2ec/0x310
[  192.460452]  el1_undef+0x10/0x84
[  192.460820]  udp_sendmsg+0x71c/0x860
[  192.461150]  inet_sendmsg+0x40/0x68
[  192.462075]  __sys_sendto+0xd4/0x150
[  192.463047]  __arm64_sys_sendto+0x24/0x30
[  192.464012]  el0_svc_common.constprop.0+0x68/0x160
[  192.466103]  el0_svc_handler+0x20/0x80
[  192.466994]  el0_svc+0x8/0xc
[  192.469769] Code: f9401bf7 17ffff7c a9025bf5 f9001bf7 (d4210000) 
[  192.475361] ---[ end trace 0f71e4d08bee9279 ]---
[  192.478329] note: python3[494] exited with preempt_count 1
[  192.559025] ------------[ cut here ]------------
[  192.564756] WARNING: CPU: 7 PID: 0 at kernel/rcu/tree.c:569 rcu_idle_enter+0x74/0x80
[  192.570795] Modules linked in:
[  192.575260] CPU: 7 PID: 0 Comm: swapper/7 Tainted: G      D           5.4.18 #2
[  192.578642] Hardware name: linux,dummy-virt (DT)
[  192.580163] pstate: 200003c5 (nzCv DAIF -PAN -UAO)
[  192.581490] pc : rcu_idle_enter+0x74/0x80
[  192.582494] lr : do_idle+0x200/0x288
[  192.583020] sp : ffff800011a7bf20
[  192.583246] x29: ffff800011a7bf20 x28: 0000000000000000 
[  192.583754] x27: 0000000000000000 x26: 0000000000000000 
[  192.584776] x25: 0000000000000000 x24: ffff8000117ba214 
[  192.585073] x23: ffff00007b0c7000 x22: ffff800011404ab8 
[  192.585915] x21: ffff8000117ba1f0 x20: 0000000000000007 
[  192.587080] x19: ffff8000117ba118 x18: 0000000000000010 
[  192.588754] x17: 0000000000000000 x16: 0000000000000000 
[  192.590138] x15: ffff0000794be670 x14: 0000000000000001 
[  192.596535] x13: 0000000000001735 x12: 000000000000015f 
[  192.600699] x11: 00000000005ceea2 x10: 00000000000009c0 
[  192.601311] x9 : ffff800011a7be90 x8 : ffff00007b0c7a20 
[  192.603681] x7 : 0000000000000007 x6 : 0000053f3ceeb14f 
[  192.606563] x5 : 00ffffffffffffff x4 : ffff80006c7db000 
[  192.609053] x3 : 4000000000000002 x2 : 4000000000000000 
[  192.611564] x1 : ffff800011406980 x0 : ffff00007dbe1980 
[  192.612131] Call trace:
[  192.613156]  rcu_idle_enter+0x74/0x80
[  192.614459]  do_idle+0x200/0x288
[  192.615853]  cpu_startup_entry+0x24/0x40
[  192.616811]  secondary_start_kernel+0x154/0x190
[  192.619937] ---[ end trace 0f71e4d08bee927a ]---
