[Errno 14] Bad address[  192.878003] Unable to handle kernel paging request at virtual address 0001a8c06e01a8c8
[  192.881611] Mem abort info:
[  192.885727]   ESR = 0x96000004
[  192.890484]   EC = 0x25: DABT (current EL), IL = 32 bits
[  192.898219]   SET = 0, FnV = 0
[  192.906870]   EA = 0, S1PTW = 0
[  192.913008] Data abort info:
[  192.918166]   ISV = 0, ISS = 0x00000004
[  192.921553]   CM = 0, WnR = 0
[  192.929532] [0001a8c06e01a8c8] address between user and kernel address ranges
[  192.933189] Internal error: Oops: 96000004 [#1] PREEMPT SMP
[  192.937277] Modules linked in:
[  192.948583] CPU: 1 PID: 495 Comm: python3 Not tainted 5.4.18 #2
[  192.949221] Hardware name: linux,dummy-virt (DT)
[  192.950853] pstate: a0000005 (NzCv daif -PAN -UAO)
[  192.957338] pc : _copy_from_iter_full+0x58/0x2c8
[  192.958003] lr : ip_generic_getfrag+0x54/0xf0
[  192.960973] sp : ffff800011f83940
[  192.962062] x29: ffff800011f83940 x28: ffff00007b316b30 
[  192.963439] x27: 000000000000001a x26: 0000000000000000 
[  192.965719] x25: ffff00007825862c x24: ffff00007811c000 
[  192.966989] x23: 6401a8c06e01a8c0 x22: ffff800011f83c40 
[  192.967766] x21: 0000000000000012 x20: 0000000000000000 
[  192.968513] x19: ffff00007b316200 x18: 0000000000000000 
[  192.971766] x17: 0000000000000000 x16: 0000000000000000 
[  192.973471] x15: 0000000000000001 x14: 0000000000000000 
[  192.973941] x13: 0000000000000006 x12: 00000000c0a80164 
[  192.975020] x11: 0000000000000000 x10: 0000000000000068 
[  192.976156] x9 : 0000000000000000 x8 : ffff000079bcf000 
[  192.976701] x7 : 0000000000000001 x6 : 0000000000000060 
[  192.977180] x5 : 0000000000000012 x4 : 0000000000000000 
[  192.977769] x3 : ffff800011f83c40 x2 : ffff800011f83c70 
[  192.978263] x1 : 0000000000000000 x0 : ffff00007825862c 
[  192.981207] Call trace:
[  192.981761]  _copy_from_iter_full+0x58/0x2c8
[  192.983582]  ip_generic_getfrag+0x54/0xf0
[  192.984596]  __ip_append_data.isra.0+0x85c/0xc30
[  192.989421]  ip_make_skb+0xec/0x140
[  192.991925]  udp_sendmsg+0x6ec/0x860
[  192.992915]  inet_sendmsg+0x40/0x68
[  192.995052]  __sys_sendto+0xd4/0x150
[  192.996607]  __arm64_sys_sendto+0x24/0x30
[  193.000187]  el0_svc_common.constprop.0+0x68/0x160
[  193.001437]  el0_svc_handler+0x20/0x80
[  193.004848]  el0_svc+0x8/0xc
[  193.026941] Code: 37180d81 373011c1 a90363f7 f9400ed7 (f94006f3) 
[  193.058003] ---[ end trace 9849237316fdc71d ]---
