[  192.765132] kernel BUG at arch/arm64/kernel/traps.c:405!
[  192.769236] Internal error: Oops - BUG: 0 [#1] PREEMPT SMP
[  192.772672] Modules linked in:
[  192.778429] CPU: 2 PID: 496 Comm: python3 Not tainted 5.4.18 #2
[  192.781107] Hardware name: linux,dummy-virt (DT)
[  192.784729] pstate: 00000005 (nzcv daif -PAN -UAO)
[  192.787055] pc : do_undefinstr+0x2ec/0x310
[  192.788216] lr : do_undefinstr+0x1e0/0x310
[  192.789050] sp : ffff800011f239c0
[  192.790009] x29: ffff800011f239c0 x28: ffff00007aa50000 
[  192.791329] x27: ffff800011f23d80 x26: 0000000000000011 
[  192.793583] x25: 0000000000000012 x24: 0000000000000000 
[  192.795721] x23: 0000000060000005 x22: ffff800010baa7bc 
[  192.797533] x21: ffff800011f23b60 x20: ffff00007aa50000 
[  192.800547] x19: ffff800011f23a20 x18: 0000000000000000 
[  192.802854] x17: 0000000000000000 x16: 0000000000000000 
[  192.804230] x15: 0000000000000001 x14: 0000000000000000 
[  192.804928] x13: 0000000000000006 x12: 000000000000003c 
[  192.805643] x11: ffff0000718c3000 x10: 0000000000000000 
[  192.806549] x9 : ffff00007b3bbd40 x8 : 0000000000000028 
[  192.807688] x7 : ffff000079bfe000 x6 : ffff800011f23a18 
[  192.808606] x5 : 00000000d5300000 x4 : ffff8000117c51f0 
[  192.809543] x3 : 0000000089400000 x2 : 0000000000000000 
[  192.810522] x1 : ffff00007aa50000 x0 : 0000000060000005 
[  192.812172] Call trace:
[  192.813190]  do_undefinstr+0x2ec/0x310
[  192.813696]  el1_undef+0x10/0x84
[  192.814097]  udp_sendmsg+0x33c/0x860
[  192.814501]  __sys_sendto+0xd4/0x150
[  192.814903]  __arm64_sys_sendto+0x24/0x30
[  192.815431]  el0_svc_common.constprop.0+0x68/0x160
[  192.815975]  el0_svc_handler+0x20/0x80
[  192.816423]  el0_svc+0x8/0xc
[  192.818320] Code: f9401bf7 17ffff7c a9025bf5 f9001bf7 (d4210000) 
[  192.821516] ---[ end trace eae458c263f02058 ]---
[  192.823237] note: python3[496] exited with preempt_count 1
[  192.945494] ------------[ cut here ]------------
[  192.952083] WARNING: CPU: 2 PID: 0 at kernel/rcu/tree.c:569 rcu_idle_enter+0x74/0x80
[  192.957206] Modules linked in:
[  192.960539] CPU: 2 PID: 0 Comm: swapper/2 Tainted: G      D           5.4.18 #2
[  192.963678] Hardware name: linux,dummy-virt (DT)
[  192.968502] pstate: 200003c5 (nzCv DAIF -PAN -UAO)
[  192.976146] pc : rcu_idle_enter+0x74/0x80
[  192.977187] lr : do_idle+0x200/0x288
[  192.982587] sp : ffff800011a53f20
[  192.985191] x29: ffff800011a53f20 x28: 0000000000000000 
[  192.986338] x27: 0000000000000000 x26: 0000000000000000 
[  193.001856] x25: 0000000000000000 x24: ffff8000117ba214 
[  193.010174] x23: ffff00007b0c2a00 x22: ffff800011404ab8 
[  193.014661] x21: ffff8000117ba1f0 x20: 0000000000000002 
[  193.019553] x19: ffff8000117ba118 x18: 0000000000000010 
[  193.030169] x17: 0000000000000000 x16: 0000000000000000 
[  193.030763] x15: ffff00007aa50470 x14: 0000000000000000 
[  193.039229] x13: 0000000000000001 x12: 0000000000000001 
[  193.045912] x11: 0000000000000400 x10: 00000000000009c0 
[  193.053087] x9 : ffff800011a53e90 x8 : ffff00007b0c3420 
[  193.065146] x7 : 0000000000000002 x6 : 0000042d8da79e0a 
[  193.066753] x5 : 00ffffffffffffff x4 : ffff80006c76d000 
[  193.068650] x3 : 4000000000000002 x2 : 4000000000000000 
[  193.080015] x1 : ffff800011406980 x0 : ffff00007db73980 
[  193.084237] Call trace:
[  193.085271]  rcu_idle_enter+0x74/0x80
[  193.085734]  do_idle+0x200/0x288
[  193.087984]  cpu_startup_entry+0x20/0x40
[  193.093842]  secondary_start_kernel+0x154/0x190
[  193.098596] ---[ end trace eae458c263f02059 ]---
