[  194.760317] Unable to handle kernel paging request at virtual address 0000000b436d1ac4
[  194.772889] Mem abort info:
[  194.773853]   ESR = 0x96000045
[  194.774761]   EC = 0x25: DABT (current EL), IL = 32 bits
[  194.781205]   SET = 0, FnV = 0
[  194.785052]   EA = 0, S1PTW = 0
[  194.785424] Data abort info:
[  194.785721]   ISV = 0, ISS = 0x00000045
[  194.786151]   CM = 0, WnR = 1
[  194.786762] user pgtable: 4k pages, 48-bit VAs, pgdp=00000000b6e7e000
[  194.788183] [0000000b436d1ac4] pgd=00000000b18b4003, pud=0000000000000000
[  194.794611] Internal error: Oops: 96000045 [#1] PREEMPT SMP
[  194.800735] Modules linked in:
[  194.810273] CPU: 7 PID: 493 Comm: python3 Not tainted 5.4.18 #2
[  194.812905] Hardware name: linux,dummy-virt (DT)
[  194.817779] pstate: 80000005 (Nzcv daif -PAN -UAO)
[  194.826117] pc : touchscreen_set_params+0x18/0x48
[  194.826488] lr : touchscreen_parse_properties+0x288/0x438
[  194.826831] sp : ffff800012013b60
[  194.827348] x29: ffff800012013b70 x28: 000000000000001a 
[  194.827914] x27: ffff800012013d80 x26: 0000000000000011 
[  194.829873] x25: 0000000000000012 x24: ffff000078248bc8 
[  194.831183] x23: 000000006401a8c0 x22: 0000000000000000 
[  194.832695] x21: ffff0000794f2a00 x20: 0000000000000000 
[  194.833027] x19: ffff000078248880 x18: 0000000000000000 
[  194.833356] x17: 0000000000000000 x16: 0000000000000000 
[  194.833716] x15: 0000000000000001 x14: 0000000000000000 
[  194.836266] x13: 0000000000000006 x12: 000000000000003c 
[  194.838691] x11: ffff000076c3b000 x10: 0000000000000000 
[  194.842816] x9 : ffff00007ab9e540 x8 : 0000000000000028 
[  194.844977] x7 : ffff000074f3c000 x6 : 0000000022100000 
[  194.846200] x5 : 00ffff0000782489 x4 : 0000000012013d80 
[  194.846963] x3 : 0000000000000012 x2 : 0000000000000000 
[  194.848120] x1 : 0000000b436d1ac0 x0 : 0000000000000000 
[  194.851000] Call trace:
[  194.852296]  touchscreen_set_params+0x18/0x48
[  194.858403]  inet_sendmsg+0x40/0x68
[  194.859596]  __sys_sendto+0xd4/0x150
[  194.860012]  __arm64_sys_sendto+0x24/0x30
[  194.860531]  el0_svc_common.constprop.0+0x68/0x160
[  194.863211]  el0_svc_handler+0x20/0x80
[  194.864736]  el0_svc+0x8/0xc
[  194.867551] Code: 360000e5 f940a400 8b010421 8b010c01 (29008c22) 
[  194.876161] ---[ end trace 969c958288e82bcc ]---
