[  192.918245] Unable to handle kernel paging request at virtual address ffff800011fdc43f
[  192.919643] Mem abort info:
[  192.919890]   ESR = 0x96000047
[  192.924569]   EC = 0x25: DABT (current EL), IL = 32 bits
[  192.926969]   SET = 0, FnV = 0
[  192.933293]   EA = 0, S1PTW = 0
[  192.934232] Data abort info:
[  192.935405]   ISV = 0, ISS = 0x00000047
[  192.939201]   CM = 0, WnR = 1
[  192.942450] swapper pgtable: 4k pages, 48-bit VAs, pgdp=00000000412a6000
[  192.946555] [ffff800011fdc43f] pgd=00000000bdfff003, pud=00000000bdffe003, pmd=00000000ba9be003, pte=0000000000000000
[  192.960304] Internal error: Oops: 96000047 [#1] PREEMPT SMP
[  192.963416] Modules linked in:
[  192.966239] CPU: 0 PID: 498 Comm: python3 Not tainted 5.4.18 #2
[  192.969975] Hardware name: linux,dummy-virt (DT)
[  192.972715] pstate: 40000005 (nZcv daif -PAN -UAO)
[  192.973351] pc : udp_sendmsg+0x500/0x860
[  192.974277] lr : udp_sendmsg+0x150/0x860
[  192.974872] sp : ffff800011fdbb60
[  192.976579] x29: ffff800011fdbb70 x28: 0000000000000012 
[  192.982996] x27: ffff800011fdbd80 x26: 0000000000000011 
[  192.988015] x25: 0000000000000012 x24: ffff000078192548 
[  192.990031] x23: 000000006401a8c0 x22: 0000000000000000 
[  192.991049] x21: ffff00007abe2a00 x20: ffff800010b762e8 
[  192.994135] x19: ffff000078192200 x18: 0000000000000000 
[  192.998516] x17: 0000000000000000 x16: 0000000000000000 
[  193.001517] x15: 0000000000000000 x14: 0000000000000000 
[  193.003146] x13: 0000000000000000 x12: 0000000000000000 
[  193.004097] x11: 0000000000000000 x10: 00000000000078d1 
[  193.004811] x9 : 000000006401a8c0 x8 : ffff800011963ac0 
[  193.005311] x7 : 00000000000003e8 x6 : ffff800011fdbde8 
[  193.005720] x5 : ffff800011fdbde8 x4 : 0000000000000000 
[  193.006200] x3 : 0000000000008813 x2 : ffff000078192200 
[  193.006695] x1 : 0000000000000000 x0 : ffff800011963ac0 
[  193.008080] Call trace:
[  193.009560]  udp_sendmsg+0x500/0x860
[  193.010238]  inet_sendmsg+0x40/0x68
[  193.010615]  __sys_sendto+0xd4/0x150
[  193.010969]  __arm64_sys_sendto+0x24/0x30
[  193.011433]  el0_svc_common.constprop.0+0x68/0x160
[  193.011863]  el0_svc_handler+0x20/0x80
[  193.012453]  el0_svc+0x8/0xc
[  193.014942] Code: aa1303e2 390377ff 39037be0 aa0803e0 (39237fe1) 
[  193.018612] ---[ end trace 96a14d382ab4d0c1 ]---
