[  194.700014] Unable to handle kernel NULL pointer dereference at virtual address 000000000000001c
[  194.711837] Mem abort info:
[  194.715442]   ESR = 0x96000006
[  194.716348]   EC = 0x25: DABT (current EL), IL = 32 bits
[  194.725966]   SET = 0, FnV = 0
[  194.734559]   EA = 0, S1PTW = 0
[  194.741947] Data abort info:
[  194.746099]   ISV = 0, ISS = 0x00000006
[  194.747549]   CM = 0, WnR = 0
[  194.752778] user pgtable: 4k pages, 48-bit VAs, pgdp=00000000b27ee000
[  194.755406] [000000000000001c] pgd=00000000b5c20003, pud=00000000b27be003, pmd=0000000000000000
[  194.761500] Internal error: Oops: 96000006 [#1] PREEMPT SMP
[  194.762054] Modules linked in:
[  194.762635] CPU: 4 PID: 493 Comm: python3 Tainted: G        W         5.4.18 #2
[  194.763573] Hardware name: linux,dummy-virt (DT)
[  194.764200] pstate: 40000005 (nZcv daif -PAN -UAO)
[  194.765812] pc : udp_sendmsg+0x164/0x860
[  194.766381] lr : udp_sendmsg+0x11c/0x860
[  194.767015] sp : ffff800011efbb60
[  194.767467] x29: ffff800011efbb70 x28: 0000000000000012 
[  194.768206] x27: ffff800011efbd80 x26: 0000000000000011 
[  194.769756] x25: 0000000000000012 x24: ffff00007b3c3ec8 
[  194.771296] x23: 000000006401a8c0 x22: 0000000000000000 
[  194.775618] x21: ffff000079631c00 x20: ffff800010b762e8 
[  194.777423] x19: ffff00007b3c3b80 x18: 0000000000000000 
[  194.780532] x17: 0000000000000000 x16: 0000000000000000 
[  194.781461] x15: 0000000000000000 x14: 0000000000000000 
[  194.785562] x13: 0000000000000000 x12: 0000000000000000 
[  194.790843] x11: 0000000000000000 x10: 0000000000000000 
[  194.800691] x9 : 0000000000000000 x8 : 0000000000000000 
[  194.803351] x7 : 0000000000000000 x6 : ffff800011efbde8 
[  194.804403] x5 : ffff800011efbde8 x4 : 0000000000000000 
[  194.805385] x3 : 0000000000000000 x2 : 00000000ffffffff 
[  194.811875] x1 : 0000000000000000 x0 : 0000000000000003 
[  194.822358] Call trace:
[  194.826557]  udp_sendmsg+0x164/0x860
[  194.834250]  inet_sendmsg+0x40/0x68
[  194.838411]  __sys_sendto+0xd4/0x150
[  194.840229]  __arm64_sys_sendto+0x24/0x30
[  194.841225]  el0_svc_common.constprop.0+0x68/0x160
[  194.849163]  el0_svc_handler+0x20/0x80
[  194.854421]  el0_svc+0x8/0xc
[  194.868758] Code: b940bbe7 b900bbf7 b9408be4 b40014c0 (39406401) 
[  194.872185] ---[ end trace 088973158a3c2530 ]---
