[  194.320414] Unable to handle kernel paging request at virtual address ffff800012095d80
[  194.324352] Mem abort info:
[  194.327322]   ESR = 0x96000007
[  194.335966]   EC = 0x25: DABT (current EL), IL = 32 bits
[  194.339756]   SET = 0, FnV = 0
[  194.340992]   EA = 0, S1PTW = 0
[  194.342799] Data abort info:
[  194.343846]   ISV = 0, ISS = 0x00000007
[  194.344978]   CM = 0, WnR = 0
[  194.354669] swapper pgtable: 4k pages, 48-bit VAs, pgdp=00000000412a6000
[  194.363190] [ffff800012095d80] pgd=00000000bdfff003, pud=00000000bdffe003, pmd=00000000b9b75003, pte=0000000000000000
[  194.371150] Internal error: Oops: 96000007 [#1] PREEMPT SMP
[  194.371926] Modules linked in:
[  194.374415] CPU: 2 PID: 496 Comm: python3 Not tainted 5.4.18 #2
[  194.375055] Hardware name: linux,dummy-virt (DT)
[  194.377909] pstate: 40000005 (nZcv daif -PAN -UAO)
[  194.380736] pc : udp_sendmsg+0x50/0x860
[  194.387204] lr : inet_sendmsg+0x40/0x68
[  194.388638] sp : ffff800012093b60
[  194.389222] x29: ffff800012093b70 x28: 0000000000000012 
[  194.390160] x27: ffff800012093d80 x26: 0000000000000011 
[  194.390837] x25: 0000000000000012 x24: ffff800012093dd8 
[  194.395248] x23: 0000fffffeaa6e18 x22: 0000000000000001 
[  194.398879] x21: ffff00007b1daa00 x20: 0000000000000012 
[  194.399718] x19: ffff00007b22bb80 x18: 0000000000000000 
[  194.400294] x17: 0000000000000000 x16: 0000000000000000 
[  194.400616] x15: 0000000000000000 x14: 0000000000000000 
[  194.400895] x13: 0000000000000000 x12: 0000000000000000 
[  194.402278] x11: 0000000000000000 x10: 0000000000000000 
[  194.403714] x9 : 0000000000400100 x8 : ffff00007b1daa00 
[  194.405150] x7 : 0000ffffa1786e90 x6 : ffff800012093de8 
[  194.407143] x5 : ffff800012093de8 x4 : 0000000000000002 
[  194.408705] x3 : ffff800010baa480 x2 : 0000000000000012 
[  194.411228] x1 : 0000000000000000 x0 : 0000000000000000 
[  194.413771] Call trace:
[  194.415466]  udp_sendmsg+0x50/0x860
[  194.418381]  inet_sendmsg+0x40/0x68
[  194.419766]  __sys_sendto+0xd4/0x150
[  194.424054]  __arm64_sys_sendto+0x24/0x30
[  194.426715]  el0_svc_common.constprop.0+0x68/0x160
[  194.426954]  el0_svc_handler+0x20/0x80
[  194.427154]  el0_svc+0x8/0xc
[  194.428801] Code: f900c7e1 d2800001 b943a400 f90053ff (f9500377) 
[  194.432196] ---[ end trace a05d8be86743b31e ]---
