 [  153.365763] Kernel panic - not syncing: stack-protector: Kernel stack is corrupted in: udp_sendmsg+0x858/0x860
[  153.372762] CPU: 7 PID: 494 Comm: python3 Not tainted 5.4.18 #2
[  153.375674] Hardware name: linux,dummy-virt (DT)
[  153.378773] Call trace:
[  153.379646]  dump_backtrace+0x0/0x140
[  153.381159]  show_stack+0x14/0x20
[  153.381986]  dump_stack+0xb4/0xf8
[  153.382590]  panic+0x158/0x324
[  153.385712]  __stack_chk_fail+0x1c/0x20
[  153.385920]  udp_sendmsg+0x858/0x860
[  153.386161]  inet_sendmsg+0x40/0x68
[  153.386310]  __sys_sendto+0xd4/0x150
[  153.386456]  __arm64_sys_sendto+0x24/0x30
[  153.386612]  el0_svc_common.constprop.0+0x68/0x160
[  153.386787]  el0_svc_handler+0x20/0x80
[  153.387040]  el0_svc+0x8/0xc
[  153.391253] SMP: stopping secondary CPUs
[  153.395417] Kernel Offset: disabled
[  153.397872] CPU features: 0x0002,20006000
[  153.400514] Memory Limit: none
[  153.407387] ---[ end Kernel panic - not syncing: stack-protector: Kernel stack is corrupted in: udp_sendmsg+0x858/0x860 ]---
