[  193.577850] Unable to handle kernel paging request at virtual address 00055f0252800059
[  193.590737] Mem abort info:
[  193.593687]   ESR = 0x96000004
[  193.594929]   EC = 0x25: DABT (current EL), IL = 32 bits
[  193.602311]   SET = 0, FnV = 0
[  193.603966]   EA = 0, S1PTW = 0
[  193.610532] Data abort info:
[  193.610771]   ISV = 0, ISS = 0x00000004
[  193.618553]   CM = 0, WnR = 0
[  193.628536] [00055f0252800059] address between user and kernel address ranges
[  193.630011] Internal error: Oops: 96000004 [#1] PREEMPT SMP
[  193.632811] Modules linked in:
[  193.635585] CPU: 3 PID: 491 Comm: python3 Not tainted 5.4.18 #2
[  193.638286] Hardware name: linux,dummy-virt (DT)
[  193.640364] pstate: 60000005 (nZCv daif -PAN -UAO)
[  193.644480] pc : udp_sendmsg+0x164/0x860
[  193.644943] lr : udp_sendmsg+0x150/0x860
[  193.645336] sp : ffff800011f13b60
[  193.645720] x29: ffff800011f13b70 x28: 0000000000000012 
[  193.646271] x27: ffff800011f13d80 x26: 0000000000000011 
[  193.646677] x25: 0000000000000012 x24: ffff00007a445848 
[  193.647454] x23: 000000006401a8c0 x22: 0000000000000000 
[  193.648004] x21: ffff000075d6c600 x20: ffff800010b762e8 
[  193.648488] x19: ffff00007a445500 x18: 0000000000000000 
[  193.648914] x17: 0000000000000000 x16: 0000000000000000 
[  193.650466] x15: 0000000000000000 x14: 0000000000000000 
[  193.650646] x13: 0000000000000000 x12: 0000000000000000 
[  193.650854] x11: 0000000000000000 x10: 0000000000000000 
[  193.651056] x9 : 0000000000000000 x8 : 0000000000000000 
[  193.651237] x7 : 0000000000000000 x6 : ffff800011f13de8 
[  193.652596] x5 : ffff800011f13de8 x4 : 0000000000000000 
[  193.652917] x3 : 0000000000000000 x2 : 00000000ffffffff 
[  193.653153] x1 : 0000000000000000 x0 : 29055f0252800040 
[  193.653633] Call trace:
[  193.653841]  udp_sendmsg+0x164/0x860
[  193.654962]  inet_sendmsg+0x40/0x68
[  193.655706]  __sys_sendto+0xd4/0x150
[  193.656017]  __arm64_sys_sendto+0x24/0x30
[  193.656523]  el0_svc_common.constprop.0+0x68/0x160
[  193.657737]  el0_svc_handler+0x20/0x80
[  193.661892]  el0_svc+0x8/0xc
[  193.672259] Code: b940bbe7 b900bbf7 b9408be4 b40014c0 (39406401) 
[  193.695337] ---[ end trace 41b4648c6b7bce00 ]---
