[  193.194008] Unable to handle kernel paging request at virtual address ffff800014bafc18
[  193.195676] Mem abort info:
[  193.198246]   ESR = 0x86000006
[  193.199721]   EC = 0x21: IABT (current EL), IL = 32 bits
[  193.203346]   SET = 0, FnV = 0
[  193.208104]   EA = 0, S1PTW = 0
[  193.211214] swapper pgtable: 4k pages, 48-bit VAs, pgdp=00000000412a6000
[  193.226700] [ffff800014bafc18] pgd=00000000bdfff003, pud=00000000bdffe003, pmd=0000000000000000
[  193.244669] Internal error: Oops: 86000006 [#1] PREEMPT SMP
[  193.247407] Modules linked in:
[  193.252825] CPU: 3 PID: 491 Comm: python3 Not tainted 5.4.18 #2
[  193.257063] Hardware name: linux,dummy-virt (DT)
[  193.259199] pstate: 80000005 (Nzcv daif -PAN -UAO)
[  193.262000] pc : 0xffff800014bafc18
[  193.264668] lr : inet_sendmsg+0x40/0x68
[  193.265488] sp : ffff800012143b60
[  193.267450] x29: ffff800012143b70 x28: 0000000000000012 
[  193.269045] x27: ffff800012143d80 x26: 0000000000000011 
[  193.270187] x25: 0000000000000012 x24: ffff00007b30e0c8 
[  193.271468] x23: ffff800012143dd8 x22: 0000000000000000 
[  193.274701] x21: ffff000073d0aa00 x20: ffff800010b762e8 
[  193.277521] x19: ffff00007b30dd80 x18: 0000000000000000 
[  193.278642] x17: 0000000000000000 x16: 0000000000000000 
[  193.280707] x15: 0000000000000000 x14: 0000000000000000 
[  193.289897] x13: 0000000000000000 x12: 0000000000000000 
[  193.291900] x11: 0000000000000000 x10: 0000000000000000 
[  193.296964] x9 : 0000000000400100 x8 : ffff000073d0aa00 
[  193.301635] x7 : 0000ffff98e7ae50 x6 : ffff800012143de8 
[  193.303928] x5 : ffff800012143de8 x4 : 0000000000000002 
[  193.312314] x3 : ffff800010baa480 x2 : 0000000000000012 
[  193.317077] x1 : 0000000000000000 x0 : ffff800010b762e8 
[  193.319474] Call trace:
[  193.319717]  0xffff800014bafc18
[  193.319880]  inet_sendmsg+0x40/0x68
[  193.320021]  __sys_sendto+0xd4/0x150
[  193.320186]  __arm64_sys_sendto+0x24/0x30
[  193.324691]  el0_svc_common.constprop.0+0x68/0x160
[  193.330248]  el0_svc_handler+0x20/0x80
[  193.336690]  el0_svc+0x8/0xc
[  193.339056] Code: bad PC value
[  193.341998] ---[ end trace af87073d177313a9 ]---
