[  199.052139] kernel BUG at arch/arm64/kernel/traps.c:405!
[  199.058589] Internal error: Oops - BUG: 0 [#1] PREEMPT SMP
[  199.060479] Modules linked in:
[  199.065448] CPU: 0 PID: 490 Comm: python3 Not tainted 5.4.18 #2
[  199.066224] Hardware name: linux,dummy-virt (DT)
[  199.068150] pstate: 00000005 (nzcv daif -PAN -UAO)
[  199.073468] pc : do_undefinstr+0x2ec/0x310
[  199.074058] lr : do_undefinstr+0x1e0/0x310
[  199.074618] sp : ffff800011fb39c0
[  199.075895] x29: ffff800011fb39c0 x28: ffff00007a97f000 
[  199.077213] x27: ffff800011fb3d80 x26: 0000000000000011 
[  199.078614] x25: 0000000000000012 x24: 0000000000000000 
[  199.079669] x23: 0000000040000005 x22: ffff800010baa574 
[  199.080906] x21: ffff800011fb3b60 x20: ffff00007a97f000 
[  199.082362] x19: ffff800011fb3a20 x18: 0000000000000000 
[  199.083399] x17: 0000000000000000 x16: 0000000000000000 
[  199.084443] x15: 0000000000000000 x14: 0000000000000000 
[  199.085916] x13: 0000000000000000 x12: 0000000000000000 
[  199.086913] x11: 0000000000000000 x10: 0000000000000000 
[  199.088306] x9 : 0000000000000000 x8 : 0000000000000000 
[  199.089297] x7 : 0000000000000000 x6 : ffff800011fb3a18 
[  199.091713] x5 : 00000000d5300000 x4 : ffff8000117c51f0 
[  199.092993] x3 : 0000000099000000 x2 : 0000000000000000 
[  199.094376] x1 : ffff00007a97f000 x0 : 0000000040000005 
[  199.096742] Call trace:
[  199.098181]  do_undefinstr+0x2ec/0x310
[  199.100783]  el1_undef+0x10/0x84
[  199.101719]  udp_sendmsg+0xf4/0x860
[  199.102766]  inet_sendmsg+0x40/0x68
[  199.103261]  __sys_sendto+0xd4/0x150
[  199.103704]  __arm64_sys_sendto+0x24/0x30
[  199.104159]  el0_svc_common.constprop.0+0x68/0x160
[  199.104719]  el0_svc_handler+0x20/0x80
[  199.105639]  el0_svc+0x8/0xc
[  199.108085] Code: f9401bf7 17ffff7c a9025bf5 f9001bf7 (d4210000) 
[  199.112723] ---[ end trace 7bf666c6f7ce38d1 ]---
[  199.115173] note: python3[490] exited with preempt_count 1
[  199.189463] ------------[ cut here ]------------
[  199.195466] WARNING: CPU: 0 PID: 0 at kernel/rcu/tree.c:569 rcu_idle_enter+0x74/0x80
[  199.197471] Modules linked in:
[  199.200589] CPU: 0 PID: 0 Comm: swapper/0 Tainted: G      D           5.4.18 #2
[  199.208828] Hardware name: linux,dummy-virt (DT)
[  199.210907] pstate: 200003c5 (nzCv DAIF -PAN -UAO)
[  199.212670] pc : rcu_idle_enter+0x74/0x80
[  199.218738] lr : do_idle+0x200/0x288
[  199.224941] sp : ffff8000117b3eb0
[  199.225882] x29: ffff8000117b3eb0 x28: 00000000412b0018 
[  199.226405] x27: 0000000000000000 x26: 0000000000000000 
[  199.226591] x25: 0000000000000000 x24: ffff8000117ba214 
[  199.226770] x23: ffff8000117c2d80 x22: ffff800011404ab8 
[  199.226946] x21: ffff8000117ba1f0 x20: 0000000000000000 
[  199.227157] x19: ffff8000117ba118 x18: 0000000000000010 
[  199.228337] x17: 0000000000000000 x16: 0000000000000000 
[  199.229170] x15: ffff00007a97f470 x14: 0000000000000001 
[  199.229655] x13: 0000000000000001 x12: 0000000000000001 
[  199.230149] x11: 0000000000000400 x10: 00000000000009c0 
[  199.232066] x9 : ffff8000117b3e20 x8 : ffff8000117c37a0 
[  199.232719] x7 : 0000000000000000 x6 : 0000055aeddf8e4a 
[  199.233434] x5 : 00ffffffffffffff x4 : ffff80006c741000 
[  199.235345] x3 : 4000000000000002 x2 : 4000000000000000 
[  199.238314] x1 : ffff800011406980 x0 : ffff00007db47980 
[  199.239210] Call trace:
[  199.239731]  rcu_idle_enter+0x74/0x80
[  199.242274]  do_idle+0x200/0x288
[  199.243529]  cpu_startup_entry+0x20/0x40
[  199.246841]  rest_init+0xd4/0xe0
[  199.249005]  arch_call_rest_init+0xc/0x14
[  199.250186]  start_kernel+0x420/0x450
[  199.251209] ---[ end trace 7bf666c6f7ce38d2 ]---
