[  193.820652] Unable to handle kernel paging request at virtual address ffff800014c7b96c
[  193.822765] Mem abort info:
[  193.823255]   ESR = 0x86000006
[  193.825633]   EC = 0x21: IABT (current EL), IL = 32 bits
[  193.827587]   SET = 0, FnV = 0
[  193.829477]   EA = 0, S1PTW = 0
[  193.837081] swapper pgtable: 4k pages, 48-bit VAs, pgdp=00000000412a6000
[  193.842796] [ffff800014c7b96c] pgd=00000000bdfff003, pud=00000000bdffe003, pmd=0000000000000000
[  193.854887] Internal error: Oops: 86000006 [#1] PREEMPT SMP
[  193.863566] Modules linked in:
[  193.868859] CPU: 4 PID: 492 Comm: python3 Not tainted 5.4.18 #2
[  193.870199] Hardware name: linux,dummy-virt (DT)
[  193.876216] pstate: 80000005 (Nzcv daif -PAN -UAO)
[  193.881327] pc : 0xffff800014c7b96c
[  193.884609] lr : udp_sendmsg+0x550/0x860
[  193.885413] sp : ffff800011ffbb60
[  193.886044] x29: ffff800011ffbb70 x28: 0000000000000012 
[  193.887616] x27: ffff800011ffbd80 x26: 0000000000000011 
[  193.889884] x25: 0000000000000012 x24: ffff00007aa4a108 
[  193.894457] x23: 000000006401a8c0 x22: 0000000000000000 
[  193.897087] x21: ffff0000759e2a00 x20: ffff800010b762e8 
[  193.899408] x19: ffff00007aa49dc0 x18: 0000000000000000 
[  193.902530] x17: 0000000000000000 x16: 0000000000000000 
[  193.905542] x15: 0000000000000001 x14: 0000000000000000 
[  193.908830] x13: 0000000000000006 x12: 00000000c0a80164 
[  193.913706] x11: 0000000000000000 x10: 0000000000000068 
[  193.916687] x9 : 0000000000000000 x8 : ffff800011963ac0 
[  193.924905] x7 : ffff00007a9d2180 x6 : 0000000000000001 
[  193.926913] x5 : 0000000000000000 x4 : 0000000000000000 
[  193.930114] x3 : 0000000000000000 x2 : 0000000000000002 
[  193.941896] x1 : 0000000000000000 x0 : ffff00007a9d2180 
[  193.945070] Call trace:
[  193.946251]  0xffff800014c7b96c
[  193.946667]  inet_sendmsg+0x40/0x68
[  193.947018]  __sys_sendto+0xd4/0x150
[  193.947482]  __arm64_sys_sendto+0x24/0x30
[  193.947925]  el0_svc_common.constprop.0+0x68/0x160
[  193.950745]  el0_svc_handler+0x20/0x80
[  193.952218]  el0_svc+0x8/0xc
[  193.953538] Code: bad PC value
[  193.954986] ---[ end trace 18f57c18a3749118 ]---
