[  193.513090] kernel BUG at arch/arm64/kernel/traps.c:405!
[  193.515568] Internal error: Oops - BUG: 0 [#1] PREEMPT SMP
[  193.516504] Modules linked in:
[  193.518572] CPU: 0 PID: 495 Comm: python3 Not tainted 5.4.18 #2
[  193.519045] Hardware name: linux,dummy-virt (DT)
[  193.520020] pstate: 00000005 (nzcv daif -PAN -UAO)
[  193.522983] pc : do_undefinstr+0x2ec/0x310
[  193.523394] lr : do_undefinstr+0x1e0/0x310
[  193.523728] sp : ffff800011f9b9c0
[  193.524012] x29: ffff800011f9b9c0 x28: ffff000075bf4600 
[  193.524494] x27: ffff800011f9bd80 x26: 0000000000000011 
[  193.524876] x25: 0000000000000012 x24: 0000000000000000 
[  193.525258] x23: 0000000040000005 x22: ffff800010baa9fc 
[  193.525615] x21: ffff800011f9bb60 x20: ffff000075bf4600 
[  193.525965] x19: ffff800011f9ba20 x18: 0000000000000000 
[  193.526313] x17: 0000000000000000 x16: 0000000000000000 
[  193.526654] x15: 0000000000000000 x14: 0000000000000000 
[  193.526996] x13: 0000000000000000 x12: 0000000000000000 
[  193.527392] x11: 0000000000000000 x10: 0000000000000000 
[  193.527740] x9 : 000000006401a8c0 x8 : 0000000000000000 
[  193.528081] x7 : 0000000000000000 x6 : ffff800011f9ba18 
[  193.528423] x5 : 00000000d5300000 x4 : ffff8000117c51f0 
[  193.528774] x3 : 0000000088e00000 x2 : 0000000000000000 
[  193.529125] x1 : ffff000075bf4600 x0 : 0000000040000005 
[  193.529928] Call trace:
[  193.530301]  do_undefinstr+0x2ec/0x310
[  193.530618]  el1_undef+0x10/0x84
[  193.530882]  udp_sendmsg+0x57c/0x860
[  193.531148]  inet_sendmsg+0x40/0x68
[  193.531459]  __sys_sendto+0xd4/0x150
[  193.531717]  __arm64_sys_sendto+0x24/0x30
[  193.532002]  el0_svc_common.constprop.0+0x68/0x160
[  193.532313]  el0_svc_handler+0x20/0x80
[  193.532652]  el0_svc+0x8/0xc
[  193.533741] Code: f9401bf7 17ffff7c a9025bf5 f9001bf7 (d4210000) 
[  193.535683] ---[ end trace c6f31e9fb21ab22f ]---
[  193.536541] note: python3[495] exited with preempt_count 1
[  193.589378] ------------[ cut here ]------------
[  193.593042] WARNING: CPU: 0 PID: 0 at kernel/rcu/tree.c:569 rcu_idle_enter+0x74/0x80
[  193.599592] Modules linked in:
[  193.600465] CPU: 0 PID: 0 Comm: swapper/0 Tainted: G      D           5.4.18 #2
[  193.601348] Hardware name: linux,dummy-virt (DT)
[  193.602636] pstate: 200003c5 (nzCv DAIF -PAN -UAO)
[  193.603054] pc : rcu_idle_enter+0x74/0x80
[  193.603308] lr : do_idle+0x200/0x288
[  193.603783] sp : ffff8000117b3eb0
[  193.604012] x29: ffff8000117b3eb0 x28: 00000000412b0018 
[  193.604345] x27: 0000000000000000 x26: 0000000000000000 
[  193.605008] x25: 0000000000000000 x24: ffff8000117ba214 
[  193.605310] x23: ffff8000117c2d80 x22: ffff800011404ab8 
[  193.606793] x21: ffff8000117ba1f0 x20: 0000000000000000 
[  193.607776] x19: ffff8000117ba118 x18: 0000000000000010 
[  193.608020] x17: 0000000000000000 x16: 0000000000000000 
[  193.608343] x15: 0000000000000000 x14: 0000000000000000 
[  193.608838] x13: 0000000000000002 x12: 0000000000000000 
[  193.609226] x11: 0000000000000000 x10: 00000000000009c0 
[  193.609835] x9 : ffff8000117b3e20 x8 : ffff8000117c37a0 
[  193.610781] x7 : 00000000000003f0 x6 : 00000945c209f23c 
[  193.611484] x5 : 00ffffffffffffff x4 : ffff80006c741000 
[  193.612019] x3 : 4000000000000002 x2 : 4000000000000000 
[  193.612285] x1 : ffff800011406980 x0 : ffff00007db47980 
[  193.612524] Call trace:
[  193.612680]  rcu_idle_enter+0x74/0x80
[  193.612856]  do_idle+0x200/0x288
[  193.613019]  cpu_startup_entry+0x24/0x40
[  193.613314]  rest_init+0xd4/0xe0
[  193.613538]  arch_call_rest_init+0xc/0x14
[  193.613783]  start_kernel+0x420/0x450
[  193.614065] ---[ end trace c6f31e9fb21ab230 ]---
