[  193.739247] Unable to handle kernel paging request at virtual address 0000000011f5bd90
[  193.742638] Mem abort info:
[  193.743230]   ESR = 0x96000006
[  193.743808]   EC = 0x25: DABT (current EL), IL = 32 bits
[  193.744442]   SET = 0, FnV = 0
[  193.744893]   EA = 0, S1PTW = 0
[  193.745414] Data abort info:
[  193.745833]   ISV = 0, ISS = 0x00000006
[  193.746376]   CM = 0, WnR = 0
[  193.749258] user pgtable: 4k pages, 48-bit VAs, pgdp=00000000b6cea000
[  193.750167] [0000000011f5bd90] pgd=00000000b6c39003, pud=00000000b838b003, pmd=0000000000000000
[  193.763023] Internal error: Oops: 96000006 [#1] PREEMPT SMP
[  193.765206] Modules linked in:
[  193.769993] CPU: 2 PID: 495 Comm: python3 Not tainted 5.4.18 #2
[  193.776747] Hardware name: linux,dummy-virt (DT)
[  193.785729] pstate: 80000005 (Nzcv daif -PAN -UAO)
[  193.795073] pc : _copy_from_iter_full+0x14/0x2c8
[  193.796219] lr : ip_generic_getfrag+0x54/0xf0
[  193.805007] sp : ffff800011f5b940
[  193.805599] x29: ffff800011f5b940 x28: ffff00007a8b2530 
[  193.807982] x27: 000000000000001a x26: 0000000000000000 
[  193.809232] x25: ffff00007b2c8880 x24: ffff0000797f1000 
[  193.811181] x23: 0000000011f5bd80 x22: 0000000011f5bd90 
[  193.813949] x21: 0000000000000012 x20: ffff000079958400 
[  193.816344] x19: ffff00007a8b1c00 x18: 0000000000000000 
[  193.817709] x17: 0000000000000000 x16: 0000000000000000 
[  193.820111] x15: 0000000000000001 x14: 0000000000000000 
[  193.821472] x13: 0000000000000006 x12: 00000000c0a80164 
[  193.821759] x11: 0000000000000000 x10: 0000000000000068 
[  193.822021] x9 : 0000000000000000 x8 : ffff000079958400 
[  193.822457] x7 : 0000000000000001 x6 : 0000000000000060 
[  193.822771] x5 : 0000000000000012 x4 : 0000000000000000 
[  193.823294] x3 : 0000000011f5bd90 x2 : 0000000011f5bd90 
[  193.823541] x1 : 0000000000000012 x0 : ffff00007830262c 
[  193.826184] Call trace:
[  193.828375]  _copy_from_iter_full+0x14/0x2c8
[  193.828868]  ip_generic_getfrag+0x54/0xf0
[  193.830204]  __ip_append_data.isra.0+0x85c/0xc30
[  193.831241]  ip_make_skb+0xec/0x140
[  193.831881]  udp_sendmsg+0x6ec/0x860
[  193.832231]  inet_sendmsg+0x40/0x68
[  193.832599]  __sys_sendto+0xd4/0x150
[  193.835099]  __arm64_sys_sendto+0x24/0x30
[  193.836427]  el0_svc_common.constprop.0+0x68/0x160
[  193.837234]  el0_svc_handler+0x20/0x80
[  193.837797]  el0_svc+0x8/0xc
[  193.839472] Code: 910003fd a9025bf5 aa0103f5 aa0203f6 (b9400041) 
[  193.841228] ---[ end trace 0a1502ea51adc244 ]---
