[  193.465708] Unable to handle kernel paging request at virtual address 000000006401abb7
[  193.474487] Mem abort info:
[  193.475731]   ESR = 0x96000005
[  193.477060]   EC = 0x25: DABT (current EL), IL = 32 bits
[  193.480540]   SET = 0, FnV = 0
[  193.483294]   EA = 0, S1PTW = 0
[  193.489648] Data abort info:
[  193.491541]   ISV = 0, ISS = 0x00000005
[  193.504858]   CM = 0, WnR = 0
[  193.517782] user pgtable: 4k pages, 48-bit VAs, pgdp=00000000b9543000
[  193.532673] [000000006401abb7] pgd=00000000b15d8003, pud=0000000000000000
[  193.544337] Internal error: Oops: 96000005 [#1] PREEMPT SMP
[  193.547918] Modules linked in:
[  193.553576] CPU: 7 PID: 495 Comm: python3 Not tainted 5.4.18 #2
[  193.555316] Hardware name: linux,dummy-virt (DT)
[  193.557217] pstate: 80000005 (Nzcv daif -PAN -UAO)
[  193.561791] pc : ip_setup_cork+0x60/0x180
[  193.562814] lr : ip_make_skb+0x78/0x140
[  193.563415] sp : ffff800011f93a90
[  193.564070] x29: ffff800011f93a90 x28: ffff800011f93b40 
[  193.565444] x27: 000000000000001a x26: ffff800011f93d80 
[  193.566700] x25: ffff00007ab09980 x24: 000000006401a8c0 
[  193.567423] x23: 0000000000000000 x22: ffff00007b2b1300 
[  193.568311] x21: ffff800011f93c00 x20: ffff800011f93c08 
[  193.568854] x19: ffff800011f93c68 x18: 0000000000000000 
[  193.570393] x17: 0000000000000000 x16: 0000000000000000 
[  193.572953] x15: 0000000000000001 x14: 0000000000000000 
[  193.574007] x13: 0000000000000006 x12: 00000000c0a80164 
[  193.577565] x11: 0000000000000000 x10: 0000000000000068 
[  193.578950] x9 : 0000000000000000 x8 : 0000000000000000 
[  193.584156] x7 : ffff800011f93c00 x6 : ffff800011f93c08 
[  193.587611] x5 : 0000000000000008 x4 : 000000000000001a 
[  193.588695] x3 : ffff800011f93c00 x2 : ffff800011f93c08 
[  193.591121] x1 : ffff800011f93c68 x0 : 000000006401a8c0 
[  193.593698] Call trace:
[  193.601122]  ip_setup_cork+0x60/0x180
[  193.607789]  ip_make_skb+0x78/0x140
[  193.610286]  udp_sendmsg+0x6ec/0x860
[  193.612307]  inet_sendmsg+0x40/0x68
[  193.617250]  __sys_sendto+0xd4/0x150
[  193.623238]  __arm64_sys_sendto+0x24/0x30
[  193.627883]  el0_svc_common.constprop.0+0x68/0x160
[  193.632763]  el0_svc_handler+0x20/0x80
[  193.636597]  el0_svc+0x8/0xc
[  193.642961] Code: 32000021 b9000261 b9401280 b9000660 (394bdf00) 
[  193.652487] ---[ end trace 6e571aa17f182c7f ]---
