[  197.379636] Unable to handle kernel paging request at virtual address 000000006401a98a
[  197.386753] Mem abort info:
[  197.387120]   ESR = 0x96000045
[  197.387456]   EC = 0x25: DABT (current EL), IL = 32 bits
[  197.387827]   SET = 0, FnV = 0
[  197.389186]   EA = 0, S1PTW = 0
[  197.389979] Data abort info:
[  197.390239]   ISV = 0, ISS = 0x00000045
[  197.390529]   CM = 0, WnR = 1
[  197.391861] user pgtable: 4k pages, 48-bit VAs, pgdp=00000000b1ac6000
[  197.394322] [000000006401a98a] pgd=00000000b2b93003, pud=0000000000000000
[  197.396122] Internal error: Oops: 96000045 [#1] PREEMPT SMP
[  197.397458] Modules linked in:
[  197.400014] CPU: 3 PID: 493 Comm: python3 Not tainted 5.4.18 #2
[  197.402055] Hardware name: linux,dummy-virt (DT)
[  197.406443] pstate: 40000005 (nZcv daif -PAN -UAO)
[  197.413673] pc : udp_sendmsg+0x104/0x860
[  197.415925] lr : inet_sendmsg+0x40/0x68
[  197.417761] sp : ffff800011f6bb60
[  197.418326] x29: ffff800011f6bb70 x28: 0000000000000012 
[  197.421027] x27: ffff800011f6bd80 x26: 0000000000000011 
[  197.421223] x25: 0000000000000012 x24: ffff00007a8a1448 
[  197.422542] x23: 000000006401a8c0 x22: 0000000000000000 
[  197.423523] x21: ffff000079093800 x20: ffff800010b762e8 
[  197.425398] x19: ffff00007a8a1100 x18: 0000000000000000 
[  197.425822] x17: 0000000000000000 x16: 0000000000000000 
[  197.426227] x15: 0000000000000000 x14: 0000000000000000 
[  197.426639] x13: 0000000000000000 x12: 0000000000000000 
[  197.427099] x11: 0000000000000000 x10: 0000000000000000 
[  197.427540] x9 : 0000000000000000 x8 : 0000000000000000 
[  197.427952] x7 : 0000000000000000 x6 : ffff800011f6bde8 
[  197.429114] x5 : ffff800011f6bde8 x4 : 0000000000000000 
[  197.429986] x3 : 0000000000000000 x2 : 00000000ffffffff 
[  197.430713] x1 : 0000000000000000 x0 : 0000000000000000 
[  197.432389] Call trace:
[  197.434203]  udp_sendmsg+0x104/0x860
[  197.436641]  inet_sendmsg+0x40/0x68
[  197.438851]  __sys_sendto+0xd4/0x150
[  197.441313]  __arm64_sys_sendto+0x24/0x30
[  197.441485]  el0_svc_common.constprop.0+0x68/0x160
[  197.442042]  el0_svc_handler+0x20/0x80
[  197.443327]  el0_svc+0x8/0xc
[  197.450689] Code: b9007fff b900b3e9 79016be8 29170fe7 (790196e2) 
[  197.458650] ---[ end trace cb542030e6961cb2 ]---
