[  242.878747] kernel BUG at arch/arm64/kernel/traps.c:405!
[  242.881795] Internal error: Oops - BUG: 0 [#1] PREEMPT SMP
[  242.883801] Modules linked in:
[  242.887947] CPU: 2 PID: 493 Comm: python3 Not tainted 5.4.18 #2
[  242.889162] Hardware name: linux,dummy-virt (DT)
[  242.890234] pstate: 00000005 (nzcv daif -PAN -UAO)
[  242.890713] pc : do_undefinstr+0x2ec/0x310
[  242.891007] lr : do_undefinstr+0x1e0/0x310
[  242.891336] sp : ffff800011f739c0
[  242.891561] x29: ffff800011f739c0 x28: ffff000078065400 
[  242.891940] x27: ffff800011f73d80 x26: 0000000000000011 
[  242.892210] x25: 0000000000000012 x24: 0000000000000000 
[  242.892470] x23: 0000000040000005 x22: ffff800010baa55c 
[  242.892730] x21: ffff800011f73b60 x20: ffff000078065400 
[  242.892988] x19: ffff800011f73a20 x18: 0000000000000000 
[  242.893397] x17: 0000000000000000 x16: 0000000000000000 
[  242.893961] x15: 0000000000000000 x14: 0000000000000000 
[  242.894465] x13: 0000000000000000 x12: 0000000000000000 
[  242.895526] x11: 0000000000000000 x10: 0000000000000000 
[  242.896068] x9 : 0000000000400100 x8 : 0000000000000000 
[  242.896687] x7 : 0000ffffb10bae50 x6 : ffff800011f73a18 
[  242.897150] x5 : 00000000d5300000 x4 : ffff8000117c51f0 
[  242.897588] x3 : 0000000012c00000 x2 : 0000000000000000 
[  242.898052] x1 : ffff000078065400 x0 : 0000000040000005 
[  242.898955] Call trace:
[  242.899387]  do_undefinstr+0x2ec/0x310
[  242.899742]  el1_undef+0x10/0x84
[  242.900077]  udp_sendmsg+0xdc/0x860
[  242.900359]  inet_sendmsg+0x40/0x68
[  242.900640]  __sys_sendto+0xd4/0x150
[  242.900910]  __arm64_sys_sendto+0x24/0x30
[  242.901208]  el0_svc_common.constprop.0+0x68/0x160
[  242.901661]  el0_svc_handler+0x20/0x80
[  242.901936]  el0_svc+0x8/0xc
[  242.902696] Code: f9401bf7 17ffff7c a9025bf5 f9001bf7 (d4210000) 
[  242.905311] ---[ end trace 7c9b71bcc65633e8 ]---
[  242.905944] note: python3[493] exited with preempt_count 1
[  242.970154] ------------[ cut here ]------------
[  242.971536] WARNING: CPU: 2 PID: 0 at kernel/rcu/tree.c:569 rcu_idle_enter+0x74/0x80
[  242.972567] Modules linked in:
[  242.973351] CPU: 2 PID: 0 Comm: swapper/2 Tainted: G      D           5.4.18 #2
[  242.973885] Hardware name: linux,dummy-virt (DT)
[  242.974142] pstate: 200003c5 (nzCv DAIF -PAN -UAO)
[  242.974409] pc : rcu_idle_enter+0x74/0x80
[  242.975728] lr : do_idle+0x200/0x288
[  242.981440] sp : ffff800011a53f20
[  242.982697] x29: ffff800011a53f20 x28: 0000000000000000 
[  242.983277] x27: 0000000000000000 x26: 0000000000000000 
[  242.987021] x25: 0000000000000000 x24: ffff8000117ba214 
[  242.988443] x23: ffff00007b0c2a00 x22: ffff800011404ab8 
[  242.989235] x21: ffff8000117ba1f0 x20: 0000000000000002 
[  242.989804] x19: ffff8000117ba118 x18: 0000000000000010 
[  242.990321] x17: 0000000000000000 x16: 0000000000000000 
[  242.990730] x15: 000000000000020f x14: 0000000000000000 
[  242.991136] x13: 0000000000001e99 x12: 0000000000000097 
[  242.996608] x11: 00000000007a8c6c x10: 00000000000009c0 
[  242.998650] x9 : ffff800011a53e90 x8 : ffff00007b0c3420 
[  242.999498] x7 : ffff00007db47800 x6 : 000004329efaf708 
[  243.005044] x5 : 00ffffffffffffff x4 : ffff80006c76d000 
[  243.005473] x3 : 4000000000000002 x2 : 4000000000000000 
[  243.005821] x1 : ffff800011406980 x0 : ffff00007db73980 
[  243.006257] Call trace:
[  243.006799]  rcu_idle_enter+0x74/0x80
[  243.009368]  do_idle+0x200/0x288
[  243.010361]  cpu_startup_entry+0x20/0x40
[  243.013291]  secondary_start_kernel+0x154/0x190
[  243.014184] ---[ end trace 7c9b71bcc65633e9 ]---
