 [  153.031390] Kernel panic - not syncing: stack-protector: Kernel stack is corrupted in: udp_sendmsg+0x858/0x860
[  153.039816] CPU: 5 PID: 493 Comm: python3 Not tainted 5.4.18 #2
[  153.042019] Hardware name: linux,dummy-virt (DT)
[  153.043023] Call trace:
[  153.043479]  dump_backtrace+0x0/0x140
[  153.043819]  show_stack+0x14/0x20
[  153.044137]  dump_stack+0xb4/0xf8
[  153.044744]  panic+0x158/0x324
[  153.046173]  __stack_chk_fail+0x1c/0x20
[  153.047223]  udp_sendmsg+0x858/0x860
[  153.048914]  inet_sendmsg+0x40/0x68
[  153.049245]  __sys_sendto+0xd4/0x150
[  153.050163]  __arm64_sys_sendto+0x24/0x30
[  153.050674]  el0_svc_common.constprop.0+0x68/0x160
[  153.050999]  el0_svc_handler+0x20/0x80
[  153.051238]  el0_svc+0x8/0xc
[  153.053713] SMP: stopping secondary CPUs
[  153.056480] Kernel Offset: disabled
[  153.057044] CPU features: 0x0002,20006000
[  153.058951] Memory Limit: none
[  153.062098] ---[ end Kernel panic - not syncing: stack-protector: Kernel stack is corrupted in: udp_sendmsg+0x858/0x860 ]---
