[  193.145639] Unable to handle kernel paging request at virtual address 00ffff00007a4058
[  193.162027] Mem abort info:
[  193.163239]   ESR = 0x96000004
[  193.164146]   EC = 0x25: DABT (current EL), IL = 32 bits
[  193.165346]   SET = 0, FnV = 0
[  193.171194]   EA = 0, S1PTW = 0
[  193.172148] Data abort info:
[  193.172811]   ISV = 0, ISS = 0x00000004
[  193.173551]   CM = 0, WnR = 0
[  193.178719] [00ffff00007a4058] address between user and kernel address ranges
[  193.184069] Internal error: Oops: 96000004 [#1] PREEMPT SMP
[  193.186670] Modules linked in:
[  193.202407] CPU: 3 PID: 494 Comm: python3 Not tainted 5.4.18 #2
[  193.210736] Hardware name: linux,dummy-virt (DT)
[  193.218696] pstate: 80000005 (Nzcv daif -PAN -UAO)
[  193.226772] pc : ip_setup_cork+0xe8/0x180
[  193.228411] lr : ip_make_skb+0x78/0x140
[  193.229309] sp : ffff800011f7ba90
[  193.231977] x29: ffff800011f7ba90 x28: ffff800011f7bb40 
[  193.234227] x27: 000000000000001a x26: ffff800011f7bd80 
[  193.234612] x25: ffff800010b762e8 x24: ffff00007b22d940 
[  193.234985] x23: 0000000000000000 x22: 00ffff00007a4050 
[  193.235350] x21: ffff800011f7bc01 x20: ffff800011f7bc08 
[  193.235808] x19: ffff800011f7bc68 x18: 0000000000000000 
[  193.236212] x17: 0000000000000000 x16: 0000000000000000 
[  193.238912] x15: 0000000000000001 x14: 0000000000000000 
[  193.240544] x13: 0000000000000006 x12: 00000000c0a80164 
[  193.242753] x11: 0000000000000000 x10: 0000000000000068 
[  193.246762] x9 : 0000000000000000 x8 : 0000000000000000 
[  193.251335] x7 : ffff800011f7bc01 x6 : ffff800011f7bc08 
[  193.252839] x5 : 0000000000000008 x4 : 000000000000001a 
[  193.255346] x3 : ffff800011f7bc01 x2 : ffff800011f7bc08 
[  193.259827] x1 : ffff800011f7bc68 x0 : 0000000000000001 
[  193.267686] Call trace:
[  193.276037]  ip_setup_cork+0xe8/0x180
[  193.278520]  ip_make_skb+0x78/0x140
[  193.279421]  udp_sendmsg+0x6ec/0x860
[  193.280904]  inet_sendmsg+0x40/0x68
[  193.281294]  __sys_sendto+0xd4/0x150
[  193.281897]  __arm64_sys_sendto+0x24/0x30
[  193.283807]  el0_svc_common.constprop.0+0x68/0x160
[  193.285589]  el0_svc_handler+0x20/0x80
[  193.287622]  el0_svc+0x8/0xc
[  193.292477] Code: a94363f7 a9425bf5 a8c47bfd d65f03c0 (f94006c1) 
[  193.299819] ---[ end trace 69928367185e1d08 ]---
