[  193.791729] Unable to handle kernel paging request at virtual address ffff800011fdc65c
[  193.795191] Mem abort info:
[  193.799342]   ESR = 0x96000047
[  193.801997]   EC = 0x25: DABT (current EL), IL = 32 bits
[  193.807575]   SET = 0, FnV = 0
[  193.809803]   EA = 0, S1PTW = 0
[  193.810520] Data abort info:
[  193.812060]   ISV = 0, ISS = 0x00000047
[  193.814211]   CM = 0, WnR = 1
[  193.829532] swapper pgtable: 4k pages, 48-bit VAs, pgdp=00000000412a6000
[  193.835524] [ffff800011fdc65c] pgd=00000000bdfff003, pud=00000000bdffe003, pmd=00000000ba943003, pte=0000000000000000
[  193.856084] Internal error: Oops: 96000047 [#1] PREEMPT SMP
[  193.856747] Modules linked in:
[  193.858434] CPU: 6 PID: 491 Comm: python3 Not tainted 5.4.18 #2
[  193.859241] Hardware name: linux,dummy-virt (DT)
[  193.861337] pstate: 40000005 (nZcv daif -PAN -UAO)
[  193.863342] pc : udp_sendmsg+0xd0/0x860
[  193.864669] lr : inet_sendmsg+0x40/0x68
[  193.866128] sp : ffff800011fdbb60
[  193.867055] x29: ffff800011fdbb70 x28: 0000000000000012 
[  193.871955] x27: ffff800011fdbd80 x26: 0000000000000011 
[  193.876439] x25: 0000000000000012 x24: ffff00007b37fa48 
[  193.878405] x23: 000000006401a8c0 x22: 0000000000000000 
[  193.880484] x21: ffff00007ab6f000 x20: ffff800010b762e8 
[  193.885494] x19: ffff00007b37f700 x18: 0000000000000000 
[  193.889278] x17: 0000000000000000 x16: 0000000000000000 
[  193.889915] x15: 0000000000000000 x14: 0000000000000000 
[  193.890106] x13: 0000000000000000 x12: 0000000000000000 
[  193.890310] x11: 0000000000000000 x10: 0000000000000000 
[  193.891027] x9 : 0000000000400100 x8 : ffff00007ab6f000 
[  193.893557] x7 : 0000ffffa6418dd0 x6 : ffff800011fdbde8 
[  193.894883] x5 : ffff800011fdbde8 x4 : 0000000000000000 
[  193.896024] x3 : ffff800010baa480 x2 : 0000000000000012 
[  193.897379] x1 : 0000000000000002 x0 : 0000000000000000 
[  193.899486] Call trace:
[  193.902732]  udp_sendmsg+0xd0/0x860
[  193.903607]  inet_sendmsg+0x40/0x68
[  193.904298]  __sys_sendto+0xd4/0x150
[  193.904820]  __arm64_sys_sendto+0x24/0x30
[  193.906864]  el0_svc_common.constprop.0+0x68/0x160
[  193.908993]  el0_svc_handler+0x20/0x80
[  193.909948]  el0_svc+0x8/0xc
[  193.913628] Code: b94006f7 34003bc0 52800004 f9402360 (b90affff) 
[  193.917461] ---[ end trace edc43c9a36710b1e ]---
