[  196.124193] kernel BUG at arch/arm64/kernel/traps.c:405!
[  196.133403] Internal error: Oops - BUG: 0 [#1] PREEMPT SMP
[  196.137498] Modules linked in:
[  196.141237] CPU: 6 PID: 491 Comm: python3 Not tainted 5.4.18 #2
[  196.142255] Hardware name: linux,dummy-virt (DT)
[  196.144737] pstate: 00000005 (nzcv daif -PAN -UAO)
[  196.151426] pc : do_undefinstr+0x2ec/0x310
[  196.152481] lr : do_undefinstr+0x1e0/0x310
[  196.153296] sp : ffff800011d639c0
[  196.154069] x29: ffff800011d639c0 x28: ffff00007171aa00 
[  196.155258] x27: ffff800011d63d80 x26: 0000000000000011 
[  196.156184] x25: 0000000000000012 x24: 0000000000000000 
[  196.157035] x23: 0000000060000005 x22: ffff800010baa5e0 
[  196.157877] x21: ffff800011d63b60 x20: ffff00007171aa00 
[  196.158815] x19: ffff800011d63a20 x18: 0000000000000000 
[  196.159634] x17: 0000000000000000 x16: 0000000000000000 
[  196.160461] x15: 0000000000000000 x14: 0000000000000000 
[  196.161250] x13: 0000000000000000 x12: 0000000000000000 
[  196.163242] x11: 0000000000000000 x10: 0000000000000000 
[  196.164770] x9 : 0000000000000000 x8 : 0000000000000000 
[  196.165647] x7 : 0000000000000000 x6 : ffff800011d63a18 
[  196.167866] x5 : 00000000d5300000 x4 : ffff8000117c51f0 
[  196.169061] x3 : 00000000a4000000 x2 : 0000000000000000 
[  196.169941] x1 : ffff00007171aa00 x0 : 0000000060000005 
[  196.171954] Call trace:
[  196.172784]  do_undefinstr+0x2ec/0x310
[  196.173858]  el1_undef+0x10/0x84
[  196.175030]  udp_sendmsg+0x160/0x860
[  196.176230]  inet_sendmsg+0x40/0x68
[  196.176970]  __sys_sendto+0xd4/0x150
[  196.177611]  __arm64_sys_sendto+0x24/0x30
[  196.178240]  el0_svc_common.constprop.0+0x68/0x160
[  196.178918]  el0_svc_handler+0x20/0x80
[  196.179581]  el0_svc+0x8/0xc
[  196.181728] Code: f9401bf7 17ffff7c a9025bf5 f9001bf7 (d4210000) 
[  196.185667] ---[ end trace fe963537bae0edce ]---
[  196.187022] note: python3[491] exited with preempt_count 1
[  196.244597] ------------[ cut here ]------------
[  196.246991] WARNING: CPU: 6 PID: 0 at kernel/rcu/tree.c:569 rcu_idle_enter+0x74/0x80
[  196.252673] Modules linked in:
[  196.256508] CPU: 6 PID: 0 Comm: swapper/6 Tainted: G      D           5.4.18 #2
[  196.260260] Hardware name: linux,dummy-virt (DT)
[  196.261346] pstate: 200003c5 (nzCv DAIF -PAN -UAO)
[  196.265921] pc : rcu_idle_enter+0x74/0x80
[  196.268705] lr : do_idle+0x200/0x288
[  196.270507] sp : ffff800011a73f20
[  196.272073] x29: ffff800011a73f20 x28: 0000000000000000 
[  196.274533] x27: 0000000000000000 x26: 0000000000000000 
[  196.274932] x25: 0000000000000000 x24: ffff8000117ba214 
[  196.275999] x23: ffff00007b0c6200 x22: ffff800011404ab8 
[  196.276633] x21: ffff8000117ba1f0 x20: 0000000000000006 
[  196.279715] x19: ffff8000117ba118 x18: 0000000000000010 
[  196.279909] x17: 0000000000000000 x16: 0000000000000000 
[  196.280196] x15: 0000000000000000 x14: 0000000000000000 
[  196.283440] x13: 0000000000000002 x12: 0000000000000000 
[  196.286413] x11: 0000000000000000 x10: 00000000000009c0 
[  196.289725] x9 : ffff800011a73e90 x8 : ffff00007b0c6c20 
[  196.291762] x7 : 00000000000003de x6 : 000008b88e5b7b88 
[  196.292407] x5 : 00ffffffffffffff x4 : ffff80006c7c5000 
[  196.293904] x3 : 4000000000000002 x2 : 4000000000000000 
[  196.294392] x1 : ffff800011406980 x0 : ffff00007dbcb980 
[  196.295028] Call trace:
[  196.295845]  rcu_idle_enter+0x74/0x80
[  196.297655]  do_idle+0x200/0x288
[  196.298264]  cpu_startup_entry+0x24/0x40
[  196.299148]  secondary_start_kernel+0x154/0x190
[  196.299357] ---[ end trace fe963537bae0edcf ]---
