[  195.624175] kernel BUG at arch/arm64/kernel/traps.c:405!
[  195.633008] Internal error: Oops - BUG: 0 [#1] PREEMPT SMP
[  195.635048] Modules linked in:
[  195.642446] CPU: 1 PID: 492 Comm: python3 Not tainted 5.4.18 #2
[  195.643406] Hardware name: linux,dummy-virt (DT)
[  195.645201] pstate: 00000005 (nzcv daif -PAN -UAO)
[  195.647001] pc : do_undefinstr+0x2ec/0x310
[  195.647243] lr : do_undefinstr+0x1e0/0x310
[  195.647481] sp : ffff800011f3b9c0
[  195.647761] x29: ffff800011f3b9c0 x28: ffff00007838b800 
[  195.648258] x27: ffff800011f3bd80 x26: 0000000000000011 
[  195.648624] x25: 0000000000000012 x24: 0000000000000000 
[  195.648983] x23: 0000000040000005 x22: ffff800010baa540 
[  195.649346] x21: ffff800011f3bb60 x20: ffff00007838b800 
[  195.649709] x19: ffff800011f3ba20 x18: 0000000000000000 
[  195.650104] x17: 0000000000000000 x16: 0000000000000000 
[  195.650468] x15: 0000000000000000 x14: 0000000000000000 
[  195.650834] x13: 0000000000000000 x12: 0000000000000000 
[  195.651194] x11: 0000000000000000 x10: 0000000000000000 
[  195.651552] x9 : 0000000000400100 x8 : ffff00007838b800 
[  195.652179] x7 : 0000ffff8cd1ee10 x6 : ffff800011f3ba18 
[  195.652587] x5 : 00000000d5300000 x4 : ffff8000117c51f0 
[  195.652918] x3 : 00000000b9c00000 x2 : 0000000000000000 
[  195.654118] x1 : ffff00007838b800 x0 : 0000000040000005 
[  195.654908] Call trace:
[  195.655529]  do_undefinstr+0x2ec/0x310
[  195.656004]  el1_undef+0x10/0x84
[  195.656491]  udp_sendmsg+0xc0/0x860
[  195.657038]  inet_sendmsg+0x40/0x68
[  195.657907]  __sys_sendto+0xd4/0x150
[  195.658659]  __arm64_sys_sendto+0x24/0x30
[  195.659265]  el0_svc_common.constprop.0+0x68/0x160
[  195.659984]  el0_svc_handler+0x20/0x80
[  195.660550]  el0_svc+0x8/0xc
[  195.662765] Code: f9401bf7 17ffff7c a9025bf5 f9001bf7 (d4210000) 
[  195.666440] ---[ end trace cc1a4f917b851e8d ]---
[  195.667432] note: python3[492] exited with preempt_count 1
[  195.752146] ------------[ cut here ]------------
[  195.758870] WARNING: CPU: 1 PID: 0 at kernel/rcu/tree.c:569 rcu_idle_enter+0x74/0x80
[  195.767810] Modules linked in:
[  195.771780] CPU: 1 PID: 0 Comm: swapper/1 Tainted: G      D           5.4.18 #2
[  195.773872] Hardware name: linux,dummy-virt (DT)
[  195.774315] pstate: 200003c5 (nzCv DAIF -PAN -UAO)
[  195.774878] pc : rcu_idle_enter+0x74/0x80
[  195.775187] lr : do_idle+0x200/0x288
[  195.775430] sp : ffff800011a4bf20
[  195.775723] x29: ffff800011a4bf20 x28: 0000000000000000 
[  195.778434] x27: 0000000000000000 x26: 0000000000000000 
[  195.779458] x25: 0000000000000000 x24: ffff8000117ba214 
[  195.780534] x23: ffff00007b0c1c00 x22: ffff800011404ab8 
[  195.781630] x21: ffff8000117ba1f0 x20: 0000000000000001 
[  195.783408] x19: ffff8000117ba118 x18: 0000000000000010 
[  195.785067] x17: 0000000000000000 x16: 0000000000000000 
[  195.786507] x15: 0000000000000098 x14: 0000000000000000 
[  195.786787] x13: 0000000000000003 x12: 0000000000000098 
[  195.790100] x11: 0000000000000002 x10: 00000000000009c0 
[  195.790659] x9 : ffff800011a4be90 x8 : ffff00007b0c2620 
[  195.791192] x7 : 00000000000003f5 x6 : 0000039db6a1af16 
[  195.795027] x5 : 00ffffffffffffff x4 : ffff80006c757000 
[  195.796945] x3 : 4000000000000002 x2 : 4000000000000000 
[  195.798143] x1 : ffff800011406980 x0 : ffff00007db5d980 
[  195.802567] Call trace:
[  195.803463]  rcu_idle_enter+0x74/0x80
[  195.807006]  do_idle+0x200/0x288
[  195.807385]  cpu_startup_entry+0x24/0x40
[  195.808665]  secondary_start_kernel+0x154/0x190
[  195.810914] ---[ end trace cc1a4f917b851e8e ]---
