[  193.209590] Unable to handle kernel NULL pointer dereference at virtual address 00000000000002a8
[  193.212553] Mem abort info:
[  193.218758]   ESR = 0x96000006
[  193.220128]   EC = 0x25: DABT (current EL), IL = 32 bits
[  193.224101]   SET = 0, FnV = 0
[  193.224854]   EA = 0, S1PTW = 0
[  193.231160] Data abort info:
[  193.232293]   ISV = 0, ISS = 0x00000006
[  193.238177]   CM = 0, WnR = 0
[  193.248690] user pgtable: 4k pages, 48-bit VAs, pgdp=00000000b6c74000
[  193.251914] [00000000000002a8] pgd=00000000ba665003, pud=00000000b6cf3003, pmd=0000000000000000
[  193.272873] Internal error: Oops: 96000006 [#1] PREEMPT SMP
[  193.275955] Modules linked in:
[  193.279808] CPU: 1 PID: 495 Comm: python3 Not tainted 5.4.18 #2
[  193.280468] Hardware name: linux,dummy-virt (DT)
[  193.282960] pstate: 40000005 (nZcv daif -PAN -UAO)
[  193.285974] pc : ip_route_output_key_hash_rcu+0x2c4/0x668
[  193.287204] lr : ip_route_output_key_hash_rcu+0x2c4/0x668
[  193.290045] sp : ffff800011ef3a70
[  193.292732] x29: ffff800011ef3a70 x28: 0000000000000012 
[  193.297627] x27: ffff800011ef3d80 x26: 0000000000000011 
[  193.299867] x25: 0000000000000000 x24: 0000000000000000 
[  193.302147] x23: 0000000000000000 x22: 0000000000000000 
[  193.302595] x21: 0000000000000000 x20: ffff800011ef3b18 
[  193.303386] x19: ffff800011ef3c30 x18: 0000000000000000 
[  193.303812] x17: 0000000000000000 x16: 0000000000000000 
[  193.304636] x15: 0000000000000000 x14: 0000000000000000 
[  193.306216] x13: 0000000000000000 x12: 0000000000000000 
[  193.306633] x11: 0000000000000000 x10: 0000000000001083 
[  193.307396] x9 : 000000006401a8c0 x8 : ffff800011963ac0 
[  193.307921] x7 : 00000000000003e8 x6 : ffff800011ef3de8 
[  193.308415] x5 : ffff800011ef3de8 x4 : 0000000000000001 
[  193.308775] x3 : 0000000000000000 x2 : ffff800011ef3b18 
[  193.309465] x1 : ffff00007b1db800 x0 : 0000000000000002 
[  193.311555] Call trace:
[  193.312011]  ip_route_output_key_hash_rcu+0x2c4/0x668
[  193.312394]  ip_route_output_key_hash+0x74/0xa8
[  193.314504]  ip_route_output_flow+0x10/0x18
[  193.314919]  udp_sendmsg+0x520/0x860
[  193.315943]  inet_sendmsg+0x40/0x68
[  193.316205]  __sys_sendto+0xd4/0x150
[  193.317096]  __arm64_sys_sendto+0x24/0x30
[  193.319789]  el0_svc_common.constprop.0+0x68/0x160
[  193.320674]  el0_svc_handler+0x20/0x80
[  193.321767]  el0_svc+0x8/0xc
[  193.324148] Code: b9402e61 b9002a60 34fff9e1 97d781da (f94156c0) 
[  193.330778] ---[ end trace 732416803e686e3d ]---
