[  194.978082] kernel BUG at arch/arm64/kernel/traps.c:405!
[  194.986082] Internal error: Oops - BUG: 0 [#1] PREEMPT SMP
[  194.989393] Modules linked in:
[  194.994396] CPU: 3 PID: 493 Comm: python3 Not tainted 5.4.18 #2
[  194.995304] Hardware name: linux,dummy-virt (DT)
[  194.997286] pstate: 00000005 (nzcv daif -PAN -UAO)
[  195.002756] pc : do_undefinstr+0x2ec/0x310
[  195.004248] lr : do_undefinstr+0x1e0/0x310
[  195.005037] sp : ffff800011dcb9c0
[  195.005617] x29: ffff800011dcb9c0 x28: ffff0000714f2a00 
[  195.006711] x27: ffff800011dcbd80 x26: 0000000000000011 
[  195.007468] x25: 0000000000000012 x24: 0000000000000000 
[  195.008262] x23: 0000000080000005 x22: ffff800010baa4f4 
[  195.009012] x21: ffff800011dcbb60 x20: ffff0000714f2a00 
[  195.009756] x19: ffff800011dcba20 x18: 0000000000000000 
[  195.010602] x17: 0000000000000000 x16: 0000000000000000 
[  195.011356] x15: 0000000000000000 x14: 0000000000000000 
[  195.012154] x13: 0000000000000000 x12: 0000000000000000 
[  195.012903] x11: 0000000000000000 x10: 0000000000000000 
[  195.013648] x9 : 0000000000400100 x8 : ffff0000714f2a00 
[  195.014445] x7 : 0000ffffa1b46e10 x6 : ffff800011dcba18 
[  195.015523] x5 : 00000000d5300000 x4 : ffff8000117c51f0 
[  195.016311] x3 : 00000000bb400000 x2 : 0000000000000000 
[  195.017105] x1 : ffff0000714f2a00 x0 : 0000000080000005 
[  195.019325] Call trace:
[  195.020473]  do_undefinstr+0x2ec/0x310
[  195.021052]  el1_undef+0x10/0x84
[  195.021479]  udp_sendmsg+0x74/0x860
[  195.021984]  inet_sendmsg+0x40/0x68
[  195.022437]  __sys_sendto+0xd4/0x150
[  195.022914]  __arm64_sys_sendto+0x24/0x30
[  195.023466]  el0_svc_common.constprop.0+0x68/0x160
[  195.024174]  el0_svc_handler+0x20/0x80
[  195.024736]  el0_svc+0x8/0xc
[  195.027433] Code: f9401bf7 17ffff7c a9025bf5 f9001bf7 (d4210000) 
[  195.031195] ---[ end trace 05849eba2d15a937 ]---
[  195.032890] note: python3[493] exited with preempt_count 1
[  195.110112] ------------[ cut here ]------------
[  195.110781] WARNING: CPU: 3 PID: 0 at kernel/rcu/tree.c:569 rcu_idle_enter+0x74/0x80
[  195.115466] Modules linked in:
[  195.119331] CPU: 3 PID: 0 Comm: swapper/3 Tainted: G      D           5.4.18 #2
[  195.126592] Hardware name: linux,dummy-virt (DT)
[  195.127526] pstate: 200003c5 (nzCv DAIF -PAN -UAO)
[  195.129492] pc : rcu_idle_enter+0x74/0x80
[  195.129825] lr : do_idle+0x200/0x288
[  195.130805] sp : ffff800011a5bf20
[  195.133239] x29: ffff800011a5bf20 x28: 0000000000000000 
[  195.135118] x27: 0000000000000000 x26: 0000000000000000 
[  195.138583] x25: 0000000000000000 x24: ffff8000117ba214 
[  195.139708] x23: ffff00007b0c3800 x22: ffff800011404ab8 
[  195.142432] x21: ffff8000117ba1f0 x20: 0000000000000003 
[  195.145029] x19: ffff8000117ba118 x18: 0000000000000010 
[  195.146074] x17: 0000000000000000 x16: 0000000000000000 
[  195.146657] x15: 0000000000000000 x14: 0000000000000000 
[  195.147762] x13: 0000000000000002 x12: 0000000000000000 
[  195.148059] x11: 0000000000000000 x10: 00000000000009c0 
[  195.148381] x9 : ffff800011a5be90 x8 : ffff00007b0c4220 
[  195.151105] x7 : 00000000000003dd x6 : 000000b2e43ed4a9 
[  195.152003] x5 : 00ffffffffffffff x4 : ffff80006c783000 
[  195.156090] x3 : 4000000000000002 x2 : 4000000000000000 
[  195.157894] x1 : ffff800011406980 x0 : ffff00007db89980 
[  195.159755] Call trace:
[  195.160018]  rcu_idle_enter+0x74/0x80
[  195.163854]  do_idle+0x200/0x288
[  195.165753]  cpu_startup_entry+0x24/0x40
[  195.166629]  secondary_start_kernel+0x154/0x190
[  195.167493] ---[ end trace 05849eba2d15a938 ]---
