[  193.716195] Unable to handle kernel NULL pointer dereference at virtual address 00000000000002e8
[  193.717425] Mem abort info:
[  193.717779]   ESR = 0x86000006
[  193.718414]   EC = 0x21: IABT (current EL), IL = 32 bits
[  193.720768]   SET = 0, FnV = 0
[  193.721268]   EA = 0, S1PTW = 0
[  193.724641] user pgtable: 4k pages, 48-bit VAs, pgdp=00000000b160b000
[  193.730251] [00000000000002e8] pgd=00000000b974a003, pud=00000000b170b003, pmd=0000000000000000
[  193.749957] Internal error: Oops: 86000006 [#1] PREEMPT SMP
[  193.759188] Modules linked in:
[  193.763124] CPU: 6 PID: 496 Comm: python3 Not tainted 5.4.18 #2
[  193.763551] Hardware name: linux,dummy-virt (DT)
[  193.764413] pstate: 20000005 (nzCv daif -PAN -UAO)
[  193.771948] pc : 0x2e8
[  193.776030] lr : __ip_append_data.isra.0+0x85c/0xc30
[  193.777326] sp : ffff800011f4b9e0
[  193.778393] x29: ffff800011f4b9e0 x28: ffff0000783bdd30 
[  193.778888] x27: 000000000000001a x26: 0000000000000000 
[  193.779421] x25: ffff00007a483fc0 x24: ffff0000781cd0c0 
[  193.779865] x23: ffff800011f4bd80 x22: 0000000000000000 
[  193.780237] x21: 0000000000000012 x20: 0000000000000000 
[  193.780718] x19: 0000000000000000 x18: 0000000000000000 
[  193.781252] x17: 0000000000000000 x16: ffff800010b76000 
[  193.784986] x15: 0000000000000001 x14: 0000000000000000 
[  193.787162] x13: 0000000000000006 x12: 00000000c0a80164 
[  193.788125] x11: 0000000000000000 x10: 0000000000000068 
[  193.791178] x9 : 0000000000000000 x8 : ffff00007831a600 
[  193.791669] x7 : 0000000000000001 x6 : 00000000000002e8 
[  193.791853] x5 : ffff00007831a600 x4 : 0000000000000000 
[  193.792026] x3 : 0000000000000012 x2 : 0000000000000000 
[  193.792200] x1 : ffff00007833c02c x0 : ffff800011f4bd80 
[  193.792661] Call trace:
[  193.792898]  0x2e8
[  193.793028]  ip_make_skb+0xec/0x140
[  193.793157]  udp_sendmsg+0x6ec/0x860
[  193.793594]  inet_sendmsg+0x40/0x68
[  193.793801]  __sys_sendto+0xd4/0x150
[  193.793998]  __arm64_sys_sendto+0x24/0x30
[  193.794284]  el0_svc_common.constprop.0+0x68/0x160
[  193.796147]  el0_svc_handler+0x20/0x80
[  193.798438]  el0_svc+0x8/0xc
[  193.803585] Code: bad PC value
[  193.807556] ---[ end trace f7a58bac4707e9e5 ]---
