[  192.918240] Unable to handle kernel paging request at virtual address ffff800011db4400
[  192.922599] Mem abort info:
[  192.926491]   ESR = 0x96000007
[  192.930743]   EC = 0x25: DABT (current EL), IL = 32 bits
[  192.935511]   SET = 0, FnV = 0
[  192.940225]   EA = 0, S1PTW = 0
[  192.941904] Data abort info:
[  192.949898]   ISV = 0, ISS = 0x00000007
[  192.956063]   CM = 0, WnR = 0
[  192.957419] swapper pgtable: 4k pages, 48-bit VAs, pgdp=00000000412a6000
[  192.959860] [ffff800011db4400] pgd=00000000bdfff003, pud=00000000bdffe003, pmd=00000000bb232003, pte=0000000000000000
[  192.970403] Internal error: Oops: 96000007 [#1] PREEMPT SMP
[  192.971822] Modules linked in:
[  192.972897] CPU: 7 PID: 496 Comm: python3 Not tainted 5.4.18 #2
[  192.973355] Hardware name: linux,dummy-virt (DT)
[  192.975022] pstate: 80000005 (Nzcv daif -PAN -UAO)
[  192.981616] pc : udp_sendmsg+0x718/0x860
[  192.983120] lr : udp_sendmsg+0x710/0x860
[  192.983738] sp : ffff800011db3b60
[  192.985600] x29: ffff800011db3b70 x28: 000000000000001a 
[  192.986838] x27: ffff800011db3d80 x26: 0000000000000011 
[  192.987807] x25: 0000000000000012 x24: ffff000079be3648 
[  192.989081] x23: 000000006401a8c0 x22: 0000000000000000 
[  192.990097] x21: ffff00007ab5b800 x20: 0000000000000000 
[  192.990904] x19: ffff000079be3300 x18: 0000000000000000 
[  192.992056] x17: 0000000000000000 x16: 0000000000000000 
[  192.995078] x15: 0000000000000001 x14: 0000000000000000 
[  192.997111] x13: 0000000000000006 x12: 000000000000003c 
[  192.998022] x11: ffff000076c38000 x10: 0000000000000000 
[  192.999745] x9 : ffff00007155b540 x8 : 0000000000000028 
[  193.002221] x7 : ffff000070a6c000 x6 : 0000000022100000 
[  193.006721] x5 : 000000000000004f x4 : 0000000000000000 
[  193.009041] x3 : 0000000000000001 x2 : ffff80006c7db000 
[  193.010283] x1 : ffff00007ab5b800 x0 : 0000000000000000 
[  193.014181] Call trace:
[  193.015678]  udp_sendmsg+0x718/0x860
[  193.017863]  inet_sendmsg+0x40/0x68
[  193.019328]  __sys_sendto+0xd4/0x150
[  193.020705]  __arm64_sys_sendto+0x24/0x30
[  193.021144]  el0_svc_common.constprop.0+0x68/0x160
[  193.024521]  el0_svc_handler+0x20/0x80
[  193.027984]  el0_svc+0x8/0xc
[  193.030501] Code: 910042c2 97fff9eb 2a0003f4 b9407ff6 (f94453e3) 
[  193.036224] ---[ end trace 8550aab5172dea59 ]---
