 [  152.818223] Unable to handle kernel paging request at virtual address ffff800011d44258
[  152.830810] Mem abort info:
[  152.831125]   ESR = 0x96000007
[  152.834302]   EC = 0x25: DABT (current EL), IL = 32 bits
[  152.837752]   SET = 0, FnV = 0
[  152.840319]   EA = 0, S1PTW = 0
[  152.862861] Data abort info:
[  152.864010]   ISV = 0, ISS = 0x00000007
[  152.864851]   CM = 0, WnR = 0
[  152.865953] swapper pgtable: 4k pages, 48-bit VAs, pgdp=00000000412a6000
[  152.868372] [ffff800011d44258] pgd=00000000bdfff003, pud=00000000bdffe003, pmd=00000000ba850003, pte=0000000000000000
[  152.877943] Internal error: Oops: 96000007 [#1] PREEMPT SMP
[  152.885269] Modules linked in:
[  152.894390] CPU: 3 PID: 494 Comm: python3 Not tainted 5.4.18 #2
[  152.896948] Hardware name: linux,dummy-virt (DT)
[  152.901042] pstate: 40000005 (nZcv daif -PAN -UAO)
[  152.912271] pc : udp_sendmsg+0x3c/0x860
[  152.916725] lr : inet_sendmsg+0x40/0x68
[  152.921386] sp : ffff800011d43b60
[  152.923127] x29: ffff800011d43b70 x28: 0000000000000012 
[  152.924637] x27: ffff800011d43d80 x26: 0000000000000011 
[  152.925485] x25: 0000000000000012 x24: ffff800011d43dd8 
[  152.926902] x23: 0000ffffd4af0478 x22: 0000000000000001 
[  152.927918] x21: ffff000076e6aa00 x20: 0000000000000012 
[  152.928488] x19: ffff00007ab0b740 x18: 0000000000000000 
[  152.929846] x17: 0000000000000000 x16: 0000000000000000 
[  152.933934] x15: 0000000000000000 x14: 0000000000000000 
[  152.940042] x13: 0000000000000000 x12: 0000000000000000 
[  152.946044] x11: 0000000000000000 x10: 0000000000000000 
[  152.953959] x9 : 0000000000400100 x8 : ffff000076e6aa00 
[  152.955024] x7 : 0000ffff9c709e50 x6 : ffff800011d43de8 
[  152.955527] x5 : ffff800011d43de8 x4 : 0000000000000002 
[  152.956061] x3 : ffff800010baa480 x2 : 0000000000000012 
[  152.956545] x1 : ffff800011d43d80 x0 : ffff00007ab0b740 
[  152.957769] Call trace:
[  152.959395]  udp_sendmsg+0x3c/0x860
[  152.959944]  inet_sendmsg+0x40/0x68
[  152.960361]  __sys_sendto+0xd4/0x150
[  152.960863]  __arm64_sys_sendto+0x24/0x30
[  152.961316]  el0_svc_common.constprop.0+0x68/0x160
[  152.961608]  el0_svc_handler+0x20/0x80
[  152.961839]  el0_svc+0x8/0xc
[  152.972614] Code: a90673fb aa0103fb aa0203fc 3948041a (f94238a1) 
[  152.980838] ---[ end trace 0fea4906e76392cb ]---
