[  194.136546] kernel BUG at arch/arm64/kernel/traps.c:405!
[  194.143056] Internal error: Oops - BUG: 0 [#1] PREEMPT SMP
[  194.146131] Modules linked in:
[  194.149508] CPU: 4 PID: 492 Comm: python3 Not tainted 5.4.18 #2
[  194.150679] Hardware name: linux,dummy-virt (DT)
[  194.151759] pstate: 00000005 (nzcv daif -PAN -UAO)
[  194.152274] pc : do_undefinstr+0x2ec/0x310
[  194.152598] lr : do_undefinstr+0x1e0/0x310
[  194.152930] sp : ffff800011ebb9c0
[  194.153212] x29: ffff800011ebb9c0 x28: ffff00007a812a00 
[  194.153736] x27: ffff800011ebbd80 x26: 0000000000000011 
[  194.154115] x25: 0000000000000012 x24: 0000000000000000 
[  194.154489] x23: 0000000040000005 x22: ffff800010baa4d0 
[  194.154859] x21: ffff800011ebbb60 x20: ffff00007a812a00 
[  194.155235] x19: ffff800011ebba20 x18: 0000000000000000 
[  194.155606] x17: 0000000000000000 x16: 0000000000000000 
[  194.156025] x15: 0000000000000000 x14: 0000000000000000 
[  194.156400] x13: 0000000000000000 x12: 0000000000000000 
[  194.156776] x11: 0000000000000000 x10: 0000000000000000 
[  194.157151] x9 : 0000000000400100 x8 : ffff00007a812a00 
[  194.157541] x7 : 0000ffff8e6bfdd0 x6 : ffff800011ebba18 
[  194.157975] x5 : 00000000d5300000 x4 : ffff8000117c51f0 
[  194.158355] x3 : 00000000e9400000 x2 : 0000000000000000 
[  194.158728] x1 : ffff00007a812a00 x0 : 0000000040000005 
[  194.159473] Call trace:
[  194.160890]  do_undefinstr+0x2ec/0x310
[  194.161473]  el1_undef+0x10/0x84
[  194.161752]  udp_sendmsg+0x50/0x860
[  194.162397]  inet_sendmsg+0x40/0x68
[  194.163231]  __sys_sendto+0xd4/0x150
[  194.163964]  __arm64_sys_sendto+0x24/0x30
[  194.164686]  el0_svc_common.constprop.0+0x68/0x160
[  194.165528]  el0_svc_handler+0x20/0x80
[  194.166206]  el0_svc+0x8/0xc
[  194.168339] Code: f9401bf7 17ffff7c a9025bf5 f9001bf7 (d4210000) 
[  194.172397] ---[ end trace 58e5c71aaea3ddd9 ]---
[  194.174392] note: python3[492] exited with preempt_count 1
[  194.302982] ------------[ cut here ]------------
[  194.305243] WARNING: CPU: 4 PID: 0 at kernel/rcu/tree.c:569 rcu_idle_enter+0x74/0x80
[  194.306951] Modules linked in:
[  194.310852] CPU: 4 PID: 0 Comm: swapper/4 Tainted: G      D           5.4.18 #2
[  194.316622] Hardware name: linux,dummy-virt (DT)
[  194.318635] pstate: 200003c5 (nzCv DAIF -PAN -UAO)
[  194.322735] pc : rcu_idle_enter+0x74/0x80
[  194.328200] lr : do_idle+0x200/0x288
[  194.334351] sp : ffff800011a63f20
[  194.336790] x29: ffff800011a63f20 x28: 0000000000000000 
[  194.338519] x27: 0000000000000000 x26: 0000000000000000 
[  194.341543] x25: 0000000000000000 x24: ffff8000117ba214 
[  194.346968] x23: ffff00007b0c4600 x22: ffff800011404ab8 
[  194.350688] x21: ffff8000117ba1f0 x20: 0000000000000004 
[  194.352301] x19: ffff8000117ba118 x18: 0000000000000010 
[  194.352928] x17: 0000000000000000 x16: 0000000000000000 
[  194.354266] x15: 00000000000001b1 x14: 0000000000000000 
[  194.366240] x13: 0000000000000002 x12: 00000000000001b1 
[  194.369036] x11: 0000000000000001 x10: 00000000000009c0 
[  194.378788] x9 : ffff800011a63e90 x8 : ffff00007b0c5020 
[  194.386024] x7 : 0000000000000380 x6 : 00000082d03f36c1 
[  194.395421] x5 : 00ffffffffffffff x4 : ffff80006c799000 
[  194.405150] x3 : 4000000000000002 x2 : 4000000000000000 
[  194.409992] x1 : ffff800011406980 x0 : ffff00007db9f980 
[  194.427319] Call trace:
[  194.433354]  rcu_idle_enter+0x74/0x80
[  194.438839]  do_idle+0x200/0x288
[  194.441023]  cpu_startup_entry+0x20/0x40
[  194.441994]  secondary_start_kernel+0x154/0x190
[  194.443935] ---[ end trace 58e5c71aaea3ddda ]---
