[  192.919224] Kernel panic - not syncing: stack-protector: Kernel stack is corrupted in: udp_sendmsg+0x858/0x860
[  192.929731] CPU: 6 PID: 497 Comm: python3 Not tainted 5.4.18 #2
[  192.930928] Hardware name: linux,dummy-virt (DT)
[  192.932614] Call trace:
[  192.932986]  dump_backtrace+0x0/0x140
[  192.933230]  show_stack+0x14/0x20
[  192.933427]  dump_stack+0xb4/0xf8
[  192.933614]  panic+0x158/0x324
[  192.933788]  __stack_chk_fail+0x1c/0x20
[  192.933992]  udp_sendmsg+0x858/0x860
[  192.934254]  inet_sendmsg+0x40/0x68
[  192.934472]  __sys_sendto+0xd4/0x150
[  192.934721]  __arm64_sys_sendto+0x24/0x30
[  192.934995]  el0_svc_common.constprop.0+0x68/0x160
[  192.935299]  el0_svc_handler+0x20/0x80
[  192.935557]  el0_svc+0x8/0xc
[  192.937580] SMP: stopping secondary CPUs
[  192.940621] Kernel Offset: disabled
[  192.942651] CPU features: 0x0002,20006000
[  192.944119] Memory Limit: none
[  192.950933] ---[ end Kernel panic - not syncing: stack-protector: Kernel stack is corrupted in: udp_sendmsg+0x858/0x860 ]---
