[  193.768417] Kernel panic - not syncing: stack-protector: Kernel stack is corrupted in: ip_make_skb+0x140/0x140
[  193.772465] CPU: 4 PID: 494 Comm: python3 Not tainted 5.4.18 #2
[  193.773487] Hardware name: linux,dummy-virt (DT)
[  193.775824] Call trace:
[  193.776698]  dump_backtrace+0x0/0x140
[  193.777812]  show_stack+0x14/0x20
[  193.778617]  dump_stack+0xb4/0xf8
[  193.780146]  panic+0x158/0x324
[  193.780740]  __stack_chk_fail+0x1c/0x20
[  193.781362]  ip_send_unicast_reply+0x0/0x2c8
[  193.781982]  udp_sendmsg+0x6ec/0x860
[  193.782527]  inet_sendmsg+0x40/0x68
[  193.783065]  __sys_sendto+0xd4/0x150
[  193.783677]  __arm64_sys_sendto+0x24/0x30
[  193.784281]  el0_svc_common.constprop.0+0x68/0x160
[  193.784946]  el0_svc_handler+0x20/0x80
[  193.785891]  el0_svc+0x8/0xc
[  193.789221] SMP: stopping secondary CPUs
[  193.793957] Kernel Offset: disabled
[  193.794792] CPU features: 0x0002,20006000
[  193.795582] Memory Limit: none
[  193.799856] ---[ end Kernel panic - not syncing: stack-protector: Kernel stack is corrupted in: ip_make_skb+0x140/0x140 ]---
