[  195.595178] Unable to handle kernel NULL pointer dereference at virtual address 0000000000000028
[  195.605314] Mem abort info:
[  195.606362]   ESR = 0x96000006
[  195.607682]   EC = 0x25: DABT (current EL), IL = 32 bits
[  195.610490]   SET = 0, FnV = 0
[  195.611695]   EA = 0, S1PTW = 0
[  195.612977] Data abort info:
[  195.618747]   ISV = 0, ISS = 0x00000006
[  195.625270]   CM = 0, WnR = 0
[  195.627498] user pgtable: 4k pages, 48-bit VAs, pgdp=00000000b2965000
[  195.631375] [0000000000000028] pgd=00000000b5eec003, pud=00000000b6cd4003, pmd=0000000000000000
[  195.647946] Internal error: Oops: 96000006 [#1] PREEMPT SMP
[  195.655855] Modules linked in:
[  195.662310] CPU: 5 PID: 497 Comm: python3 Not tainted 5.4.18 #2
[  195.662658] Hardware name: linux,dummy-virt (DT)
[  195.663332] pstate: 60000005 (nZCv daif -PAN -UAO)
[  195.665914] pc : __ip_make_skb+0x1f4/0x3b0
[  195.666282] lr : __ip_make_skb+0x180/0x3b0
[  195.666612] sp : ffff800011f73a70
[  195.666890] x29: ffff800011f73a70 x28: 0000000000000000 
[  195.667361] x27: ffff00007a8a9000 x26: 0000000000000010 
[  195.668198] x25: ffff00007a8a9010 x24: 0000000000000000 
[  195.669495] x23: ffff00007b3df000 x22: ffff00007b396e80 
[  195.669901] x21: ffff800011963ac0 x20: ffff800011f73c68 
[  195.670281] x19: ffff00007b20da00 x18: 0000000000000000 
[  195.670799] x17: 0000000000000000 x16: 0000000000000000 
[  195.671194] x15: 0000000000000001 x14: 0000000000000000 
[  195.671565] x13: 0000000000000006 x12: 00000000c0a80164 
[  195.672270] x11: 0000000000000000 x10: 0000000000000068 
[  195.672681] x9 : 0000000000000000 x8 : ffff00007b20da00 
[  195.673217] x7 : 0000000000000012 x6 : ffff00007a8a903e 
[  195.674488] x5 : ffff00007a8a90c8 x4 : ffff800011f73b40 
[  195.675653] x3 : ffff800010ec3ff8 x2 : 0000000000000040 
[  195.677602] x1 : 0000000000000000 x0 : 0000000000000011 
[  195.679144] Call trace:
[  195.679738]  __ip_make_skb+0x1f4/0x3b0
[  195.680788]  ip_make_skb+0x108/0x140
[  195.681724]  udp_sendmsg+0x6ec/0x860
[  195.682792]  inet_sendmsg+0x40/0x68
[  195.684077]  __sys_sendto+0xd4/0x150
[  195.684941]  __arm64_sys_sendto+0x24/0x30
[  195.687441]  el0_svc_common.constprop.0+0x68/0x160
[  195.690254]  el0_svc_handler+0x20/0x80
[  195.690647]  el0_svc+0x8/0xc
[  195.696115] Code: 79000f22 39002320 394806c0 39002720 (f9401700) 
[  195.703868] ---[ end trace 32d968a56cd124bc ]---
