[  192.743834] kernel BUG at arch/arm64/kernel/traps.c:405!
[  192.753871] Internal error: Oops - BUG: 0 [#1] PREEMPT SMP
[  192.761078] Modules linked in:
[  192.768053] CPU: 0 PID: 503 Comm: python3 Not tainted 5.4.18 #2
[  192.769187] Hardware name: linux,dummy-virt (DT)
[  192.771927] pstate: 00000005 (nzcv daif -PAN -UAO)
[  192.779969] pc : do_undefinstr+0x2ec/0x310
[  192.781068] lr : do_undefinstr+0x1e0/0x310
[  192.781881] sp : ffff8000120eb9c0
[  192.782544] x29: ffff8000120eb9c0 x28: ffff000079bfd400 
[  192.783750] x27: 0000000000000000 x26: 0000000000000000 
[  192.784640] x25: 0000000056000000 x24: 0000000000000000 
[  192.785584] x23: 0000000060000005 x22: ffff800010baa7c4 
[  192.787069] x21: ffff8000120ebb60 x20: ffff000079bfd400 
[  192.788817] x19: ffff8000120eba20 x18: 0000000000000000 
[  192.792040] x17: 0000000000000000 x16: 0000000000000000 
[  192.794212] x15: 0000000000000001 x14: 0000000000000000 
[  192.795127] x13: 0000000000000006 x12: 000000000000003c 
[  192.796300] x11: ffff0000783e3000 x10: ffff00007b2ea7c0 
[  192.797485] x9 : 0000000000000b40 x8 : 0000000000000001 
[  192.798468] x7 : 0000000000004e20 x6 : ffff8000120eba18 
[  192.799486] x5 : 00000000d5300000 x4 : ffff8000117c51f0 
[  192.800787] x3 : 0000000091800000 x2 : 0000000000000000 
[  192.803217] x1 : ffff000079bfd400 x0 : 0000000060000005 
[  192.808124] Call trace:
[  192.809196]  do_undefinstr+0x2ec/0x310
[  192.810228]  el1_undef+0x10/0x84
[  192.810866]  udp_sendmsg+0x344/0x860
[  192.811509]  __sys_sendto+0xd4/0x150
[  192.812223]  __arm64_sys_sendto+0x24/0x30
[  192.812924]  el0_svc_common.constprop.0+0x68/0x160
[  192.813695]  el0_svc_handler+0x20/0x80
[  192.814399]  el0_svc+0x8/0xc
[  192.817399] Code: f9401bf7 17ffff7c a9025bf5 f9001bf7 (d4210000) 
[  192.824454] ---[ end trace 72e9bfe172d783fa ]---
[  192.826571] note: python3[503] exited with preempt_count 1
[  192.964467] ------------[ cut here ]------------
[  192.967336] WARNING: CPU: 0 PID: 0 at kernel/rcu/tree.c:569 rcu_idle_enter+0x74/0x80
[  192.968401] Modules linked in:
[  192.971261] CPU: 0 PID: 0 Comm: swapper/0 Tainted: G      D           5.4.18 #2
[  192.973856] Hardware name: linux,dummy-virt (DT)
[  192.976121] pstate: 200003c5 (nzCv DAIF -PAN -UAO)
[  192.977839] pc : rcu_idle_enter+0x74/0x80
[  192.979980] lr : do_idle+0x200/0x288
[  192.984810] sp : ffff8000117b3eb0
[  192.986383] x29: ffff8000117b3eb0 x28: 00000000412b0018 
[  192.988730] x27: 0000000000000000 x26: 0000000000000000 
[  192.997655] x25: 0000000000000000 x24: ffff8000117ba214 
[  193.001111] x23: ffff8000117c2d80 x22: ffff800011404ab8 
[  193.007584] x21: ffff8000117ba1f0 x20: 0000000000000000 
[  193.009185] x19: ffff8000117ba118 x18: 00000000000040e4 
[  193.010534] x17: 00000000000040e0 x16: 00000000000040dc 
[  193.015019] x15: 0000000000000000 x14: 0000000000000000 
[  193.021221] x13: 0000000000000002 x12: 0000000000000000 
[  193.027056] x11: 0000000000000000 x10: 00000000000009c0 
[  193.037654] x9 : ffff8000117b3e20 x8 : ffff8000117c37a0 
[  193.038979] x7 : 00000000000003a4 x6 : 000004b4d9ca1d17 
[  193.048448] x5 : 00ffffffffffffff x4 : ffff80006c741000 
[  193.049210] x3 : 4000000000000002 x2 : 4000000000000000 
[  193.050380] x1 : ffff800011406980 x0 : ffff00007db47980 
[  193.053142] Call trace:
[  193.055507]  rcu_idle_enter+0x74/0x80
[  193.057678]  do_idle+0x200/0x288
[  193.059300]  cpu_startup_entry+0x20/0x40
[  193.062556]  rest_init+0xd4/0xe0
[  193.064103]  arch_call_rest_init+0xc/0x14
[  193.066180]  start_kernel+0x420/0x450
[  193.066656] ---[ end trace 72e9bfe172d783fb ]---
