[  191.785511] Unable to handle kernel NULL pointer dereference at virtual address 0000000000000088
[  191.788747] Mem abort info:
[  191.789798]   ESR = 0x96000046
[  191.790646]   EC = 0x25: DABT (current EL), IL = 32 bits
[  191.791524]   SET = 0, FnV = 0
[  191.796517]   EA = 0, S1PTW = 0
[  191.797466] Data abort info:
[  191.800590]   ISV = 0, ISS = 0x00000046
[  191.804983]   CM = 0, WnR = 1
[  191.808784] user pgtable: 4k pages, 48-bit VAs, pgdp=00000000b6cd4000
[  191.812569] [0000000000000088] pgd=00000000b8054003, pud=00000000b8056003, pmd=0000000000000000
[  191.824945] Internal error: Oops: 96000046 [#1] PREEMPT SMP
[  191.829240] Modules linked in:
[  191.835502] CPU: 2 PID: 495 Comm: python3 Not tainted 5.4.18 #2
[  191.841742] Hardware name: linux,dummy-virt (DT)
[  191.850063] pstate: 40000005 (nZcv daif -PAN -UAO)
[  191.858262] pc : udp_sendmsg+0x4c4/0x860
[  191.858877] lr : udp_sendmsg+0x150/0x860
[  191.859943] sp : ffff800011fb3b60
[  191.860818] x29: ffff800011fb3b70 x28: 0000000000000012 
[  191.863190] x27: ffff800011fb3d80 x26: 0000000000000011 
[  191.865567] x25: 0000000000000012 x24: ffff00007abb5408 
[  191.866596] x23: 000000006401a8c0 x22: 0000000000000000 
[  191.868341] x21: ffff00007aba4600 x20: ffff800010b762e8 
[  191.870605] x19: ffff00007abb50c0 x18: 0000000000000000 
[  191.871093] x17: 0000000000000000 x16: 0000000000000000 
[  191.871324] x15: 0000000000000000 x14: 0000000000000000 
[  191.871535] x13: 0000000000000000 x12: 0000000000000000 
[  191.872985] x11: 0000000000000000 x10: 0000000000000000 
[  191.873610] x9 : 000000006401a8c0 x8 : ffff800011963ac0 
[  191.874809] x7 : 0000000000000000 x6 : ffff800011fb3de8 
[  191.875098] x5 : ffff800011fb3de8 x4 : 0000000000000000 
[  191.875343] x3 : 0000000000000000 x2 : 0000000000000000 
[  191.877029] x1 : 0000000000000028 x0 : 0000000000000050 
[  191.881827] Call trace:
[  191.886569]  udp_sendmsg+0x4c4/0x860
[  191.887846]  inet_sendmsg+0x40/0x68
[  191.893117]  __sys_sendto+0xd4/0x150
[  191.899650]  __arm64_sys_sendto+0x24/0x30
[  191.906605]  el0_svc_common.constprop.0+0x68/0x160
[  191.909363]  el0_svc_handler+0x20/0x80
[  191.911046]  el0_svc+0x8/0xc
[  191.917511] Code: b900dbe7 b940bfe7 6a00003f f9401a68 (a9088de8) 
[  191.923864] ---[ end trace 888e6c07f47c0e5b ]---
