[  194.029202] Unable to handle kernel read from unreadable memory at virtual address ffff800011f3bd84
[  194.033631] Mem abort info:
[  194.036916]   ESR = 0x9600000f
[  194.041387]   EC = 0x25: DABT (current EL), IL = 32 bits
[  194.044015]   SET = 0, FnV = 0
[  194.045981]   EA = 0, S1PTW = 0
[  194.047609] Data abort info:
[  194.048113]   ISV = 0, ISS = 0x0000000f
[  194.049298]   CM = 0, WnR = 0
[  194.057982] swapper pgtable: 4k pages, 48-bit VAs, pgdp=00000000412a6000
[  194.068464] [ffff800011f3bd84] pgd=00000000bdfff003, pud=00000000bdffe003, pmd=00000000ba88d003, pte=00680000b22ac713
[  194.091322] Internal error: Oops: 9600000f [#1] PREEMPT SMP
[  194.092966] Modules linked in:
[  194.096741] CPU: 7 PID: 493 Comm: python3 Not tainted 5.4.18 #2
[  194.097482] Hardware name: linux,dummy-virt (DT)
[  194.099354] pstate: 40000005 (nZcv daif -PAN -UAO)
[  194.107731] pc : udp_sendmsg+0x198/0x860
[  194.112366] lr : udp_sendmsg+0x150/0x860
[  194.115483] sp : ffff800011f3bb60
[  194.118412] x29: ffff800011f3bb70 x28: 0000000000000012 
[  194.128221] x27: ffff800011f3bd80 x26: 0000000000000011 
[  194.133326] x25: 0000000000000012 x24: ffff0000795f5848 
[  194.134142] x23: 000000006401a8c0 x22: 0000000000000000 
[  194.141533] x21: ffff00007b1d8e00 x20: ffff800010b762e8 
[  194.147689] x19: ffff0000795f5500 x18: 0000000000000000 
[  194.148166] x17: 0000000000000000 x16: 0000000000000000 
[  194.148576] x15: 0000000000000000 x14: 0000000000000000 
[  194.148925] x13: 0000000000000000 x12: 0000000000000000 
[  194.149308] x11: 0000000000000000 x10: 0000000000000000 
[  194.149662] x9 : 000000006401a8c0 x8 : 0000000000000000 
[  194.150010] x7 : 0000000000000000 x6 : ffff800011f3bde8 
[  194.150363] x5 : ffff800011f3bde8 x4 : 0000000000000000 
[  194.150722] x3 : 0000000000000000 x2 : 0000000000000000 
[  194.151073] x1 : 0000000001000100 x0 : 0000000000000000 
[  194.151935] Call trace:
[  194.154693]  udp_sendmsg+0x198/0x860
[  194.155814]  inet_sendmsg+0x40/0x68
[  194.161502]  __sys_sendto+0xd4/0x150
[  194.161844]  __arm64_sys_sendto+0x24/0x30
[  194.162216]  el0_svc_common.constprop.0+0x68/0x160
[  194.162923]  el0_svc_handler+0x20/0x80
[  194.163543]  el0_svc+0x8/0xc
[  194.167937] Code: f9403261 121f0c42 7213003f 54000061 (b8404b61) 
[  194.172651] ---[ end trace e6454be7e1a0c85f ]---
