[  210.585210] Unable to handle kernel paging request at virtual address 00000000ffff6ef0
[  210.589411] Mem abort info:
[  210.589918]   ESR = 0x96000005
[  210.590472]   EC = 0x25: DABT (current EL), IL = 32 bits
[  210.590885]   SET = 0, FnV = 0
[  210.591170]   EA = 0, S1PTW = 0
[  210.591475] Data abort info:
[  210.592080]   ISV = 0, ISS = 0x00000005
[  210.593000]   CM = 0, WnR = 0
[  210.597532] user pgtable: 4k pages, 48-bit VAs, pgdp=00000000b6ca2000
[  210.601908] [00000000ffff6ef0] pgd=00000000b39bc003, pud=0000000000000000
[  210.606042] Internal error: Oops: 96000005 [#1] PREEMPT SMP
[  210.606975] Modules linked in:
[  210.612000] CPU: 7 PID: 492 Comm: python3 Not tainted 5.4.18 #2
[  210.612890] Hardware name: linux,dummy-virt (DT)
[  210.614735] pstate: 80000005 (Nzcv daif -PAN -UAO)
[  210.615728] pc : ip_setup_cork+0xf0/0x180
[  210.619468] lr : ip_setup_cork+0x4c/0x180
[  210.619746] sp : ffff800011f73b48
[  210.620662] x29: ffff800011f73b48 x28: ffff800011f73bf8 
[  210.620923] x27: 000000000000001a x26: ffff800011f73d80 
[  210.621120] x25: ffff800010b762e8 x24: ffff0000780d2640 
[  210.621319] x23: ffff800011f73d20 x22: ffff800011f73cd8 
[  210.621491] x21: ffff800011f73cb8 x20: ffff800011f73cc0 
[  210.621716] x19: ffff800011f73d20 x18: 0000000000000000 
[  210.621887] x17: 0000000000000000 x16: 0000000000000000 
[  210.622100] x15: 0000000000000000 x14: ffff800010095fe8 
[  210.622881] x13: 0000000000000000 x12: 6401a8c088130002 
[  210.624988] x11: 000000003b61cd48 x10: ffffffff00000000 
[  210.627981] x9 : 0000000000000000 x8 : ffff800010c516c8 
[  210.629663] x7 : ffff800011f73ec0 x6 : ffff000071581658 
[  210.631175] x5 : 0000000000000008 x4 : 0000000000000000 
[  210.631690] x3 : 0000000000000000 x2 : ffffffffffffffd8 
[  210.635677] x1 : 00000000ffff6ed0 x0 : ffff800011f73cd8 
[  210.637086] Call trace:
[  210.640148] Code: a8c47bfd d65f03c0 f94006c1 aa1603e0 (f9401021) 
[  210.643981] ---[ end trace 62cfbc49fbbd3c56 ]---
