[  193.907788] Unable to handle kernel NULL pointer dereference at virtual address 00000000000000e8
[  193.922862] Mem abort info:
[  193.923796]   ESR = 0x96000046
[  193.924885]   EC = 0x25: DABT (current EL), IL = 32 bits
[  193.929214]   SET = 0, FnV = 0
[  193.929522]   EA = 0, S1PTW = 0
[  193.931425] Data abort info:
[  193.939556]   ISV = 0, ISS = 0x00000046
[  193.947773]   CM = 0, WnR = 1
[  193.957209] user pgtable: 4k pages, 48-bit VAs, pgdp=00000000b2f63000
[  193.959332] [00000000000000e8] pgd=00000000b2c3f003, pud=00000000b0e26003, pmd=0000000000000000
[  193.966284] Internal error: Oops: 96000046 [#1] PREEMPT SMP
[  193.968478] Modules linked in:
[  193.972563] CPU: 6 PID: 491 Comm: python3 Not tainted 5.4.18 #2
[  193.976175] Hardware name: linux,dummy-virt (DT)
[  193.979796] pstate: 40000005 (nZcv daif -PAN -UAO)
[  193.993880] pc : udp_sendmsg+0x510/0x860
[  193.999533] lr : udp_sendmsg+0x150/0x860
[  194.003189] sp : ffff800011d63b60
[  194.006701] x29: ffff800011d63b70 x28: 0000000000000012 
[  194.018918] x27: ffff800011d63d80 x26: 0000000000000011 
[  194.023411] x25: 0000000000000012 x24: ffff00007a90b648 
[  194.026886] x23: 000000006401a8c0 x22: 0000000000000000 
[  194.032229] x21: ffff000075267000 x20: ffff800010b762e8 
[  194.033778] x19: ffff00007a90b300 x18: 0000000000000000 
[  194.043513] x17: 0000000000000000 x16: 0000000000000000 
[  194.049343] x15: 0000000000000000 x14: 0000000000000000 
[  194.051607] x13: 0000000000000000 x12: 0000000000000000 
[  194.052081] x11: 0000000000000000 x10: 00000000000031c8 
[  194.052293] x9 : 000000006401a8c0 x8 : ffff800011963ac0 
[  194.053145] x7 : 00000000000003e8 x6 : ffff800011d63de8 
[  194.054958] x5 : ffff800011d63de8 x4 : 0000000000000000 
[  194.056165] x3 : 0000000000008813 x2 : ffff00007a90b300 
[  194.056747] x1 : ffff800011d63c30 x0 : ffff800011963ac0 
[  194.057351] Call trace:
[  194.058430]  udp_sendmsg+0x510/0x860
[  194.058857]  inet_sendmsg+0x40/0x68
[  194.060001]  __sys_sendto+0xd4/0x150
[  194.061964]  __arm64_sys_sendto+0x24/0x30
[  194.063627]  el0_svc_common.constprop.0+0x68/0x160
[  194.065620]  el0_svc_handler+0x20/0x80
[  194.067802]  el0_svc+0x8/0xc
[  194.068804] Code: 39037fe1 910343e1 b900e3ff b900e7e7 (f90075ff) 
[  194.073073] ---[ end trace 9ced57c7a959c385 ]---
