[  195.332448] kernel BUG at arch/arm64/kernel/traps.c:405!
[  195.334275] Internal error: Oops - BUG: 0 [#1] PREEMPT SMP
[  195.335663] Modules linked in:
[  195.338138] CPU: 0 PID: 493 Comm: python3 Not tainted 5.4.18 #2
[  195.338934] Hardware name: linux,dummy-virt (DT)
[  195.340702] pstate: 00000005 (nzcv daif -PAN -UAO)
[  195.347182] pc : do_undefinstr+0x2ec/0x310
[  195.347823] lr : do_undefinstr+0x1e0/0x310
[  195.348373] sp : ffff800011d8b9c0
[  195.348776] x29: ffff800011d8b9c0 x28: ffff00007a91d400 
[  195.349170] x27: ffff800011d8bd80 x26: 0000000000000011 
[  195.349490] x25: 0000000000000012 x24: 0000000000000000 
[  195.349846] x23: 0000000080000005 x22: ffff800010baa928 
[  195.350168] x21: ffff800011d8bb60 x20: ffff00007a91d400 
[  195.350957] x19: ffff800011d8ba20 x18: 0000000000000000 
[  195.351987] x17: 0000000000000000 x16: 0000000000000000 
[  195.353054] x15: 0000000000000000 x14: 0000000000000000 
[  195.354232] x13: 0000000000000000 x12: 0000000000000000 
[  195.355493] x11: 0000000000000000 x10: 0000000000000000 
[  195.357289] x9 : 000000006401a8c0 x8 : ffff00007816a548 
[  195.358284] x7 : 0000000000000000 x6 : ffff800011d8ba18 
[  195.359898] x5 : 00000000d5300000 x4 : ffff8000117c51f0 
[  195.361046] x3 : 0000000042800000 x2 : 0000000000000000 
[  195.362795] x1 : ffff00007a91d400 x0 : 0000000080000005 
[  195.366004] Call trace:
[  195.366476]  do_undefinstr+0x2ec/0x310
[  195.367102]  el1_undef+0x10/0x84
[  195.367425]  udp_sendmsg+0x4a8/0x860
[  195.367722]  inet_sendmsg+0x40/0x68
[  195.368010]  __sys_sendto+0xd4/0x150
[  195.368340]  __arm64_sys_sendto+0x24/0x30
[  195.368687]  el0_svc_common.constprop.0+0x68/0x160
[  195.369234]  el0_svc_handler+0x20/0x80
[  195.369523]  el0_svc+0x8/0xc
[  195.370290] Code: f9401bf7 17ffff7c a9025bf5 f9001bf7 (d4210000) 
[  195.372352] ---[ end trace 7abefbda01a245f6 ]---
[  195.373435] note: python3[493] exited with preempt_count 1
[  195.478570] ------------[ cut here ]------------
[  195.484959] WARNING: CPU: 0 PID: 0 at kernel/rcu/tree.c:569 rcu_idle_enter+0x74/0x80
[  195.486963] Modules linked in:
[  195.493922] CPU: 0 PID: 0 Comm: swapper/0 Tainted: G      D           5.4.18 #2
[  195.498124] Hardware name: linux,dummy-virt (DT)
[  195.502778] pstate: 20000085 (nzCv daIf -PAN -UAO)
[  195.504520] pc : rcu_idle_enter+0x74/0x80
[  195.505086] lr : do_idle+0x200/0x288
[  195.505366] sp : ffff8000117b3eb0
[  195.505543] x29: ffff8000117b3eb0 x28: 00000000412b0018 
[  195.505753] x27: 0000000000000000 x26: 0000000000000000 
[  195.506084] x25: 0000000000000000 x24: ffff8000117ba214 
[  195.506408] x23: ffff8000117c2d80 x22: ffff800011404ab8 
[  195.506628] x21: ffff8000117ba1f0 x20: 0000000000000000 
[  195.506811] x19: ffff8000117ba118 x18: 0000000000000010 
[  195.507062] x17: 0000000000000000 x16: 0000000000000000 
[  195.508955] x15: 0000000000000041 x14: 0000000000000000 
[  195.509711] x13: 0000000000000002 x12: 0000000000000041 
[  195.510349] x11: 0000000000000001 x10: 00000000000009c0 
[  195.513905] x9 : ffff8000117b3e20 x8 : ffff8000117c37a0 
[  195.521347] x7 : 00000000000003d4 x6 : 0000071b978d85aa 
[  195.522608] x5 : 00ffffffffffffff x4 : ffff80006c741000 
[  195.523362] x3 : 4000000000000002 x2 : 4000000000000000 
[  195.525032] x1 : ffff800011406980 x0 : ffff00007db47980 
[  195.525967] Call trace:
[  195.526321]  rcu_idle_enter+0x74/0x80
[  195.526599]  do_idle+0x200/0x288
[  195.527057]  cpu_startup_entry+0x24/0x40
[  195.528780]  rest_init+0xd4/0xe0
[  195.529230]  arch_call_rest_init+0xc/0x14
[  195.529718]  start_kernel+0x420/0x450
[  195.530386] ---[ end trace 7abefbda01a245f7 ]---
