[  192.893720] Unable to handle kernel NULL pointer dereference at virtual address 00000000000004d5
[  192.897447] Mem abort info:
[  192.898201]   ESR = 0x96000006
[  192.901959]   EC = 0x25: DABT (current EL), IL = 32 bits
[  192.904403]   SET = 0, FnV = 0
[  192.905146]   EA = 0, S1PTW = 0
[  192.908402] Data abort info:
[  192.911561]   ISV = 0, ISS = 0x00000006
[  192.916310]   CM = 0, WnR = 0
[  192.917923] user pgtable: 4k pages, 48-bit VAs, pgdp=00000000ba43b000
[  192.918436] [00000000000004d5] pgd=00000000af830003, pud=00000000b1a70003, pmd=0000000000000000
[  192.928518] Internal error: Oops: 96000006 [#1] PREEMPT SMP
[  192.931861] Modules linked in:
[  192.935536] CPU: 1 PID: 491 Comm: python3 Not tainted 5.4.18 #2
[  192.936857] Hardware name: linux,dummy-virt (DT)
[  192.940825] pstate: 40000005 (nZcv daif -PAN -UAO)
[  192.942965] pc : ip_route_output_key_hash_rcu+0x2c4/0x668
[  192.945335] lr : ip_route_output_key_hash_rcu+0x2c4/0x668
[  192.945998] sp : ffff800011d3ba70
[  192.948487] x29: ffff800011d3ba70 x28: 0000000000000012 
[  192.949133] x27: ffff800011d3bd80 x26: 0000000000000011 
[  192.951820] x25: 0000000000000000 x24: 0000000000000000 
[  192.953267] x23: 0000000000000000 x22: 000000000000022d 
[  192.956832] x21: 000000000000022d x20: ffff800011d3bb18 
[  192.963572] x19: ffff800011d3bc30 x18: 0000000000000000 
[  192.967146] x17: 0000000000000000 x16: 0000000000000000 
[  192.969469] x15: 0000000000000000 x14: 0000000000000000 
[  192.975968] x13: 0000000000000000 x12: 0000000000000000 
[  192.979197] x11: 0000000000000000 x10: 0000000000006dae 
[  192.982626] x9 : 000000006401a8c0 x8 : 000000000000022d 
[  192.993264] x7 : 00000000000003e8 x6 : ffff800011d3bde8 
[  192.999774] x5 : ffff800011d3bde8 x4 : 0000000000000001 
[  193.004057] x3 : 0000000000000000 x2 : ffff800011d3bb18 
[  193.006666] x1 : ffff000078089c00 x0 : 0000000000000002 
[  193.008243] Call trace:
[  193.009809]  ip_route_output_key_hash_rcu+0x2c4/0x668
[  193.010343]  ip_route_output_key_hash+0x74/0xa8
[  193.011433]  ip_route_output_flow+0x10/0x18
[  193.011869]  udp_sendmsg+0x520/0x860
[  193.012068]  inet_sendmsg+0x40/0x68
[  193.012208]  __sys_sendto+0xd4/0x150
[  193.012624]  __arm64_sys_sendto+0x24/0x30
[  193.013813]  el0_svc_common.constprop.0+0x68/0x160
[  193.014456]  el0_svc_handler+0x20/0x80
[  193.015358]  el0_svc+0x8/0xc
[  193.017121] Code: b9402e61 b9002a60 34fff9e1 97d781da (f94156c0) 
[  193.020976] ---[ end trace 2e869ae1a6df8d1b ]---
