[  194.128731] Unable to handle kernel paging request at virtual address ffff800011f95c18
[  194.137931] Mem abort info:
[  194.138262]   ESR = 0x96000047
[  194.139072]   EC = 0x25: DABT (current EL), IL = 32 bits
[  194.143582]   SET = 0, FnV = 0
[  194.145664]   EA = 0, S1PTW = 0
[  194.146886] Data abort info:
[  194.147197]   ISV = 0, ISS = 0x00000047
[  194.147480]   CM = 0, WnR = 1
[  194.150970] swapper pgtable: 4k pages, 48-bit VAs, pgdp=00000000412a6000
[  194.153702] [ffff800011f95c18] pgd=00000000bdfff003, pud=00000000bdffe003, pmd=00000000bb2d5003, pte=0000000000000000
[  194.155360] Internal error: Oops: 96000047 [#1] PREEMPT SMP
[  194.155873] Modules linked in:
[  194.158290] CPU: 6 PID: 492 Comm: python3 Not tainted 5.4.18 #2
[  194.159350] Hardware name: linux,dummy-virt (DT)
[  194.161388] pstate: 60000005 (nZCv daif -PAN -UAO)
[  194.167704] pc : udp_sendmsg+0x158/0x860
[  194.168859] lr : udp_sendmsg+0x150/0x860
[  194.169609] sp : ffff800011f93b60
[  194.170246] x29: ffff800011f93b70 x28: 0000000000000012 
[  194.171174] x27: ffff800011f93d80 x26: 0000000000000011 
[  194.172030] x25: 0000000000000012 x24: ffff00007946c748 
[  194.173983] x23: 000000006401a8c0 x22: 0000000000000000 
[  194.176644] x21: ffff00007a9d3800 x20: ffff800010b762e8 
[  194.177179] x19: ffff00007946c400 x18: 0000000000000000 
[  194.178190] x17: 0000000000000000 x16: 0000000000000000 
[  194.179462] x15: 0000000000000000 x14: 0000000000000000 
[  194.182783] x13: 0000000000000000 x12: 0000000000000000 
[  194.187989] x11: 0000000000000000 x10: 0000000000000000 
[  194.192915] x9 : 0000000000000000 x8 : 0000000000000000 
[  194.200583] x7 : 0000000000000000 x6 : ffff800011f93de8 
[  194.203241] x5 : ffff800011f93de8 x4 : 0000000000000000 
[  194.206293] x3 : 0000000000000000 x2 : 00000000ffffffff 
[  194.209635] x1 : 0000000000000000 x0 : 0000000000000000 
[  194.219864] Call trace:
[  194.225747]  udp_sendmsg+0x158/0x860
[  194.229644]  inet_sendmsg+0x40/0x68
[  194.230552]  __sys_sendto+0xd4/0x150
[  194.231125]  __arm64_sys_sendto+0x24/0x30
[  194.231752]  el0_svc_common.constprop.0+0x68/0x160
[  194.240400]  el0_svc_handler+0x20/0x80
[  194.241504]  el0_svc+0x8/0xc
[  194.244104] Code: b9008be4 97d6a787 f94063e0 b940bbe7 (b920bbf7) 
[  194.252307] ---[ end trace 2f2abd3ab648eacd ]---
