[  195.706744] Unable to handle kernel NULL pointer dereference at virtual address 0000000000000060
[  195.717276] Mem abort info:
[  195.717527]   ESR = 0x96000006
[  195.718239]   EC = 0x25: DABT (current EL), IL = 32 bits
[  195.718528]   SET = 0, FnV = 0
[  195.718798]   EA = 0, S1PTW = 0
[  195.719381] Data abort info:
[  195.721778]   ISV = 0, ISS = 0x00000006
[  195.722741]   CM = 0, WnR = 0
[  195.724459] user pgtable: 4k pages, 48-bit VAs, pgdp=00000000b965d000
[  195.735412] [0000000000000060] pgd=00000000b45ca003, pud=00000000b45cd003, pmd=0000000000000000
[  195.762924] Internal error: Oops: 96000006 [#1] PREEMPT SMP
[  195.764490] Modules linked in:
[  195.767947] CPU: 6 PID: 494 Comm: python3 Not tainted 5.4.18 #2
[  195.768737] Hardware name: linux,dummy-virt (DT)
[  195.770307] pstate: 60000005 (nZCv daif -PAN -UAO)
[  195.773447] pc : udp_sendmsg+0x188/0x860
[  195.774023] lr : udp_sendmsg+0x150/0x860
[  195.774364] sp : ffff800011f63b60
[  195.774797] x29: ffff800011f63b70 x28: 0000000000000012 
[  195.777179] x27: ffff800011f63d80 x26: 0000000000000011 
[  195.777351] x25: 0000000000000012 x24: ffff00007a9a5848 
[  195.777513] x23: 000000006401a8c0 x22: 0000000000000000 
[  195.777673] x21: ffff00007441b800 x20: ffff800010b762e8 
[  195.777852] x19: ffff00007a9a5500 x18: 0000000000000000 
[  195.778015] x17: 0000000000000000 x16: 0000000000000000 
[  195.778176] x15: 0000000000000000 x14: 0000000000000000 
[  195.778331] x13: 0000000000000000 x12: 0000000000000000 
[  195.778487] x11: 0000000000000000 x10: 0000000000000000 
[  195.778642] x9 : 000000006401a8c0 x8 : 0000000000000000 
[  195.778878] x7 : 0000000000000000 x6 : ffff800011f63de8 
[  195.779441] x5 : ffff800011f63de8 x4 : 0000000000000000 
[  195.779774] x3 : 0000000000000000 x2 : 0000000000000000 
[  195.780098] x1 : 0000000000000000 x0 : 0000000000000000 
[  195.780830] Call trace:
[  195.781175]  udp_sendmsg+0x188/0x860
[  195.781446]  inet_sendmsg+0x40/0x68
[  195.781678]  __sys_sendto+0xd4/0x150
[  195.782971]  __arm64_sys_sendto+0x24/0x30
[  195.783862]  el0_svc_common.constprop.0+0x68/0x160
[  195.784297]  el0_svc_handler+0x20/0x80
[  195.784708]  el0_svc+0x8/0xc
[  195.787256] Code: b9401009 3100045f 54001440 d503201f (f9403061) 
[  195.789671] ---[ end trace 1f568a2e1f09c914 ]---
