[  194.288435] Unable to handle kernel paging request at virtual address ffff80000fb70490
[  194.292150] Mem abort info:
[  194.292672]   ESR = 0x86000006
[  194.293246]   EC = 0x21: IABT (current EL), IL = 32 bits
[  194.294455]   SET = 0, FnV = 0
[  194.300445]   EA = 0, S1PTW = 0
[  194.303148] swapper pgtable: 4k pages, 48-bit VAs, pgdp=00000000412a6000
[  194.316611] [ffff80000fb70490] pgd=00000000bdfff003, pud=00000000bdffe003, pmd=0000000000000000
[  194.331612] Internal error: Oops: 86000006 [#1] PREEMPT SMP
[  194.338957] Modules linked in:
[  194.344715] CPU: 2 PID: 493 Comm: python3 Not tainted 5.4.18 #2
[  194.347669] Hardware name: linux,dummy-virt (DT)
[  194.352419] pstate: 40000005 (nZcv daif -PAN -UAO)
[  194.357561] pc : 0xffff80000fb70490
[  194.358459] lr : udp_sendmsg+0x520/0x860
[  194.359876] sp : ffff800011eabb60
[  194.360549] x29: ffff800011eabb70 x28: 0000000000000012 
[  194.363545] x27: ffff800011eabd80 x26: 0000000000000011 
[  194.364265] x25: 0000000000000012 x24: ffff00007b2c6948 
[  194.364925] x23: 000000006401a8c0 x22: 0000000000000000 
[  194.365538] x21: ffff00007968d400 x20: ffff800010b762e8 
[  194.367479] x19: ffff00007b2c6600 x18: 0000000000000000 
[  194.369520] x17: 0000000000000000 x16: 0000000000000000 
[  194.374895] x15: 0000000000000000 x14: 0000000000000000 
[  194.376649] x13: 0000000000000000 x12: 0000000000000000 
[  194.377414] x11: 0000000000000000 x10: 000000000000b6bf 
[  194.384305] x9 : 000000006401a8c0 x8 : ffff800011963ac0 
[  194.391292] x7 : 00000000000003e8 x6 : ffff800011eabde8 
[  194.394352] x5 : ffff800011eabde8 x4 : 0000000000000000 
[  194.402963] x3 : 0000000000008813 x2 : ffff00007b2c6600 
[  194.409619] x1 : ffff800011eabc30 x0 : ffff800011963ac0 
[  194.426008] Call trace:
[  194.432793]  0xffff80000fb70490
[  194.443427]  inet_sendmsg+0x40/0x68
[  194.452201]  __sys_sendto+0xd4/0x150
[  194.453686]  __arm64_sys_sendto+0x24/0x30
[  194.456481]  el0_svc_common.constprop.0+0x68/0x160
[  194.458461]  el0_svc_handler+0x20/0x80
[  194.465172]  el0_svc+0x8/0xc
[  194.471366] Code: bad PC value
[  194.473343] ---[ end trace 41f53078fa9b845a ]---
