[  192.770542] Unable to handle kernel paging request at virtual address ffff800014bd1690
[  192.787403] Mem abort info:
[  192.791749]   ESR = 0x86000006
[  192.793047]   EC = 0x21: IABT (current EL), IL = 32 bits
[  192.797221]   SET = 0, FnV = 0
[  192.798917]   EA = 0, S1PTW = 0
[  192.799466] swapper pgtable: 4k pages, 48-bit VAs, pgdp=00000000412a6000
[  192.801617] [ffff800014bd1690] pgd=00000000bdfff003, pud=00000000bdffe003, pmd=0000000000000000
[  192.806853] Internal error: Oops: 86000006 [#1] PREEMPT SMP
[  192.810224] Modules linked in:
[  192.815492] CPU: 4 PID: 494 Comm: python3 Not tainted 5.4.18 #2
[  192.815927] Hardware name: linux,dummy-virt (DT)
[  192.816611] pstate: 80000005 (Nzcv daif -PAN -UAO)
[  192.818160] pc : 0xffff800014bd1690
[  192.820330] lr : udp_sendmsg+0x708/0x860
[  192.820600] sp : ffff800011f1bb60
[  192.822128] x29: ffff800011f1bb70 x28: 000000000000001a 
[  192.828760] x27: ffff800011f1bd80 x26: 0000000000000011 
[  192.829768] x25: 0000000000000012 x24: ffff00007b3db208 
[  192.830945] x23: 000000006401a8c0 x22: ffff800011f1bc68 
[  192.831270] x21: ffff00007a978000 x20: 000000007800d000 
[  192.831562] x19: ffff00007b3daec0 x18: 0000000000000000 
[  192.831849] x17: 0000000000000000 x16: 0000000000000000 
[  192.833632] x15: 0000000000000001 x14: 0000000000000000 
[  192.834120] x13: 0000000000000006 x12: 00000000c0a80164 
[  192.835995] x11: 0000000000000000 x10: 0000000000000068 
[  192.837388] x9 : ffff00007a978000 x8 : ffff800011f1bc30 
[  192.837769] x7 : 000000008f400000 x6 : 0000000000000000 
[  192.838129] x5 : 00000000000000b7 x4 : 000000004d1a38ca 
[  192.839116] x3 : 000000004d1a3813 x2 : 000000004d1a38cb 
[  192.839565] x1 : ffff800011f1bc30 x0 : ffff00007800d000 
[  192.840394] Call trace:
[  192.841521]  0xffff800014bd1690
[  192.842085]  inet_sendmsg+0x40/0x68
[  192.842445]  __sys_sendto+0xd4/0x150
[  192.842753]  __arm64_sys_sendto+0x24/0x30
[  192.843685]  el0_svc_common.constprop.0+0x68/0x160
[  192.844544]  el0_svc_handler+0x20/0x80
[  192.844857]  el0_svc+0x8/0xc
[  192.846078] Code: bad PC value
[  192.848165] ---[ end trace 18e8ba1088787310 ]---
