[  196.748007] Unable to handle kernel paging request at virtual address ffff000080000000
[  196.749410] Mem abort info:
[  196.749616]   ESR = 0x96000005
[  196.749871]   EC = 0x25: DABT (current EL), IL = 32 bits
[  196.750147]   SET = 0, FnV = 0
[  196.750352]   EA = 0, S1PTW = 0
[  196.750937] Data abort info:
[  196.751312]   ISV = 0, ISS = 0x00000005
[  196.751644]   CM = 0, WnR = 0
[  196.752273] swapper pgtable: 4k pages, 48-bit VAs, pgdp=00000000412a6000
[  196.754104] [ffff000080000000] pgd=00000000bdff8003, pud=0000000000000000
[  196.756153] Internal error: Oops: 96000005 [#1] PREEMPT SMP
[  196.761512] Modules linked in:
[  196.764361] CPU: 4 PID: 493 Comm: python3 Not tainted 5.4.18 #2
[  196.770724] Hardware name: linux,dummy-virt (DT)
[  196.773551] pstate: 20000005 (nzCv daif -PAN -UAO)
[  196.774536] pc : __ip_local_out+0x80/0x158
[  196.774702] lr : ip_local_out+0x20/0x58
[  196.774915] sp : ffff800011f83a40
[  196.775061] x29: ffff800011f83a40 x28: 000000000000001a 
[  196.775344] x27: ffff800011f83d80 x26: 0000000000000011 
[  196.775529] x25: 0000000000000012 x24: ffff0000722e94a3 
[  196.775819] x23: ffff800011f83c30 x22: ffff800011963ac0 
[  196.776090] x21: ffff000079416b00 x20: ffff00007b31a640 
[  196.776486] x19: ffff00007a467000 x18: 0000000000000000 
[  196.776809] x17: 0000000000000000 x16: 0000000000000000 
[  196.777081] x15: 0000000000000000 x14: ffff00007a467000 
[  196.777379] x13: ffff800011f83e58 x12: 0000000000000000 
[  196.778841] x11: 0000ffffc07c1548 x10: 0000000000000000 
[  196.780016] x9 : ffff000078098000 x8 : ffff800011f83c30 
[  196.783589] x7 : 0000000000000000 x6 : 00000000000066e3 
[  196.787762] x5 : ffff000080000000 x4 : ffff0004722e9420 
[  196.788054] x3 : 01d974210c83727d x2 : 0140a1baad001184 
[  196.788628] x1 : ffff0000722e9410 x0 : 0000000000000000 
[  196.791283] Call trace:
[  196.791911]  __ip_local_out+0x80/0x158
[  196.793284]  ip_local_out+0x20/0x58
[  196.793610]  ip_send_skb+0x1c/0xa8
[  196.793890]  udp_send_skb.isra.0+0x11c/0x368
[  196.794726]  udp_sendmsg+0x710/0x860
[  196.794860]  inet_sendmsg+0x40/0x68
[  196.794985]  __sys_sendto+0xd4/0x150
[  196.795153]  __arm64_sys_sendto+0x24/0x30
[  196.795503]  el0_svc_common.constprop.0+0x68/0x160
[  196.798486]  el0_svc_handler+0x20/0x80
[  196.798739]  el0_svc+0x8/0xc
[  196.800225] Code: ab000062 8b040824 9a000063 d503201f (b84044a0) 
[  196.804010] ---[ end trace aae463bd86244f44 ]---
