[  194.542906] kernel BUG at arch/arm64/kernel/traps.c:405!
[  194.550959] Internal error: Oops - BUG: 0 [#1] PREEMPT SMP
[  194.553620] Modules linked in:
[  194.560374] CPU: 5 PID: 496 Comm: python3 Not tainted 5.4.18 #2
[  194.561420] Hardware name: linux,dummy-virt (DT)
[  194.563261] pstate: 00000005 (nzcv daif -PAN -UAO)
[  194.568658] pc : do_undefinstr+0x2ec/0x310
[  194.569357] lr : do_undefinstr+0x1e0/0x310
[  194.570306] sp : ffff800011ceb9c0
[  194.570887] x29: ffff800011ceb9c0 x28: ffff00007a44f000 
[  194.571926] x27: ffff800011cebd80 x26: 0000000000000011 
[  194.573458] x25: 0000000000000012 x24: 0000000000000000 
[  194.575531] x23: 0000000080000005 x22: ffff800010baa4fc 
[  194.576405] x21: ffff800011cebb60 x20: ffff00007a44f000 
[  194.577059] x19: ffff800011ceba20 x18: 0000000000000000 
[  194.577709] x17: 0000000000000000 x16: 0000000000000000 
[  194.578993] x15: 0000000000000000 x14: 0000000000000000 
[  194.579803] x13: 0000000000000000 x12: 0000000000000000 
[  194.580611] x11: 0000000000000000 x10: 0000000000000000 
[  194.581487] x9 : 0000000000400100 x8 : ffff00007a44f000 
[  194.582280] x7 : 0000ffffb0a5add0 x6 : ffff800011ceba18 
[  194.583029] x5 : 00000000d5300000 x4 : ffff8000117c51f0 
[  194.583767] x3 : 0000000080f00000 x2 : 0000000000000000 
[  194.584626] x1 : ffff00007a44f000 x0 : 0000000080000005 
[  194.586304] Call trace:
[  194.587073]  do_undefinstr+0x2ec/0x310
[  194.587722]  el1_undef+0x10/0x84
[  194.589065]  udp_sendmsg+0x7c/0x860
[  194.590451]  inet_sendmsg+0x40/0x68
[  194.591015]  __sys_sendto+0xd4/0x150
[  194.591549]  __arm64_sys_sendto+0x24/0x30
[  194.592141]  el0_svc_common.constprop.0+0x68/0x160
[  194.592856]  el0_svc_handler+0x20/0x80
[  194.593447]  el0_svc+0x8/0xc
[  194.595365] Code: f9401bf7 17ffff7c a9025bf5 f9001bf7 (d4210000) 
[  194.598907] ---[ end trace 9f52982a232413ad ]---
[  194.600735] note: python3[496] exited with preempt_count 1
[  194.706460] ------------[ cut here ]------------
[  194.715163] WARNING: CPU: 5 PID: 0 at kernel/rcu/tree.c:569 rcu_idle_enter+0x74/0x80
[  194.727114] Modules linked in:
[  194.733692] CPU: 5 PID: 0 Comm: swapper/5 Tainted: G      D           5.4.18 #2
[  194.736432] Hardware name: linux,dummy-virt (DT)
[  194.737538] pstate: 200003c5 (nzCv DAIF -PAN -UAO)
[  194.739409] pc : rcu_idle_enter+0x74/0x80
[  194.740077] lr : do_idle+0x200/0x288
[  194.744721] sp : ffff800011a6bf20
[  194.745960] x29: ffff800011a6bf20 x28: 0000000000000000 
[  194.748861] x27: 0000000000000000 x26: 0000000000000000 
[  194.749547] x25: 0000000000000000 x24: ffff8000117ba214 
[  194.750628] x23: ffff00007b0c5400 x22: ffff800011404ab8 
[  194.752426] x21: ffff8000117ba1f0 x20: 0000000000000005 
[  194.753784] x19: ffff8000117ba118 x18: 0000000000000010 
[  194.756953] x17: 0000000000000000 x16: 0000000000000000 
[  194.757583] x15: 0000000000000000 x14: 0000000000000000 
[  194.758891] x13: 0000000000000003 x12: 0000000000000000 
[  194.760582] x11: 0000000000000000 x10: 00000000000009c0 
[  194.762154] x9 : ffff800011a6be90 x8 : ffff00007b0c5e20 
[  194.764332] x7 : 0000000000000400 x6 : 000001233d17d73e 
[  194.764852] x5 : 00ffffffffffffff x4 : ffff80006c7af000 
[  194.765337] x3 : 4000000000000002 x2 : 4000000000000000 
[  194.766162] x1 : ffff800011406980 x0 : ffff00007dbb5980 
[  194.766777] Call trace:
[  194.767194]  rcu_idle_enter+0x74/0x80
[  194.768199]  do_idle+0x200/0x288
[  194.768325]  cpu_startup_entry+0x24/0x40
[  194.768511]  secondary_start_kernel+0x154/0x190
[  194.768889] ---[ end trace 9f52982a232413ae ]---
