[  193.231705] Unable to handle kernel paging request at virtual address 000000006401aa74
[  193.238041] Mem abort info:
[  193.239062]   ESR = 0x96000005
[  193.239879]   EC = 0x25: DABT (current EL), IL = 32 bits
[  193.240738]   SET = 0, FnV = 0
[  193.243537]   EA = 0, S1PTW = 0
[  193.244392] Data abort info:
[  193.244714]   ISV = 0, ISS = 0x00000005
[  193.245613]   CM = 0, WnR = 0
[  193.246224] user pgtable: 4k pages, 48-bit VAs, pgdp=00000000b6dc5000
[  193.247647] [000000006401aa74] pgd=00000000b5806003, pud=0000000000000000
[  193.263025] Internal error: Oops: 96000005 [#1] PREEMPT SMP
[  193.264991] Modules linked in:
[  193.268669] CPU: 6 PID: 493 Comm: python3 Not tainted 5.4.18 #2
[  193.269739] Hardware name: linux,dummy-virt (DT)
[  193.271738] pstate: 40000005 (nZcv daif -PAN -UAO)
[  193.274472] pc : udp_sendmsg+0xe4/0x860
[  193.276785] lr : inet_sendmsg+0x40/0x68
[  193.278648] sp : ffff800011f23b60
[  193.279285] x29: ffff800011f23b70 x28: 0000000000000012 
[  193.281072] x27: ffff800011f23d80 x26: 0000000000000011 
[  193.281959] x25: 0000000000000012 x24: ffff0000794f60c8 
[  193.283891] x23: 000000006401a8c0 x22: 0000000000000000 
[  193.288741] x21: ffff00007b367000 x20: ffff800010b762e8 
[  193.294155] x19: ffff0000794f5d80 x18: 0000000000000000 
[  193.295157] x17: 0000000000000000 x16: 0000000000000000 
[  193.295857] x15: 0000000000000000 x14: 0000000000000000 
[  193.298120] x13: 0000000000000000 x12: 0000000000000000 
[  193.299428] x11: 0000000000000000 x10: 0000000000000000 
[  193.300413] x9 : 0000000000400100 x8 : 0000000000000000 
[  193.302038] x7 : 0000ffffa0fc2e10 x6 : ffff800011f23de8 
[  193.302688] x5 : ffff800011f23de8 x4 : 0000000000000000 
[  193.303875] x3 : 0000000000000000 x2 : 00000000ffffffff 
[  193.306244] x1 : 0000000000000000 x0 : 0000000000000000 
[  193.307189] Call trace:
[  193.307831]  udp_sendmsg+0xe4/0x860
[  193.308829]  inet_sendmsg+0x40/0x68
[  193.309325]  __sys_sendto+0xd4/0x150
[  193.309627]  __arm64_sys_sendto+0x24/0x30
[  193.310255]  el0_svc_common.constprop.0+0x68/0x160
[  193.311204]  el0_svc_handler+0x20/0x80
[  193.311642]  el0_svc+0x8/0xc
[  193.313600] Code: 7944b268 79475a61 12800002 b9401663 (b941b6e9) 
[  193.317730] ---[ end trace c62a9246570db4c4 ]---
