[  193.827702] Unable to handle kernel paging request at virtual address ffff7fffd0b762e8
[  193.838014] Mem abort info:
[  193.838438]   ESR = 0x86000004
[  193.838836]   EC = 0x21: IABT (current EL), IL = 32 bits
[  193.839235]   SET = 0, FnV = 0
[  193.839507]   EA = 0, S1PTW = 0
[  193.840148] swapper pgtable: 4k pages, 48-bit VAs, pgdp=00000000412a6000
[  193.845473] [ffff7fffd0b762e8] pgd=0000000000000000
[  193.847920] Internal error: Oops: 86000004 [#1] PREEMPT SMP
[  193.853720] Modules linked in:
[  193.855536] CPU: 2 PID: 492 Comm: python3 Not tainted 5.4.18 #2
[  193.856004] Hardware name: linux,dummy-virt (DT)
[  193.857521] pstate: 20000005 (nzCv daif -PAN -UAO)
[  193.864304] pc : 0xffff7fffd0b762e8
[  193.869790] lr : __ip_append_data.isra.0+0x85c/0xc30
[  193.871094] sp : ffff800011f4b9e0
[  193.871543] x29: ffff800011f4b9e0 x28: ffff000078209730 
[  193.872156] x27: 000000000000001a x26: 0000000000000000 
[  193.873131] x25: ffff00007b22dd80 x24: ffff00007221b0c0 
[  193.873502] x23: ffff800011f4bd80 x22: 0000000000000000 
[  193.873984] x21: 0000000000000012 x20: 0000000000000000 
[  193.874572] x19: 0000000000000000 x18: 0000000000000000 
[  193.875233] x17: 0000000000000000 x16: 0000000000000000 
[  193.875974] x15: 0000000000000001 x14: 0000000000000000 
[  193.876423] x13: 0000000000000006 x12: 00000000c0a80164 
[  193.876793] x11: 0000000000000000 x10: 0000000000000068 
[  193.877163] x9 : 0000000000000000 x8 : ffff000079514b00 
[  193.877595] x7 : 0000000000000001 x6 : ffff7fffd0b762e8 
[  193.879673] x5 : ffff000079514b00 x4 : 0000000000000000 
[  193.881777] x3 : 0000000000000012 x2 : 0000000000000000 
[  193.882488] x1 : ffff000076dc022c x0 : ffff800011f4bd80 
[  193.883113] Call trace:
[  193.883390]  0xffff7fffd0b762e8
[  193.883666]  ip_make_skb+0xec/0x140
[  193.883880]  udp_sendmsg+0x6ec/0x860
[  193.884172]  inet_sendmsg+0x40/0x68
[  193.884436]  __sys_sendto+0xd4/0x150
[  193.884742]  __arm64_sys_sendto+0x24/0x30
[  193.885167]  el0_svc_common.constprop.0+0x68/0x160
[  193.885849]  el0_svc_handler+0x20/0x80
[  193.888507]  el0_svc+0x8/0xc
[  193.890709] Code: bad PC value
[  193.896236] ---[ end trace db12200c35f98478 ]---
