[  194.546641] Unable to handle kernel NULL pointer dereference at virtual address 0000000000000000
[  194.549130] Mem abort info:
[  194.549806]   ESR = 0x86000006
[  194.550451]   EC = 0x21: IABT (current EL), IL = 32 bits
[  194.551066]   SET = 0, FnV = 0
[  194.551660]   EA = 0, S1PTW = 0
[  194.554718] user pgtable: 4k pages, 48-bit VAs, pgdp=00000000b0a11000
[  194.557796] [0000000000000000] pgd=00000000b9728003, pud=00000000b2629003, pmd=0000000000000000
[  194.573046] Internal error: Oops: 86000006 [#1] PREEMPT SMP
[  194.580282] Modules linked in:
[  194.591878] CPU: 6 PID: 495 Comm: python3 Not tainted 5.4.18 #2
[  194.594913] Hardware name: linux,dummy-virt (DT)
[  194.597692] pstate: 20000005 (nzCv daif -PAN -UAO)
[  194.606396] pc : 0x0
[  194.610468] lr : __ip_append_data.isra.0+0x85c/0xc30
[  194.611080] sp : ffff800011d7b9e0
[  194.611484] x29: ffff800011d7b9e0 x28: ffff000079bec130 
[  194.612367] x27: 000000000000001a x26: 0000000000000000 
[  194.613414] x25: ffff00007b22a640 x24: ffff00007a9a8300 
[  194.613983] x23: ffff800011d7bd80 x22: 0000000000000000 
[  194.615020] x21: 0000000000000012 x20: 0000000000000000 
[  194.616660] x19: 0000000000000000 x18: 0000000000000000 
[  194.618629] x17: 0000000000000000 x16: 0000000000000000 
[  194.619224] x15: 0000000000000001 x14: 0000000000000000 
[  194.620564] x13: 0000000000000006 x12: 00000000c0a80164 
[  194.621156] x11: 0000000000000000 x10: 0000000000000068 
[  194.621665] x9 : 0000000000000000 x8 : ffff00007aa5d200 
[  194.622931] x7 : 0000000000000001 x6 : 0000000000000000 
[  194.624539] x5 : ffff00007aa5d200 x4 : 0000000000000000 
[  194.625178] x3 : 0000000000000012 x2 : 0000000000000000 
[  194.626635] x1 : ffff00007829f22c x0 : ffff800011d7bd80 
[  194.631924] Call trace:
[  194.636139]  0x0
[  194.638357]  ip_make_skb+0xec/0x140
[  194.640821]  udp_sendmsg+0x6ec/0x860
[  194.647321]  inet_sendmsg+0x40/0x68
[  194.654151]  __sys_sendto+0xd4/0x150
[  194.655723]  __arm64_sys_sendto+0x24/0x30
[  194.656867]  el0_svc_common.constprop.0+0x68/0x160
[  194.658386]  el0_svc_handler+0x20/0x80
[  194.659328]  el0_svc+0x8/0xc
[  194.667982] Code: bad PC value
[  194.674997] ---[ end trace e190660a1ce9b07d ]---
