[  193.538751] Unable to handle kernel paging request at virtual address 0000000010b762e8
[  193.558168] Mem abort info:
[  193.564143]   ESR = 0x86000006
[  193.573584]   EC = 0x21: IABT (current EL), IL = 32 bits
[  193.576305]   SET = 0, FnV = 0
[  193.577041]   EA = 0, S1PTW = 0
[  193.578555] user pgtable: 4k pages, 48-bit VAs, pgdp=00000000b83fb000
[  193.582649] [0000000010b762e8] pgd=00000000b5fc9003, pud=00000000b24b7003, pmd=0000000000000000
[  193.595638] Internal error: Oops: 86000006 [#1] PREEMPT SMP
[  193.596442] Modules linked in:
[  193.598114] CPU: 4 PID: 493 Comm: python3 Not tainted 5.4.18 #2
[  193.600058] Hardware name: linux,dummy-virt (DT)
[  193.601144] pstate: 20000005 (nzCv daif -PAN -UAO)
[  193.602352] pc : 0x10b762e8
[  193.604165] lr : __ip_append_data.isra.0+0x85c/0xc30
[  193.604540] sp : ffff8000121339e0
[  193.604851] x29: ffff8000121339e0 x28: ffff00007815dd30 
[  193.605320] x27: 000000000000001a x26: 0000000000000000 
[  193.605694] x25: ffff00007b3dea40 x24: ffff0000797e6000 
[  193.606092] x23: ffff800012133d80 x22: 0000000000000000 
[  193.607017] x21: 0000000000000012 x20: 0000000000000000 
[  193.607457] x19: 0000000000000000 x18: 0000000000000000 
[  193.607860] x17: 0000000000000000 x16: 0000000000000000 
[  193.608361] x15: 0000000000000001 x14: 0000000000000000 
[  193.608822] x13: 0000000000000006 x12: 00000000c0a80164 
[  193.609252] x11: 0000000000000000 x10: 0000000000000068 
[  193.609681] x9 : 0000000000000000 x8 : ffff000079652600 
[  193.610126] x7 : 0000000000000001 x6 : 0000000010b762e8 
[  193.610796] x5 : ffff000079652600 x4 : 0000000000000000 
[  193.611594] x3 : 0000000000000012 x2 : 0000000000000000 
[  193.612219] x1 : ffff0000797b0e2c x0 : ffff800012133d80 
[  193.613571] Call trace:
[  193.614064]  0x10b762e8
[  193.615222]  ip_make_skb+0xec/0x140
[  193.616623]  udp_sendmsg+0x6ec/0x860
[  193.618218]  inet_sendmsg+0x40/0x68
[  193.620734]  __sys_sendto+0xd4/0x150
[  193.624234]  __arm64_sys_sendto+0x24/0x30
[  193.626145]  el0_svc_common.constprop.0+0x68/0x160
[  193.627244]  el0_svc_handler+0x20/0x80
[  193.628074]  el0_svc+0x8/0xc
[  193.631164] Code: bad PC value
[  193.636235] ---[ end trace 6e51764329dbd2b9 ]---
