[  200.527753] Unable to handle kernel NULL pointer dereference at virtual address 0000000000000040
[  200.547485] Mem abort info:
[  200.548358]   ESR = 0x96000006
[  200.549253]   EC = 0x25: DABT (current EL), IL = 32 bits
[  200.554294]   SET = 0, FnV = 0
[  200.555344]   EA = 0, S1PTW = 0
[  200.555750] Data abort info:
[  200.556183]   ISV = 0, ISS = 0x00000006
[  200.562036]   CM = 0, WnR = 0
[  200.565855] user pgtable: 4k pages, 48-bit VAs, pgdp=00000000b3ea6000
[  200.566759] [0000000000000040] pgd=00000000b3e96003, pud=00000000b0f81003, pmd=0000000000000000
[  200.570628] Internal error: Oops: 96000006 [#1] PREEMPT SMP
[  200.571616] Modules linked in:
[  200.573554] CPU: 0 PID: 495 Comm: python3 Not tainted 5.4.18 #2
[  200.574075] Hardware name: linux,dummy-virt (DT)
[  200.577965] pstate: 80000005 (Nzcv daif -PAN -UAO)
[  200.585769] pc : dst_alloc+0x128/0x140
[  200.586668] lr : udp_sendmsg+0x294/0x860
[  200.587070] sp : ffff800011f93b30
[  200.587646] x29: ffff800011f93b30 x28: 000000000000001a 
[  200.588803] x27: ffff800011f93d80 x26: 0000000000000011 
[  200.589382] x25: 0000000000000012 x24: ffff00007abb2108 
[  200.589917] x23: 000000006401a8c0 x22: 0000000000000000 
[  200.590287] x21: ffff0000796ad400 x20: 0000000000000000 
[  200.590550] x19: 0000000000000000 x18: 0000000000000000 
[  200.591159] x17: 0000000000000000 x16: 0000000000000000 
[  200.591660] x15: 0000000000000000 x14: 0000000000000000 
[  200.594286] x13: 0000000000000001 x12: 0000000000000000 
[  200.595095] x11: 0000000000000001 x10: 00000000000009c0 
[  200.596343] x9 : ffff800011f938c0 x8 : ffff0000796ade20 
[  200.597850] x7 : ffff00007db46dc0 x6 : 0000000000000000 
[  200.598620] x5 : 0000000000000057 x4 : 0000000000000000 
[  200.599176] x3 : 0000000000000000 x2 : 0000000000000040 
[  200.599493] x1 : ffff0000796ad400 x0 : 0000000000000001 
[  200.600386] Call trace:
[  200.601981]  dst_alloc+0x128/0x140
[  200.602531]  udp_sendmsg+0x294/0x860
[  200.602958]  inet_sendmsg+0x40/0x68
[  200.603199]  __sys_sendto+0xd4/0x150
[  200.603434]  __arm64_sys_sendto+0x24/0x30
[  200.604076]  el0_svc_common.constprop.0+0x68/0x160
[  200.605228]  el0_svc_handler+0x20/0x80
[  200.605693]  el0_svc+0x8/0xc
[  200.607846] Code: 35ffffa1 d5033bbf 17fffee3 f9800051 (885f7c43) 
[  200.613738] ---[ end trace 320d9b62d1891583 ]---
