[ 2705.282328] Unable to handle kernel write to read-only memory at virtual address ffff800010baabd0
[ 2705.287200] Mem abort info:
[ 2705.287705]   ESR = 0x9600004e
[ 2705.292174]   EC = 0x25: DABT (current EL), IL = 32 bits
[ 2705.303200]   SET = 0, FnV = 0
[ 2705.306897]   EA = 0, S1PTW = 0
[ 2705.309451] Data abort info:
[ 2705.322506]   ISV = 0, ISS = 0x0000004e
[ 2705.330562]   CM = 0, WnR = 1
[ 2705.337455] swapper pgtable: 4k pages, 48-bit VAs, pgdp=00000000412a6000
[ 2705.340565] [ffff800010baabd0] pgd=00000000bdfff003, pud=00000000bdffe003, pmd=0040000040a00791
[ 2705.354484] Internal error: Oops: 9600004e [#1] PREEMPT SMP
[ 2705.355328] Modules linked in:
[ 2705.356783] CPU: 3 PID: 492 Comm: python3 Not tainted 5.4.18 #2
[ 2705.357294] Hardware name: linux,dummy-virt (DT)
[ 2705.358734] pstate: 80000005 (Nzcv daif -PAN -UAO)
[ 2705.359862] pc : dst_alloc+0x130/0x140
[ 2705.361193] lr : udp_sendmsg+0x294/0x860
[ 2705.362212] sp : ffff800011f2bb30
[ 2705.362536] x29: ffff800011f2bb30 x28: 000000000000001a 
[ 2705.364619] x27: ffff800011f2bd80 x26: 0000000000000011 
[ 2705.365765] x25: 0000000000000012 x24: ffff00007a962988 
[ 2705.367645] x23: 000000006401a8c0 x22: 0000000000000000 
[ 2705.370034] x21: ffff000071438000 x20: 0000000000000000 
[ 2705.370738] x19: ffff800010baab90 x18: 0000000000000000 
[ 2705.371057] x17: 0000000000000000 x16: 0000000000000000 
[ 2705.371378] x15: 0000000000000001 x14: 0000000000000000 
[ 2705.371771] x13: 0000000000000006 x12: 000000000000003c 
[ 2705.373181] x11: ffff000073f3f000 x10: 0000000000000000 
[ 2705.375216] x9 : ffff000072bd3540 x8 : 0000000000000028 
[ 2705.375774] x7 : ffff0000781d4000 x6 : 0000000022100000 
[ 2705.377936] x5 : 000000000000022a x4 : 0000000000000000 
[ 2705.378788] x3 : 00000000b5ffca76 x2 : ffff800010baabd0 
[ 2705.379731] x1 : ffff000071438000 x0 : 0000000000000001 
[ 2705.381772] Call trace:
[ 2705.383672]  dst_alloc+0x130/0x140
[ 2705.385364]  udp_sendmsg+0x294/0x860
[ 2705.388587]  inet_sendmsg+0x40/0x68
[ 2705.389360]  __sys_sendto+0xd4/0x150
[ 2705.390053]  __arm64_sys_sendto+0x24/0x30
[ 2705.390370]  el0_svc_common.constprop.0+0x68/0x160
[ 2705.390720]  el0_svc_handler+0x20/0x80
[ 2705.391583]  el0_svc+0x8/0xc
[ 2705.393695] Code: 17fffee3 f9800051 885f7c43 4b000063 (8801fc43) 
[ 2705.396142] ---[ end trace 7cef1fa7320dd45a ]---
