[  195.956445] kernel BUG at arch/arm64/kernel/traps.c:405!
[  195.966124] Internal error: Oops - BUG: 0 [#1] PREEMPT SMP
[  195.968570] Modules linked in:
[  195.973660] CPU: 7 PID: 494 Comm: python3 Not tainted 5.4.18 #2
[  195.974894] Hardware name: linux,dummy-virt (DT)
[  195.977496] pstate: 00000005 (nzcv daif -PAN -UAO)
[  195.980829] pc : do_undefinstr+0x2ec/0x310
[  195.981795] lr : do_undefinstr+0x1e0/0x310
[  195.982923] sp : ffff8000120fb9c0
[  195.983766] x29: ffff8000120fb9c0 x28: ffff0000739db800 
[  195.985012] x27: ffff8000120fbd80 x26: 0000000000000011 
[  195.986147] x25: 0000000000000012 x24: 0000000000000000 
[  195.987267] x23: 0000000040000005 x22: ffff800010baa4c4 
[  195.988101] x21: ffff8000120fbb60 x20: ffff0000739db800 
[  195.988874] x19: ffff8000120fba20 x18: 0000000000000000 
[  195.989852] x17: 0000000000000000 x16: 0000000000000000 
[  195.990871] x15: 0000000000000000 x14: 0000000000000000 
[  195.993012] x13: 0000000000000000 x12: 0000000000000000 
[  195.993337] x11: 0000000000000000 x10: 0000000000000000 
[  195.993714] x9 : 0000000000400100 x8 : ffff0000739db800 
[  195.994051] x7 : 0000ffff81d37e50 x6 : ffff8000120fba18 
[  195.994390] x5 : 00000000d5300000 x4 : ffff8000117c51f0 
[  195.994845] x3 : 00000000d6800000 x2 : 0000000000000000 
[  195.995367] x1 : ffff0000739db800 x0 : 0000000040000005 
[  195.997038] Call trace:
[  195.997813]  do_undefinstr+0x2ec/0x310
[  195.998671]  el1_undef+0x10/0x84
[  195.999086]  udp_sendmsg+0x44/0x860
[  195.999492]  inet_sendmsg+0x40/0x68
[  195.999894]  __sys_sendto+0xd4/0x150
[  196.000557]  __arm64_sys_sendto+0x24/0x30
[  196.001148]  el0_svc_common.constprop.0+0x68/0x160
[  196.001737]  el0_svc_handler+0x20/0x80
[  196.002303]  el0_svc+0x8/0xc
[  196.003795] Code: f9401bf7 17ffff7c a9025bf5 f9001bf7 (d4210000) 
[  196.006612] ---[ end trace 93ed62769f513280 ]---
[  196.007778] note: python3[494] exited with preempt_count 1
[  196.068024] ------------[ cut here ]------------
[  196.069855] WARNING: CPU: 7 PID: 0 at kernel/rcu/tree.c:569 rcu_idle_enter+0x74/0x80
[  196.070485] Modules linked in:
[  196.071628] CPU: 7 PID: 0 Comm: swapper/7 Tainted: G      D           5.4.18 #2
[  196.073264] Hardware name: linux,dummy-virt (DT)
[  196.074594] pstate: 200003c5 (nzCv DAIF -PAN -UAO)
[  196.076007] pc : rcu_idle_enter+0x74/0x80
[  196.077541] lr : do_idle+0x200/0x288
[  196.080608] sp : ffff800011a7bf20
[  196.082619] x29: ffff800011a7bf20 x28: 0000000000000000 
[  196.083621] x27: 0000000000000000 x26: 0000000000000000 
[  196.085409] x25: 0000000000000000 x24: ffff8000117ba214 
[  196.087335] x23: ffff00007b0c7000 x22: ffff800011404ab8 
[  196.088329] x21: ffff8000117ba1f0 x20: 0000000000000007 
[  196.090439] x19: ffff8000117ba118 x18: 0000000000000010 
[  196.094581] x17: 0000000000000000 x16: 0000000000000000 
[  196.095741] x15: 0000000000000293 x14: 0000000000000000 
[  196.096384] x13: 0000000000000002 x12: 0000000000000293 
[  196.096891] x11: 0000000000000001 x10: 00000000000009c0 
[  196.097834] x9 : ffff800011a7be90 x8 : ffff00007b0c7a20 
[  196.098901] x7 : 00000000000003fa x6 : 00000008dd55f401 
[  196.102552] x5 : 00ffffffffffffff x4 : ffff80006c7db000 
[  196.103445] x3 : 4000000000000002 x2 : 4000000000000000 
[  196.103723] x1 : ffff800011406980 x0 : ffff00007dbe1980 
[  196.103997] Call trace:
[  196.104168]  rcu_idle_enter+0x74/0x80
[  196.104421]  do_idle+0x200/0x288
[  196.104658]  cpu_startup_entry+0x24/0x40
[  196.109541]  secondary_start_kernel+0x154/0x190
[  196.109895] ---[ end trace 93ed62769f513281 ]---
