[  193.099099] Kernel panic - not syncing: stack-protector: Kernel stack is corrupted in: udp_sendmsg+0x858/0x860
[  193.110831] CPU: 0 PID: 491 Comm: python3 Not tainted 5.4.18 #2
[  193.112331] Hardware name: linux,dummy-virt (DT)
[  193.115728] Call trace:
[  193.118387]  dump_backtrace+0x0/0x140
[  193.119276]  show_stack+0x14/0x20
[  193.119925]  dump_stack+0xb4/0xf8
[  193.120808]  panic+0x158/0x324
[  193.121454]  __stack_chk_fail+0x1c/0x20
[  193.122071]  udp_sendmsg+0x858/0x860
[  193.122651]  inet_sendmsg+0x40/0x68
[  193.123341]  __sys_sendto+0xd4/0x150
[  193.124304]  __arm64_sys_sendto+0x24/0x30
[  193.124988]  el0_svc_common.constprop.0+0x68/0x160
[  193.125798]  el0_svc_handler+0x20/0x80
[  193.126398]  el0_svc+0x8/0xc
[  193.131801] SMP: stopping secondary CPUs
[  193.135649] Kernel Offset: disabled
[  193.137024] CPU features: 0x0002,20006000
[  193.137940] Memory Limit: none
[  193.143502] ---[ end Kernel panic - not syncing: stack-protector: Kernel stack is corrupted in: udp_sendmsg+0x858/0x860 ]---
