[  193.526539] Unable to handle kernel paging request at virtual address ffff800011f2c020
[  193.531959] Mem abort info:
[  193.532479]   ESR = 0x96000007
[  193.533083]   EC = 0x25: DABT (current EL), IL = 32 bits
[  193.533639]   SET = 0, FnV = 0
[  193.534035]   EA = 0, S1PTW = 0
[  193.534464] Data abort info:
[  193.535130]   ISV = 0, ISS = 0x00000007
[  193.535594]   CM = 0, WnR = 0
[  193.538255] swapper pgtable: 4k pages, 48-bit VAs, pgdp=00000000412a6000
[  193.539650] [ffff800011f2c020] pgd=00000000bdfff003, pud=00000000bdffe003, pmd=00000000ba908003, pte=0000000000000000
[  193.555751] Internal error: Oops: 96000007 [#1] PREEMPT SMP
[  193.559575] Modules linked in:
[  193.576573] CPU: 2 PID: 495 Comm: python3 Not tainted 5.4.18 #2
[  193.580100] Hardware name: linux,dummy-virt (DT)
[  193.582470] pstate: 60000005 (nZCv daif -PAN -UAO)
[  193.589298] pc : udp_sendmsg+0x150/0x860
[  193.590020] lr : udp_sendmsg+0x150/0x860
[  193.590351] sp : ffff800011f2bb60
[  193.590637] x29: ffff800011f2bb70 x28: 0000000000000012 
[  193.591132] x27: ffff800011f2bd80 x26: 0000000000000011 
[  193.591515] x25: 0000000000000012 x24: ffff00007a9ea548 
[  193.592014] x23: 000000006401a8c0 x22: 0000000000000000 
[  193.592401] x21: ffff000075a44600 x20: ffff800010b762e8 
[  193.592780] x19: ffff00007a9ea200 x18: 0000000000000000 
[  193.593159] x17: 0000000000000000 x16: 0000000000000000 
[  193.593542] x15: 0000000000000000 x14: 0000000000000000 
[  193.594002] x13: 0000000000000000 x12: 0000000000000000 
[  193.594387] x11: 0000000000000000 x10: 0000000000000000 
[  193.594765] x9 : 0000000000000000 x8 : 0000000000000000 
[  193.595146] x7 : 0000000000000000 x6 : ffff800011f2bde8 
[  193.595526] x5 : ffff800011f2bde8 x4 : 0000000000000000 
[  193.596760] x3 : 0000000000000000 x2 : 00000000ffffffff 
[  193.597173] x1 : 0000000000000000 x0 : 0000000000000001 
[  193.598735] Call trace:
[  193.600704]  udp_sendmsg+0x150/0x860
[  193.602686]  inet_sendmsg+0x40/0x68
[  193.603525]  __sys_sendto+0xd4/0x150
[  193.604493]  __arm64_sys_sendto+0x24/0x30
[  193.605170]  el0_svc_common.constprop.0+0x68/0x160
[  193.606443]  el0_svc_handler+0x20/0x80
[  193.607891]  el0_svc+0x8/0xc
[  193.610998] Code: b9408be4 f90063e0 b9008be4 97d6a787 (f94263e0) 
[  193.617261] ---[ end trace e91a0d628e05614c ]---
