[  195.717107] kernel BUG at arch/arm64/kernel/traps.c:405!
[  195.725215] Internal error: Oops - BUG: 0 [#1] PREEMPT SMP
[  195.726717] Modules linked in:
[  195.730536] CPU: 7 PID: 495 Comm: python3 Not tainted 5.4.18 #2
[  195.731169] Hardware name: linux,dummy-virt (DT)
[  195.732634] pstate: 00000005 (nzcv daif -PAN -UAO)
[  195.736925] pc : do_undefinstr+0x2ec/0x310
[  195.737373] lr : do_undefinstr+0x1e0/0x310
[  195.737807] sp : ffff800011efb9c0
[  195.738178] x29: ffff800011efb9c0 x28: ffff000079494600 
[  195.738872] x27: ffff800011efbd80 x26: 0000000000000011 
[  195.739333] x25: 0000000000000012 x24: 0000000000000000 
[  195.739772] x23: 0000000080000005 x22: ffff800010baa51c 
[  195.740209] x21: ffff800011efbb60 x20: ffff000079494600 
[  195.740645] x19: ffff800011efba20 x18: 0000000000000000 
[  195.741208] x17: 0000000000000000 x16: 0000000000000000 
[  195.741633] x15: 0000000000000000 x14: 0000000000000000 
[  195.742043] x13: 0000000000000000 x12: 0000000000000000 
[  195.742452] x11: 0000000000000000 x10: 0000000000000000 
[  195.742893] x9 : 0000000000400100 x8 : ffff000079494600 
[  195.743306] x7 : 0000ffff98ad6e10 x6 : ffff800011efba18 
[  195.743700] x5 : 00000000d5300000 x4 : ffff8000117c51f0 
[  195.744226] x3 : 00000000b9c00000 x2 : 0000000000000000 
[  195.744778] x1 : ffff000079494600 x0 : 0000000080000005 
[  195.745413] Call trace:
[  195.745605]  do_undefinstr+0x2ec/0x310
[  195.745813]  el1_undef+0x10/0x84
[  195.746088]  udp_sendmsg+0x9c/0x860
[  195.746222]  inet_sendmsg+0x40/0x68
[  195.746364]  __sys_sendto+0xd4/0x150
[  195.746489]  __arm64_sys_sendto+0x24/0x30
[  195.746705]  el0_svc_common.constprop.0+0x68/0x160
[  195.746858]  el0_svc_handler+0x20/0x80
[  195.746986]  el0_svc+0x8/0xc
[  195.747530] Code: f9401bf7 17ffff7c a9025bf5 f9001bf7 (d4210000) 
[  195.748572] ---[ end trace 1d93aefc5fc43ca0 ]---
[  195.749684] note: python3[495] exited with preempt_count 1
[  195.777765] ------------[ cut here ]------------
[  195.781526] WARNING: CPU: 7 PID: 0 at kernel/rcu/tree.c:569 rcu_idle_enter+0x74/0x80
[  195.795275] Modules linked in:
[  195.799731] CPU: 7 PID: 0 Comm: swapper/7 Tainted: G      D           5.4.18 #2
[  195.808466] Hardware name: linux,dummy-virt (DT)
[  195.813533] pstate: 200003c5 (nzCv DAIF -PAN -UAO)
[  195.815935] pc : rcu_idle_enter+0x74/0x80
[  195.817057] lr : do_idle+0x200/0x288
[  195.831123] sp : ffff800011a7bf20
[  195.837250] x29: ffff800011a7bf20 x28: 0000000000000000 
[  195.840694] x27: 0000000000000000 x26: 0000000000000000 
[  195.841195] x25: 0000000000000000 x24: ffff8000117ba214 
[  195.848765] x23: ffff00007b0c7000 x22: ffff800011404ab8 
[  195.852648] x21: ffff8000117ba1f0 x20: 0000000000000007 
[  195.856482] x19: ffff8000117ba118 x18: 0000000000000010 
[  195.857500] x17: 0000000000000000 x16: 0000000000000000 
[  195.859209] x15: 0000000000000000 x14: 0000000000000000 
[  195.860686] x13: 0000000000000002 x12: 0000000000000000 
[  195.868232] x11: 0000000000000000 x10: 00000000000009c0 
[  195.869437] x9 : ffff800011a7be90 x8 : ffff00007b0c7a20 
[  195.874220] x7 : 0000000000000400 x6 : 000000b84a44b800 
[  195.874984] x5 : ffff00007dbddd70 x4 : ffff00007b3e2b08 
[  195.879449] x3 : 4000000000000002 x2 : 4000000000000000 
[  195.881006] x1 : ffff800011406980 x0 : ffff00007dbe1980 
[  195.882106] Call trace:
[  195.884217]  rcu_idle_enter+0x74/0x80
[  195.884713]  do_idle+0x200/0x288
[  195.886293]  cpu_startup_entry+0x20/0x40
[  195.887826]  secondary_start_kernel+0x154/0x190
[  195.888437] ---[ end trace 1d93aefc5fc43ca1 ]---
