[  199.321732] Unable to handle kernel paging request at virtual address ffff800011ffc000
[  199.323712] Mem abort info:
[  199.326503]   ESR = 0x96000007
[  199.328283]   EC = 0x25: DABT (current EL), IL = 32 bits
[  199.342592]   SET = 0, FnV = 0
[  199.343449]   EA = 0, S1PTW = 0
[  199.351389] Data abort info:
[  199.356794]   ISV = 0, ISS = 0x00000007
[  199.358719]   CM = 0, WnR = 0
[  199.370581] swapper pgtable: 4k pages, 48-bit VAs, pgdp=00000000412a6000
[  199.378075] [ffff800011ffc000] pgd=00000000bdfff003, pud=00000000bdffe003, pmd=00000000ba953003, pte=0000000000000000
[  199.413783] Internal error: Oops: 96000007 [#1] PREEMPT SMP
[  199.415306] Modules linked in:
[  199.418400] CPU: 4 PID: 496 Comm: python3 Tainted: G        W         5.4.18 #2
[  199.424573] Hardware name: linux,dummy-virt (DT)
[  199.426388] pstate: 80000005 (Nzcv daif -PAN -UAO)
[  199.429281] pc : udp_sendmsg+0x718/0x860
[  199.430256] lr : udp_sendmsg+0x710/0x860
[  199.430965] sp : ffff800011ffbb60
[  199.431478] x29: ffff800011ffbb70 x28: 000000000000001a 
[  199.435342] x27: ffff800011ffbd80 x26: 0000000000000011 
[  199.438997] x25: 0000000000000012 x24: ffff00007b16fa48 
[  199.443795] x23: 000000006401a8c0 x22: 0000000000000000 
[  199.451219] x21: ffff000075a61c00 x20: 0000000000000000 
[  199.455673] x19: ffff00007b16f700 x18: 0000000000000000 
[  199.460725] x17: 0000000000000000 x16: 0000000000000000 
[  199.464022] x15: 0000000000000001 x14: 0000000000000000 
[  199.468590] x13: 0000000000000006 x12: 000000000000003c 
[  199.473930] x11: ffff000076c77000 x10: ffff000079b607c0 
[  199.474761] x9 : 0000000000001158 x8 : 0000000000000001 
[  199.475545] x7 : 0000000000004e20 x6 : 000004cfa0294284 
[  199.477044] x5 : 0000000000000073 x4 : 0000000000000000 
[  199.477489] x3 : 0000000000000001 x2 : ffff80006c741000 
[  199.477995] x1 : ffff000075a61c00 x0 : 0000000000000000 
[  199.478451] Call trace:
[  199.479056]  udp_sendmsg+0x718/0x860
[  199.479686]  inet_sendmsg+0x40/0x68
[  199.481605]  __sys_sendto+0xd4/0x150
[  199.483255]  __arm64_sys_sendto+0x24/0x30
[  199.485901]  el0_svc_common.constprop.0+0x68/0x160
[  199.488738]  el0_svc_handler+0x20/0x80
[  199.492415]  el0_svc+0x8/0xc
[  199.509344] Code: 910042c2 97fff9eb 2a0003f4 b9407ff6 (f94253e3) 
[  199.521071] ---[ end trace dc3e3f0f4563ac89 ]---
