[  193.592127] kernel BUG at arch/arm64/kernel/traps.c:405!
[  193.599161] Internal error: Oops - BUG: 0 [#1] PREEMPT SMP
[  193.601574] Modules linked in:
[  193.607066] CPU: 3 PID: 494 Comm: python3 Not tainted 5.4.18 #2
[  193.608106] Hardware name: linux,dummy-virt (DT)
[  193.611631] pstate: 00000005 (nzcv daif -PAN -UAO)
[  193.620915] pc : do_undefinstr+0x2ec/0x310
[  193.621778] lr : do_undefinstr+0x1e0/0x310
[  193.622519] sp : ffff800011f1b9c0
[  193.623134] x29: ffff800011f1b9c0 x28: ffff00007814c600 
[  193.624381] x27: ffff800011f1bd80 x26: 0000000000000011 
[  193.625213] x25: 0000000000000012 x24: 0000000000000000 
[  193.628206] x23: 0000000040000005 x22: ffff800010baa57c 
[  193.629273] x21: ffff800011f1bb60 x20: ffff00007814c600 
[  193.630124] x19: ffff800011f1ba20 x18: 0000000000000000 
[  193.631008] x17: 0000000000000000 x16: 0000000000000000 
[  193.631811] x15: 0000000000000000 x14: 0000000000000000 
[  193.632648] x13: 0000000000000000 x12: 0000000000000000 
[  193.633425] x11: 0000000000000000 x10: 0000000000000000 
[  193.634241] x9 : 0000000000000000 x8 : 0000000000000000 
[  193.635006] x7 : 0000000000000000 x6 : ffff800011f1ba18 
[  193.635752] x5 : 00000000d5300000 x4 : ffff8000117c51f0 
[  193.636560] x3 : 000000007b000000 x2 : 0000000000000000 
[  193.637311] x1 : ffff00007814c600 x0 : 0000000040000005 
[  193.638946] Call trace:
[  193.639710]  do_undefinstr+0x2ec/0x310
[  193.640424]  el1_undef+0x10/0x84
[  193.641313]  udp_sendmsg+0xfc/0x860
[  193.642511]  inet_sendmsg+0x40/0x68
[  193.644478]  __sys_sendto+0xd4/0x150
[  193.645136]  __arm64_sys_sendto+0x24/0x30
[  193.645785]  el0_svc_common.constprop.0+0x68/0x160
[  193.646483]  el0_svc_handler+0x20/0x80
[  193.647040]  el0_svc+0x8/0xc
[  193.649120] Code: f9401bf7 17ffff7c a9025bf5 f9001bf7 (d4210000) 
[  193.652609] ---[ end trace 350d669a7723efb6 ]---
[  193.654299] note: python3[494] exited with preempt_count 1
[  193.794954] ------------[ cut here ]------------
[  193.801440] WARNING: CPU: 3 PID: 0 at kernel/rcu/tree.c:569 rcu_idle_enter+0x74/0x80
[  193.803594] Modules linked in:
[  193.804548] CPU: 3 PID: 0 Comm: swapper/3 Tainted: G      D           5.4.18 #2
[  193.806568] Hardware name: linux,dummy-virt (DT)
[  193.808597] pstate: 20000085 (nzCv daIf -PAN -UAO)
[  193.812514] pc : rcu_idle_enter+0x74/0x80
[  193.814625] lr : do_idle+0x200/0x288
[  193.815167] sp : ffff800011a5bf20
[  193.815885] x29: ffff800011a5bf20 x28: 0000000000000000 
[  193.819481] x27: 0000000000000000 x26: 0000000000000000 
[  193.820780] x25: 0000000000000000 x24: ffff8000117ba214 
[  193.821352] x23: ffff00007b0c3800 x22: ffff800011404ab8 
[  193.821967] x21: ffff8000117ba1f0 x20: 0000000000000003 
[  193.822604] x19: ffff8000117ba118 x18: 0000000000000000 
[  193.824518] x17: 0000000000000000 x16: 0000000000000000 
[  193.826258] x15: 0000000000000000 x14: 0000000000000001 
[  193.829035] x13: 0000000000000001 x12: 0000000000000000 
[  193.830040] x11: 00000000000003b2 x10: 00000000000009c0 
[  193.832642] x9 : ffff800011a5be90 x8 : ffff00007b0c4220 
[  193.834730] x7 : 0000000000000003 x6 : 00000593e2e0149a 
[  193.837059] x5 : 00ffffffffffffff x4 : ffff80006c783000 
[  193.838599] x3 : 4000000000000002 x2 : 4000000000000000 
[  193.846669] x1 : ffff800011406980 x0 : ffff00007db89980 
[  193.849560] Call trace:
[  193.849794]  rcu_idle_enter+0x74/0x80
[  193.850974]  do_idle+0x200/0x288
[  193.851676]  cpu_startup_entry+0x24/0x40
[  193.852234]  secondary_start_kernel+0x154/0x190
[  193.853344] ---[ end trace 350d669a7723efb7 ]---
