[  193.236961] Unable to handle kernel NULL pointer dereference at virtual address 0000000000000008
[  193.246296] Mem abort info:
[  193.252296]   ESR = 0x96000006
[  193.257623]   EC = 0x25: DABT (current EL), IL = 32 bits
[  193.274282]   SET = 0, FnV = 0
[  193.276671]   EA = 0, S1PTW = 0
[  193.282864] Data abort info:
[  193.289206]   ISV = 0, ISS = 0x00000006
[  193.293340]   CM = 0, WnR = 0
[  193.296477] user pgtable: 4k pages, 48-bit VAs, pgdp=00000000b589b000
[  193.304488] [0000000000000008] pgd=00000000b041b003, pud=00000000b069c003, pmd=0000000000000000
[  193.327578] Internal error: Oops: 96000006 [#1] PREEMPT SMP
[  193.329657] Modules linked in:
[  193.338701] CPU: 3 PID: 493 Comm: python3 Not tainted 5.4.18 #2
[  193.344484] Hardware name: linux,dummy-virt (DT)
[  193.346240] pstate: 00000005 (nzcv daif -PAN -UAO)
[  193.353680] pc : udp_sendmsg+0x2ac/0x860
[  193.355728] lr : udp_sendmsg+0x3f4/0x860
[  193.357070] sp : ffff800011f2bcf0
[  193.359378] x29: ffff800011f2bb70 x28: ffff00007abe3800 
[  193.370200] x27: 0000000000000000 x26: 0000000000000000 
[  193.371908] x25: 0000000000000012 x24: ffff800011f2bdd8 
[  193.372947] x23: 0000fffff69fab38 x22: 0000000000000010 
[  193.374292] x21: ffff00007a9b3740 x20: 0000000000000012 
[  193.377606] x19: ffff800011f2bd80 x18: 0000000000000000 
[  193.380333] x17: 0000000000000000 x16: 0000000000000000 
[  193.382002] x15: 0000000000000001 x14: 0000000000000000 
[  193.386607] x13: 0000000000000006 x12: 000000000000003c 
[  193.389300] x11: ffff0000783a1000 x10: 0000000000000000 
[  193.390303] x9 : ffff000076d93d40 x8 : 0000000000000028 
[  193.391434] x7 : ffff0000739d0000 x6 : 0000000022100000 
[  193.391907] x5 : 000000000000002f x4 : 0000000000000000 
[  193.392302] x3 : 0000000000000000 x2 : ffff80006c783000 
[  193.392765] x1 : 0000000000000000 x0 : 0000000000000000 
[  193.393591] Call trace:
[  193.395627]  udp_sendmsg+0x2ac/0x860
[  193.398587]  do_mem_abort+0x3c/0x98
[  193.399016]  el1_da+0x1c/0x90
[  193.399666]  udp_sendmsg+0x2ac/0x860
[  193.408824] Code: 3101a69f 540000c0 f9413660 2a1403f9 (f9400400) 
[  193.421281] ---[ end trace 8e09997f732ef84f ]---
