[  192.591122] Unable to handle kernel paging request at virtual address 000000006401aa48
[  192.595147] Mem abort info:
[  192.597742]   ESR = 0x96000005
[  192.599434]   EC = 0x25: DABT (current EL), IL = 32 bits
[  192.602129]   SET = 0, FnV = 0
[  192.606704]   EA = 0, S1PTW = 0
[  192.607632] Data abort info:
[  192.615806]   ISV = 0, ISS = 0x00000005
[  192.618708]   CM = 0, WnR = 0
[  192.622880] user pgtable: 4k pages, 48-bit VAs, pgdp=00000000b8354000
[  192.629231] [000000006401aa48] pgd=00000000b6ca8003, pud=0000000000000000
[  192.651116] Internal error: Oops: 96000005 [#1] PREEMPT SMP
[  192.652424] Modules linked in:
[  192.653801] CPU: 0 PID: 495 Comm: python3 Not tainted 5.4.18 #2
[  192.654625] Hardware name: linux,dummy-virt (DT)
[  192.656641] pstate: 80000005 (Nzcv daif -PAN -UAO)
[  192.659487] pc : udp_sendmsg+0x314/0x860
[  192.660723] lr : udp_sendmsg+0x294/0x860
[  192.662962] sp : ffff800011f63b60
[  192.666531] x29: ffff800011f63b70 x28: 000000000000001a 
[  192.669114] x27: ffff800011f63d80 x26: 0000000000000011 
[  192.673873] x25: 0000000000000012 x24: ffff00007a889cc8 
[  192.683534] x23: 000000006401a8c0 x22: 0000000000000000 
[  192.687360] x21: ffff000078045870 x20: 0000000000000000 
[  192.692822] x19: ffff00007a889980 x18: 0000000000000000 
[  192.694166] x17: 0000000000000000 x16: 0000000000000000 
[  192.695515] x15: 0000000000000001 x14: 0000000000000000 
[  192.697243] x13: 0000000000000006 x12: 000000000000003c 
[  192.698211] x11: ffff000073712000 x10: ffff00007b2f27c0 
[  192.698795] x9 : 0000000000000c30 x8 : 0000000000000001 
[  192.699452] x7 : 0000000000004e20 x6 : 00000281882729d6 
[  192.699991] x5 : 0000000000000046 x4 : 0000000000000000 
[  192.701062] x3 : 0000000000000000 x2 : ffff80006c741000 
[  192.701599] x1 : ffff000078045400 x0 : 0000000000000000 
[  192.702876] Call trace:
[  192.703490]  udp_sendmsg+0x314/0x860
[  192.703926]  inet_sendmsg+0x40/0x68
[  192.704275]  __sys_sendto+0xd4/0x150
[  192.705639]  __arm64_sys_sendto+0x24/0x30
[  192.706203]  el0_svc_common.constprop.0+0x68/0x160
[  192.706908]  el0_svc_handler+0x20/0x80
[  192.707278]  el0_svc+0x8/0xc
[  192.711682] Code: b5000a80 2a1403f9 9402163f 9111c2b5 (f940c6e0) 
[  192.717546] ---[ end trace 73a4a45e24d2d93d ]---
