[  195.655583] Unable to handle kernel paging request at virtual address 000000006401a8c8
[  195.667900] Mem abort info:
[  195.672459]   ESR = 0x96000045
[  195.674780]   EC = 0x25: DABT (current EL), IL = 32 bits
[  195.686775]   SET = 0, FnV = 0
[  195.689814]   EA = 0, S1PTW = 0
[  195.690887] Data abort info:
[  195.700631]   ISV = 0, ISS = 0x00000045
[  195.705012]   CM = 0, WnR = 1
[  195.709736] user pgtable: 4k pages, 48-bit VAs, pgdp=00000000b17f1000
[  195.720180] [000000006401a8c8] pgd=00000000b1500003, pud=0000000000000000
[  195.735026] Internal error: Oops: 96000045 [#1] PREEMPT SMP
[  195.737385] Modules linked in:
[  195.740813] CPU: 3 PID: 492 Comm: python3 Not tainted 5.4.18 #2
[  195.741561] Hardware name: linux,dummy-virt (DT)
[  195.743484] pstate: 80000005 (Nzcv daif -PAN -UAO)
[  195.753040] pc : udp_sendmsg+0x6c0/0x860
[  195.755808] lr : udp_sendmsg+0x520/0x860
[  195.757860] sp : ffff80001213bb60
[  195.758928] x29: ffff80001213bb70 x28: 000000000000001a 
[  195.767907] x27: ffff80001213bd80 x26: 0000000000000011 
[  195.773829] x25: 0000000000000012 x24: ffff00007a4dc308 
[  195.779402] x23: 000000006401a8c0 x22: ffff80001213bc68 
[  195.789263] x21: ffff000079612a00 x20: ffff800010b762e8 
[  195.795354] x19: ffff00007a4dbfc0 x18: 0000000000000000 
[  195.799814] x17: 0000000000000000 x16: 0000000000000000 
[  195.802541] x15: 0000000000000001 x14: 0000000000000000 
[  195.808527] x13: 0000000000000006 x12: 00000000c0a80164 
[  195.810106] x11: 0000000000000000 x10: 0000000000000068 
[  195.814538] x9 : 0000000000000000 x8 : ffff80001213bc30 
[  195.817669] x7 : ffff00007b2b5240 x6 : 0000000000000001 
[  195.822566] x5 : 0000000000000000 x4 : 0000000000000000 
[  195.826671] x3 : 0000000000000000 x2 : 000000006e01a8c0 
[  195.827937] x1 : 0000000000000000 x0 : 000000006401a8c0 
[  195.834051] Call trace:
[  195.835032]  udp_sendmsg+0x6c0/0x860
[  195.840373]  inet_sendmsg+0x40/0x68
[  195.841750]  __sys_sendto+0xd4/0x150
[  195.842062]  __arm64_sys_sendto+0x24/0x30
[  195.842746]  el0_svc_common.constprop.0+0x68/0x160
[  195.843891]  el0_svc_handler+0x20/0x80
[  195.846195]  el0_svc+0x8/0xc
[  195.851410] Code: f94047e8 17fffec6 910423f6 f90003f6 (b9000ae1) 
[  195.864530] ---[ end trace 274db3a5bb3e43d2 ]---
