[  194.167061] kernel BUG at arch/arm64/kernel/traps.c:405!
[  194.176521] Internal error: Oops - BUG: 0 [#1] PREEMPT SMP
[  194.180438] Modules linked in:
[  194.185125] CPU: 1 PID: 492 Comm: python3 Not tainted 5.4.18 #2
[  194.186032] Hardware name: linux,dummy-virt (DT)
[  194.188746] pstate: 00000005 (nzcv daif -PAN -UAO)
[  194.196442] pc : do_undefinstr+0x2ec/0x310
[  194.197182] lr : do_undefinstr+0x1e0/0x310
[  194.197890] sp : ffff800011ef39c0
[  194.198477] x29: ffff800011ef39c0 x28: ffff000072578000 
[  194.199464] x27: ffff800011ef3d80 x26: 0000000000000011 
[  194.201438] x25: 0000000000000012 x24: 0000000000000000 
[  194.202658] x23: 0000000040000005 x22: ffff800010baa534 
[  194.204843] x21: ffff800011ef3b60 x20: ffff000072578000 
[  194.207601] x19: ffff800011ef3a20 x18: 0000000000000000 
[  194.210904] x17: 0000000000000000 x16: 0000000000000000 
[  194.212987] x15: 0000000000000000 x14: 0000000000000000 
[  194.214966] x13: 0000000000000000 x12: 0000000000000000 
[  194.215875] x11: 0000000000000000 x10: 0000000000000000 
[  194.216688] x9 : 0000000000400100 x8 : ffff000072578000 
[  194.217440] x7 : 0000ffffb5878e90 x6 : ffff800011ef3a18 
[  194.218509] x5 : 00000000d5300000 x4 : ffff8000117c51f0 
[  194.224907] x3 : 0000000054000000 x2 : 0000000000000000 
[  194.226075] x1 : ffff000072578000 x0 : 0000000040000005 
[  194.228608] Call trace:
[  194.230296]  do_undefinstr+0x2ec/0x310
[  194.232145]  el1_undef+0x10/0x84
[  194.232916]  udp_sendmsg+0xb4/0x860
[  194.233625]  inet_sendmsg+0x40/0x68
[  194.234696]  __sys_sendto+0xd4/0x150
[  194.235769]  __arm64_sys_sendto+0x24/0x30
[  194.237219]  el0_svc_common.constprop.0+0x68/0x160
[  194.239332]  el0_svc_handler+0x20/0x80
[  194.240307]  el0_svc+0x8/0xc
[  194.242388] Code: f9401bf7 17ffff7c a9025bf5 f9001bf7 (d4210000) 
[  194.244890] ---[ end trace 8e65c1c11dcc53a7 ]---
[  194.246607] note: python3[492] exited with preempt_count 1
[  194.343425] ------------[ cut here ]------------
[  194.345608] WARNING: CPU: 1 PID: 0 at kernel/rcu/tree.c:569 rcu_idle_enter+0x74/0x80
[  194.351726] Modules linked in:
[  194.358815] CPU: 1 PID: 0 Comm: swapper/1 Tainted: G      D           5.4.18 #2
[  194.367835] Hardware name: linux,dummy-virt (DT)
[  194.371940] pstate: 200003c5 (nzCv DAIF -PAN -UAO)
[  194.374423] pc : rcu_idle_enter+0x74/0x80
[  194.375066] lr : do_idle+0x200/0x288
[  194.375585] sp : ffff800011a4bf20
[  194.378846] x29: ffff800011a4bf20 x28: 0000000000000000 
[  194.379179] x27: 0000000000000000 x26: 0000000000000000 
[  194.379891] x25: 0000000000000000 x24: ffff8000117ba214 
[  194.383268] x23: ffff00007b0c1c00 x22: ffff800011404ab8 
[  194.383939] x21: ffff8000117ba1f0 x20: 0000000000000001 
[  194.384590] x19: ffff8000117ba118 x18: 0000000000000010 
[  194.386409] x17: 0000000000000000 x16: 0000000000000000 
[  194.392732] x15: 00000000000001cb x14: 0000000000000000 
[  194.394194] x13: 0000000000000003 x12: 00000000000001cb 
[  194.399138] x11: 0000000000000001 x10: 00000000000009c0 
[  194.399936] x9 : ffff800011a4be90 x8 : ffff00007b0c2620 
[  194.401182] x7 : 0000000000000400 x6 : 0000032ee08d6a5f 
[  194.403243] x5 : 00ffffffffffffff x4 : ffff80006c757000 
[  194.409451] x3 : 4000000000000002 x2 : 4000000000000000 
[  194.412030] x1 : ffff800011406980 x0 : ffff00007db5d980 
[  194.413268] Call trace:
[  194.413555]  rcu_idle_enter+0x74/0x80
[  194.415453]  do_idle+0x200/0x288
[  194.416167]  cpu_startup_entry+0x24/0x40
[  194.416976]  secondary_start_kernel+0x154/0x190
[  194.419889] ---[ end trace 8e65c1c11dcc53a8 ]---
