[  197.005116] Unable to handle kernel NULL pointer dereference at virtual address 0000000000000018
[  197.018571] Mem abort info:
[  197.018929]   ESR = 0x96000006
[  197.019294]   EC = 0x25: DABT (current EL), IL = 32 bits
[  197.019682]   SET = 0, FnV = 0
[  197.019950]   EA = 0, S1PTW = 0
[  197.020239] Data abort info:
[  197.020469]   ISV = 0, ISS = 0x00000006
[  197.020723]   CM = 0, WnR = 0
[  197.021195] user pgtable: 4k pages, 48-bit VAs, pgdp=00000000b42e1000
[  197.024530] [0000000000000018] pgd=00000000b2be1003, pud=00000000b6cc3003, pmd=0000000000000000
[  197.028459] Internal error: Oops: 96000006 [#1] PREEMPT SMP
[  197.029849] Modules linked in:
[  197.031085] CPU: 2 PID: 495 Comm: python3 Not tainted 5.4.18 #2
[  197.032243] Hardware name: linux,dummy-virt (DT)
[  197.036343] pstate: 40000005 (nZcv daif -PAN -UAO)
[  197.046893] pc : udp_sendmsg+0x12c/0x860
[  197.048639] lr : udp_sendmsg+0x11c/0x860
[  197.052841] sp : ffff800011e8bb60
[  197.054690] x29: ffff800011e8bb70 x28: 0000000000000012 
[  197.055554] x27: ffff800011e8bd80 x26: 0000000000000011 
[  197.065816] x25: 0000000000000012 x24: ffff00007b22e508 
[  197.068718] x23: 000000006401a8c0 x22: 0000000000000000 
[  197.073668] x21: ffff00007abc8e00 x20: ffff800010b762e8 
[  197.074502] x19: ffff00007b22e1c0 x18: 0000000000000000 
[  197.074799] x17: 0000000000000000 x16: 0000000000000000 
[  197.075114] x15: 0000000000000000 x14: 0000000000000000 
[  197.075522] x13: 0000000000000000 x12: 0000000000000000 
[  197.076040] x11: 0000000000000000 x10: 0000000000000000 
[  197.076751] x9 : 0000000000000000 x8 : 0000000000000000 
[  197.079042] x7 : 0000000000000000 x6 : ffff800011e8bde8 
[  197.080108] x5 : ffff800011e8bde8 x4 : 0000000000000000 
[  197.080863] x3 : ffff800011e8bca0 x2 : 00000000ffffffff 
[  197.081431] x1 : 0000000000000000 x0 : 0000000000000001 
[  197.083423] Call trace:
[  197.084054]  udp_sendmsg+0x12c/0x860
[  197.084533]  inet_sendmsg+0x40/0x68
[  197.084907]  __sys_sendto+0xd4/0x150
[  197.085344]  __arm64_sys_sendto+0x24/0x30
[  197.085773]  el0_svc_common.constprop.0+0x68/0x160
[  197.087572]  el0_svc_handler+0x20/0x80
[  197.091221]  el0_svc+0x8/0xc
[  197.094079] Code: f9417661 b9408be4 b4000120 910503e3 (39406022) 
[  197.100730] ---[ end trace c6647ae231e48b05 ]---
