[  193.364225] Unable to handle kernel paging request at virtual address ffff800000000000
[  193.365858] Mem abort info:
[  193.366248]   ESR = 0x86000006
[  193.366792]   EC = 0x21: IABT (current EL), IL = 32 bits
[  193.367380]   SET = 0, FnV = 0
[  193.367867]   EA = 0, S1PTW = 0
[  193.368943] swapper pgtable: 4k pages, 48-bit VAs, pgdp=00000000412a6000
[  193.369915] [ffff800000000000] pgd=00000000bdfff003, pud=00000000bdffe003, pmd=0000000000000000
[  193.373517] Internal error: Oops: 86000006 [#1] PREEMPT SMP
[  193.376361] Modules linked in:
[  193.380681] CPU: 6 PID: 494 Comm: python3 Not tainted 5.4.18 #2
[  193.381628] Hardware name: linux,dummy-virt (DT)
[  193.383488] pstate: 400002c5 (nZcv DaIF -PAN -UAO)
[  193.386772] pc : 0xffff800000000000
[  193.387441] lr : 0xffff800000000000
[  193.388046] sp : ffff800012113b80
[  193.388607] x29: ffff800012113c68 x28: 0000000000000012 
[  193.390954] x27: ffff800012113d80 x26: 0000000000000011 
[  193.392689] x25: 0000000000000012 x24: ffff00007ab31888 
[  193.393466] x23: 000000006401a8c0 x22: 0000000000000000 
[  193.394262] x21: ffff00007a9d5400 x20: ffff800010bb6f10 
[  193.395007] x19: ffff800012113cf0 x18: 0000000000000000 
[  193.395869] x17: 0000000000000000 x16: 0000000000000000 
[  193.396632] x15: 0000000000000000 x14: 0000000000000000 
[  193.397441] x13: 0000000000000000 x12: 0000000000000000 
[  193.399111] x11: 0000000000000000 x10: 0000000000000000 
[  193.400868] x9 : 0000000000000000 x8 : 0000000000000000 
[  193.401721] x7 : 0000000000000000 x6 : ffff800012113de8 
[  193.402495] x5 : 0000000000000000 x4 : 0000000000000002 
[  193.403247] x3 : 0000000000000000 x2 : 00000000ffffffff 
[  193.404081] x1 : ffff00007a9d5400 x0 : 0000000000000001 
[  193.406050] Call trace:
[  193.406965]  0xffff800000000000
[  193.409631] Code: bad PC value
[  193.411972] ---[ end trace 727a85588bc6abc1 ]---
[  193.585955] Unable to handle kernel NULL pointer dereference at virtual address 0000000000000000
[  193.588477] Mem abort info:
[  193.588668]   ESR = 0x96000004
[  193.588948]   EC = 0x25: DABT (current EL), IL = 32 bits
[  193.589413]   SET = 0, FnV = 0
[  193.589649]   EA = 0, S1PTW = 0
[  193.589805] Data abort info:
[  193.589971]   ISV = 0, ISS = 0x00000004
[  193.590289]   CM = 0, WnR = 0
[  193.590790] user pgtable: 4k pages, 48-bit VAs, pgdp=00000000b83ca000
[  193.591544] [0000000000000000] pgd=0000000000000000
[  193.601882] Internal error: Oops: 96000004 [#2] PREEMPT SMP
[  193.606806] Modules linked in:
[  193.613072] CPU: 2 PID: 494 Comm: python3 Tainted: G      D           5.4.18 #2
[  193.613930] Hardware name: linux,dummy-virt (DT)
[  193.614768] pstate: 60000005 (nZCv daif -PAN -UAO)
[  193.621838] pc : ip_mc_drop_socket+0x38/0xc0
[  193.624816] lr : ip_mc_drop_socket+0x30/0xc0
[  193.626996] sp : ffff800012113730
[  193.627702] x29: ffff800012113730 x28: ffff00007a9d5400 
[  193.629413] x27: ffff800012113d80 x26: 0000000000000011 
[  193.629925] x25: 0000000000000012 x24: ffff800011963ac0 
[  193.631185] x23: 0000000000000030 x22: ffff00007ab31540 
[  193.634613] x21: ffff00007ab31670 x20: ffff00007ab31540 
[  193.635459] x19: 0100000000000000 x18: 0000000000000000 
[  193.645555] x17: 0000000000000000 x16: 0000000000000000 
[  193.658977] x15: 00000000000000a7 x14: 00000000f0000000 
[  193.669516] x13: 000000000000000a x12: ffffffffffffffff 
[  193.673434] x11: ffff00007dbf0800 x10: 0000000000000000 
[  193.674691] x9 : 0000000000000010 x8 : ffff00007dbb8be8 
[  193.675020] x7 : 0000000044040000 x6 : 0000000000000000 
[  193.677449] x5 : 0000000000000000 x4 : 0000000000000000 
[  193.681887] x3 : ffff8000119651e0 x2 : ffff00007a9d5400 
[  193.683302] x1 : 0000000000000000 x0 : 0000000000000000 
[  193.684965] Call trace:
[  193.685346]  ip_mc_drop_socket+0x38/0xc0
[  193.686028]  inet_release+0x20/0x68
[  193.687138]  __sock_release+0x40/0xb8
[  193.687587]  sock_close+0x14/0x20
[  193.688093]  __fput+0x88/0x228
[  193.688409]  ____fput+0xc/0x18
[  193.688760]  task_work_run+0x80/0x130
[  193.689158]  do_exit+0x2dc/0x980
[  193.689568]  die+0x208/0x248
[  193.693827]  die_kernel_fault+0x60/0x70
[  193.695943]  __do_kernel_fault+0x84/0x120
[  193.697084]  do_translation_fault+0x40/0x78
[  193.698214]  do_mem_abort+0x3c/0x98
[  193.699125]  el1_da+0x1c/0x90
[  193.700572]  0xffff800000000000
[  193.712543] Code: f9401ad8 97fdce13 f94186d3 b4000353 (f9400260) 
[  193.715503] ---[ end trace 727a85588bc6abc2 ]---
[  193.721668] Fixing recursive fault but reboot is needed!
[  193.740376] ------------[ cut here ]------------
[  193.745441] WARNING: CPU: 2 PID: 494 at kernel/rcu/tree_plugin.h:293 rcu_note_context_switch+0x34/0x300
[  193.770699] Modules linked in:
[  193.777131] CPU: 2 PID: 494 Comm: python3 Tainted: G      D           5.4.18 #2
[  193.790832] Hardware name: linux,dummy-virt (DT)
[  193.802700] pstate: 20000085 (nzCv daIf -PAN -UAO)
[  193.813519] pc : rcu_note_context_switch+0x34/0x300
[  193.813946] lr : __schedule+0x9c/0x578
[  193.814245] sp : ffff800012113300
[  193.817904] x29: ffff800012113300 x28: ffff00007a9d5400 
[  193.819450] x27: ffff800012113d80 x26: 0000000000000011 
[  193.821427] x25: ffff00007a9d5400 x24: ffff800010c2fcd8 
[  193.822362] x23: ffff00007a9d5400 x22: ffff8000113fa018 
[  193.826003] x21: 0000000000000000 x20: ffff00007a9d5400 
[  193.829481] x19: ffff00007db73980 x18: 0000000000000010 
[  193.834195] x17: 0000000000000000 x16: 0000000000000000 
[  193.838448] x15: ffff00007a9d5870 x14: ffffffffffffffff 
[  193.839381] x13: ffff800092113157 x12: ffff80001211315f 
[  193.841520] x11: ffff8000117d2000 x10: ffff8000119925c0 
[  193.842457] x9 : 0000000000000000 x8 : ffff800011993000 
[  193.843188] x7 : ffff00007a9d5400 x6 : 00000000000001a3 
[  193.846228] x5 : 0000000000000000 x4 : 0000000000000000 
[  193.859877] x3 : ffff80006c76d000 x2 : ffff80006c76d000 
[  193.866420] x1 : 0000000000000001 x0 : 0000000000000001 
[  193.874103] Call trace:
[  193.875001]  rcu_note_context_switch+0x34/0x300
[  193.875591]  __schedule+0x9c/0x578
[  193.880757]  schedule+0x40/0xe0
[  193.881817]  do_exit+0x978/0x980
[  193.882611]  die+0x208/0x248
[  193.883233]  die_kernel_fault+0x60/0x70
[  193.886122]  __do_kernel_fault+0x84/0x120
[  193.891936]  do_page_fault+0x1b4/0x460
[  193.894731]  do_translation_fault+0x5c/0x78
[  193.900530]  do_mem_abort+0x3c/0x98
[  193.905545]  el1_da+0x1c/0x90
[  193.906411]  ip_mc_drop_socket+0x38/0xc0
[  193.908112]  inet_release+0x20/0x68
[  193.914143]  __sock_release+0x40/0xb8
[  193.915530]  sock_close+0x14/0x20
[  193.922273]  __fput+0x88/0x228
[  193.926211]  ____fput+0xc/0x18
[  193.926944]  task_work_run+0x80/0x130
[  193.931082]  do_exit+0x2dc/0x980
[  193.931612]  die+0x208/0x248
[  193.933536]  die_kernel_fault+0x60/0x70
[  193.939602]  __do_kernel_fault+0x84/0x120
[  193.943172]  do_translation_fault+0x40/0x78
[  193.943549]  do_mem_abort+0x3c/0x98
[  193.947754]  el1_da+0x1c/0x90
[  193.951390]  0xffff800000000000
[  193.959440] ---[ end trace 727a85588bc6abc3 ]---
