[  198.052855] Kernel panic - not syncing: stack-protector: Kernel stack is corrupted in: ipv4_sk_redirect+0xb8/0xb8
[  198.058592] CPU: 1 PID: 490 Comm: python3 Not tainted 5.4.18 #2
[  198.059825] Hardware name: linux,dummy-virt (DT)
[  198.063180] Call trace:
[  198.063988]  dump_backtrace+0x0/0x140
[  198.064830]  show_stack+0x14/0x20
[  198.065614]  dump_stack+0xb4/0xf8
[  198.066294]  panic+0x158/0x324
[  198.066907]  __stack_chk_fail+0x1c/0x20
[  198.067736]  ip_route_output_flow+0x0/0x18
[  198.068505]  inet_sendmsg+0x40/0x68
[  198.069246]  __sys_sendto+0xd4/0x150
[  198.069940]  __arm64_sys_sendto+0x24/0x30
[  198.070674]  el0_svc_common.constprop.0+0x68/0x160
[  198.071644]  el0_svc_handler+0x20/0x80
[  198.072355]  el0_svc+0x8/0xc
[  198.076387] SMP: stopping secondary CPUs
[  198.082866] Kernel Offset: disabled
[  198.084378] CPU features: 0x0002,20006000
[  198.085320] Memory Limit: none
[  198.091969] ---[ end Kernel panic - not syncing: stack-protector: Kernel stack is corrupted in: ipv4_sk_redirect+0xb8/0xb8 ]---
