[  195.398508] kernel BUG at net/netfilter/core.c:579!
[  195.405174] Internal error: Oops - BUG: 0 [#1] PREEMPT SMP
[  195.406224] Modules linked in:
[  195.408786] CPU: 4 PID: 495 Comm: python3 Not tainted 5.4.18 #2
[  195.409699] Hardware name: linux,dummy-virt (DT)
[  195.411576] pstate: 40000005 (nZcv daif -PAN -UAO)
[  195.413333] pc : nf_conntrack_destroy+0x3c/0x40
[  195.413574] lr : nf_conntrack_destroy+0x14/0x40
[  195.413804] sp : ffff80001213bb40
[  195.414046] x29: ffff80001213bb40 x28: 0000000000000012 
[  195.415068] x27: ffff80001213bd80 x26: 0000000000000011 
[  195.415747] x25: 0000000000000012 x24: ffff00007a923648 
[  195.416065] x23: 000000006401a8c0 x22: 0000000000000000 
[  195.416419] x21: ffff00007a930e00 x20: ffff800010b762e8 
[  195.416739] x19: 0000000000000000 x18: 0000000000000000 
[  195.417056] x17: 0000000000000000 x16: 0000000000000000 
[  195.417364] x15: 0000000000000000 x14: 0000000000000000 
[  195.417670] x13: 0000000000000000 x12: 0000000000000000 
[  195.417978] x11: 0000000000000000 x10: 0000000000000000 
[  195.418285] x9 : 000000006401a8c0 x8 : 0000000000000000 
[  195.418610] x7 : 0000000000000000 x6 : ffff80001213bde8 
[  195.418918] x5 : ffff80001213bde8 x4 : 0000000000000000 
[  195.419224] x3 : 0000000000000000 x2 : 0000000000000000 
[  195.419531] x1 : ffff00007a930e00 x0 : 0000000000000000 
[  195.420192] Call trace:
[  195.420537]  nf_conntrack_destroy+0x3c/0x40
[  195.420843]  __udp4_lib_rcv+0x870/0x898
[  195.421084]  inet_sendmsg+0x40/0x68
[  195.421309]  __sys_sendto+0xd4/0x150
[  195.421531]  __arm64_sys_sendto+0x24/0x30
[  195.421789]  el0_svc_common.constprop.0+0x68/0x160
[  195.422060]  el0_svc_handler+0x20/0x80
[  195.422295]  el0_svc+0x8/0xc
[  195.423893] Code: 97d7a9a5 f9400bf3 a8c27bfd d65f03c0 (d4210000) 
[  195.428607] ---[ end trace 7bab13db620c4b3b ]---
[  195.429249] note: python3[495] exited with preempt_count 1
[  195.501619] ------------[ cut here ]------------
[  195.503486] WARNING: CPU: 4 PID: 0 at kernel/rcu/tree.c:569 rcu_idle_enter+0x74/0x80
[  195.505422] Modules linked in:
[  195.506141] CPU: 4 PID: 0 Comm: swapper/4 Tainted: G      D           5.4.18 #2
[  195.507608] Hardware name: linux,dummy-virt (DT)
[  195.508791] pstate: 200003c5 (nzCv DAIF -PAN -UAO)
[  195.509593] pc : rcu_idle_enter+0x74/0x80
[  195.510098] lr : do_idle+0x200/0x288
[  195.510269] sp : ffff800011a63f20
[  195.510424] x29: ffff800011a63f20 x28: 0000000000000000 
[  195.511250] x27: 0000000000000000 x26: 0000000000000000 
[  195.511912] x25: 0000000000000000 x24: ffff8000117ba214 
[  195.515491] x23: ffff00007b0c4600 x22: ffff800011404ab8 
[  195.518827] x21: ffff8000117ba1f0 x20: 0000000000000004 
[  195.519383] x19: ffff8000117ba118 x18: 0000000000000010 
[  195.520240] x17: 0000000000000000 x16: 0000000000000000 
[  195.520872] x15: 0000000000000001 x14: 0000000000000000 
[  195.521417] x13: 0000000000000002 x12: 0000000000000001 
[  195.521825] x11: 0000000000000001 x10: 00000000000009c0 
[  195.522363] x9 : ffff800011a63e90 x8 : ffff00007b0c5020 
[  195.522674] x7 : 00000000000003da x6 : 00000957684b6e45 
[  195.524647] x5 : 00ffffffffffffff x4 : ffff80006c799000 
[  195.525273] x3 : 4000000000000002 x2 : 4000000000000000 
[  195.526263] x1 : ffff800011406980 x0 : ffff00007db9f980 
[  195.527345] Call trace:
[  195.527480]  rcu_idle_enter+0x74/0x80
[  195.527880]  do_idle+0x200/0x288
[  195.528064]  cpu_startup_entry+0x20/0x40
[  195.528234]  secondary_start_kernel+0x154/0x190
[  195.528477] ---[ end trace 7bab13db620c4b3c ]---
