[  193.615108] Kernel panic - not syncing: stack-protector: Kernel stack is corrupted in: udp_sendmsg+0x858/0x860
[  193.631701] CPU: 4 PID: 495 Comm: python3 Not tainted 5.4.18 #2
[  193.634818] Hardware name: linux,dummy-virt (DT)
[  193.637106] Call trace:
[  193.638406]  dump_backtrace+0x0/0x140
[  193.639201]  show_stack+0x14/0x20
[  193.639908]  dump_stack+0xb4/0xf8
[  193.640524]  panic+0x158/0x324
[  193.641046]  __stack_chk_fail+0x1c/0x20
[  193.641810]  udp_sendmsg+0x858/0x860
[  193.642453]  inet_sendmsg+0x40/0x68
[  193.643033]  __sys_sendto+0xd4/0x150
[  193.643713]  __arm64_sys_sendto+0x24/0x30
[  193.644381]  el0_svc_common.constprop.0+0x68/0x160
[  193.645078]  el0_svc_handler+0x20/0x80
[  193.645728]  el0_svc+0x8/0xc
[  193.650161] SMP: stopping secondary CPUs
[  193.654359] Kernel Offset: disabled
[  193.655582] CPU features: 0x0002,20006000
[  193.656448] Memory Limit: none
[  193.661962] ---[ end Kernel panic - not syncing: stack-protector: Kernel stack is corrupted in: udp_sendmsg+0x858/0x860 ]---
