[  192.891634] Unable to handle kernel NULL pointer dereference at virtual address 0000000000000000
[  192.895108] Mem abort info:
[  192.896071]   ESR = 0x96000006
[  192.896773]   EC = 0x25: DABT (current EL), IL = 32 bits
[  192.899548]   SET = 0, FnV = 0
[  192.906269]   EA = 0, S1PTW = 0
[  192.908381] Data abort info:
[  192.911015]   ISV = 0, ISS = 0x00000006
[  192.915143]   CM = 0, WnR = 0
[  192.932574] user pgtable: 4k pages, 48-bit VAs, pgdp=00000000b6f39000
[  192.944300] [0000000000000000] pgd=00000000b6d89003, pud=00000000b8056003, pmd=0000000000000000
[  192.955356] Internal error: Oops: 96000006 [#1] PREEMPT SMP
[  192.960182] Modules linked in:
[  192.967778] CPU: 4 PID: 496 Comm: python3 Not tainted 5.4.18 #2
[  192.969566] Hardware name: linux,dummy-virt (DT)
[  192.971839] pstate: 80000005 (Nzcv daif -PAN -UAO)
[  192.972569] pc : icmp_push_reply+0x24/0x148
[  192.973128] lr : __icmp_send+0x358/0x4b0
[  192.974909] sp : ffff800011f83b10
[  192.975452] x29: ffff800011f83b20 x28: 0000000000000012 
[  192.979196] x27: ffff800011f83d80 x26: 0000000000000011 
[  192.980119] x25: 0000000000000012 x24: ffff0000716f8788 
[  192.981807] x23: 000000006401a8c0 x22: 0000000000000000 
[  192.984667] x21: 0000000000000000 x20: 0000000000000000 
[  193.000988] x19: 00000000000000c0 x18: 0000000000000000 
[  193.009193] x17: 0000000000000000 x16: 0000000000000000 
[  193.016302] x15: 0000000000000000 x14: 0000000000000000 
[  193.019958] x13: 0000000000000000 x12: 0000000000000000 
[  193.024295] x11: 0000000000000000 x10: 0000000000000000 
[  193.028178] x9 : 000000006401a8c0 x8 : 0000000000000000 
[  193.031963] x7 : 0000000000000000 x6 : ffff800011f83de8 
[  193.035663] x5 : ffff800011f83de8 x4 : 0000000000000000 
[  193.038682] x3 : 0000000000000000 x2 : 0000000000000000 
[  193.041639] x1 : 0000000000000000 x0 : 00000000000000c0 
[  193.045230] Call trace:
[  193.049368]  icmp_push_reply+0x24/0x148
[  193.054070]  __icmp_send+0x358/0x4b0
[  193.061239]  inet_sendmsg+0x40/0x68
[  193.062965]  __sys_sendto+0xd4/0x150
[  193.065714]  __arm64_sys_sendto+0x24/0x30
[  193.067872]  el0_svc_common.constprop.0+0x68/0x160
[  193.073345]  el0_svc_handler+0x20/0x80
[  193.078744]  el0_svc+0x8/0xc
[  193.083774] Code: aa0303f4 a9035bf5 aa0103f5 aa0203f6 (f9400060) 
[  193.105982] ---[ end trace b805b2f36285b67d ]---
