[Errno 97] Address family not supported by protocol[  193.465795] Unable to handle kernel paging request at virtual address 00000000adf00000
[  193.468384] Mem abort info:
[  193.469120]   ESR = 0x96000005
[  193.471244]   EC = 0x25: DABT (current EL), IL = 32 bits
[  193.475961]   SET = 0, FnV = 0
[  193.476846]   EA = 0, S1PTW = 0
[  193.478107] Data abort info:
[  193.481410]   ISV = 0, ISS = 0x00000005
[  193.487038]   CM = 0, WnR = 0
[  193.490888] user pgtable: 4k pages, 48-bit VAs, pgdp=00000000b83af000
[  193.493475] [00000000adf00000] pgd=00000000b3689003, pud=0000000000000000
[  193.500898] Internal error: Oops: 96000005 [#1] PREEMPT SMP
[  193.504367] Modules linked in:
[  193.507637] CPU: 4 PID: 494 Comm: python3 Not tainted 5.4.18 #2
[  193.510277] Hardware name: linux,dummy-virt (DT)
[  193.511995] pstate: 20000005 (nzCv daif -PAN -UAO)
[  193.512782] pc : udp_sendmsg+0xa8/0x860
[  193.513509] lr : inet_sendmsg+0x40/0x68
[  193.514947] sp : ffff800011fc3b60
[  193.517152] x29: ffff800011fc3b70 x28: 0000000000000012 
[  193.518326] x27: ffff800011fc3d80 x26: 0000000000000011 
[  193.518521] x25: 0000000000000012 x24: ffff00006ec98348 
[  193.518700] x23: ffff800011fc3dd8 x22: 0000000000000000 
[  193.518880] x21: ffff000078318000 x20: ffff800010b762e8 
[  193.521368] x19: ffff00006ec98000 x18: 0000000000000000 
[  193.523188] x17: 0000000000000000 x16: 0000000000000000 
[  193.526892] x15: 0000000000000000 x14: 0000000000000000 
[  193.530295] x13: 0000000000000000 x12: 0000000000000000 
[  193.532157] x11: 0000000000000000 x10: 000000002c3288c3 
[  193.538377] x9 : ffff000078318000 x8 : 000000000c3d5800 
[  193.540478] x7 : 00000000adf00000 x6 : 00000000d9cda75f 
[  193.542698] x5 : 0000000000000000 x4 : 0000000000000000 
[  193.544439] x3 : ffff800010baa480 x2 : 0000000000000012 
[  193.544935] x1 : 0000000000000000 x0 : 0000000000000010 
[  193.546828] Call trace:
[  193.547543]  udp_sendmsg+0xa8/0x860
[  193.547857]  inet_sendmsg+0x40/0x68
[  193.548117]  __sys_sendto+0xd4/0x150
[  193.548370]  __arm64_sys_sendto+0x24/0x30
[  193.549258]  el0_svc_common.constprop.0+0x68/0x160
[  193.549727]  el0_svc_handler+0x20/0x80
[  193.551144]  el0_svc+0x8/0xc
[  193.552450] Code: b4001997 b9400b60 71003c1f 54003cc9 (794000e1) 
[  193.554201] ---[ end trace 0662966394f83cca ]---
