[  193.950206] Unable to handle kernel paging request at virtual address ffff800011f3c000
[  193.950653] Mem abort info:
[  193.950772]   ESR = 0x96000047
[  193.950946]   EC = 0x25: DABT (current EL), IL = 32 bits
[  193.951115]   SET = 0, FnV = 0
[  193.951238]   EA = 0, S1PTW = 0
[  193.951373] Data abort info:
[  193.951497]   ISV = 0, ISS = 0x00000047
[  193.951633]   CM = 0, WnR = 1
[  193.952787] swapper pgtable: 4k pages, 48-bit VAs, pgdp=00000000412a6000
[  193.956709] [ffff800011f3c000] pgd=00000000bdfff003, pud=00000000bdffe003, pmd=00000000ba92f003, pte=0000000000000000
[  193.963853] Internal error: Oops: 96000047 [#1] PREEMPT SMP
[  193.965630] Modules linked in:
[  193.969982] CPU: 5 PID: 495 Comm: python3 Not tainted 5.4.18 #2
[  193.975368] Hardware name: linux,dummy-virt (DT)
[  193.978198] pstate: 60000005 (nZCv daif -PAN -UAO)
[  193.979195] pc : udp_sendmsg+0x520/0x860
[  193.981304] lr : udp_sendmsg+0x520/0x860
[  193.983431] sp : ffff800011f3bb60
[  193.985830] x29: ffff800011f3bb70 x28: 0000000000000012 
[  193.987289] x27: ffff800011f3bd80 x26: 0000000000000011 
[  193.988196] x25: 0000000000000012 x24: ffff00007aae2108 
[  193.993026] x23: 000000006401a8c0 x22: 0000000000000000 
[  193.993207] x21: ffff00007a96aa00 x20: ffff800010b762e8 
[  193.993376] x19: ffff00007aae1dc0 x18: 0000000000000000 
[  193.993543] x17: 0000000000000000 x16: 0000000000000000 
[  193.995153] x15: 0000000000000001 x14: 0000000000000000 
[  193.995603] x13: 0000000000000006 x12: 00000000c0a80164 
[  193.996013] x11: 0000000000000000 x10: 0000000000000068 
[  193.996503] x9 : 0000000000000000 x8 : 0000000000000080 
[  193.999755] x7 : ffff800010eca190 x6 : 0000000000000001 
[  194.001872] x5 : 0000000000000000 x4 : 0000000000000001 
[  194.004022] x3 : ffff000073903040 x2 : 0000000000000002 
[  194.006292] x1 : 0000000000000000 x0 : ffff000073903000 
[  194.012272] Call trace:
[  194.014166]  udp_sendmsg+0x520/0x860
[  194.016383]  inet_sendmsg+0x40/0x68
[  194.017944]  __sys_sendto+0xd4/0x150
[  194.020128]  __arm64_sys_sendto+0x24/0x30
[  194.024074]  el0_svc_common.constprop.0+0x68/0x160
[  194.024716]  el0_svc_handler+0x20/0x80
[  194.026509]  el0_svc+0x8/0xc
[  194.027453] Code: f90077ff 790203e3 790207ea 97ff16bd (f90253e0) 
[  194.028925] ---[ end trace cd7dbe33e70eb348 ]---
