[  203.873681] Unable to handle kernel NULL pointer dereference at virtual address 0000000000000002
[  203.880879] Mem abort info:
[  203.883657]   ESR = 0x96000006
[  203.887696]   EC = 0x25: DABT (current EL), IL = 32 bits
[  203.893779]   SET = 0, FnV = 0
[  203.894549]   EA = 0, S1PTW = 0
[  203.895194] Data abort info:
[  203.896371]   ISV = 0, ISS = 0x00000006
[  203.897235]   CM = 0, WnR = 0
[  203.904017] user pgtable: 4k pages, 48-bit VAs, pgdp=00000000b29b8000
[  203.905655] [0000000000000002] pgd=00000000b2821003, pud=00000000b8150003, pmd=0000000000000000
[  203.922171] Internal error: Oops: 96000006 [#1] PREEMPT SMP
[  203.932345] Modules linked in:
[  203.939224] CPU: 4 PID: 494 Comm: python3 Not tainted 5.4.18 #2
[  203.941109] Hardware name: linux,dummy-virt (DT)
[  203.943557] pstate: 40000005 (nZcv daif -PAN -UAO)
[  203.944956] pc : udp_sendmsg+0xb8/0x860
[  203.948714] lr : inet_sendmsg+0x40/0x68
[  203.954652] sp : ffff800011db3b60
[  203.961188] x29: ffff800011db3b70 x28: 0000000000000012 
[  203.966218] x27: ffff800011db3d80 x26: 0000000000000011 
[  203.969214] x25: 0000000000000012 x24: ffff00007950c748 
[  203.976087] x23: ffff800011db3dd8 x22: 0000000000000000 
[  203.983162] x21: ffff00007a95aa00 x20: ffff800010b762e8 
[  203.984331] x19: ffff00007950c400 x18: 0000000000000000 
[  203.985570] x17: 0000000000000000 x16: 0000000000000000 
[  203.987074] x15: 0000000000000000 x14: 0000000000000000 
[  203.987702] x13: 0000000000000000 x12: 0000000000000000 
[  203.988745] x11: 0000000000000000 x10: 0000000000000000 
[  203.989545] x9 : 0000000000400100 x8 : ffff00007a95aa00 
[  203.991298] x7 : 0000ffffb89fbe50 x6 : ffff800011db3de8 
[  203.993590] x5 : ffff800011db3de8 x4 : 0000000000000002 
[  203.993914] x3 : ffff800010baa480 x2 : 0000000000000012 
[  203.994835] x1 : 0000000000000002 x0 : 000000000000fffd 
[  203.996417] Call trace:
[  203.997117]  udp_sendmsg+0xb8/0x860
[  203.997404]  inet_sendmsg+0x40/0x68
[  203.998892]  __sys_sendto+0xd4/0x150
[  203.999270]  __arm64_sys_sendto+0x24/0x30
[  203.999666]  el0_svc_common.constprop.0+0x68/0x160
[  204.000474]  el0_svc_handler+0x20/0x80
[  204.000842]  el0_svc+0x8/0xc
[  204.006293] Code: 794002e1 529fffa0 6a00003f 54003cc1 (794006c0) 
[  204.012426] ---[ end trace 89221d1c40e6d561 ]---
