[  196.244372] Unable to handle kernel paging request at virtual address 000003f497fff9eb
[  196.245642] Mem abort info:
[  196.246349]   ESR = 0x86000004
[  196.249021]   EC = 0x21: IABT (current EL), IL = 32 bits
[  196.255792]   SET = 0, FnV = 0
[  196.256483]   EA = 0, S1PTW = 0
[  196.258228] user pgtable: 4k pages, 48-bit VAs, pgdp=00000000b2820000
[  196.260581] [000003f497fff9eb] pgd=0000000000000000
[  196.272588] Internal error: Oops: 86000004 [#1] PREEMPT SMP
[  196.274514] Modules linked in:
[  196.281399] CPU: 5 PID: 494 Comm: python3 Not tainted 5.4.18 #2
[  196.284964] Hardware name: linux,dummy-virt (DT)
[  196.289737] pstate: 80000005 (Nzcv daif -PAN -UAO)
[  196.295227] pc : 0x3f497fff9eb
[  196.297211] lr : ip_setup_cork+0xf8/0x180
[  196.297387] sp : ffff8000120b3a90
[  196.297539] x29: ffff8000120b3a90 x28: ffff8000120b3b40 
[  196.297796] x27: 000000000000001a x26: ffff8000120b3d80 
[  196.297974] x25: ffff800010b762e8 x24: ffff000079669dc0 
[  196.298150] x23: 0000000000000000 x22: ffff8000120b3ae0 
[  196.298533] x21: ffff8000120b3ac0 x20: ffff8000120b3c08 
[  196.299972] x19: ffff8000120b3c68 x18: 0000000000000000 
[  196.300679] x17: 0000000000000000 x16: 0000000000000000 
[  196.301603] x15: 0000000000000001 x14: 0000000000000000 
[  196.303387] x13: 0000000000000006 x12: 00000000c0a80164 
[  196.304394] x11: 0000000000000000 x10: 0000000000000068 
[  196.307454] x9 : 0000000000000000 x8 : 0000000000000000 
[  196.308537] x7 : ffff8000120b3ac0 x6 : ffff8000120b3c08 
[  196.309495] x5 : 0000000000000008 x4 : 000000000000001a 
[  196.310413] x3 : ffff8000120b3ac0 x2 : ffff8000120b3c08 
[  196.314350] x1 : 2a0003f497fff9eb x0 : ffff8000120b3ae0 
[  196.321737] Call trace:
[  196.323404]  0x3f497fff9eb
[  196.325101]  ip_make_skb+0x78/0x140
[  196.326828]  udp_sendmsg+0x6ec/0x860
[  196.327573]  inet_sendmsg+0x40/0x68
[  196.328260]  __sys_sendto+0xd4/0x150
[  196.329041]  __arm64_sys_sendto+0x24/0x30
[  196.329881]  el0_svc_common.constprop.0+0x68/0x160
[  196.331540]  el0_svc_handler+0x20/0x80
[  196.332459]  el0_svc+0x8/0xc
[  196.333741] Code: bad PC value
[  196.336628] ---[ end trace 7a7a0ea9de637277 ]---
