[  193.085944] Unable to handle kernel NULL pointer dereference at virtual address 00000000000002e8
[  193.092853] Mem abort info:
[  193.093743]   ESR = 0x86000006
[  193.094382]   EC = 0x21: IABT (current EL), IL = 32 bits
[  193.095069]   SET = 0, FnV = 0
[  193.095669]   EA = 0, S1PTW = 0
[  193.098370] user pgtable: 4k pages, 48-bit VAs, pgdp=00000000b5e6a000
[  193.099590] [00000000000002e8] pgd=00000000b5d91003, pud=00000000baab9003, pmd=0000000000000000
[  193.117927] Internal error: Oops: 86000006 [#1] PREEMPT SMP
[  193.127727] Modules linked in:
[  193.138339] CPU: 4 PID: 493 Comm: python3 Not tainted 5.4.18 #2
[  193.143015] Hardware name: linux,dummy-virt (DT)
[  193.149548] pstate: 20000005 (nzCv daif -PAN -UAO)
[  193.161880] pc : 0x2e8
[  193.166498] lr : __ip_append_data.isra.0+0x85c/0xc30
[  193.168089] sp : ffff800011f739e0
[  193.168746] x29: ffff800011f739e0 x28: ffff0000781d0930 
[  193.173410] x27: 000000000000001a x26: 0000000000000000 
[  193.176615] x25: ffff00007b3d7700 x24: ffff000073d7f0c0 
[  193.178881] x23: ffff800011f73d80 x22: 0000000000000000 
[  193.182670] x21: 0000000000000012 x20: 0000000000000000 
[  193.185362] x19: 0000000000000000 x18: 0000000000000000 
[  193.193118] x17: 0000000000000000 x16: 0000000000000000 
[  193.204351] x15: 0000000000000001 x14: 0000000000000000 
[  193.206320] x13: 0000000000000006 x12: 00000000c0a80164 
[  193.209434] x11: 0000000000000000 x10: 0000000000000068 
[  193.217547] x9 : 0000000000000000 x8 : ffff00007aaba000 
[  193.224496] x7 : 0000000000000001 x6 : 00000000000002e8 
[  193.226679] x5 : ffff00007aaba000 x4 : 0000000000000000 
[  193.231472] x3 : 0000000000000012 x2 : 0000000000000000 
[  193.232369] x1 : ffff00006e41902c x0 : ffff800011f73d80 
[  193.242753] Call trace:
[  193.246721]  0x2e8
[  193.249154]  ip_make_skb+0xec/0x140
[  193.250558]  udp_sendmsg+0x6ec/0x860
[  193.251002]  inet_sendmsg+0x40/0x68
[  193.251269]  __sys_sendto+0xd4/0x150
[  193.253223]  __arm64_sys_sendto+0x24/0x30
[  193.253776]  el0_svc_common.constprop.0+0x68/0x160
[  193.257797]  el0_svc_handler+0x20/0x80
[  193.258328]  el0_svc+0x8/0xc
[  193.262089] Code: bad PC value
[  193.271352] ---[ end trace 54769d34ac6eee86 ]---
