[  193.778922] Unable to handle kernel paging request at virtual address 17ffff2d97fdf734
[  193.788566] Mem abort info:
[  193.790014]   ESR = 0x96000004
[  193.790979]   EC = 0x25: DABT (current EL), IL = 32 bits
[  193.791906]   SET = 0, FnV = 0
[  193.792535]   EA = 0, S1PTW = 0
[  193.796259] Data abort info:
[  193.801979]   ISV = 0, ISS = 0x00000004
[  193.805100]   CM = 0, WnR = 0
[  193.806161] [17ffff2d97fdf734] address between user and kernel address ranges
[  193.816754] Internal error: Oops: 96000004 [#1] PREEMPT SMP
[  193.821424] Modules linked in:
[  193.833775] CPU: 3 PID: 495 Comm: python3 Not tainted 5.4.18 #2
[  193.835010] Hardware name: linux,dummy-virt (DT)
[  193.837838] pstate: 60000005 (nZCv daif -PAN -UAO)
[  193.844917] pc : ip_setup_cork+0x3c/0x180
[  193.845693] lr : ip_setup_cork+0x124/0x180
[  193.846432] sp : ffff800011f4ba90
[  193.847016] x29: ffff800011f4ba90 x28: ffff800011f4bb40 
[  193.849466] x27: 000000000000001a x26: ffff800011f4bd80 
[  193.849765] x25: ffff800010b762e8 x24: ffff00007949aec0 
[  193.850042] x23: 17ffff2d97fdf71c x22: ffff000076f2a0c0 
[  193.850291] x21: ffff800011f4bc00 x20: ffff800010baaa48 
[  193.852736] x19: ffff800011f4bc68 x18: 0000000000000000 
[  193.853486] x17: 0000000000000000 x16: 0000000000000000 
[  193.854386] x15: 0000000000000001 x14: 0000000000000000 
[  193.858232] x13: 0000000000000006 x12: 00000000c0a80164 
[  193.860906] x11: 0000000000000000 x10: 0000000000000068 
[  193.861927] x9 : 0000000000000000 x8 : 0000000000000000 
[  193.864731] x7 : ffff800011f4bc00 x6 : ffff800010baaa48 
[  193.865507] x5 : 0000000000000008 x4 : ffff00007db8bf20 
[  193.865876] x3 : 000000000021cc03 x2 : 000000000021cb03 
[  193.871003] x1 : ffff00007b007c00 x0 : ffff0000717b2700 
[  193.873076] Call trace:
[  193.877628]  ip_setup_cork+0x3c/0x180
[  193.881410]  ip_make_skb+0x78/0x140
[  193.885233]  udp_sendmsg+0x6ec/0x860
[  193.891795]  inet_sendmsg+0x40/0x68
[  193.897322]  __sys_sendto+0xd4/0x150
[  193.898652]  __arm64_sys_sendto+0x24/0x30
[  193.901052]  el0_svc_common.constprop.0+0x68/0x160
[  193.902761]  el0_svc_handler+0x20/0x80
[  193.907746]  el0_svc+0x8/0xc
[  193.915419] Code: f9400c57 b4000197 f9400420 b4000640 (394062e2) 
[  193.940097] ---[ end trace 9de2e241d59ad05a ]---
