[  192.328436] Unable to handle kernel NULL pointer dereference at virtual address 00000000000000c1
[  192.343063] Mem abort info:
[  192.344486]   ESR = 0x96000006
[  192.345559]   EC = 0x25: DABT (current EL), IL = 32 bits
[  192.355483]   SET = 0, FnV = 0
[  192.356406]   EA = 0, S1PTW = 0
[  192.359719] Data abort info:
[  192.362275]   ISV = 0, ISS = 0x00000006
[  192.364563]   CM = 0, WnR = 0
[  192.369786] user pgtable: 4k pages, 48-bit VAs, pgdp=00000000b199f000
[  192.383792] [00000000000000c1] pgd=00000000b3e24003, pud=00000000b967a003, pmd=0000000000000000
[  192.395275] Internal error: Oops: 96000006 [#1] PREEMPT SMP
[  192.398004] Modules linked in:
[  192.402461] CPU: 1 PID: 494 Comm: python3 Not tainted 5.4.18 #2
[  192.403637] Hardware name: linux,dummy-virt (DT)
[  192.405901] pstate: 80000005 (Nzcv daif -PAN -UAO)
[  192.412397] pc : ip_setup_cork+0x2c/0x180
[  192.412852] lr : ip_make_skb+0x78/0x140
[  192.413232] sp : ffff800011fbba90
[  192.414158] x29: ffff800011fbba90 x28: ffff800011fbbb40 
[  192.415792] x27: 000000000000001a x26: ffff800011fbbd80 
[  192.416695] x25: ffff800010b762e8 x24: ffff00007aad2a80 
[  192.417896] x23: ffff800011fbbc30 x22: ffff000071990000 
[  192.418644] x21: ffff800011fbbc00 x20: 00000000000000a9 
[  192.419995] x19: ffff800011fbbc68 x18: 0000000000000000 
[  192.421433] x17: 0000000000000000 x16: 0000000000000000 
[  192.424237] x15: 0000000000000001 x14: 0000000000000000 
[  192.426120] x13: 0000000000000006 x12: 00000000c0a80164 
[  192.427095] x11: 0000000000000000 x10: 0000000000000068 
[  192.428367] x9 : 0000000000000000 x8 : 0000000000000000 
[  192.429481] x7 : ffff800011fbbc00 x6 : 00000000000000a9 
[  192.432782] x5 : 0000000000000008 x4 : 000000000000001a 
[  192.436206] x3 : ffff800011fbbc00 x2 : 00000000000000a9 
[  192.438428] x1 : ffff800011fbbc68 x0 : ffff00007aad2a80 
[  192.440022] Call trace:
[  192.440764]  ip_setup_cork+0x2c/0x180
[  192.441257]  ip_make_skb+0x78/0x140
[  192.443570]  udp_sendmsg+0x6ec/0x860
[  192.444588]  inet_sendmsg+0x40/0x68
[  192.445085]  __sys_sendto+0xd4/0x150
[  192.445852]  __arm64_sys_sendto+0x24/0x30
[  192.447631]  el0_svc_common.constprop.0+0x68/0x160
[  192.448144]  el0_svc_handler+0x20/0x80
[  192.448830]  el0_svc+0x8/0xc
[  192.452533] Code: aa0103f3 a90363f7 aa0203f4 aa0003f8 (f9400c57) 
[  192.472542] ---[ end trace 03ab9f5d97f760f9 ]---
