[  196.370007] Unable to handle kernel paging request at virtual address 000000006401a934
[  196.387761] Mem abort info:
[  196.388645]   ESR = 0x96000005
[  196.392334]   EC = 0x25: DABT (current EL), IL = 32 bits
[  196.396034]   SET = 0, FnV = 0
[  196.397697]   EA = 0, S1PTW = 0
[  196.399844] Data abort info:
[  196.401820]   ISV = 0, ISS = 0x00000005
[  196.403430]   CM = 0, WnR = 0
[  196.406277] user pgtable: 4k pages, 48-bit VAs, pgdp=00000000b125c000
[  196.406693] [000000006401a934] pgd=00000000b3826003, pud=0000000000000000
[  196.411782] Internal error: Oops: 96000005 [#1] PREEMPT SMP
[  196.414530] Modules linked in:
[  196.418171] CPU: 4 PID: 495 Comm: python3 Not tainted 5.4.18 #2
[  196.418607] Hardware name: linux,dummy-virt (DT)
[  196.419302] pstate: 00000005 (nzcv daif -PAN -UAO)
[  196.434044] pc : udp_sendmsg+0x538/0x860
[  196.435465] lr : udp_sendmsg+0x520/0x860
[  196.435661] sp : ffff800011f9bbf0
[  196.435805] x29: ffff800011f9bb70 x28: ffff000079661c00 
[  196.436075] x27: 0000000000000000 x26: 0000000000000000 
[  196.436502] x25: 0000000056000000 x24: ffff800011f9bdd8 
[  196.437207] x23: 0000fffffc5daad8 x22: 0000000000000010 
[  196.437762] x21: ffff0000794b9dc0 x20: 0000000000000012 
[  196.438359] x19: ffff800011f9bd80 x18: 0000000000000000 
[  196.438608] x17: 0000000000000000 x16: 0000000000000000 
[  196.438832] x15: 0000000000000001 x14: 0000000000000000 
[  196.439039] x13: 0000000000000006 x12: 00000000c0a80164 
[  196.439282] x11: 0000000000000000 x10: 0000000000000068 
[  196.439527] x9 : 0000000000000000 x8 : 0000000000000000 
[  196.439700] x7 : 000000006401a8c0 x6 : 0000000000000001 
[  196.439926] x5 : 0000000000000000 x4 : 0000000000000000 
[  196.440241] x3 : 0000fffffc5dab18 x2 : 000000006e01a8c0 
[  196.440482] x1 : 0000000000000000 x0 : 000000006401a8c0 
[  196.441852] Call trace:
[  196.442426]  udp_sendmsg+0x538/0x860
[  196.444970] Code: b9409be4 b140041f a9488fe8 54001388 (b9407401) 
[  196.448484] ---[ end trace f7f01f26dbaff586 ]---
