[  198.657259] kernel BUG at arch/arm64/kernel/traps.c:405!
[  198.660913] Internal error: Oops - BUG: 0 [#1] PREEMPT SMP
[  198.663042] Modules linked in:
[  198.666058] CPU: 5 PID: 495 Comm: python3 Not tainted 5.4.18 #2
[  198.667586] Hardware name: linux,dummy-virt (DT)
[  198.670308] pstate: 00000005 (nzcv daif -PAN -UAO)
[  198.671732] pc : do_undefinstr+0x2ec/0x310
[  198.672634] lr : do_undefinstr+0x1e0/0x310
[  198.673642] sp : ffff800011d5b9c0
[  198.674502] x29: ffff800011d5b9c0 x28: ffff000079640e00 
[  198.675853] x27: ffff800011d5bd80 x26: 0000000000000011 
[  198.676849] x25: 0000000000000012 x24: 0000000000000000 
[  198.678073] x23: 0000000040000005 x22: ffff800010baa4c4 
[  198.678563] x21: ffff800011d5bb60 x20: ffff000079640e00 
[  198.679197] x19: ffff800011d5ba20 x18: 0000000000000000 
[  198.679611] x17: 0000000000000000 x16: 0000000000000000 
[  198.680196] x15: 0000000000000000 x14: 0000000000000000 
[  198.680593] x13: 0000000000000000 x12: 0000000000000000 
[  198.680937] x11: 0000000000000000 x10: 0000000000000000 
[  198.681423] x9 : 0000000000400100 x8 : ffff000079640e00 
[  198.682234] x7 : 0000ffff9fdcee50 x6 : ffff800011d5ba18 
[  198.683245] x5 : 00000000d5300000 x4 : ffff8000117c51f0 
[  198.684088] x3 : 00000000c2800000 x2 : 0000000000000000 
[  198.684802] x1 : ffff000079640e00 x0 : 0000000040000005 
[  198.686112] Call trace:
[  198.686726]  do_undefinstr+0x2ec/0x310
[  198.687258]  el1_undef+0x10/0x84
[  198.687665]  udp_sendmsg+0x44/0x860
[  198.688066]  inet_sendmsg+0x40/0x68
[  198.688604]  __sys_sendto+0xd4/0x150
[  198.689092]  __arm64_sys_sendto+0x24/0x30
[  198.689508]  el0_svc_common.constprop.0+0x68/0x160
[  198.689994]  el0_svc_handler+0x20/0x80
[  198.690410]  el0_svc+0x8/0xc
[  198.691702] Code: f9401bf7 17ffff7c a9025bf5 f9001bf7 (d4210000) 
[  198.693705] ---[ end trace 456cf2f2210321f4 ]---
[  198.694336] note: python3[495] exited with preempt_count 1
[  198.775586] ------------[ cut here ]------------
[  198.776743] WARNING: CPU: 5 PID: 0 at kernel/rcu/tree.c:569 rcu_idle_enter+0x74/0x80
[  198.780222] Modules linked in:
[  198.782602] CPU: 5 PID: 0 Comm: swapper/5 Tainted: G      D           5.4.18 #2
[  198.784162] Hardware name: linux,dummy-virt (DT)
[  198.785965] pstate: 200003c5 (nzCv DAIF -PAN -UAO)
[  198.790096] pc : rcu_idle_enter+0x74/0x80
[  198.790659] lr : do_idle+0x200/0x288
[  198.791193] sp : ffff800011a6bf20
[  198.792380] x29: ffff800011a6bf20 x28: 0000000000000000 
[  198.792767] x27: 0000000000000000 x26: 0000000000000000 
[  198.795623] x25: 0000000000000000 x24: ffff8000117ba214 
[  198.796165] x23: ffff00007b0c5400 x22: ffff800011404ab8 
[  198.796715] x21: ffff8000117ba1f0 x20: 0000000000000005 
[  198.797299] x19: ffff8000117ba118 x18: 0000000000000010 
[  198.797708] x17: 0000000000000000 x16: 0000000000000000 
[  198.799422] x15: ffff000079641270 x14: 0000000000000000 
[  198.800279] x13: 0000000000000001 x12: 0000000000000001 
[  198.802645] x11: 0000000000000400 x10: 00000000000009c0 
[  198.802975] x9 : ffff800011a6be90 x8 : ffff00007b0c5e20 
[  198.803270] x7 : 0000000000000005 x6 : 0000000bd68a57f7 
[  198.803568] x5 : 00ffffffffffffff x4 : ffff80006c7af000 
[  198.803913] x3 : 4000000000000002 x2 : 4000000000000000 
[  198.804362] x1 : ffff800011406980 x0 : ffff00007dbb5980 
[  198.804739] Call trace:
[  198.804974]  rcu_idle_enter+0x74/0x80
[  198.807434]  do_idle+0x200/0x288
[  198.807930]  cpu_startup_entry+0x20/0x40
[  198.808299]  secondary_start_kernel+0x154/0x190
[  198.808717] ---[ end trace 456cf2f2210321f5 ]---
