[  193.300877] kernel BUG at arch/arm64/kernel/traps.c:405!
[  193.302003] Internal error: Oops - BUG: 0 [#1] PREEMPT SMP
[  193.302804] Modules linked in:
[  193.304136] CPU: 3 PID: 492 Comm: python3 Not tainted 5.4.18 #2
[  193.304849] Hardware name: linux,dummy-virt (DT)
[  193.308930] pstate: 00000005 (nzcv daif -PAN -UAO)
[  193.311138] pc : do_undefinstr+0x2ec/0x310
[  193.311942] lr : do_undefinstr+0x1e0/0x310
[  193.314068] sp : ffff800011d939c0
[  193.314899] x29: ffff800011d939c0 x28: ffff000079065400 
[  193.317116] x27: ffff800011d93d80 x26: 0000000000000000 
[  193.318400] x25: 0000000056000000 x24: 0000000000000000 
[  193.319309] x23: 0000000060000005 x22: ffff800010baa7c0 
[  193.321253] x21: ffff800011d93b60 x20: ffff000079065400 
[  193.322203] x19: ffff800011d93a20 x18: 0000000000000000 
[  193.324325] x17: 0000000000000000 x16: 0000000000000000 
[  193.326095] x15: 0000000000000001 x14: 0000000000000000 
[  193.327306] x13: 0000000000000006 x12: 000000000000003c 
[  193.328392] x11: ffff000075f10000 x10: 0000000000000000 
[  193.329614] x9 : ffff000076e0ed40 x8 : 0000000000000028 
[  193.330842] x7 : ffff000079afe000 x6 : ffff800011d93a18 
[  193.331749] x5 : 00000000d5300000 x4 : ffff8000117c51f0 
[  193.332690] x3 : 00000000a1400000 x2 : 0000000000000000 
[  193.333544] x1 : ffff000079065400 x0 : 0000000060000005 
[  193.335418] Call trace:
[  193.336335]  do_undefinstr+0x2ec/0x310
[  193.337105]  el1_undef+0x10/0x84
[  193.338249]  udp_sendmsg+0x340/0x860
[  193.339322]  __sys_sendto+0xd4/0x150
[  193.340585]  __arm64_sys_sendto+0x24/0x30
[  193.342780]  el0_svc_common.constprop.0+0x68/0x160
[  193.343562]  el0_svc_handler+0x20/0x80
[  193.344179]  el0_svc+0x8/0xc
[  193.346212] Code: f9401bf7 17ffff7c a9025bf5 f9001bf7 (d4210000) 
[  193.350771] ---[ end trace 5ce018de70369e6d ]---
[  193.352623] note: python3[492] exited with preempt_count 1
[  193.468975] ------------[ cut here ]------------
[  193.474389] WARNING: CPU: 3 PID: 0 at kernel/rcu/tree.c:569 rcu_idle_enter+0x74/0x80
[  193.477990] Modules linked in:
[  193.485093] CPU: 3 PID: 0 Comm: swapper/3 Tainted: G      D           5.4.18 #2
[  193.487307] Hardware name: linux,dummy-virt (DT)
[  193.490562] pstate: 200003c5 (nzCv DAIF -PAN -UAO)
[  193.496575] pc : rcu_idle_enter+0x74/0x80
[  193.497701] lr : do_idle+0x200/0x288
[  193.498201] sp : ffff800011a5bf20
[  193.500750] x29: ffff800011a5bf20 x28: 0000000000000000 
[  193.513411] x27: 0000000000000000 x26: 0000000000000000 
[  193.514785] x25: 0000000000000000 x24: ffff8000117ba214 
[  193.517528] x23: ffff00007b0c3800 x22: ffff800011404ab8 
[  193.519831] x21: ffff8000117ba1f0 x20: 0000000000000003 
[  193.521723] x19: ffff8000117ba118 x18: 0000000000000010 
[  193.526847] x17: 0000000000000000 x16: 0000000000000000 
[  193.531318] x15: 0000000000000000 x14: 0000000000000000 
[  193.535078] x13: 0000000000000002 x12: 0000000000000000 
[  193.538155] x11: 0000000000000000 x10: 00000000000009c0 
[  193.540211] x9 : ffff800011a5be90 x8 : ffff00007b0c4220 
[  193.541213] x7 : 00000000000003ea x6 : 00000462b9e47285 
[  193.544249] x5 : 00ffffffffffffff x4 : ffff80006c783000 
[  193.552867] x3 : 4000000000000002 x2 : 4000000000000000 
[  193.561497] x1 : ffff800011406980 x0 : ffff00007db89980 
[  193.562313] Call trace:
[  193.564255]  rcu_idle_enter+0x74/0x80
[  193.565801]  do_idle+0x200/0x288
[  193.567036]  cpu_startup_entry+0x20/0x40
[  193.570064]  secondary_start_kernel+0x154/0x190
[  193.574941] ---[ end trace 5ce018de70369e6e ]---
