[  228.098701] kernel BUG at arch/arm64/kernel/traps.c:405!
[  228.102094] Internal error: Oops - BUG: 0 [#1] PREEMPT SMP
[  228.103957] Modules linked in:
[  228.106903] CPU: 0 PID: 493 Comm: python3 Not tainted 5.4.18 #2
[  228.108622] Hardware name: linux,dummy-virt (DT)
[  228.112196] pstate: 00000005 (nzcv daif -PAN -UAO)
[  228.113885] pc : do_undefinstr+0x2ec/0x310
[  228.114842] lr : do_undefinstr+0x1e0/0x310
[  228.115739] sp : ffff800011fbb9c0
[  228.116482] x29: ffff800011fbb9c0 x28: ffff00007ab2f000 
[  228.118622] x27: ffff800011fbbd80 x26: 0000000000000011 
[  228.120255] x25: 0000000000000012 x24: 0000000000000000 
[  228.121238] x23: 0000000040000005 x22: ffff800010baa548 
[  228.122252] x21: ffff800011fbbb60 x20: ffff00007ab2f000 
[  228.123222] x19: ffff800011fbba20 x18: 0000000000000000 
[  228.124485] x17: 0000000000000000 x16: 0000000000000000 
[  228.126529] x15: 0000000000000000 x14: 0000000000000000 
[  228.127620] x13: 0000000000000000 x12: 0000000000000000 
[  228.128646] x11: 0000000000000000 x10: 0000000000000000 
[  228.129587] x9 : 0000000000400100 x8 : ffff00007ab2f000 
[  228.130533] x7 : 0000ffffaa328e50 x6 : ffff800011fbba18 
[  228.131359] x5 : 00000000d5300000 x4 : ffff8000117c51f0 
[  228.132248] x3 : 0000000052c00000 x2 : 0000000000000000 
[  228.133196] x1 : ffff00007ab2f000 x0 : 0000000040000005 
[  228.135325] Call trace:
[  228.136392]  do_undefinstr+0x2ec/0x310
[  228.137229]  el1_undef+0x10/0x84
[  228.138084]  udp_sendmsg+0xc8/0x860
[  228.138813]  inet_sendmsg+0x40/0x68
[  228.139512]  __sys_sendto+0xd4/0x150
[  228.140264]  __arm64_sys_sendto+0x24/0x30
[  228.141036]  el0_svc_common.constprop.0+0x68/0x160
[  228.142345]  el0_svc_handler+0x20/0x80
[  228.143765]  el0_svc+0x8/0xc
[  228.145851] Code: f9401bf7 17ffff7c a9025bf5 f9001bf7 (d4210000) 
[  228.148064] ---[ end trace afe1a4262ee71e71 ]---
[  228.150482] note: python3[493] exited with preempt_count 1
[  228.221769] ------------[ cut here ]------------
[  228.225366] WARNING: CPU: 0 PID: 0 at kernel/rcu/tree.c:569 rcu_idle_enter+0x74/0x80
[  228.226595] Modules linked in:
[  228.227553] CPU: 0 PID: 0 Comm: swapper/0 Tainted: G      D           5.4.18 #2
[  228.228509] Hardware name: linux,dummy-virt (DT)
[  228.228893] pstate: 200003c5 (nzCv DAIF -PAN -UAO)
[  228.229176] pc : rcu_idle_enter+0x74/0x80
[  228.229403] lr : do_idle+0x200/0x288
[  228.229675] sp : ffff8000117b3eb0
[  228.229952] x29: ffff8000117b3eb0 x28: 00000000412b0018 
[  228.230344] x27: 0000000000000000 x26: 0000000000000000 
[  228.231378] x25: 0000000000000000 x24: ffff8000117ba214 
[  228.231683] x23: ffff8000117c2d80 x22: ffff800011404ab8 
[  228.231947] x21: ffff8000117ba1f0 x20: 0000000000000000 
[  228.232207] x19: ffff8000117ba118 x18: 0000000000000010 
[  228.232471] x17: 0000000000000000 x16: 0000000000000000 
[  228.232732] x15: ffff00007ab2f470 x14: 0000000000000000 
[  228.232990] x13: 0000000000000001 x12: 0000000000000002 
[  228.233268] x11: 0000000000000400 x10: 00000000000009c0 
[  228.233881] x9 : ffff8000117b3e20 x8 : ffff8000117c37a0 
[  228.236082] x7 : 0000000000000000 x6 : 000003bc9d6b5fea 
[  228.237160] x5 : 00ffffffffffffff x4 : ffff80006c741000 
[  228.239685] x3 : 4000000000000002 x2 : 4000000000000000 
[  228.240397] x1 : ffff800011406980 x0 : ffff00007db47980 
[  228.240867] Call trace:
[  228.241183]  rcu_idle_enter+0x74/0x80
[  228.241529]  do_idle+0x200/0x288
[  228.241923]  cpu_startup_entry+0x24/0x40
[  228.242450]  rest_init+0xd4/0xe0
[  228.244234]  arch_call_rest_init+0xc/0x14
[  228.244638]  start_kernel+0x420/0x450
[  228.245092] ---[ end trace afe1a4262ee71e72 ]---
[  229.126712] ------------[ cut here ]------------
[  229.129337] kernel BUG at arch/arm64/kernel/traps.c:405!
[  229.131813] Internal error: Oops - BUG: 0 [#2] PREEMPT SMP
[  229.133420] Modules linked in:
[  229.134222] CPU: 5 PID: 261 Comm: systemd-timesyn Tainted: G      D W         5.4.18 #2
[  229.135902] Hardware name: linux,dummy-virt (DT)
[  229.138195] pstate: 00000005 (nzcv daif -PAN -UAO)
[  229.139419] pc : do_undefinstr+0x2ec/0x310
[  229.140117] lr : do_undefinstr+0x1e0/0x310
[  229.141159] sp : ffff800011db39c0
[  229.141356] x29: ffff800011db39c0 x28: ffff000079682a00 
[  229.142282] x27: ffff800011db3d80 x26: 0000000000000011 
[  229.142806] x25: 0000000000000030 x24: 0000000000000000 
[  229.144130] x23: 0000000040000005 x22: ffff800010baa548 
[  229.145041] x21: ffff800011db3b60 x20: ffff000079682a00 
[  229.145531] x19: ffff800011db3a20 x18: 0000000000000000 
[  229.146065] x17: 0000000000000000 x16: 0000000000000000 
[  229.148270] x15: 0000000000000000 x14: 0000000000000000 
[  229.149888] x13: 0000000000000000 x12: 0000000000000000 
[  229.151974] x11: 0000000000000000 x10: 0000000000000000 
[  229.153273] x9 : 0000000000400100 x8 : ffff000079682a00 
[  229.154210] x7 : 0000ffffd2fc8678 x6 : ffff800011db3a18 
[  229.155098] x5 : 00000000d5300000 x4 : ffff8000117c51f0 
[  229.156457] x3 : 0000000052c00000 x2 : 0000000000000000 
[  229.157031] x1 : ffff000079682a00 x0 : 0000000040000005 
[  229.157418] Call trace:
[  229.157652]  do_undefinstr+0x2ec/0x310
[  229.157997]  el1_undef+0x10/0x84
[  229.158294]  udp_sendmsg+0xc8/0x860
[  229.158535]  inet_sendmsg+0x40/0x68
[  229.159066]  __sys_sendto+0xd4/0x150
[  229.159702]  __arm64_sys_sendto+0x24/0x30
[  229.160432]  el0_svc_common.constprop.0+0x68/0x160
[  229.161207]  el0_svc_handler+0x20/0x80
[  229.161705]  el0_svc+0x8/0xc
[  229.162552] Code: f9401bf7 17ffff7c a9025bf5 f9001bf7 (d4210000) 
[  229.164487] ---[ end trace afe1a4262ee71e73 ]---
[  229.166840] note: systemd-timesyn[261] exited with preempt_count 1
