[  193.277178] Unable to handle kernel NULL pointer dereference at virtual address 0000000000000470
[  193.283349] Mem abort info:
[  193.283889]   ESR = 0x96000006
[  193.284468]   EC = 0x25: DABT (current EL), IL = 32 bits
[  193.284999]   SET = 0, FnV = 0
[  193.285354]   EA = 0, S1PTW = 0
[  193.287577] Data abort info:
[  193.288349]   ISV = 0, ISS = 0x00000006
[  193.289096]   CM = 0, WnR = 0
[  193.292187] user pgtable: 4k pages, 48-bit VAs, pgdp=00000000b161d000
[  193.299817] [0000000000000470] pgd=00000000b6e3f003, pud=00000000b5ffd003, pmd=0000000000000000
[  193.316827] Internal error: Oops: 96000006 [#1] PREEMPT SMP
[  193.324528] Modules linked in:
[  193.338553] CPU: 2 PID: 497 Comm: python3 Not tainted 5.4.18 #2
[  193.344715] Hardware name: linux,dummy-virt (DT)
[  193.346844] pstate: a0000005 (NzCv daif -PAN -UAO)
[  193.353454] pc : ip_make_skb+0x90/0x140
[  193.355268] lr : ip_make_skb+0x108/0x140
[  193.358539] sp : ffff800011f8ba20
[  193.365472] x29: ffff800011f8bae0 x28: ffff000079630600 
[  193.370077] x27: 0000000000000014 x26: ffff00007a406200 
[  193.373371] x25: ffff800000000000 x24: ffff00007a9590c0 
[  193.375014] x23: ffff800011f8bd80 x22: 0000000000000000 
[  193.379739] x21: 0000000000000012 x20: 0000000000000470 
[  193.387696] x19: 0000000000000000 x18: 0000000000000000 
[  193.392294] x17: 0000000000000000 x16: 0000000000000000 
[  193.394743] x15: 0000000000000001 x14: 0000000000000000 
[  193.396933] x13: 0000000000000006 x12: 00000000c0a80164 
[  193.403699] x11: 0000000000000000 x10: 0000000000000068 
[  193.406791] x9 : 0000000000000000 x8 : 0000000000000000 
[  193.413553] x7 : 0000000000000012 x6 : ffff0000781d1c3e 
[  193.419987] x5 : ffff0000781d1c3e x4 : 0000000000000000 
[  193.430483] x3 : 0000000000000012 x2 : ffff00007a406b30 
[  193.443447] x1 : ffff800011f8bd80 x0 : ffff800011f8bb40 
[  193.451134] Call trace:
[  193.461733]  ip_make_skb+0x90/0x140
[  193.465294]  udp_sendmsg+0x6ec/0x860
[  193.465876]  inet_sendmsg+0x40/0x68
[  193.473224]  __sys_sendto+0xd4/0x150
[  193.486842]  __arm64_sys_sendto+0x24/0x30
[  193.490016]  el0_svc_common.constprop.0+0x68/0x160
[  193.493125]  el0_svc_handler+0x20/0x80
[  193.494882]  el0_svc+0x8/0xc
[  193.501816] Code: 93407c08 a94673fb 9111c294 f94047e0 (f9400281) 
[  193.525158] ---[ end trace 61f1b30a9b0a11fb ]---
