[  199.700369] kernel BUG at arch/arm64/kernel/traps.c:405!
[  199.706066] Internal error: Oops - BUG: 0 [#1] PREEMPT SMP
[  199.708253] Modules linked in:
[  199.710336] CPU: 0 PID: 492 Comm: python3 Not tainted 5.4.18 #2
[  199.710796] Hardware name: linux,dummy-virt (DT)
[  199.711703] pstate: 00000005 (nzcv daif -PAN -UAO)
[  199.712238] pc : do_undefinstr+0x2ec/0x310
[  199.712685] lr : do_undefinstr+0x1e0/0x310
[  199.713015] sp : ffff800011f9b9c0
[  199.713318] x29: ffff800011f9b9c0 x28: ffff000079465400 
[  199.713796] x27: ffff800011f9bd80 x26: 0000000000000011 
[  199.714186] x25: 0000000000000012 x24: 0000000000000000 
[  199.714629] x23: 0000000080000005 x22: ffff800010baab3c 
[  199.715005] x21: ffff800011f9bb60 x20: ffff000079465400 
[  199.715401] x19: ffff800011f9ba20 x18: 0000000000000000 
[  199.715770] x17: 0000000000000000 x16: 0000000000000000 
[  199.716167] x15: 0000000000000001 x14: 0000000000000000 
[  199.716535] x13: 0000000000000006 x12: 00000000c0a80164 
[  199.716909] x11: 0000000000000000 x10: 0000000000000068 
[  199.717348] x9 : 0000000000000000 x8 : ffff800011f9bc30 
[  199.718022] x7 : ffff00007814a240 x6 : ffff800011f9ba18 
[  199.718343] x5 : 00000000d5300000 x4 : ffff8000117c51f0 
[  199.718647] x3 : 00000000fb000000 x2 : 0000000000000000 
[  199.719194] x1 : ffff000079465400 x0 : 0000000080000005 
[  199.720937] Call trace:
[  199.722139]  do_undefinstr+0x2ec/0x310
[  199.723253]  el1_undef+0x10/0x84
[  199.724332]  udp_sendmsg+0x6bc/0x860
[  199.725554]  inet_sendmsg+0x40/0x68
[  199.726517]  __sys_sendto+0xd4/0x150
[  199.727381]  __arm64_sys_sendto+0x24/0x30
[  199.728259]  el0_svc_common.constprop.0+0x68/0x160
[  199.729366]  el0_svc_handler+0x20/0x80
[  199.730180]  el0_svc+0x8/0xc
[  199.733761] Code: f9401bf7 17ffff7c a9025bf5 f9001bf7 (d4210000) 
[  199.738223] ---[ end trace ed27ae4d41861acb ]---
[  199.740886] note: python3[492] exited with preempt_count 1
[  199.812977] ------------[ cut here ]------------
[  199.814778] WARNING: CPU: 0 PID: 0 at kernel/rcu/tree.c:569 rcu_idle_enter+0x74/0x80
[  199.815377] Modules linked in:
[  199.816488] CPU: 0 PID: 0 Comm: swapper/0 Tainted: G      D           5.4.18 #2
[  199.817441] Hardware name: linux,dummy-virt (DT)
[  199.817876] pstate: 200003c5 (nzCv DAIF -PAN -UAO)
[  199.819505] pc : rcu_idle_enter+0x74/0x80
[  199.819873] lr : do_idle+0x200/0x288
[  199.820338] sp : ffff8000117b3eb0
[  199.820603] x29: ffff8000117b3eb0 x28: 00000000412b0018 
[  199.821110] x27: 0000000000000000 x26: 0000000000000000 
[  199.821711] x25: 0000000000000000 x24: ffff8000117ba214 
[  199.822153] x23: ffff8000117c2d80 x22: ffff800011404ab8 
[  199.822872] x21: ffff8000117ba1f0 x20: 0000000000000000 
[  199.824094] x19: ffff8000117ba118 x18: 0000000000000010 
[  199.824490] x17: 0000000000000000 x16: 0000000000000000 
[  199.824842] x15: ffff000079465870 x14: 0000000000000002 
[  199.825261] x13: 00000000000025ca x12: 00000000000000b8 
[  199.825676] x11: 0000000000974d0d x10: 00000000000009c0 
[  199.827739] x9 : ffff8000117b3e20 x8 : ffff8000117c37a0 
[  199.828412] x7 : 0000000000000000 x6 : 00000070913ebd1a 
[  199.829159] x5 : 00ffffffffffffff x4 : ffff80006c741000 
[  199.829431] x3 : 4000000000000002 x2 : 4000000000000000 
[  199.829692] x1 : ffff800011406980 x0 : ffff00007db47980 
[  199.830954] Call trace:
[  199.831133]  rcu_idle_enter+0x74/0x80
[  199.831354]  do_idle+0x200/0x288
[  199.831532]  cpu_startup_entry+0x24/0x40
[  199.831813]  rest_init+0xd4/0xe0
[  199.832001]  arch_call_rest_init+0xc/0x14
[  199.832221]  start_kernel+0x420/0x450
[  199.832521] ---[ end trace ed27ae4d41861acc ]---
