[  193.242987] Unable to handle kernel paging request at virtual address ffff800011d34c30
[  193.247306] Mem abort info:
[  193.250369]   ESR = 0x96000047
[  193.253822]   EC = 0x25: DABT (current EL), IL = 32 bits
[  193.255415]   SET = 0, FnV = 0
[  193.261001]   EA = 0, S1PTW = 0
[  193.262022] Data abort info:
[  193.262892]   ISV = 0, ISS = 0x00000047
[  193.267061]   CM = 0, WnR = 1
[  193.274901] swapper pgtable: 4k pages, 48-bit VAs, pgdp=00000000412a6000
[  193.292728] [ffff800011d34c30] pgd=00000000bdfff003, pud=00000000bdffe003, pmd=00000000ba850003, pte=0000000000000000
[  193.320150] Internal error: Oops: 96000047 [#1] PREEMPT SMP
[  193.328594] Modules linked in:
[  193.336900] CPU: 5 PID: 495 Comm: python3 Not tainted 5.4.18 #2
[  193.343863] Hardware name: linux,dummy-virt (DT)
[  193.350897] pstate: 40000005 (nZcv daif -PAN -UAO)
[  193.364362] pc : udp_sendmsg+0x4d4/0x860
[  193.365521] lr : udp_sendmsg+0x150/0x860
[  193.366184] sp : ffff800011d33b60
[  193.366398] x29: ffff800011d33b70 x28: 0000000000000012 
[  193.368799] x27: ffff800011d33d80 x26: 0000000000000011 
[  193.370262] x25: 0000000000000012 x24: ffff0000794eadc8 
[  193.375190] x23: 000000006401a8c0 x22: 0000000000000000 
[  193.376965] x21: ffff000079457000 x20: ffff800010b762e8 
[  193.378573] x19: ffff0000794eaa80 x18: 0000000000000000 
[  193.381420] x17: 0000000000000000 x16: 0000000000000000 
[  193.382626] x15: 0000000000000000 x14: 0000000000000000 
[  193.384322] x13: 0000000000000000 x12: 0000000000000000 
[  193.385407] x11: 0000000000000000 x10: 000000000000d1ed 
[  193.388073] x9 : 000000006401a8c0 x8 : ffff800011963ac0 
[  193.391311] x7 : 0000000000000000 x6 : ffff800011d33de8 
[  193.397493] x5 : ffff800011d33de8 x4 : 0000000000000000 
[  193.401053] x3 : 0000000000008813 x2 : 0000000000000000 
[  193.404481] x1 : 0000000000000000 x0 : 0000000000000050 
[  193.407628] Call trace:
[  193.408780]  udp_sendmsg+0x4d4/0x860
[  193.409193]  inet_sendmsg+0x40/0x68
[  193.409600]  __sys_sendto+0xd4/0x150
[  193.410004]  __arm64_sys_sendto+0x24/0x30
[  193.410422]  el0_svc_common.constprop.0+0x68/0x160
[  193.411013]  el0_svc_handler+0x20/0x80
[  193.412296]  el0_svc+0x8/0xc
[  193.415629] Code: a9088fe8 7945c26a 794103e3 1a9f07e1 (b910d3e7) 
[  193.419637] ---[ end trace 1f789a4d0846080b ]---
