[  207.780426] Unable to handle kernel write to read-only memory at virtual address ffff800010baa6a4
[  207.786418] Mem abort info:
[  207.787567]   ESR = 0x9600004e
[  207.788448]   EC = 0x25: DABT (current EL), IL = 32 bits
[  207.792443]   SET = 0, FnV = 0
[  207.798636]   EA = 0, S1PTW = 0
[  207.801039] Data abort info:
[  207.804257]   ISV = 0, ISS = 0x0000004e
[  207.808319]   CM = 0, WnR = 1
[  207.816165] swapper pgtable: 4k pages, 48-bit VAs, pgdp=00000000412a6000
[  207.822402] [ffff800010baa6a4] pgd=00000000bdfff003, pud=00000000bdffe003, pmd=0040000040a00791
[  207.846618] Internal error: Oops: 9600004e [#1] PREEMPT SMP
[  207.850504] Modules linked in:
[  207.854234] CPU: 1 PID: 493 Comm: python3 Not tainted 5.4.18 #2
[  207.855475] Hardware name: linux,dummy-virt (DT)
[  207.859929] pstate: 40000005 (nZcv daif -PAN -UAO)
[  207.867707] pc : udp_sendmsg+0x4ec/0x860
[  207.868738] lr : udp_sendmsg+0x150/0x860
[  207.870312] sp : ffff800011ee3b60
[  207.870980] x29: ffff800011ee3b70 x28: 0000000000000012 
[  207.872207] x27: ffff800011ee3d80 x26: 0000000000000011 
[  207.874267] x25: 0000000000000012 x24: ffff000076df9008 
[  207.875846] x23: 000000006401a8c0 x22: 0000000000000000 
[  207.877159] x21: ffff000073c99c00 x20: ffff800010b762e8 
[  207.878191] x19: ffff000076df8cc0 x18: 0000000000000000 
[  207.878798] x17: 0000000000000000 x16: 0000000000000000 
[  207.879365] x15: 0000000000000000 x14: 0000000000000000 
[  207.880188] x13: 0000000000000000 x12: 0000000000000000 
[  207.881104] x11: 0000000000000000 x10: 00000000000043c1 
[  207.883628] x9 : 000000006401a8c0 x8 : ffff800011963ac0 
[  207.884646] x7 : 00000000000003e8 x6 : ffff800011ee3de8 
[  207.888390] x5 : ffff800011ee3de8 x4 : 0000000000000000 
[  207.889187] x3 : 0000000000008813 x2 : 0000000000000001 
[  207.895039] x1 : 0000000000000000 x0 : 0000000000000011 
[  207.896407] Call trace:
[  207.898823]  udp_sendmsg+0x4ec/0x860
[  207.899586]  inet_sendmsg+0x40/0x68
[  207.902181]  __sys_sendto+0xd4/0x150
[  207.905891]  __arm64_sys_sendto+0x24/0x30
[  207.909115]  el0_svc_common.constprop.0+0x68/0x160
[  207.909327]  el0_svc_handler+0x20/0x80
[  207.910107]  el0_svc+0x8/0xc
[  207.912791] Code: 39480660 390373e2 52800022 b9009be4 (b900d7c2) 
[  207.926521] ---[ end trace 6ae51359764bf5be ]---
