[  194.276971] Unable to handle kernel paging request at virtual address 00000000ffff0020
[  194.280109] Mem abort info:
[  194.280785]   ESR = 0x96000005
[  194.284024]   EC = 0x25: DABT (current EL), IL = 32 bits
[  194.286265]   SET = 0, FnV = 0
[  194.292513]   EA = 0, S1PTW = 0
[  194.293381] Data abort info:
[  194.298456]   ISV = 0, ISS = 0x00000005
[  194.299888]   CM = 0, WnR = 0
[  194.303906] user pgtable: 4k pages, 48-bit VAs, pgdp=00000000b20b1000
[  194.313931] [00000000ffff0020] pgd=00000000b20ae003, pud=0000000000000000
[  194.319257] Internal error: Oops: 96000005 [#1] PREEMPT SMP
[  194.320277] Modules linked in:
[  194.323296] CPU: 7 PID: 495 Comm: python3 Not tainted 5.4.18 #2
[  194.327668] Hardware name: linux,dummy-virt (DT)
[  194.330798] pstate: 80000005 (Nzcv daif -PAN -UAO)
[  194.331972] pc : ip_setup_cork+0xf0/0x180
[  194.332481] lr : ip_setup_cork+0x4c/0x180
[  194.332932] sp : ffff800011f53b48
[  194.333331] x29: ffff800011f53b48 x28: ffff800011f53bf8 
[  194.334138] x27: 000000000000001a x26: ffff800011f53d80 
[  194.335174] x25: ffff800010b762e8 x24: ffff00007aa7fb40 
[  194.335807] x23: ffff8000119b5d80 x22: ffff800011f53cd8 
[  194.336396] x21: ffff800011f53cb8 x20: ffff800011f53cc0 
[  194.338948] x19: ffff800011f53d20 x18: 0000000000000000 
[  194.341342] x17: 0000000000000000 x16: 0000000000000000 
[  194.348691] x15: 0000000000000000 x14: 0000000000000000 
[  194.354792] x13: 0000000000000000 x12: 0000000000000000 
[  194.359921] x11: 0000000000000000 x10: 0000000000000000 
[  194.361039] x9 : 0000000000000000 x8 : 0000000000000000 
[  194.363356] x7 : 0000000000000000 x6 : ffff000075f0b490 
[  194.364823] x5 : 0000000000000008 x4 : 0000000000000000 
[  194.365367] x3 : 0000000000000010 x2 : 0000000000000010 
[  194.367497] x1 : 00000000ffff0000 x0 : ffff800011f53cd8 
[  194.368817] Call trace:
[  194.371905] Code: a8c47bfd d65f03c0 f94006c1 aa1603e0 (f9401021) 
[  194.373580] ---[ end trace 3ee20ced95123339 ]---
