[  193.117698] Unable to handle kernel NULL pointer dereference at virtual address 0000000000000008
[  193.122668] Mem abort info:
[  193.123291]   ESR = 0x96000006
[  193.124452]   EC = 0x25: DABT (current EL), IL = 32 bits
[  193.125459]   SET = 0, FnV = 0
[  193.128894]   EA = 0, S1PTW = 0
[  193.131374] Data abort info:
[  193.137882]   ISV = 0, ISS = 0x00000006
[  193.140469]   CM = 0, WnR = 0
[  193.147280] user pgtable: 4k pages, 48-bit VAs, pgdp=00000000b97da000
[  193.151676] [0000000000000008] pgd=00000000b1540003, pud=00000000b17b1003, pmd=0000000000000000
[  193.153999] Internal error: Oops: 96000006 [#1] PREEMPT SMP
[  193.155975] Modules linked in:
[  193.166452] CPU: 0 PID: 494 Comm: python3 Not tainted 5.4.18 #2
[  193.168268] Hardware name: linux,dummy-virt (DT)
[  193.170776] pstate: 00000005 (nzcv daif -PAN -UAO)
[  193.172010] pc : udp_sendmsg+0x2ac/0x860
[  193.172361] lr : udp_sendmsg+0x3f4/0x860
[  193.172678] sp : ffff800011d73cf0
[  193.173681] x29: ffff800011d73cf0 x28: ffff00007a945400 
[  193.179254] x27: 0000000000000000 x26: 0000000000000000 
[  193.182929] x25: 0000000000000012 x24: ffff800011d73dd8 
[  193.185190] x23: 0000ffffe886c848 x22: 0000000000000010 
[  193.186323] x21: ffff00007b265d80 x20: 0000000000000012 
[  193.188671] x19: ffff800011d73d80 x18: 0000000000000000 
[  193.189324] x17: 0000000000000000 x16: 0000000000000000 
[  193.189854] x15: 0000000000000001 x14: 0000000000000000 
[  193.191784] x13: 0000000000000006 x12: 000000000000003c 
[  193.192792] x11: ffff000072601000 x10: ffff00007b3c67c0 
[  193.195890] x9 : 0000000000000bf4 x8 : 0000000000000001 
[  193.197236] x7 : 0000000000004e20 x6 : 000003a6b9164e7f 
[  193.199683] x5 : 0000000000000031 x4 : 0000000000000000 
[  193.201696] x3 : 0000000000000000 x2 : ffff80006c741000 
[  193.208626] x1 : 0000000000000000 x0 : 0000000000000000 
[  193.215758] Call trace:
[  193.226228]  udp_sendmsg+0x2ac/0x860
[  193.233560]  __sys_sendto+0xd4/0x150
[  193.235792]  __arm64_sys_sendto+0x24/0x30
[  193.236600]  el0_svc_common.constprop.0+0x68/0x160
[  193.237775]  el0_svc_handler+0x20/0x80
[  193.239001]  el0_svc+0x8/0xc
[  193.248081] Code: 3101a69f 540000c0 f9413660 2a1403f9 (f9400400) 
[  193.258307] ---[ end trace cf969a87b9757828 ]---
