[  194.103093] kernel BUG at arch/arm64/kernel/traps.c:405!
[  194.110465] Internal error: Oops - BUG: 0 [#1] PREEMPT SMP
[  194.115879] Modules linked in:
[  194.123095] CPU: 0 PID: 495 Comm: python3 Not tainted 5.4.18 #2
[  194.124374] Hardware name: linux,dummy-virt (DT)
[  194.127155] pstate: 00000005 (nzcv daif -PAN -UAO)
[  194.135174] pc : do_undefinstr+0x2ec/0x310
[  194.135465] lr : do_undefinstr+0x1e0/0x310
[  194.135721] sp : ffff800011fbb9c0
[  194.135929] x29: ffff800011fbb9c0 x28: ffff00007a43b800 
[  194.136293] x27: ffff800011fbbd80 x26: 0000000000000011 
[  194.136569] x25: 0000000000000012 x24: 0000000000000000 
[  194.136844] x23: 0000000040000005 x22: ffff800010baa4d4 
[  194.137116] x21: ffff800011fbbb60 x20: ffff00007a43b800 
[  194.137388] x19: ffff800011fbba20 x18: 0000000000000000 
[  194.137681] x17: 0000000000000000 x16: 0000000000000000 
[  194.137953] x15: 0000000000000000 x14: 0000000000000000 
[  194.138225] x13: 0000000000000001 x12: 0000000000000000 
[  194.138595] x11: 0000000000000001 x10: 00000000000009c0 
[  194.138962] x9 : ffff800011fbb8f0 x8 : ffff00007a43c220 
[  194.139333] x7 : ffff00007db46dc0 x6 : ffff00007b0ab8f0 
[  194.139736] x5 : 0000000000000000 x4 : 0000000000097a00 
[  194.140107] x3 : ffff0000790dad50 x2 : 0000000000000000 
[  194.140478] x1 : 0000000000000000 x0 : 0000000040000005 
[  194.141212] Call trace:
[  194.141570]  do_undefinstr+0x2ec/0x310
[  194.142075]  el1_undef+0x10/0x84
[  194.142476]  udp_sendmsg+0x54/0x860
[  194.143535]  inet_sendmsg+0x40/0x68
[  194.144203]  __sys_sendto+0xd4/0x150
[  194.145010]  __arm64_sys_sendto+0x24/0x30
[  194.145740]  el0_svc_common.constprop.0+0x68/0x160
[  194.146522]  el0_svc_handler+0x20/0x80
[  194.147438]  el0_svc+0x8/0xc
[  194.149489] Code: f9401bf7 17ffff7c a9025bf5 f9001bf7 (d4210000) 
[  194.153688] ---[ end trace 3c8f48350a382520 ]---
[  194.155691] note: python3[495] exited with preempt_count 1
[  194.246469] ------------[ cut here ]------------
[  194.253420] WARNING: CPU: 0 PID: 0 at kernel/rcu/tree.c:569 rcu_idle_enter+0x74/0x80
[  194.255556] Modules linked in:
[  194.258911] CPU: 0 PID: 0 Comm: swapper/0 Tainted: G      D           5.4.18 #2
[  194.260359] Hardware name: linux,dummy-virt (DT)
[  194.263045] pstate: 200003c5 (nzCv DAIF -PAN -UAO)
[  194.267012] pc : rcu_idle_enter+0x74/0x80
[  194.267557] lr : do_idle+0x200/0x288
[  194.269803] sp : ffff8000117b3eb0
[  194.271478] x29: ffff8000117b3eb0 x28: 00000000412b0018 
[  194.272351] x27: 0000000000000000 x26: 0000000000000000 
[  194.275593] x25: 0000000000000000 x24: ffff8000117ba214 
[  194.277234] x23: ffff8000117c2d80 x22: ffff800011404ab8 
[  194.285862] x21: ffff8000117ba1f0 x20: 0000000000000000 
[  194.287463] x19: ffff8000117ba118 x18: 0000000000000010 
[  194.288020] x17: 0000000000000000 x16: 0000000000000000 
[  194.288341] x15: 0000000000000000 x14: 0000000000000001 
[  194.290202] x13: 0000000000000001 x12: 0000000000000000 
[  194.290695] x11: 0000000000000400 x10: 00000000000009c0 
[  194.291073] x9 : ffff8000117b3e20 x8 : ffff8000117c37a0 
[  194.291636] x7 : 0000000000000000 x6 : 00000098223dddc9 
[  194.292303] x5 : 00ffffffffffffff x4 : ffff80006c741000 
[  194.294903] x3 : 4000000000000002 x2 : 4000000000000000 
[  194.295813] x1 : ffff800011406980 x0 : ffff00007db47980 
[  194.296556] Call trace:
[  194.300014]  rcu_idle_enter+0x74/0x80
[  194.301584]  do_idle+0x200/0x288
[  194.302520]  cpu_startup_entry+0x20/0x40
[  194.302787]  rest_init+0xd4/0xe0
[  194.302980]  arch_call_rest_init+0xc/0x14
[  194.303295]  start_kernel+0x420/0x450
[  194.303582] ---[ end trace 3c8f48350a382521 ]---
