[  202.251990] Unable to handle kernel NULL pointer dereference at virtual address 00000000000002e0
[  202.255535] Mem abort info:
[  202.257268]   ESR = 0x96000006
[  202.261254]   EC = 0x25: DABT (current EL), IL = 32 bits
[  202.266185]   SET = 0, FnV = 0
[  202.268837]   EA = 0, S1PTW = 0
[  202.270873] Data abort info:
[  202.271120]   ISV = 0, ISS = 0x00000006
[  202.272086]   CM = 0, WnR = 0
[  202.272918] user pgtable: 4k pages, 48-bit VAs, pgdp=00000000b81a5000
[  202.278621] [00000000000002e0] pgd=00000000b97c4003, pud=00000000b94a6003, pmd=0000000000000000
[  202.287773] Internal error: Oops: 96000006 [#1] PREEMPT SMP
[  202.293924] Modules linked in:
[  202.299390] CPU: 6 PID: 494 Comm: python3 Not tainted 5.4.18 #2
[  202.300942] Hardware name: linux,dummy-virt (DT)
[  202.303394] pstate: 80000005 (Nzcv daif -PAN -UAO)
[  202.323420] pc : udp_send_skb.isra.0+0x30/0x368
[  202.331193] lr : udp_sendmsg+0x710/0x860
[  202.333335] sp : ffff800011f7bb20
[  202.333590] x29: ffff800011f7bb20 x28: 000000000000001a 
[  202.334716] x27: ffff800011f7bd80 x26: 0000000000000011 
[  202.335001] x25: 0000000000000012 x24: db0cb388ae0b3500 
[  202.336056] x23: ffff0000782ab000 x22: 0000000000000000 
[  202.336940] x21: ffff00007abd5400 x20: 0000000000000000 
[  202.337630] x19: ffff800011f7bc30 x18: 0000000000000000 
[  202.339561] x17: 0000000000000000 x16: 0000000000000000 
[  202.342360] x15: 0000000000000001 x14: 0000000000000000 
[  202.344694] x13: 0000000000000006 x12: 00000000c0a80164 
[  202.345784] x11: 0000000000000000 x10: 0000000000000068 
[  202.347345] x9 : ffff00007abd5400 x8 : ffff0000782ab000 
[  202.348542] x7 : 000000008e600000 x6 : 0000000000000000 
[  202.349475] x5 : db0cb388ae0b3500 x4 : 0000000000000000 
[  202.349926] x3 : ffff800011f7bc8e x2 : ffff800011f7bc78 
[  202.352322] x1 : ffff800011f7bd20 x0 : ffff800011f7bc30 
[  202.356535] Call trace:
[  202.358128]  udp_send_skb.isra.0+0x30/0x368
[  202.358725]  udp_sendmsg+0x710/0x860
[  202.359986]  inet_sendmsg+0x40/0x68
[  202.360609]  __sys_sendto+0xd4/0x150
[  202.360815]  __arm64_sys_sendto+0x24/0x30
[  202.361041]  el0_svc_common.constprop.0+0x68/0x160
[  202.361325]  el0_svc_handler+0x20/0x80
[  202.362160]  el0_svc+0x8/0xc
[  202.366365] Code: f9400c16 79415404 b9407014 8b0400b8 (7945c2c6) 
[  202.371435] ---[ end trace 791bd3638defa6b7 ]---
