[  194.428842] Unable to handle kernel paging request at virtual address ffff80000f1543e8
[  194.461782] Mem abort info:
[  194.468365]   ESR = 0x86000006
[  194.469912]   EC = 0x21: IABT (current EL), IL = 32 bits
[  194.470102]   SET = 0, FnV = 0
[  194.470248]   EA = 0, S1PTW = 0
[  194.470605] swapper pgtable: 4k pages, 48-bit VAs, pgdp=00000000412a6000
[  194.472882] [ffff80000f1543e8] pgd=00000000bdfff003, pud=00000000bdffe003, pmd=0000000000000000
[  194.474153] Internal error: Oops: 86000006 [#1] PREEMPT SMP
[  194.488317] Modules linked in:
[  194.507287] CPU: 4 PID: 494 Comm: python3 Not tainted 5.4.18 #2
[  194.508749] Hardware name: linux,dummy-virt (DT)
[  194.509406] pstate: 40000005 (nZcv daif -PAN -UAO)
[  194.511753] pc : 0xffff80000f1543e8
[  194.516566] lr : udp_sendmsg+0x150/0x860
[  194.517131] sp : ffff800011fcbb60
[  194.517614] x29: ffff800011fcbb70 x28: 0000000000000012 
[  194.518767] x27: ffff800011fcbd80 x26: 0000000000000011 
[  194.520966] x25: 0000000000000012 x24: ffff00007b38fe88 
[  194.521660] x23: 000000006401a8c0 x22: 0000000000000000 
[  194.522616] x21: ffff00007aaed400 x20: ffff800010b762e8 
[  194.523445] x19: ffff00007b38fb40 x18: 0000000000000000 
[  194.524401] x17: 0000000000000000 x16: 0000000000000000 
[  194.525157] x15: 0000000000000000 x14: 0000000000000000 
[  194.526541] x13: 0000000000000000 x12: 0000000000000000 
[  194.529242] x11: 0000000000000000 x10: 0000000000000000 
[  194.529997] x9 : 0000000000000000 x8 : 0000000000000000 
[  194.531620] x7 : 0000000000000000 x6 : ffff800011fcbde8 
[  194.533637] x5 : ffff800011fcbde8 x4 : 0000000000000000 
[  194.536206] x3 : 0000000000000000 x2 : 00000000ffffffff 
[  194.536534] x1 : 0000000000000000 x0 : 0000000000000001 
[  194.537227] Call trace:
[  194.537543]  0xffff80000f1543e8
[  194.537875]  inet_sendmsg+0x40/0x68
[  194.538130]  __sys_sendto+0xd4/0x150
[  194.538661]  __arm64_sys_sendto+0x24/0x30
[  194.540932]  el0_svc_common.constprop.0+0x68/0x160
[  194.542406]  el0_svc_handler+0x20/0x80
[  194.545447]  el0_svc+0x8/0xc
[  194.547945] Code: bad PC value
[  194.549887] ---[ end trace f6f8781745c4bff0 ]---
