[  193.965788] kernel BUG at arch/arm64/kernel/traps.c:405!
[  193.975693] Internal error: Oops - BUG: 0 [#1] PREEMPT SMP
[  193.977835] Modules linked in:
[  193.984468] CPU: 6 PID: 491 Comm: python3 Not tainted 5.4.18 #2
[  193.985521] Hardware name: linux,dummy-virt (DT)
[  193.989302] pstate: 00000005 (nzcv daif -PAN -UAO)
[  193.995665] pc : do_undefinstr+0x2ec/0x310
[  193.996888] lr : do_undefinstr+0x1e0/0x310
[  193.997759] sp : ffff800011f2b9c0
[  193.998563] x29: ffff800011f2b9c0 x28: ffff00007825aa00 
[  193.999813] x27: ffff800011f2bd80 x26: 0000000000000011 
[  194.001004] x25: 0000000000000012 x24: 0000000000000000 
[  194.002345] x23: 0000000080000005 x22: ffff800010baa4f0 
[  194.003335] x21: ffff800011f2bb60 x20: ffff00007825aa00 
[  194.004396] x19: ffff800011f2ba20 x18: 0000000000000000 
[  194.005417] x17: 0000000000000000 x16: 0000000000000000 
[  194.006420] x15: 0000000000000000 x14: 0000000000000000 
[  194.007313] x13: 0000000000000000 x12: 0000000000000000 
[  194.008286] x11: 0000000000000000 x10: 0000000000000000 
[  194.009501] x9 : 0000000000400100 x8 : ffff00007825aa00 
[  194.009890] x7 : 0000ffffb8fa1e90 x6 : ffff800011f2ba18 
[  194.010255] x5 : 00000000d5300000 x4 : ffff8000117c51f0 
[  194.010617] x3 : 0000000077000000 x2 : 0000000000000000 
[  194.010979] x1 : ffff00007825aa00 x0 : 0000000080000005 
[  194.011876] Call trace:
[  194.012248]  do_undefinstr+0x2ec/0x310
[  194.012565]  el1_undef+0x10/0x84
[  194.012828]  udp_sendmsg+0x70/0x860
[  194.013089]  inet_sendmsg+0x40/0x68
[  194.013350]  __sys_sendto+0xd4/0x150
[  194.013611]  __arm64_sys_sendto+0x24/0x30
[  194.013972]  el0_svc_common.constprop.0+0x68/0x160
[  194.014298]  el0_svc_handler+0x20/0x80
[  194.014567]  el0_svc+0x8/0xc
[  194.015401] Code: f9401bf7 17ffff7c a9025bf5 f9001bf7 (d4210000) 
[  194.017001] ---[ end trace cd8dd4b795b6219e ]---
[  194.018209] note: python3[491] exited with preempt_count 1
[  194.160632] ------------[ cut here ]------------
[  194.165475] WARNING: CPU: 6 PID: 0 at kernel/rcu/tree.c:569 rcu_idle_enter+0x74/0x80
[  194.178626] Modules linked in:
[  194.184679] CPU: 6 PID: 0 Comm: swapper/6 Tainted: G      D           5.4.18 #2
[  194.196742] Hardware name: linux,dummy-virt (DT)
[  194.205824] pstate: 200003c5 (nzCv DAIF -PAN -UAO)
[  194.213426] pc : rcu_idle_enter+0x74/0x80
[  194.215442] lr : do_idle+0x200/0x288
[  194.215900] sp : ffff800011a73f20
[  194.216780] x29: ffff800011a73f20 x28: 0000000000000000 
[  194.218816] x27: 0000000000000000 x26: 0000000000000000 
[  194.219318] x25: 0000000000000000 x24: ffff8000117ba214 
[  194.219789] x23: ffff00007b0c6200 x22: ffff800011404ab8 
[  194.220542] x21: ffff8000117ba1f0 x20: 0000000000000006 
[  194.223657] x19: ffff8000117ba118 x18: 0000000000000010 
[  194.225392] x17: 0000000000000000 x16: 0000000000000000 
[  194.226104] x15: 0000000000000000 x14: 0000000000000001 
[  194.226387] x13: 0000000000000001 x12: 0000000000000001 
[  194.226708] x11: 0000000000000400 x10: 00000000000009c0 
[  194.226977] x9 : ffff800011a73e90 x8 : ffff00007b0c6c20 
[  194.228751] x7 : 0000000000000006 x6 : 000000a0af82906d 
[  194.230250] x5 : 00ffffffffffffff x4 : ffff80006c7c5000 
[  194.230489] x3 : 4000000000000002 x2 : 4000000000000000 
[  194.230771] x1 : ffff800011406980 x0 : ffff00007dbcb980 
[  194.230987] Call trace:
[  194.231457]  rcu_idle_enter+0x74/0x80
[  194.231997]  do_idle+0x200/0x288
[  194.232703]  cpu_startup_entry+0x24/0x40
[  194.234853]  secondary_start_kernel+0x154/0x190
[  194.235628] ---[ end trace cd8dd4b795b6219f ]---
