[  193.676962] kernel BUG at arch/arm64/kernel/traps.c:405!
[  193.680898] Internal error: Oops - BUG: 0 [#1] PREEMPT SMP
[  193.683793] Modules linked in:
[  193.687031] CPU: 5 PID: 495 Comm: python3 Not tainted 5.4.18 #2
[  193.688430] Hardware name: linux,dummy-virt (DT)
[  193.692967] pstate: 00000005 (nzcv daif -PAN -UAO)
[  193.694407] pc : do_undefinstr+0x2ec/0x310
[  193.695313] lr : do_undefinstr+0x1e0/0x310
[  193.696159] sp : ffff800011f6b9c0
[  193.697019] x29: ffff800011f6b9c0 x28: ffff00007abb8000 
[  193.698291] x27: ffff800011f6bd80 x26: 0000000000000011 
[  193.699312] x25: 0000000000000012 x24: 0000000000000000 
[  193.700273] x23: 0000000080000005 x22: ffff800010baab5c 
[  193.701310] x21: ffff800011f6bb60 x20: ffff00007abb8000 
[  193.702278] x19: ffff800011f6ba20 x18: 0000000000000000 
[  193.703286] x17: 0000000000000000 x16: 0000000000000000 
[  193.704239] x15: 0000000000000001 x14: 0000000000000000 
[  193.705745] x13: 0000000000000006 x12: 00000000c0a80164 
[  193.708434] x11: 0000000000000000 x10: 0000000000000068 
[  193.709630] x9 : 0000000000000000 x8 : ffff800011f6bc30 
[  193.710622] x7 : ffff800011f6bc00 x6 : ffff800011f6ba18 
[  193.711567] x5 : 00000000d5300000 x4 : ffff8000117c51f0 
[  193.712444] x3 : 00000000ae000000 x2 : 0000000000000000 
[  193.713397] x1 : ffff00007abb8000 x0 : 0000000080000005 
[  193.715270] Call trace:
[  193.716133]  do_undefinstr+0x2ec/0x310
[  193.716889]  el1_undef+0x10/0x84
[  193.717583]  udp_sendmsg+0x6dc/0x860
[  193.718185]  inet_sendmsg+0x40/0x68
[  193.718767]  __sys_sendto+0xd4/0x150
[  193.719588]  __arm64_sys_sendto+0x24/0x30
[  193.720266]  el0_svc_common.constprop.0+0x68/0x160
[  193.722333]  el0_svc_handler+0x20/0x80
[  193.723360]  el0_svc+0x8/0xc
[  193.725410] Code: f9401bf7 17ffff7c a9025bf5 f9001bf7 (d4210000) 
[  193.729165] ---[ end trace 3f42451de9839ca5 ]---
[  193.730788] note: python3[495] exited with preempt_count 1
[  193.886924] ------------[ cut here ]------------
[  193.893385] WARNING: CPU: 5 PID: 0 at kernel/rcu/tree.c:569 rcu_idle_enter+0x74/0x80
[  193.894329] Modules linked in:
[  193.899703] CPU: 5 PID: 0 Comm: swapper/5 Tainted: G      D           5.4.18 #2
[  193.904883] Hardware name: linux,dummy-virt (DT)
[  193.906859] pstate: 200003c5 (nzCv DAIF -PAN -UAO)
[  193.907506] pc : rcu_idle_enter+0x74/0x80
[  193.910668] lr : do_idle+0x200/0x288
[  193.912576] sp : ffff800011a6bf20
[  193.913237] x29: ffff800011a6bf20 x28: 0000000000000000 
[  193.916360] x27: 0000000000000000 x26: 0000000000000000 
[  193.920027] x25: 0000000000000000 x24: ffff8000117ba214 
[  193.920341] x23: ffff00007b0c5400 x22: ffff800011404ab8 
[  193.920744] x21: ffff8000117ba1f0 x20: 0000000000000005 
[  193.932002] x19: ffff8000117ba118 x18: 0000000000000010 
[  193.941239] x17: 0000000000000000 x16: 0000000000000000 
[  193.949403] x15: 0000000000000000 x14: 0000000000000001 
[  193.960324] x13: 0000000000000001 x12: 0000000000000001 
[  193.962287] x11: 0000000000000400 x10: 00000000000009c0 
[  193.963594] x9 : ffff800011a6be90 x8 : ffff00007b0c5e20 
[  193.965104] x7 : 0000000000000000 x6 : 000002ab7d280ab8 
[  193.967024] x5 : 00ffffffffffffff x4 : ffff80006c7af000 
[  193.971994] x3 : 4000000000000002 x2 : 4000000000000000 
[  193.972419] x1 : ffff800011406980 x0 : ffff00007dbb5980 
[  193.974429] Call trace:
[  193.974649]  rcu_idle_enter+0x74/0x80
[  193.974893]  do_idle+0x200/0x288
[  193.975314]  cpu_startup_entry+0x24/0x40
[  193.975640]  secondary_start_kernel+0x154/0x190
[  193.980186] ---[ end trace 3f42451de9839ca6 ]---
