[  196.129538] kernel BUG at arch/arm64/kernel/traps.c:405!
[  196.135487] Internal error: Oops - BUG: 0 [#1] PREEMPT SMP
[  196.137090] Modules linked in:
[  196.145654] CPU: 6 PID: 491 Comm: python3 Not tainted 5.4.18 #2
[  196.146756] Hardware name: linux,dummy-virt (DT)
[  196.148835] pstate: 00000005 (nzcv daif -PAN -UAO)
[  196.156023] pc : do_undefinstr+0x2ec/0x310
[  196.156842] lr : do_undefinstr+0x1e0/0x310
[  196.157523] sp : ffff800011f639c0
[  196.158239] x29: ffff800011f639c0 x28: ffff00007a543800 
[  196.159237] x27: ffff800011f63d80 x26: 0000000000000011 
[  196.160053] x25: 0000000000000012 x24: 0000000000000000 
[  196.160838] x23: 0000000040000005 x22: ffff800010baa99c 
[  196.161916] x21: ffff800011f63b60 x20: ffff00007a543800 
[  196.162790] x19: ffff800011f63a20 x18: 0000000000000000 
[  196.163714] x17: 0000000000000000 x16: 0000000000000000 
[  196.164538] x15: 0000000000000000 x14: 0000000000000000 
[  196.165504] x13: 0000000000000000 x12: 0000000000000000 
[  196.166299] x11: 0000000000000000 x10: 00000000000021b2 
[  196.167153] x9 : 000000006401a8c0 x8 : ffff800011963ac0 
[  196.167957] x7 : 00000000000003e8 x6 : ffff800011f63a18 
[  196.168728] x5 : 00000000d5300000 x4 : ffff8000117c51f0 
[  196.170691] x3 : 0000000087f00000 x2 : 0000000000000000 
[  196.172067] x1 : ffff00007a543800 x0 : 0000000040000005 
[  196.173779] Call trace:
[  196.174565]  do_undefinstr+0x2ec/0x310
[  196.175248]  el1_undef+0x10/0x84
[  196.175791]  udp_sendmsg+0x51c/0x860
[  196.176342]  inet_sendmsg+0x40/0x68
[  196.176967]  __sys_sendto+0xd4/0x150
[  196.177516]  __arm64_sys_sendto+0x24/0x30
[  196.178114]  el0_svc_common.constprop.0+0x68/0x160
[  196.179015]  el0_svc_handler+0x20/0x80
[  196.179598]  el0_svc+0x8/0xc
[  196.181591] Code: f9401bf7 17ffff7c a9025bf5 f9001bf7 (d4210000) 
[  196.185722] ---[ end trace bf95e8d29d8b24c1 ]---
[  196.187748] note: python3[491] exited with preempt_count 1
[  196.312740] ------------[ cut here ]------------
[  196.315564] WARNING: CPU: 6 PID: 0 at kernel/rcu/tree.c:569 rcu_idle_enter+0x74/0x80
[  196.317741] Modules linked in:
[  196.318645] CPU: 6 PID: 0 Comm: swapper/6 Tainted: G      D           5.4.18 #2
[  196.322311] Hardware name: linux,dummy-virt (DT)
[  196.325477] pstate: 200003c5 (nzCv DAIF -PAN -UAO)
[  196.328606] pc : rcu_idle_enter+0x74/0x80
[  196.332549] lr : do_idle+0x200/0x288
[  196.334155] sp : ffff800011a73f20
[  196.335863] x29: ffff800011a73f20 x28: 0000000000000000 
[  196.337627] x27: 0000000000000000 x26: 0000000000000000 
[  196.340777] x25: 0000000000000000 x24: ffff8000117ba214 
[  196.343209] x23: ffff00007b0c6200 x22: ffff800011404ab8 
[  196.345054] x21: ffff8000117ba1f0 x20: 0000000000000006 
[  196.345252] x19: ffff8000117ba118 x18: 0000000000000010 
[  196.345422] x17: 0000000000000000 x16: 0000000000000000 
[  196.345615] x15: 0000000000000000 x14: 0000000000000000 
[  196.345854] x13: 0000000000000002 x12: 0000000000000000 
[  196.346623] x11: 0000000000000000 x10: 00000000000009c0 
[  196.348970] x9 : ffff800011a73e90 x8 : ffff00007b0c6c20 
[  196.349836] x7 : 0000000000000397 x6 : 00000028aba73d06 
[  196.350143] x5 : 00ffffffffffffff x4 : ffff80006c7c5000 
[  196.350558] x3 : 4000000000000002 x2 : 4000000000000000 
[  196.354242] x1 : ffff800011406980 x0 : ffff00007dbcb980 
[  196.360614] Call trace:
[  196.362499]  rcu_idle_enter+0x74/0x80
[  196.363897]  do_idle+0x200/0x288
[  196.365346]  cpu_startup_entry+0x20/0x40
[  196.366552]  secondary_start_kernel+0x154/0x190
[  196.368379] ---[ end trace bf95e8d29d8b24c2 ]---
