[  192.471084] kernel BUG at arch/arm64/kernel/traps.c:405!
[  192.479748] Internal error: Oops - BUG: 0 [#1] PREEMPT SMP
[  192.481925] Modules linked in:
[  192.487474] CPU: 7 PID: 491 Comm: python3 Not tainted 5.4.18 #2
[  192.488778] Hardware name: linux,dummy-virt (DT)
[  192.492304] pstate: 00000005 (nzcv daif -PAN -UAO)
[  192.497360] pc : do_undefinstr+0x2ec/0x310
[  192.498124] lr : do_undefinstr+0x1e0/0x310
[  192.498832] sp : ffff800011f639c0
[  192.499446] x29: ffff800011f639c0 x28: ffff00007b2bb800 
[  192.500771] x27: ffff800011f63d80 x26: 0000000000000011 
[  192.501602] x25: 0000000000000012 x24: 0000000000000000 
[  192.502458] x23: 0000000080000005 x22: ffff800010baab54 
[  192.503225] x21: ffff800011f63b60 x20: ffff00007b2bb800 
[  192.504053] x19: ffff800011f63a20 x18: 0000000000000000 
[  192.504811] x17: 0000000000000000 x16: 0000000000000000 
[  192.505564] x15: 0000000000000001 x14: 0000000000000000 
[  192.507342] x13: 0000000000000006 x12: 00000000c0a80164 
[  192.508586] x11: 0000000000000000 x10: 0000000000000068 
[  192.509398] x9 : 0000000000000000 x8 : ffff800011f63c30 
[  192.510163] x7 : ffff800011f63c00 x6 : ffff800011f63a18 
[  192.510905] x5 : 00000000d5300000 x4 : ffff8000117c51f0 
[  192.511738] x3 : 0000000099000000 x2 : 0000000000000000 
[  192.512650] x1 : ffff00007b2bb800 x0 : 0000000080000005 
[  192.514699] Call trace:
[  192.515680]  do_undefinstr+0x2ec/0x310
[  192.516385]  el1_undef+0x10/0x84
[  192.516937]  udp_sendmsg+0x6d4/0x860
[  192.517548]  inet_sendmsg+0x40/0x68
[  192.518098]  __sys_sendto+0xd4/0x150
[  192.518636]  __arm64_sys_sendto+0x24/0x30
[  192.519237]  el0_svc_common.constprop.0+0x68/0x160
[  192.519975]  el0_svc_handler+0x20/0x80
[  192.520539]  el0_svc+0x8/0xc
[  192.524368] Code: f9401bf7 17ffff7c a9025bf5 f9001bf7 (d4210000) 
[  192.527971] ---[ end trace 7a1a4cabe2abcaaa ]---
[  192.530910] note: python3[491] exited with preempt_count 1
[  192.624411] ------------[ cut here ]------------
[  192.637770] WARNING: CPU: 7 PID: 0 at kernel/rcu/tree.c:569 rcu_idle_enter+0x74/0x80
[  192.652095] Modules linked in:
[  192.669349] CPU: 7 PID: 0 Comm: swapper/7 Tainted: G      D           5.4.18 #2
[  192.672979] Hardware name: linux,dummy-virt (DT)
[  192.673799] pstate: 200003c5 (nzCv DAIF -PAN -UAO)
[  192.684319] pc : rcu_idle_enter+0x74/0x80
[  192.686197] lr : do_idle+0x200/0x288
[  192.695338] sp : ffff800011a7bf20
[  192.696507] x29: ffff800011a7bf20 x28: 0000000000000000 
[  192.700615] x27: 0000000000000000 x26: 0000000000000000 
[  192.704552] x25: 0000000000000000 x24: ffff8000117ba214 
[  192.708442] x23: ffff00007b0c7000 x22: ffff800011404ab8 
[  192.710646] x21: ffff8000117ba1f0 x20: 0000000000000007 
[  192.713196] x19: ffff8000117ba118 x18: 0000000000000010 
[  192.713779] x17: 0000000000000000 x16: 0000000000000000 
[  192.714057] x15: 000000000000007d x14: 0000000000000000 
[  192.714472] x13: 0000000000000002 x12: 000000000000007d 
[  192.714708] x11: 0000000000000001 x10: 00000000000009c0 
[  192.715150] x9 : ffff800011a7be90 x8 : ffff00007b0c7a20 
[  192.715321] x7 : 00000000000003f8 x6 : 00000218766f9988 
[  192.715487] x5 : 00ffffffffffffff x4 : ffff80006c7db000 
[  192.715691] x3 : 4000000000000002 x2 : 4000000000000000 
[  192.715914] x1 : ffff800011406980 x0 : ffff00007dbe1980 
[  192.716246] Call trace:
[  192.716534]  rcu_idle_enter+0x74/0x80
[  192.716811]  do_idle+0x200/0x288
[  192.717140]  cpu_startup_entry+0x24/0x40
[  192.718630]  secondary_start_kernel+0x154/0x190
[  192.719083] ---[ end trace 7a1a4cabe2abcaab ]---
