[  194.409882] kernel BUG at arch/arm64/kernel/traps.c:405!
[  194.414116] Internal error: Oops - BUG: 0 [#1] PREEMPT SMP
[  194.415414] Modules linked in:
[  194.420620] CPU: 3 PID: 494 Comm: python3 Not tainted 5.4.18 #2
[  194.421478] Hardware name: linux,dummy-virt (DT)
[  194.422750] pstate: 00000005 (nzcv daif -PAN -UAO)
[  194.425402] pc : do_undefinstr+0x2ec/0x310
[  194.425788] lr : do_undefinstr+0x1e0/0x310
[  194.426196] sp : ffff800011e2b9c0
[  194.426481] x29: ffff800011e2b9c0 x28: ffff000079555400 
[  194.427092] x27: ffff800011e2bd80 x26: 0000000000000011 
[  194.427470] x25: 0000000000000012 x24: 0000000000000000 
[  194.427860] x23: 0000000020000005 x22: ffff800010baa52c 
[  194.428302] x21: ffff800011e2bb60 x20: ffff000079555400 
[  194.428720] x19: ffff800011e2ba20 x18: 0000000000000000 
[  194.429110] x17: 0000000000000000 x16: 0000000000000000 
[  194.429495] x15: 0000000000000000 x14: 0000000000000000 
[  194.429882] x13: 0000000000000000 x12: 0000000000000000 
[  194.432062] x11: 0000000000000000 x10: 0000000000000000 
[  194.432493] x9 : 0000000000400100 x8 : ffff000079555400 
[  194.432857] x7 : 0000ffffa942ce90 x6 : ffff800011e2ba18 
[  194.433250] x5 : 00000000d5300000 x4 : ffff8000117c51f0 
[  194.433671] x3 : 0000000052100000 x2 : 0000000000000000 
[  194.434148] x1 : ffff000079555400 x0 : 0000000020000005 
[  194.435099] Call trace:
[  194.435551]  do_undefinstr+0x2ec/0x310
[  194.435994]  el1_undef+0x10/0x84
[  194.436327]  udp_sendmsg+0xac/0x860
[  194.436654]  inet_sendmsg+0x40/0x68
[  194.436976]  __sys_sendto+0xd4/0x150
[  194.437295]  __arm64_sys_sendto+0x24/0x30
[  194.437646]  el0_svc_common.constprop.0+0x68/0x160
[  194.438108]  el0_svc_handler+0x20/0x80
[  194.438440]  el0_svc+0x8/0xc
[  194.439379] Code: f9401bf7 17ffff7c a9025bf5 f9001bf7 (d4210000) 
[  194.441178] ---[ end trace f6cabdd13df4bfc4 ]---
[  194.442035] note: python3[494] exited with preempt_count 1
[  194.496737] ------------[ cut here ]------------
[  194.497311] WARNING: CPU: 3 PID: 0 at kernel/rcu/tree.c:569 rcu_idle_enter+0x74/0x80
[  194.497568] Modules linked in:
[  194.497956] CPU: 3 PID: 0 Comm: swapper/3 Tainted: G      D           5.4.18 #2
[  194.500672] Hardware name: linux,dummy-virt (DT)
[  194.501285] pstate: 200003c5 (nzCv DAIF -PAN -UAO)
[  194.501863] pc : rcu_idle_enter+0x74/0x80
[  194.503497] lr : do_idle+0x200/0x288
[  194.505417] sp : ffff800011a5bf20
[  194.508531] x29: ffff800011a5bf20 x28: 0000000000000000 
[  194.508920] x27: 0000000000000000 x26: 0000000000000000 
[  194.513533] x25: 0000000000000000 x24: ffff8000117ba214 
[  194.515229] x23: ffff00007b0c3800 x22: ffff800011404ab8 
[  194.518383] x21: ffff8000117ba1f0 x20: 0000000000000003 
[  194.520208] x19: ffff8000117ba118 x18: 0000000000000010 
[  194.523784] x17: 0000000000000000 x16: 0000000000000000 
[  194.525900] x15: 000000000000015d x14: 0000000000000000 
[  194.529700] x13: 0000000000000001 x12: 0000000000000000 
[  194.530171] x11: 0000000000000400 x10: 00000000000009c0 
[  194.530724] x9 : ffff800011a5be90 x8 : ffff00007b0c4220 
[  194.531124] x7 : 0000000000000000 x6 : 000002d66beaeea8 
[  194.531653] x5 : 00ffffffffffffff x4 : ffff80006c783000 
[  194.533556] x3 : 4000000000000002 x2 : 4000000000000000 
[  194.533921] x1 : ffff800011406980 x0 : ffff00007db89980 
[  194.534958] Call trace:
[  194.535561]  rcu_idle_enter+0x74/0x80
[  194.536403]  do_idle+0x200/0x288
[  194.536837]  cpu_startup_entry+0x24/0x40
[  194.537298]  secondary_start_kernel+0x154/0x190
[  194.537751] ---[ end trace f6cabdd13df4bfc5 ]---
