[  192.956949] Unable to handle kernel paging request at virtual address ffff800014ba537c
[  192.964821] Mem abort info:
[  192.966112]   ESR = 0x86000006
[  192.967286]   EC = 0x21: IABT (current EL), IL = 32 bits
[  192.974102]   SET = 0, FnV = 0
[  192.980710]   EA = 0, S1PTW = 0
[  192.986613] swapper pgtable: 4k pages, 48-bit VAs, pgdp=00000000412a6000
[  192.995376] [ffff800014ba537c] pgd=00000000bdfff003, pud=00000000bdffe003, pmd=0000000000000000
[  193.005942] Internal error: Oops: 86000006 [#1] PREEMPT SMP
[  193.011616] Modules linked in:
[  193.014257] CPU: 2 PID: 495 Comm: python3 Not tainted 5.4.18 #2
[  193.018580] Hardware name: linux,dummy-virt (DT)
[  193.021753] pstate: 80000005 (Nzcv daif -PAN -UAO)
[  193.029255] pc : 0xffff800014ba537c
[  193.030083] lr : udp_sendmsg+0x150/0x860
[  193.034982] sp : ffff800011f93b60
[  193.040705] x29: ffff800011f93b70 x28: 0000000000000012 
[  193.041850] x27: ffff800011f93d80 x26: 0000000000000011 
[  193.042275] x25: 0000000000000012 x24: ffff000079672988 
[  193.056592] x23: 000000006401a8c0 x22: 0000000000000000 
[  193.061466] x21: ffff00007a9ed400 x20: ffff800010b762e8 
[  193.067107] x19: ffff000079672640 x18: 0000000000000000 
[  193.068626] x17: 0000000000000000 x16: 0000000000000000 
[  193.069469] x15: 0000000000000000 x14: 0000000000000000 
[  193.072181] x13: 0000000000000000 x12: 0000000000000000 
[  193.075630] x11: 0000000000000000 x10: 0000000000000000 
[  193.077764] x9 : 000000006401a8c0 x8 : 0000000000000000 
[  193.081342] x7 : 0000000000000000 x6 : ffff800011f93de8 
[  193.084057] x5 : ffff800011f93de8 x4 : 0000000000000000 
[  193.090945] x3 : 0000000000000000 x2 : 0000000000000000 
[  193.098066] x1 : 0000000000000000 x0 : 0000000000000000 
[  193.104892] Call trace:
[  193.113791]  0xffff800014ba537c
[  193.118131]  inet_sendmsg+0x40/0x68
[  193.119893]  __sys_sendto+0xd4/0x150
[  193.121665]  __arm64_sys_sendto+0x24/0x30
[  193.124911]  el0_svc_common.constprop.0+0x68/0x160
[  193.131413]  el0_svc_handler+0x20/0x80
[  193.133701]  el0_svc+0x8/0xc
[  193.140411] Code: bad PC value
[  193.150885] ---[ end trace 47cc62787fa4bd2e ]---
