[  192.266407] Unable to handle kernel paging request at virtual address ffff8000343fe000
[  192.282168] Mem abort info:
[  192.282966]   ESR = 0x96000006
[  192.288122]   EC = 0x25: DABT (current EL), IL = 32 bits
[  192.291917]   SET = 0, FnV = 0
[  192.292706]   EA = 0, S1PTW = 0
[  192.297574] Data abort info:
[  192.298290]   ISV = 0, ISS = 0x00000006
[  192.299015]   CM = 0, WnR = 0
[  192.304908] swapper pgtable: 4k pages, 48-bit VAs, pgdp=00000000412a6000
[  192.305410] [ffff8000343fe000] pgd=00000000bdfff003, pud=00000000bdffe003, pmd=0000000000000000
[  192.312978] Internal error: Oops: 96000006 [#1] PREEMPT SMP
[  192.320490] Modules linked in:
[  192.338613] CPU: 6 PID: 495 Comm: python3 Not tainted 5.4.18 #2
[  192.338962] Hardware name: linux,dummy-virt (DT)
[  192.340573] pstate: 80000005 (Nzcv daif -PAN -UAO)
[  192.344603] pc : udp_sendmsg+0x318/0x860
[  192.345005] lr : udp_sendmsg+0x294/0x860
[  192.345403] sp : ffff800011f4bb60
[  192.345833] x29: ffff800011f4bb70 x28: 000000000000001a 
[  192.347539] x27: ffff800011f4bd80 x26: 0000000000000011 
[  192.347943] x25: 0000000000000012 x24: ffff00007b317608 
[  192.348364] x23: 000000006401a8c0 x22: 0000000000000000 
[  192.348994] x21: ffff8000343fe000 x20: 0000000000000000 
[  192.349482] x19: ffff00007b3172c0 x18: 0000000000000000 
[  192.349756] x17: 0000000000000000 x16: 0000000000000000 
[  192.350051] x15: 0000000000000001 x14: 0000000000000000 
[  192.350363] x13: 0000000000000006 x12: 000000000000003c 
[  192.352838] x11: ffff0000719b4000 x10: 0000000000000000 
[  192.353376] x9 : ffff000079683140 x8 : 0000000000000028 
[  192.353800] x7 : ffff000072674000 x6 : 0000000022100000 
[  192.354548] x5 : 0000000000000038 x4 : 0000000000000000 
[  192.357538] x3 : 0000000000000000 x2 : ffff80006c7c5000 
[  192.359452] x1 : ffff00007a831c00 x0 : 452439be476a7a00 
[  192.360612] Call trace:
[  192.362782]  udp_sendmsg+0x318/0x860
[  192.367726]  inet_sendmsg+0x40/0x68
[  192.370056]  __sys_sendto+0xd4/0x150
[  192.379592]  __arm64_sys_sendto+0x24/0x30
[  192.384514]  el0_svc_common.constprop.0+0x68/0x160
[  192.389736]  el0_svc_handler+0x20/0x80
[  192.392212]  el0_svc+0x8/0xc
[  192.400976] Code: 2a1403f9 9402163f 9011c2b5 f940c7e0 (f94002a1) 
[  192.417890] ---[ end trace 0532ebc5bad0424e ]---
