[  194.961721] Unable to handle kernel NULL pointer dereference at virtual address 000000000000001a
[  194.969045] Mem abort info:
[  194.969813]   ESR = 0x96000006
[  194.970640]   EC = 0x25: DABT (current EL), IL = 32 bits
[  194.971777]   SET = 0, FnV = 0
[  194.972410]   EA = 0, S1PTW = 0
[  194.973069] Data abort info:
[  194.973348]   ISV = 0, ISS = 0x00000006
[  194.973630]   CM = 0, WnR = 0
[  194.974374] user pgtable: 4k pages, 48-bit VAs, pgdp=00000000b3476000
[  194.974988] [000000000000001a] pgd=00000000b247b003, pud=00000000b0a8a003, pmd=0000000000000000
[  194.980881] Internal error: Oops: 96000006 [#1] PREEMPT SMP
[  194.983238] Modules linked in:
[  194.987291] CPU: 3 PID: 489 Comm: python3 Not tainted 5.4.18 #2
[  194.988378] Hardware name: linux,dummy-virt (DT)
[  194.990516] pstate: 400003c5 (nZcv DAIF -PAN -UAO)
[  194.998370] pc : ret_to_user+0x4/0x10
[  194.999114] lr : el0_svc+0x8/0xc
[  194.999812] sp : ffff800011e5bec0
[  195.000481] x29: ffff800011e5bff0 x28: 000000000000001a 
[  195.002425] x27: 0000000000000002 x26: 0000000000000000 
[  195.003667] x25: 0000000056000000 x24: 0000000000000015 
[  195.004498] x23: 0000000060000000 x22: 0000ffffb6608860 
[  195.005321] x21: 00000000ffffffff x20: ffff80006c783000 
[  195.006050] x19: 0000000000000000 x18: 0000000000000000 
[  195.007146] x17: 0000000000000000 x16: 0000000000000000 
[  195.007899] x15: 0000000000000001 x14: 0000000000000000 
[  195.009179] x13: 0000000000000006 x12: 000000000000003c 
[  195.009958] x11: ffff0000724e5000 x10: 0000000000000000 
[  195.010751] x9 : ffff000079bcbd40 x8 : 0000000000000028 
[  195.011490] x7 : ffff000075ec4000 x6 : 0000000022100000 
[  195.012220] x5 : 000000000000003d x4 : 0000000000000000 
[  195.013499] x3 : 0000000000000000 x2 : 0000000000000000 
[  195.014278] x1 : 0000000000000000 x0 : 0000000000000000 
[  195.016685] Call trace:
[  195.017747]  ret_to_user+0x4/0x10
[  195.020432] Code: 940025db f9400381 14000005 d5034fdf (f9400381) 
[  195.024432] ---[ end trace 4dc8cb60e99893ba ]---
[  196.293614] Unable to handle kernel NULL pointer dereference at virtual address 0000000000000038
[  196.298815] Mem abort info:
[  196.301458]   ESR = 0x96000004
[  196.302058]   EC = 0x25: DABT (current EL), IL = 32 bits
[  196.307515]   SET = 0, FnV = 0
[  196.311812]   EA = 0, S1PTW = 0
[  196.312786] Data abort info:
[  196.313377]   ISV = 0, ISS = 0x00000004
[  196.315077]   CM = 0, WnR = 0
[  196.315701] user pgtable: 4k pages, 48-bit VAs, pgdp=00000000b9659000
[  196.317178] [0000000000000038] pgd=0000000000000000
[  196.320048] Internal error: Oops: 96000004 [#2] PREEMPT SMP
[  196.321734] Modules linked in:
[  196.324323] CPU: 2 PID: 245 Comm: systemd-timesyn Tainted: G      D           5.4.18 #2
[  196.329845] Hardware name: linux,dummy-virt (DT)
[  196.333839] pstate: 400003c5 (nZcv DAIF -PAN -UAO)
[  196.338410] pc : ret_to_user+0x4/0x10
[  196.343424] lr : el0_svc+0x8/0xc
[  196.347661] sp : ffff800011d5bec0
[  196.354763] x29: ffff800011d5bff0 x