[  194.965357] Unable to handle kernel paging request at virtual address 000000006401a8e8
[  194.983580] Mem abort info:
[  194.984406]   ESR = 0x96000005
[  194.989811]   EC = 0x25: DABT (current EL), IL = 32 bits
[  194.998686]   SET = 0, FnV = 0
[  194.999358]   EA = 0, S1PTW = 0
[  195.000241] Data abort info:
[  195.000841]   ISV = 0, ISS = 0x00000005
[  195.001479]   CM = 0, WnR = 0
[  195.006275] user pgtable: 4k pages, 48-bit VAs, pgdp=00000000b143c000
[  195.008547] [000000006401a8e8] pgd=00000000b17ab003, pud=0000000000000000
[  195.020578] Internal error: Oops: 96000005 [#1] PREEMPT SMP
[  195.026900] Modules linked in:
[  195.038352] CPU: 4 PID: 491 Comm: python3 Not tainted 5.4.18 #2
[  195.051064] Hardware name: linux,dummy-virt (DT)
[  195.055077] pstate: 80000005 (Nzcv daif -PAN -UAO)
[  195.062665] pc : udp_sendmsg+0x1d8/0x860
[  195.064065] lr : udp_sendmsg+0x520/0x860
[  195.064759] sp : ffff800011f5bb60
[  195.067462] x29: ffff800011f5bb70 x28: 0000000000000012 
[  195.067982] x27: ffff800011f5bd80 x26: 0000000000000011 
[  195.068350] x25: 0000000000000012 x24: ffff00007b30b648 
[  195.068706] x23: 000000006401a8c0 x22: 0000000000000000 
[  195.071212] x21: ffff000073044600 x20: ffff800010b762e8 
[  195.072252] x19: ffff00007b30b300 x18: 0000000000000000 
[  195.074669] x17: 0000000000000000 x16: 0000000000000000 
[  195.075463] x15: 0000000000000001 x14: 0000000000000000 
[  195.075710] x13: 0000000000000006 x12: 00000000c0a80164 
[  195.075903] x11: 0000000000000000 x10: 0000000000000068 
[  195.076101] x9 : 0000000000000000 x8 : ffff800011f5bc30 
[  195.076370] x7 : ffff00007a9e5180 x6 : 0000000000000001 
[  195.076586] x5 : 0000000000000000 x4 : 0000000000000000 
[  195.077054] x3 : 0000000000000000 x2 : 0000000000000002 
[  195.078822] x1 : 0000000000000000 x0 : 000000006401a8c0 
[  195.080553] Call trace:
[  195.082396]  udp_sendmsg+0x1d8/0x860
[  195.083633]  inet_sendmsg+0x40/0x68
[  195.084116]  __sys_sendto+0xd4/0x150
[  195.085336]  __arm64_sys_sendto+0x24/0x30
[  195.087825]  el0_svc_common.constprop.0+0x68/0x160
[  195.088664]  el0_svc_handler+0x20/0x80
[  195.092072]  el0_svc+0x8/0xc
[  195.100673] Code: b40016e3 b9404b61 37582261 b940bbe0 (b9402802) 
[  195.114239] ---[ end trace 66b2210c5aa25476 ]---
