[  193.890714] kernel BUG at arch/arm64/kernel/traps.c:405!
[  193.896594] Internal error: Oops - BUG: 0 [#1] PREEMPT SMP
[  193.898190] Modules linked in:
[  193.902045] CPU: 5 PID: 497 Comm: python3 Not tainted 5.4.18 #2
[  193.902641] Hardware name: linux,dummy-virt (DT)
[  193.904177] pstate: 00000005 (nzcv daif -PAN -UAO)
[  193.908415] pc : do_undefinstr+0x2ec/0x310
[  193.908879] lr : do_undefinstr+0x1e0/0x310
[  193.909313] sp : ffff800011ef39c0
[  193.910069] x29: ffff800011ef39c0 x28: ffff00007b3fe200 
[  193.913036] x27: ffff800011ef3d80 x26: 0000000000000011 
[  193.914086] x25: 0000000000000012 x24: 0000000000000000 
[  193.914840] x23: 0000000080000005 x22: ffff800010baa514 
[  193.915637] x21: ffff800011ef3b60 x20: ffff00007b3fe200 
[  193.916564] x19: ffff800011ef3a20 x18: 0000000000000000 
[  193.917388] x17: 0000000000000000 x16: 0000000000000000 
[  193.918144] x15: 0000000000000000 x14: 0000000000000000 
[  193.918887] x13: 0000000000000000 x12: 0000000000000000 
[  193.919495] x11: 0000000000000000 x10: 0000000000000000 
[  193.919848] x9 : 0000000000400100 x8 : ffff00007b3fe200 
[  193.920192] x7 : 0000ffff8cc4de10 x6 : ffff800011ef3a18 
[  193.920534] x5 : 00000000d5300000 x4 : ffff8000117c51f0 
[  193.920878] x3 : 0000000075000000 x2 : 0000000000000000 
[  193.921253] x1 : ffff00007b3fe200 x0 : 0000000080000005 
[  193.921992] Call trace:
[  193.922338]  do_undefinstr+0x2ec/0x310
[  193.922641]  el1_undef+0x10/0x84
[  193.922893]  udp_sendmsg+0x94/0x860
[  193.923168]  inet_sendmsg+0x40/0x68
[  193.923433]  __sys_sendto+0xd4/0x150
[  193.923683]  __arm64_sys_sendto+0x24/0x30
[  193.923959]  el0_svc_common.constprop.0+0x68/0x160
[  193.924264]  el0_svc_handler+0x20/0x80
[  193.924521]  el0_svc+0x8/0xc
[  193.925353] Code: f9401bf7 17ffff7c a9025bf5 f9001bf7 (d4210000) 
[  193.929281] ---[ end trace d603f5e54cbbe0ac ]---
[  193.930967] note: python3[497] exited with preempt_count 1
[  194.113155] ------------[ cut here ]------------
[  194.130607] WARNING: CPU: 5 PID: 0 at kernel/rcu/tree.c:569 rcu_idle_enter+0x74/0x80
[  194.157992] Modules linked in:
[  194.166663] CPU: 5 PID: 0 Comm: swapper/5 Tainted: G      D           5.4.18 #2
[  194.173796] Hardware name: linux,dummy-virt (DT)
[  194.176996] pstate: 200003c5 (nzCv DAIF -PAN -UAO)
[  194.182143] pc : rcu_idle_enter+0x74/0x80
[  194.191151] lr : do_idle+0x200/0x288
[  194.194732] sp : ffff800011a6bf20
[  194.197214] x29: ffff800011a6bf20 x28: 0000000000000000 
[  194.212744] x27: 0000000000000000 x26: 0000000000000000 
[  194.215843] x25: 0000000000000000 x24: ffff8000117ba214 
[  194.220241] x23: ffff00007b0c5400 x22: ffff800011404ab8 
[  194.226852] x21: ffff8000117ba1f0 x20: 0000000000000005 
[  194.228023] x19: ffff8000117ba118 x18: 0000000000000010 
[  194.232210] x17: 0000000000000000 x16: 0000000000000000 
[  194.239370] x15: 000000000000002f x14: 0000000000000000 
[  194.242786] x13: 0000000000000003 x12: 000000000000002f 
[  194.252791] x11: 0000000000000001 x10: 00000000000009c0 
[  194.266825] x9 : ffff800011a6be90 x8 : ffff00007b0c5e20 
[  194.271496] x7 : 00000000000003f5 x6 : 0000020b7918b25e 
[  194.274047] x5 : 00ffffffffffffff x4 : ffff80006c7af000 
[  194.275728] x3 : 4000000000000002 x2 : 4000000000000000 
[  194.277216] x1 : ffff800011406980 x0 : ffff00007dbb5980 
[  194.277947] Call trace:
[  194.278506]  rcu_idle_enter+0x74/0x80
[  194.278942]  do_idle+0x200/0x288
[  194.279676]  cpu_startup_entry+0x24/0x40
[  194.281054]  secondary_start_kernel+0x154/0x190
[  194.282149] ---[ end trace d603f5e54cbbe0ad ]---
