[  197.309076] Unable to handle kernel NULL pointer dereference at virtual address 0000000000000000
[  197.312046] Mem abort info:
[  197.312510]   ESR = 0x96000046
[  197.313205]   EC = 0x25: DABT (current EL), IL = 32 bits
[  197.315737]   SET = 0, FnV = 0
[  197.316242]   EA = 0, S1PTW = 0
[  197.316742] Data abort info:
[  197.319215]   ISV = 0, ISS = 0x00000046
[  197.319980]   CM = 0, WnR = 1
[  197.322474] user pgtable: 4k pages, 48-bit VAs, pgdp=00000000b20f7000
[  197.323253] [0000000000000000] pgd=00000000b804d003, pud=00000000bb3ed003, pmd=0000000000000000
[  197.328172] Internal error: Oops: 96000046 [#1] PREEMPT SMP
[  197.329923] Modules linked in:
[  197.331440] CPU: 3 PID: 493 Comm: python3 Not tainted 5.4.18 #2
[  197.331682] Hardware name: linux,dummy-virt (DT)
[  197.332415] pstate: 80000005 (Nzcv daif -PAN -UAO)
[  197.336344] pc : ip_make_skb+0x50/0x140
[  197.337295] lr : udp_sendmsg+0x6ec/0x860
[  197.339225] sp : ffff8000120ebad0
[  197.340590] x29: ffff8000120ebae0 x28: ffff8000120ebb40 
[  197.341635] x27: ffff8000120ebd80 x26: ffff8000120ebd80 
[  197.342762] x25: ffff800010b762e8 x24: 0000000000000000 
[  197.344072] x23: ffff8000120ebc30 x22: 0000000000000000 
[  197.344326] x21: 0000000000000000 x20: ffff000073cbb800 
[  197.344652] x19: ffff00007ab68cc0 x18: 0000000000000000 
[  197.345865] x17: 0000000000000000 x16: 0000000000000000 
[  197.346639] x15: 0000000000000001 x14: 0000000000000000 
[  197.347149] x13: 0000000000000006 x12: 00000000c0a80164 
[  197.347369] x11: 0000000000000000 x10: 0000000000000068 
[  197.347765] x9 : 0000000000000000 x8 : 0000000000000000 
[  197.348220] x7 : ffff8000120ebc00 x6 : ffff8000120ebc08 
[  197.348531] x5 : 0000000000000008 x4 : 000000000000001a 
[  197.349200] x3 : ffff8000120ebd80 x2 : ffff800010b762e8 
[  197.349870] x1 : ffff8000120ebc30 x0 : ffff00007ab68cc0 
[  197.350808] Call trace:
[  197.351504]  ip_make_skb+0x50/0x140
[  197.351709]  udp_sendmsg+0x6ec/0x860
[  197.351909]  inet_sendmsg+0x40/0x68
[  197.352035]  __sys_sendto+0xd4/0x150
[  197.352201]  __arm64_sys_sendto+0x24/0x30
[  197.352403]  el0_svc_common.constprop.0+0x68/0x160
[  197.352685]  el0_svc_handler+0x20/0x80
[  197.352885]  el0_svc+0x8/0xc
[  197.354283] Code: aa0203f9 a90673fb aa0303fa 9101c3fc (a9007ebf) 
[  197.357690] ---[ end trace 567593da4013149f ]---
