[  199.200856] Unable to handle kernel write to read-only memory at virtual address ffff800011fc3b69
[  199.216417] Mem abort info:
[  199.223333]   ESR = 0x9600004f
[  199.224695]   EC = 0x25: DABT (current EL), IL = 32 bits
[  199.231625]   SET = 0, FnV = 0
[  199.232269]   EA = 0, S1PTW = 0
[  199.235911] Data abort info:
[  199.238116]   ISV = 0, ISS = 0x0000004f
[  199.241035]   CM = 0, WnR = 1
[  199.244800] swapper pgtable: 4k pages, 48-bit VAs, pgdp=00000000412a6000
[  199.252968] [ffff800011fc3b69] pgd=00000000bdfff003, pud=00000000bdffe003, pmd=00000000baa69003, pte=00680000b3d45713
[  199.283902] Internal error: Oops: 9600004f [#1] PREEMPT SMP
[  199.291312] Modules linked in:
[  199.292862] CPU: 3 PID: 494 Comm: python3 Not tainted 5.4.18 #2
[  199.293900] Hardware name: linux,dummy-virt (DT)
[  199.296780] pstate: 40000005 (nZcv daif -PAN -UAO)
[  199.302116] pc : udp_sendmsg+0x4e8/0x860
[  199.303702] lr : udp_sendmsg+0x150/0x860
[  199.304614] sp : ffff800011fc3b60
[  199.305580] x29: ffff800011fc3b70 x28: 0000000000000012 
[  199.309320] x27: ffff800011fc3d80 x26: 0000000000000011 
[  199.311914] x25: 0000000000000012 x24: ffff00007b2ce508 
[  199.313816] x23: 000000006401a8c0 x22: 0000000000000000 
[  199.320529] x21: ffff000073e39c00 x20: ffff800010b762e8 
[  199.322945] x19: ffff00007b2ce1c0 x18: 0000000000000000 
[  199.324268] x17: 0000000000000000 x16: 0000000000000000 
[  199.326562] x15: 0000000000000000 x14: 0000000000000000 
[  199.338099] x13: 0000000000000000 x12: 0000000000000000 
[  199.338941] x11: 0000000000000000 x10: 0000000000008ca0 
[  199.347823] x9 : 000000006401a8c0 x8 : ffff800011963ac0 
[  199.355059] x7 : 00000000000003e8 x6 : ffff800011fc3de8 
[  199.356264] x5 : ffff800011fc3de8 x4 : 0000000000000000 
[  199.358717] x3 : 0000000000008813 x2 : 0000000000000001 
[  199.359745] x1 : 0000000000000000 x0 : 0000000000000011 
[  199.360981] Call trace:
[  199.368165]  udp_sendmsg+0x4e8/0x860
[  199.387061]  inet_sendmsg+0x40/0x68
[  199.389666]  __sys_sendto+0xd4/0x150
[  199.396188]  __arm64_sys_sendto+0x24/0x30
[  199.400231]  el0_svc_common.constprop.0+0x68/0x160
[  199.415130]  el0_svc_handler+0x20/0x80
[  199.419765]  el0_svc+0x8/0xc
[  199.425436] Code: b9423267 39480660 390373e2 52800022 (b8009be4) 
[  199.436133] ---[ end trace 55c2c933bcb36054 ]---
