[  193.244358] Unable to handle kernel NULL pointer dereference at virtual address 00000000000000e0
[  193.251628] Mem abort info:
[  193.252772]   ESR = 0x96000006
[  193.253649]   EC = 0x25: DABT (current EL), IL = 32 bits
[  193.256652]   SET = 0, FnV = 0
[  193.257642]   EA = 0, S1PTW = 0
[  193.258481] Data abort info:
[  193.259074]   ISV = 0, ISS = 0x00000006
[  193.264690]   CM = 0, WnR = 0
[  193.269259] user pgtable: 4k pages, 48-bit VAs, pgdp=00000000b4722000
[  193.274156] [00000000000000e0] pgd=00000000b1644003, pud=00000000b5ecd003, pmd=0000000000000000
[  193.301949] Internal error: Oops: 96000006 [#1] PREEMPT SMP
[  193.304075] Modules linked in:
[  193.309554] CPU: 2 PID: 494 Comm: python3 Not tainted 5.4.18 #2
[  193.310766] Hardware name: linux,dummy-virt (DT)
[  193.313012] pstate: 80000005 (Nzcv daif -PAN -UAO)
[  193.319550] pc : tcp_twsk_unique+0x18/0x148
[  193.320412] lr : udp_sendmsg+0x150/0x860
[  193.321064] sp : ffff8000120f3b60
[  193.321629] x29: ffff8000120f3b70 x28: 0000000000000012 
[  193.323218] x27: ffff8000120f3d80 x26: 0000000000000011 
[  193.324059] x25: 0000000000000012 x24: ffff000075c83648 
[  193.324849] x23: 000000006401a8c0 x22: 0000000000000000 
[  193.325859] x21: 0000000000000000 x20: ffff800010b762e8 
[  193.326962] x19: ffff000075c83300 x18: 0000000000000000 
[  193.327702] x17: 0000000000000000 x16: 0000000000000000 
[  193.328078] x15: 0000000000000000 x14: 0000000000000000 
[  193.328441] x13: 0000000000000000 x12: 0000000000000000 
[  193.328905] x11: 0000000000000000 x10: 0000000000000000 
[  193.330457] x9 : 000000006401a8c0 x8 : 0000000000000000 
[  193.331611] x7 : 0000000000000000 x6 : ffff8000120f3de8 
[  193.332554] x5 : ffff8000120f3de8 x4 : 0000000000000000 
[  193.333587] x3 : 0000000000000000 x2 : 0000000000000000 
[  193.335469] x1 : 0000000000000000 x0 : 0000000000000000 
[  193.337218] Call trace:
[  193.340725]  tcp_twsk_unique+0x18/0x148
[  193.342283]  inet_sendmsg+0x40/0x68
[  193.342606]  __sys_sendto+0xd4/0x150
[  193.342890]  __arm64_sys_sendto+0x24/0x30
[  193.343446]  el0_svc_common.constprop.0+0x68/0x160
[  193.345261]  el0_svc_handler+0x20/0x80
[  193.348147]  el0_svc+0x8/0xc
[  193.357982] Code: a90153f3 aa0103f3 f90013f5 aa0003f5 (b940e034) 
[  193.362904] ---[ end trace 9a5b1f1aeb88e636 ]---
