[  194.919453] kernel BUG at arch/arm64/kernel/traps.c:405!
[  194.921768] Internal error: Oops - BUG: 0 [#1] PREEMPT SMP
[  194.922961] Modules linked in:
[  194.923715] CPU: 2 PID: 494 Comm: python3 Not tainted 5.4.18 #2
[  194.923939] Hardware name: linux,dummy-virt (DT)
[  194.924507] pstate: 00000005 (nzcv daif -PAN -UAO)
[  194.924790] pc : do_undefinstr+0x2ec/0x310
[  194.924956] lr : do_undefinstr+0x1e0/0x310
[  194.925124] sp : ffff800011edb9c0
[  194.925268] x29: ffff800011edb9c0 x28: ffff000078136200 
[  194.925525] x27: ffff800011edbd80 x26: 0000000000000011 
[  194.925709] x25: 0000000000000012 x24: 0000000000000000 
[  194.925906] x23: 0000000080000005 x22: ffff800010baab78 
[  194.926336] x21: ffff800011edbb60 x20: ffff000078136200 
[  194.926521] x19: ffff800011edba20 x18: 0000000000000000 
[  194.927152] x17: 0000000000000000 x16: 0000000000000000 
[  194.928791] x15: 0000000000000001 x14: 0000000000000000 
[  194.932089] x13: 0000000000000006 x12: 00000000c0a80164 
[  194.932942] x11: 0000000000000000 x10: 0000000000000068 
[  194.935892] x9 : ffff000078136200 x8 : ffff000078287c00 
[  194.936740] x7 : 000000006db00000 x6 : ffff800011edba18 
[  194.937834] x5 : 00000000d5300000 x4 : ffff8000117c51f0 
[  194.938664] x3 : 00000000fb400000 x2 : 0000000000000000 
[  194.939764] x1 : ffff000078136200 x0 : 0000000080000005 
[  194.941903] Call trace:
[  194.945437]  do_undefinstr+0x2ec/0x310
[  194.946847]  el1_undef+0x10/0x84
[  194.947585]  udp_sendmsg+0x6f8/0x860
[  194.948275]  inet_sendmsg+0x40/0x68
[  194.948870]  __sys_sendto+0xd4/0x150
[  194.949455]  __arm64_sys_sendto+0x24/0x30
[  194.950156]  el0_svc_common.constprop.0+0x68/0x160
[  194.950871]  el0_svc_handler+0x20/0x80
[  194.951461]  el0_svc+0x8/0xc
[  194.953422] Code: f9401bf7 17ffff7c a9025bf5 f9001bf7 (d4210000) 
[  194.957224] ---[ end trace fb9a9fe325b4daaa ]---
[  194.959340] note: python3[494] exited with preempt_count 1
[  195.075272] ------------[ cut here ]------------
[  195.078056] WARNING: CPU: 2 PID: 0 at kernel/rcu/tree.c:569 rcu_idle_enter+0x74/0x80
[  195.079455] Modules linked in:
[  195.085178] CPU: 2 PID: 0 Comm: swapper/2 Tainted: G      D           5.4.18 #2
[  195.087728] Hardware name: linux,dummy-virt (DT)
[  195.088886] pstate: 20000085 (nzCv daIf -PAN -UAO)
[  195.089862] pc : rcu_idle_enter+0x74/0x80
[  195.092162] lr : do_idle+0x200/0x288
[  195.092618] sp : ffff800011a53f20
[  195.092956] x29: ffff800011a53f20 x28: 0000000000000000 
[  195.100428] x27: 0000000000000000 x26: 0000000000000000 
[  195.104207] x25: 0000000000000000 x24: ffff8000117ba214 
[  195.107155] x23: ffff00007b0c2a00 x22: ffff800011404ab8 
[  195.112436] x21: ffff8000117ba1f0 x20: 0000000000000002 
[  195.116032] x19: ffff8000117ba118 x18: 0000000000000010 
[  195.118926] x17: 0000000000000000 x16: 0000000000000000 
[  195.121638] x15: 000000000000000b x14: 0000000000000000 
[  195.123476] x13: 0000000000001727 x12: 000000000000004b 
[  195.124458] x11: 00000000005cb6e7 x10: 00000000000009c0 
[  195.128339] x9 : ffff800011a53e90 x8 : ffff00007b0c3420 
[  195.131810] x7 : ffff00007db9f800 x6 : 000003e2eb493651 
[  195.132309] x5 : 00ffffffffffffff x4 : ffff80006c76d000 
[  195.134911] x3 : 4000000000000002 x2 : 4000000000000000 
[  195.135579] x1 : ffff800011406980 x0 : ffff00007db73980 
[  195.136067] Call trace:
[  195.136563]  rcu_idle_enter+0x74/0x80
[  195.137040]  do_idle+0x200/0x288
[  195.139254]  cpu_startup_entry+0x24/0x40
[  195.139772]  secondary_start_kernel+0x154/0x190
[  195.140495] ---[ end trace fb9a9fe325b4daab ]---
