[  193.156067] Unable to handle kernel paging request at virtual address ffff800011da7b60
[  193.175490] Mem abort info:
[  193.179307]   ESR = 0x96000047
[  193.181546]   EC = 0x25: DABT (current EL), IL = 32 bits
[  193.182639]   SET = 0, FnV = 0
[  193.189199]   EA = 0, S1PTW = 0
[  193.191674] Data abort info:
[  193.192469]   ISV = 0, ISS = 0x00000047
[  193.193320]   CM = 0, WnR = 1
[  193.196752] swapper pgtable: 4k pages, 48-bit VAs, pgdp=00000000412a6000
[  193.199186] [ffff800011da7b60] pgd=00000000bdfff003, pud=00000000bdffe003, pmd=00000000ba830003, pte=0000000000000000
[  193.204664] Internal error: Oops: 96000047 [#1] PREEMPT SMP
[  193.205400] Modules linked in:
[  193.212922] CPU: 0 PID: 493 Comm: python3 Not tainted 5.4.18 #2
[  193.215419] Hardware name: linux,dummy-virt (DT)
[  193.217636] pstate: 80000005 (Nzcv daif -PAN -UAO)
[  193.220176] pc : udp_sendmsg+0x6bc/0x860
[  193.220817] lr : udp_sendmsg+0x520/0x860
[  193.221336] sp : ffff800011da3b60
[  193.221773] x29: ffff800011da3b70 x28: 000000000000001a 
[  193.222869] x27: ffff800011da3d80 x26: 0000000000000011 
[  193.225661] x25: 0000000000000012 x24: ffff00007abaa108 
[  193.226093] x23: 000000006401a8c0 x22: ffff800011da3c68 
[  193.226464] x21: ffff0000797b4600 x20: ffff800010b762e8 
[  193.228701] x19: ffff00007aba9dc0 x18: 0000000000000000 
[  193.229805] x17: 0000000000000000 x16: 0000000000000000 
[  193.234149] x15: 0000000000000001 x14: 0000000000000000 
[  193.235929] x13: 0000000000000006 x12: 00000000c0a80164 
[  193.236732] x11: 0000000000000000 x10: 0000000000000068 
[  193.240614] x9 : 0000000000000000 x8 : ffff800011da3c30 
[  193.244023] x7 : ffff00007b21a240 x6 : 0000000000000001 
[  193.244867] x5 : 0000000000000000 x4 : 0000000000000000 
[  193.246145] x3 : 0000000000000000 x2 : 000000006e01a8c0 
[  193.248761] x1 : 0000000000000000 x0 : 000000006401a8c0 
[  193.251234] Call trace:
[  193.251713]  udp_sendmsg+0x6bc/0x860
[  193.252091]  inet_sendmsg+0x40/0x68
[  193.252400]  __sys_sendto+0xd4/0x150
[  193.253200]  __arm64_sys_sendto+0x24/0x30
[  193.253976]  el0_svc_common.constprop.0+0x68/0x160
[  193.260270]  el0_svc_handler+0x20/0x80
[  193.261887]  el0_svc+0x8/0xc
[  193.265716] Code: 97fdf6e9 f94047e8 17fffec6 910423f6 (f92003f6) 
[  193.269300] ---[ end trace 3f36e64b36280621 ]---
