[  198.443369] Unable to handle kernel paging request at virtual address 000000006401a93c
[  198.454657] Mem abort info:
[  198.458214]   ESR = 0x96000045
[  198.462915]   EC = 0x25: DABT (current EL), IL = 32 bits
[  198.467526]   SET = 0, FnV = 0
[  198.470165]   EA = 0, S1PTW = 0
[  198.471956] Data abort info:
[  198.478537]   ISV = 0, ISS = 0x00000045
[  198.482707]   CM = 0, WnR = 1
[  198.483749] user pgtable: 4k pages, 48-bit VAs, pgdp=00000000b9511000
[  198.494839] [000000006401a93c] pgd=00000000b1206003, pud=0000000000000000
[  198.501422] Internal error: Oops: 96000045 [#1] PREEMPT SMP
[  198.504752] Modules linked in:
[  198.508531] CPU: 7 PID: 498 Comm: python3 Not tainted 5.4.18 #2
[  198.509935] Hardware name: linux,dummy-virt (DT)
[  198.512279] pstate: 40000005 (nZcv daif -PAN -UAO)
[  198.517486] pc : udp_sendmsg+0xf4/0x860
[  198.518286] lr : inet_sendmsg+0x40/0x68
[  198.518859] sp : ffff800011f9bb60
[  198.519340] x29: ffff800011f9bb70 x28: 0000000000000012 
[  198.521447] x27: ffff800011f9bd80 x26: 0000000000000011 
[  198.522077] x25: 0000000000000012 x24: ffff000078274b88 
[  198.522833] x23: 000000006401a8c0 x22: 0000000000000000 
[  198.525422] x21: ffff00007552f000 x20: ffff800010b762e8 
[  198.526575] x19: ffff000078274840 x18: 0000000000000000 
[  198.527363] x17: 0000000000000000 x16: 0000000000000000 
[  198.529499] x15: 0000000000000000 x14: 0000000000000000 
[  198.529921] x13: 0000000000000000 x12: 0000000000000000 
[  198.530349] x11: 0000000000000000 x10: 0000000000000000 
[  198.532572] x9 : 0000000000000000 x8 : 0000000000000000 
[  198.539062] x7 : 0000000000000000 x6 : ffff800011f9bde8 
[  198.545347] x5 : ffff800011f9bde8 x4 : 0000000000000000 
[  198.546782] x3 : 0000000000000000 x2 : 00000000ffffffff 
[  198.547251] x1 : 0000000000000000 x0 : 0000000000000000 
[  198.548589] Call trace:
[  198.549964]  udp_sendmsg+0xf4/0x860
[  198.550333]  inet_sendmsg+0x40/0x68
[  198.550674]  __sys_sendto+0xd4/0x150
[  198.551102]  __arm64_sys_sendto+0x24/0x30
[  198.553772]  el0_svc_common.constprop.0+0x68/0x160
[  198.560062]  el0_svc_handler+0x20/0x80
[  198.561448]  el0_svc+0x8/0xc
[  198.563106] Code: b941b669 b942da67 a90bffff b900cbff (b9007eff) 
[  198.568330] ---[ end trace 77917df857784bf9 ]---
