[  201.180042] Unable to handle kernel read from unreadable memory at virtual address ffff800011d63d80
[  201.188232] Mem abort info:
[  201.188988]   ESR = 0x8600000f
[  201.189564]   EC = 0x21: IABT (current EL), IL = 32 bits
[  201.191803]   SET = 0, FnV = 0
[  201.192124]   EA = 0, S1PTW = 0
[  201.192714] swapper pgtable: 4k pages, 48-bit VAs, pgdp=00000000412a6000
[  201.193240] [ffff800011d63d80] pgd=00000000bdfff003, pud=00000000bdffe003, pmd=00000000bb335003, pte=00680000b97f4713
[  201.203004] Internal error: Oops: 8600000f [#1] PREEMPT SMP
[  201.206253] Modules linked in:
[  201.210212] CPU: 0 PID: 492 Comm: python3 Not tainted 5.4.18 #2
[  201.211498] Hardware name: linux,dummy-virt (DT)
[  201.213122] pstate: 20000005 (nzCv daif -PAN -UAO)
[  201.215717] pc : 0xffff800011d63d80
[  201.217412] lr : __ip_append_data.isra.0+0x85c/0xc30
[  201.217722] sp : ffff800011d639e0
[  201.217962] x29: ffff800011d639e0 x28: ffff00007821f930 
[  201.218344] x27: 000000000000001a x26: 0000000000000000 
[  201.218620] x25: ffff000078251540 x24: ffff0000783570c0 
[  201.218920] x23: 0000000000000000 x22: 0000000000000000 
[  201.219214] x21: 0000000000000012 x20: 0000000000000000 
[  201.219489] x19: 0000000000000000 x18: 0000000000000000 
[  201.219761] x17: 0000000000000000 x16: 0000000000000000 
[  201.220038] x15: 0000000000000001 x14: 0000000000000000 
[  201.220318] x13: 0000000000000006 x12: 00000000c0a80164 
[  201.220646] x11: 0000000000000000 x10: 0000000000000068 
[  201.220934] x9 : 0000000000000000 x8 : ffff00007b32ac00 
[  201.221551] x7 : 0000000000000001 x6 : ffff800011d63d80 
[  201.222544] x5 : ffff00007b32ac00 x4 : 0000000000000000 
[  201.223164] x3 : 0000000000000012 x2 : 0000000000000000 
[  201.223791] x1 : ffff000078315e2c x0 : 0000000000000000 
[  201.224664] Call trace:
[  201.224949]  0xffff800011d63d80
[  201.225271]  ip_make_skb+0xec/0x140
[  201.225802]  udp_sendmsg+0x6ec/0x860
[  201.226325]  inet_sendmsg+0x40/0x68
[  201.226537]  __sys_sendto+0xd4/0x150
[  201.227060]  __arm64_sys_sendto+0x24/0x30
[  201.227520]  el0_svc_common.constprop.0+0x68/0x160
[  201.228235]  el0_svc_handler+0x20/0x80
[  201.229022]  el0_svc+0x8/0xc
[  201.232203] Code: 7fbb9e50 0000ffff 00000012 00000000 (11d63dd8) 
[  201.236199] ---[ end trace df900ce3970099c0 ]---
