[  198.967967] kernel BUG at arch/arm64/kernel/traps.c:405!
[  198.973724] Internal error: Oops - BUG: 0 [#1] PREEMPT SMP
[  198.975534] Modules linked in:
[  198.981274] CPU: 4 PID: 495 Comm: python3 Not tainted 5.4.18 #2
[  198.982549] Hardware name: linux,dummy-virt (DT)
[  198.985423] pstate: 00000005 (nzcv daif -PAN -UAO)
[  198.990985] pc : do_undefinstr+0x2ec/0x310
[  198.991777] lr : do_undefinstr+0x1e0/0x310
[  198.992520] sp : ffff800011f1b9c0
[  198.993138] x29: ffff800011f1b9c0 x28: ffff00007b375400 
[  198.994675] x27: ffff800011f1bd80 x26: 0000000000000011 
[  198.995939] x25: 0000000000000012 x24: 0000000000000000 
[  198.996679] x23: 0000000080000005 x22: ffff800010baa934 
[  198.997112] x21: ffff800011f1bb60 x20: ffff00007b375400 
[  198.997536] x19: ffff800011f1ba20 x18: 0000000000000000 
[  198.998091] x17: 0000000000000000 x16: 0000000000000000 
[  198.998656] x15: 0000000000000000 x14: 0000000000000000 
[  198.999199] x13: 0000000000000000 x12: 0000000000000000 
[  198.999718] x11: 0000000000000000 x10: 0000000000000000 
[  199.000400] x9 : 000000006401a8c0 x8 : ffff00007950ba88 
[  199.002972] x7 : 0000000000000000 x6 : ffff800011f1ba18 
[  199.003669] x5 : 00000000d5300000 x4 : ffff8000117c51f0 
[  199.004411] x3 : 0000000099000000 x2 : 0000000000000000 
[  199.005095] x1 : ffff00007b375400 x0 : 0000000080000005 
[  199.006561] Call trace:
[  199.007236]  do_undefinstr+0x2ec/0x310
[  199.007813]  el1_undef+0x10/0x84
[  199.008313]  udp_sendmsg+0x4b4/0x860
[  199.008768]  inet_sendmsg+0x40/0x68
[  199.009197]  __sys_sendto+0xd4/0x150
[  199.009855]  __arm64_sys_sendto+0x24/0x30
[  199.010562]  el0_svc_common.constprop.0+0x68/0x160
[  199.011388]  el0_svc_handler+0x20/0x80
[  199.012162]  el0_svc+0x8/0xc
[  199.014413] Code: f9401bf7 17ffff7c a9025bf5 f9001bf7 (d4210000) 
[  199.018115] ---[ end trace a4172704bcee5636 ]---
[  199.021423] note: python3[495] exited with preempt_count 1
[  199.062666] ------------[ cut here ]------------
[  199.065077] WARNING: CPU: 4 PID: 0 at kernel/rcu/tree.c:569 rcu_idle_enter+0x74/0x80
[  199.065946] Modules linked in:
[  199.066635] CPU: 4 PID: 0 Comm: swapper/4 Tainted: G      D           5.4.18 #2
[  199.069580] Hardware name: linux,dummy-virt (DT)
[  199.070719] pstate: 200003c5 (nzCv DAIF -PAN -UAO)
[  199.072164] pc : rcu_idle_enter+0x74/0x80
[  199.072520] lr : do_idle+0x200/0x288
[  199.073426] sp : ffff800011a63f20
[  199.074518] x29: ffff800011a63f20 x28: 0000000000000000 
[  199.074994] x27: 0000000000000000 x26: 0000000000000000 
[  199.076832] x25: 0000000000000000 x24: ffff8000117ba214 
[  199.078268] x23: ffff00007b0c4600 x22: ffff800011404ab8 
[  199.079010] x21: ffff8000117ba1f0 x20: 0000000000000004 
[  199.079874] x19: ffff8000117ba118 x18: 0000000000000010 
[  199.081177] x17: 0000000000000000 x16: 0000000000000000 
[  199.081889] x15: 0000000000000000 x14: 0000000000000000 
[  199.082354] x13: 0000000000000002 x12: 0000000000000000 
[  199.084015] x11: 0000000000000000 x10: 00000000000009c0 
[  199.084687] x9 : ffff800011a63e90 x8 : ffff00007b0c5020 
[  199.085104] x7 : 00000000000003b4 x6 : 000000fb28dda3c2 
[  199.085458] x5 : ffff00007db9bd70 x4 : ffff800011ee3978 
[  199.085869] x3 : 4000000000000002 x2 : 4000000000000000 
[  199.086293] x1 : ffff800011406980 x0 : ffff00007db9f980 
[  199.087701] Call trace:
[  199.093401]  rcu_idle_enter+0x74/0x80
[  199.094113]  do_idle+0x200/0x288
[  199.097126]  cpu_startup_entry+0x20/0x40
[  199.100462]  secondary_start_kernel+0x154/0x190
[  199.101291] ---[ end trace a4172704bcee5637 ]---
