[  194.176876] Unable to handle kernel paging request at virtual address ffff800011eec123
[  194.187161] Mem abort info:
[  194.187718]   ESR = 0x96000047
[  194.189065]   EC = 0x25: DABT (current EL), IL = 32 bits
[  194.190196]   SET = 0, FnV = 0
[  194.190549]   EA = 0, S1PTW = 0
[  194.191536] Data abort info:
[  194.191810]   ISV = 0, ISS = 0x00000047
[  194.192155]   CM = 0, WnR = 1
[  194.192880] swapper pgtable: 4k pages, 48-bit VAs, pgdp=00000000412a6000
[  194.194399] [ffff800011eec123] pgd=00000000bdfff003, pud=00000000bdffe003, pmd=00000000ba95b003, pte=0000000000000000
[  194.197602] Internal error: Oops: 96000047 [#1] PREEMPT SMP
[  194.200406] Modules linked in:
[  194.206792] CPU: 7 PID: 492 Comm: python3 Not tainted 5.4.18 #2
[  194.210583] Hardware name: linux,dummy-virt (DT)
[  194.215194] pstate: 40000005 (nZcv daif -PAN -UAO)
[  194.218013] pc : udp_sendmsg+0x100/0x860
[  194.218373] lr : inet_sendmsg+0x40/0x68
[  194.218689] sp : ffff800011eebb60
[  194.218969] x29: ffff800011eebb70 x28: 0000000000000012 
[  194.219540] x27: ffff800011eebd80 x26: 0000000000000011 
[  194.219913] x25: 0000000000000012 x24: ffff00007945ba88 
[  194.221612] x23: 000000006401a8c0 x22: 0000000000000000 
[  194.222139] x21: ffff00007a990e00 x20: ffff800010b762e8 
[  194.222522] x19: ffff00007945b740 x18: 0000000000000000 
[  194.223092] x17: 0000000000000000 x16: 0000000000000000 
[  194.223536] x15: 0000000000000000 x14: 0000000000000000 
[  194.223996] x13: 0000000000000000 x12: 0000000000000000 
[  194.224441] x11: 0000000000000000 x10: 0000000000000000 
[  194.226194] x9 : 0000000000000000 x8 : 0000000000000000 
[  194.226728] x7 : 0000000000000000 x6 : ffff800011eebde8 
[  194.227358] x5 : ffff800011eebde8 x4 : 0000000000000000 
[  194.227665] x3 : 0000000000000000 x2 : 00000000ffffffff 
[  194.227970] x1 : 0000000000000000 x0 : 0000000000000000 
[  194.229851] Call trace:
[  194.230394]  udp_sendmsg+0x100/0x860
[  194.230914]  inet_sendmsg+0x40/0x68
[  194.231275]  __sys_sendto+0xd4/0x150
[  194.231601]  __arm64_sys_sendto+0x24/0x30
[  194.231985]  el0_svc_common.constprop.0+0x68/0x160
[  194.232887]  el0_svc_handler+0x20/0x80
[  194.233187]  el0_svc+0x8/0xc
[  194.239245] Code: b900cbff b9007fff b900b3e9 79016be8 (39170fe7) 
[  194.246686] ---[ end trace 6fbe1662a2a5f1e7 ]---
