[  193.327732] Unable to handle kernel paging request at virtual address ffff800011f940c8
[  193.339760] Mem abort info:
[  193.340403]   ESR = 0x96000007
[  193.345703]   EC = 0x25: DABT (current EL), IL = 32 bits
[  193.347637]   SET = 0, FnV = 0
[  193.348297]   EA = 0, S1PTW = 0
[  193.348911] Data abort info:
[  193.350482]   ISV = 0, ISS = 0x00000007
[  193.350924]   CM = 0, WnR = 0
[  193.351405] swapper pgtable: 4k pages, 48-bit VAs, pgdp=00000000412a6000
[  193.354108] [ffff800011f940c8] pgd=00000000bdfff003, pud=00000000bdffe003, pmd=00000000bb327003, pte=0000000000000000
[  193.363092] Internal error: Oops: 96000007 [#1] PREEMPT SMP
[  193.364907] Modules linked in:
[  193.369184] CPU: 3 PID: 490 Comm: python3 Not tainted 5.4.18 #2
[  193.371165] Hardware name: linux,dummy-virt (DT)
[  193.373479] pstate: 60000005 (nZCv daif -PAN -UAO)
[  193.383044] pc : udp_sendmsg+0x33c/0x860
[  193.383522] lr : inet_sendmsg+0x40/0x68
[  193.383847] sp : ffff800011f93b60
[  193.384334] x29: ffff800011f93cf0 x28: 000000000000001a 
[  193.384797] x27: ffff800011f93d80 x26: 0000000000000011 
[  193.385378] x25: 0000000000000012 x24: ffff800011f93dd8 
[  193.385989] x23: 0000ffffd73fbcf8 x22: 0000000000000010 
[  193.386911] x21: ffff00007b22bfc0 x20: 0000000000000012 
[  193.389019] x19: ffff800011f93d80 x18: 0000000000000000 
[  193.390016] x17: 0000000000000000 x16: 0000000000000000 
[  193.390862] x15: 0000000000000001 x14: 0000000000000000 
[  193.391529] x13: 0000000000000006 x12: 000000000000003c 
[  193.393088] x11: ffff00007703c000 x10: 0000000000000000 
[  193.393969] x9 : ffff0000795b7d40 x8 : 0000000000000028 
[  193.394656] x7 : ffff0000758d2000 x6 : 0000000022100000 
[  193.396904] x5 : 0000000000000027 x4 : 0000000000000000 
[  193.397957] x3 : 0000000000000000 x2 : ffff80006c783000 
[  193.398290] x1 : 0000000000000000 x0 : 0000000000000012 
[  193.398947] Call trace:
[  193.399257]  udp_sendmsg+0x33c/0x860
[  193.399716]  __sys_sendto+0xd4/0x150
[  193.400607]  __arm64_sys_sendto+0x24/0x30
[  193.400891]  el0_svc_common.constprop.0+0x68/0x160
[  193.401188]  el0_svc_handler+0x20/0x80
[  193.401609]  el0_svc+0x8/0xc
[  193.403264] Code: a9417bfd a94253f3 a9435bf5 a94463f7 (b9456bf9) 
[  193.414518] ---[ end trace a97cf4526fb980c9 ]---
