[  193.093621] kernel BUG at arch/arm64/kernel/traps.c:405!
[  193.102321] Internal error: Oops - BUG: 0 [#1] PREEMPT SMP
[  193.104920] Modules linked in:
[  193.112056] CPU: 7 PID: 494 Comm: python3 Not tainted 5.4.18 #2
[  193.113250] Hardware name: linux,dummy-virt (DT)
[  193.116164] pstate: 00000005 (nzcv daif -PAN -UAO)
[  193.126896] pc : do_undefinstr+0x2ec/0x310
[  193.130972] lr : do_undefinstr+0x1e0/0x310
[  193.132172] sp : ffff800011f63b50
[  193.133004] x29: ffff800011f63b50 x28: ffff00007a954600 
[  193.134278] x27: 0000000000000000 x26: 0000000000000000 
[  193.135339] x25: 0000000056000000 x24: 0000000000000000 
[  193.136306] x23: 0000000060000005 x22: ffff800010baa7c8 
[  193.137312] x21: ffff800011f63cf0 x20: ffff00007a954600 
[  193.138275] x19: ffff800011f63bb0 x18: 0000000000000000 
[  193.139314] x17: 0000000000000000 x16: 0000000000000000 
[  193.140290] x15: 0000000000000001 x14: 0000000000000000 
[  193.141548] x13: 0000000000000006 x12: 000000000000003c 
[  193.143489] x11: ffff000078010000 x10: 0000000000000000 
[  193.144494] x9 : ffff000078311140 x8 : 0000000000000028 
[  193.145543] x7 : ffff000070c32000 x6 : ffff800011f63ba8 
[  193.146678] x5 : 00000000d5300000 x4 : ffff8000117c51f0 
[  193.147660] x3 : 00000000d7500000 x2 : 0000000000000000 
[  193.148664] x1 : ffff00007a954600 x0 : 0000000060000005 
[  193.151634] Call trace:
[  193.155521]  do_undefinstr+0x2ec/0x310
[  193.156458]  el1_undef+0x10/0x84
[  193.158606]  udp_sendmsg+0x348/0x860
[  193.159127]  __sys_sendto+0xd4/0x150
[  193.159488]  __arm64_sys_sendto+0x24/0x30
[  193.159873]  el0_svc_common.constprop.0+0x68/0x160
[  193.160241]  el0_svc_handler+0x20/0x80
[  193.160548]  el0_svc+0x8/0xc
[  193.162663] Code: f9401bf7 17ffff7c a9025bf5 f9001bf7 (d4210000) 
[  193.166306] ---[ end trace 967330095da345e2 ]---
[  193.167970] note: python3[494] exited with preempt_count 1
[  193.307225] ------------[ cut here ]------------
[  193.318680] WARNING: CPU: 7 PID: 0 at kernel/rcu/tree.c:569 rcu_idle_enter+0x74/0x80
[  193.328492] Modules linked in:
[  193.334911] CPU: 7 PID: 0 Comm: swapper/7 Tainted: G      D           5.4.18 #2
[  193.345688] Hardware name: linux,dummy-virt (DT)
[  193.350990] pstate: 200003c5 (nzCv DAIF -PAN -UAO)
[  193.362106] pc : rcu_idle_enter+0x74/0x80
[  193.371531] lr : do_idle+0x200/0x288
[  193.377595] sp : ffff800011a7bf20
[  193.381182] x29: ffff800011a7bf20 x28: 0000000000000000 
[  193.384999] x27: 0000000000000000 x26: 0000000000000000 
[  193.393026] x25: 0000000000000000 x24: ffff8000117ba214 
[  193.398331] x23: ffff00007b0c7000 x22: ffff800011404ab8 
[  193.407752] x21: ffff8000117ba1f0 x20: 0000000000000007 
[  193.411802] x19: ffff8000117ba118 x18: 0000000000000010 
[  193.413792] x17: 0000000000000000 x16: 0000000000000000 
[  193.416938] x15: ffff00007a954a70 x14: 0000000000000000 
[  193.420668] x13: 0000000000000001 x12: 0000000000000002 
[  193.428489] x11: 0000000000000400 x10: 00000000000009c0 
[  193.437951] x9 : ffff800011a7be90 x8 : ffff00007b0c7a20 
[  193.438986] x7 : 0000000000000007 x6 : 00000512c80886c5 
[  193.439897] x5 : 00ffffffffffffff x4 : ffff80006c7db000 
[  193.440975] x3 : 4000000000000002 x2 : 4000000000000000 
[  193.444082] x1 : ffff800011406980 x0 : ffff00007dbe1980 
[  193.445154] Call trace:
[  193.447962]  rcu_idle_enter+0x74/0x80
[  193.452063]  do_idle+0x200/0x288
[  193.454101]  cpu_startup_entry+0x24/0x40
[  193.460895]  secondary_start_kernel+0x154/0x190
[  193.467113] ---[ end trace 967330095da345e3 ]---
