[  200.073469] kernel BUG at arch/arm64/kernel/traps.c:405!
[  200.079844] Internal error: Oops - BUG: 0 [#1] PREEMPT SMP
[  200.082244] Modules linked in:
[  200.085763] CPU: 2 PID: 494 Comm: python3 Not tainted 5.4.18 #2
[  200.086113] Hardware name: linux,dummy-virt (DT)
[  200.086943] pstate: 00000005 (nzcv daif -PAN -UAO)
[  200.090050] pc : do_undefinstr+0x2ec/0x310
[  200.090491] lr : do_undefinstr+0x1e0/0x310
[  200.090888] sp : ffff800011f239c0
[  200.091278] x29: ffff800011f239c0 x28: ffff000078102a00 
[  200.091934] x27: ffff800011f23d80 x26: 0000000000000011 
[  200.092455] x25: 0000000000000012 x24: 0000000000000000 
[  200.092993] x23: 0000000040000005 x22: ffff800010baa4cc 
[  200.093589] x21: ffff800011f23b60 x20: ffff000078102a00 
[  200.094180] x19: ffff800011f23a20 x18: 0000000000000000 
[  200.094778] x17: 0000000000000000 x16: 0000000000000000 
[  200.095481] x15: 0000000000000000 x14: 0000000000000000 
[  200.096162] x13: 0000000000000000 x12: 0000000000000000 
[  200.096844] x11: 0000000000000000 x10: 0000000000000000 
[  200.097596] x9 : 0000000000400100 x8 : ffff000078102a00 
[  200.098333] x7 : 0000ffffa2768e90 x6 : ffff800011f23a18 
[  200.099381] x5 : 00000000d5300000 x4 : ffff8000117c51f0 
[  200.100178] x3 : 00000000fb000000 x2 : 0000000000000000 
[  200.101969] x1 : ffff000078102a00 x0 : 0000000040000005 
[  200.103723] Call trace:
[  200.104143]  do_undefinstr+0x2ec/0x310
[  200.104485]  el1_undef+0x10/0x84
[  200.104758]  udp_sendmsg+0x4c/0x860
[  200.105024]  inet_sendmsg+0x40/0x68
[  200.105308]  __sys_sendto+0xd4/0x150
[  200.105580]  __arm64_sys_sendto+0x24/0x30
[  200.105844]  el0_svc_common.constprop.0+0x68/0x160
[  200.106137]  el0_svc_handler+0x20/0x80
[  200.106383]  el0_svc+0x8/0xc
[  200.107092] Code: f9401bf7 17ffff7c a9025bf5 f9001bf7 (d4210000) 
[  200.109630] ---[ end trace 271d98eca3f42142 ]---
[  200.110922] note: python3[494] exited with preempt_count 1
[  200.188650] ------------[ cut here ]------------
[  200.192334] WARNING: CPU: 2 PID: 0 at kernel/rcu/tree.c:569 rcu_idle_enter+0x74/0x80
[  200.201807] Modules linked in:
[  200.202447] CPU: 2 PID: 0 Comm: swapper/2 Tainted: G      D           5.4.18 #2
[  200.205665] Hardware name: linux,dummy-virt (DT)
[  200.206600] pstate: 200003c5 (nzCv DAIF -PAN -UAO)
[  200.209039] pc : rcu_idle_enter+0x74/0x80
[  200.214332] lr : do_idle+0x200/0x288
[  200.217767] sp : ffff800011a53f20
[  200.218670] x29: ffff800011a53f20 x28: 0000000000000000 
[  200.221556] x27: 0000000000000000 x26: 0000000000000000 
[  200.225555] x25: 0000000000000000 x24: ffff8000117ba214 
[  200.226450] x23: ffff00007b0c2a00 x22: ffff800011404ab8 
[  200.229664] x21: ffff8000117ba1f0 x20: 0000000000000002 
[  200.230425] x19: ffff8000117ba118 x18: 0000000000000010 
[  200.232372] x17: 0000000000000000 x16: 0000000000000000 
[  200.233450] x15: 0000000000000147 x14: 0000000000000000 
[  200.233701] x13: 0000000000000002 x12: 0000000000000147 
[  200.233881] x11: 0000000000000001 x10: 00000000000009c0 
[  200.234218] x9 : ffff800011a53e90 x8 : ffff00007b0c3420 
[  200.234443] x7 : 00000000000003ea x6 : 0000003642b52c6e 
[  200.234667] x5 : 00ffffffffffffff x4 : ffff80006c76d000 
[  200.234865] x3 : 4000000000000002 x2 : 4000000000000000 
[  200.235063] x1 : ffff800011406980 x0 : ffff00007db73980 
[  200.236003] Call trace:
[  200.236127]  rcu_idle_enter+0x74/0x80
[  200.236381]  do_idle+0x200/0x288
[  200.236715]  cpu_startup_entry+0x24/0x40
[  200.237075]  secondary_start_kernel+0x154/0x190
[  200.237657] ---[ end trace 271d98eca3f42143 ]---
