[  207.241157] Unable to handle kernel write to read-only memory at virtual address ffff800010bb6f8c
[  207.247731] Mem abort info:
[  207.248253]   ESR = 0x9600004e
[  207.248898]   EC = 0x25: DABT (current EL), IL = 32 bits
[  207.249594]   SET = 0, FnV = 0
[  207.250049]   EA = 0, S1PTW = 0
[  207.253899] Data abort info:
[  207.256797]   ISV = 0, ISS = 0x0000004e
[  207.263921]   CM = 0, WnR = 1
[  207.265884] swapper pgtable: 4k pages, 48-bit VAs, pgdp=00000000412a6000
[  207.275411] [ffff800010bb6f8c] pgd=00000000bdfff003, pud=00000000bdffe003, pmd=0040000040a00791
[  207.292878] Internal error: Oops: 9600004e [#1] PREEMPT SMP
[  207.296690] Modules linked in:
[  207.303106] CPU: 4 PID: 494 Comm: python3 Not tainted 5.4.18 #2
[  207.305147] Hardware name: linux,dummy-virt (DT)
[  207.305778] pstate: 40000005 (nZcv daif -PAN -UAO)
[  207.308890] pc : udp_sendmsg+0xf4/0x860
[  207.309467] lr : inet_sendmsg+0x40/0x68
[  207.310475] sp : ffff800011f83b60
[  207.310776] x29: ffff800011f83b70 x28: 0000000000000012 
[  207.312730] x27: ffff800011f83d80 x26: 0000000000000011 
[  207.315584] x25: 0000000000000012 x24: ffff000070218348 
[  207.319546] x23: 000000006401a8c0 x22: 0000000000000000 
[  207.323982] x21: ffff000078156200 x20: ffff800010b762e8 
[  207.326789] x19: ffff000070218000 x18: 0000000000000000 
[  207.329348] x17: 0000000000000000 x16: 0000000000000000 
[  207.329918] x15: 0000000000000000 x14: 0000000000000000 
[  207.334197] x13: 0000000000000000 x12: 0000000000000000 
[  207.337004] x11: 0000000000000000 x10: 0000000000000000 
[  207.337559] x9 : 0000000000000000 x8 : 0000000000000000 
[  207.338065] x7 : 0000000000000000 x6 : ffff800011f83de8 
[  207.340219] x5 : ffff800011f83de8 x4 : 0000000000000000 
[  207.341368] x3 : 0000000000000000 x2 : 00000000ffffffff 
[  207.343168] x1 : 0000000000000000 x0 : 0000000000000000 
[  207.344046] Call trace:
[  207.344373]  udp_sendmsg+0xf4/0x860
[  207.345597]  inet_sendmsg+0x40/0x68
[  207.347231]  __sys_sendto+0xd4/0x150
[  207.349323]  __arm64_sys_sendto+0x24/0x30
[  207.350622]  el0_svc_common.constprop.0+0x68/0x160
[  207.351526]  el0_svc_handler+0x20/0x80
[  207.355371]  el0_svc+0x8/0xc
[  207.360221] Code: b941b669 b942da67 a90bffff b900cbff (b9007fdf) 
[  207.367106] ---[ end trace 2b4b360d59afcf41 ]---
