[  203.642855] kernel BUG at arch/arm64/kernel/traps.c:405!
[  203.652028] Internal error: Oops - BUG: 0 [#1] PREEMPT SMP
[  203.654606] Modules linked in:
[  203.659949] CPU: 3 PID: 491 Comm: python3 Not tainted 5.4.18 #2
[  203.661007] Hardware name: linux,dummy-virt (DT)
[  203.663672] pstate: 00000005 (nzcv daif -PAN -UAO)
[  203.673580] pc : do_undefinstr+0x2ec/0x310
[  203.674622] lr : do_undefinstr+0x1e0/0x310
[  203.675443] sp : ffff800011eab9c0
[  203.676245] x29: ffff800011eab9c0 x28: ffff00007abe9c00 
[  203.678409] x27: ffff800011eabd80 x26: 0000000000000011 
[  203.679346] x25: 0000000000000012 x24: 0000000000000000 
[  203.680333] x23: 0000000080000005 x22: ffff800010baab48 
[  203.681425] x21: ffff800011eabb60 x20: ffff00007abe9c00 
[  203.682443] x19: ffff800011eaba20 x18: 0000000000000000 
[  203.685961] x17: 0000000000000000 x16: 0000000000000000 
[  203.687256] x15: 0000000000000001 x14: 0000000000000000 
[  203.688509] x13: 0000000000000006 x12: 00000000c0a80164 
[  203.689392] x11: 0000000000000000 x10: 0000000000000068 
[  203.690707] x9 : 0000000000000000 x8 : ffff800011eabc30 
[  203.691884] x7 : ffff00007b1f40c0 x6 : ffff800011eaba18 
[  203.693244] x5 : 00000000d5300000 x4 : ffff8000117c51f0 
[  203.694650] x3 : 0000000022100000 x2 : 0000000000000000 
[  203.696422] x1 : ffff00007abe9c00 x0 : 0000000080000005 
[  203.700402] Call trace:
[  203.701687]  do_undefinstr+0x2ec/0x310
[  203.702990]  el1_undef+0x10/0x84
[  203.703660]  udp_sendmsg+0x6c8/0x860
[  203.704501]  inet_sendmsg+0x40/0x68
[  203.705376]  __sys_sendto+0xd4/0x150
[  203.706146]  __arm64_sys_sendto+0x24/0x30
[  203.706825]  el0_svc_common.constprop.0+0x68/0x160
[  203.707640]  el0_svc_handler+0x20/0x80
[  203.708273]  el0_svc+0x8/0xc
[  203.711921] Code: f9401bf7 17ffff7c a9025bf5 f9001bf7 (d4210000) 
[  203.717148] ---[ end trace bf86134e74c67df5 ]---
[  203.719645] note: python3[491] exited with preempt_count 1
[  203.828199] ------------[ cut here ]------------
[  203.830485] WARNING: CPU: 3 PID: 0 at kernel/rcu/tree.c:569 rcu_idle_enter+0x74/0x80
[  203.838058] Modules linked in:
[  203.842901] CPU: 3 PID: 0 Comm: swapper/3 Tainted: G      D           5.4.18 #2
[  203.844905] Hardware name: linux,dummy-virt (DT)
[  203.849921] pstate: 200003c5 (nzCv DAIF -PAN -UAO)
[  203.852478] pc : rcu_idle_enter+0x74/0x80
[  203.853210] lr : do_idle+0x200/0x288
[  203.853847] sp : ffff800011a5bf20
[  203.854755] x29: ffff800011a5bf20 x28: 0000000000000000 
[  203.855380] x27: 0000000000000000 x26: 0000000000000000 
[  203.855653] x25: 0000000000000000 x24: ffff8000117ba214 
[  203.855850] x23: ffff00007b0c3800 x22: ffff800011404ab8 
[  203.856043] x21: ffff8000117ba1f0 x20: 0000000000000003 
[  203.856280] x19: ffff8000117ba118 x18: 0000000000000010 
[  203.856500] x17: 0000000000000000 x16: 0000000000000000 
[  203.856674] x15: 0000000000000001 x14: 0000000000000000 
[  203.856940] x13: 0000000000000001 x12: 0000000000000000 
[  203.857111] x11: 0000000000000400 x10: 00000000000009c0 
[  203.857394] x9 : ffff800011a5be90 x8 : ffff00007b0c4220 
[  203.858475] x7 : 0000000000000000 x6 : 0000012a68adc839 
[  203.858803] x5 : 00ffffffffffffff x4 : ffff80006c783000 
[  203.859043] x3 : 4000000000000002 x2 : 4000000000000000 
[  203.859302] x1 : ffff800011406980 x0 : ffff00007db89980 
[  203.859498] Call trace:
[  203.859617]  rcu_idle_enter+0x74/0x80
[  203.859828]  do_idle+0x200/0x288
[  203.859972]  cpu_startup_entry+0x24/0x40
[  203.860157]  secondary_start_kernel+0x154/0x190
[  203.860351] ---[ end trace bf86134e74c67df6 ]---
