[  193.733293] Unable to handle kernel paging request at virtual address ffff800011fc4c10
[  193.745084] Mem abort info:
[  193.746107]   ESR = 0x96000007
[  193.749677]   EC = 0x25: DABT (current EL), IL = 32 bits
[  193.750900]   SET = 0, FnV = 0
[  193.757530]   EA = 0, S1PTW = 0
[  193.761330] Data abort info:
[  193.762289]   ISV = 0, ISS = 0x00000007
[  193.769703]   CM = 0, WnR = 0
[  193.776239] swapper pgtable: 4k pages, 48-bit VAs, pgdp=00000000412a6000
[  193.814305] [ffff800011fc4c10] pgd=00000000bdfff003, pud=00000000bdffe003, pmd=00000000ba94a003, pte=0000000000000000
[  193.822632] Internal error: Oops: 96000007 [#1] PREEMPT SMP
[  193.831242] Modules linked in:
[  193.834226] Unable to handle kernel paging request at virtual address ffff800011dc4c10
[  193.836698] CPU: 2 PID: 494 Comm: python3 Not tainted 5.4.18 #2
[  193.837380] Hardware name: linux,dummy-virt (DT)
[  193.839070] pstate: 80000005 (Nzcv daif -PAN -UAO)
[  193.850223] pc : udp_sendmsg+0x4ac/0x860
[  193.852097] lr : udp_sendmsg+0x150/0x860
[  193.858456] Mem abort info:
[  193.861367] sp : ffff800011fc3b60
[  193.861754] x29: ffff800011fc3b70 x28: 0000000000000012 
[  193.862554]   ESR = 0x96000007
[  193.867431] x27: ffff800011fc3d80 x26: 0000000000000011 
[  193.869332] x25: 0000000000000012 x24: ffff00007b223a88 
[  193.879339]   EC = 0x25: DABT (current EL), IL = 32 bits
[  193.886928] x23: 000000006401a8c0 x22: 0000000000000000 
[  193.894247]   SET = 0, FnV = 0
[  193.898289] x21: ffff00007abcd400 x20: ffff800010b762e8 
[  193.898959] x19: ffff00007b223740 x18: 0000000000000000 
[  193.901216] x17: 0000000000000000 x16: 0000000000000000 
[  193.910330]   EA = 0, S1PTW = 0
[  193.913008] x15: 0000000000000000 x14: 0000000000000000 
[  193.917409] Data abort info:
[  193.923914] x13: 0000000000000000 x12: 0000000000000000 
[  193.925169]   ISV = 0, ISS = 0x00000007
[  193.925851]   CM = 0, WnR = 0
[  193.927759] x11: 0000000000000000 x10: 0000000000000000 
[  193.928174] swapper pgtable: 4k pages, 48-bit VAs, pgdp=00000000412a6000
[  193.928373] x9 : 000000006401a8c0 x8 : ffff00007b223a88 
[  193.928574] [ffff800011dc4c10] pgd=00000000bdfff003, pud=00000000bdffe003, pmd=00000000bb3e3003, pte=0000000000000000
[  193.928756] x7 : 0000000000000000 x6 : ffff800011fc3de8 
[  193.942354] x5 : ffff800011fc3de8 x4 : 0000000000000000 
[  193.944814] x3 : 0000000000000000 x2 : 0000000000000000 
[  193.945986] x1 : 0000000000000028 x0 : 0000000000000000 
[  193.947676] Call trace:
[  193.948731]  udp_sendmsg+0x4ac/0x860
[  193.949792]  inet_sendmsg+0x40/0x68
[  193.950193]  __sys_sendto+0xd4/0x150
[  193.950672]  __arm64_sys_sendto+0x24/0x30
[  193.952174]  el0_svc_common.constprop.0+0x68/0x160
[  193.953501]  el0_svc_handler+0x20/0x80
[  193.955456]  el0_svc+0x8/0xc
[  193.957101] Code: 29531fe9 b5ffe963 291f27e7 52800501 (b950b3e7) 
[  193.962054] ---[ end trace 38a2d52f31fb7c2b ]---
[  193.964415] Internal error: Oops: 96000007 [#2] PREEMPT SMP
[  193.967723] Modules linked in:
[  193.973093] CPU: 7 PID: 260 Comm: systemd-timesyn Tainted: G      D           5.4.18 #2
[  193.975429] Hardware name: linux,dummy-virt (DT)
[  193.978779] pstate: 80000005 (Nzcv daif -PAN -UAO)
[  193.979177] pc : udp_sendmsg+0x4ac/0x860
[  193.979447] lr : udp_sendmsg+0x150/0x860
[  193.979707] sp : ffff800011dc3b60
[  193.979939] x29: ffff800011dc3b70 x28: 0000000000000030 
[  193.980296] x27: ffff800011dc3d80 x26: 0000000000000011 
[  193.981557] x25: 0000000000000030 x24: ffff000076fc9008 
[  193.984324] x23: 0000000038be7db9 x22: 0000000000000000 
[  193.985783] x21: ffff00007b2c9c00 x20: ffff800010b762e8 
[  193.989494] x19: ffff000076fc8cc0 x18: 0000000000000000 
[  193.990647] x17: 0000000000000000 x16: 0000000000000000 
[  193.991013] x15: 0000000000000000 x14: 0000000000000000 
[  193.991367] x13: 0000000000000000 x12: 0000000000000000 
[  193.994833] x11: 0000000000000000 x10: 0000000000000000 
[  193.996722] x9 : 0000000038be7db9 x8 : ffff000076fc9008 
[  194.001445] x7 : 0000000000000000 x6 : ffff800011dc3de8 
[  194.004611] x5 : ffff800011dc3de8 x4 : 0000000000000000 
[  194.005904] x3 : 0000000000000000 x2 : 0000000000000010 
[  194.006264] x1 : 0000000000000028 x0 : 0000000000000000 
[  194.007501] Call trace:
[  194.007759]  udp_sendmsg+0x4ac/0x860
[  194.009923]  inet_sendmsg+0x40/0x68
[  194.012342]  __sys_sendto+0xd4/0x150
[  194.016133]  __arm64_sys_sendto+0x24/0x30
[  194.018283]  el0_svc_common.constprop.0+0x68/0x160
[  194.020209]  el0_svc_handler+0x20/0x80
[  194.021273]  el0_svc+0x8/0xc
[  194.023423] Code: 29531fe9 b5ffe963 291f27e7 52800501 (b950b3e7) 
[  194.024607] ---[ end trace 38a2d52f31fb7c2c ]---
