[  193.690873] Unable to handle kernel paging request at virtual address 000000006401a941
[  193.699282] Mem abort info:
[  193.705847]   ESR = 0x96000005
[  193.708083]   EC = 0x25: DABT (current EL), IL = 32 bits
[  193.714953]   SET = 0, FnV = 0
[  193.717920]   EA = 0, S1PTW = 0
[  193.720060] Data abort info:
[  193.727773]   ISV = 0, ISS = 0x00000005
[  193.736902]   CM = 0, WnR = 0
[  193.743290] user pgtable: 4k pages, 48-bit VAs, pgdp=00000000b04e5000
[  193.748082] [000000006401a941] pgd=00000000b20e5003, pud=0000000000000000
[  193.755163] Internal error: Oops: 96000005 [#1] PREEMPT SMP
[  193.759905] Modules linked in:
[  193.769097] CPU: 7 PID: 493 Comm: python3 Not tainted 5.4.18 #2
[  193.769826] Hardware name: linux,dummy-virt (DT)
[  193.771671] pstate: 80000005 (Nzcv daif -PAN -UAO)
[  193.786839] pc : skb_udp_tunnel_segment+0x42c/0x488
[  193.793649] lr : udp_sendmsg+0x520/0x860
[  193.803095] sp : ffff800011dabb60
[  193.814353] x29: ffff800011dabb70 x28: 0000000000000012 
[  193.817945] x27: ffff800011dabd80 x26: 0000000000000011 
[  193.827226] x25: 0000000000000012 x24: ffff00007811c748 
[  193.834525] x23: 000000006401a8c0 x22: 0000000000000000 
[  193.838030] x21: ffff000071269c00 x20: ffff800010b762e8 
[  193.849650] x19: ffff00007811c400 x18: 0000000000000000 
[  193.861983] x17: 0000000000000000 x16: 0000000000000000 
[  193.865234] x15: 0000000000000001 x14: 0000000000000000 
[  193.866728] x13: 0000000000000006 x12: 00000000c0a80164 
[  193.868719] x11: 0000000000000000 x10: 0000000000000068 
[  193.869632] x9 : 0000000000000000 x8 : ffff800011963ac0 
[  193.870163] x7 : ffff0000704950c0 x6 : 0000000000000001 
[  193.871284] x5 : 0000000000000000 x4 : 0000000000000000 
[  193.873149] x3 : 0000000000000000 x2 : 0000000000000002 
[  193.873642] x1 : 0000000000000000 x0 : ffff0000704950c0 
[  193.874764] Call trace:
[  193.875200]  skb_udp_tunnel_segment+0x42c/0x488
[  193.875532]  inet_sendmsg+0x40/0x68
[  193.876449]  __sys_sendto+0xd4/0x150
[  193.878093]  __arm64_sys_sendto+0x24/0x30
[  193.878594]  el0_svc_common.constprop.0+0x68/0x160
[  193.879100]  el0_svc_handler+0x20/0x80
[  193.880042]  el0_svc+0x8/0xc
[  193.888071] Code: a9446bf9 a94573fb a8c87bfd d65f03c0 (394206e2) 
[  193.897540] ---[ end trace cc26a521470ba362 ]---
