[  205.038748] Unable to handle kernel paging request at virtual address ffff800011f5c3e0
[  205.039676] Mem abort info:
[  205.040159]   ESR = 0x96000047
[  205.040825]   EC = 0x25: DABT (current EL), IL = 32 bits
[  205.047006]   SET = 0, FnV = 0
[  205.049269]   EA = 0, S1PTW = 0
[  205.052671] Data abort info:
[  205.053130]   ISV = 0, ISS = 0x00000047
[  205.055463]   CM = 0, WnR = 1
[  205.057078] swapper pgtable: 4k pages, 48-bit VAs, pgdp=00000000412a6000
[  205.065161] [ffff800011f5c3e0] pgd=00000000bdfff003, pud=00000000bdffe003, pmd=00000000baa0c003, pte=0000000000000000
[  205.069407] Internal error: Oops: 96000047 [#1] PREEMPT SMP
[  205.072940] Modules linked in:
[  205.076088] CPU: 6 PID: 494 Comm: python3 Not tainted 5.4.18 #2
[  205.077551] Hardware name: linux,dummy-virt (DT)
[  205.079562] pstate: 40000005 (nZcv daif -PAN -UAO)
[  205.080123] pc : udp_sendmsg+0xbc/0x860
[  205.080442] lr : inet_sendmsg+0x40/0x68
[  205.080775] sp : ffff800011f5bb60
[  205.081244] x29: ffff800011f5bb70 x28: 0000000000000012 
[  205.082634] x27: ffff800011f5bd80 x26: 0000000000000011 
[  205.083358] x25: 0000000000000012 x24: ffff00007a41bec8 
[  205.084018] x23: ffff800011f5bdd8 x22: 0000000000000000 
[  205.084938] x21: ffff00007b377000 x20: ffff800010b762e8 
[  205.086672] x19: ffff00007a41bb80 x18: 0000000000000000 
[  205.088052] x17: 0000000000000000 x16: 0000000000000000 
[  205.090515] x15: 0000000000000000 x14: 0000000000000000 
[  205.092247] x13: 0000000000000000 x12: 0000000000000000 
[  205.096244] x11: 0000000000000000 x10: 0000000000000000 
[  205.098993] x9 : 0000000000400100 x8 : ffff00007b377000 
[  205.100379] x7 : 0000ffff8fe62e50 x6 : ffff800011f5bde8 
[  205.104407] x5 : ffff800011f5bde8 x4 : 0000000000000002 
[  205.108712] x3 : ffff800010baa480 x2 : 0000000000000012 
[  205.110859] x1 : 0000000000000002 x0 : 0000000000008813 
[  205.113473] Call trace:
[  205.114709]  udp_sendmsg+0xbc/0x860
[  205.115511]  inet_sendmsg+0x40/0x68
[  205.116104]  __sys_sendto+0xd4/0x150
[  205.116475]  __arm64_sys_sendto+0x24/0x30
[  205.117769]  el0_svc_common.constprop.0+0x68/0x160
[  205.118472]  el0_svc_handler+0x20/0x80
[  205.119301]  el0_svc+0x8/0xc
[  205.121038] Code: 529fffa0 6a00003f 54003cc1 794006e0 (b90883e0) 
[  205.127135] ---[ end trace 1e68a02c5d4872da ]---
