 [  156.595793] Kernel panic - not syncing: stack-protector: Kernel stack is corrupted in: udp_sendmsg+0x858/0x860
[  156.607925] CPU: 0 PID: 494 Comm: python3 Not tainted 5.4.18 #2
[  156.609316] Hardware name: linux,dummy-virt (DT)
[  156.610245] Call trace:
[  156.610675]  dump_backtrace+0x0/0x140
[  156.611017]  show_stack+0x14/0x20
[  156.611294]  dump_stack+0xb4/0xf8
[  156.611945]  panic+0x158/0x324
[  156.612212]  __stack_chk_fail+0x1c/0x20
[  156.612500]  udp_sendmsg+0x858/0x860
[  156.612776]  inet_sendmsg+0x40/0x68
[  156.613350]  __sys_sendto+0xd4/0x150
[  156.614284]  __arm64_sys_sendto+0x24/0x30
[  156.615157]  el0_svc_common.constprop.0+0x68/0x160
[  156.616555]  el0_svc_handler+0x20/0x80
[  156.618352]  el0_svc+0x8/0xc
[  156.625820] SMP: stopping secondary CPUs
[  156.630095] Kernel Offset: disabled
[  156.632140] CPU features: 0x0002,20006000
[  156.633670] Memory Limit: none
[  156.640032] ---[ end Kernel panic - not syncing: stack-protector: Kernel stack is corrupted in: udp_sendmsg+0x858/0x860 ]---
