 [  182.157365] Unable to handle kernel NULL pointer dereference at virtual address 0000000000000188
[  182.168882] Mem abort info:
[  182.172117]   ESR = 0x96000046
[  182.173412]   EC = 0x25: DABT (current EL), IL = 32 bits
[  182.176610]   SET = 0, FnV = 0
[  182.177766]   EA = 0, S1PTW = 0
[  182.185580] Data abort info:
[  182.190280]   ISV = 0, ISS = 0x00000046
[  182.197230]   CM = 0, WnR = 1
[  182.207074] user pgtable: 4k pages, 48-bit VAs, pgdp=00000000b0ee3000
[  182.219667] [0000000000000188] pgd=00000000b58ae003, pud=00000000b269e003, pmd=0000000000000000
[  182.235701] Internal error: Oops: 96000046 [#1] PREEMPT SMP
[  182.242683] Modules linked in:
[  182.247012] CPU: 5 PID: 493 Comm: python3 Not tainted 5.4.18 #2
[  182.247667] Hardware name: linux,dummy-virt (DT)
[  182.249147] pstate: 40000005 (nZcv daif -PAN -UAO)
[  182.255068] pc : udp_sendmsg+0x40/0x860
[  182.256425] lr : inet_sendmsg+0x40/0x68
[  182.257265] sp : ffff800011f93b60
[  182.257903] x29: ffff800011f93b70 x28: 0000000000000012 
[  182.259848] x27: ffff800011f93d80 x26: 0000000000000011 
[  182.261192] x25: 0000000000000012 x24: ffff800011f93dd8 
[  182.261879] x23: 0000ffffd09f70e8 x22: 0000000000000001 
[  182.262517] x21: ffff000079457000 x20: 0000000000000012 
[  182.264512] x19: ffff00007b3b2200 x18: 0000000000000000 
[  182.265466] x17: 0000000000000000 x16: 0000000000000000 
[  182.266877] x15: 0000000000000000 x14: 0000000000000000 
[  182.268300] x13: 0000000000000000 x12: 0000000000000000 
[  182.269255] x11: 0000000000000000 x10: 0000000000000000 
[  182.270481] x9 : 0000000000400100 x8 : ffff000079457000 
[  182.272150] x7 : 0000ffffbb20fd50 x6 : ffff800011f93de8 
[  182.273357] x5 : ffff800011f93de8 x4 : 0000000000000002 
[  182.274994] x3 : ffff800010baa480 x2 : 0000000000000012 
[  182.276969] x1 : 2954bed5b2b48400 x0 : ffff00007b3b2200 
[  182.281053] Call trace:
[  182.284276]  udp_sendmsg+0x40/0x860
[  182.285350]  inet_sendmsg+0x40/0x68
[  182.286051]  __sys_sendto+0xd4/0x150
[  182.286748]  __arm64_sys_sendto+0x24/0x30
[  182.289695]  el0_svc_common.constprop.0+0x68/0x160
[  182.291396]  el0_svc_handler+0x20/0x80
[  182.291553]  el0_svc+0x8/0xc
[  182.298780] Code: aa0103fb aa0203fc 3948041a f9423aa1 (f900c5e1) 
[  182.310153] ---[ end trace ff86142d4d8496a8 ]---
