[  193.795796] Unable to handle kernel paging request at virtual address ffff800011fbcce8
[  193.821293] Mem abort info:
[  193.823730]   ESR = 0x96000007
[  193.824958]   EC = 0x25: DABT (current EL), IL = 32 bits
[  193.831753]   SET = 0, FnV = 0
[  193.835267]   EA = 0, S1PTW = 0
[  193.836116] Data abort info:
[  193.836796]   ISV = 0, ISS = 0x00000007
[  193.837951]   CM = 0, WnR = 0
[  193.843043] swapper pgtable: 4k pages, 48-bit VAs, pgdp=00000000412a6000
[  193.843956] [ffff800011fbcce8] pgd=00000000bdfff003, pud=00000000bdffe003, pmd=00000000ba99c003, pte=0000000000000000
[  193.859223] Internal error: Oops: 96000007 [#1] PREEMPT SMP
[  193.873086] Modules linked in:
[  193.875736] CPU: 6 PID: 493 Comm: python3 Not tainted 5.4.18 #2
[  193.883783] Hardware name: linux,dummy-virt (DT)
[  193.891791] pstate: 80000005 (Nzcv daif -PAN -UAO)
[  193.898565] pc : udp_sendmsg+0x314/0x860
[  193.899560] lr : udp_sendmsg+0x294/0x860
[  193.900432] sp : ffff800011fbbb60
[  193.900875] x29: ffff800011fbbb70 x28: 000000000000001a 
[  193.901774] x27: ffff800011fbbd80 x26: 0000000000000011 
[  193.903707] x25: 0000000000000012 x24: ffff00007b203648 
[  193.904641] x23: 000000006401a8c0 x22: 0000000000000000 
[  193.907846] x21: ffff000079582070 x20: 0000000000000000 
[  193.908659] x19: ffff00007b203300 x18: 0000000000000000 
[  193.911759] x17: 0000000000000000 x16: 0000000000000000 
[  193.913324] x15: 0000000000000001 x14: 0000000000000000 
[  193.915393] x13: 0000000000000006 x12: 000000000000003c 
[  193.917023] x11: ffff000071b71000 x10: 0000000000000000 
[  193.917950] x9 : ffff00007369d140 x8 : 0000000000000028 
[  193.921036] x7 : ffff000075e3c000 x6 : 0000000022100000 
[  193.923122] x5 : 000000000000002d x4 : 0000000000000000 
[  193.927957] x3 : 0000000000000000 x2 : ffff80006c7c5000 
[  193.930011] x1 : ffff000079581c00 x0 : 0000000000000000 
[  193.933356] Call trace:
[  193.935823]  udp_sendmsg+0x314/0x860
[  193.938755]  inet_sendmsg+0x40/0x68
[  193.939837]  __sys_sendto+0xd4/0x150
[  193.943049]  __arm64_sys_sendto+0x24/0x30
[  193.946662]  el0_svc_common.constprop.0+0x68/0x160
[  193.953286]  el0_svc_handler+0x20/0x80
[  193.955932]  el0_svc+0x8/0xc
[  193.964025] Code: b5000a80 2a1403f9 9402163f 9111c2b5 (f948c7e0) 
[  193.971020] ---[ end trace 001ba7c4a6cca537 ]---
