[  193.090350] Unable to handle kernel NULL pointer dereference at virtual address 0000000000000000
[  193.096905] Mem abort info:
[  193.097526]   ESR = 0x96000006
[  193.098899]   EC = 0x25: DABT (current EL), IL = 32 bits
[  193.102250]   SET = 0, FnV = 0
[  193.102856]   EA = 0, S1PTW = 0
[  193.104163] Data abort info:
[  193.111206]   ISV = 0, ISS = 0x00000006
[  193.118310]   CM = 0, WnR = 0
[  193.120183] user pgtable: 4k pages, 48-bit VAs, pgdp=00000000b37c8000
[  193.138994] [0000000000000000] pgd=00000000b276b003, pud=00000000b96ea003, pmd=0000000000000000
[  193.148570] Internal error: Oops: 96000006 [#1] PREEMPT SMP
[  193.150458] Modules linked in:
[  193.154653] CPU: 3 PID: 492 Comm: python3 Not tainted 5.4.18 #2
[  193.156128] Hardware name: linux,dummy-virt (DT)
[  193.159467] pstate: 40000005 (nZcv daif -PAN -UAO)
[  193.167615] pc : ip_route_output_key_hash_rcu+0x2c8/0x668
[  193.168557] lr : ip_route_output_key_hash_rcu+0x2c4/0x668
[  193.172053] sp : ffff800011f7ba70
[  193.173033] x29: ffff800011f7ba70 x28: 0000000000000012 
[  193.174090] x27: ffff800011f7bd80 x26: 0000000000000011 
[  193.175271] x25: 0000000000000000 x24: 0000000000000000 
[  193.176103] x23: 0000000000000000 x22: ffff00007ab38d30 
[  193.178995] x21: ffff00007ab38d30 x20: ffff800011f7bb18 
[  193.180335] x19: ffff800011f7bc30 x18: 0000000000000000 
[  193.183262] x17: 0000000000000000 x16: 0000000000000000 
[  193.186691] x15: 0000000000000000 x14: 0000000000000000 
[  193.190340] x13: 0000000000000000 x12: 0000000000000000 
[  193.191359] x11: 0000000000000000 x10: 000000000000189c 
[  193.192995] x9 : 000000006401a8c0 x8 : ffff00007ab38d30 
[  193.195226] x7 : 00000000000003e8 x6 : ffff800011f7bde8 
[  193.196285] x5 : ffff800011f7bde8 x4 : 0000000000000001 
[  193.197859] x3 : 0000000000000000 x2 : ffff800011f7bb18 
[  193.198482] x1 : ffff00007a873800 x0 : 0000000000000000 
[  193.201145] Call trace:
[  193.201798]  ip_route_output_key_hash_rcu+0x2c8/0x668
[  193.202652]  ip_route_output_key_hash+0x74/0xa8
[  193.203576]  ip_route_output_flow+0x10/0x18
[  193.213010]  udp_sendmsg+0x520/0x860
[  193.215332]  inet_sendmsg+0x40/0x68
[  193.219138]  __sys_sendto+0xd4/0x150
[  193.223754]  __arm64_sys_sendto+0x24/0x30
[  193.234926]  el0_svc_common.constprop.0+0x68/0x160
[  193.240186]  el0_svc_handler+0x20/0x80
[  193.240482]  el0_svc+0x8/0xc
[  193.245513] Code: b9002a60 34fff9e1 97d781da f94156c0 (f9400000) 
[  193.267143] ---[ end trace cf808bcd69a72c5f ]---
