[  192.631523] Insufficient stack space to handle exception!
[  192.635855] ESR: 0x96000046 -- DABT (current EL)
[  192.642942] FAR: 0x0000000000000050
[  192.643358] Task stack:     [0xffff800012018000..0xffff80001201c000]
[  192.643791] IRQ stack:      [0xffff800010030000..0xffff800010034000]
[  192.644186] Overflow stack: [0xffff00007dbbf2a0..0xffff00007dbc02a0]
[  192.645655] CPU: 6 PID: 496 Comm: python3 Not tainted 5.4.18 #2
[  192.646078] Hardware name: linux,dummy-virt (DT)
[  192.646926] pstate: 000003c5 (nzcv DAIF -PAN -UAO)
[  192.651560] pc : el1_sync+0x0/0xb0
[  192.652326] lr : inet_sendmsg+0x40/0x68
[  192.653070] sp : 0000000000000050
[  192.653672] x29: ffff80001201bcf0 x28: ffff00007b33aa00 
[  192.655805] x27: 0000000000000000 x26: 0000000000000000 
[  192.656600] x25: 0000000056000000 x24: ffff80001201bdd8 
[  192.657408] x23: 0000ffffd6050838 x22: 0000000000000010 
[  192.658155] x21: ffff00007a990cc0 x20: 0000000000000012 
[  192.659295] x19: ffff80001201bd80 x18: 0000000000000000 
[  192.660065] x17: 0000000000000000 x16: 0000000000000000 
[  192.660814] x15: 0000000000000001 x14: 0000000000000000 
[  192.662832] x13: 0000000000000006 x12: 000000000000003c 
[  192.665210] x11: ffff000076ca2000 x10: 0000000000000000 
[  192.665987] x9 : ffff000076d94d40 x8 : 0000000000000028 
[  192.667442] x7 : ffff000074ab4000 x6 : 0000000022100000 
[  192.668250] x5 : 0000000000000012 x4 : 0000000000000000 
[  192.669036] x3 : 0000000000000000 x2 : ffff80006c7c5000 
[  192.669780] x1 : 0000000000000000 x0 : 0000000000000012 
[  192.672654] Kernel panic - not syncing: kernel stack overflow
[  192.674674] CPU: 6 PID: 496 Comm: python3 Not tainted 5.4.18 #2
[  192.676015] Hardware name: linux,dummy-virt (DT)
[  192.677443] Call trace:
[  192.678079]  dump_backtrace+0x0/0x140
[  192.680394]  show_stack+0x14/0x20
[  192.681928]  dump_stack+0xb4/0xf8
[  192.682477]  panic+0x158/0x324
[  192.682959]  nmi_panic+0x84/0x88
[  192.683552]  handle_bad_stack+0x108/0x130
[  192.684122]  __bad_stack+0x90/0x94
[  192.684631]  el1_sync+0x0/0xb0
[  192.685163]  __sys_sendto+0xd4/0x150
[  192.685707]  __arm64_sys_sendto+0x24/0x30
[  192.686285]  el0_svc_common.constprop.0+0x68/0x160
[  192.686929]  el0_svc_handler+0x20/0x80
[  192.687738]  el0_svc+0x8/0xc
[  192.692166] SMP: stopping secondary CPUs
[  192.697527] Kernel Offset: disabled
[  192.698629] CPU features: 0x0002,20006000
[  192.699778] Memory Limit: none
[  192.706472] ---[ end Kernel panic - not syncing: kernel stack overflow ]---
