[  206.425814] Unable to handle kernel NULL pointer dereference at virtual address 0000000000000000
[  206.427467] Mem abort info:
[  206.427656]   ESR = 0x86000006
[  206.429288]   EC = 0x21: IABT (current EL), IL = 32 bits
[  206.430490]   SET = 0, FnV = 0
[  206.431041]   EA = 0, S1PTW = 0
[  206.438025] user pgtable: 4k pages, 48-bit VAs, pgdp=00000000b5c85000
[  206.439179] [0000000000000000] pgd=00000000b2822003, pud=00000000b1462003, pmd=0000000000000000
[  206.459040] Internal error: Oops: 86000006 [#1] PREEMPT SMP
[  206.463290] Modules linked in:
[  206.467713] CPU: 3 PID: 495 Comm: python3 Not tainted 5.4.18 #2
[  206.468755] Hardware name: linux,dummy-virt (DT)
[  206.470368] pstate: 20000005 (nzCv daif -PAN -UAO)
[  206.475451] pc : 0x0
[  206.482319] lr : __ip_append_data.isra.0+0x85c/0xc30
[  206.489258] sp : ffff800011f839e0
[  206.492270] x29: ffff800011f839e0 x28: ffff00007a423330 
[  206.498583] x27: 000000000000001a x26: 0000000000000000 
[  206.500224] x25: ffff00007b2c7b40 x24: ffff00007a8f8300 
[  206.503250] x23: ffff800011f83d80 x22: 0000000000000000 
[  206.509833] x21: 0000000000000012 x20: 0000000000000000 
[  206.511110] x19: 0000000000000000 x18: 0000000000000000 
[  206.512284] x17: 0000000000000000 x16: 0000000000000000 
[  206.513273] x15: 0000000000000001 x14: 0000000000000000 
[  206.514118] x13: 0000000000000006 x12: 00000000c0a80164 
[  206.514608] x11: 0000000000000000 x10: 0000000000000068 
[  206.514952] x9 : 0000000000000000 x8 : ffff0000782cb000 
[  206.515302] x7 : 0000000000000001 x6 : 0000000000000000 
[  206.518078] x5 : ffff0000782cb000 x4 : 0000000000000000 
[  206.518651] x3 : 0000000000000012 x2 : 0000000000000000 
[  206.520327] x1 : ffff0000782cf82c x0 : ffff800011f83d80 
[  206.524876] Call trace:
[  206.526372]  0x0
[  206.526720]  ip_make_skb+0xec/0x140
[  206.529122]  udp_sendmsg+0x6ec/0x860
[  206.530527]  inet_sendmsg+0x40/0x68
[  206.531424]  __sys_sendto+0xd4/0x150
[  206.532465]  __arm64_sys_sendto+0x24/0x30
[  206.537038]  el0_svc_common.constprop.0+0x68/0x160
[  206.541613]  el0_svc_handler+0x20/0x80
[  206.543363]  el0_svc+0x8/0xc
[  206.548654] Code: bad PC value
[  206.553116] ---[ end trace f9dbc5b6cf5b312a ]---
