[  193.520167] Unable to handle kernel paging request at virtual address 00000000cb1908b8
[  193.527961] Mem abort info:
[  193.529267]   ESR = 0x96000004
[  193.529806]   EC = 0x25: DABT (current EL), IL = 32 bits
[  193.530189]   SET = 0, FnV = 0
[  193.530456]   EA = 0, S1PTW = 0
[  193.532095] Data abort info:
[  193.532924]   ISV = 0, ISS = 0x00000004
[  193.536481]   CM = 0, WnR = 0
[  193.539722] user pgtable: 4k pages, 48-bit VAs, pgdp=00000000b7752000
[  193.541889] [00000000cb1908b8] pgd=0000000000000000
[  193.548796] Internal error: Oops: 96000004 [#1] PREEMPT SMP
[  193.549207] Modules linked in:
[  193.550472] CPU: 7 PID: 263 Comm: systemd-timesyn Not tainted 5.4.18 #2
[  193.550955] Hardware name: linux,dummy-virt (DT)
[  193.551632] pstate: 80000005 (Nzcv daif -PAN -UAO)
[  193.568634] pc : udp_send_skb.isra.0+0x60/0x368
[  193.572390] lr : udp_sendmsg+0x710/0x860
[  193.574707] sp : ffff800011d83b20
[  193.582128] x29: ffff800011d83b20 x28: 0000000000000038 
[  193.589357] x27: ffff800011d83d80 x26: 0000000000000011 
[  193.595955] x25: 0000000000000030 x24: ffff0000774dfa24 
[  193.597922] x23: ffff800011d83c30 x22: ffff000073880000 
[  193.600676] x21: 0000000000000011 x20: 0000000000000038 
[  193.612404] x19: ffff0000774d4b00 x18: 0000000000000000 
[  193.619042] x17: 0000000000000000 x16: 0000000000000000 
[  193.626593] x15: 0000000000000001 x14: 0000000000000000 
[  193.628719] x13: 0000000000000000 x12: 00000000b97dbe38 
[  193.632229] x11: 0000000000000000 x10: 0000000000000068 
[  193.636750] x9 : ffff00007a85f000 x8 : ffff800011d83c30 
[  193.647810] x7 : 00000000a9000000 x6 : 000000000000e8d4 
[  193.652870] x5 : 0000000000000000 x4 : 0000000000007b00 
[  193.657824] x3 : 00000000cb1908b8 x2 : ffff800011d83c78 
[  193.664386] x1 : 0000000000003800 x0 : ffff0000774d4b00 
[  193.666885] Unable to handle kernel paging request at virtual address 000000007f8d573a
[  193.678301] Mem abort info:
[  193.681183] Call trace:
[  193.685174]  udp_send_skb.isra.0+0x60/0x368
[  193.691289]   ESR = 0x96000005
[  193.698692]  udp_sendmsg+0x710/0x860
[  193.699584]  inet_sendmsg+0x40/0x68
[  193.700583]  __sys_sendto+0xd4/0x150
[  193.703502]   EC = 0x25: DABT (current EL), IL = 32 bits
[  193.703553]   SET = 0, FnV = 0
[  193.703637]   EA = 0, S1PTW = 0
[  193.703705] Data abort info:
[  193.703786]   ISV = 0, ISS = 0x00000005
[  193.703829]   CM = 0, WnR = 0
[  193.703891] user pgtable: 4k pages, 48-bit VAs, pgdp=00000000b28b5000
[  193.703936] [000000007f8d573a] pgd=00000000b2845003, pud=0000000000000000
[  193.720290]  __arm64_sys_sendto+0x24/0x30
[  193.720682]  el0_svc_common.constprop.0+0x68/0x160
[  193.723586]  el0_svc_handler+0x20/0x80
[  193.725333]  el0_svc+0x8/0xc
[  193.798560] Code: 79000704 2a050021 79000b01 79000f1f (79400064) 
[  193.819015] ---[ end trace 68d6e7185adb18aa ]---
[  193.824966] Internal error: Oops: 96000005 [#2] PREEMPT SMP
[  193.835098] Modules linked in:
[  193.839802] CPU: 6 PID: 502 Comm: python3 Tainted: G      D           5.4.18 #2
[  193.846175] Hardware name: linux,dummy-virt (DT)
[  193.850201] pstate: 80000005 (Nzcv daif -PAN -UAO)
[  193.854559] pc : udp_send_skb.isra.0+0x60/0x368
[  193.859959] lr : udp_sendmsg+0x710/0x860
[  193.866590] sp : ffff800012133b20
[  193.871467] x29: ffff800012133b20 x28: 000000000000001a 
[  193.880526] x27: ffff800012133d80 x26: 0000000000000011 
[  193.891848] x25: 0000000000000012 x24: ffff00007816a624 
[  193.895605] x23: ffff800012133c30 x22: ffff00007aaf0440 
[  193.897463] x21: 0000000000000011 x20: 000000000000001a 
[  193.899241] x19: ffff000078033800 x18: 0000000000000000 
[  193.905657] x17: 0000000000000000 x16: 0000000000000000 
[  193.912422] x15: 0000000000000001 x14: 0000000000000000 
[  193.917878] x13: 0000000000000006 x12: 00000000c0a80164 
[  193.923029] x11: 0000000000000000 x10: 0000000000000068 
[  193.928549] x9 : ffff00007a47b800 x8 : ffff800012133c30 
[  193.934660] x7 : 00000000c0700000 x6 : 000000000000ac9e 
[  193.948137] x5 : 0000000000000000 x4 : 0000000000008813 
[  193.956534] x3 : 000000007f8d573a x2 : ffff800012133c78 
[  193.965918] x1 : 0000000000001a00 x0 : ffff000078033800 
[  193.975088] Call trace:
[  193.976724]  udp_send_skb.isra.0+0x60/0x368
[  193.985526]  udp_sendmsg+0x710/0x860
[  194.001204]  inet_sendmsg+0x40/0x68
[  194.005183]  __sys_sendto+0xd4/0x150
[  194.007175]  __arm64_sys_sendto+0x24/0x30
[  194.010389]  el0_svc_common.constprop.0+0x68/0x160
[  194.014345]  el0_svc_handler+0x20/0x80
[  194.019664]  el0_svc+0x8/0xc
[  194.021799] Code: 79000704 2a050021 79000b01 79000f1f (79400064) 
[  194.024633] ---[ end trace 68d6e7185adb18ab ]---
