[  192.484421] Unable to handle kernel NULL pointer dereference at virtual address 0000000000000008
[  192.490993] Mem abort info:
[  192.491500]   ESR = 0x96000006
[  192.492191]   EC = 0x25: DABT (current EL), IL = 32 bits
[  192.495914]   SET = 0, FnV = 0
[  192.496451]   EA = 0, S1PTW = 0
[  192.496946] Data abort info:
[  192.498857]   ISV = 0, ISS = 0x00000006
[  192.502093]   CM = 0, WnR = 0
[  192.505511] user pgtable: 4k pages, 48-bit VAs, pgdp=00000000b6f56000
[  192.514503] [0000000000000008] pgd=00000000b3df9003, pud=00000000b2b51003, pmd=0000000000000000
[  192.543150] Internal error: Oops: 96000006 [#1] PREEMPT SMP
[  192.551692] Modules linked in:
[  192.562506] CPU: 2 PID: 494 Comm: python3 Not tainted 5.4.18 #2
[  192.563788] Hardware name: linux,dummy-virt (DT)
[  192.565946] pstate: 40000005 (nZcv daif -PAN -UAO)
[  192.569753] pc : udp_sendmsg+0x2ac/0x860
[  192.569991] lr : udp_sendmsg+0x150/0x860
[  192.570187] sp : ffff800011d8bb60
[  192.570358] x29: ffff800011d8bb70 x28: 0000000000000012 
[  192.570659] x27: ffff800011d8bd80 x26: 0000000000000011 
[  192.570875] x25: 0000000010b762e8 x24: ffff0000780a9448 
[  192.571088] x23: 000000006401a8c0 x22: 0000000000000000 
[  192.571937] x21: ffff000078091c00 x20: ffff800010b762e8 
[  192.572675] x19: ffff0000780a9100 x18: 0000000000000000 
[  192.573432] x17: 0000000000000000 x16: 0000000000000000 
[  192.576099] x15: 0000000000000000 x14: 0000000000000000 
[  192.576564] x13: 0000000000000000 x12: 0000000000000000 
[  192.577023] x11: 0000000000000000 x10: 0000000000000000 
[  192.578139] x9 : 000000006401a8c0 x8 : 0000000000000000 
[  192.578927] x7 : 0000000000000000 x6 : ffff800011d8bde8 
[  192.581243] x5 : ffff800011d8bde8 x4 : 0000000000000000 
[  192.581552] x3 : 0000000000000000 x2 : 0000000000000000 
[  192.581854] x1 : 0000000000000000 x0 : 0000000000000000 
[  192.583799] Call trace:
[  192.584542]  udp_sendmsg+0x2ac/0x860
[  192.586127]  inet_sendmsg+0x40/0x68
[  192.586564]  __sys_sendto+0xd4/0x150
[  192.586948]  __arm64_sys_sendto+0x24/0x30
[  192.587308]  el0_svc_common.constprop.0+0x68/0x160
[  192.587914]  el0_svc_handler+0x20/0x80
[  192.588309]  el0_svc+0x8/0xc
[  192.590475] Code: 3101a69f 540000c0 f9413660 2a1403f9 (f9400400) 
[  192.594296] ---[ end trace 3ee79a347848759e ]---
