[  193.654881] kernel BUG at arch/arm64/kernel/traps.c:405!
[  193.674055] Internal error: Oops - BUG: 0 [#1] PREEMPT SMP
[  193.679185] Modules linked in:
[  193.686021] CPU: 6 PID: 493 Comm: python3 Not tainted 5.4.18 #2
[  193.687672] Hardware name: linux,dummy-virt (DT)
[  193.690584] pstate: 00000005 (nzcv daif -PAN -UAO)
[  193.694870] pc : do_undefinstr+0x2ec/0x310
[  193.695709] lr : do_undefinstr+0x1e0/0x310
[  193.696473] sp : ffff8000120d39c0
[  193.697162] x29: ffff8000120d39c0 x28: ffff00007a99b800 
[  193.698529] x27: ffff8000120d3d80 x26: 0000000000000011 
[  193.699490] x25: 0000000000000012 x24: 0000000000000000 
[  193.700501] x23: 0000000080000005 x22: ffff800010baa520 
[  193.701714] x21: ffff8000120d3b60 x20: ffff00007a99b800 
[  193.702649] x19: ffff8000120d3a20 x18: 0000000000000000 
[  193.703722] x17: 0000000000000000 x16: 0000000000000000 
[  193.706125] x15: 0000000000000000 x14: 0000000000000000 
[  193.707285] x13: 0000000000000000 x12: 0000000000000000 
[  193.708097] x11: 0000000000000000 x10: 0000000000000000 
[  193.708927] x9 : 0000000000400100 x8 : ffff00007a99b800 
[  193.710198] x7 : 0000ffff888b9e10 x6 : ffff8000120d3a18 
[  193.711106] x5 : 00000000d5300000 x4 : ffff8000117c51f0 
[  193.712032] x3 : 0000000071800000 x2 : 0000000000000000 
[  193.712917] x1 : ffff00007a99b800 x0 : 0000000080000005 
[  193.714773] Call trace:
[  193.715637]  do_undefinstr+0x2ec/0x310
[  193.716458]  el1_undef+0x10/0x84
[  193.717051]  udp_sendmsg+0xa0/0x860
[  193.717899]  inet_sendmsg+0x40/0x68
[  193.718490]  __sys_sendto+0xd4/0x150
[  193.719733]  __arm64_sys_sendto+0x24/0x30
[  193.722130]  el0_svc_common.constprop.0+0x68/0x160
[  193.723238]  el0_svc_handler+0x20/0x80
[  193.723848]  el0_svc+0x8/0xc
[  193.725898] Code: f9401bf7 17ffff7c a9025bf5 f9001bf7 (d4210000) 
[  193.729563] ---[ end trace 73c5385c79fd9214 ]---
[  193.731394] note: python3[493] exited with preempt_count 1
[  193.870043] ------------[ cut here ]------------
[  193.872761] WARNING: CPU: 6 PID: 0 at kernel/rcu/tree.c:569 rcu_idle_enter+0x74/0x80
[  193.880675] Modules linked in:
[  193.892228] CPU: 6 PID: 0 Comm: swapper/6 Tainted: G      D           5.4.18 #2
[  193.902390] Hardware name: linux,dummy-virt (DT)
[  193.907690] pstate: 200003c5 (nzCv DAIF -PAN -UAO)
[  193.912945] pc : rcu_idle_enter+0x74/0x80
[  193.917724] lr : do_idle+0x200/0x288
[  193.921749] sp : ffff800011a73f20
[  193.924351] x29: ffff800011a73f20 x28: 0000000000000000 
[  193.929918] x27: 0000000000000000 x26: 0000000000000000 
[  193.936212] x25: 0000000000000000 x24: ffff8000117ba214 
[  193.952987] x23: ffff00007b0c6200 x22: ffff800011404ab8 
[  193.955681] x21: ffff8000117ba1f0 x20: 0000000000000006 
[  193.961338] x19: ffff8000117ba118 x18: 0000000000000010 
[  193.969151] x17: 0000000000000000 x16: 0000000000000000 
[  193.978249] x15: 0000000000000000 x14: 0000000000000000 
[  193.997180] x13: 0000000000000002 x12: 0000000000000000 
[  194.000137] x11: 0000000000000000 x10: 00000000000009c0 
[  194.001310] x9 : ffff800011a73e90 x8 : ffff00007b0c6c20 
[  194.004200] x7 : 0000000000000400 x6 : 0000026b061dd469 
[  194.010914] x5 : 00ffffffffffffff x4 : ffff80006c7c5000 
[  194.014191] x3 : 4000000000000002 x2 : 4000000000000000 
[  194.014724] x1 : ffff800011406980 x0 : ffff00007dbcb980 
[  194.016809] Call trace:
[  194.017319]  rcu_idle_enter+0x74/0x80
[  194.018947]  do_idle+0x200/0x288
[  194.024252]  cpu_startup_entry+0x20/0x40
[  194.028462]  secondary_start_kernel+0x154/0x190
[  194.035838] ---[ end trace 73c5385c79fd9215 ]---
