[  195.059487] kernel BUG at arch/arm64/kernel/traps.c:405!
[  195.063980] Internal error: Oops - BUG: 0 [#1] PREEMPT SMP
[  195.069404] Modules linked in:
[  195.074163] CPU: 6 PID: 495 Comm: python3 Not tainted 5.4.18 #2
[  195.076754] Hardware name: linux,dummy-virt (DT)
[  195.081775] pstate: 00000005 (nzcv daif -PAN -UAO)
[  195.087327] pc : do_undefinstr+0x2ec/0x310
[  195.089582] lr : do_undefinstr+0x1e0/0x310
[  195.091539] sp : ffff800011f5bb50
[  195.093391] x29: ffff800011f5bb50 x28: ffff000072beaa00 
[  195.097214] x27: 0000000000000000 x26: 0000000000000000 
[  195.099501] x25: 0000000056000000 x24: 0000000000000000 
[  195.101974] x23: 0000000060000005 x22: ffff800010baa7c8 
[  195.104234] x21: ffff800011f5bcf0 x20: ffff000072beaa00 
[  195.106527] x19: ffff800011f5bbb0 x18: 0000000000000000 
[  195.108906] x17: 0000000000000000 x16: 0000000000000000 
[  195.111092] x15: 0000000000000001 x14: 0000000000000000 
[  195.113911] x13: 0000000000000006 x12: 000000000000003c 
[  195.117582] x11: ffff0000797b8000 x10: 0000000000000000 
[  195.120307] x9 : 0000000000000001 x8 : 0000100000000000 
[  195.122887] x7 : ffff00007dbc6630 x6 : ffff800011f5bba8 
[  195.125385] x5 : 00000000d5300000 x4 : ffff8000117c51f0 
[  195.129610] x3 : 00000000d6500000 x2 : 0000000000000000 
[  195.133531] x1 : ffff000072beaa00 x0 : 0000000060000005 
[  195.136868] Call trace:
[  195.138978]  do_undefinstr+0x2ec/0x310
[  195.141123]  el1_undef+0x10/0x84
[  195.142844]  udp_sendmsg+0x348/0x860
[  195.146174]  __sys_sendto+0xd4/0x150
[  195.148301]  __arm64_sys_sendto+0x24/0x30
[  195.149939]  el0_svc_common.constprop.0+0x68/0x160
[  195.151980]  el0_svc_handler+0x20/0x80
[  195.153881]  el0_svc+0x8/0xc
[  195.157976] Code: f9401bf7 17ffff7c a9025bf5 f9001bf7 (d4210000) 
[  195.163755] ---[ end trace bd6923fdeb24109e ]---
[  195.166033] note: python3[495] exited with preempt_count 1
[  195.408736] ------------[ cut here ]------------
[  195.409779] WARNING: CPU: 6 PID: 0 at kernel/rcu/tree.c:569 rcu_idle_enter+0x74/0x80
[  195.412468] Modules linked in:
[  195.413042] CPU: 6 PID: 0 Comm: swapper/6 Tainted: G      D           5.4.18 #2
[  195.413651] Hardware name: linux,dummy-virt (DT)
[  195.413858] pstate: 200003c5 (nzCv DAIF -PAN -UAO)
[  195.414023] pc : rcu_idle_enter+0x74/0x80
[  195.414170] lr : do_idle+0x200/0x288
[  195.414292] sp : ffff800011a73f20
[  195.414409] x29: ffff800011a73f20 x28: 0000000000000000 
[  195.414589] x27: 0000000000000000 x26: 0000000000000000 
[  195.414765] x25: 0000000000000000 x24: ffff8000117ba214 
[  195.417391] x23: ffff00007b0c6200 x22: ffff800011404ab8 
[  195.417921] x21: ffff8000117ba1f0 x20: 0000000000000006 
[  195.418566] x19: ffff8000117ba118 x18: 0000000000000010 
[  195.422857] x17: 0000000000000000 x16: 0000000000000000 
[  195.424985] x15: ffff000072beae70 x14: 0000000000000000 
[  195.425642] x13: 0000000000000001 x12: 0000000000000000 
[  195.426936] x11: 0000000000000400 x10: 00000000000009c0 
[  195.432713] x9 : ffff800011a73e90 x8 : ffff00007b0c6c20 
[  195.433353] x7 : 0000000000000006 x6 : 000004ef8b82ff8e 
[  195.433736] x5 : 00ffffffffffffff x4 : ffff80006c7c5000 
[  195.434262] x3 : 4000000000000002 x2 : 4000000000000000 
[  195.434856] x1 : ffff800011406980 x0 : ffff00007dbcb980 
[  195.436326] Call trace:
[  195.437744]  rcu_idle_enter+0x74/0x80
[  195.438183]  do_idle+0x200/0x288
[  195.439063]  cpu_startup_entry+0x20/0x40
[  195.439309]  secondary_start_kernel+0x154/0x190
[  195.441854] ---[ end trace bd6923fdeb24109f ]---
