[  193.980670] kernel BUG at arch/arm64/kernel/traps.c:405!
[  193.991929] Internal error: Oops - BUG: 0 [#1] PREEMPT SMP
[  193.995048] Modules linked in:
[  194.000887] CPU: 0 PID: 496 Comm: python3 Not tainted 5.4.18 #2
[  194.002039] Hardware name: linux,dummy-virt (DT)
[  194.004305] pstate: 00000005 (nzcv daif -PAN -UAO)
[  194.010128] pc : do_undefinstr+0x2ec/0x310
[  194.011345] lr : do_undefinstr+0x1e0/0x310
[  194.012120] sp : ffff800011f6b9c0
[  194.012818] x29: ffff800011f6b9c0 x28: ffff00007a417000 
[  194.014753] x27: ffff800011f6bd80 x26: 0000000000000011 
[  194.017769] x25: 0000000000000012 x24: 0000000000000000 
[  194.019346] x23: 0000000080000005 x22: ffff800010baab80 
[  194.020231] x21: ffff800011f6bb60 x20: ffff00007a417000 
[  194.021049] x19: ffff800011f6ba20 x18: 0000000000000000 
[  194.021854] x17: 0000000000000000 x16: 0000000000000000 
[  194.022723] x15: 0000000000000001 x14: 0000000000000000 
[  194.023530] x13: 0000000000000006 x12: 00000000c0a80164 
[  194.024414] x11: 0000000000000000 x10: 0000000000000068 
[  194.025227] x9 : ffff00007a417000 x8 : ffff800011f6bc30 
[  194.026086] x7 : 0000000090900000 x6 : ffff800011f6ba18 
[  194.026930] x5 : 00000000d5300000 x4 : ffff8000117c51f0 
[  194.027740] x3 : 00000000ae000000 x2 : 0000000000000000 
[  194.028620] x1 : ffff00007a417000 x0 : 0000000080000005 
[  194.031032] Call trace:
[  194.031951]  do_undefinstr+0x2ec/0x310
[  194.032681]  el1_undef+0x10/0x84
[  194.033260]  udp_sendmsg+0x700/0x860
[  194.034026]  inet_sendmsg+0x40/0x68
[  194.034607]  __sys_sendto+0xd4/0x150
[  194.035171]  __arm64_sys_sendto+0x24/0x30
[  194.035809]  el0_svc_common.constprop.0+0x68/0x160
[  194.036602]  el0_svc_handler+0x20/0x80
[  194.037205]  el0_svc+0x8/0xc
[  194.039106] Code: f9401bf7 17ffff7c a9025bf5 f9001bf7 (d4210000) 
[  194.042578] ---[ end trace d5de0f5418d2ca15 ]---
[  194.044265] note: python3[496] exited with preempt_count 1
[  194.174223] ------------[ cut here ]------------
[  194.177015] WARNING: CPU: 0 PID: 0 at kernel/rcu/tree.c:569 rcu_idle_enter+0x74/0x80
[  194.180062] Modules linked in:
[  194.182473] CPU: 0 PID: 0 Comm: swapper/0 Tainted: G      D           5.4.18 #2
[  194.190286] Hardware name: linux,dummy-virt (DT)
[  194.191007] pstate: 200003c5 (nzCv DAIF -PAN -UAO)
[  194.191340] pc : rcu_idle_enter+0x74/0x80
[  194.191529] lr : do_idle+0x200/0x288
[  194.191691] sp : ffff8000117b3eb0
[  194.192635] x29: ffff8000117b3eb0 x28: 00000000412b0018 
[  194.193042] x27: 0000000000000000 x26: 0000000000000000 
[  194.193266] x25: 0000000000000000 x24: ffff8000117ba214 
[  194.193483] x23: ffff8000117c2d80 x22: ffff800011404ab8 
[  194.193811] x21: ffff8000117ba1f0 x20: 0000000000000000 
[  194.194278] x19: ffff8000117ba118 x18: 0000000000000010 
[  194.194817] x17: 0000000000000000 x16: 0000000000000000 
[  194.195294] x15: ffff00007a417470 x14: 0000000000000002 
[  194.196130] x13: 0000000000000001 x12: 0000000000000001 
[  194.197881] x11: 0000000000000400 x10: 00000000000009c0 
[  194.200130] x9 : ffff8000117b3e20 x8 : ffff8000117c37a0 
[  194.202206] x7 : 0000000000000000 x6 : 0000043620a5b48d 
[  194.202676] x5 : 00ffffffffffffff x4 : ffff80006c741000 
[  194.203159] x3 : 4000000000000002 x2 : 4000000000000000 
[  194.204086] x1 : ffff800011406980 x0 : ffff00007db47980 
[  194.204719] Call trace:
[  194.204913]  rcu_idle_enter+0x74/0x80
[  194.205231]  do_idle+0x200/0x288
[  194.205525]  cpu_startup_entry+0x20/0x40
[  194.205764]  rest_init+0xd4/0xe0
[  194.205970]  arch_call_rest_init+0xc/0x14
[  194.206278]  start_kernel+0x420/0x450
[  194.206559] ---[ end trace d5de0f5418d2ca16 ]---
