[  193.195249] kernel BUG at arch/arm64/kernel/traps.c:405!
[  193.198006] Internal error: Oops - BUG: 0 [#1] PREEMPT SMP
[  193.200170] Modules linked in:
[  193.205264] CPU: 4 PID: 490 Comm: python3 Not tainted 5.4.18 #2
[  193.206072] Hardware name: linux,dummy-virt (DT)
[  193.209032] pstate: 00000005 (nzcv daif -PAN -UAO)
[  193.215990] pc : do_undefinstr+0x2ec/0x310
[  193.217145] lr : do_undefinstr+0x1e0/0x310
[  193.218089] sp : ffff800011fd39c0
[  193.218760] x29: ffff800011fd39c0 x28: ffff000079bfe200 
[  193.220164] x27: ffff800011fd3d80 x26: 0000000000000011 
[  193.221047] x25: 0000000000000012 x24: 0000000000000000 
[  193.222000] x23: 0000000080000005 x22: ffff800010baa668 
[  193.223101] x21: ffff800011fd3b60 x20: ffff000079bfe200 
[  193.223988] x19: ffff800011fd3a20 x18: 0000000000000000 
[  193.225131] x17: 0000000000000000 x16: 0000000000000000 
[  193.226025] x15: 0000000000000001 x14: 0000000000000000 
[  193.226955] x13: 0000000000000006 x12: 00000000c0a80164 
[  193.227828] x11: 0000000000000000 x10: 0000000000000068 
[  193.228709] x9 : 0000000000000000 x8 : ffff800011fd3c30 
[  193.229529] x7 : ffff00007b1f2480 x6 : ffff800011fd3a18 
[  193.230339] x5 : 00000000d5300000 x4 : ffff8000117c51f0 
[  193.231260] x3 : 0000000001000000 x2 : 0000000000000000 
[  193.232100] x1 : ffff000079bfe200 x0 : 0000000080000005 
[  193.233841] Call trace:
[  193.234847]  do_undefinstr+0x2ec/0x310
[  193.236229]  el1_undef+0x10/0x84
[  193.236913]  udp_sendmsg+0x1e8/0x860
[  193.237513]  inet_sendmsg+0x40/0x68
[  193.238110]  __sys_sendto+0xd4/0x150
[  193.238927]  __arm64_sys_sendto+0x24/0x30
[  193.239622]  el0_svc_common.constprop.0+0x68/0x160
[  193.240329]  el0_svc_handler+0x20/0x80
[  193.241007]  el0_svc+0x8/0xc
[  193.242974] Code: f9401bf7 17ffff7c a9025bf5 f9001bf7 (d4210000) 
[  193.246953] ---[ end trace 06d631ca810bcfbb ]---
[  193.248937] note: python3[490] exited with preempt_count 1
[  193.368593] ------------[ cut here ]------------
[  193.372223] WARNING: CPU: 4 PID: 0 at kernel/rcu/tree.c:569 rcu_idle_enter+0x74/0x80
[  193.373261] Modules linked in:
[  193.375592] CPU: 4 PID: 0 Comm: swapper/4 Tainted: G      D           5.4.18 #2
[  193.380090] Hardware name: linux,dummy-virt (DT)
[  193.381723] pstate: 200003c5 (nzCv DAIF -PAN -UAO)
[  193.385608] pc : rcu_idle_enter+0x74/0x80
[  193.390973] lr : do_idle+0x200/0x288
[  193.391981] sp : ffff800011a63f20
[  193.392304] x29: ffff800011a63f20 x28: 0000000000000000 
[  193.392673] x27: 0000000000000000 x26: 0000000000000000 
[  193.394912] x25: 0000000000000000 x24: ffff8000117ba214 
[  193.395275] x23: ffff00007b0c4600 x22: ffff800011404ab8 
[  193.395447] x21: ffff8000117ba1f0 x20: 0000000000000004 
[  193.395618] x19: ffff8000117ba118 x18: 0000000000000010 
[  193.395789] x17: 0000000000000000 x16: 0000000000000000 
[  193.395960] x15: 0000000000000000 x14: 0000000000000000 
[  193.397527] x13: 0000000000000002 x12: 0000000000000000 
[  193.399335] x11: 0000000000000000 x10: 00000000000009c0 
[  193.401599] x9 : ffff800011a63e90 x8 : ffff00007b0c5020 
[  193.404884] x7 : 0000000000000400 x6 : 000000d6cf18cef0 
[  193.410549] x5 : 00ffffffffffffff x4 : ffff80006c799000 
[  193.413706] x3 : 4000000000000002 x2 : 4000000000000000 
[  193.415536] x1 : ffff800011406980 x0 : ffff00007db9f980 
[  193.416061] Call trace:
[  193.416498]  rcu_idle_enter+0x74/0x80
[  193.417582]  do_idle+0x200/0x288
[  193.420233]  cpu_startup_entry+0x24/0x40
[  193.422930]  secondary_start_kernel+0x154/0x190
[  193.423565] ---[ end trace 06d631ca810bcfbc ]---
