[  192.308967] kernel BUG at arch/arm64/kernel/traps.c:405!
[  192.315522] Internal error: Oops - BUG: 0 [#1] PREEMPT SMP
[  192.319222] Modules linked in:
[  192.323271] CPU: 6 PID: 494 Comm: python3 Not tainted 5.4.18 #2
[  192.323696] Hardware name: linux,dummy-virt (DT)
[  192.325269] pstate: 00000005 (nzcv daif -PAN -UAO)
[  192.336787] pc : do_undefinstr+0x2ec/0x310
[  192.337508] lr : do_undefinstr+0x1e0/0x310
[  192.338094] sp : ffff800011f4b9c0
[  192.338948] x29: ffff800011f4b9c0 x28: ffff000079655400 
[  192.340091] x27: ffff800011f4bd80 x26: 0000000000000011 
[  192.341057] x25: 0000000000000012 x24: 0000000000000000 
[  192.344770] x23: 0000000080000005 x22: ffff800010baab84 
[  192.345836] x21: ffff800011f4bb60 x20: ffff000079655400 
[  192.347763] x19: ffff800011f4ba20 x18: 0000000000000000 
[  192.348756] x17: 0000000000000000 x16: 0000000000000000 
[  192.349495] x15: 0000000000000001 x14: 0000000000000000 
[  192.350365] x13: 0000000000000006 x12: 00000000c0a80164 
[  192.351178] x11: 0000000000000000 x10: 0000000000000068 
[  192.351961] x9 : ffff000079655400 x8 : ffff800011f4bc30 
[  192.352721] x7 : 00000000f0800000 x6 : ffff800011f4ba18 
[  192.353444] x5 : 00000000d5300000 x4 : ffff8000117c51f0 
[  192.354114] x3 : 0000000081000000 x2 : 0000000000000000 
[  192.354697] x1 : ffff000079655400 x0 : 0000000080000005 
[  192.356502] Call trace:
[  192.357065]  do_undefinstr+0x2ec/0x310
[  192.357534]  el1_undef+0x10/0x84
[  192.357947]  udp_sendmsg+0x704/0x860
[  192.358306]  inet_sendmsg+0x40/0x68
[  192.358657]  __sys_sendto+0xd4/0x150
[  192.359179]  __arm64_sys_sendto+0x24/0x30
[  192.359951]  el0_svc_common.constprop.0+0x68/0x160
[  192.360683]  el0_svc_handler+0x20/0x80
[  192.361039]  el0_svc+0x8/0xc
[  192.362242] Code: f9401bf7 17ffff7c a9025bf5 f9001bf7 (d4210000) 
[  192.364565] ---[ end trace cb0953a22e59d16a ]---
[  192.365501] note: python3[494] exited with preempt_count 1
[  192.419192] ------------[ cut here ]------------
[  192.423540] WARNING: CPU: 6 PID: 0 at kernel/rcu/tree.c:569 rcu_idle_enter+0x74/0x80
[  192.427084] Modules linked in:
[  192.428922] CPU: 6 PID: 0 Comm: swapper/6 Tainted: G      D           5.4.18 #2
[  192.429481] Hardware name: linux,dummy-virt (DT)
[  192.430013] pstate: 200003c5 (nzCv DAIF -PAN -UAO)
[  192.430499] pc : rcu_idle_enter+0x74/0x80
[  192.433092] lr : do_idle+0x200/0x288
[  192.433341] sp : ffff800011a73f20
[  192.434776] x29: ffff800011a73f20 x28: 0000000000000000 
[  192.441673] x27: 0000000000000000 x26: 0000000000000000 
[  192.443663] x25: 0000000000000000 x24: ffff8000117ba214 
[  192.444675] x23: ffff00007b0c6200 x22: ffff800011404ab8 
[  192.444994] x21: ffff8000117ba1f0 x20: 0000000000000006 
[  192.445573] x19: ffff8000117ba118 x18: 0000000000000010 
[  192.446807] x17: 0000000000000000 x16: 0000000000000000 
[  192.448752] x15: ffff000079655870 x14: 0000000000000000 
[  192.449931] x13: 0000000000000001 x12: 0000000000000000 
[  192.450476] x11: 0000000000000400 x10: 00000000000009c0 
[  192.452060] x9 : ffff800011a73e90 x8 : ffff00007b0c6c20 
[  192.453594] x7 : 0000000000000006 x6 : 00000482a9bdaf9e 
[  192.454464] x5 : 00ffffffffffffff x4 : ffff80006c7c5000 
[  192.455073] x3 : 4000000000000002 x2 : 4000000000000000 
[  192.455429] x1 : ffff800011406980 x0 : ffff00007dbcb980 
[  192.457833] Call trace:
[  192.459171]  rcu_idle_enter+0x74/0x80
[  192.460610]  do_idle+0x200/0x288
[  192.461422]  cpu_startup_entry+0x24/0x40
[  192.462645]  secondary_start_kernel+0x154/0x190
[  192.466509] ---[ end trace cb0953a22e59d16b ]---
