[  195.373599] Unable to handle kernel paging request at virtual address ffff800011f9c418
[  195.376348] Mem abort info:
[  195.383679]   ESR = 0x96000047
[  195.387759]   EC = 0x25: DABT (current EL), IL = 32 bits
[  195.394569]   SET = 0, FnV = 0
[  195.395884]   EA = 0, S1PTW = 0
[  195.402633] Data abort info:
[  195.411373]   ISV = 0, ISS = 0x00000047
[  195.427425]   CM = 0, WnR = 1
[  195.434571] swapper pgtable: 4k pages, 48-bit VAs, pgdp=00000000412a6000
[  195.436557] [ffff800011f9c418] pgd=00000000bdfff003, pud=00000000bdffe003, pmd=00000000ba981003, pte=0000000000000000
[  195.452516] Internal error: Oops: 96000047 [#1] PREEMPT SMP
[  195.455737] Modules linked in:
[  195.459341] CPU: 1 PID: 492 Comm: python3 Not tainted 5.4.18 #2
[  195.466761] Hardware name: linux,dummy-virt (DT)
[  195.472487] pstate: 60000005 (nZCv daif -PAN -UAO)
[  195.475621] pc : udp_sendmsg+0x158/0x860
[  195.479774] lr : udp_sendmsg+0x150/0x860
[  195.492462] sp : ffff800011f9bb60
[  195.500568] x29: ffff800011f9bb70 x28: 0000000000000012 
[  195.511958] x27: ffff800011f9bd80 x26: 0000000000000011 
[  195.518548] x25: 0000000000000012 x24: ffff00007aa9ba88 
[  195.523669] x23: 000000006401a8c0 x22: 0000000000000000 
[  195.524703] x21: ffff000078006200 x20: ffff800010b762e8 
[  195.530479] x19: ffff00007aa9b740 x18: 0000000000000000 
[  195.533639] x17: 0000000000000000 x16: 0000000000000000 
[  195.534762] x15: 0000000000000000 x14: 0000000000000000 
[  195.535628] x13: 0000000000000000 x12: 0000000000000000 
[  195.537010] x11: 0000000000000000 x10: 0000000000000000 
[  195.539398] x9 : 0000000000000000 x8 : 0000000000000000 
[  195.542645] x7 : 0000000000000000 x6 : ffff800011f9bde8 
[  195.544281] x5 : ffff800011f9bde8 x4 : 0000000000000000 
[  195.546324] x3 : 0000000000000000 x2 : 00000000ffffffff 
[  195.547160] x1 : 0000000000000000 x0 : 0000000000000000 
[  195.551438] Call trace:
[  195.552524]  udp_sendmsg+0x158/0x860
[  195.554966]  inet_sendmsg+0x40/0x68
[  195.557886]  __sys_sendto+0xd4/0x150
[  195.560541]  __arm64_sys_sendto+0x24/0x30
[  195.562953]  el0_svc_common.constprop.0+0x68/0x160
[  195.563545]  el0_svc_handler+0x20/0x80
[  195.564143]  el0_svc+0x8/0xc
[  195.567758] Code: b9008be4 97d6a787 f94063e0 b940bbe7 (b908bbf7) 
[  195.582188] ---[ end trace 0c2684e73b98e488 ]---
