[  192.752390] kernel BUG at arch/arm64/kernel/traps.c:405!
[  192.755840] Internal error: Oops - BUG: 0 [#1] PREEMPT SMP
[  192.757922] Modules linked in:
[  192.763098] CPU: 1 PID: 492 Comm: python3 Not tainted 5.4.18 #2
[  192.764388] Hardware name: linux,dummy-virt (DT)
[  192.767351] pstate: 00000005 (nzcv daif -PAN -UAO)
[  192.768700] pc : do_undefinstr+0x2ec/0x310
[  192.769920] lr : do_undefinstr+0x1e0/0x310
[  192.770874] sp : ffff800011dab9c0
[  192.771664] x29: ffff800011dab9c0 x28: ffff00007833f000 
[  192.774367] x27: ffff800011dabd80 x26: 0000000000000011 
[  192.776952] x25: 0000000000000012 x24: 0000000000000000 
[  192.777918] x23: 0000000040000005 x22: ffff800010baa984 
[  192.779163] x21: ffff800011dabb60 x20: ffff00007833f000 
[  192.780146] x19: ffff800011daba20 x18: 0000000000000000 
[  192.781094] x17: 0000000000000000 x16: 0000000000000000 
[  192.782019] x15: 0000000000000000 x14: 0000000000000000 
[  192.783057] x13: 0000000000000000 x12: 0000000000000000 
[  192.783933] x11: 0000000000000000 x10: 000000000000c9d9 
[  192.784849] x9 : 000000006401a8c0 x8 : ffff800011963ac0 
[  192.785709] x7 : 00000000000003e8 x6 : ffff800011daba18 
[  192.786643] x5 : 00000000d5300000 x4 : ffff8000117c51f0 
[  192.787507] x3 : 0000000099000000 x2 : 0000000000000000 
[  192.789885] x1 : ffff00007833f000 x0 : 0000000040000005 
[  192.792218] Call trace:
[  192.793258]  do_undefinstr+0x2ec/0x310
[  192.794036]  el1_undef+0x10/0x84
[  192.794664]  udp_sendmsg+0x504/0x860
[  192.795554]  inet_sendmsg+0x40/0x68
[  192.796196]  __sys_sendto+0xd4/0x150
[  192.796847]  __arm64_sys_sendto+0x24/0x30
[  192.797516]  el0_svc_common.constprop.0+0x68/0x160
[  192.798215]  el0_svc_handler+0x20/0x80
[  192.798874]  el0_svc+0x8/0xc
[  192.800760] Code: f9401bf7 17ffff7c a9025bf5 f9001bf7 (d4210000) 
[  192.806423] ---[ end trace 06a75630398e0992 ]---
[  192.809465] note: python3[492] exited with preempt_count 1
[  192.955873] ------------[ cut here ]------------
[  192.964166] WARNING: CPU: 1 PID: 0 at kernel/rcu/tree.c:569 rcu_idle_enter+0x74/0x80
[  192.967510] Modules linked in:
[  192.971026] CPU: 1 PID: 0 Comm: swapper/1 Tainted: G      D           5.4.18 #2
[  192.972364] Hardware name: linux,dummy-virt (DT)
[  192.972994] pstate: 200003c5 (nzCv DAIF -PAN -UAO)
[  192.975865] pc : rcu_idle_enter+0x74/0x80
[  192.976756] lr : do_idle+0x200/0x288
[  192.977557] sp : ffff800011a4bf20
[  192.978394] x29: ffff800011a4bf20 x28: 0000000000000000 
[  192.979509] x27: 0000000000000000 x26: 0000000000000000 
[  192.980114] x25: 0000000000000000 x24: ffff8000117ba214 
[  192.982075] x23: ffff00007b0c1c00 x22: ffff800011404ab8 
[  192.983185] x21: ffff8000117ba1f0 x20: 0000000000000001 
[  192.983830] x19: ffff8000117ba118 x18: 0000000000000010 
[  192.984685] x17: 0000000000000000 x16: 0000000000000000 
[  192.986237] x15: 0000000000000000 x14: 0000000000000000 
[  192.986628] x13: 0000000000000002 x12: 0000000000000000 
[  192.986990] x11: 0000000000000000 x10: 00000000000009c0 
[  192.987418] x9 : ffff800011a4be90 x8 : ffff00007b0c2620 
[  192.988095] x7 : 00000000000003a8 x6 : 00000a6ceeaf746b 
[  192.988807] x5 : 00ffffffffffffff x4 : ffff80006c757000 
[  192.990183] x3 : 4000000000000002 x2 : 4000000000000000 
[  192.995531] x1 : ffff800011406980 x0 : ffff00007db5d980 
[  192.998376] Call trace:
[  192.999981]  rcu_idle_enter+0x74/0x80
[  193.001110]  do_idle+0x200/0x288
[  193.004926]  cpu_startup_entry+0x24/0x40
[  193.007269]  secondary_start_kernel+0x154/0x190
[  193.007542] ---[ end trace 06a75630398e0993 ]---
