[  194.136470] Unable to handle kernel paging request at virtual address ffff800011dacc34
[  194.138299] Mem abort info:
[  194.138653]   ESR = 0x96000047
[  194.139176]   EC = 0x25: DABT (current EL), IL = 32 bits
[  194.139704]   SET = 0, FnV = 0
[  194.140347]   EA = 0, S1PTW = 0
[  194.140781] Data abort info:
[  194.141159]   ISV = 0, ISS = 0x00000047
[  194.141662]   CM = 0, WnR = 1
[  194.143934] swapper pgtable: 4k pages, 48-bit VAs, pgdp=00000000412a6000
[  194.152184] [ffff800011dacc34] pgd=00000000bdfff003, pud=00000000bdffe003, pmd=00000000bb34b003, pte=0000000000000000
[  194.160841] Internal error: Oops: 96000047 [#1] PREEMPT SMP
[  194.169005] Modules linked in:
[  194.178328] CPU: 0 PID: 493 Comm: python3 Not tainted 5.4.18 #2
[  194.180858] Hardware name: linux,dummy-virt (DT)
[  194.182520] pstate: 40000005 (nZcv daif -PAN -UAO)
[  194.184902] pc : udp_sendmsg+0x4ec/0x860
[  194.188659] lr : udp_sendmsg+0x150/0x860
[  194.191800] sp : ffff800011dabb60
[  194.196254] x29: ffff800011dabb70 x28: 0000000000000012 
[  194.199116] x27: ffff800011dabd80 x26: 0000000000000011 
[  194.200192] x25: 0000000000000012 x24: ffff0000797a1008 
[  194.200543] x23: 000000006401a8c0 x22: 0000000000000000 
[  194.200873] x21: ffff000073417000 x20: ffff800010b762e8 
[  194.201326] x19: ffff0000797a0cc0 x18: 0000000000000000 
[  194.204102] x17: 0000000000000000 x16: 0000000000000000 
[  194.205001] x15: 0000000000000000 x14: 0000000000000000 
[  194.206999] x13: 0000000000000000 x12: 0000000000000000 
[  194.208725] x11: 0000000000000000 x10: 0000000000005cb6 
[  194.212120] x9 : 000000006401a8c0 x8 : ffff800011963ac0 
[  194.213253] x7 : 00000000000003e8 x6 : ffff800011dabde8 
[  194.213875] x5 : ffff800011dabde8 x4 : 0000000000000000 
[  194.215533] x3 : 0000000000008813 x2 : 0000000000000001 
[  194.219794] x1 : 0000000000000000 x0 : 0000000000000011 
[  194.224067] Call trace:
[  194.225998]  udp_sendmsg+0x4ec/0x860
[  194.229395]  inet_sendmsg+0x40/0x68
[  194.230967]  __sys_sendto+0xd4/0x150
[  194.231793]  __arm64_sys_sendto+0x24/0x30
[  194.232097]  el0_svc_common.constprop.0+0x68/0x160
[  194.232388]  el0_svc_handler+0x20/0x80
[  194.232783]  el0_svc+0x8/0xc
[  194.235035] Code: 39480660 390373e2 52800022 b9009be4 (b910d7e2) 
[  194.236760] ---[ end trace 234cea08288c10bd ]---
