[  192.706877] Unable to handle kernel paging request at virtual address fffe0000f5536077
[  192.718538] Mem abort info:
[  192.719412]   ESR = 0x96000004
[  192.721077]   EC = 0x25: DABT (current EL), IL = 32 bits
[  192.725160]   SET = 0, FnV = 0
[  192.726590]   EA = 0, S1PTW = 0
[  192.727466] Data abort info:
[  192.732589]   ISV = 0, ISS = 0x00000004
[  192.736566]   CM = 0, WnR = 0
[  192.743428] [fffe0000f5536077] address between user and kernel address ranges
[  192.759209] Internal error: Oops: 96000004 [#1] PREEMPT SMP
[  192.767991] Modules linked in:
[  192.774057] CPU: 5 PID: 498 Comm: python3 Not tainted 5.4.18 #2
[  192.774710] Hardware name: linux,dummy-virt (DT)
[  192.777033] pstate: 80000005 (Nzcv daif -PAN -UAO)
[  192.784301] pc : ip_setup_cork+0x60/0x180
[  192.787290] lr : ip_make_skb+0x78/0x140
[  192.789693] sp : ffff800011f7ba90
[  192.790298] x29: ffff800011f7ba90 x28: ffff800011f7bb40 
[  192.794066] x27: 000000000000001a x26: ffff800011f7bd80 
[  192.795155] x25: ffff800010b762e8 x24: fffe0000f5535d80 
[  192.799219] x23: 0000000000000000 x22: ffff0000781140c0 
[  192.800140] x21: ffff800011f7bc00 x20: ffff800011f7bc08 
[  192.800900] x19: ffff800011f7bc68 x18: 0000000000000000 
[  192.807426] x17: 0000000000000000 x16: 0000000000000000 
[  192.808147] x15: 0000000000000001 x14: 0000000000000000 
[  192.812752] x13: 0000000000000006 x12: 00000000c0a80164 
[  192.820993] x11: 0000000000000000 x10: 0000000000000068 
[  192.823335] x9 : 0000000000000000 x8 : 0000000000000000 
[  192.826387] x7 : ffff800011f7bc00 x6 : ffff800011f7bc08 
[  192.829726] x5 : 0000000000000008 x4 : 000000000000001a 
[  192.836204] x3 : ffff800011f7bc00 x2 : ffff800011f7bc08 
[  192.840138] x1 : ffff800011f7bc68 x0 : fffe0000f5535d80 
[  192.843939] Call trace:
[  192.844397]  ip_setup_cork+0x60/0x180
[  192.845631]  ip_make_skb+0x78/0x140
[  192.845993]  udp_sendmsg+0x6ec/0x860
[  192.852014]  inet_sendmsg+0x40/0x68
[  192.852578]  __sys_sendto+0xd4/0x150
[  192.853124]  __arm64_sys_sendto+0x24/0x30
[  192.856690]  el0_svc_common.constprop.0+0x68/0x160
[  192.857553]  el0_svc_handler+0x20/0x80
[  192.858187]  el0_svc+0x8/0xc
[  192.862823] Code: 32000021 b9000261 b9401280 b9000660 (394bdf00) 
[  192.875975] ---[ end trace 49dd014b2a431344 ]---
