[  205.014932] Unable to handle kernel paging request at virtual address ffff80006c7af040
[  205.023029] Mem abort info:
[  205.023793]   ESR = 0x96000005
[  205.024585]   EC = 0x25: DABT (current EL), IL = 32 bits
[  205.028162]   SET = 0, FnV = 0
[  205.029150]   EA = 0, S1PTW = 0
[  205.032049] Data abort info:
[  205.035250]   ISV = 0, ISS = 0x00000005
[  205.037036]   CM = 0, WnR = 0
[  205.039075] swapper pgtable: 4k pages, 48-bit VAs, pgdp=00000000412a6000
[  205.042940] [ffff80006c7af040] pgd=00000000bdfff003, pud=0000000000000000
[  205.048729] Internal error: Oops: 96000005 [#1] PREEMPT SMP
[  205.056746] Modules linked in:
[  205.066347] CPU: 5 PID: 496 Comm: python3 Not tainted 5.4.18 #2
[  205.067273] Hardware name: linux,dummy-virt (DT)
[  205.068228] pstate: 80000005 (Nzcv daif -PAN -UAO)
[  205.072027] pc : dst_alloc+0x128/0x140
[  205.072820] lr : udp_sendmsg+0x294/0x860
[  205.074430] sp : ffff800012173b30
[  205.075983] x29: ffff800012173b30 x28: 000000000000001a 
[  205.076863] x27: ffff800012173d80 x26: 0000000000000011 
[  205.078737] x25: 0000000000000012 x24: ffff00007a923208 
[  205.079289] x23: 000000006401a8c0 x22: 0000000000000000 
[  205.080229] x21: ffff000079500e00 x20: 0000000000000000 
[  205.081146] x19: ffff80006c7af000 x18: 0000000000000000 
[  205.083079] x17: 0000000000000000 x16: 0000000000000000 
[  205.085152] x15: 0000000000000001 x14: 0000000000000000 
[  205.086849] x13: 0000000000000006 x12: 000000000000003c 
[  205.087735] x11: ffff000070503000 x10: 0000000000000000 
[  205.088780] x9 : ffff0000794f7140 x8 : 0000000000000028 
[  205.092405] x7 : ffff00007586c000 x6 : 0000000022100000 
[  205.093192] x5 : 0000000000000038 x4 : 0000000000000000 
[  205.094709] x3 : 0000000000000000 x2 : ffff80006c7af040 
[  205.095092] x1 : ffff000079500e00 x0 : 0000000000000001 
[  205.096597] Call trace:
[  205.098844]  dst_alloc+0x128/0x140
[  205.099952]  udp_sendmsg+0x294/0x860
[  205.100879]  inet_sendmsg+0x40/0x68
[  205.102765]  __sys_sendto+0xd4/0x150
[  205.103464]  __arm64_sys_sendto+0x24/0x30
[  205.106681]  el0_svc_common.constprop.0+0x68/0x160
[  205.109740]  el0_svc_handler+0x20/0x80
[  205.110871]  el0_svc+0x8/0xc
[  205.111971] Code: 35ffffa1 d5033bbf 17fffee3 f9800051 (885f7c43) 
[  205.113280] ---[ end trace 76a820f708c859e4 ]---
