[  193.085187] Unable to handle kernel paging request at virtual address ffff800000000000
[  193.092062] Mem abort info:
[  193.092736]   ESR = 0x86000006
[  193.093491]   EC = 0x21: IABT (current EL), IL = 32 bits
[  193.095883]   SET = 0, FnV = 0
[  193.096634]   EA = 0, S1PTW = 0
[  193.100536] swapper pgtable: 4k pages, 48-bit VAs, pgdp=00000000412a6000
[  193.111802] [ffff800000000000] pgd=00000000bdfff003, pud=00000000bdffe003, pmd=0000000000000000
[  193.139567] Internal error: Oops: 86000006 [#1] PREEMPT SMP
[  193.141936] Modules linked in:
[  193.147241] CPU: 5 PID: 496 Comm: python3 Not tainted 5.4.18 #2
[  193.147813] Hardware name: linux,dummy-virt (DT)
[  193.149472] pstate: 80000005 (Nzcv daif -PAN -UAO)
[  193.153831] pc : 0xffff800000000000
[  193.154116] lr : 0xffff800000000000
[  193.154537] sp : ffff800011e4bb80
[  193.154939] x29: ffff800011e4bc68 x28: 0000000000000012 
[  193.155667] x27: ffff800011e4bd80 x26: 0000000000000011 
[  193.156146] x25: 0000000000000012 x24: ffff800011e4bdd8 
[  193.156650] x23: ffff800011e4bdd8 x22: 0000000000000000 
[  193.157134] x21: ffff00007811b800 x20: 0000000000000012 
[  193.159091] x19: ffff00007ab90000 x18: 0000000000000000 
[  193.159804] x17: 0000000000000000 x16: 0000000000000000 
[  193.160282] x15: 0000000000000000 x14: 0000000000000000 
[  193.160874] x13: 0000000000000000 x12: 0000000000000000 
[  193.161644] x11: 0000000000000000 x10: 0000000000000000 
[  193.162223] x9 : 0000000000400100 x8 : ffff00007811b800 
[  193.162696] x7 : 0000ffff8b2c7e90 x6 : ffff800011e4bde8 
[  193.163162] x5 : ffff800011e4bde8 x4 : 0000000000000002 
[  193.163680] x3 : ffff800010baa480 x2 : 0000000000000012 
[  193.164226] x1 : 0000000000000000 x0 : 000000000000ffff 
[  193.165501] Call trace:
[  193.166140]  0xffff800000000000
[  193.170202] Code: bad PC value
[  193.171426] ---[ end trace a66811e123b3d5f1 ]---
