[  195.993028] Unable to handle kernel paging request at virtual address 000000000000e1d9
[  195.999541] Mem abort info:
[  196.000070]   ESR = 0x96000006
[  196.000607]   EC = 0x25: DABT (current EL), IL = 32 bits
[  196.001323]   SET = 0, FnV = 0
[  196.001748]   EA = 0, S1PTW = 0
[  196.002178] Data abort info:
[  196.003961]   ISV = 0, ISS = 0x00000006
[  196.004867]   CM = 0, WnR = 0
[  196.006074] user pgtable: 4k pages, 48-bit VAs, pgdp=00000000b5d72000
[  196.012262] [000000000000e1d9] pgd=00000000b2aad003, pud=00000000b0e26003, pmd=0000000000000000
[  196.036909] Internal error: Oops: 96000006 [#1] PREEMPT SMP
[  196.040088] Modules linked in:
[  196.045765] CPU: 1 PID: 494 Comm: python3 Not tainted 5.4.18 #2
[  196.047647] Hardware name: linux,dummy-virt (DT)
[  196.049562] pstate: 60000005 (nZCv daif -PAN -UAO)
[  196.057720] pc : udp_sendmsg+0x164/0x860
[  196.061312] lr : udp_sendmsg+0x150/0x860
[  196.062212] sp : ffff800011f4bb60
[  196.064575] x29: ffff800011f4bb70 x28: 0000000000000012 
[  196.065591] x27: ffff800011f4bd80 x26: 0000000000000011 
[  196.068647] x25: 0000000000000012 x24: ffff00007a99e508 
[  196.069663] x23: 000000006401a8c0 x22: 0000000000000000 
[  196.072714] x21: ffff000071bc0000 x20: ffff800010b762e8 
[  196.073082] x19: ffff00007a99e1c0 x18: 0000000000000000 
[  196.073436] x17: 0000000000000000 x16: 0000000000000000 
[  196.074039] x15: 0000000000000000 x14: 0000000000000000 
[  196.076019] x13: 0000000000000000 x12: 0000000000000000 
[  196.076999] x11: 0000000000000000 x10: 0000000000000000 
[  196.077940] x9 : 0000000000000000 x8 : 0000000000000000 
[  196.081345] x7 : 0000000000000000 x6 : ffff800011f4bde8 
[  196.085572] x5 : ffff800011f4bde8 x4 : 0000000000000000 
[  196.088705] x3 : 0000000000000000 x2 : 00000000ffffffff 
[  196.092317] x1 : 0000000000000000 x0 : 000000000000e1c0 
[  196.095145] Call trace:
[  196.098340]  udp_sendmsg+0x164/0x860
[  196.106956]  inet_sendmsg+0x40/0x68
[  196.110635]  __sys_sendto+0xd4/0x150
[  196.112605]  __arm64_sys_sendto+0x24/0x30
[  196.119392]  el0_svc_common.constprop.0+0x68/0x160
[  196.120852]  el0_svc_handler+0x20/0x80
[  196.121062]  el0_svc+0x8/0xc
[  196.129672] Code: b940bbe7 b900bbf7 b9408be4 b40014c0 (39406401) 
[  196.153128] ---[ end trace 53712617635e3851 ]---
