[  193.029807] Kernel panic - not syncing: stack-protector: Kernel stack is corrupted in: udp_sendmsg+0x858/0x860
[  193.051478] CPU: 6 PID: 493 Comm: python3 Not tainted 5.4.18 #2
[  193.052829] Hardware name: linux,dummy-virt (DT)
[  193.054227] Call trace:
[  193.054759]  dump_backtrace+0x0/0x140
[  193.056165]  show_stack+0x14/0x20
[  193.057068]  dump_stack+0xb4/0xf8
[  193.057894]  panic+0x158/0x324
[  193.058508]  __stack_chk_fail+0x1c/0x20
[  193.058983]  udp_sendmsg+0x858/0x860
[  193.059272]  inet_sendmsg+0x40/0x68
[  193.059553]  __sys_sendto+0xd4/0x150
[  193.059833]  __arm64_sys_sendto+0x24/0x30
[  193.060136]  el0_svc_common.constprop.0+0x68/0x160
[  193.060823]  el0_svc_handler+0x20/0x80
[  193.061480]  el0_svc+0x8/0xc
[  193.066146] SMP: stopping secondary CPUs
[  193.070686] Kernel Offset: disabled
[  193.074197] CPU features: 0x0002,20006000
[  193.074578] Memory Limit: none
[  193.076581] ---[ end Kernel panic - not syncing: stack-protector: Kernel stack is corrupted in: udp_sendmsg+0x858/0x860 ]---
