[  192.915418] Unable to handle kernel paging request at virtual address ffff800011f74c00
[  192.925056] Mem abort info:
[  192.929456]   ESR = 0x96000007
[  192.934356]   EC = 0x25: DABT (current EL), IL = 32 bits
[  192.940238]   SET = 0, FnV = 0
[  192.941639]   EA = 0, S1PTW = 0
[  192.945870] Data abort info:
[  192.956208]   ISV = 0, ISS = 0x00000007
[  192.961001]   CM = 0, WnR = 0
[  192.966215] swapper pgtable: 4k pages, 48-bit VAs, pgdp=00000000412a6000
[  192.977210] [ffff800011f74c00] pgd=00000000bdfff003, pud=00000000bdffe003, pmd=00000000ba9f5003, pte=0000000000000000
[  192.990598] Internal error: Oops: 96000007 [#1] PREEMPT SMP
[  192.997054] Modules linked in:
[  193.016095] CPU: 0 PID: 491 Comm: python3 Not tainted 5.4.18 #2
[  193.023514] Hardware name: linux,dummy-virt (DT)
[  193.029792] pstate: 80000005 (Nzcv daif -PAN -UAO)
[  193.057091] pc : udp_sendmsg+0x1c0/0x860
[  193.060557] lr : udp_sendmsg+0x150/0x860
[  193.061718] sp : ffff800011f73b60
[  193.069303] x29: ffff800011f73b70 x28: 0000000000000012 
[  193.080020] x27: ffff800011f73d80 x26: 0000000000000011 
[  193.082634] x25: 0000000000000012 x24: ffff0000781c1888 
[  193.083286] x23: 000000006401a8c0 x22: 0000000000000000 
[  193.083817] x21: ffff00007b362a00 x20: ffff800010b762e8 
[  193.084364] x19: ffff0000781c1540 x18: 0000000000000000 
[  193.084652] x17: 0000000000000000 x16: 0000000000000000 
[  193.084835] x15: 0000000000000000 x14: 0000000000000000 
[  193.086164] x13: 0000000000000000 x12: 0000000000000000 
[  193.092145] x11: 0000000000000000 x10: 0000000000000000 
[  193.093793] x9 : 000000006401a8c0 x8 : 0000000000000000 
[  193.094563] x7 : 0000000000000000 x6 : ffff800011f73de8 
[  193.095808] x5 : ffff800011f73de8 x4 : 0000000000000000 
[  193.097685] x3 : 0000000000000000 x2 : 0000000000000000 
[  193.098089] x1 : 0000000000000000 x0 : 0000000000000000 
[  193.099349] Call trace:
[  193.100205]  udp_sendmsg+0x1c0/0x860
[  193.100600]  inet_sendmsg+0x40/0x68
[  193.100913]  __sys_sendto+0xd4/0x150
[  193.101299]  __arm64_sys_sendto+0x24/0x30
[  193.101687]  el0_svc_common.constprop.0+0x68/0x160
[  193.102076]  el0_svc_handler+0x20/0x80
[  193.102426]  el0_svc+0x8/0xc
[  193.105188] Code: 7103801f 54002240 34001561 350015a4 (f94853e3) 
[  193.108718] ---[ end trace 112f362422395f3b ]---
