[  193.532673] Unable to handle kernel paging request at virtual address 11d7bd8000000010
[  193.548390] Mem abort info:
[  193.555626]   ESR = 0x96000004
[  193.560238]   EC = 0x25: DABT (current EL), IL = 32 bits
[  193.568534]   SET = 0, FnV = 0
[  193.568955]   EA = 0, S1PTW = 0
[  193.569243] Data abort info:
[  193.569601]   ISV = 0, ISS = 0x00000004
[  193.571180]   CM = 0, WnR = 0
[  193.585315] [11d7bd8000000010] address between user and kernel address ranges
[  193.599358] Internal error: Oops: 96000004 [#1] PREEMPT SMP
[  193.602528] Modules linked in:
[  193.606120] CPU: 0 PID: 493 Comm: python3 Not tainted 5.4.18 #2
[  193.606612] Hardware name: linux,dummy-virt (DT)
[  193.607301] pstate: 80000005 (Nzcv daif -PAN -UAO)
[  193.610123] pc : _copy_from_iter_full+0x14/0x2c8
[  193.611037] lr : ip_generic_getfrag+0x54/0xf0
[  193.612226] sp : ffff800011d7b940
[  193.613250] x29: ffff800011d7b940 x28: ffff00007b1dcf30 
[  193.614258] x27: 000000000000001a x26: 0000000000000000 
[  193.617660] x25: ffff0000780f1dc0 x24: ffff000076c66000 
[  193.620670] x23: 11d7bd8000000000 x22: 11d7bd8000000010 
[  193.621714] x21: 0000000000000012 x20: ffff000079490f00 
[  193.623213] x19: ffff00007b1dc600 x18: 0000000000000000 
[  193.623679] x17: 0000000000000000 x16: 0000000000000000 
[  193.624038] x15: 0000000000000001 x14: 0000000000000000 
[  193.624384] x13: 0000000000000006 x12: 00000000c0a80164 
[  193.624731] x11: 0000000000000000 x10: 0000000000000068 
[  193.625103] x9 : 0000000000000000 x8 : ffff000079490f00 
[  193.626285] x7 : 0000000000000001 x6 : 0000000000000060 
[  193.626860] x5 : 0000000000000012 x4 : 0000000000000000 
[  193.627416] x3 : 11d7bd8000000010 x2 : 11d7bd8000000010 
[  193.627928] x1 : 0000000000000012 x0 : ffff000078142e2c 
[  193.628676] Call trace:
[  193.629072]  _copy_from_iter_full+0x14/0x2c8
[  193.629422]  ip_generic_getfrag+0x54/0xf0
[  193.630295]  __ip_append_data.isra.0+0x85c/0xc30
[  193.630585]  ip_make_skb+0xec/0x140
[  193.630794]  udp_sendmsg+0x6ec/0x860
[  193.631000]  inet_sendmsg+0x40/0x68
[  193.631199]  __sys_sendto+0xd4/0x150
[  193.631392]  __arm64_sys_sendto+0x24/0x30
[  193.631729]  el0_svc_common.constprop.0+0x68/0x160
[  193.631970]  el0_svc_handler+0x20/0x80
[  193.632167]  el0_svc+0x8/0xc
[  193.633147] Code: 910003fd a9025bf5 aa0103f5 aa0203f6 (b9400041) 
[  193.634937] ---[ end trace 84ffe7d672a617b3 ]---
