[  193.911103] Unable to handle kernel NULL pointer dereference at virtual address 0000000000000004
[  193.921397] Mem abort info:
[  193.924433]   ESR = 0x96000006
[  193.927003]   EC = 0x25: DABT (current EL), IL = 32 bits
[  193.932963]   SET = 0, FnV = 0
[  193.939042]   EA = 0, S1PTW = 0
[  193.946663] Data abort info:
[  193.948118]   ISV = 0, ISS = 0x00000006
[  193.959215]   CM = 0, WnR = 0
[  193.969452] user pgtable: 4k pages, 48-bit VAs, pgdp=00000000b29d6000
[  193.978182] [0000000000000004] pgd=00000000b5e1d003, pud=00000000b6f2c003, pmd=0000000000000000
[  193.991487] Internal error: Oops: 96000006 [#1] PREEMPT SMP
[  194.001344] Modules linked in:
[  194.004635] CPU: 5 PID: 493 Comm: python3 Not tainted 5.4.18 #2
[  194.005905] Hardware name: linux,dummy-virt (DT)
[  194.007896] pstate: 60000005 (nZCv daif -PAN -UAO)
[  194.020153] pc : udp_queue_rcv_skb+0x2c/0x200
[  194.021664] lr : udp_sendmsg+0x150/0x860
[  194.025148] sp : ffff800011d53b60
[  194.025882] x29: ffff800011d53b70 x28: 0000000000000012 
[  194.027577] x27: ffff800011d53d80 x26: 0000000000000011 
[  194.028508] x25: 0000000000000012 x24: ffff00007b3dadc8 
[  194.030278] x23: 000000006401a8c0 x22: 0000000000000000 
[  194.030791] x21: ffff000079680000 x20: ffff800010b762e8 
[  194.031102] x19: ffff00007b3daa80 x18: 0000000000000000 
[  194.032036] x17: 0000000000000000 x16: 0000000000000000 
[  194.032263] x15: 0000000000000000 x14: 0000000000000000 
[  194.032606] x13: 0000000000000000 x12: 0000000000000000 
[  194.032914] x11: 0000000000000000 x10: 0000000000000000 
[  194.033350] x9 : 000000006401a8c0 x8 : 0000000000000000 
[  194.033763] x7 : 0000000000000000 x6 : ffff800011d53de8 
[  194.034386] x5 : ffff800011d53de8 x4 : 0000000000000000 
[  194.035956] x3 : 0000000000000000 x2 : 0000000000000000 
[  194.036837] x1 : 0000000000000000 x0 : 0000000000000000 
[  194.038090] Call trace:
[  194.038663]  udp_queue_rcv_skb+0x2c/0x200
[  194.039408]  inet_sendmsg+0x40/0x68
[  194.040144]  __sys_sendto+0xd4/0x150
[  194.040639]  __arm64_sys_sendto+0x24/0x30
[  194.041087]  el0_svc_common.constprop.0+0x68/0x160
[  194.041506]  el0_svc_handler+0x20/0x80
[  194.041637]  el0_svc+0x8/0xc
[  194.044184] Code: 371800c1 f9405e60 b940b661 8b010001 (79400822) 
[  194.048012] ---[ end trace 5da10d9e9d8ca749 ]---
