[  194.238038] Unable to handle kernel NULL pointer dereference at virtual address 00000000000001f0
[  194.241061] Mem abort info:
[  194.244172]   ESR = 0x96000006
[  194.253189]   EC = 0x25: DABT (current EL), IL = 32 bits
[  194.257713]   SET = 0, FnV = 0
[  194.263635]   EA = 0, S1PTW = 0
[  194.270834] Data abort info:
[  194.272717]   ISV = 0, ISS = 0x00000006
[  194.283625]   CM = 0, WnR = 0
[  194.292202] user pgtable: 4k pages, 48-bit VAs, pgdp=00000000b26d4000
[  194.297024] [00000000000001f0] pgd=00000000b5dd9003, pud=00000000b5dda003, pmd=0000000000000000
[  194.308636] Internal error: Oops: 96000006 [#1] PREEMPT SMP
[  194.313755] Modules linked in:
[  194.321914] CPU: 5 PID: 493 Comm: python3 Not tainted 5.4.18 #2
[  194.329458] Hardware name: linux,dummy-virt (DT)
[  194.333768] pstate: 60000005 (nZCv daif -PAN -UAO)
[  194.348059] pc : dev_ethtool+0x110/0x1d98
[  194.350325] lr : dev_ethtool+0x1414/0x1d98
[  194.353220] sp : ffff800011edb9e0
[  194.356193] x29: ffff800011edb9e0 x28: ffff000079761730 
[  194.358553] x27: 000000000000001a x26: 0000000000000000 
[  194.360284] x25: ffff00007b22c400 x24: ffff0000709680c0 
[  194.361205] x23: ffff800011edbd80 x22: 0000000000000000 
[  194.365068] x21: 0000000000000012 x20: 0000000000000000 
[  194.367556] x19: 0000000000000000 x18: 0000000000000000 
[  194.370314] x17: 0000000000000000 x16: 0000000000000000 
[  194.373075] x15: 0000000000000001 x14: 0000000000000000 
[  194.376971] x13: 0000000000000006 x12: 00000000c0a80164 
[  194.379612] x11: 0000000000000000 x10: 0000000000000068 
[  194.382026] x9 : 0000000000000000 x8 : ffff00007827f000 
[  194.385000] x7 : 0000000000000001 x6 : ffff800010b26200 
[  194.388294] x5 : 0000000000000000 x4 : ffff800011edbd80 
[  194.389150] x3 : 0000000000000000 x2 : 0000ffffffffffff 
[  194.393307] x1 : ffff00007807562c x0 : 0000000000000000 
[  194.400051] Call trace:
[  194.401686]  dev_ethtool+0x110/0x1d98
[  194.402302]  ip_make_skb+0xec/0x140
[  194.402673]  udp_sendmsg+0x6ec/0x860
[  194.405093]  inet_sendmsg+0x40/0x68
[  194.410708]  __sys_sendto+0xd4/0x150
[  194.413757]  __arm64_sys_sendto+0x24/0x30
[  194.414244]  el0_svc_common.constprop.0+0x68/0x160
[  194.417034]  el0_svc_handler+0x20/0x80
[  194.423901]  el0_svc+0x8/0xc
[  194.435208] Code: 51000680 7101401f 54000329 12800bd4 (f940fa60) 
[  194.444048] ---[ end trace ad38ebe251d0b13c ]---
