[  194.072421] Unable to handle kernel NULL pointer dereference at virtual address 00000000000003ac
[  194.080756] Mem abort info:
[  194.085008]   ESR = 0x96000006
[  194.086731]   EC = 0x25: DABT (current EL), IL = 32 bits
[  194.091396]   SET = 0, FnV = 0
[  194.095452]   EA = 0, S1PTW = 0
[  194.096009] Data abort info:
[  194.096392]   ISV = 0, ISS = 0x00000006
[  194.100152]   CM = 0, WnR = 0
[  194.109557] user pgtable: 4k pages, 48-bit VAs, pgdp=00000000b169e000
[  194.120777] [00000000000003ac] pgd=00000000b6c45003, pud=00000000b25ae003, pmd=0000000000000000
[  194.125804] Internal error: Oops: 96000006 [#1] PREEMPT SMP
[  194.126945] Modules linked in:
[  194.130202] CPU: 2 PID: 492 Comm: python3 Not tainted 5.4.18 #2
[  194.131422] Hardware name: linux,dummy-virt (DT)
[  194.134708] pstate: 40000005 (nZcv daif -PAN -UAO)
[  194.150875] pc : udp_sendmsg+0xd8/0x860
[  194.154981] lr : inet_sendmsg+0x40/0x68
[  194.155712] sp : ffff800011ef3b60
[  194.156699] x29: ffff800011ef3b70 x28: 0000000000000012 
[  194.160035] x27: ffff800011ef3d80 x26: 0000000000000011 
[  194.163425] x25: 0000000000000012 x24: ffff00007abcd408 
[  194.175400] x23: 000000006401a8c0 x22: 0000000000000000 
[  194.183322] x21: ffff0000783f0000 x20: ffff800010b762e8 
[  194.185569] x19: ffff00007abcd0c0 x18: 0000000000000000 
[  194.187822] x17: 0000000000000000 x16: 0000000000000000 
[  194.195073] x15: 0000000000000000 x14: 0000000000000000 
[  194.200633] x13: 0000000000000000 x12: 0000000000000000 
[  194.209839] x11: 0000000000000000 x10: 0000000000000000 
[  194.216336] x9 : 0000000000400100 x8 : 0000000000000000 
[  194.218318] x7 : 0000ffffa96a7e10 x6 : ffff800011ef3de8 
[  194.221989] x5 : ffff800011ef3de8 x4 : 0000000000000000 
[  194.224852] x3 : ffff800010baa480 x2 : 0000000000000012 
[  194.232529] x1 : 0000000000000002 x0 : 0000000000000000 
[  194.239225] Call trace:
[  194.240081]  udp_sendmsg+0xd8/0x860
[  194.247831]  inet_sendmsg+0x40/0x68
[  194.249241]  __sys_sendto+0xd4/0x150
[  194.250438]  __arm64_sys_sendto+0x24/0x30
[  194.251266]  el0_svc_common.constprop.0+0x68/0x160
[  194.251925]  el0_svc_handler+0x20/0x80
[  194.256329]  el0_svc+0x8/0xc
[  194.262422] Code: 52800004 f9402360 a90affff 7944b268 (79475a21) 
[  194.268688] ---[ end trace dca12673fd8c5c03 ]---
