[  192.884308] Unable to handle kernel paging request at virtual address ffff800014d3b7c0
[  192.886042] Mem abort info:
[  192.888371]   ESR = 0x86000006
[  192.889463]   EC = 0x21: IABT (current EL), IL = 32 bits
[  192.892997]   SET = 0, FnV = 0
[  192.897046]   EA = 0, S1PTW = 0
[  192.899493] swapper pgtable: 4k pages, 48-bit VAs, pgdp=00000000412a6000
[  192.905482] [ffff800014d3b7c0] pgd=00000000bdfff003, pud=00000000bdffe003, pmd=0000000000000000
[  192.928017] Internal error: Oops: 86000006 [#1] PREEMPT SMP
[  192.935849] Modules linked in:
[  192.941461] CPU: 4 PID: 494 Comm: python3 Not tainted 5.4.18 #2
[  192.946214] Hardware name: linux,dummy-virt (DT)
[  192.949395] pstate: 60000005 (nZCv daif -PAN -UAO)
[  192.963182] pc : 0xffff800014d3b7c0
[  192.968063] lr : udp_sendmsg+0x348/0x860
[  192.979227] sp : ffff800011f7bb60
[  192.981200] x29: ffff800011f7bcf0 x28: ffff000075d21c00 
[  192.984502] x27: 0000000000000000 x26: 0000000000000000 
[  192.986227] x25: 0000000056000000 x24: ffff800011f7bdd8 
[  192.989422] x23: 0000ffffdec0a2a8 x22: 0000000000000010 
[  192.990954] x21: ffff00007b228cc0 x20: 0000000000000012 
[  192.992699] x19: ffff800011f7bd80 x18: 0000000000000000 
[  192.993050] x17: 0000000000000000 x16: 0000000000000000 
[  192.993877] x15: 0000000000000001 x14: 0000000000000000 
[  192.995543] x13: 0000000000000006 x12: 000000000000003c 
[  192.996197] x11: ffff000073cd2000 x10: 0000000000000000 
[  192.996942] x9 : ffff00007181e940 x8 : 0000000000000028 
[  192.997496] x7 : ffff0000794ee000 x6 : 0000000022100000 
[  192.999220] x5 : 000000000000004e x4 : 0000000000000000 
[  192.999866] x3 : 0000000000000000 x2 : ffff80006c799000 
[  193.000674] x1 : 0000000000000000 x0 : 0000000000000012 
[  193.009102] Call trace:
[  193.012049]  0xffff800014d3b7c0
[  193.013167]  __sys_sendto+0xd4/0x150
[  193.015110]  __arm64_sys_sendto+0x24/0x30
[  193.015399]  el0_svc_common.constprop.0+0x68/0x160
[  193.015707]  el0_svc_handler+0x20/0x80
[  193.015948]  el0_svc+0x8/0xc
[  193.017958] Code: bad PC value
[  193.027147] ---[ end trace a73656712265b610 ]---
