[  208.534503] Unable to handle kernel paging request at virtual address 000000006401a8e0
[  208.541041] Mem abort info:
[  208.543175]   ESR = 0x96000005
[  208.544160]   EC = 0x25: DABT (current EL), IL = 32 bits
[  208.545128]   SET = 0, FnV = 0
[  208.545541]   EA = 0, S1PTW = 0
[  208.548849] Data abort info:
[  208.551153]   ISV = 0, ISS = 0x00000005
[  208.552762]   CM = 0, WnR = 0
[  208.553945] user pgtable: 4k pages, 48-bit VAs, pgdp=00000000b2692000
[  208.559502] [000000006401a8e0] pgd=00000000b83a4003, pud=0000000000000000
[  208.584015] Internal error: Oops: 96000005 [#1] PREEMPT SMP
[  208.592918] Modules linked in:
[  208.597478] CPU: 5 PID: 496 Comm: python3 Not tainted 5.4.18 #2
[  208.598718] Hardware name: linux,dummy-virt (DT)
[  208.600182] pstate: 60000005 (nZCv daif -PAN -UAO)
[  208.604798] pc : udp_sendmsg+0x330/0x860
[  208.605469] lr : inet_sendmsg+0x40/0x68
[  208.609000] sp : ffff800012103b60
[  208.612536] x29: ffff800012103cf0 x28: 000000000000001a 
[  208.622618] x27: ffff800012103d80 x26: 0000000000000011 
[  208.635543] x25: 0000000000000012 x24: ffff00007b2cadc8 
[  208.639886] x23: 000000006401a8c0 x22: 0000000000000000 
[  208.644536] x21: ffff00007a464a70 x20: 0000000000000000 
[  208.646707] x19: ffff00007b2caa80 x18: 0000000000000000 
[  208.650978] x17: 0000000000000000 x16: 0000000000000000 
[  208.654289] x15: 0000000000000001 x14: 0000000000000000 
[  208.659664] x13: 0000000000000006 x12: 000000000000003c 
[  208.662999] x11: ffff000071952000 x10: 0000000000000000 
[  208.664299] x9 : ffff000076d51940 x8 : 0000000000000028 
[  208.665104] x7 : ffff000075ccc000 x6 : 0000000022100000 
[  208.667302] x5 : 000000000000003a x4 : 0000000000000000 
[  208.668006] x3 : 0000000000000000 x2 : ffff80006c7af000 
[  208.669200] x1 : 0000000000000000 x0 : 0000000000000012 
[  208.676381] Call trace:
[  208.677611]  udp_sendmsg+0x330/0x860
[  208.678800]  __sys_sendto+0xd4/0x150
[  208.679716]  __arm64_sys_sendto+0x24/0x30
[  208.680263]  el0_svc_common.constprop.0+0x68/0x160
[  208.681285]  el0_svc_handler+0x20/0x80
[  208.681792]  el0_svc+0x8/0xc
[  208.688211] Code: d2800001 54002981 2a1903e0 a9417bfd (a94252f3) 
[  208.708825] ---[ end trace eaf7ec3afcf75fdd ]---
