[  194.747690] Unable to handle kernel NULL pointer dereference at virtual address 0000000000000030
[  194.757827] Mem abort info:
[  194.761585]   ESR = 0x96000006
[  194.763099]   EC = 0x25: DABT (current EL), IL = 32 bits
[  194.763719]   SET = 0, FnV = 0
[  194.764073]   EA = 0, S1PTW = 0
[  194.770955] Data abort info:
[  194.772445]   ISV = 0, ISS = 0x00000006
[  194.773858]   CM = 0, WnR = 0
[  194.776033] user pgtable: 4k pages, 48-bit VAs, pgdp=00000000b1789000
[  194.777684] [0000000000000030] pgd=00000000b3515003, pud=00000000b6c03003, pmd=0000000000000000
[  194.780632] Internal error: Oops: 96000006 [#1] PREEMPT SMP
[  194.781873] Modules linked in:
[  194.786723] CPU: 7 PID: 494 Comm: python3 Not tainted 5.4.18 #2
[  194.787899] Hardware name: linux,dummy-virt (DT)
[  194.791044] pstate: 80000005 (Nzcv daif -PAN -UAO)
[  194.795414] pc : udp_send_skb.isra.0+0x48/0x368
[  194.796747] lr : udp_sendmsg+0x710/0x860
[  194.798735] sp : ffff800011f4bb20
[  194.799139] x29: ffff800011f4bb20 x28: 000000000000001a 
[  194.800094] x27: ffff800011f4bd80 x26: 0000000000000011 
[  194.802349] x25: 0000000000000012 x24: ffff000078232224 
[  194.803264] x23: 0000000000000000 x22: ffff00007a9e0cc0 
[  194.803764] x21: 0000000000000011 x20: 000000000000001a 
[  194.804272] x19: ffff00007a90e800 x18: 0000000000000000 
[  194.804743] x17: 0000000000000000 x16: 0000000000000000 
[  194.805184] x15: 0000000000000001 x14: 0000000000000000 
[  194.805668] x13: 0000000000000006 x12: 00000000c0a80164 
[  194.807366] x11: 0000000000000000 x10: 0000000000000068 
[  194.807864] x9 : ffff00007a8db800 x8 : 0000000000000000 
[  194.808423] x7 : 00000000aec00000 x6 : 000000000000379e 
[  194.808940] x5 : ffff000078232200 x4 : 0000000000000024 
[  194.809451] x3 : ffff800011f4bc8e x2 : ffff800011f4bc78 
[  194.811395] x1 : 0000000000001a00 x0 : ffff00007a90e800 
[  194.812563] Call trace:
[  194.813989]  udp_send_skb.isra.0+0x48/0x368
[  194.815870]  udp_sendmsg+0x710/0x860
[  194.816697]  inet_sendmsg+0x40/0x68
[  194.817259]  __sys_sendto+0xd4/0x150
[  194.818317]  __arm64_sys_sendto+0x24/0x30
[  194.818734]  el0_svc_common.constprop.0+0x68/0x160
[  194.819040]  el0_svc_handler+0x20/0x80
[  194.820440]  el0_svc+0x8/0xc
[  194.825040] Code: 394806d5 4b010294 782468a6 53183e81 (794062e4) 
[  194.827995] ---[ end trace 5a48a10e89b42ab2 ]---
