[  194.470773] kernel BUG at arch/arm64/kernel/traps.c:405!
[  194.474333] Internal error: Oops - BUG: 0 [#1] PREEMPT SMP
[  194.476108] Modules linked in:
[  194.477496] CPU: 7 PID: 493 Comm: python3 Not tainted 5.4.18 #2
[  194.477940] Hardware name: linux,dummy-virt (DT)
[  194.479784] pstate: 00000005 (nzcv daif -PAN -UAO)
[  194.482150] pc : do_undefinstr+0x2ec/0x310
[  194.483819] lr : do_undefinstr+0x1e0/0x310
[  194.484643] sp : ffff800011f4b9c0
[  194.485318] x29: ffff800011f4b9c0 x28: ffff0000719a1c00 
[  194.486567] x27: 0000000000000000 x26: 0000000000000000 
[  194.487449] x25: 0000000056000000 x24: 0000000000000000 
[  194.488379] x23: 0000000060000005 x22: ffff800010baa7c4 
[  194.489264] x21: ffff800011f4bb60 x20: ffff0000719a1c00 
[  194.490221] x19: ffff800011f4ba20 x18: 0000000000000000 
[  194.491111] x17: 0000000000000000 x16: 0000000000000000 
[  194.492042] x15: 0000000000000001 x14: 0000000000000000 
[  194.492928] x13: 0000000000000006 x12: 000000000000003c 
[  194.493932] x11: ffff000076d36000 x10: 0000000000000000 
[  194.494979] x9 : ffff00007a8d0940 x8 : 0000000000000028 
[  194.496004] x7 : ffff000073eee000 x6 : ffff800011f4ba18 
[  194.497217] x5 : 00000000d5300000 x4 : ffff8000117c51f0 
[  194.498267] x3 : 0000000093000000 x2 : 0000000000000000 
[  194.499309] x1 : ffff0000719a1c00 x0 : 0000000060000005 
[  194.501234] Call trace:
[  194.502198]  do_undefinstr+0x2ec/0x310
[  194.502983]  el1_undef+0x10/0x84
[  194.503611]  udp_sendmsg+0x344/0x860
[  194.504319]  __sys_sendto+0xd4/0x150
[  194.504950]  __arm64_sys_sendto+0x24/0x30
[  194.505641]  el0_svc_common.constprop.0+0x68/0x160
[  194.506542]  el0_svc_handler+0x20/0x80
[  194.507207]  el0_svc+0x8/0xc
[  194.509273] Code: f9401bf7 17ffff7c a9025bf5 f9001bf7 (d4210000) 
[  194.513887] ---[ end trace cd12e70bee42449b ]---
[  194.516229] note: python3[493] exited with preempt_count 1
[  194.634234] ------------[ cut here ]------------
[  194.637496] WARNING: CPU: 7 PID: 0 at kernel/rcu/tree.c:569 rcu_idle_enter+0x74/0x80
[  194.640161] Modules linked in:
[  194.646265] CPU: 7 PID: 0 Comm: swapper/7 Tainted: G      D           5.4.18 #2
[  194.662502] Hardware name: linux,dummy-virt (DT)
[  194.667492] pstate: 200003c5 (nzCv DAIF -PAN -UAO)
[  194.669838] pc : rcu_idle_enter+0x74/0x80
[  194.670583] lr : do_idle+0x200/0x288
[  194.670757] sp : ffff800011a7bf20
[  194.670909] x29: ffff800011a7bf20 x28: 0000000000000000 
[  194.671124] x27: 0000000000000000 x26: 0000000000000000 
[  194.671325] x25: 0000000000000000 x24: ffff8000117ba214 
[  194.671600] x23: ffff00007b0c7000 x22: ffff800011404ab8 
[  194.672242] x21: ffff8000117ba1f0 x20: 0000000000000007 
[  194.673392] x19: ffff8000117ba118 x18: 0000000000000010 
[  194.674326] x17: 0000000000000000 x16: 0000000000000000 
[  194.675634] x15: 0000000000000000 x14: 0000000000000000 
[  194.677055] x13: 0000000000000002 x12: 0000000000000000 
[  194.677733] x11: 0000000000000000 x10: 00000000000009c0 
[  194.678150] x9 : ffff800011a7be90 x8 : ffff00007b0c7a20 
[  194.678612] x7 : 00000000000003c1 x6 : 000004bab7d30db2 
[  194.679009] x5 : 00ffffffffffffff x4 : ffff80006c7db000 
[  194.679537] x3 : 4000000000000002 x2 : 4000000000000000 
[  194.679920] x1 : ffff800011406980 x0 : ffff00007dbe1980 
[  194.685179] Call trace:
[  194.686011]  rcu_idle_enter+0x74/0x80
[  194.686322]  do_idle+0x200/0x288
[  194.686490]  cpu_startup_entry+0x24/0x40
[  194.686748]  secondary_start_kernel+0x154/0x190
[  194.686987] ---[ end trace cd12e70bee42449c ]---
