[  198.984844] kernel BUG at arch/arm64/kernel/traps.c:405!
[  198.996573] Internal error: Oops - BUG: 0 [#1] PREEMPT SMP
[  198.998909] Modules linked in:
[  199.007166] CPU: 7 PID: 492 Comm: python3 Not tainted 5.4.18 #2
[  199.012216] Hardware name: linux,dummy-virt (DT)
[  199.014193] pstate: 00000005 (nzcv daif -PAN -UAO)
[  199.021453] pc : do_undefinstr+0x2ec/0x310
[  199.022442] lr : do_undefinstr+0x1e0/0x310
[  199.023794] sp : ffff800011e4b9c0
[  199.025739] x29: ffff800011e4b9c0 x28: ffff0000796b4600 
[  199.026716] x27: ffff800011e4bd80 x26: 0000000000000011 
[  199.027622] x25: 0000000000000012 x24: 0000000000000000 
[  199.028392] x23: 0000000040000005 x22: ffff800010baa988 
[  199.028970] x21: ffff800011e4bb60 x20: ffff0000796b4600 
[  199.029477] x19: ffff800011e4ba20 x18: 0000000000000000 
[  199.030604] x17: 0000000000000000 x16: 0000000000000000 
[  199.031638] x15: 0000000000000000 x14: 0000000000000000 
[  199.032613] x13: 0000000000000000 x12: 0000000000000000 
[  199.034843] x11: 0000000000000000 x10: 00000000000048b9 
[  199.035252] x9 : 000000006401a8c0 x8 : ffff800011963ac0 
[  199.035641] x7 : 00000000000003e8 x6 : ffff800011e4ba18 
[  199.036047] x5 : 00000000d5300000 x4 : ffff8000117c51f0 
[  199.036466] x3 : 0000000099000000 x2 : 0000000000000000 
[  199.036852] x1 : ffff0000796b4600 x0 : 0000000040000005 
[  199.037844] Call trace:
[  199.038736]  do_undefinstr+0x2ec/0x310
[  199.039398]  el1_undef+0x10/0x84
[  199.039905]  udp_sendmsg+0x508/0x860
[  199.040533]  inet_sendmsg+0x40/0x68
[  199.041061]  __sys_sendto+0xd4/0x150
[  199.041764]  __arm64_sys_sendto+0x24/0x30
[  199.043756]  el0_svc_common.constprop.0+0x68/0x160
[  199.044197]  el0_svc_handler+0x20/0x80
[  199.044921]  el0_svc+0x8/0xc
[  199.047711] Code: f9401bf7 17ffff7c a9025bf5 f9001bf7 (d4210000) 
[  199.050339] ---[ end trace d40a4b238e7e9dd9 ]---
[  199.051514] note: python3[492] exited with preempt_count 1
[  199.155273] ------------[ cut here ]------------
[  199.164336] WARNING: CPU: 7 PID: 0 at kernel/rcu/tree.c:569 rcu_idle_enter+0x74/0x80
[  199.166576] Modules linked in:
[  199.167996] CPU: 7 PID: 0 Comm: swapper/7 Tainted: G      D           5.4.18 #2
[  199.170890] Hardware name: linux,dummy-virt (DT)
[  199.171412] pstate: 200003c5 (nzCv DAIF -PAN -UAO)
[  199.171672] pc : rcu_idle_enter+0x74/0x80
[  199.171887] lr : do_idle+0x200/0x288
[  199.172067] sp : ffff800011a7bf20
[  199.172241] x29: ffff800011a7bf20 x28: 0000000000000000 
[  199.172557] x27: 0000000000000000 x26: 0000000000000000 
[  199.175288] x25: 0000000000000000 x24: ffff8000117ba214 
[  199.187141] x23: ffff00007b0c7000 x22: ffff800011404ab8 
[  199.189663] x21: ffff8000117ba1f0 x20: 0000000000000007 
[  199.194546] x19: ffff8000117ba118 x18: 0000000000000010 
[  199.201326] x17: 0000000000000000 x16: 0000000000000000 
[  199.202134] x15: 0000000000000000 x14: 0000000000000000 
[  199.204051] x13: 0000000000000002 x12: 0000000000000000 
[  199.206652] x11: 0000000000000000 x10: 00000000000009c0 
[  199.209933] x9 : 0000a647f82e2094 x8 : 000000000000a647 
[  199.213751] x7 : 000000000000b7fb x6 : 00000a90c62d30af 
[  199.214260] x5 : 00ffffffffffffff x4 : ffff80006c7db000 
[  199.217048] x3 : 4000000000000002 x2 : 4000000000000000 
[  199.217778] x1 : ffff800011406980 x0 : ffff00007dbe1980 
[  199.220884] Call trace:
[  199.221317]  rcu_idle_enter+0x74/0x80
[  199.225007]  do_idle+0x200/0x288
[  199.226154]  cpu_startup_entry+0x20/0x40
[  199.228583]  secondary_start_kernel+0x154/0x190
[  199.231777] ---[ end trace d40a4b238e7e9dda ]---
