[  192.497303] kernel BUG at arch/arm64/kernel/traps.c:405!
[  192.499948] Internal error: Oops - BUG: 0 [#1] PREEMPT SMP
[  192.502936] Modules linked in:
[  192.504946] CPU: 7 PID: 493 Comm: python3 Not tainted 5.4.18 #2
[  192.505919] Hardware name: linux,dummy-virt (DT)
[  192.508243] pstate: 00000005 (nzcv daif -PAN -UAO)
[  192.509394] pc : do_undefinstr+0x2ec/0x310
[  192.510135] lr : do_undefinstr+0x1e0/0x310
[  192.510827] sp : ffff800011f2b9c0
[  192.511440] x29: ffff800011f2b9c0 x28: ffff00007a917000 
[  192.512560] x27: ffff800011f2bd80 x26: 0000000000000011 
[  192.513382] x25: 0000000000000012 x24: 0000000000000000 
[  192.514248] x23: 0000000080000005 x22: ffff800010baa668 
[  192.515069] x21: ffff800011f2bb60 x20: ffff00007a917000 
[  192.516345] x19: ffff800011f2ba20 x18: 0000000000000000 
[  192.517286] x17: 0000000000000000 x16: 0000000000000000 
[  192.519088] x15: 0000000000000001 x14: 0000000000000000 
[  192.520092] x13: 0000000000000006 x12: 00000000c0a80164 
[  192.520918] x11: 0000000000000000 x10: 0000000000000068 
[  192.521765] x9 : 0000000000000000 x8 : ffff800011f2bc30 
[  192.522593] x7 : ffff000075a6e180 x6 : ffff800011f2ba18 
[  192.523400] x5 : 00000000d5300000 x4 : ffff8000117c51f0 
[  192.524299] x3 : 0000000019000000 x2 : 0000000000000000 
[  192.525067] x1 : ffff00007a917000 x0 : 0000000080000005 
[  192.526692] Call trace:
[  192.527498]  do_undefinstr+0x2ec/0x310
[  192.528349]  el1_undef+0x10/0x84
[  192.528903]  udp_sendmsg+0x1e8/0x860
[  192.529452]  inet_sendmsg+0x40/0x68
[  192.530092]  __sys_sendto+0xd4/0x150
[  192.530637]  __arm64_sys_sendto+0x24/0x30
[  192.531232]  el0_svc_common.constprop.0+0x68/0x160
[  192.531983]  el0_svc_handler+0x20/0x80
[  192.532614]  el0_svc+0x8/0xc
[  192.534472] Code: f9401bf7 17ffff7c a9025bf5 f9001bf7 (d4210000) 
[  192.538373] ---[ end trace 147ed209dbd629cf ]---
[  192.540084] note: python3[493] exited with preempt_count 1
[  192.636052] ------------[ cut here ]------------
[  192.637220] WARNING: CPU: 7 PID: 0 at kernel/rcu/tree.c:569 rcu_idle_enter+0x74/0x80
[  192.641091] Modules linked in:
[  192.642165] CPU: 7 PID: 0 Comm: swapper/7 Tainted: G      D           5.4.18 #2
[  192.643167] Hardware name: linux,dummy-virt (DT)
[  192.644891] pstate: 200003c5 (nzCv DAIF -PAN -UAO)
[  192.646243] pc : rcu_idle_enter+0x74/0x80
[  192.646715] lr : do_idle+0x200/0x288
[  192.649431] sp : ffff800011a7bf20
[  192.649887] x29: ffff800011a7bf20 x28: 0000000000000000 
[  192.652531] x27: 0000000000000000 x26: 0000000000000000 
[  192.654347] x25: 0000000000000000 x24: ffff8000117ba214 
[  192.656057] x23: ffff00007b0c7000 x22: ffff800011404ab8 
[  192.659206] x21: ffff8000117ba1f0 x20: 0000000000000007 
[  192.661161] x19: ffff8000117ba118 x18: 0000000000000010 
[  192.662054] x17: 0000000000000000 x16: 0000000000000000 
[  192.662819] x15: 0000000000000000 x14: 0000000000000000 
[  192.664637] x13: 0000000000000003 x12: 0000000000000000 
[  192.665009] x11: 0000000000000000 x10: 00000000000009c0 
[  192.665356] x9 : ffff800011a7be90 x8 : ffff00007b0c7a20 
[  192.665703] x7 : 0000000000000354 x6 : 000000d3e0accee5 
[  192.666045] x5 : 00ffffffffffffff x4 : ffff80006c7db000 
[  192.668283] x3 : 4000000000000002 x2 : 4000000000000000 
[  192.673076] x1 : ffff800011406980 x0 : ffff00007dbe1980 
[  192.677125] Call trace:
[  192.679127]  rcu_idle_enter+0x74/0x80
[  192.682478]  do_idle+0x200/0x288
[  192.685222]  cpu_startup_entry+0x20/0x40
[  192.686330]  secondary_start_kernel+0x154/0x190
[  192.687120] ---[ end trace 147ed209dbd629d0 ]---
