[  196.526445] Unable to handle kernel NULL pointer dereference at virtual address 0000000000000000
[  196.534360] Mem abort info:
[  196.534976]   ESR = 0x96000046
[  196.535536]   EC = 0x25: DABT (current EL), IL = 32 bits
[  196.538791]   SET = 0, FnV = 0
[  196.539466]   EA = 0, S1PTW = 0
[  196.539970] Data abort info:
[  196.541512]   ISV = 0, ISS = 0x00000046
[  196.541758]   CM = 0, WnR = 1
[  196.542330] user pgtable: 4k pages, 48-bit VAs, pgdp=00000000b83af000
[  196.542763] [0000000000000000] pgd=00000000b2a0a003, pud=00000000b5f32003, pmd=0000000000000000
[  196.544374] Internal error: Oops: 96000046 [#1] PREEMPT SMP
[  196.546484] Modules linked in:
[  196.549119] CPU: 2 PID: 495 Comm: python3 Not tainted 5.4.18 #2
[  196.552272] Hardware name: linux,dummy-virt (DT)
[  196.556182] pstate: 60000005 (nZCv daif -PAN -UAO)
[  196.563461] pc : vsscanf+0x59c/0x9c8
[  196.564463] lr : udp_sendmsg+0x150/0x860
[  196.566279] sp : ffff800011f63b60
[  196.567150] x29: ffff800011f63b70 x28: 0000000000000012 
[  196.569943] x27: ffff800011f63d80 x26: 0000000000000011 
[  196.571270] x25: 0000000000000012 x24: ffff00007b2c5c88 
[  196.573980] x23: 000000006401a8c0 x22: 0000000000000000 
[  196.575903] x21: ffff00007b2b5408 x20: ffff800010b762e8 
[  196.577491] x19: ffff00007b2c5940 x18: 0000000000000000 
[  196.584603] x17: 0000000000000000 x16: 0000000000000000 
[  196.586775] x15: 0000000000000000 x14: 0000000000000000 
[  196.587192] x13: 0000000000000000 x12: 0000000000000000 
[  196.587441] x11: 0000000000000000 x10: 0000000000000000 
[  196.587692] x9 : 0000000000000000 x8 : 0000000000000000 
[  196.587923] x7 : 0000000000000000 x6 : ffff800011f63de8 
[  196.590322] x5 : ffff800011f63de8 x4 : 0000000000000000 
[  196.590642] x3 : ffff00007b2b540f x2 : 00000000ffffffff 
[  196.591658] x1 : 0000000000000000 x0 : 0000000000000000 
[  196.592797] Call trace:
[  196.593893]  vsscanf+0x59c/0x9c8
[  196.594835]  inet_sendmsg+0x40/0x68
[  196.595357]  __sys_sendto+0xd4/0x150
[  196.596134]  __arm64_sys_sendto+0x24/0x30
[  196.599066]  el0_svc_common.constprop.0+0x68/0x160
[  196.602377]  el0_svc_handler+0x20/0x80
[  196.602569]  el0_svc+0x8/0xc
[  196.604974] Code: 91003ea1 aa1503e0 927df035 f9400000 (39000002) 
[  196.607857] ---[ end trace 0b8881e75bc1b4ef ]---
