[  196.686933] Unable to handle kernel paging request at virtual address 54ffffa1eb030347
[  196.691253] Mem abort info:
[  196.691623]   ESR = 0x96000004
[  196.692208]   EC = 0x25: DABT (current EL), IL = 32 bits
[  196.693362]   SET = 0, FnV = 0
[  196.693637]   EA = 0, S1PTW = 0
[  196.693941] Data abort info:
[  196.694131]   ISV = 0, ISS = 0x00000004
[  196.694807]   CM = 0, WnR = 0
[  196.695117] [54ffffa1eb030347] address between user and kernel address ranges
[  196.697739] Internal error: Oops: 96000004 [#1] PREEMPT SMP
[  196.700700] Modules linked in:
[  196.706995] CPU: 3 PID: 487 Comm: python3 Not tainted 5.4.18 #2
[  196.707332] Hardware name: linux,dummy-virt (DT)
[  196.708080] pstate: 80000005 (Nzcv daif -PAN -UAO)
[  196.711082] pc : __inet_dev_addr_type+0x64/0x148
[  196.711472] lr : __inet_dev_addr_type+0x64/0x148
[  196.713367] sp : ffff800011f9baa0
[  196.713609] x29: ffff800011f9baa0 x28: 0000000000000012 
[  196.713951] x27: ffff800011f9bd80 x26: 0000000000000011 
[  196.714206] x25: 0000000000000012 x24: ffff00007b37e948 
[  196.714452] x23: 0000000000000000 x22: 0000000000000003 
[  196.714696] x21: 54ffffa1eb03009f x20: 00000000000000ff 
[  196.715008] x19: ffff00007963e200 x18: 0000000000000000 
[  196.715367] x17: 0000000000000000 x16: 0000000000000000 
[  196.715682] x15: 0000000000000000 x14: 0000000000000000 
[  196.715978] x13: 0000000000000000 x12: 0000000000000000 
[  196.716630] x11: 0000000000000000 x10: 0000000000000000 
[  196.717804] x9 : 0000000000000000 x8 : 0000000000000000 
[  196.718518] x7 : 0000000000000000 x6 : ffff800011f9bde8 
[  196.719422] x5 : 0000000000000000 x4 : 000000007b37e757 
[  196.719889] x3 : 00000000000000ff x2 : 0000000000000050 
[  196.722577] x1 : ffff00007963e200 x0 : 0000000000000002 
[  196.725462] Call trace:
[  196.727134]  __inet_dev_addr_type+0x64/0x148
[  196.733020]  inet_addr_type_dev_table+0x14/0x20
[  196.733814]  arp_constructor+0x5c/0x210
[  196.736068]  inet_sendmsg+0x40/0x68
[  196.736285]  __sys_sendto+0xd4/0x150
[  196.737764]  __arm64_sys_sendto+0x24/0x30
[  196.738254]  el0_svc_common.constprop.0+0x68/0x160
[  196.739154]  el0_svc_handler+0x20/0x80
[  196.739535]  el0_svc+0x8/0xc
[  196.741340] Code: 2a0303f4 f9001bf7 aa0103f7 97d64ef0 (f94156a0) 
[  196.743993] ---[ end trace cc14de339dddc676 ]---
