[  193.994128] Unable to handle kernel NULL pointer dereference at virtual address 00000000000002fc
[  194.002650] Mem abort info:
[  194.007103]   ESR = 0x96000006
[  194.008886]   EC = 0x25: DABT (current EL), IL = 32 bits
[  194.012258]   SET = 0, FnV = 0
[  194.013552]   EA = 0, S1PTW = 0
[  194.014374] Data abort info:
[  194.018533]   ISV = 0, ISS = 0x00000006
[  194.019066]   CM = 0, WnR = 0
[  194.020047] user pgtable: 4k pages, 48-bit VAs, pgdp=00000000b264c000
[  194.023419] [00000000000002fc] pgd=00000000b1420003, pud=00000000b24a9003, pmd=0000000000000000
[  194.033280] Internal error: Oops: 96000006 [#1] PREEMPT SMP
[  194.035361] Modules linked in:
[  194.037091] CPU: 7 PID: 493 Comm: python3 Not tainted 5.4.18 #2
[  194.037537] Hardware name: linux,dummy-virt (DT)
[  194.038271] pstate: 80000005 (Nzcv daif -PAN -UAO)
[  194.041870] pc : udp_sendmsg+0x464/0x860
[  194.042811] lr : udp_sendmsg+0x150/0x860
[  194.043152] sp : ffff800011f8bb60
[  194.043510] x29: ffff800011f8bb70 x28: 0000000000000012 
[  194.045024] x27: ffff800011f8bd80 x26: 0000000000000011 
[  194.045948] x25: 0000000000000012 x24: ffff00007b3dba88 
[  194.047429] x23: 000000006401a8c0 x22: 0000000000000000 
[  194.047862] x21: ffff000078211c00 x20: ffff800010b762e8 
[  194.052655] x19: ffff00007b3db740 x18: 0000000000000000 
[  194.060217] x17: 0000000000000000 x16: 0000000000000000 
[  194.060613] x15: 0000000000000000 x14: 0000000000000000 
[  194.060984] x13: 0000000000000000 x12: 0000000000000000 
[  194.061378] x11: 0000000000000000 x10: 0000000000000000 
[  194.061750] x9 : 000000006401a8c0 x8 : 0000000000000000 
[  194.062115] x7 : 0000000000000000 x6 : ffff800011f8bde8 
[  194.062482] x5 : ffff800011f8bde8 x4 : 0000000000000000 
[  194.062846] x3 : 0000000000000000 x2 : 0000000000000000 
[  194.063323] x1 : 0000000000000000 x0 : 00000000000000c0 
[  194.064160] Call trace:
[  194.064534]  udp_sendmsg+0x464/0x860
[  194.064887]  inet_sendmsg+0x40/0x68
[  194.065151]  __sys_sendto+0xd4/0x150
[  194.065435]  __arm64_sys_sendto+0x24/0x30
[  194.065731]  el0_svc_common.constprop.0+0x68/0x160
[  194.066045]  el0_svc_handler+0x20/0x80
[  194.066310]  el0_svc+0x8/0xc
[  194.067555] Code: f9400820 2a1403f9 b5fff5a0 17ffffaa (b942fe40) 
[  194.076379] ---[ end trace e4bc656dc11b797d ]---
