[  205.515475] Unable to handle kernel NULL pointer dereference at virtual address 0000000000000074
[  205.518596] Mem abort info:
[  205.519242]   ESR = 0x96000006
[  205.522538]   EC = 0x25: DABT (current EL), IL = 32 bits
[  205.525896]   SET = 0, FnV = 0
[  205.527281]   EA = 0, S1PTW = 0
[  205.527820] Data abort info:
[  205.531193]   ISV = 0, ISS = 0x00000006
[  205.533114]   CM = 0, WnR = 0
[  205.534795] user pgtable: 4k pages, 48-bit VAs, pgdp=00000000b26fa000
[  205.541984] [0000000000000074] pgd=00000000bb304003, pud=00000000ba8b0003, pmd=0000000000000000
[  205.561402] Internal error: Oops: 96000006 [#1] PREEMPT SMP
[  205.566716] Modules linked in:
[  205.573566] CPU: 6 PID: 494 Comm: python3 Not tainted 5.4.18 #2
[  205.576256] Hardware name: linux,dummy-virt (DT)
[  205.580673] pstate: 00000005 (nzcv daif -PAN -UAO)
[  205.583236] pc : udp_sendmsg+0x538/0x860
[  205.585190] lr : udp_sendmsg+0x520/0x860
[  205.588161] sp : ffff800011ea3b60
[  205.588685] x29: ffff800011ea3b70 x28: 0000000000000012 
[  205.589231] x27: ffff800011ea3d80 x26: 0000000000000011 
[  205.589632] x25: 0000000000000012 x24: ffff0000781e9888 
[  205.590210] x23: 000000006401a8c0 x22: 0000000000000000 
[  205.590892] x21: ffff00007832d400 x20: ffff800010b762e8 
[  205.596022] x19: ffff0000781e9540 x18: 0000000000000000 
[  205.597059] x17: 0000000000000000 x16: 0000000000000000 
[  205.597863] x15: 0000000000000001 x14: 0000000000000000 
[  205.598762] x13: 0000000000000006 x12: 00000000c0a80164 
[  205.603451] x11: 0000000000000000 x10: 0000000000000068 
[  205.603782] x9 : 0000000000000000 x8 : ffff800011963ac0 
[  205.604030] x7 : ffff000079400000 x6 : 0000000000000001 
[  205.604271] x5 : 0000000000000000 x4 : 0000000000000002 
[  205.604514] x3 : 0000000000000000 x2 : 0000000000000003 
[  205.605562] x1 : 0000000000000000 x0 : 0000000000000000 
[  205.609023] Call trace:
[  205.611630]  udp_sendmsg+0x538/0x860
[  205.612969]  inet_sendmsg+0x40/0x68
[  205.614097]  __sys_sendto+0xd4/0x150
[  205.614908]  __arm64_sys_sendto+0x24/0x30
[  205.616003]  el0_svc_common.constprop.0+0x68/0x160
[  205.618621]  el0_svc_handler+0x20/0x80
[  205.618814]  el0_svc+0x8/0xc
[  205.620324] Code: b9409be0 b140041f a9488fe8 54001388 (b9407401) 
[  205.626614] ---[ end trace 93389ec70226e6bf ]---
