[  192.760589] Unable to handle kernel write to read-only memory at virtual address ffff800010baaa40
[  192.768177] Mem abort info:
[  192.769160]   ESR = 0x9600004e
[  192.772041]   EC = 0x25: DABT (current EL), IL = 32 bits
[  192.772986]   SET = 0, FnV = 0
[  192.775876]   EA = 0, S1PTW = 0
[  192.777517] Data abort info:
[  192.777775]   ISV = 0, ISS = 0x0000004e
[  192.777986]   CM = 0, WnR = 1
[  192.781420] swapper pgtable: 4k pages, 48-bit VAs, pgdp=00000000412a6000
[  192.786174] [ffff800010baaa40] pgd=00000000bdfff003, pud=00000000bdffe003, pmd=0040000040a00791
[  192.798604] Internal error: Oops: 9600004e [#1] PREEMPT SMP
[  192.800365] Modules linked in:
[  192.803157] CPU: 2 PID: 495 Comm: python3 Not tainted 5.4.18 #2
[  192.804395] Hardware name: linux,dummy-virt (DT)
[  192.805592] pstate: 60000005 (nZCv daif -PAN -UAO)
[  192.811039] pc : udp_sendmsg+0x520/0x860
[  192.812029] lr : udp_sendmsg+0x520/0x860
[  192.812671] sp : ffff800011fd3b60
[  192.813161] x29: ffff800011fd3b70 x28: 0000000000000012 
[  192.815168] x27: ffff800011fd3d80 x26: 0000000000000011 
[  192.815693] x25: 0000000000000012 x24: ffff00007b3f60c8 
[  192.816299] x23: 000000006401a8c0 x22: 0000000000000000 
[  192.816837] x21: ffff000071e83800 x20: ffff800010b762e8 
[  192.818963] x19: ffff00007b3f5d80 x18: 0000000000000000 
[  192.822984] x17: 0000000000000000 x16: 0000000000000000 
[  192.831097] x15: 0000000000000001 x14: 0000000000000000 
[  192.833133] x13: 0000000000000006 x12: 00000000c0a80164 
[  192.837673] x11: 0000000000000000 x10: 0000000000000068 
[  192.843008] x9 : 0000000000000000 x8 : 0000000000000080 
[  192.846627] x7 : ffff800010eca190 x6 : 0000000000000001 
[  192.848897] x5 : 0000000000000000 x4 : 0000000000000001 
[  192.853294] x3 : ffff00007421b100 x2 : 0000000000000002 
[  192.858233] x1 : 0000000000000000 x0 : ffff00007421b0c0 
[  192.864576] Call trace:
[  192.867709]  udp_sendmsg+0x520/0x860
[  192.870116]  inet_sendmsg+0x40/0x68
[  192.872220]  __sys_sendto+0xd4/0x150
[  192.872697]  __arm64_sys_sendto+0x24/0x30
[  192.874732]  el0_svc_common.constprop.0+0x68/0x160
[  192.875340]  el0_svc_handler+0x20/0x80
[  192.875790]  el0_svc+0x8/0xc
[  192.880526] Code: f90077ff 790203e3 790207ea 97ff16bd (f90053c0) 
[  192.884565] ---[ end trace e41928382aa491e2 ]---
