[  193.070295] Unable to handle kernel read from unreadable memory at virtual address ffff800010caa628
[  193.074622] Mem abort info:
[  193.077018]   ESR = 0x8600000f
[  193.078083]   EC = 0x21: IABT (current EL), IL = 32 bits
[  193.082308]   SET = 0, FnV = 0
[  193.090001]   EA = 0, S1PTW = 0
[  193.094203] swapper pgtable: 4k pages, 48-bit VAs, pgdp=00000000412a6000
[  193.100946] [ffff800010caa628] pgd=00000000bdfff003, pud=00000000bdffe003, pmd=00000000bdffc003, pte=0060000040caa793
[  193.108915] Internal error: Oops: 8600000f [#1] PREEMPT SMP
[  193.118023] Modules linked in:
[  193.126899] CPU: 7 PID: 495 Comm: python3 Not tainted 5.4.18 #2
[  193.130822] Hardware name: linux,dummy-virt (DT)
[  193.138672] pstate: 40000005 (nZcv daif -PAN -UAO)
[  193.142722] pc : brcmstb_gisb_arb_of_match+0x528/0x578
[  193.146103] lr : udp_sendmsg+0x150/0x860
[  193.147153] sp : ffff800011f7bb60
[  193.149844] x29: ffff800011f7bb70 x28: 0000000000000012 
[  193.151552] x27: ffff800011f7bd80 x26: 0000000000000011 
[  193.153997] x25: 0000000000000012 x24: ffff00007903d408 
[  193.155111] x23: 000000006401a8c0 x22: 0000000000000000 
[  193.157947] x21: ffff00007900c600 x20: ffff800010b762e8 
[  193.158488] x19: ffff00007903d0c0 x18: 0000000000000000 
[  193.162398] x17: 0000000000000000 x16: 0000000000000000 
[  193.164285] x15: 0000000000000000 x14: 0000000000000000 
[  193.165656] x13: 0000000000000000 x12: 0000000000000000 
[  193.166896] x11: 0000000000000000 x10: 0000000000000000 
[  193.172683] x9 : 000000006401a8c0 x8 : 0000000000000000 
[  193.173433] x7 : 0000000000000000 x6 : ffff800011f7bde8 
[  193.178275] x5 : ffff800011f7bde8 x4 : 0000000000000000 
[  193.183267] x3 : 0000000000000000 x2 : 0000000000000000 
[  193.187917] x1 : 0000000000000000 x0 : 0000000000000000 
[  193.194802] Call trace:
[  193.202670]  brcmstb_gisb_arb_of_match+0x528/0x578
[  193.209898]  inet_sendmsg+0x40/0x68
[  193.214931]  __sys_sendto+0xd4/0x150
[  193.221439]  __arm64_sys_sendto+0x24/0x30
[  193.222225]  el0_svc_common.constprop.0+0x68/0x160
[  193.222706]  el0_svc_handler+0x20/0x80
[  193.223179]  el0_svc+0x8/0xc
[  193.225573] Code: 00000000 00000000 00000000 00000000 (00000000) 
[  193.230946] ---[ end trace f34ced81f39df043 ]---
