[  193.199501] Unable to handle kernel paging request at virtual address ffff800011bec278
[  193.207646] Mem abort info:
[  193.209469]   ESR = 0x96000007
[  193.212802]   EC = 0x25: DABT (current EL), IL = 32 bits
[  193.216081]   SET = 0, FnV = 0
[  193.218884]   EA = 0, S1PTW = 0
[  193.220785] Data abort info:
[  193.222282]   ISV = 0, ISS = 0x00000007
[  193.226945]   CM = 0, WnR = 0
[  193.228195] swapper pgtable: 4k pages, 48-bit VAs, pgdp=00000000412a6000
[  193.235186] [ffff800011bec278] pgd=00000000bdfff003, pud=00000000bdffe003, pmd=00000000bb05e003, pte=0000000000000000
[  193.257523] Internal error: Oops: 96000007 [#1] PREEMPT SMP
[  193.260099] Modules linked in:
[  193.270809] CPU: 3 PID: 493 Comm: python3 Not tainted 5.4.18 #2
[  193.272478] Hardware name: linux,dummy-virt (DT)
[  193.274844] pstate: 40000005 (nZcv daif -PAN -UAO)
[  193.282167] pc : ip_route_output_key_hash_rcu+0x2c4/0x668
[  193.283569] lr : ip_route_output_key_hash_rcu+0x2c4/0x668
[  193.284778] sp : ffff800011fe3a70
[  193.286067] x29: ffff800011fe3a70 x28: 0000000000000012 
[  193.290070] x27: ffff800011fe3d80 x26: 0000000000000011 
[  193.291993] x25: 0000000000000000 x24: 0000000000000000 
[  193.293484] x23: 0000000000000000 x22: ffff800011bebfd0 
[  193.296402] x21: ffff800011bebfd0 x20: ffff800011fe3b18 
[  193.299580] x19: ffff800011fe3c30 x18: 0000000000000000 
[  193.301656] x17: 0000000000000000 x16: 0000000000000000 
[  193.303166] x15: 0000000000000000 x14: 0000000000000000 
[  193.303644] x13: 0000000000000000 x12: 0000000000000000 
[  193.304313] x11: 0000000000000000 x10: 00000000000075ba 
[  193.304616] x9 : 000000006401a8c0 x8 : ffff800011963ac0 
[  193.305320] x7 : 00000000000003e8 x6 : ffff800011fe3de8 
[  193.305681] x5 : ffff800011fe3de8 x4 : 0000000000000001 
[  193.306461] x3 : 0000000000000000 x2 : ffff800011fe3b18 
[  193.306827] x1 : ffff00007b335400 x0 : 0000000000000002 
[  193.307402] Call trace:
[  193.307640]  ip_route_output_key_hash_rcu+0x2c4/0x668
[  193.308092]  ip_route_output_key_hash+0x74/0xa8
[  193.309108]  ip_route_output_flow+0x10/0x18
[  193.310652]  udp_sendmsg+0x520/0x860
[  193.312411]  inet_sendmsg+0x40/0x68
[  193.312869]  __sys_sendto+0xd4/0x150
[  193.314364]  __arm64_sys_sendto+0x24/0x30
[  193.314888]  el0_svc_common.constprop.0+0x68/0x160
[  193.316767]  el0_svc_handler+0x20/0x80
[  193.317509]  el0_svc+0x8/0xc
[  193.320508] Code: b9402e61 b9002a60 34fff9e1 97d781da (f94156c0) 
[  193.325919] ---[ end trace 670dd29fec0852ba ]---
[  193.604027] Unable to handle kernel paging request at virtual address ffff800011bec278
[  193.609877] Mem abort info:
[  193.610501]   ESR = 0x96000007
[  193.618705]   EC = 0x25: DABT (current EL), IL = 32 bits
[  193.620798]   SET = 0, FnV = 0
[  193.623828]   EA = 0, S1PTW = 0
[  193.628979] Data abort info:
[  193.633416]   ISV = 0, ISS = 0x00000007
[  193.633883]   CM = 0, WnR = 0
[  193.634255] swapper pgtable: 4k pages, 48-bit VAs, pgdp=00000000412a6000
[  193.642146] [ffff800011bec278] pgd=00000000bdfff003, pud=00000000bdffe003, pmd=00000000bb05e003, pte=0000000000000000
[  193.649505] Internal error: Oops: 96000007 [#2] PREEMPT SMP
[  193.650121] Modules linked in:
[  193.651650] CPU: 5 PID: 262 Comm: systemd-timesyn Tainted: G      D           5.4.18 #2
[  193.652537] Hardware name: linux,dummy-virt (DT)
[  193.654945] pstate: 40000005 (nZcv daif -PAN -UAO)
[  193.656048] pc : ip_route_output_key_hash_rcu+0x2c4/0x668
[  193.656790] lr : ip_route_output_key_hash_rcu+0x2c4/0x668
[  193.658194] sp : ffff800011c9ba70
[  193.658548] x29: ffff800011c9ba70 x28: 0000000000000030 
[  193.662777] x27: ffff800011c9bd80 x26: 0000000000000011 
[  193.663142] x25: 0000000000000000 x24: 0000000000000000 
[  193.668603] x23: 0000000000000000 x22: ffff800011bebfd0 
[  193.680316] x21: ffff800011bebfd0 x20: ffff800011c9bb18 
[  193.686704] x19: ffff800011c9bc30 x18: 0000000000000000 
[  193.691681] x17: 0000000000000000 x16: 0000000000000000 
[  193.693185] x15: 0000000000000000 x14: 0000000000000000 
[  193.698471] x13: 0000000000000000 x12: 0000000000000000 
[  193.699367] x11: 0000000000000000 x10: 00000000000011d1 
[  193.700158] x9 : 000000003abe7db9 x8 : ffff800011963ac0 
[  193.701345] x7 : 0000000000000065 x6 : ffff800011c9bde8 
[  193.704657] x5 : ffff800011c9bde8 x4 : 0000000000000001 
[  193.707158] x3 : 0000000000000000 x2 : ffff800011c9bb18 
[  193.708848] x1 : ffff00007b330e00 x0 : 0000000000000002 
[  193.711246] Call trace:
[  193.711662]  ip_route_output_key_hash_rcu+0x2c4/0x668
[  193.712199]  ip_route_output_key_hash+0x74/0xa8
[  193.712648]  ip_route_output_flow+0x10/0x18
[  193.714579]  udp_sendmsg+0x520/0x860
[  193.715280]  inet_sendmsg+0x40/0x68
[  193.716120]  __sys_sendto+0xd4/0x150
[  193.716741]  __arm64_sys_sendto+0x24/0x30
[  193.720396]  el0_svc_common.constprop.0+0x68/0x160
[  193.722611]  el0_svc_handler+0x20/0x80
[  193.723204]  el0_svc+0x8/0xc
[  193.724790] Code: b9402e61 b9002a60 34fff9e1 97d781da (f94156c0) 
[  193.726563] ---[ end trace 670dd29fec0852bb ]---
