[  192.454896] Unable to handle kernel paging request at virtual address 00000000302e3150
[  192.460759] Mem abort info:
[  192.462966]   ESR = 0x96000006
[  192.463925]   EC = 0x25: DABT (current EL), IL = 32 bits
[  192.471393]   SET = 0, FnV = 0
[  192.472441]   EA = 0, S1PTW = 0
[  192.479600] Data abort info:
[  192.492071]   ISV = 0, ISS = 0x00000006
[  192.502812]   CM = 0, WnR = 0
[  192.509624] user pgtable: 4k pages, 48-bit VAs, pgdp=00000000b276b000
[  192.510777] [00000000302e3150] pgd=00000000b94ce003, pud=00000000b3d38003, pmd=0000000000000000
[  192.524216] Internal error: Oops: 96000006 [#1] PREEMPT SMP
[  192.527567] Modules linked in:
[  192.536996] CPU: 3 PID: 495 Comm: python3 Not tainted 5.4.18 #2
[  192.542049] Hardware name: linux,dummy-virt (DT)
[  192.549750] pstate: 80000005 (Nzcv daif -PAN -UAO)
[  192.558708] pc : ip_setup_cork+0xf0/0x180
[  192.562551] lr : ip_make_skb+0x78/0x140
[  192.569224] sp : ffff800011f9ba90
[  192.583578] x29: ffff800011f9ba90 x28: ffff800011f9bb40 
[  192.587410] x27: 000000000000001a x26: ffff800011f9bd80 
[  192.596179] x25: ffff800010b762e8 x24: ffff00007abefb40 
[  192.599608] x23: 0000000000000000 x22: ffff000079b40000 
[  192.601377] x21: ffff000076e1f0c0 x20: ffff800011f9bc08 
[  192.604715] x19: ffff800011f9bc68 x18: 0000000000000000 
[  192.607535] x17: 0000000000000000 x16: 0000000000000000 
[  192.611727] x15: 0000000000000001 x14: 0000000000000000 
[  192.616551] x13: 0000000000000006 x12: 00000000c0a80164 
[  192.622633] x11: 0000000000000000 x10: 0000000000000068 
[  192.625729] x9 : 0000000000000000 x8 : 0000000000000000 
[  192.629001] x7 : ffff000076e1f0c0 x6 : ffff800011f9bc08 
[  192.634467] x5 : 0000000000000008 x4 : 000000000000001a 
[  192.635167] x3 : ffff000076e1f0c0 x2 : ffff800011f9bc08 
[  192.637683] x1 : 00000000302e3130 x0 : ffff000079b40000 
[  192.643435] Call trace:
[  192.647193]  ip_setup_cork+0xf0/0x180
[  192.650078]  ip_make_skb+0x78/0x140
[  192.654726]  udp_sendmsg+0x6ec/0x860
[  192.657508]  inet_sendmsg+0x40/0x68
[  192.664217]  __sys_sendto+0xd4/0x150
[  192.665548]  __arm64_sys_sendto+0x24/0x30
[  192.666184]  el0_svc_common.constprop.0+0x68/0x160
[  192.666846]  el0_svc_handler+0x20/0x80
[  192.667085]  el0_svc+0x8/0xc
[  192.674662] Code: a8c47bfd d65f03c0 f94006c1 aa1603e0 (f9401021) 
[  192.687114] ---[ end trace 3e38108c27efdf1a ]---
