[  193.855349] kernel BUG at arch/arm64/kernel/traps.c:405!
[  193.863142] Internal error: Oops - BUG: 0 [#1] PREEMPT SMP
[  193.867094] Modules linked in:
[  193.872605] CPU: 2 PID: 495 Comm: python3 Not tainted 5.4.18 #2
[  193.873652] Hardware name: linux,dummy-virt (DT)
[  193.875567] pstate: 00000005 (nzcv daif -PAN -UAO)
[  193.883640] pc : do_undefinstr+0x2ec/0x310
[  193.884644] lr : do_undefinstr+0x1e0/0x310
[  193.885410] sp : ffff800011f839c0
[  193.886274] x29: ffff800011f839c0 x28: ffff00007a8de200 
[  193.887396] x27: ffff800011f83d80 x26: 0000000000000011 
[  193.888239] x25: 0000000000000012 x24: 0000000000000000 
[  193.889068] x23: 0000000060000005 x22: ffff800010b704a4 
[  193.889961] x21: ffff800011f83b60 x20: ffff00007a8de200 
[  193.890789] x19: ffff800011f83a20 x18: 0000000000000000 
[  193.891952] x17: 0000000000000000 x16: 0000000000000000 
[  193.892803] x15: 0000000000000001 x14: 0000000000000000 
[  193.893711] x13: 0000000000000006 x12: 00000000c0a80164 
[  193.894543] x11: 0000000000000000 x10: 0000000000000068 
[  193.895404] x9 : 0000000000000000 x8 : 0000000000000080 
[  193.897051] x7 : ffff800010eca190 x6 : ffff800011f83a18 
[  193.900033] x5 : 00000000d5300000 x4 : ffff8000117c51f0 
[  193.900894] x3 : 00000000d6500000 x2 : 0000000000000000 
[  193.901806] x1 : ffff00007a8de200 x0 : 0000000060000005 
[  193.903866] Call trace:
[  193.904675]  do_undefinstr+0x2ec/0x310
[  193.905374]  el1_undef+0x10/0x84
[  193.906013]  ip_route_output_flow+0x14/0x18
[  193.906679]  inet_sendmsg+0x40/0x68
[  193.907260]  __sys_sendto+0xd4/0x150
[  193.907901]  __arm64_sys_sendto+0x24/0x30
[  193.908562]  el0_svc_common.constprop.0+0x68/0x160
[  193.909289]  el0_svc_handler+0x20/0x80
[  193.909949]  el0_svc+0x8/0xc
[  193.912927] Code: f9401bf7 17ffff7c a9025bf5 f9001bf7 (d4210000) 
[  193.917548] ---[ end trace d6da3b7469afdb31 ]---
[  193.919753] note: python3[495] exited with preempt_count 1
[  194.039233] ------------[ cut here ]------------
[  194.039768] WARNING: CPU: 2 PID: 0 at kernel/rcu/tree.c:569 rcu_idle_enter+0x74/0x80
[  194.040579] Modules linked in:
[  194.041788] CPU: 2 PID: 0 Comm: swapper/2 Tainted: G      D           5.4.18 #2
[  194.045477] Hardware name: linux,dummy-virt (DT)
[  194.051573] pstate: 200003c5 (nzCv DAIF -PAN -UAO)
[  194.071691] pc : rcu_idle_enter+0x74/0x80
[  194.072705] lr : do_idle+0x200/0x288
[  194.075214] sp : ffff800011a53f20
[  194.078872] x29: ffff800011a53f20 x28: 0000000000000000 
[  194.081675] x27: 0000000000000000 x26: 0000000000000000 
[  194.087682] x25: 0000000000000000 x24: ffff8000117ba214 
[  194.090555] x23: ffff00007b0c2a00 x22: ffff800011404ab8 
[  194.091338] x21: ffff8000117ba1f0 x20: 0000000000000002 
[  194.094230] x19: ffff8000117ba118 x18: 0000000000000010 
[  194.096769] x17: 0000000000000000 x16: 0000000000000000 
[  194.100764] x15: 00000000000002eb x14: 0000000000000000 
[  194.101348] x13: 000000000000257a x12: 000000000000037b 
[  194.102572] x11: 0000000000960cb4 x10: 00000000000009c0 
[  194.103048] x9 : ffff800011a53e90 x8 : ffff00007b0c3420 
[  194.103547] x7 : 0000000000000002 x6 : 000000d1167b4629 
[  194.103927] x5 : 00ffffffffffffff x4 : ffff80006c76d000 
[  194.104308] x3 : 4000000000000002 x2 : 4000000000000000 
[  194.104706] x1 : ffff800011406980 x0 : ffff00007db73980 
[  194.105395] Call trace:
[  194.105649]  rcu_idle_enter+0x74/0x80
[  194.105953]  do_idle+0x200/0x288
[  194.106230]  cpu_startup_entry+0x24/0x40
[  194.119336]  secondary_start_kernel+0x154/0x190
[  194.124564] ---[ end trace d6da3b7469afdb32 ]---
