[  193.342253] Unable to handle kernel paging request at virtual address ffff800000000000
[  193.345101] Mem abort info:
[  193.345522]   ESR = 0x86000006
[  193.345853]   EC = 0x21: IABT (current EL), IL = 32 bits
[  193.346168]   SET = 0, FnV = 0
[  193.346427]   EA = 0, S1PTW = 0
[  193.347192] swapper pgtable: 4k pages, 48-bit VAs, pgdp=00000000412a6000
[  193.353589] [ffff800000000000] pgd=00000000bdfff003, pud=00000000bdffe003, pmd=0000000000000000
[  193.361557] Internal error: Oops: 86000006 [#1] PREEMPT SMP
[  193.365567] Modules linked in:
[  193.377399] CPU: 5 PID: 492 Comm: python3 Not tainted 5.4.18 #2
[  193.386075] Hardware name: linux,dummy-virt (DT)
[  193.394200] pstate: 60000005 (nZCv daif -PAN -UAO)
[  193.400605] pc : 0xffff800000000000
[  193.408484] lr : 0xffff800000000000
[  193.409952] sp : ffff800011f9bb50
[  193.411997] x29: ffff800011f9bc68 x28: 0000000000000012 
[  193.412930] x27: ffff800011f9bd80 x26: 0000000000000011 
[  193.413482] x25: 0000000000000012 x24: ffff00007b22dc88 
[  193.414153] x23: 000000006401a8c0 x22: 0000000000000000 
[  193.414727] x21: ffff00007a8cd400 x20: ffff800010b762e8 
[  193.417932] x19: ffff00007b22d940 x18: 0000000000000000 
[  193.418785] x17: 0000000000000000 x16: 0000000000000000 
[  193.424452] x15: 0000000000000001 x14: 0000000000000000 
[  193.426252] x13: 0000000000000006 x12: 00000000c0a80164 
[  193.435399] x11: 0000000000000000 x10: 0000000000000068 
[  193.438260] x9 : 0000000000000000 x8 : 0000000000000080 
[  193.441975] x7 : ffff800010eca190 x6 : 0000000000000001 
[  193.450278] x5 : 0000000000000000 x4 : 0000000000000001 
[  193.455181] x3 : ffff000072726040 x2 : 0000000000000002 
[  193.456151] x1 : 0000000000000000 x0 : ffff000072726000 
[  193.470250] Call trace:
[  193.476459]  0xffff800000000000
[  193.487342] Code: bad PC value
[  193.498369] ---[ end trace fff22625a0ca6187 ]---
