[  192.939338] Unable to handle kernel NULL pointer dereference at virtual address 0000000000000000
[  192.944437] Mem abort info:
[  192.945004]   ESR = 0x86000006
[  192.945342]   EC = 0x21: IABT (current EL), IL = 32 bits
[  192.945647]   SET = 0, FnV = 0
[  192.945858]   EA = 0, S1PTW = 0
[  192.946363] user pgtable: 4k pages, 48-bit VAs, pgdp=00000000b82c0000
[  192.946941] [0000000000000000] pgd=00000000b4434003, pud=00000000b28bb003, pmd=0000000000000000
[  192.950457] Internal error: Oops: 86000006 [#1] PREEMPT SMP
[  192.953173] Modules linked in:
[  192.959764] CPU: 0 PID: 495 Comm: python3 Not tainted 5.4.18 #2
[  192.962243] Hardware name: linux,dummy-virt (DT)
[  192.965665] pstate: 60000005 (nZCv daif -PAN -UAO)
[  192.971093] pc : 0x0
[  192.971377] lr : 0x0
[  192.971628] sp : ffff8000120dbb60
[  192.972032] x29: ffff8000120dbb70 x28: 0000000000000012 
[  192.974921] x27: ffff8000120dbd80 x26: 0000000000000011 
[  192.975583] x25: 0000000000000012 x24: ffff00007aa8adc8 
[  192.976552] x23: 000000006401a8c0 x22: 0000000000000000 
[  192.976983] x21: ffff00007ab4d400 x20: ffff800010b762e8 
[  192.977321] x19: ffff00007aa8aa80 x18: 0000000000000000 
[  192.977664] x17: 0000000000000000 x16: 0000000000000000 
[  192.978544] x15: 0000000000000001 x14: 0000000000000000 
[  192.979114] x13: 0000000000000006 x12: 00000000c0a80164 
[  192.980617] x11: 0000000000000000 x10: 0000000000000068 
[  192.981017] x9 : 0000000000000000 x8 : 0000000000000080 
[  192.981441] x7 : ffff800010eca190 x6 : 0000000000000001 
[  192.981863] x5 : 0000000000000000 x4 : 0000000000000001 
[  192.982301] x3 : ffff00007471a100 x2 : 0000000000000002 
[  192.983481] x1 : 0000000000000000 x0 : ffff00007471a0c0 
[  192.985986] Call trace:
[  192.987407]  0x0
[  192.990558]  inet_sendmsg+0x40/0x68
[  192.990726]  __sys_sendto+0xd4/0x150
[  192.992327]  __arm64_sys_sendto+0x24/0x30
[  192.993728]  el0_svc_common.constprop.0+0x68/0x160
[  192.995961]  el0_svc_handler+0x20/0x80
[  192.996803]  el0_svc+0x8/0xc
[  192.999075] Code: bad PC value
[  193.005072] ---[ end trace e9416d14ca462e90 ]---
