[  193.229083] Unable to handle kernel paging request at virtual address 000000006401a8b0
[  193.250448] Mem abort info:
[  193.251580]   ESR = 0x96000045
[  193.252399]   EC = 0x25: DABT (current EL), IL = 32 bits
[  193.258020]   SET = 0, FnV = 0
[  193.259042]   EA = 0, S1PTW = 0
[  193.260162] Data abort info:
[  193.261856]   ISV = 0, ISS = 0x00000045
[  193.266139]   CM = 0, WnR = 1
[  193.270738] user pgtable: 4k pages, 48-bit VAs, pgdp=00000000b287e000
[  193.272136] [000000006401a8b0] pgd=00000000ba424003, pud=0000000000000000
[  193.277248] Internal error: Oops: 96000045 [#1] PREEMPT SMP
[  193.279352] Modules linked in:
[  193.295790] CPU: 5 PID: 492 Comm: python3 Not tainted 5.4.18 #2
[  193.298403] Hardware name: linux,dummy-virt (DT)
[  193.302718] pstate: 40000005 (nZcv daif -PAN -UAO)
[  193.314505] pc : ip_route_output_flow+0x0/0x18
[  193.318541] lr : udp_sendmsg+0x520/0x860
[  193.319283] sp : ffff800011ed3b60
[  193.321143] x29: ffff800011ed3b70 x28: 0000000000000012 
[  193.321764] x27: ffff800011ed3d80 x26: 0000000000000011 
[  193.322721] x25: 0000000000000012 x24: ffff00007aaca548 
[  193.324735] x23: 000000006401a8c0 x22: 0000000000000000 
[  193.326293] x21: ffff00007a98d400 x20: ffff800010b762e8 
[  193.327121] x19: ffff00007aaca200 x18: 0000000000000000 
[  193.329391] x17: 0000000000000000 x16: 0000000000000000 
[  193.330402] x15: 0000000000000000 x14: 0000000000000000 
[  193.332034] x13: 0000000000000000 x12: 0000000000000000 
[  193.333809] x11: 0000000000000000 x10: 000000000000d4a0 
[  193.334733] x9 : 000000006401a8c0 x8 : ffff800011963ac0 
[  193.335628] x7 : 00000000000003e8 x6 : ffff800011ed3de8 
[  193.337152] x5 : ffff800011ed3de8 x4 : 0000000000000000 
[  193.338770] x3 : 0000000000008813 x2 : ffff00007aaca200 
[  193.341008] x1 : ffff800011ed3c30 x0 : ffff800011963ac0 
[  193.342378] Call trace:
[  193.343079]  ip_route_output_flow+0x0/0x18
[  193.343789]  inet_sendmsg+0x40/0x68
[  193.345478]  __sys_sendto+0xd4/0x150
[  193.345856]  __arm64_sys_sendto+0x24/0x30
[  193.346268]  el0_svc_common.constprop.0+0x68/0x160
[  193.346863]  el0_svc_handler+0x20/0x80
[  193.348770]  el0_svc+0x8/0xc
[  193.351265] Code: f9401bf5 910203ff d65f03c0 97d5c957 (a9bf7afd) 
[  193.355959] ---[ end trace 562b69d1e9b5f83f ]---
