[  192.695889] Unable to handle kernel paging request at virtual address ffff8000120d4000
[  192.707298] Mem abort info:
[  192.711344]   ESR = 0x96000047
[  192.717487]   EC = 0x25: DABT (current EL), IL = 32 bits
[  192.721649]   SET = 0, FnV = 0
[  192.725534]   EA = 0, S1PTW = 0
[  192.727243] Data abort info:
[  192.728366]   ISV = 0, ISS = 0x00000047
[  192.730693]   CM = 0, WnR = 1
[  192.732016] swapper pgtable: 4k pages, 48-bit VAs, pgdp=00000000412a6000
[  192.745591] [ffff8000120d4000] pgd=00000000bdfff003, pud=00000000bdffe003, pmd=00000000ba85a003, pte=0000000000000000
[  192.769616] Internal error: Oops: 96000047 [#1] PREEMPT SMP
[  192.772218] Modules linked in:
[  192.778281] CPU: 7 PID: 496 Comm: python3 Not tainted 5.4.18 #2
[  192.779320] Hardware name: linux,dummy-virt (DT)
[  192.781248] pstate: 60000005 (nZCv daif -PAN -UAO)
[  192.787603] pc : ip_route_output_flow+0x10/0x18
[  192.790096] lr : ip_route_output_flow+0x10/0x18
[  192.791022] sp : ffff8000120d4000
[  192.792510] x29: ffff8000120d3b50 x28: 0000000000000012 
[  192.795069] x27: ffff8000120d3d80 x26: 0000000000000011 
[  192.796204] x25: 0000000000000012 x24: ffff000079732548 
[  192.797066] x23: 000000006401a8c0 x22: 0000000000000000 
[  192.797954] x21: ffff000074dce200 x20: ffff800010b762e8 
[  192.799635] x19: ffff000079732200 x18: 0000000000000000 
[  192.800884] x17: 0000000000000000 x16: 0000000000000000 
[  192.806052] x15: 0000000000000001 x14: 0000000000000000 
[  192.806592] x13: 0000000000000006 x12: 00000000c0a80164 
[  192.807275] x11: 0000000000000000 x10: 0000000000000068 
[  192.807940] x9 : 0000000000000000 x8 : 0000000000000080 
[  192.810482] x7 : ffff800010eca190 x6 : 0000000000000001 
[  192.811105] x5 : 0000000000000000 x4 : 0000000000000001 
[  192.812177] x3 : ffff0000774ef100 x2 : 0000000000000002 
[  192.812828] x1 : 0000000000000000 x0 : ffff0000774ef0c0 
[  192.814647] Call trace:
[  192.815318]  ip_route_output_flow+0x10/0x18
[  192.823080] Code: a9bf7bfd d2800002 910003fd 97fffef7 (a8817bfd) 
[  192.839809] ---[ end trace 4473d88d35231937 ]---
