[  194.275989] kernel BUG at arch/arm64/kernel/traps.c:405!
[  194.278312] Internal error: Oops - BUG: 0 [#1] PREEMPT SMP
[  194.282555] Modules linked in:
[  194.285536] CPU: 3 PID: 502 Comm: python3 Not tainted 5.4.18 #2
[  194.286607] Hardware name: linux,dummy-virt (DT)
[  194.288909] pstate: 00000005 (nzcv daif -PAN -UAO)
[  194.290150] pc : do_undefinstr+0x2ec/0x310
[  194.290907] lr : do_undefinstr+0x1e0/0x310
[  194.291722] sp : ffff800011f4b9b0
[  194.292334] x29: ffff800011f4b9b0 x28: ffff000073d63800 
[  194.293518] x27: ffff800011f4bd80 x26: 0000000000000011 
[  194.295710] x25: 0000000000000012 x24: 0000000000000000 
[  194.298285] x23: 0000000040000005 x22: ffff800010b7049c 
[  194.299313] x21: ffff800011f4bb50 x20: ffff000073d63800 
[  194.300152] x19: ffff800011f4ba10 x18: 0000000000000000 
[  194.300966] x17: 0000000000000000 x16: 0000000000000000 
[  194.301857] x15: 0000000000000000 x14: 0000000000000000 
[  194.302675] x13: 0000000000000000 x12: 0000000000000000 
[  194.303560] x11: 0000000000000000 x10: 00000000000084e3 
[  194.304376] x9 : 000000006401a8c0 x8 : ffff800011963ac0 
[  194.305269] x7 : 00000000000003e8 x6 : ffff800011f4ba08 
[  194.306102] x5 : 00000000d5300000 x4 : ffff8000117c51f0 
[  194.306908] x3 : 00000000d7f00000 x2 : 0000000000000000 
[  194.308124] x1 : ffff000073d63800 x0 : 0000000040000005 
[  194.313441] Call trace:
[  194.314385]  do_undefinstr+0x2ec/0x310
[  194.315100]  el1_undef+0x10/0x84
[  194.315688]  ip_route_output_flow+0xc/0x18
[  194.316596]  udp_sendmsg+0x520/0x860
[  194.317195]  inet_sendmsg+0x40/0x68
[  194.317871]  __sys_sendto+0xd4/0x150
[  194.318458]  __arm64_sys_sendto+0x24/0x30
[  194.319095]  el0_svc_common.constprop.0+0x68/0x160
[  194.319856]  el0_svc_handler+0x20/0x80
[  194.320453]  el0_svc+0x8/0xc
[  194.322341] Code: f9401bf7 17ffff7c a9025bf5 f9001bf7 (d4210000) 
[  194.327187] ---[ end trace f0e18a548a6f9f4c ]---
[  194.330681] note: python3[502] exited with preempt_count 1
[  194.467912] ------------[ cut here ]------------
[  194.477766] WARNING: CPU: 3 PID: 0 at kernel/rcu/tree.c:569 rcu_idle_enter+0x74/0x80
[  194.484869] Modules linked in:
[  194.485536] CPU: 3 PID: 0 Comm: swapper/3 Tainted: G      D           5.4.18 #2
[  194.486866] Hardware name: linux,dummy-virt (DT)
[  194.490071] pstate: 200003c5 (nzCv DAIF -PAN -UAO)
[  194.492353] pc : rcu_idle_enter+0x74/0x80
[  194.494719] lr : do_idle+0x200/0x288
[  194.500502] sp : ffff800011a5bf20
[  194.500718] x29: ffff800011a5bf20 x28: 0000000000000000 
[  194.503735] x27: 0000000000000000 x26: 0000000000000000 
[  194.505050] x25: 0000000000000000 x24: ffff8000117ba214 
[  194.505958] x23: ffff00007b0c3800 x22: ffff800011404ab8 
[  194.506894] x21: ffff8000117ba1f0 x20: 0000000000000003 
[  194.509214] x19: ffff8000117ba118 x18: 0000000000000010 
[  194.513830] x17: 0000000000000000 x16: 0000000000000000 
[  194.516087] x15: 0000000000000000 x14: 0000000000000000 
[  194.522160] x13: 0000000000000002 x12: 0000000000000000 
[  194.525946] x11: 0000000000000000 x10: 00000000000009c0 
[  194.528270] x9 : ffff800011a5be90 x8 : ffff00007b0c4220 
[  194.534963] x7 : 0000000000000400 x6 : 00000078fe82b287 
[  194.542308] x5 : 00ffffffffffffff x4 : ffff80006c783000 
[  194.550301] x3 : 4000000000000002 x2 : 4000000000000000 
[  194.554234] x1 : ffff800011406980 x0 : ffff00007db89980 
[  194.560301] Call trace:
[  194.563003]  rcu_idle_enter+0x74/0x80
[  194.567642]  do_idle+0x200/0x288
[  194.567999]  cpu_startup_entry+0x24/0x40
[  194.571467]  secondary_start_kernel+0x154/0x190
[  194.578920] ---[ end trace f0e18a548a6f9f4d ]---
