[  192.486156] Unable to handle kernel NULL pointer dereference at virtual address 0000000000000030
[  192.492024] Mem abort info:
[  192.492561]   ESR = 0x96000006
[  192.498266]   EC = 0x25: DABT (current EL), IL = 32 bits
[  192.501151]   SET = 0, FnV = 0
[  192.504657]   EA = 0, S1PTW = 0
[  192.506371] Data abort info:
[  192.511698]   ISV = 0, ISS = 0x00000006
[  192.520810]   CM = 0, WnR = 0
[  192.526058] user pgtable: 4k pages, 48-bit VAs, pgdp=00000000b3cff000
[  192.529488] [0000000000000030] pgd=00000000b6ca4003, pud=00000000ae52f003, pmd=0000000000000000
[  192.543362] Internal error: Oops: 96000006 [#1] PREEMPT SMP
[  192.546995] Modules linked in:
[  192.555452] CPU: 5 PID: 493 Comm: python3 Not tainted 5.4.18 #2
[  192.557710] Hardware name: linux,dummy-virt (DT)
[  192.561712] pstate: 60000005 (nZCv daif -PAN -UAO)
[  192.566351] pc : ipv4_sk_update_pmtu+0x48/0x250
[  192.569357] lr : udp_sendmsg+0x520/0x860
[  192.570141] sp : ffff800011f03ab0
[  192.571088] x29: ffff800011f03ac0 x28: 0000000000000012 
[  192.573766] x27: 0000000000000000 x26: 0000000000000011 
[  192.575903] x25: 0000000000000012 x24: ffff00007a81e508 
[  192.577569] x23: 0000000000000088 x22: 0000000000000002 
[  192.578080] x21: ffff800210baa9a0 x20: ffff000075d4e200 
[  192.578487] x19: 0000000000000000 x18: 0000000000000000 
[  192.579612] x17: 0000000000000000 x16: 0000000000000000 
[  192.580497] x15: 0000000000000001 x14: 0000000000000000 
[  192.581335] x13: 0000000000000006 x12: 00000000c0a80164 
[  192.582154] x11: 0000000000000000 x10: 0000000000000068 
[  192.585050] x9 : 0000000000000000 x8 : 0000000000000080 
[  192.586113] x7 : ffff800010eca190 x6 : 0000000000000001 
[  192.587546] x5 : 0000000000000000 x4 : 0000000000000001 
[  192.588994] x3 : ffff0000783b7040 x2 : 0000000000000000 
[  192.590091] x1 : 0000000000000000 x0 : 0000000000000088 
[  192.592309] Call trace:
[  192.592737]  ipv4_sk_update_pmtu+0x48/0x250
[  192.593475]  udp_sendmsg+0x520/0x860
[  192.593799]  inet_sendmsg+0x40/0x68
[  192.595047]  __sys_sendto+0xd4/0x150
[  192.596055]  __arm64_sys_sendto+0x24/0x30
[  192.596824]  el0_svc_common.constprop.0+0x68/0x160
[  192.597857]  el0_svc_handler+0x20/0x80
[  192.599327]  el0_svc+0x8/0xc
[  192.607652] Code: d280001b f9423a82 f90057e2 d2800002 (f9401839) 
[  192.619013] ---[ end trace 8252d1a596dfd1ed ]---
