[  193.687198] Unable to handle kernel paging request at virtual address 000000010000001a
[  193.690628] Mem abort info:
[  193.690975]   ESR = 0x96000005
[  193.691341]   EC = 0x25: DABT (current EL), IL = 32 bits
[  193.691734]   SET = 0, FnV = 0
[  193.691999]   EA = 0, S1PTW = 0
[  193.692288] Data abort info:
[  193.693097]   ISV = 0, ISS = 0x00000005
[  193.693464]   CM = 0, WnR = 0
[  193.694744] user pgtable: 4k pages, 48-bit VAs, pgdp=00000000b4751000
[  193.696119] [000000010000001a] pgd=00000000b80b4003, pud=0000000000000000
[  193.699326] Internal error: Oops: 96000005 [#1] PREEMPT SMP
[  193.702945] Modules linked in:
[  193.712267] CPU: 5 PID: 510 Comm: python3 Not tainted 5.4.18 #2
[  193.712703] Hardware name: linux,dummy-virt (DT)
[  193.713445] pstate: 60000005 (nZCv daif -PAN -UAO)
[  193.721056] pc : ip_setup_cork+0x3c/0x180
[  193.722723] lr : ip_setup_cork+0x124/0x180
[  193.724917] sp : ffff80001216baa0
[  193.725424] x29: ffff80001216baa0 x28: ffff80001216bb50 
[  193.729590] x27: 000000000000001a x26: ffff80001216bd80 
[  193.731170] x25: ffff800010b762e8 x24: ffff00007a42bb80 
[  193.734581] x23: 0000000100000002 x22: ffff0000794eb000 
[  193.738607] x21: ffff80001216bc10 x20: ffff80001216bc18 
[  193.739866] x19: ffff80001216bc78 x18: 0000000000000000 
[  193.740507] x17: 0000000000000000 x16: 0000000000000000 
[  193.741947] x15: 0000000000000001 x14: 0000000000000000 
[  193.743854] x13: 0000000000000006 x12: 00000000c0a80164 
[  193.744836] x11: 0000000000000000 x10: 0000000000000068 
[  193.746357] x9 : 0000000000000000 x8 : 0000000000000000 
[  193.748911] x7 : ffff80001216bc10 x6 : ffff80001216bc18 
[  193.749541] x5 : 0000000000000008 x4 : ffff00007dbb7f20 
[  193.751637] x3 : 0000000000369105 x2 : 0000000000369005 
[  193.752415] x1 : ffff00007b007c00 x0 : ffff00007044f980 
[  193.755043] Call trace:
[  193.756156]  ip_setup_cork+0x3c/0x180
[  193.757027]  ip_make_skb+0x78/0x140
[  193.758488]  udp_sendmsg+0x6ec/0x860
[  193.760102]  0xffff800000000000
[  193.761500] Code: f9400c57 b4000197 f9400420 b4000640 (394062e2) 
[  193.767050] ---[ end trace fc280f3de705163a ]---
