[  193.109416] Unable to handle kernel paging request at virtual address 00000000ffff0018
[  193.118084] Mem abort info:
[  193.118774]   ESR = 0x96000005
[  193.119524]   EC = 0x25: DABT (current EL), IL = 32 bits
[  193.120365]   SET = 0, FnV = 0
[  193.122168]   EA = 0, S1PTW = 0
[  193.122971] Data abort info:
[  193.123451]   ISV = 0, ISS = 0x00000005
[  193.124156]   CM = 0, WnR = 0
[  193.128193] user pgtable: 4k pages, 48-bit VAs, pgdp=00000000b19be000
[  193.130269] [00000000ffff0018] pgd=00000000b3fdc003, pud=0000000000000000
[  193.140440] Internal error: Oops: 96000005 [#1] PREEMPT SMP
[  193.150352] Modules linked in:
[  193.165912] CPU: 5 PID: 494 Comm: python3 Not tainted 5.4.18 #2
[  193.171226] Hardware name: linux,dummy-virt (DT)
[  193.179295] pstate: 60000005 (nZCv daif -PAN -UAO)
[  193.186951] pc : ip_setup_cork+0x3c/0x180
[  193.187976] lr : ip_setup_cork+0x124/0x180
[  193.188830] sp : ffff800011f93a98
[  193.189469] x29: ffff800011f93a98 x28: ffff800011f93b48 
[  193.190786] x27: 000000000000001a x26: ffff800011f93d80 
[  193.191637] x25: ffff800010b762e8 x24: ffff00007a452a80 
[  193.193441] x23: 00000000ffff0000 x22: ffff000073e05000 
[  193.194300] x21: ffff800011f93c08 x20: ffff800011f93c10 
[  193.195916] x19: ffff800011f93c70 x18: 0000000000000000 
[  193.197130] x17: 0000000000000000 x16: 0000000000000000 
[  193.200914] x15: 0000000000000001 x14: 0000000000000000 
[  193.203553] x13: 0000000000000006 x12: 00000000c0a80164 
[  193.204656] x11: 0000000000000000 x10: 0000000000000068 
[  193.206015] x9 : 0000000000000000 x8 : 0000000000000000 
[  193.207323] x7 : ffff800011f93c08 x6 : ffff800011f93c10 
[  193.208650] x5 : 0000000000000008 x4 : ffff00007dbb7f20 
[  193.211126] x3 : 000000000012f605 x2 : 000000000012f505 
[  193.212155] x1 : ffff00007b007c00 x0 : ffff000076d2d300 
[  193.216275] Call trace:
[  193.219481] Code: f9400c57 b4000197 f9400420 b4000640 (394062e2) 
[  193.224131] ---[ end trace db3b380c908a68df ]---
