[  240.186066] Unable to handle kernel NULL pointer dereference at virtual address 0000000000000470
[  240.187575] Mem abort info:
[  240.193403]   ESR = 0x96000006
[  240.194446]   EC = 0x25: DABT (current EL), IL = 32 bits
[  240.202028]   SET = 0, FnV = 0
[  240.204151]   EA = 0, S1PTW = 0
[  240.204889] Data abort info:
[  240.205622]   ISV = 0, ISS = 0x00000006
[  240.206717]   CM = 0, WnR = 0
[  240.208297] user pgtable: 4k pages, 48-bit VAs, pgdp=00000000b3b8a000
[  240.213992] [0000000000000470] pgd=00000000b0d86003, pud=00000000b0f35003, pmd=0000000000000000
[  240.234496] Internal error: Oops: 96000006 [#1] PREEMPT SMP
[  240.241615] Modules linked in:
[  240.249735] CPU: 6 PID: 494 Comm: python3 Not tainted 5.4.18 #2
[  240.256493] Hardware name: linux,dummy-virt (DT)
[  240.261681] pstate: 40000005 (nZcv daif -PAN -UAO)
[  240.264920] pc : udp_sendmsg+0x318/0x860
[  240.265569] lr : udp_sendmsg+0x294/0x860
[  240.266290] sp : ffff800011f83b60
[  240.266865] x29: ffff800011f83b70 x28: 000000000000001a 
[  240.270171] x27: ffff800011f83d80 x26: 0000000000000011 
[  240.271826] x25: 0000000000000012 x24: ffff00007b314b88 
[  240.273513] x23: 000000006401a8c0 x22: 0000000000000000 
[  240.277010] x21: 0000000000000470 x20: 0000000000000000 
[  240.279401] x19: ffff00007b314840 x18: 0000000000000000 
[  240.286698] x17: 0000000000000000 x16: 0000000000000000 
[  240.289323] x15: 0000000000000001 x14: 0000000000000000 
[  240.291015] x13: 0000000000000006 x12: 00000000c0a80164 
[  240.295570] x11: 0000000000000000 x10: 0000000000000068 
[  240.296180] x9 : 0000000000000000 x8 : ffff000078017200 
[  240.296559] x7 : 0000000000000012 x6 : 000000000000eff6 
[  240.296919] x5 : 0000000000000004 x4 : 0000000000000000 
[  240.297447] x3 : 0000000000000000 x2 : ffff00007a968000 
[  240.301692] x1 : 0000000000000000 x0 : 76a306ef8ab2c200 
[  240.302906] Call trace:
[  240.304719]  udp_sendmsg+0x318/0x860
[  240.305783]  inet_sendmsg+0x40/0x68
[  240.306038]  __sys_sendto+0xd4/0x150
[  240.306255]  __arm64_sys_sendto+0x24/0x30
[  240.306940]  el0_svc_common.constprop.0+0x68/0x160
[  240.308452]  el0_svc_handler+0x20/0x80
[  240.309310]  el0_svc+0x8/0xc
[  240.311785] Code: 2a1403f9 9402163f 9111c2b5 f940c7e0 (f94002a1) 
[  240.313883] ---[ end trace 3f2aef36ff3b5614 ]---
