[  193.863486] kernel BUG at arch/arm64/kernel/traps.c:405!
[  193.870233] Internal error: Oops - BUG: 0 [#1] PREEMPT SMP
[  193.874462] Modules linked in:
[  193.877663] CPU: 0 PID: 495 Comm: python3 Not tainted 5.4.18 #2
[  193.879028] Hardware name: linux,dummy-virt (DT)
[  193.881263] pstate: 00000005 (nzcv daif -PAN -UAO)
[  193.882681] pc : do_undefinstr+0x2ec/0x310
[  193.883528] lr : do_undefinstr+0x1e0/0x310
[  193.884422] sp : ffff800011f7b940
[  193.885160] x29: ffff800011f7b940 x28: ffff00007a9a7000 
[  193.886526] x27: ffff800011f7bd80 x26: 0000000000000011 
[  193.887493] x25: 0000000000000012 x24: 0000000000000000 
[  193.888792] x23: 0000000040000005 x22: ffff800010b700d0 
[  193.889766] x21: ffff800011f7bae0 x20: ffff00007a9a7000 
[  193.891041] x19: ffff800011f7b9a0 x18: 0000000000000000 
[  193.892005] x17: 0000000000000000 x16: 0000000000000000 
[  193.893105] x15: 0000000000000000 x14: 0000000000000000 
[  193.895624] x13: 0000000000000000 x12: 0000000000000000 
[  193.898331] x11: 0000000000000000 x10: 000000000000f0bc 
[  193.899312] x9 : 000000006401a8c0 x8 : ffff800011963ac0 
[  193.900323] x7 : 00000000000003e8 x6 : ffff800011f7b998 
[  193.902235] x5 : 00000000d5300000 x4 : ffff8000117c51f0 
[  193.904041] x3 : 0000000089000000 x2 : 0000000000000000 
[  193.906242] x1 : ffff00007a9a7000 x0 : 0000000040000005 
[  193.908351] Call trace:
[  193.909676]  do_undefinstr+0x2ec/0x310
[  193.910528]  el1_undef+0x10/0x84
[  193.911214]  ip_route_output_key_hash+0x58/0xa8
[  193.911982]  ip_route_output_flow+0x10/0x18
[  193.912678]  udp_sendmsg+0x520/0x860
[  193.913426]  inet_sendmsg+0x40/0x68
[  193.914063]  __sys_sendto+0xd4/0x150
[  193.914690]  __arm64_sys_sendto+0x24/0x30
[  193.915436]  el0_svc_common.constprop.0+0x68/0x160
[  193.916208]  el0_svc_handler+0x20/0x80
[  193.916854]  el0_svc+0x8/0xc
[  193.919005] Code: f9401bf7 17ffff7c a9025bf5 f9001bf7 (d4210000) 
[  193.922794] ---[ end trace 402c1e64286b0e13 ]---
[  193.925326] note: python3[495] exited with preempt_count 1
[  194.056347] ------------[ cut here ]------------
[  194.057611] WARNING: CPU: 0 PID: 0 at kernel/rcu/tree.c:569 rcu_idle_enter+0x74/0x80
[  194.058634] Modules linked in:
[  194.060371] CPU: 0 PID: 0 Comm: swapper/0 Tainted: G      D           5.4.18 #2
[  194.061337] Hardware name: linux,dummy-virt (DT)
[  194.061992] pstate: 200003c5 (nzCv DAIF -PAN -UAO)
[  194.062659] pc : rcu_idle_enter+0x74/0x80
[  194.063176] lr : do_idle+0x200/0x288
[  194.063513] sp : ffff8000117b3eb0
[  194.066377] x29: ffff8000117b3eb0 x28: 00000000412b0018 
[  194.067578] x27: 0000000000000000 x26: 0000000000000000 
[  194.069767] x25: 0000000000000000 x24: ffff8000117ba214 
[  194.070435] x23: ffff8000117c2d80 x22: ffff800011404ab8 
[  194.072323] x21: ffff8000117ba1f0 x20: 0000000000000000 
[  194.073382] x19: ffff8000117ba118 x18: 0000000000000010 
[  194.073860] x17: 0000000000000000 x16: 0000000000000000 
[  194.074325] x15: ffff00007a9a7470 x14: 0000000000000000 
[  194.074956] x13: 0000000000000001 x12: 0000000000000000 
[  194.075426] x11: 0000000000000400 x10: 00000000000009c0 
[  194.077550] x9 : ffff8000117b3e20 x8 : ffff8000117c37a0 
[  194.078040] x7 : 0000000000000000 x6 : 000003a20c6c598f 
[  194.078506] x5 : 00ffffffffffffff x4 : ffff80006c741000 
[  194.078969] x3 : 4000000000000002 x2 : 4000000000000000 
[  194.080247] x1 : ffff800011406980 x0 : ffff00007db47980 
[  194.080727] Call trace:
[  194.081027]  rcu_idle_enter+0x74/0x80
[  194.081431]  do_idle+0x200/0x288
[  194.081770]  cpu_startup_entry+0x24/0x40
[  194.082150]  rest_init+0xd4/0xe0
[  194.082484]  arch_call_rest_init+0xc/0x14
[  194.082856]  start_kernel+0x420/0x450
[  194.084425] ---[ end trace 402c1e64286b0e14 ]---
