[  204.247861] Unable to handle kernel write to read-only memory at virtual address ffff800010b704f8
[  204.254967] Mem abort info:
[  204.261327]   ESR = 0x9600004e
[  204.266040]   EC = 0x25: DABT (current EL), IL = 32 bits
[  204.273818]   SET = 0, FnV = 0
[  204.277847]   EA = 0, S1PTW = 0
[  204.290246] Data abort info:
[  204.300765]   ISV = 0, ISS = 0x0000004e
[  204.309675]   CM = 0, WnR = 1
[  204.318441] swapper pgtable: 4k pages, 48-bit VAs, pgdp=00000000412a6000
[  204.326536] [ffff800010b704f8] pgd=00000000bdfff003, pud=00000000bdffe003, pmd=0040000040a00791
[  204.335493] Internal error: Oops: 9600004e [#1] PREEMPT SMP
[  204.341205] Modules linked in:
[  204.348519] CPU: 3 PID: 496 Comm: python3 Not tainted 5.4.18 #2
[  204.350413] Hardware name: linux,dummy-virt (DT)
[  204.370243] pstate: 40000005 (nZcv daif -PAN -UAO)
[  204.374606] pc : ip_route_output_key_hash+0x58/0xa8
[  204.380920] lr : ip_route_output_flow+0x10/0x18
[  204.390079] sp : ffff800011f2bae0
[  204.397404] x29: ffff800011f2bae0 x28: 0000000000000012 
[  204.402862] x27: ffff800011f2bd80 x26: 0000000000000011 
[  204.406979] x25: 0000000000000012 x24: ffff00007ab0fa48 
[  204.408906] x23: 000000006401a8c0 x22: 0000000000000000 
[  204.409351] x21: ffff800011963ac0 x20: ffff00007a415400 
[  204.413225] x19: ffff800011f2bc30 x18: 0000000000000000 
[  204.419703] x17: 0000000000000000 x16: 0000000000000000 
[  204.425714] x15: 0000000000000000 x14: 0000000000000000 
[  204.427156] x13: 0000000000000000 x12: 0000000000000000 
[  204.427833] x11: 0000000000000000 x10: 0000000000001887 
[  204.429070] x9 : 000000006401a8c0 x8 : ffff800011963ac0 
[  204.429890] x7 : 00000000000003e8 x6 : ffff800011f2bde8 
[  204.430865] x5 : ffff800011f2bde8 x4 : 0000000000000001 
[  204.431331] x3 : 00000000000000fd x2 : 0000000000000000 
[  204.434508] x1 : 0000000000000000 x0 : 0000000000000000 
[  204.436916] Call trace:
[  204.437606]  ip_route_output_key_hash+0x58/0xa8
[  204.438676]  ip_route_output_flow+0x10/0x18
[  204.439988]  udp_sendmsg+0x520/0x860
[  204.443938]  inet_sendmsg+0x40/0x68
[  204.445910]  __sys_sendto+0xd4/0x150
[  204.450562]  __arm64_sys_sendto+0x24/0x30
[  204.461440]  el0_svc_common.constprop.0+0x68/0x160
[  204.466766]  el0_svc_handler+0x20/0x80
[  204.467866]  el0_svc+0x8/0xc
[  204.474811] Code: 121e0821 39003261 39003660 a904ffff (a905ffdf) 
[  204.489236] ---[ end trace 1396dfce90e21aef ]---
