[  196.753527] Unable to handle kernel paging request at virtual address fffe00004782f0c4
[  196.760442] Mem abort info:
[  196.763720]   ESR = 0x96000044
[  196.769647]   EC = 0x25: DABT (current EL), IL = 32 bits
[  196.775127]   SET = 0, FnV = 0
[  196.777473]   EA = 0, S1PTW = 0
[  196.777956] Data abort info:
[  196.778239]   ISV = 0, ISS = 0x00000044
[  196.780670]   CM = 0, WnR = 1
[  196.781339] [fffe00004782f0c4] address between user and kernel address ranges
[  196.783677] Internal error: Oops: 96000044 [#1] PREEMPT SMP
[  196.785647] Modules linked in:
[  196.801149] CPU: 4 PID: 493 Comm: python3 Not tainted 5.4.18 #2
[  196.804923] Hardware name: linux,dummy-virt (DT)
[  196.811362] pstate: 40000005 (nZcv daif -PAN -UAO)
[  196.823084] pc : ip_route_output_key_hash+0x34/0xa8
[  196.824379] lr : ip_route_output_flow+0x10/0x18
[  196.826076] sp : ffff800011e0bae0
[  196.828599] x29: ffff800011e0bae0 x28: 0000000000000012 
[  196.829555] x27: ffff800011e0bd80 x26: 0000000000000011 
[  196.831424] x25: 0000000000000012 x24: ffff00007a899888 
[  196.832190] x23: 000000006401a8c0 x22: 0000000000000000 
[  196.832588] x21: ffff800011963ac0 x20: ffff000078252a00 
[  196.832948] x19: fffe00004782f0c0 x18: 0000000000000000 
[  196.836649] x17: 0000000000000000 x16: 0000000000000000 
[  196.837559] x15: 0000000000000000 x14: 0000000000000000 
[  196.839673] x13: 0000000000000000 x12: 0000000000000000 
[  196.841250] x11: 0000000000000000 x10: 00000000000038e0 
[  196.845763] x9 : 000000006401a8c0 x8 : ffff800011963ac0 
[  196.848515] x7 : 00000000000003e8 x6 : ffff800011e0bde8 
[  196.849432] x5 : ffff800011e0bde8 x4 : 0000000000000001 
[  196.852213] x3 : 00000000000000fd x2 : 0000000000000000 
[  196.853349] x1 : 0000000000000000 x0 : ffff800011963ac0 
[  196.857992] Call trace:
[  196.858624]  ip_route_output_key_hash+0x34/0xa8
[  196.858943]  ip_route_output_flow+0x10/0x18
[  196.859878]  udp_sendmsg+0x520/0x860
[  196.860264]  inet_sendmsg+0x40/0x68
[  196.860608]  __sys_sendto+0xd4/0x150
[  196.861532]  __arm64_sys_sendto+0x24/0x30
[  196.862290]  el0_svc_common.constprop.0+0x68/0x160
[  196.864057]  el0_svc_handler+0x20/0x80
[  196.864731]  el0_svc+0x8/0xc
[  196.867871] Code: aa0203f6 f9423a81 f90037e1 d2800001 (b9000664) 
[  196.876762] ---[ end trace de22db614db8d2db ]---
