[  193.585200] Unable to handle kernel paging request at virtual address 0001a8c06e01a8c0
[  193.604808] Mem abort info:
[  193.612887]   ESR = 0x86000004
[  193.620187]   EC = 0x21: IABT (current EL), IL = 32 bits
[  193.623094]   SET = 0, FnV = 0
[  193.625154]   EA = 0, S1PTW = 0
[  193.626148] [0001a8c06e01a8c0] address between user and kernel address ranges
[  193.629581] Internal error: Oops: 86000004 [#1] PREEMPT SMP
[  193.632825] Modules linked in:
[  193.645534] CPU: 5 PID: 496 Comm: python3 Not tainted 5.4.18 #2
[  193.648626] Hardware name: linux,dummy-virt (DT)
[  193.653933] pstate: 60000005 (nZCv daif -PAN -UAO)
[  193.658654] pc : 0x1a8c06e01a8c0
[  193.661326] lr : 0x6401a8c06e01a8c0
[  193.663201] sp : ffff800011f4bc60
[  193.664287] x29: 0000000000000000 x28: 0000000000000012 
[  193.666060] x27: ffff800011f4bd80 x26: 0000000000000011 
[  193.669574] x25: 0000000000000012 x24: ffff00007b2cba88 
[  193.679193] x23: 000000006401a8c0 x22: 0000000000000000 
[  193.682942] x21: ffff0000794fe200 x20: ffff800010b762e8 
[  193.688097] x19: ffff00007b2cb740 x18: 0000000000000000 
[  193.696284] x17: 0000000000000000 x16: 0000000000000000 
[  193.701391] x15: 0000000000000001 x14: 0000000000000000 
[  193.704143] x13: 0000000000000006 x12: 00000000c0a80164 
[  193.706492] x11: 0000000000000000 x10: 0000000000000068 
[  193.710936] x9 : 0000000000000000 x8 : 0000000000000080 
[  193.721465] x7 : ffff800010eca190 x6 : 0000000000000001 
[  193.728946] x5 : 0000000000000000 x4 : 0000000000000001 
[  193.741045] x3 : ffff00007a966280 x2 : 0000000000000002 
[  193.760762] x1 : 0000000000000000 x0 : ffff00007a966240 
[  193.765788] Call trace:
[  193.773415]  0x1a8c06e01a8c0
[  193.781912] Code: bad PC value
[  193.789421] ---[ end trace 326670212d623630 ]---
