[  193.660002] Unable to handle kernel paging request at virtual address 0000000011963d68
[  193.676843] Mem abort info:
[  193.679365]   ESR = 0x96000006
[  193.681850]   EC = 0x25: DABT (current EL), IL = 32 bits
[  193.687204]   SET = 0, FnV = 0
[  193.690565]   EA = 0, S1PTW = 0
[  193.696261] Data abort info:
[  193.697469]   ISV = 0, ISS = 0x00000006
[  193.702363]   CM = 0, WnR = 0
[  193.704285] user pgtable: 4k pages, 48-bit VAs, pgdp=00000000b1801000
[  193.712770] [0000000011963d68] pgd=00000000b71bb003, pud=00000000b27e8003, pmd=0000000000000000
[  193.716105] Internal error: Oops: 96000006 [#1] PREEMPT SMP
[  193.718923] Modules linked in:
[  193.723852] CPU: 3 PID: 495 Comm: python3 Not tainted 5.4.18 #2
[  193.725069] Hardware name: linux,dummy-virt (DT)
[  193.729855] pstate: 40000005 (nZcv daif -PAN -UAO)
[  193.732538] pc : ip_route_output_key_hash_rcu+0x2c4/0x668
[  193.732962] lr : ip_route_output_key_hash_rcu+0x2c4/0x668
[  193.735216] sp : ffff800011f63a70
[  193.735798] x29: ffff800011f63a70 x28: 0000000000000012 
[  193.736650] x27: ffff800011f63d80 x26: 0000000000000011 
[  193.737370] x25: 0000000000000000 x24: 0000000000000000 
[  193.739196] x23: 0000000000000000 x22: 0000000011963ac0 
[  193.740001] x21: 0000000011963ac0 x20: ffff800011f63b18 
[  193.743781] x19: ffff800011f63c30 x18: 0000000000000000 
[  193.744267] x17: 0000000000000000 x16: 0000000000000000 
[  193.748632] x15: 0000000000000000 x14: 0000000000000000 
[  193.751635] x13: 0000000000000000 x12: 0000000000000000 
[  193.753414] x11: 0000000000000000 x10: 000000000000c8da 
[  193.766075] x9 : 000000006401a8c0 x8 : ffff800011963ac0 
[  193.775885] x7 : 00000000000003e8 x6 : ffff800011f63de8 
[  193.783479] x5 : ffff800011f63de8 x4 : 0000000000000001 
[  193.785928] x3 : 0000000000000000 x2 : ffff800011f63b18 
[  193.793234] x1 : ffff0000780ef000 x0 : 0000000000000002 
[  193.800275] Call trace:
[  193.810820]  ip_route_output_key_hash_rcu+0x2c4/0x668
[  193.814402]  ip_route_output_key_hash+0x74/0xa8
[  193.826595]  ip_route_output_flow+0x10/0x18
[  193.830408]  udp_sendmsg+0x520/0x860
[  193.832102]  inet_sendmsg+0x40/0x68
[  193.839944]  __sys_sendto+0xd4/0x150
[  193.843301]  __arm64_sys_sendto+0x24/0x30
[  193.844514]  el0_svc_common.constprop.0+0x68/0x160
[  193.852635]  el0_svc_handler+0x20/0x80
[  193.854322]  el0_svc+0x8/0xc
[  193.856841] Code: b9402e61 b9002a60 34fff9e1 97d781da (f94156c0) 
[  193.859377] ---[ end trace dd4bcdcbc11760e6 ]---
