[  193.740670] Kernel panic - not syncing: stack-protector: Kernel stack is corrupted in: ip_route_output_key_hash+0xa8/0xa8
[  193.749803] CPU: 1 PID: 495 Comm: python3 Not tainted 5.4.18 #2
[  193.750967] Hardware name: linux,dummy-virt (DT)
[  193.753020] Call trace:
[  193.753964]  dump_backtrace+0x0/0x140
[  193.754739]  show_stack+0x14/0x20
[  193.755957]  dump_stack+0xb4/0xf8
[  193.757661]  panic+0x158/0x324
[  193.758700]  __stack_chk_fail+0x1c/0x20
[  193.759835]  ipv4_update_pmtu+0x0/0xf8
[  193.760274]  ip_route_output_flow+0x10/0x18
[  193.761372]  udp_sendmsg+0x520/0x860
[  193.762760]  inet_sendmsg+0x40/0x68
[  193.764315]  __sys_sendto+0xd4/0x150
[  193.765086]  __arm64_sys_sendto+0x24/0x30
[  193.766258]  el0_svc_common.constprop.0+0x68/0x160
[  193.767012]  el0_svc_handler+0x20/0x80
[  193.767755]  el0_svc+0x8/0xc
[  193.773092] SMP: stopping secondary CPUs
[  193.777504] Kernel Offset: disabled
[  193.778870] CPU features: 0x0002,20006000
[  193.779763] Memory Limit: none
[  193.782682] ---[ end Kernel panic - not syncing: stack-protector: Kernel stack is corrupted in: ip_route_output_key_hash+0xa8/0xa8 ]---
