[  195.004480] Unable to handle kernel paging request at virtual address 001303e0540003b8
[  195.008691] Mem abort info:
[  195.008921]   ESR = 0x96000004
[  195.009909]   EC = 0x25: DABT (current EL), IL = 32 bits
[  195.010318]   SET = 0, FnV = 0
[  195.010494]   EA = 0, S1PTW = 0
[  195.010672] Data abort info:
[  195.010827]   ISV = 0, ISS = 0x00000004
[  195.011031]   CM = 0, WnR = 0
[  195.011444] [001303e0540003b8] address between user and kernel address ranges
[  195.013996] Internal error: Oops: 96000004 [#1] PREEMPT SMP
[  195.017876] Modules linked in:
[  195.019555] CPU: 6 PID: 493 Comm: python3 Not tainted 5.4.18 #2
[  195.019994] Hardware name: linux,dummy-virt (DT)
[  195.024588] pstate: 80000005 (Nzcv daif -PAN -UAO)
[  195.024912] pc : ip_setup_cork+0x60/0x180
[  195.025129] lr : ip_make_skb+0x78/0x140
[  195.027702] sp : ffff800011f23a90
[  195.028437] x29: ffff800011f23a90 x28: ffff800011f23b40 
[  195.028811] x27: 000000000000001a x26: ffff800011f23d80 
[  195.029128] x25: a9425bf5a94153d3 x24: aa1303e0540000c1 
[  195.030455] x23: 0000000000000000 x22: ffff00007b260240 
[  195.033191] x21: ffff800011f23c00 x20: ffff800011f23c08 
[  195.035901] x19: ffff800011f23c68 x18: 0000000000000000 
[  195.039925] x17: 0000000000000000 x16: 0000000000000000 
[  195.040114] x15: 0000000000000001 x14: 0000000000000000 
[  195.042222] x13: 0000000000000006 x12: 00000000c0a80164 
[  195.043662] x11: 0000000000000000 x10: 0000000000000068 
[  195.046635] x9 : 0000000000000000 x8 : 0000000000000000 
[  195.050517] x7 : ffff800011f23c00 x6 : ffff800011f23c08 
[  195.056351] x5 : 0000000000000008 x4 : 000000000000001a 
[  195.056583] x3 : ffff800011f23c00 x2 : ffff800011f23c08 
[  195.060387] x1 : ffff800011f23c68 x0 : aa1303e0540000c1 
[  195.062436] Call trace:
[  195.063179]  ip_setup_cork+0x60/0x180
[  195.064591]  ip_make_skb+0x78/0x140
[  195.065538]  udp_sendmsg+0x6ec/0x860
[  195.066283]  inet_sendmsg+0x40/0x68
[  195.067143]  __sys_sendto+0xd4/0x150
[  195.068010]  __arm64_sys_sendto+0x24/0x30
[  195.068360]  el0_svc_common.constprop.0+0x68/0x160
[  195.068692]  el0_svc_handler+0x20/0x80
[  195.070038]  el0_svc+0x8/0xc
[  195.071907] Code: 32000021 b9000261 b9401280 b9000660 (394bdf00) 
[  195.074882] ---[ end trace 487f706ca3a611aa ]---
