[  193.109142] Unable to handle kernel NULL pointer dereference at virtual address 0000000000000008
[  193.119226] Mem abort info:
[  193.119470]   ESR = 0x96000006
[  193.119764]   EC = 0x25: DABT (current EL), IL = 32 bits
[  193.120059]   SET = 0, FnV = 0
[  193.120267]   EA = 0, S1PTW = 0
[  193.120628] Data abort info:
[  193.120921]   ISV = 0, ISS = 0x00000006
[  193.121240]   CM = 0, WnR = 0
[  193.122808] user pgtable: 4k pages, 48-bit VAs, pgdp=00000000b2314000
[  193.123687] [0000000000000008] pgd=00000000b3483003, pud=00000000b80e8003, pmd=0000000000000000
[  193.130842] Internal error: Oops: 96000006 [#1] PREEMPT SMP
[  193.134284] Modules linked in:
[  193.138601] CPU: 3 PID: 493 Comm: python3 Not tainted 5.4.18 #2
[  193.140767] Hardware name: linux,dummy-virt (DT)
[  193.142712] pstate: 20000005 (nzCv daif -PAN -UAO)
[  193.146703] pc : udp_sendmsg+0x2ac/0x860
[  193.148556] lr : udp_sendmsg+0x294/0x860
[  193.148837] sp : ffff800011f43b60
[  193.149029] x29: ffff800011f43b70 x28: 000000000000001a 
[  193.149352] x27: ffff800011f43d80 x26: 0000000000000011 
[  193.149579] x25: 00000000ffffffe0 x24: ffff00007804b648 
[  193.150151] x23: 000000006401a8c0 x22: 0000000000000000 
[  193.152878] x21: ffff00007a4a3800 x20: 00000000ffffffe0 
[  193.155451] x19: ffff00007619fc00 x18: 0000000000000000 
[  193.156885] x17: 0000000000000000 x16: 0000000000000000 
[  193.157670] x15: 0000000000000001 x14: 0000000000000000 
[  193.158495] x13: 0000000000000006 x12: 00000000c0a80164 
[  193.160254] x11: 0000000000000000 x10: 0000000000000068 
[  193.161122] x9 : 0000000000000000 x8 : ffff800011f43c30 
[  193.163005] x7 : ffffffffffff0000 x6 : 00000000ffff0000 
[  193.164395] x5 : 0000000000000000 x4 : ffff00007619fd3c 
[  193.168248] x3 : 0000000000000000 x2 : ffff00007a841100 
[  193.174230] x1 : 0000000000000000 x0 : 0000000000000000 
[  193.188503] Call trace:
[  193.189912]  udp_sendmsg+0x2ac/0x860
[  193.190436]  inet_sendmsg+0x40/0x68
[  193.190609]  __sys_sendto+0xd4/0x150
[  193.191072]  __arm64_sys_sendto+0x24/0x30
[  193.193608]  el0_svc_common.constprop.0+0x68/0x160
[  193.193809]  el0_svc_handler+0x20/0x80
[  193.194021]  el0_svc+0x8/0xc
[  193.195769] Code: 3101a69f 540000c0 f9413660 2a1403f9 (f9400400) 
[  193.198399] ---[ end trace 682dff0fad222bf6 ]---
