[  203.726690] Unable to handle kernel NULL pointer dereference at virtual address 000000000000000c
[  203.733220] Mem abort info:
[  203.735313]   ESR = 0x96000006
[  203.736199]   EC = 0x25: DABT (current EL), IL = 32 bits
[  203.739374]   SET = 0, FnV = 0
[  203.740337]   EA = 0, S1PTW = 0
[  203.742866] Data abort info:
[  203.744414]   ISV = 0, ISS = 0x00000006
[  203.747123]   CM = 0, WnR = 0
[  203.750800] user pgtable: 4k pages, 48-bit VAs, pgdp=00000000b095b000
[  203.753744] [000000000000000c] pgd=00000000b2aa5003, pud=00000000b2aa4003, pmd=0000000000000000
[  203.775172] Internal error: Oops: 96000006 [#1] PREEMPT SMP
[  203.783301] Modules linked in:
[  203.794499] CPU: 3 PID: 495 Comm: python3 Not tainted 5.4.18 #2
[  203.803622] Hardware name: linux,dummy-virt (DT)
[  203.814565] pstate: 40000005 (nZcv daif -PAN -UAO)
[  203.820486] pc : ip_route_output_key_hash+0x38/0xa8
[  203.822707] lr : ip_route_output_flow+0x10/0x18
[  203.823905] sp : ffff800011fd3ae0
[  203.825267] x29: ffff800011fd3ae0 x28: 0000000000000012 
[  203.827550] x27: ffff800011fd3d80 x26: 0000000000000011 
[  203.829207] x25: 0000000000000012 x24: ffff0000795ce0c8 
[  203.831302] x23: 000000006401a8c0 x22: 0000000000000000 
[  203.831812] x21: ffff800011963ac0 x20: ffff00007abe4600 
[  203.832368] x19: ffff800011fd3c30 x18: 0000000000000000 
[  203.833316] x17: 0000000000000000 x16: 0000000000000000 
[  203.833804] x15: 0000000000000000 x14: 0000000000000000 
[  203.834355] x13: 0000000000000000 x12: 0000000000000000 
[  203.834834] x11: 0000000000000000 x10: 000000000000aeb6 
[  203.835303] x9 : 000000006401a8c0 x8 : ffff800011963ac0 
[  203.835768] x7 : 00000000000003e8 x6 : ffff800011fd3de8 
[  203.836282] x5 : ffff800011fd3de8 x4 : 0000000000000001 
[  203.837574] x3 : 00000000000000fd x2 : 0000000000000000 
[  203.838691] x1 : 0000000000000000 x0 : ffff800011963ac0 
[  203.840044] Call trace:
[  203.841053]  ip_route_output_key_hash+0x38/0xa8
[  203.841661]  ip_route_output_flow+0x10/0x18
[  203.843322]  udp_sendmsg+0x520/0x860
[  203.843797]  inet_sendmsg+0x40/0x68
[  203.844153]  __sys_sendto+0xd4/0x150
[  203.844501]  __arm64_sys_sendto+0x24/0x30
[  203.846181]  el0_svc_common.constprop.0+0x68/0x160
[  203.846920]  el0_svc_handler+0x20/0x80
[  203.847284]  el0_svc+0x8/0xc
[  203.849967] Code: f9423a81 f90037e1 d2800001 b9000664 (39403241) 
[  203.853355] ---[ end trace 0911657c297066e1 ]---
