[  193.101940] Unable to handle kernel NULL pointer dereference at virtual address 0000000000000076
[  193.108264] Mem abort info:
[  193.108791]   ESR = 0x96000006
[  193.109317]   EC = 0x25: DABT (current EL), IL = 32 bits
[  193.110467]   SET = 0, FnV = 0
[  193.115403]   EA = 0, S1PTW = 0
[  193.117487] Data abort info:
[  193.118190]   ISV = 0, ISS = 0x00000006
[  193.123210]   CM = 0, WnR = 0
[  193.137030] user pgtable: 4k pages, 48-bit VAs, pgdp=00000000b3176000
[  193.144545] [0000000000000076] pgd=00000000b30ca003, pud=00000000b682f003, pmd=0000000000000000
[  193.173223] Internal error: Oops: 96000006 [#1] PREEMPT SMP
[  193.176068] Modules linked in:
[  193.181342] CPU: 1 PID: 497 Comm: python3 Not tainted 5.4.18 #2
[  193.182758] Hardware name: linux,dummy-virt (DT)
[  193.185007] pstate: 00000005 (nzcv daif -PAN -UAO)
[  193.192657] pc : udp_sendmsg+0x538/0x860
[  193.195248] lr : udp_sendmsg+0x520/0x860
[  193.196814] sp : ffff800011fb3b60
[  193.197362] x29: ffff800011fb3b70 x28: 0000000000000012 
[  193.202813] x27: ffff800011fb3d80 x26: 0000000000000011 
[  193.209878] x25: 0000000000000012 x24: ffff00007816bec8 
[  193.212693] x23: 000000006401a8c0 x22: 0000000000000000 
[  193.213507] x21: ffff00007ab57000 x20: ffff800010b762e8 
[  193.217875] x19: ffff00007816bb80 x18: 0000000000000000 
[  193.220683] x17: 0000000000000000 x16: 0000000000000000 
[  193.221161] x15: 0000000000000001 x14: 0000000000000000 
[  193.223688] x13: 0000000000000006 x12: 00000000c0a80164 
[  193.232152] x11: 0000000000000000 x10: 0000000000000068 
[  193.241193] x9 : 0000000000000000 x8 : ffff800011963ac0 
[  193.244370] x7 : 0000000000000002 x6 : 0000000000000001 
[  193.244928] x5 : 0000000000000000 x4 : 0000000000000000 
[  193.247059] x3 : 0000000000000000 x2 : 0000000000000002 
[  193.248042] x1 : 0000000000000000 x0 : 0000000000000002 
[  193.249181] Call trace:
[  193.249590]  udp_sendmsg+0x538/0x860
[  193.251425]  inet_sendmsg+0x40/0x68
[  193.253355]  __sys_sendto+0xd4/0x150
[  193.257236]  __arm64_sys_sendto+0x24/0x30
[  193.259338]  el0_svc_common.constprop.0+0x68/0x160
[  193.261245]  el0_svc_handler+0x20/0x80
[  193.264455]  el0_svc+0x8/0xc
[  193.268998] Code: b9409be4 b140041f a9488fe8 54001388 (b9407401) 
[  193.279944] ---[ end trace 221311d8d54bddeb ]---
