[  194.251011] Unable to handle kernel paging request at virtual address fffc0001e58e8074
[  194.266089] Mem abort info:
[  194.271478]   ESR = 0x96000004
[  194.276189]   EC = 0x25: DABT (current EL), IL = 32 bits
[  194.284694]   SET = 0, FnV = 0
[  194.285347]   EA = 0, S1PTW = 0
[  194.286084] Data abort info:
[  194.286684]   ISV = 0, ISS = 0x00000004
[  194.289264]   CM = 0, WnR = 0
[  194.291113] [fffc0001e58e8074] address between user and kernel address ranges
[  194.298929] Internal error: Oops: 96000004 [#1] PREEMPT SMP
[  194.303842] Modules linked in:
[  194.321046] CPU: 7 PID: 498 Comm: python3 Not tainted 5.4.18 #2
[  194.322338] Hardware name: linux,dummy-virt (DT)
[  194.325273] pstate: 80000005 (Nzcv daif -PAN -UAO)
[  194.331559] pc : udp_sendmsg+0x538/0x860
[  194.331791] lr : udp_sendmsg+0x520/0x860
[  194.331999] sp : ffff800011d9bb60
[  194.332232] x29: ffff800011d9bb70 x28: 0000000000000012 
[  194.332596] x27: ffff800011d9bd80 x26: 0000000000000011 
[  194.332868] x25: 0000000000000012 x24: ffff000079623a88 
[  194.333194] x23: 000000006401a8c0 x22: 0000000000000000 
[  194.333404] x21: ffff000075c77000 x20: ffff800010b762e8 
[  194.333627] x19: ffff000079623740 x18: 0000000000000000 
[  194.334096] x17: 0000000000000000 x16: 0000000000000000 
[  194.334567] x15: 0000000000000001 x14: 0000000000000000 
[  194.335319] x13: 0000000000000006 x12: 00000000c0a80164 
[  194.338336] x11: 0000000000000000 x10: 0000000000000068 
[  194.339967] x9 : 0000000000000000 x8 : ffff800011963ac0 
[  194.341087] x7 : fffc0001e58e8000 x6 : 0000000000000001 
[  194.341857] x5 : 0000000000000000 x4 : 0000000000000000 
[  194.342653] x3 : 0000000000000000 x2 : 0000000000000002 
[  194.344137] x1 : 0000000000000000 x0 : fffc0001e58e8000 
[  194.349504] Call trace:
[  194.350674]  udp_sendmsg+0x538/0x860
[  194.353125]  inet_sendmsg+0x40/0x68
[  194.353662]  __sys_sendto+0xd4/0x150
[  194.354232]  __arm64_sys_sendto+0x24/0x30
[  194.354811]  el0_svc_common.constprop.0+0x68/0x160
[  194.356401]  el0_svc_handler+0x20/0x80
[  194.356579]  el0_svc+0x8/0xc
[  194.360214] Code: b9409be4 b140041f a9488fe8 54001388 (b9407401) 
[  194.365639] ---[ end trace 8805e58fa1f168e5 ]---
