[  192.810086] Kernel panic - not syncing: stack-protector: Kernel stack is corrupted in: udp_sendmsg+0x858/0x860
[  192.826049] CPU: 4 PID: 497 Comm: python3 Not tainted 5.4.18 #2
[  192.827400] Hardware name: linux,dummy-virt (DT)
[  192.829596] Call trace:
[  192.830703]  dump_backtrace+0x0/0x140
[  192.832705]  show_stack+0x14/0x20
[  192.835538]  dump_stack+0xb4/0xf8
[  192.836770]  panic+0x158/0x324
[  192.838315]  __stack_chk_fail+0x1c/0x20
[  192.838985]  udp_sendmsg+0x858/0x860
[  192.839646]  inet_sendmsg+0x40/0x68
[  192.840277]  __sys_sendto+0xd4/0x150
[  192.840904]  __arm64_sys_sendto+0x24/0x30
[  192.841654]  el0_svc_common.constprop.0+0x68/0x160
[  192.842389]  el0_svc_handler+0x20/0x80
[  192.842999]  el0_svc+0x8/0xc
[  192.849347] SMP: stopping secondary CPUs
[  192.854731] Kernel Offset: disabled
[  192.856130] CPU features: 0x0002,20006000
[  192.857104] Memory Limit: none
[  192.862118] ---[ end Kernel panic - not syncing: stack-protector: Kernel stack is corrupted in: udp_sendmsg+0x858/0x860 ]---
