[  193.220500] Unable to handle kernel NULL pointer dereference at virtual address 0000000000000074
[  193.228111] Mem abort info:
[  193.234715]   ESR = 0x96000006
[  193.236928]   EC = 0x25: DABT (current EL), IL = 32 bits
[  193.239526]   SET = 0, FnV = 0
[  193.243448]   EA = 0, S1PTW = 0
[  193.244354] Data abort info:
[  193.247060]   ISV = 0, ISS = 0x00000006
[  193.251608]   CM = 0, WnR = 0
[  193.252040] user pgtable: 4k pages, 48-bit VAs, pgdp=00000000bb248000
[  193.252252] [0000000000000074] pgd=00000000b9bdb003, pud=00000000b94f7003, pmd=0000000000000000
[  193.260570] Internal error: Oops: 96000006 [#1] PREEMPT SMP
[  193.261099] Modules linked in:
[  193.263473] CPU: 3 PID: 496 Comm: python3 Not tainted 5.4.18 #2
[  193.264209] Hardware name: linux,dummy-virt (DT)
[  193.267421] pstate: 00000005 (nzcv daif -PAN -UAO)
[  193.267656] pc : udp_sendmsg+0x538/0x860
[  193.267805] lr : udp_sendmsg+0x520/0x860
[  193.267959] sp : ffff800011f2bb60
[  193.268094] x29: ffff800011f2bb70 x28: 0000000000000012 
[  193.268337] x27: ffff800011f2bd80 x26: 0000000000000011 
[  193.268567] x25: 0000000000000012 x24: ffff00007b22cb88 
[  193.271133] x23: 000000006401a8c0 x22: 0000000000000000 
[  193.278183] x21: ffff00007a968000 x20: ffff800010b762e8 
[  193.280111] x19: ffff00007b22c840 x18: 0000000000000000 
[  193.281693] x17: 0000000000000000 x16: 0000000000000000 
[  193.283663] x15: 0000000000000001 x14: 0000000000000000 
[  193.285860] x13: 0000000000000006 x12: 00000000c0a80164 
[  193.292167] x11: 0000000000000000 x10: 0000000000000068 
[  193.294988] x9 : 0000000000000000 x8 : ffff800011963ac0 
[  193.295642] x7 : 0000000000000000 x6 : 0000000000000001 
[  193.297058] x5 : 0000000000000000 x4 : 0000000000000000 
[  193.297609] x3 : 0000000000000000 x2 : ffff000070b300c0 
[  193.303336] x1 : 0000000000000000 x0 : 0000000000000000 
[  193.309490] Call trace:
[  193.310753]  udp_sendmsg+0x538/0x860
[  193.311681]  inet_sendmsg+0x40/0x68
[  193.312235]  __sys_sendto+0xd4/0x150
[  193.313946]  __arm64_sys_sendto+0x24/0x30
[  193.315979]  el0_svc_common.constprop.0+0x68/0x160
[  193.317175]  el0_svc_handler+0x20/0x80
[  193.319310]  el0_svc+0x8/0xc
[  193.321945] Code: b9409be4 b140041f a9488fe8 54001388 (b9407401) 
[  193.328056] ---[ end trace ec5d46d8f1ec3a3b ]---
