[  194.668681] Unable to handle kernel NULL pointer dereference at virtual address 0000000000000003
[  194.681047] Mem abort info:
[  194.687679]   ESR = 0x96000006
[  194.692852]   EC = 0x25: DABT (current EL), IL = 32 bits
[  194.696435]   SET = 0, FnV = 0
[  194.703956]   EA = 0, S1PTW = 0
[  194.716314] Data abort info:
[  194.735044]   ISV = 0, ISS = 0x00000006
[  194.736153]   CM = 0, WnR = 0
[  194.738250] user pgtable: 4k pages, 48-bit VAs, pgdp=00000000b97f7000
[  194.742628] [0000000000000003] pgd=00000000b230a003, pud=00000000b3520003, pmd=0000000000000000
[  194.751127] Internal error: Oops: 96000006 [#1] PREEMPT SMP
[  194.756165] Modules linked in:
[  194.759805] CPU: 3 PID: 495 Comm: python3 Not tainted 5.4.18 #2
[  194.760831] Hardware name: linux,dummy-virt (DT)
[  194.764352] pstate: 60000005 (nZCv daif -PAN -UAO)
[  194.772059] pc : ipv4_update_pmtu+0x54/0xf8
[  194.772879] lr : ipv4_update_pmtu+0x44/0xf8
[  194.775379] sp : ffff800011f23ae0
[  194.775825] x29: f9423a81f94037e0 x28: 0000000000000012 
[  194.776342] x27: ffff800011f23d80 x26: 0000000000000011 
[  194.776678] x25: 0000000000000012 x24: ffff00007b323a88 
[  194.778417] x23: 000000006401a8c0 x22: 0000000000000000 
[  194.779267] x21: ffff00007b313800 x20: ffff800010b762e8 
[  194.779775] x19: ffff00007b323740 x18: 0000000000000000 
[  194.780961] x17: 0000000000000000 x16: 0000000000000000 
[  194.782642] x15: 0000000000000001 x14: 0000000000000000 
[  194.788056] x13: 0000000000000006 x12: 00000000c0a80164 
[  194.792617] x11: 0000000000000000 x10: 0000000000000068 
[  194.795869] x9 : 0000000000000000 x8 : 0000000000000080 
[  194.808808] x7 : ffff800010eca190 x6 : 0000000000000001 
[  194.809732] x5 : 0000000000000000 x4 : 0000000000000001 
[  194.817263] x3 : ffff00007a9621c0 x2 : 0000000000000002 
[  194.817888] x1 : 0000000000000000 x0 : 0000000000000000 
[  194.829232] Call trace:
[  194.831523]  ipv4_update_pmtu+0x54/0xf8
[  194.839553] Code: 34000041 b9409c18 f9402a60 52800001 (39400455) 
[  194.845772] ---[ end trace 15ea934da12c0e61 ]---
