[  193.742186] kernel BUG at arch/arm64/kernel/traps.c:405!
[  193.751446] Internal error: Oops - BUG: 0 [#1] PREEMPT SMP
[  193.752753] Modules linked in:
[  193.759213] CPU: 2 PID: 494 Comm: python3 Not tainted 5.4.18 #2
[  193.761159] Hardware name: linux,dummy-virt (DT)
[  193.764956] pstate: 00000005 (nzcv daif -PAN -UAO)
[  193.774711] pc : do_undefinstr+0x2ec/0x310
[  193.775679] lr : do_undefinstr+0x1e0/0x310
[  193.776485] sp : ffff800011e5b940
[  193.777158] x29: ffff800011e5b940 x28: ffff00007822e200 
[  193.778378] x27: ffff800011e5bd80 x26: 0000000000000011 
[  193.779274] x25: 0000000000000012 x24: 0000000000000000 
[  193.780424] x23: 0000000060000005 x22: ffff800010b70108 
[  193.781252] x21: ffff800011e5bae0 x20: ffff00007822e200 
[  193.782450] x19: ffff800011e5b9a0 x18: 0000000000000000 
[  193.783272] x17: 0000000000000000 x16: 0000000000000000 
[  193.784145] x15: 0000000000000001 x14: 0000000000000000 
[  193.784960] x13: 0000000000000006 x12: 00000000c0a80164 
[  193.785818] x11: 0000000000000000 x10: 0000000000000068 
[  193.786629] x9 : 0000000000000000 x8 : 0000000000000080 
[  193.787433] x7 : ffff800010eca190 x6 : ffff800011e5b998 
[  193.788454] x5 : 00000000d5300000 x4 : ffff8000117c51f0 
[  193.789747] x3 : 00000000ae100000 x2 : 0000000000000000 
[  193.791568] x1 : ffff00007822e200 x0 : 0000000060000005 
[  193.795652] Call trace:
[  193.796995]  do_undefinstr+0x2ec/0x310
[  193.799505]  el1_undef+0x10/0x84
[  193.800973]  ip_route_output_key_hash+0x90/0xa8
[  193.801894]  ip_route_output_flow+0x10/0x18
[  193.802636]  udp_sendmsg+0x520/0x860
[  193.803259]  inet_sendmsg+0x40/0x68
[  193.803855]  __sys_sendto+0xd4/0x150
[  193.804559]  __arm64_sys_sendto+0x24/0x30
[  193.805960]  el0_svc_common.constprop.0+0x68/0x160
[  193.806709]  el0_svc_handler+0x20/0x80
[  193.807408]  el0_svc+0x8/0xc
[  193.809425] Code: f9401bf7 17ffff7c a9025bf5 f9001bf7 (d4210000) 
[  193.813400] ---[ end trace 705081861882061d ]---
[  193.815232] note: python3[494] exited with preempt_count 1
[  193.945561] ------------[ cut here ]------------
[  193.947900] WARNING: CPU: 2 PID: 0 at kernel/rcu/tree.c:569 rcu_idle_enter+0x74/0x80
[  193.950283] Modules linked in:
[  193.952063] CPU: 2 PID: 0 Comm: swapper/2 Tainted: G      D           5.4.18 #2
[  193.955255] Hardware name: linux,dummy-virt (DT)
[  193.957427] pstate: 200003c5 (nzCv DAIF -PAN -UAO)
[  193.958290] pc : rcu_idle_enter+0x74/0x80
[  193.960985] lr : do_idle+0x200/0x288
[  193.962750] sp : ffff800011a53f20
[  193.966360] x29: ffff800011a53f20 x28: 0000000000000000 
[  193.966836] x27: 0000000000000000 x26: 0000000000000000 
[  193.970180] x25: 0000000000000000 x24: ffff8000117ba214 
[  193.973118] x23: ffff00007b0c2a00 x22: ffff800011404ab8 
[  193.978425] x21: ffff8000117ba1f0 x20: 0000000000000002 
[  193.983160] x19: ffff8000117ba118 x18: 0000000000000010 
[  193.983941] x17: 0000000000000000 x16: 0000000000000000 
[  193.984670] x15: 0000000000000000 x14: 0000000000000000 
[  193.984966] x13: 0000000000000003 x12: 0000000000000000 
[  193.985339] x11: 0000000000000000 x10: 00000000000009c0 
[  193.986166] x9 : 0000ad4ccd68b874 x8 : 000000000000ad4c 
[  193.986965] x7 : 000000000000b9e2 x6 : 00000302b713d0e0 
[  193.988709] x5 : 00ffffffffffffff x4 : ffff80006c76d000 
[  193.989408] x3 : 4000000000000002 x2 : 4000000000000000 
[  193.990662] x1 : ffff800011406980 x0 : ffff00007db73980 
[  193.993325] Call trace:
[  193.994176]  rcu_idle_enter+0x74/0x80
[  193.996369]  do_idle+0x200/0x288
[  193.997873]  cpu_startup_entry+0x20/0x40
[  194.000295]  secondary_start_kernel+0x154/0x190
[  194.002457] ---[ end trace 705081861882061e ]---
