[  194.223236] Kernel panic - not syncing: stack-protector: Kernel stack is corrupted in: ip_route_output_key_hash+0xa8/0xa8
[  194.226202] CPU: 6 PID: 493 Comm: python3 Not tainted 5.4.18 #2
[  194.226721] Hardware name: linux,dummy-virt (DT)
[  194.227621] Call trace:
[  194.228357]  dump_backtrace+0x0/0x140
[  194.228890]  show_stack+0x14/0x20
[  194.229733]  dump_stack+0xb4/0xf8
[  194.230189]  panic+0x158/0x324
[  194.231293]  __stack_chk_fail+0x1c/0x20
[  194.231933]  ipv4_update_pmtu+0x0/0xf8
[  194.233094]  ip_route_output_flow+0x10/0x18
[  194.235265]  udp_sendmsg+0x520/0x860
[  194.236783]  inet_sendmsg+0x40/0x68
[  194.237398]  __sys_sendto+0xd4/0x150
[  194.238127]  __arm64_sys_sendto+0x24/0x30
[  194.238785]  el0_svc_common.constprop.0+0x68/0x160
[  194.239489]  el0_svc_handler+0x20/0x80
[  194.240169]  el0_svc+0x8/0xc
[  194.245278] SMP: stopping secondary CPUs
[  194.248254] Kernel Offset: disabled
[  194.249688] CPU features: 0x0002,20006000
[  194.250650] Memory Limit: none
[  194.255508] ---[ end Kernel panic - not syncing: stack-protector: Kernel stack is corrupted in: ip_route_output_key_hash+0xa8/0xa8 ]---
