[  197.857069] Unable to handle kernel paging request at virtual address 000000006401a908
[  197.865093] Mem abort info:
[  197.865697]   ESR = 0x96000045
[  197.868382]   EC = 0x25: DABT (current EL), IL = 32 bits
[  197.869121]   SET = 0, FnV = 0
[  197.869410]   EA = 0, S1PTW = 0
[  197.870085] Data abort info:
[  197.870833]   ISV = 0, ISS = 0x00000045
[  197.871157]   CM = 0, WnR = 1
[  197.873469] user pgtable: 4k pages, 48-bit VAs, pgdp=00000000b2b35000
[  197.878367] [000000006401a908] pgd=00000000baa29003, pud=0000000000000000
[  197.889037] Internal error: Oops: 96000045 [#1] PREEMPT SMP
[  197.890194] Modules linked in:
[  197.891822] CPU: 3 PID: 495 Comm: python3 Not tainted 5.4.18 #2
[  197.892840] Hardware name: linux,dummy-virt (DT)
[  197.896818] pstate: 40000005 (nZcv daif -PAN -UAO)
[  197.907300] pc : ip_route_output_key_hash+0x54/0xa8
[  197.909063] lr : ip_route_output_flow+0x10/0x18
[  197.910831] sp : ffff800011fabae0
[  197.911706] x29: ffff800011fabae0 x28: 0000000000000012 
[  197.914909] x27: ffff800011fabd80 x26: 0000000000000011 
[  197.916648] x25: 0000000000000012 x24: ffff00007b30fe88 
[  197.918449] x23: 000000006401a8c0 x22: 0000000000000000 
[  197.919083] x21: ffff800011963ac0 x20: ffff00007a95f000 
[  197.919945] x19: ffff800011fabc30 x18: 0000000000000000 
[  197.921636] x17: 0000000000000000 x16: 0000000000000000 
[  197.921956] x15: 0000000000000000 x14: 0000000000000000 
[  197.922935] x13: 0000000000000000 x12: 0000000000000000 
[  197.923381] x11: 0000000000000000 x10: 000000000000f598 
[  197.923893] x9 : 000000006401a8c0 x8 : ffff800011963ac0 
[  197.924258] x7 : 00000000000003e8 x6 : ffff800011fabde8 
[  197.925057] x5 : ffff800011fabde8 x4 : 0000000000000001 
[  197.925415] x3 : 00000000000000fd x2 : 0000000000000000 
[  197.925728] x1 : 0000000000000000 x0 : 0000000000000000 
[  197.926961] Call trace:
[  197.927664]  ip_route_output_key_hash+0x54/0xa8
[  197.928076]  ip_route_output_flow+0x10/0x18
[  197.929308]  udp_sendmsg+0x520/0x860
[  197.929729]  inet_sendmsg+0x40/0x68
[  197.930299]  __sys_sendto+0xd4/0x150
[  197.931929]  __arm64_sys_sendto+0x24/0x30
[  197.932471]  el0_svc_common.constprop.0+0x68/0x160
[  197.935948]  el0_svc_handler+0x20/0x80
[  197.937131]  el0_svc+0x8/0xc
[  197.942274] Code: 1a830000 121e0821 39003261 39003660 (a904feff) 
[  197.960299] ---[ end trace 44a6084fbb36043d ]---
