[  193.052370] kernel BUG at arch/arm64/kernel/traps.c:405!
[  193.063910] Internal error: Oops - BUG: 0 [#1] PREEMPT SMP
[  193.067832] Modules linked in:
[  193.075827] CPU: 3 PID: 494 Comm: python3 Not tainted 5.4.18 #2
[  193.076895] Hardware name: linux,dummy-virt (DT)
[  193.079171] pstate: 00000005 (nzcv daif -PAN -UAO)
[  193.085406] pc : do_undefinstr+0x2ec/0x310
[  193.086712] lr : do_undefinstr+0x1e0/0x310
[  193.088277] sp : ffff800011ffb940
[  193.089187] x29: ffff800011ffb940 x28: ffff00007aba7000 
[  193.092443] x27: ffff800011ffbd80 x26: 0000000000000011 
[  193.093471] x25: 0000000000000012 x24: 0000000000000000 
[  193.094460] x23: 0000000060000005 x22: ffff800010b700fc 
[  193.096547] x21: ffff800011ffbae0 x20: ffff00007aba7000 
[  193.097572] x19: ffff800011ffb9a0 x18: 0000000000000000 
[  193.098397] x17: 0000000000000000 x16: 0000000000000000 
[  193.099262] x15: 0000000000000001 x14: 0000000000000000 
[  193.100074] x13: 0000000000000006 x12: 00000000c0a80164 
[  193.100955] x11: 0000000000000000 x10: 0000000000000068 
[  193.101879] x9 : 0000000000000000 x8 : 0000000000000080 
[  193.102890] x7 : ffff800010eca190 x6 : ffff800011ffb998 
[  193.103720] x5 : 00000000d5300000 x4 : ffff8000117c51f0 
[  193.104594] x3 : 00000000ef000000 x2 : 0000000000000000 
[  193.105352] x1 : ffff00007aba7000 x0 : 0000000060000005 
[  193.107048] Call trace:
[  193.107867]  do_undefinstr+0x2ec/0x310
[  193.108547]  el1_undef+0x10/0x84
[  193.109089]  ip_route_output_key_hash+0x84/0xa8
[  193.109727]  ip_route_output_flow+0x10/0x18
[  193.110381]  udp_sendmsg+0x520/0x860
[  193.110933]  inet_sendmsg+0x40/0x68
[  193.111470]  __sys_sendto+0xd4/0x150
[  193.112135]  __arm64_sys_sendto+0x24/0x30
[  193.112761]  el0_svc_common.constprop.0+0x68/0x160
[  193.113428]  el0_svc_handler+0x20/0x80
[  193.114036]  el0_svc+0x8/0xc
[  193.115776] Code: f9401bf7 17ffff7c a9025bf5 f9001bf7 (d4210000) 
[  193.120779] ---[ end trace 60987e0b892ee47b ]---
[  193.122737] note: python3[494] exited with preempt_count 1
[  193.226667] ------------[ cut here ]------------
[  193.233567] WARNING: CPU: 3 PID: 0 at kernel/rcu/tree.c:569 rcu_idle_enter+0x74/0x80
[  193.241353] Modules linked in:
[  193.249296] CPU: 3 PID: 0 Comm: swapper/3 Tainted: G      D           5.4.18 #2
[  193.258597] Hardware name: linux,dummy-virt (DT)
[  193.260929] pstate: 200003c5 (nzCv DAIF -PAN -UAO)
[  193.265281] pc : rcu_idle_enter+0x74/0x80
[  193.273120] lr : do_idle+0x200/0x288
[  193.273572] sp : ffff800011a5bf20
[  193.273874] x29: ffff800011a5bf20 x28: 0000000000000000 
[  193.275506] x27: 0000000000000000 x26: 0000000000000000 
[  193.278534] x25: 0000000000000000 x24: ffff8000117ba214 
[  193.280989] x23: ffff00007b0c3800 x22: ffff800011404ab8 
[  193.283627] x21: ffff8000117ba1f0 x20: 0000000000000003 
[  193.285594] x19: ffff8000117ba118 x18: 0000000000000010 
[  193.286385] x17: 0000000000000000 x16: 0000000000000000 
[  193.289342] x15: 0000000000000020 x14: 0000000000000000 
[  193.292948] x13: 0000000000000003 x12: 0000000000000020 
[  193.294289] x11: 0000000000000002 x10: 00000000000009c0 
[  193.297885] x9 : 0000a6c679cc00ca x8 : 000000000000a6c6 
[  193.301834] x7 : 000000000000ba3a x6 : 0000028bb69ae930 
[  193.306390] x5 : 00ffffffffffffff x4 : ffff80006c783000 
[  193.308635] x3 : 4000000000000002 x2 : 4000000000000000 
[  193.310582] x1 : ffff800011406980 x0 : ffff00007db89980 
[  193.311013] Call trace:
[  193.311296]  rcu_idle_enter+0x74/0x80
[  193.313443]  do_idle+0x200/0x288
[  193.322538]  cpu_startup_entry+0x24/0x40
[  193.324219]  secondary_start_kernel+0x154/0x190
[  193.330870] ---[ end trace 60987e0b892ee47c ]---
