[Errno 22] Invalid argument[Errno 22] Invalid argument[Errno 101] Network is unreachable[Errno 101] Network is unreachable[Errno 101] Network is unreachable[Errno 101] Network is unreachable[Errno 101] Network is unreachable[Errno 101] Network is unreachable[Errno 101] Network is unreachable[Errno 101] Network is unreachable[Errno 101] Network is unreachable[Errno 101] Network is unreachable[Errno 101] Network is unreachable[Errno 101] Network is unreachable[Errno 101] Network is unreachable[Errno 101] Network is unreachable[Errno 101] Network is unreachable[Errno 101] Network is unreachable[Errno 101] Network is unreachable[Errno 101] Network is unreachable[Errno 101] Network is unreachable[  195.978576] Unable to handle kernel paging request at virtual address 0000000000265a08
[Errn[  195.989618] Mem o 101] aborNettwo info:
rk is unreachable[  195.995581]   ESR = 0x96000004
[  196.009139]   EC = 0x25: DABT (current EL), IL = 32 bits
[  196.015029]   SET = 0, FnV = 0
[  196.018054]   EA = 0, S1PTW = 0
[  196.027690] Data abort info:
[  196.038869]   ISV = 0, ISS = 0x00000004
[  196.061522]   CM = 0, WnR = 0
[Errno 101] Network is unreachable[  196.089787] user pgtable: 4k pages, 48-bit VAs, pgdp=00000000b5ceb000
[  196.113196] [0000000000265a08] pgd=0000000000000000
[  196.118262] Internal error: Oops: 96000004 [#1] PREEMPT SMP
[  196.119251] Modules linked in:
[  196.123022] CPU: 6 PID: 228 Comm: kworker/u16:2 Tainted: G        W         5.4.18 #2
[  196.127841] Hardware name: linux,dummy-virt (DT)
[  196.133947] Workqueue: netns cleanup_net
[  196.134570] pstate: a0000005 (NzCv daif -PAN -UAO)
[  196.143534] pc : kfree+0x34/0x290
[Errno 101] Network is unreachable[  196.149196] lr : ipv4_sysctl_exit_net+0x2c/0x38
[  196.151444] sp : ffff800011d23ca0
[  196.153326] x29: ffff800011d23ca0 x28: ffff8000117b7000 
[  196.155191] x27: 0000000000000000 x26: ffff800011c73ce8 
[  196.157492] x25: 0000000000000000 x24: ffff800011963a58 
[  196.159863] x23: ffff0000795f6200 x22: ffff800011968dc8 
[  196.166069] x21: ffff800011968e28 x20: ffff800011d23da8 
[Errno 101] Network is unrea[  chable196.175430] x19: 0000000000265a00 x18: 0000000000000000 
[  196.189304] x17: 0000000000000000 x16: 0000000000000000 
[  196.190782] x15: 0000000000000065 x14: 0000000000000000 
[  196.191435] x13: ffffffff00000000 x12: ffffffffffffffff 
[  196.199829] x11: 0000000000000020 x10: 7f7f7f7f7f7f7f7f 
[Errno 101[  196.2057] Network i6s unrea8]chabl x9 : fefefefefefeefeff x8 : ffff00007a7778d0 
[  196.210144] x7 : 0000000000000000 x6 : ffff00007a62aaf0 
[  196.220976] x5 : 0000000000000000 x4 : ffff00007a7778f0 
[  196.224906] x3 : 0000000000000004 x2 : 0000000000000000 
[  196.230444] x1 : ffff0000795f6200 x0 : fffffdffffe00000 
[  196.241296] Call trace:
[  196.243472]  kfree+0x34/0x290
[  196.245930]  ipv4_sysctl_exit_net+0x2c/0x38
[  196.257436]  ops_exit_list.isra.0+0x44/0x78
[  1[Errno96.2 1601024]5 N] etw cleanup_net+0x208/0orkx3 is unreachable48
[  196.266567]  process_one_work+0x1b4/0x328
[  196.269689]  worker_thread+0x48/0x420
[  196.282140]  kthread+0xf0/0x120
[  196.289417]  ret_from_fork+0x10/0x18
[  196.292668] Code: d34cfe73 b26babe0 f2dfbfe0 8b131813 (f9400660) 
[  196.319689] ---[ end trace 29485244893253e1 ]---
[Errno 101] Network is unreachable[Errno 101] Network is unreachable[Errno 101] Network is unreachable[Errno 101] Network is unreachable[Errno 101] Network is unreachable