[  193.576837] Unable to handle kernel NULL pointer dereference at virtual address 0000000000000004
[  193.583885] Mem abort info:
[  193.584485]   ESR = 0x96000046
[  193.585201]   EC = 0x25: DABT (current EL), IL = 32 bits
[  193.589102]   SET = 0, FnV = 0
[  193.592051]   EA = 0, S1PTW = 0
[  193.592764] Data abort info:
[  193.595033]   ISV = 0, ISS = 0x00000046
[  193.595995]   CM = 0, WnR = 1
[  193.602537] user pgtable: 4k pages, 48-bit VAs, pgdp=00000000b19a6000
[  193.612873] [0000000000000004] pgd=00000000ba872003, pud=00000000b3ec5003, pmd=0000000000000000
[  193.633587] Internal error: Oops: 96000046 [#1] PREEMPT SMP
[  193.636660] Modules linked in:
[  193.646357] CPU: 3 PID: 497 Comm: python3 Not tainted 5.4.18 #2
[  193.652250] Hardware name: linux,dummy-virt (DT)
[  193.655571] pstate: 40000005 (nZcv daif -PAN -UAO)
[  193.666145] pc : ip_route_output_key_hash+0x34/0xa8
[  193.667094] lr : ip_route_output_flow+0x10/0x18
[  193.667886] sp : ffff800011f9bae0
[  193.668478] x29: ffff800011f9bae0 x28: 0000000000000012 
[  193.670069] x27: ffff800011f9bd80 x26: 0000000000000011 
[  193.670913] x25: 0000000000000012 x24: ffff00007b22e948 
[  193.672647] x23: 000000006401a8c0 x22: 0000000000000000 
[  193.673810] x21: ffff800011963ac0 x20: ffff000078093800 
[  193.674642] x19: 0000000000000000 x18: 0000000000000000 
[  193.675417] x17: 0000000000000000 x16: 0000000000000000 
[  193.676219] x15: 0000000000000000 x14: 0000000000000000 
[  193.676990] x13: 0000000000000000 x12: 0000000000000000 
[  193.678644] x11: 0000000000000000 x10: 0000000000000fd1 
[  193.679598] x9 : 000000006401a8c0 x8 : ffff800011963ac0 
[  193.680671] x7 : 00000000000003e8 x6 : ffff800011f9bde8 
[  193.684945] x5 : ffff800011f9bde8 x4 : 0000000000000001 
[  193.686562] x3 : 00000000000000fd x2 : 0000000000000000 
[  193.686895] x1 : 0000000000000000 x0 : ffff800011963ac0 
[  193.687717] Call trace:
[  193.688195]  ip_route_output_key_hash+0x34/0xa8
[  193.690213]  ip_route_output_flow+0x10/0x18
[  193.691047]  udp_sendmsg+0x520/0x860
[  193.691668]  inet_sendmsg+0x40/0x68
[  193.693986]  __sys_sendto+0xd4/0x150
[  193.695947]  __arm64_sys_sendto+0x24/0x30
[  193.696873]  el0_svc_common.constprop.0+0x68/0x160
[  193.698851]  el0_svc_handler+0x20/0x80
[  193.699512]  el0_svc+0x8/0xc
[  193.702680] Code: aa0203f6 f9423a81 f90037e1 d2800001 (b9000664) 
[  193.707497] ---[ end trace 454539eea46c9659 ]---
