[  193.618238] Unable to handle kernel paging request at virtual address ffff800011f1c077
[  193.619809] Mem abort info:
[  193.620560]   ESR = 0x96000007
[  193.620922]   EC = 0x25: DABT (current EL), IL = 32 bits
[  193.622325]   SET = 0, FnV = 0
[  193.622669]   EA = 0, S1PTW = 0
[  193.623333] Data abort info:
[  193.623777]   ISV = 0, ISS = 0x00000007
[  193.627829]   CM = 0, WnR = 0
[  193.631276] swapper pgtable: 4k pages, 48-bit VAs, pgdp=00000000412a6000
[  193.639202] [ffff800011f1c077] pgd=00000000bdfff003, pud=00000000bdffe003, pmd=00000000ba99d003, pte=0000000000000000
[  193.644068] Internal error: Oops: 96000007 [#1] PREEMPT SMP
[  193.645234] Modules linked in:
[  193.650479] CPU: 6 PID: 492 Comm: python3 Not tainted 5.4.18 #2
[  193.652447] Hardware name: linux,dummy-virt (DT)
[  193.653542] pstate: 80000005 (Nzcv daif -PAN -UAO)
[  193.658539] pc : ip_setup_cork+0x60/0x180
[  193.660601] lr : ip_make_skb+0x78/0x140
[  193.662854] sp : ffff800011f1ba90
[  193.663006] x29: ffff800011f1ba90 x28: ffff800011f1bb40 
[  193.663440] x27: 000000000000001a x26: ffff800011f1bd80 
[  193.663775] x25: ffff800010b762e8 x24: ffff800011f1bd80 
[  193.663987] x23: 0000000000000000 x22: ffff00007808f180 
[  193.664220] x21: ffff800011f1bc00 x20: ffff800011f1bc08 
[  193.664589] x19: ffff800011f1bc68 x18: 0000000000000000 
[  193.665238] x17: 0000000000000000 x16: 0000000000000000 
[  193.665733] x15: 0000000000000001 x14: 0000000000000000 
[  193.665941] x13: 0000000000000006 x12: 00000000c0a80164 
[  193.666235] x11: 0000000000000000 x10: 0000000000000068 
[  193.666782] x9 : 0000000000000000 x8 : 0000000000000000 
[  193.669284] x7 : ffff800011f1bc00 x6 : ffff800011f1bc08 
[  193.670685] x5 : 0000000000000008 x4 : 000000000000001a 
[  193.671566] x3 : ffff800011f1bc00 x2 : ffff800011f1bc08 
[  193.674381] x1 : ffff800011f1bc68 x0 : ffff800011f1bd80 
[  193.683809] Call trace:
[  193.685396]  ip_setup_cork+0x60/0x180
[  193.686187]  ip_make_skb+0x78/0x140
[  193.687402]  udp_sendmsg+0x6ec/0x860
[  193.688481]  inet_sendmsg+0x40/0x68
[  193.690527]  __sys_sendto+0xd4/0x150
[  193.697006]  __arm64_sys_sendto+0x24/0x30
[  193.699011]  el0_svc_common.constprop.0+0x68/0x160
[  193.701154]  el0_svc_handler+0x20/0x80
[  193.702192]  el0_svc+0x8/0xc
[  193.705672] Code: 32000021 b9000261 b9401280 b9000660 (394bdf00) 
[  193.715337] ---[ end trace aa05f59fbf5f1e7f ]---
