[  195.574358] Unable to handle kernel NULL pointer dereference at virtual address 0000000000000470
[  195.593106] Mem abort info:
[  195.593443]   ESR = 0x96000006
[  195.593711]   EC = 0x25: DABT (current EL), IL = 32 bits
[  195.593997]   SET = 0, FnV = 0
[  195.594193]   EA = 0, S1PTW = 0
[  195.594408] Data abort info:
[  195.594623]   ISV = 0, ISS = 0x00000006
[  195.594857]   CM = 0, WnR = 0
[  195.595460] user pgtable: 4k pages, 48-bit VAs, pgdp=00000000b717e000
[  195.596237] [0000000000000470] pgd=00000000b23d7003, pud=00000000b8072003, pmd=0000000000000000
[  195.600277] Internal error: Oops: 96000006 [#1] PREEMPT SMP
[  195.603577] Modules linked in:
[  195.605629] CPU: 7 PID: 496 Comm: python3 Not tainted 5.4.18 #2
[  195.606195] Hardware name: linux,dummy-virt (DT)
[  195.607085] pstate: 40000005 (nZcv daif -PAN -UAO)
[  195.611888] pc : ip_route_output_key_hash+0x28/0xa8
[  195.614642] lr : ip_route_output_flow+0x10/0x18
[  195.616126] sp : ffff800011f4bae0
[  195.618420] x29: ffff800011f4bae0 x28: 0000000000000012 
[  195.622666] x27: ffff800011f4bd80 x26: 0000000000000011 
[  195.623891] x25: 0000000000000012 x24: ffff00007b3c4308 
[  195.624110] x23: 000000006401a8c0 x22: 0000000000000000 
[  195.624318] x21: ffff800011963ac0 x20: 0000000000000000 
[  195.624552] x19: ffff800011f4bc30 x18: 0000000000000000 
[  195.626091] x17: 0000000000000000 x16: 0000000000000000 
[  195.628213] x15: 0000000000000000 x14: 0000000000000000 
[  195.629276] x13: 0000000000000000 x12: 0000000000000000 
[  195.630466] x11: 0000000000000000 x10: 000000000000b5a1 
[  195.630794] x9 : 000000006401a8c0 x8 : ffff800011963ac0 
[  195.631133] x7 : 00000000000003e8 x6 : ffff800011f4bde8 
[  195.631531] x5 : ffff800011f4bde8 x4 : 0000000000000001 
[  195.631910] x3 : 00000000000000fd x2 : 0000000000000000 
[  195.633241] x1 : ffff800011f4bc30 x0 : ffff800011963ac0 
[  195.634340] Call trace:
[  195.634768]  ip_route_output_key_hash+0x28/0xa8
[  195.635149]  ip_route_output_flow+0x10/0x18
[  195.635458]  udp_sendmsg+0x520/0x860
[  195.635768]  inet_sendmsg+0x40/0x68
[  195.636045]  __sys_sendto+0xd4/0x150
[  195.636307]  __arm64_sys_sendto+0x24/0x30
[  195.638595]  el0_svc_common.constprop.0+0x68/0x160
[  195.638777]  el0_svc_handler+0x20/0x80
[  195.639268]  el0_svc+0x8/0xc
[  195.640132] Code: d5384114 a9025bf5 aa0003f5 aa0203f4 (f9423a81) 
[  195.641778] ---[ end trace 67114ff2ba665af4 ]---
