[  193.255974] Unable to handle kernel NULL pointer dereference at virtual address 0000000000000020
[  193.262204] Mem abort info:
[  193.263513]   ESR = 0x96000006
[  193.265395]   EC = 0x25: DABT (current EL), IL = 32 bits
[  193.276018]   SET = 0, FnV = 0
[  193.276298]   EA = 0, S1PTW = 0
[  193.277733] Data abort info:
[  193.282541]   ISV = 0, ISS = 0x00000006
[  193.288388]   CM = 0, WnR = 0
[  193.292491] user pgtable: 4k pages, 48-bit VAs, pgdp=00000000b8135000
[  193.295433] [0000000000000020] pgd=00000000b94c3003, pud=00000000b6ce5003, pmd=0000000000000000
[  193.298138] Internal error: Oops: 96000006 [#1] PREEMPT SMP
[  193.298538] Modules linked in:
[  193.299910] CPU: 6 PID: 493 Comm: python3 Not tainted 5.4.18 #2
[  193.300808] Hardware name: linux,dummy-virt (DT)
[  193.301401] pstate: 80000005 (Nzcv daif -PAN -UAO)
[  193.303216] pc : ip_setup_cork+0xf0/0x180
[  193.303478] lr : ip_make_skb+0x78/0x140
[  193.303709] sp : ffff800011f83a90
[  193.303914] x29: ffff800011f83a90 x28: ffff800011f83b40 
[  193.304264] x27: 000000000000001a x26: ffff800011f83d80 
[  193.304574] x25: ffff800010b762e8 x24: ffff00007967aa80 
[  193.304847] x23: 0000000000000000 x22: ffff800011963ac0 
[  193.305324] x21: ffff800011f83c00 x20: ffff800011f83c08 
[  193.307102] x19: ffff800011f83c68 x18: 0000000000000000 
[  193.307977] x17: 0000000000000000 x16: 0000000000000000 
[  193.308750] x15: 0000000000000000 x14: 0000000000000000 
[  193.310283] x13: 0000000000000000 x12: 0000000000000000 
[  193.310987] x11: 0000000000000000 x10: 00000000000073cc 
[  193.311307] x9 : 0000000000000000 x8 : 0000000000000000 
[  193.311614] x7 : ffff800011f83c00 x6 : ffff800011f83c08 
[  193.311908] x5 : 0000000000000008 x4 : 000000000000001a 
[  193.313331] x3 : ffff800011f83c00 x2 : ffff800011f83c08 
[  193.314178] x1 : 0000000000000000 x0 : ffff800011963ac0 
[  193.315247] Call trace:
[  193.315748]  ip_setup_cork+0xf0/0x180
[  193.316467]  ip_make_skb+0x78/0x140
[  193.318762]  udp_sendmsg+0x6ec/0x860
[  193.320259]  inet_sendmsg+0x40/0x68
[  193.320914]  __sys_sendto+0xd4/0x150
[  193.323993]  __arm64_sys_sendto+0x24/0x30
[  193.330356]  el0_svc_common.constprop.0+0x68/0x160
[  193.333543]  el0_svc_handler+0x20/0x80
[  193.334550]  el0_svc+0x8/0xc
[  193.339375] Code: a8c47bfd d65f03c0 f94006c1 aa1603e0 (f9401021) 
[  193.344438] ---[ end trace 58286b6b96a68530 ]---
