[  193.565894] Kernel panic - not syncing: stack-protector: Kernel stack is corrupted in: ip_route_output_key_hash+0xa8/0xa8
[  193.580125] CPU: 5 PID: 492 Comm: python3 Not tainted 5.4.18 #2
[  193.582233] Hardware name: linux,dummy-virt (DT)
[  193.584430] Call trace:
[  193.585383]  dump_backtrace+0x0/0x140
[  193.586164]  show_stack+0x14/0x20
[  193.586774]  dump_stack+0xb4/0xf8
[  193.587350]  panic+0x158/0x324
[  193.587949]  __stack_chk_fail+0x1c/0x20
[  193.588597]  ipv4_update_pmtu+0x0/0xf8
[  193.589806]  ip_route_output_flow+0x10/0x18
[  193.590517]  udp_sendmsg+0x520/0x860
[  193.591176]  inet_sendmsg+0x40/0x68
[  193.591776]  __sys_sendto+0xd4/0x150
[  193.592364]  __arm64_sys_sendto+0x24/0x30
[  193.593091]  el0_svc_common.constprop.0+0x68/0x160
[  193.593787]  el0_svc_handler+0x20/0x80
[  193.594404]  el0_svc+0x8/0xc
[  193.597311] SMP: stopping secondary CPUs
[  193.599051] Kernel Offset: disabled
[  193.600225] CPU features: 0x0002,20006000
[  193.601130] Memory Limit: none
[  193.607366] ---[ end Kernel panic - not syncing: stack-protector: Kernel stack is corrupted in: ip_route_output_key_hash+0xa8/0xa8 ]---
