[  193.664374] kernel BUG at arch/arm64/kernel/traps.c:405!
[  193.666791] Internal error: Oops - BUG: 0 [#1] PREEMPT SMP
[  193.668254] Modules linked in:
[  193.671496] CPU: 1 PID: 500 Comm: python3 Not tainted 5.4.18 #2
[  193.674377] Hardware name: linux,dummy-virt (DT)
[  193.677977] pstate: 00000005 (nzcv daif -PAN -UAO)
[  193.679335] pc : do_undefinstr+0x2ec/0x310
[  193.680102] lr : do_undefinstr+0x1e0/0x310
[  193.680938] sp : ffff800011f73940
[  193.681604] x29: ffff800011f73940 x28: ffff000078356200 
[  193.682830] x27: ffff800011f73d80 x26: 0000000000000011 
[  193.683721] x25: 0000000000000012 x24: 0000000000000000 
[  193.684891] x23: 0000000040000005 x22: ffff800010b700a4 
[  193.686725] x21: ffff800011f73ae0 x20: ffff000078356200 
[  193.687749] x19: ffff800011f739a0 x18: 0000000000000000 
[  193.691347] x17: 0000000000000000 x16: 0000000000000000 
[  193.692777] x15: 0000000000000000 x14: 0000000000000000 
[  193.695342] x13: 0000000000000000 x12: 0000000000000000 
[  193.697532] x11: 0000000000000000 x10: 000000000000f994 
[  193.698465] x9 : 000000006401a8c0 x8 : ffff800011963ac0 
[  193.699278] x7 : 00000000000003e8 x6 : ffff800011f73998 
[  193.700252] x5 : 00000000d5300000 x4 : ffff8000117c51f0 
[  193.701777] x3 : 00000000fb000000 x2 : 0000000000000000 
[  193.702618] x1 : ffff000078356200 x0 : 0000000040000005 
[  193.704402] Call trace:
[  193.705255]  do_undefinstr+0x2ec/0x310
[  193.705969]  el1_undef+0x10/0x84
[  193.706547]  ip_route_output_key_hash+0x2c/0xa8
[  193.707639]  ip_route_output_flow+0x10/0x18
[  193.708315]  udp_sendmsg+0x520/0x860
[  193.708910]  inet_sendmsg+0x40/0x68
[  193.709551]  __sys_sendto+0xd4/0x150
[  193.710140]  __arm64_sys_sendto+0x24/0x30
[  193.710783]  el0_svc_common.constprop.0+0x68/0x160
[  193.711570]  el0_svc_handler+0x20/0x80
[  193.712173]  el0_svc+0x8/0xc
[  193.714170] Code: f9401bf7 17ffff7c a9025bf5 f9001bf7 (d4210000) 
[  193.722052] ---[ end trace b781b6968e1d3361 ]---
[  193.724310] note: python3[500] exited with preempt_count 1
[  193.884433] ------------[ cut here ]------------
[  193.889819] WARNING: CPU: 1 PID: 0 at kernel/rcu/tree.c:569 rcu_idle_enter+0x74/0x80
[  193.890622] Modules linked in:
[  193.891482] CPU: 1 PID: 0 Comm: swapper/1 Tainted: G      D           5.4.18 #2
[  193.901106] Hardware name: linux,dummy-virt (DT)
[  193.903821] pstate: 200003c5 (nzCv DAIF -PAN -UAO)
[  193.907734] pc : rcu_idle_enter+0x74/0x80
[  193.917350] lr : do_idle+0x200/0x288
[  193.918144] sp : ffff800011a4bf20
[  193.920254] x29: ffff800011a4bf20 x28: 0000000000000000 
[  193.920506] x27: 0000000000000000 x26: 0000000000000000 
[  193.922580] x25: 0000000000000000 x24: ffff8000117ba214 
[  193.922980] x23: ffff00007b0c1c00 x22: ffff800011404ab8 
[  193.926555] x21: ffff8000117ba1f0 x20: 0000000000000001 
[  193.929352] x19: ffff8000117ba118 x18: 0000000000000010 
[  193.936754] x17: 0000000000000000 x16: 0000000000000000 
[  193.941239] x15: ffff000078356670 x14: 0000000000000000 
[  193.947255] x13: 0000000000000001 x12: 0000000000000001 
[  193.948170] x11: 0000000000000400 x10: 00000000000009c0 
[  193.954734] x9 : ffff800011a4be90 x8 : ffff00007b0c2620 
[  193.955764] x7 : 0000000000000001 x6 : 00000286bf61268f 
[  193.958652] x5 : 00ffffffffffffff x4 : ffff80006c757000 
[  193.960878] x3 : 4000000000000002 x2 : 4000000000000000 
[  193.969316] x1 : ffff800011406980 x0 : ffff00007db5d980 
[  193.969793] Call trace:
[  193.970043]  rcu_idle_enter+0x74/0x80
[  193.970337]  do_idle+0x200/0x288
[  193.970815]  cpu_startup_entry+0x24/0x40
[  193.971940]  secondary_start_kernel+0x154/0x190
[  193.973698] ---[ end trace b781b6968e1d3362 ]---
