[  193.556723] Unable to handle kernel paging request at virtual address 005f03c0a8c7806d
[  193.560182] Mem abort info:
[  193.560655]   ESR = 0x96000004
[  193.561155]   EC = 0x25: DABT (current EL), IL = 32 bits
[  193.561681]   SET = 0, FnV = 0
[  193.562073]   EA = 0, S1PTW = 0
[  193.563666] Data abort info:
[  193.564111]   ISV = 0, ISS = 0x00000004
[  193.564691]   CM = 0, WnR = 0
[  193.565365] [005f03c0a8c7806d] address between user and kernel address ranges
[  193.568840] Internal error: Oops: 96000004 [#1] PREEMPT SMP
[  193.571013] Modules linked in:
[  193.577499] CPU: 2 PID: 496 Comm: python3 Not tainted 5.4.18 #2
[  193.579670] Hardware name: linux,dummy-virt (DT)
[  193.585575] pstate: 40000005 (nZcv daif -PAN -UAO)
[  193.589106] pc : udp_sendmsg+0x318/0x860
[  193.589558] lr : udp_sendmsg+0x294/0x860
[  193.593276] sp : ffff80001212bb60
[  193.594937] x29: ffff80001212bb70 x28: 000000000000001a 
[  193.595739] x27: ffff80001212bd80 x26: 0000000000000011 
[  193.596216] x25: 0000000000000012 x24: ffff00007b22e508 
[  193.596702] x23: 000000006401a8c0 x22: 0000000000000000 
[  193.597379] x21: d65f03c0a8c7806d x20: 0000000000000000 
[  193.597813] x19: ffff00007b22e1c0 x18: 0000000000000000 
[  193.599495] x17: 0000000000000000 x16: 0000000000000000 
[  193.600005] x15: 0000000000000001 x14: 0000000000000000 
[  193.600358] x13: 0000000000000006 x12: 00000000c0a80164 
[  193.600885] x11: 0000000000000000 x10: 0000000000000068 
[  193.603377] x9 : 0000000000000000 x8 : ffff000076d73600 
[  193.603557] x7 : 0000000000000012 x6 : 000000000000eff6 
[  193.603939] x5 : 0000000000000004 x4 : 0000000000000000 
[  193.604216] x3 : 0000000000000000 x2 : ffff000071688e00 
[  193.604492] x1 : 0000000000000000 x0 : 85eac7c26036f500 
[  193.608306] Call trace:
[  193.608802]  udp_sendmsg+0x318/0x860
[  193.611845]  inet_sendmsg+0x40/0x68
[  193.612943]  __sys_sendto+0xd4/0x150
[  193.616761]  __arm64_sys_sendto+0x24/0x30
[  193.619165]  el0_svc_common.constprop.0+0x68/0x160
[  193.621411]  el0_svc_handler+0x20/0x80
[  193.621752]  el0_svc+0x8/0xc
[  193.629775] Code: 2a1403f9 9402163f 9111c2b5 f940c7e0 (f94002a1) 
[  193.638942] ---[ end trace 7b062b27691f8ce3 ]---
