[  193.105368] Unable to handle kernel NULL pointer dereference at virtual address 0000000000000000
[  193.110576] Mem abort info:
[  193.111036]   ESR = 0x86000006
[  193.112023]   EC = 0x21: IABT (current EL), IL = 32 bits
[  193.112992]   SET = 0, FnV = 0
[  193.113244]   EA = 0, S1PTW = 0
[  193.114902] user pgtable: 4k pages, 48-bit VAs, pgdp=00000000b83d7000
[  193.115343] [0000000000000000] pgd=00000000b978e003, pud=00000000b94b1003, pmd=0000000000000000
[  193.116948] Internal error: Oops: 86000006 [#1] PREEMPT SMP
[  193.119152] Modules linked in:
[  193.131313] CPU: 4 PID: 493 Comm: python3 Not tainted 5.4.18 #2
[  193.132143] Hardware name: linux,dummy-virt (DT)
[  193.132855] pstate: 60000005 (nZCv daif -PAN -UAO)
[  193.135595] pc : 0x0
[  193.138842] lr : 0x0
[  193.140771] sp : ffff800011d63b30
[  193.142841] x29: 0000000000000000 x28: 0000000000000012 
[  193.145957] x27: ffff800011d63d80 x26: 0000000000000011 
[  193.148043] x25: 0000000000000012 x24: ffff00007abc4308 
[  193.150913] x23: 000000006401a8c0 x22: 0000000000000000 
[  193.153844] x21: ffff800011963ac0 x20: ffff00007a40f000 
[  193.155122] x19: ffff800011d63c30 x18: 0000000000000000 
[  193.157509] x17: 0000000000000000 x16: 0000000000000000 
[  193.161392] x15: 0000000000000000 x14: 0000000000000000 
[  193.163078] x13: 0000000000000000 x12: 0000000000000000 
[  193.163961] x11: 0000000000000000 x10: 0000000000005f9d 
[  193.165839] x9 : 000000006401a8c0 x8 : ffff800011963ac0 
[  193.167193] x7 : 00000000000003e8 x6 : ffff800011d63de8 
[  193.167783] x5 : ffff800011d63de8 x4 : 0000000000000001 
[  193.169401] x3 : 0000000000000000 x2 : 0000000000000000 
[  193.172193] x1 : 0000000000000000 x0 : 0000000000000000 
[  193.174906] Call trace:
[  193.177940] Code: bad PC value
[  193.186723] ---[ end trace b98f4b4c1016c625 ]---
