[  199.792712] Unable to handle kernel paging request at virtual address 000100206401a8c0
[  199.796584] Mem abort info:
[  199.797293]   ESR = 0x86000004
[  199.802746]   EC = 0x21: IABT (current EL), IL = 32 bits
[  199.805476]   SET = 0, FnV = 0
[  199.808253]   EA = 0, S1PTW = 0
[  199.811809] [000100206401a8c0] address between user and kernel address ranges
[  199.824345] Internal error: Oops: 86000004 [#1] PREEMPT SMP
[  199.830793] Modules linked in:
[  199.838106] CPU: 4 PID: 494 Comm: python3 Not tainted 5.4.18 #2
[  199.842010] Hardware name: linux,dummy-virt (DT)
[  199.847200] pstate: 20000005 (nzCv daif -PAN -UAO)
[  199.856427] pc : 0x100206401a8c0
[  199.860050] lr : __ip_append_data.isra.0+0x85c/0xc30
[  199.864054] sp : ffff800011f4b9e0
[  199.865278] x29: ffff800011f4b9e0 x28: ffff00007a9df930 
[  199.868290] x27: 000000000000001a x26: 0000000000000000 
[  199.869793] x25: ffff00007b3d2200 x24: ffff00007943f0c0 
[  199.871961] x23: ffff800011f4bd80 x22: 0000000000000000 
[  199.873339] x21: 0000000000000012 x20: 0000000000000000 
[  199.875903] x19: 0000000000000000 x18: 0000000000000000 
[  199.882145] x17: 0000000000000000 x16: 0000000000000000 
[  199.882920] x15: 0000000000000001 x14: 0000000000000000 
[  199.884768] x13: 0000000000000006 x12: 00000000c0a80164 
[  199.885630] x11: 0000000000000000 x10: 0000000000000068 
[  199.890342] x9 : 0000000000000000 x8 : ffff000079be1c00 
[  199.894454] x7 : 0000000000000001 x6 : fd0100206401a8c0 
[  199.895761] x5 : ffff000079be1c00 x4 : 0000000000000000 
[  199.899698] x3 : 0000000000000012 x2 : 0000000000000000 
[  199.912021] x1 : ffff000076df262c x0 : ffff800011f4bd80 
[  199.919715] Call trace:
[  199.925742]  0x100206401a8c0
[  199.928041]  ip_append_data.part.0+0x8c/0xd8
[  199.930715]  ip_append_data+0x1c/0x38
[  199.933740]  udp_sendmsg+0x268/0x860
[  199.942509]  inet_sendmsg+0x40/0x68
[  199.947460]  __sys_sendto+0xd4/0x150
[  199.948308]  __arm64_sys_sendto+0x24/0x30
[  199.948934]  el0_svc_common.constprop.0+0x68/0x160
[  199.950948]  el0_svc_handler+0x20/0x80
[  199.952183]  el0_svc+0x8/0xc
[  199.956888] Code: bad PC value
[  199.963183] ---[ end trace f71e56bef890eae8 ]---
