[  192.904198] Unable to handle kernel NULL pointer dereference at virtual address 0000000000000080
[  192.907648] Mem abort info:
[  192.908786]   ESR = 0x96000006
[  192.911635]   EC = 0x25: DABT (current EL), IL = 32 bits
[  192.917959]   SET = 0, FnV = 0
[  192.918344]   EA = 0, S1PTW = 0
[  192.918688] Data abort info:
[  192.918942]   ISV = 0, ISS = 0x00000006
[  192.922918]   CM = 0, WnR = 0
[  192.926316] user pgtable: 4k pages, 48-bit VAs, pgdp=00000000b9bd0000
[  192.931263] [0000000000000080] pgd=00000000b347d003, pud=00000000b017a003, pmd=0000000000000000
[  192.938220] Internal error: Oops: 96000006 [#1] PREEMPT SMP
[  192.940216] Modules linked in:
[  192.945605] CPU: 6 PID: 494 Comm: python3 Not tainted 5.4.18 #2
[  192.945906] Hardware name: linux,dummy-virt (DT)
[  192.948034] pstate: 60000005 (nZCv daif -PAN -UAO)
[  192.959301] pc : ip_generic_getfrag+0x20/0xf0
[  192.960262] lr : ip_generic_getfrag+0x0/0xf0
[  192.960953] sp : ffff800011f3bb20
[  192.963201] x29: ffff800011f3bb20 x28: 0000000000000012 
[  192.963866] x27: ffff800011f3bd80 x26: 0000000000000011 
[  192.964418] x25: 0000000000000012 x24: ffff00007a89b208 
[  192.966287] x23: 000000006401a8c0 x22: 0000000000000000 
[  192.967205] x21: ffff00007a88c600 x20: 0000000000000000 
[  192.967909] x19: ffff00007a88c600 x18: 0000000000000000 
[  192.969475] x17: 0000000000000000 x16: 0000000000000000 
[  192.970930] x15: 0000000000000001 x14: 0000000000000000 
[  192.973589] x13: 0000000000000006 x12: 00000000c0a80164 
[  192.976920] x11: 0000000000000000 x10: 0000000000000068 
[  192.977885] x9 : 0000000000000000 x8 : 0000000000000080 
[  192.978795] x7 : ffff800010eca190 x6 : 0000000000000001 
[  192.980218] x5 : 0000000000000000 x4 : 0000000000000001 
[  192.981009] x3 : ffff000078302040 x2 : 0000000000000002 
[  192.982135] x1 : 0000000000000000 x0 : ffff000078302000 
[  192.984045] Call trace:
[  192.985560]  ip_generic_getfrag+0x20/0xf0
[  192.988376]  ip_generic_getfrag+0x0/0xf0
[  192.997386] Code: d5384113 f9423a65 f9001fe5 d2800005 (39420286) 
[  193.001144] ---[ end trace a89397d641880f79 ]---
