[  193.157929] Kernel panic - not syncing: stack-protector: Kernel stack is corrupted in: udp_sendmsg+0x858/0x860
[  193.165496] CPU: 1 PID: 493 Comm: python3 Not tainted 5.4.18 #2
[  193.166857] Hardware name: linux,dummy-virt (DT)
[  193.169391] Call trace:
[  193.171825]  dump_backtrace+0x0/0x140
[  193.173050]  show_stack+0x14/0x20
[  193.173850]  dump_stack+0xb4/0xf8
[  193.174528]  panic+0x158/0x324
[  193.175445]  __stack_chk_fail+0x1c/0x20
[  193.176652]  udp_sendmsg+0x858/0x860
[  193.178016]  inet_sendmsg+0x40/0x68
[  193.179370]  __sys_sendto+0xd4/0x150
[  193.181017]  __arm64_sys_sendto+0x24/0x30
[  193.182832]  el0_svc_common.constprop.0+0x68/0x160
[  193.183637]  el0_svc_handler+0x20/0x80
[  193.184397]  el0_svc+0x8/0xc
[  193.189465] SMP: stopping secondary CPUs
[  193.194277] Kernel Offset: disabled
[  193.195155] CPU features: 0x0002,20006000
[  193.195576] Memory Limit: none
[  193.198476] ---[ end Kernel panic - not syncing: stack-protector: Kernel stack is corrupted in: udp_sendmsg+0x858/0x860 ]---
