[  194.013826] kernel BUG at arch/arm64/kernel/traps.c:405!
[  194.020148] Internal error: Oops - BUG: 0 [#1] PREEMPT SMP
[  194.022137] Modules linked in:
[  194.032833] CPU: 6 PID: 493 Comm: python3 Not tainted 5.4.18 #2
[  194.036170] Hardware name: linux,dummy-virt (DT)
[  194.040958] pstate: 00000005 (nzcv daif -PAN -UAO)
[  194.047565] pc : do_undefinstr+0x2ec/0x310
[  194.048496] lr : do_undefinstr+0x1e0/0x310
[  194.049363] sp : ffff800011e43940
[  194.050089] x29: ffff800011e43940 x28: ffff0000782d5400 
[  194.052204] x27: ffff800011e43d80 x26: 0000000000000011 
[  194.053341] x25: 0000000000000012 x24: 0000000000000000 
[  194.054753] x23: 0000000040000005 x22: ffff800010b700e0 
[  194.056971] x21: ffff800011e43ae0 x20: ffff0000782d5400 
[  194.058312] x19: ffff800011e439a0 x18: 0000000000000000 
[  194.059472] x17: 0000000000000000 x16: 0000000000000000 
[  194.060874] x15: 0000000000000000 x14: 0000000000000000 
[  194.062159] x13: 0000000000000000 x12: 0000000000000000 
[  194.065929] x11: 0000000000000000 x10: 00000000000027d1 
[  194.068750] x9 : 000000006401a8c0 x8 : ffff800011963ac0 
[  194.069797] x7 : 00000000000003e8 x6 : ffff800011e43998 
[  194.071188] x5 : 00000000d5300000 x4 : ffff8000117c51f0 
[  194.071935] x3 : 0000000081000000 x2 : 0000000000000000 
[  194.072991] x1 : ffff0000782d5400 x0 : 0000000040000005 
[  194.076821] Call trace:
[  194.077914]  do_undefinstr+0x2ec/0x310
[  194.078763]  el1_undef+0x10/0x84
[  194.079553]  ip_route_output_key_hash+0x68/0xa8
[  194.080307]  ip_route_output_flow+0x10/0x18
[  194.081013]  udp_sendmsg+0x520/0x860
[  194.081878]  inet_sendmsg+0x40/0x68
[  194.082515]  __sys_sendto+0xd4/0x150
[  194.083138]  __arm64_sys_sendto+0x24/0x30
[  194.083913]  el0_svc_common.constprop.0+0x68/0x160
[  194.085548]  el0_svc_handler+0x20/0x80
[  194.087366]  el0_svc+0x8/0xc
[  194.089850] Code: f9401bf7 17ffff7c a9025bf5 f9001bf7 (d4210000) 
[  194.096441] ---[ end trace 01a589d6decdd4ea ]---
[  194.099285] note: python3[493] exited with preempt_count 1
[  194.202155] ------------[ cut here ]------------
[  194.203611] WARNING: CPU: 6 PID: 0 at kernel/rcu/tree.c:569 rcu_idle_enter+0x74/0x80
[  194.209327] Modules linked in:
[  194.213058] CPU: 6 PID: 0 Comm: swapper/6 Tainted: G      D           5.4.18 #2
[  194.213451] Hardware name: linux,dummy-virt (DT)
[  194.214034] pstate: 200003c5 (nzCv DAIF -PAN -UAO)
[  194.214702] pc : rcu_idle_enter+0x74/0x80
[  194.215960] lr : do_idle+0x200/0x288
[  194.216438] sp : ffff800011a73f20
[  194.219020] x29: ffff800011a73f20 x28: 0000000000000000 
[  194.226025] x27: 0000000000000000 x26: 0000000000000000 
[  194.228044] x25: 0000000000000000 x24: ffff8000117ba214 
[  194.228972] x23: ffff00007b0c6200 x22: ffff800011404ab8 
[  194.229336] x21: ffff8000117ba1f0 x20: 0000000000000006 
[  194.230348] x19: ffff8000117ba118 x18: 0000000000000010 
[  194.231066] x17: 0000000000000000 x16: 0000000000000000 
[  194.232494] x15: 00000000000000ad x14: 0000000000000000 
[  194.235500] x13: 0000000000000002 x12: 00000000000000ad 
[  194.235792] x11: 0000000000000001 x10: 00000000000009c0 
[  194.239280] x9 : ffff800011a73e90 x8 : ffff00007b0c6c20 
[  194.241712] x7 : 000000000000031d x6 : 00000040824b16f7 
[  194.244085] x5 : 00ffffffffffffff x4 : ffff80006c7c5000 
[  194.245095] x3 : 4000000000000002 x2 : 4000000000000000 
[  194.246058] x1 : ffff800011406980 x0 : ffff00007dbcb980 
[  194.247163] Call trace:
[  194.247343]  rcu_idle_enter+0x74/0x80
[  194.249133]  do_idle+0x200/0x288
[  194.250040]  cpu_startup_entry+0x20/0x40
[  194.250900]  secondary_start_kernel+0x154/0x190
[  194.251662] ---[ end trace 01a589d6decdd4eb ]---
