[  207.234923] Unable to handle kernel NULL pointer dereference at virtual address 0000000000000000
[  207.266238] Mem abort info:
[  207.267502]   ESR = 0x86000006
[  207.270089]   EC = 0x21: IABT (current EL), IL = 32 bits
[  207.277060]   SET = 0, FnV = 0
[  207.277466]   EA = 0, S1PTW = 0
[  207.278118] user pgtable: 4k pages, 48-bit VAs, pgdp=00000000b6d9d000
[  207.279009] [0000000000000000] pgd=00000000b958b003, pud=00000000b83ad003, pmd=0000000000000000
[  207.282680] Internal error: Oops: 86000006 [#1] PREEMPT SMP
[  207.285273] Modules linked in:
[  207.295750] CPU: 4 PID: 494 Comm: python3 Not tainted 5.4.18 #2
[  207.298514] Hardware name: linux,dummy-virt (DT)
[  207.305307] pstate: 60000005 (nZCv daif -PAN -UAO)
[  207.316279] pc : 0x0
[  207.320198] lr : 0x0
[  207.321507] sp : ffff800011ef3b60
[  207.321983] x29: ffff800011ef3b70 x28: 0000000000000012 
[  207.322736] x27: ffff800011ef3d80 x26: 0000000000000011 
[  207.324979] x25: 0000000000000012 x24: ffff00007b22dc88 
[  207.325760] x23: 000000006401a8c0 x22: 0000000000000000 
[  207.326635] x21: ffff00007b1db800 x20: ffff800010b762e8 
[  207.327396] x19: ffff00007b22d940 x18: 0000000000000000 
[  207.330472] x17: 0000000000000000 x16: 0000000000000000 
[  207.331372] x15: 0000000000000001 x14: 0000000000000000 
[  207.333549] x13: 0000000000000006 x12: 00000000c0a80164 
[  207.337161] x11: 0000000000000000 x10: 0000000000000068 
[  207.338372] x9 : 0000000000000000 x8 : 0000000000000080 
[  207.341228] x7 : ffff800010eca190 x6 : 0000000000000001 
[  207.341515] x5 : 0000000000000000 x4 : 0000000000000001 
[  207.341828] x3 : ffff000070415100 x2 : 0000000000000002 
[  207.342106] x1 : 0000000000000000 x0 : ffff0000704150c0 
[  207.342761] Call trace:
[  207.347079]  0x0
[  207.353500]  inet_sendmsg+0x40/0x68
[  207.354791]  __sys_sendto+0xd4/0x150
[  207.357831]  __arm64_sys_sendto+0x24/0x30
[  207.359018]  el0_svc_common.constprop.0+0x68/0x160
[  207.363093]  el0_svc_handler+0x20/0x80
[  207.365292]  el0_svc+0x8/0xc
[  207.366875] Code: bad PC value
[  207.371084] ---[ end trace 1c5ccb44beff57b8 ]---
