[  194.243600] Unable to handle kernel NULL pointer dereference at virtual address 0000000000000000
[  194.280806] Mem abort info:
[  194.283063]   ESR = 0x96000006
[  194.286651]   EC = 0x25: DABT (current EL), IL = 32 bits
[  194.289433]   SET = 0, FnV = 0
[  194.290178]   EA = 0, S1PTW = 0
[  194.290815] Data abort info:
[  194.291736]   ISV = 0, ISS = 0x00000006
[  194.294905]   CM = 0, WnR = 0
[  194.297063] user pgtable: 4k pages, 48-bit VAs, pgdp=00000000b94dc000
[  194.300605] [0000000000000000] pgd=00000000b1631003, pud=00000000af535003, pmd=0000000000000000
[  194.307772] Internal error: Oops: 96000006 [#1] PREEMPT SMP
[  194.310115] Modules linked in:
[  194.313782] CPU: 0 PID: 494 Comm: python3 Not tainted 5.4.18 #2
[  194.314595] Hardware name: linux,dummy-virt (DT)
[  194.316181] pstate: 80000005 (Nzcv daif -PAN -UAO)
[  194.320993] pc : fib_table_lookup+0x94/0x390
[  194.321315] lr : ip_route_output_key_hash_rcu+0x2e0/0x668
[  194.321613] sp : ffff800011f23a10
[  194.321875] x29: ffff800011f23a10 x28: 0000000000000012 
[  194.322230] x27: ffff800011f23d80 x26: 0000000000000011 
[  194.322501] x25: 0000000000000000 x24: 0000000000000000 
[  194.322768] x23: 0000000000000000 x22: ffff800011f63ae0 
[  194.323073] x21: ffff000071458000 x20: ffff800011f23b18 
[  194.323502] x19: ffff8000101dba10 x18: 0000000000000000 
[  194.325784] x17: 0000000000000000 x16: 0000000000000000 
[  194.326375] x15: 0000000000000000 x14: 0000000000000000 
[  194.326951] x13: 0000000000000000 x12: 00000000c0a80164 
[  194.327585] x11: 0000000000000001 x10: 0000000000001000 
[  194.329035] x9 : 0000000069147a99 x8 : 00000000ffffffff 
[  194.329637] x7 : 0000000000000000 x6 : 0000000000000000 
[  194.330274] x5 : 000000000d228f54 x4 : 0000000056438403 
[  194.330849] x3 : 0000000000000001 x2 : ffff800011f23b18 
[  194.331825] x1 : ffff800011f23c30 x0 : 0000000000000000 
[  194.332998] Call trace:
[  194.333966]  fib_table_lookup+0x94/0x390
[  194.334419]  ip_route_output_key_hash_rcu+0x2e0/0x668
[  194.335122]  ip_route_output_key_hash+0x74/0xa8
[  194.335276]  ip_route_output_flow+0x10/0x18
[  194.335462]  udp_sendmsg+0x520/0x860
[  194.336249]  inet_sendmsg+0x40/0x68
[  194.336921]  __sys_sendto+0xd4/0x150
[  194.337282]  __arm64_sys_sendto+0x24/0x30
[  194.337817]  el0_svc_common.constprop.0+0x68/0x160
[  194.338224]  el0_svc_handler+0x20/0x80
[  194.338425]  el0_svc+0x8/0xc
[  194.339375] Code: 39401006 b9400007 14000009 f85f8000 (b9400004) 
[  194.341192] ---[ end trace 6fe01ede31b33564 ]---
