[  193.808361] Kernel panic - not syncing: stack-protector: Kernel stack is corrupted in: ip_route_output_key_hash+0xa8/0xa8
[  193.820182] CPU: 3 PID: 495 Comm: python3 Not tainted 5.4.18 #2
[  193.821920] Hardware name: linux,dummy-virt (DT)
[  193.824061] Call trace:
[  193.825041]  dump_backtrace+0x0/0x140
[  193.825772]  show_stack+0x14/0x20
[  193.826358]  dump_stack+0xb4/0xf8
[  193.826989]  panic+0x158/0x324
[  193.827516]  __stack_chk_fail+0x1c/0x20
[  193.828117]  ipv4_update_pmtu+0x0/0xf8
[  193.829611]  ip_route_output_flow+0x10/0x18
[  193.831012]  udp_sendmsg+0x520/0x860
[  193.833236]  inet_sendmsg+0x40/0x68
[  193.834537]  __sys_sendto+0xd4/0x150
[  193.835468]  __arm64_sys_sendto+0x24/0x30
[  193.836247]  el0_svc_common.constprop.0+0x68/0x160
[  193.837012]  el0_svc_handler+0x20/0x80
[  193.837627]  el0_svc+0x8/0xc
[  193.843322] SMP: stopping secondary CPUs
[  193.849719] Kernel Offset: disabled
[  193.850785] CPU features: 0x0002,20006000
[  193.851956] Memory Limit: none
[  193.857369] ---[ end Kernel panic - not syncing: stack-protector: Kernel stack is corrupted in: ip_route_output_key_hash+0xa8/0xa8 ]---
