[  193.106727] Kernel panic - not syncing: stack-protector: Kernel stack is corrupted in: udp_sendmsg+0x858/0x860
[  193.118691] CPU: 7 PID: 493 Comm: python3 Not tainted 5.4.18 #2
[  193.120221] Hardware name: linux,dummy-virt (DT)
[  193.125551] Call trace:
[  193.128173]  dump_backtrace+0x0/0x140
[  193.130889]  show_stack+0x14/0x20
[  193.133143]  dump_stack+0xb4/0xf8
[  193.134037]  panic+0x158/0x324
[  193.134704]  __stack_chk_fail+0x1c/0x20
[  193.135515]  udp_sendmsg+0x858/0x860
[  193.136255]  inet_sendmsg+0x40/0x68
[  193.137647]  __sys_sendto+0xd4/0x150
[  193.138432]  __arm64_sys_sendto+0x24/0x30
[  193.139362]  el0_svc_common.constprop.0+0x68/0x160
[  193.140215]  el0_svc_handler+0x20/0x80
[  193.141014]  el0_svc+0x8/0xc
[  193.146555] SMP: stopping secondary CPUs
[  193.155424] Kernel Offset: disabled
[  193.158633] CPU features: 0x0002,20006000
[  193.160270] Memory Limit: none
[  193.168789] ---[ end Kernel panic - not syncing: stack-protector: Kernel stack is corrupted in: udp_sendmsg+0x858/0x860 ]---
