[  195.822423] kernel BUG at arch/arm64/kernel/traps.c:405!
[  195.826302] Internal error: Oops - BUG: 0 [#1] PREEMPT SMP
[  195.828145] Modules linked in:
[  195.830681] CPU: 6 PID: 494 Comm: python3 Not tainted 5.4.18 #2
[  195.831639] Hardware name: linux,dummy-virt (DT)
[  195.834229] pstate: 00000005 (nzcv daif -PAN -UAO)
[  195.837356] pc : do_undefinstr+0x2ec/0x310
[  195.838114] lr : do_undefinstr+0x1e0/0x310
[  195.838897] sp : ffff800011ea3940
[  195.839525] x29: ffff800011ea3940 x28: ffff00007b367000 
[  195.840631] x27: ffff800011ea3d80 x26: 0000000000000011 
[  195.841455] x25: 0000000000000012 x24: 0000000000000000 
[  195.842272] x23: 0000000040000005 x22: ffff800010b700b4 
[  195.843153] x21: ffff800011ea3ae0 x20: ffff00007b367000 
[  195.843968] x19: ffff800011ea39a0 x18: 0000000000000000 
[  195.844821] x17: 0000000000000000 x16: 0000000000000000 
[  195.845622] x15: 0000000000000000 x14: 0000000000000000 
[  195.846417] x13: 0000000000000000 x12: 0000000000000000 
[  195.847520] x11: 0000000000000000 x10: 00000000000081eb 
[  195.848321] x9 : 000000006401a8c0 x8 : ffff800011963ac0 
[  195.850190] x7 : 00000000000003e8 x6 : ffff800011ea3998 
[  195.850882] x5 : 00000000d5300000 x4 : ffff8000117c51f0 
[  195.851781] x3 : 0000000089000000 x2 : 0000000000000000 
[  195.852839] x1 : ffff00007b367000 x0 : 0000000040000005 
[  195.854360] Call trace:
[  195.855214]  do_undefinstr+0x2ec/0x310
[  195.855934]  el1_undef+0x10/0x84
[  195.856514]  ip_route_output_key_hash+0x3c/0xa8
[  195.857262]  ip_route_output_flow+0x10/0x18
[  195.857892]  udp_sendmsg+0x520/0x860
[  195.858439]  inet_sendmsg+0x40/0x68
[  195.859051]  __sys_sendto+0xd4/0x150
[  195.859594]  __arm64_sys_sendto+0x24/0x30
[  195.860182]  el0_svc_common.constprop.0+0x68/0x160
[  195.860906]  el0_svc_handler+0x20/0x80
[  195.861465]  el0_svc+0x8/0xc
[  195.863233] Code: f9401bf7 17ffff7c a9025bf5 f9001bf7 (d4210000) 
[  195.869065] ---[ end trace 53e0bc3cb31ac425 ]---
[  195.870915] note: python3[494] exited with preempt_count 1
[  196.028813] ------------[ cut here ]------------
[  196.032496] WARNING: CPU: 6 PID: 0 at kernel/rcu/tree.c:569 rcu_idle_enter+0x74/0x80
[  196.034885] Modules linked in:
[  196.039255] CPU: 6 PID: 0 Comm: swapper/6 Tainted: G      D           5.4.18 #2
[  196.046847] Hardware name: linux,dummy-virt (DT)
[  196.047798] pstate: 200003c5 (nzCv DAIF -PAN -UAO)
[  196.048514] pc : rcu_idle_enter+0x74/0x80
[  196.051404] lr : do_idle+0x200/0x288
[  196.056158] sp : ffff800011a73f20
[  196.059982] x29: ffff800011a73f20 x28: 0000000000000000 
[  196.063545] x27: 0000000000000000 x26: 0000000000000000 
[  196.075206] x25: 0000000000000000 x24: ffff8000117ba214 
[  196.077595] x23: ffff00007b0c6200 x22: ffff800011404ab8 
[  196.081051] x21: ffff8000117ba1f0 x20: 0000000000000006 
[  196.083466] x19: ffff8000117ba118 x18: 0000000000000010 
[  196.084472] x17: 0000000000000000 x16: 0000000000000000 
[  196.088196] x15: ffff00007b367470 x14: 0000000000000001 
[  196.088903] x13: 0000000000000001 x12: 0000000000000000 
[  196.089542] x11: 0000000000000400 x10: 00000000000009c0 
[  196.091635] x9 : ffff800011a73e90 x8 : ffff00007b0c6c20 
[  196.093578] x7 : 0000000000000006 x6 : 000002f8f0860983 
[  196.099162] x5 : 00ffffffffffffff x4 : ffff80006c7c5000 
[  196.104391] x3 : 4000000000000002 x2 : 4000000000000000 
[  196.106986] x1 : ffff800011406980 x0 : ffff00007dbcb980 
[  196.112312] Call trace:
[  196.113031]  rcu_idle_enter+0x74/0x80
[  196.115505]  do_idle+0x200/0x288
[  196.116400]  cpu_startup_entry+0x20/0x40
[  196.119618]  secondary_start_kernel+0x154/0x190
[  196.123492] ---[ end trace 53e0bc3cb31ac426 ]---
