[  193.634058] Unable to handle kernel NULL pointer dereference at virtual address 0000000000000470
[  193.644050] Mem abort info:
[  193.644975]   ESR = 0x96000006
[  193.645860]   EC = 0x25: DABT (current EL), IL = 32 bits
[  193.646827]   SET = 0, FnV = 0
[  193.650038]   EA = 0, S1PTW = 0
[  193.651177] Data abort info:
[  193.652037]   ISV = 0, ISS = 0x00000006
[  193.659329]   CM = 0, WnR = 0
[  193.663683] user pgtable: 4k pages, 48-bit VAs, pgdp=00000000aed50000
[  193.671467] [0000000000000470] pgd=00000000b6c25003, pud=00000000b958a003, pmd=0000000000000000
[  193.689416] Internal error: Oops: 96000006 [#1] PREEMPT SMP
[  193.693280] Modules linked in:
[  193.698688] CPU: 1 PID: 493 Comm: python3 Not tainted 5.4.18 #2
[  193.699502] Hardware name: linux,dummy-virt (DT)
[  193.702456] pstate: 40000005 (nZcv daif -PAN -UAO)
[  193.709524] pc : ip_route_output_key_hash+0x28/0xa8
[  193.710708] lr : ip_route_output_flow+0x10/0x18
[  193.711554] sp : ffff800011f0bae0
[  193.712146] x29: ffff800011f0bae0 x28: 0000000000000012 
[  193.713186] x27: ffff800011f0bd80 x26: 0000000000000011 
[  193.713951] x25: 0000000000000012 x24: ffff00007a9ae0c8 
[  193.715859] x23: 000000006401a8c0 x22: 0000000000000000 
[  193.716871] x21: ffff800011963ac0 x20: ffff00007822c600 
[  193.718856] x19: ffff800011f0bc30 x18: 0000000000000000 
[  193.719366] x17: 0000000000000000 x16: 0000000000000000 
[  193.719858] x15: 0000000000000000 x14: 0000000000000000 
[  193.720838] x13: 0000000000000000 x12: 0000000000000000 
[  193.722389] x11: 0000000000000000 x10: 000000000000bb9f 
[  193.723337] x9 : 000000006401a8c0 x8 : ffff800011963ac0 
[  193.724056] x7 : 00000000000003e8 x6 : ffff800011f0bde8 
[  193.724938] x5 : ffff800011f0bde8 x4 : 0000000000000001 
[  193.725560] x3 : 00000000000000fd x2 : 0000000000000000 
[  193.726040] x1 : ffff800011f0bc30 x0 : ffff800011963ac0 
[  193.727707] Call trace:
[  193.728366]  ip_route_output_key_hash+0x28/0xa8
[  193.730586]  ip_route_output_flow+0x10/0x18
[  193.732590]  udp_sendmsg+0x520/0x860
[  193.733390]  inet_sendmsg+0x40/0x68
[  193.736882]  __sys_sendto+0xd4/0x150
[  193.740307]  __arm64_sys_sendto+0x24/0x30
[  193.742744]  el0_svc_common.constprop.0+0x68/0x160
[  193.743681]  el0_svc_handler+0x20/0x80
[  193.745394]  el0_svc+0x8/0xc
[  193.754147] Code: d5384114 a9025bf5 aa0003f5 aa0203f6 (f9423a01) 
[  193.771833] ---[ end trace a54ccfc8d97ca350 ]---
