[  193.271613] Unable to handle kernel paging request at virtual address 0000000011d93c58
[  193.289660] Mem abort info:
[  193.290649]   ESR = 0x96000006
[  193.294451]   EC = 0x25: DABT (current EL), IL = 32 bits
[  193.299992]   SET = 0, FnV = 0
[  193.301775]   EA = 0, S1PTW = 0
[  193.305729] Data abort info:
[  193.307328]   ISV = 0, ISS = 0x00000006
[  193.312221]   CM = 0, WnR = 0
[  193.314320] user pgtable: 4k pages, 48-bit VAs, pgdp=00000000b3dce000
[  193.316459] [0000000011d93c58] pgd=00000000b58aa003, pud=00000000b58b3003, pmd=0000000000000000
[  193.334583] Internal error: Oops: 96000006 [#1] PREEMPT SMP
[  193.339058] Modules linked in:
[  193.350586] CPU: 5 PID: 495 Comm: python3 Not tainted 5.4.18 #2
[  193.356274] Hardware name: linux,dummy-virt (DT)
[  193.365954] pstate: 40000005 (nZcv daif -PAN -UAO)
[  193.374201] pc : ip_route_output_key_hash_rcu+0x2c/0x668
[  193.376698] lr : ip_route_output_key_hash+0x74/0xa8
[  193.377319] sp : ffff800011d93a70
[  193.380088] x29: ffff800011d93a70 x28: 0000000000000012 
[  193.382424] x27: ffff800011d93d80 x26: 0000000000000011 
[  193.384209] x25: 0000000000000012 x24: ffff00007b3c71c8 
[  193.387590] x23: 0000000000000000 x22: ffff800011963ac0 
[  193.389242] x21: ffff800011963ac0 x20: ffff800011d93b18 
[  193.392435] x19: 0000000011d93c30 x18: 0000000000000000 
[  193.394592] x17: 0000000000000000 x16: 0000000000000000 
[  193.395796] x15: 0000000000000000 x14: 0000000000000000 
[  193.396419] x13: 0000000000000000 x12: 0000000000000000 
[  193.396985] x11: 0000000000000000 x10: 00000000000040cd 
[  193.397913] x9 : 000000006401a8c0 x8 : ffff800011963ac0 
[  193.399137] x7 : 00000000000003e8 x6 : ffff800011d93de8 
[  193.402189] x5 : ffff800011d93de8 x4 : 0000000000000001 
[  193.402662] x3 : 0000000000000000 x2 : ffff800011d93b18 
[  193.403253] x1 : 0000000011d93c30 x0 : ffff800011963ac0 
[  193.404770] Call trace:
[  193.405495]  ip_route_output_key_hash_rcu+0x2c/0x668
[  193.406400]  ip_route_output_key_hash+0x74/0xa8
[  193.407435]  ip_route_output_flow+0x10/0x18
[  193.408115]  udp_sendmsg+0x520/0x860
[  193.412137]  inet_sendmsg+0x40/0x68
[  193.413701]  __sys_sendto+0xd4/0x150
[  193.414308]  __arm64_sys_sendto+0x24/0x30
[  193.414996]  el0_svc_common.constprop.0+0x68/0x160
[  193.417788]  el0_svc_handler+0x20/0x80
[  193.418438]  el0_svc+0x8/0xc
[  193.421645] Code: a90363f7 aa0303f7 a9046bf9 a90573fb (b9402821) 
[  193.429367] ---[ end trace 1129f906aa0ee78f ]---
