[  197.446387] kernel BUG at arch/arm64/kernel/traps.c:405!
[  197.451711] Internal error: Oops - BUG: 0 [#1] PREEMPT SMP
[  197.453580] Modules linked in:
[  197.457794] CPU: 2 PID: 497 Comm: python3 Not tainted 5.4.18 #2
[  197.458343] Hardware name: linux,dummy-virt (DT)
[  197.459512] pstate: 00000005 (nzcv daif -PAN -UAO)
[  197.461522] pc : do_undefinstr+0x2ec/0x310
[  197.461812] lr : do_undefinstr+0x1e0/0x310
[  197.462098] sp : ffff800011fbb940
[  197.462341] x29: ffff800011fbb940 x28: ffff00007a428e00 
[  197.463052] x27: ffff800011fbbd80 x26: 0000000000000011 
[  197.463702] x25: 0000000000000012 x24: 0000000000000000 
[  197.464316] x23: 0000000040000005 x22: ffff800010b7007c 
[  197.464976] x21: ffff800011fbbae0 x20: ffff00007a428e00 
[  197.465568] x19: ffff800011fbb9a0 x18: 0000000000000000 
[  197.466156] x17: 0000000000000000 x16: 0000000000000000 
[  197.466730] x15: 0000000000000000 x14: 0000000000000000 
[  197.467295] x13: 0000000000000000 x12: 0000000000000000 
[  197.467832] x11: 0000000000000000 x10: 0000000000006add 
[  197.468355] x9 : 000000006401a8c0 x8 : ffff800011963ac0 
[  197.468907] x7 : 00000000000003e8 x6 : ffff800011fbb998 
[  197.469413] x5 : 00000000d5300000 x4 : ffff8000117c51f0 
[  197.469906] x3 : 0000000042800000 x2 : 0000000000000000 
[  197.470402] x1 : ffff00007a428e00 x0 : 0000000040000005 
[  197.472280] Call trace:
[  197.473133]  do_undefinstr+0x2ec/0x310
[  197.473767]  el1_undef+0x10/0x84
[  197.474207]  ip_route_output_key_hash+0x4/0xa8
[  197.474489]  udp_sendmsg+0x520/0x860
[  197.474734]  inet_sendmsg+0x40/0x68
[  197.474975]  __sys_sendto+0xd4/0x150
[  197.475214]  __arm64_sys_sendto+0x24/0x30
[  197.475482]  el0_svc_common.constprop.0+0x68/0x160
[  197.475807]  el0_svc_handler+0x20/0x80
[  197.476067]  el0_svc+0x8/0xc
[  197.476884] Code: f9401bf7 17ffff7c a9025bf5 f9001bf7 (d4210000) 
[  197.479064] ---[ end trace 53fd58e945c16b9b ]---
[  197.479976] note: python3[497] exited with preempt_count 1
[  197.523467] ------------[ cut here ]------------
[  197.525898] WARNING: CPU: 2 PID: 0 at kernel/rcu/tree.c:569 rcu_idle_enter+0x74/0x80
[  197.531238] Modules linked in:
[  197.534509] CPU: 2 PID: 0 Comm: swapper/2 Tainted: G      D           5.4.18 #2
[  197.534971] Hardware name: linux,dummy-virt (DT)
[  197.536108] pstate: 200003c5 (nzCv DAIF -PAN -UAO)
[  197.538051] pc : rcu_idle_enter+0x74/0x80
[  197.538513] lr : do_idle+0x200/0x288
[  197.539460] sp : ffff800011a53f20
[  197.541384] x29: ffff800011a53f20 x28: 0000000000000000 
[  197.542486] x27: 0000000000000000 x26: 0000000000000000 
[  197.546153] x25: 0000000000000000 x24: ffff8000117ba214 
[  197.547895] x23: ffff00007b0c2a00 x22: ffff800011404ab8 
[  197.548469] x21: ffff8000117ba1f0 x20: 0000000000000002 
[  197.549292] x19: ffff8000117ba118 x18: 0000000000000010 
[  197.549878] x17: 0000000000000000 x16: 0000000000000000 
[  197.550242] x15: 00000000000002cd x14: 0000000000000000 
[  197.550628] x13: 0000000000000002 x12: 00000000000002cd 
[  197.551032] x11: 0000000000000001 x10: 00000000000009c0 
[  197.551448] x9 : ffff800011a53e90 x8 : ffff00007b0c3420 
[  197.552393] x7 : 0000000000000400 x6 : 0000006164f61b83 
[  197.553101] x5 : 00ffffffffffffff x4 : ffff80006c76d000 
[  197.553567] x3 : 4000000000000002 x2 : 4000000000000000 
[  197.554044] x1 : ffff800011406980 x0 : ffff00007db73980 
[  197.554535] Call trace:
[  197.554839]  rcu_idle_enter+0x74/0x80
[  197.555219]  do_idle+0x200/0x288
[  197.555466]  cpu_startup_entry+0x24/0x40
[  197.555853]  secondary_start_kernel+0x154/0x190
[  197.557180] ---[ end trace 53fd58e945c16b9c ]---
