[  192.900229] Unable to handle kernel paging request at virtual address ffff8000760fbcf4
[  192.905955] Mem abort info:
[  192.906551]   ESR = 0x96000045
[  192.907286]   EC = 0x25: DABT (current EL), IL = 32 bits
[  192.907871]   SET = 0, FnV = 0
[  192.908352]   EA = 0, S1PTW = 0
[  192.908806] Data abort info:
[  192.909192]   ISV = 0, ISS = 0x00000045
[  192.909610]   CM = 0, WnR = 1
[  192.912189] swapper pgtable: 4k pages, 48-bit VAs, pgdp=00000000412a6000
[  192.913714] [ffff8000760fbcf4] pgd=00000000bdfff003, pud=0000000000000000
[  192.926875] Internal error: Oops: 96000045 [#1] PREEMPT SMP
[  192.929668] Modules linked in:
[  192.940399] CPU: 4 PID: 494 Comm: python3 Not tainted 5.4.18 #2
[  192.945354] Hardware name: linux,dummy-virt (DT)
[  192.951167] pstate: 40000005 (nZcv daif -PAN -UAO)
[  192.970028] pc : ip_route_output_key_hash+0x34/0xa8
[  192.971541] lr : ip_route_output_flow+0x10/0x18
[  192.972043] sp : ffff8000120ebae0
[  192.972335] x29: ffff8000120ebae0 x28: 0000000000000012 
[  192.972869] x27: ffff8000120ebd80 x26: 0000000000000011 
[  192.973705] x25: 0000000000000012 x24: ffff00007a902988 
[  192.974746] x23: 000000006401a8c0 x22: 0000000000000000 
[  192.977573] x21: ffff800011963ac0 x20: ffff000078108e00 
[  192.980763] x19: ffff8000760fbcf0 x18: 0000000000000000 
[  192.982341] x17: 0000000000000000 x16: 0000000000000000 
[  192.982947] x15: 0000000000000000 x14: 0000000000000000 
[  192.983458] x13: 0000000000000000 x12: 0000000000000000 
[  192.984071] x11: 0000000000000000 x10: 0000000000008ae6 
[  192.984595] x9 : 000000006401a8c0 x8 : ffff800011963ac0 
[  192.985105] x7 : 00000000000003e8 x6 : ffff8000120ebde8 
[  192.985681] x5 : ffff8000120ebde8 x4 : 0000000000000001 
[  192.986735] x3 : 00000000000000fd x2 : 0000000000000000 
[  192.987251] x1 : 0000000000000000 x0 : ffff800011963ac0 
[  192.988543] Call trace:
[  192.989107]  ip_route_output_key_hash+0x34/0xa8
[  192.989579]  ip_route_output_flow+0x10/0x18
[  192.989987]  udp_sendmsg+0x520/0x860
[  192.991888]  inet_sendmsg+0x40/0x68
[  192.992452]  __sys_sendto+0xd4/0x150
[  192.992827]  __arm64_sys_sendto+0x24/0x30
[  192.994043]  el0_svc_common.constprop.0+0x68/0x160
[  192.995323]  el0_svc_handler+0x20/0x80
[  192.995763]  el0_svc+0x8/0xc
[  192.998534] Code: aa0203f6 f9423a81 f90037e1 d2800001 (b9000664) 
[  193.002504] ---[ end trace e91e94d641640a97 ]---
