[  199.140613] Unable to handle kernel paging request at virtual address 000000006401a8f8
[  199.165120] Mem abort info:
[  199.172791]   ESR = 0x96000045
[  199.176317]   EC = 0x25: DABT (current EL), IL = 32 bits
[  199.178998]   SET = 0, FnV = 0
[  199.179984]   EA = 0, S1PTW = 0
[  199.180412] Data abort info:
[  199.187645]   ISV = 0, ISS = 0x00000045
[  199.188807]   CM = 0, WnR = 1
[  199.190246] user pgtable: 4k pages, 48-bit VAs, pgdp=00000000b6ea8000
[  199.196668] [000000006401a8f8] pgd=00000000b396b003, pud=0000000000000000
[  199.213409] Internal error: Oops: 96000045 [#1] PREEMPT SMP
[  199.221168] Modules linked in:
[  199.239882] CPU: 6 PID: 495 Comm: python3 Not tainted 5.4.18 #2
[  199.240520] Hardware name: linux,dummy-virt (DT)
[  199.241755] pstate: 80000005 (Nzcv daif -PAN -UAO)
[  199.248312] pc : fib_table_lookup+0x22c/0x390
[  199.249158] lr : ip_route_output_key_hash_rcu+0x2e0/0x668
[  199.251847] sp : ffff800011ee3a10
[  199.252723] x29: ffff800011ee3a10 x28: 0000000000000012 
[  199.254291] x27: ffff800011ee3d80 x26: 0000000000000011 
[  199.255631] x25: 0000000000000000 x24: 0000000000000000 
[  199.256543] x23: ffff000075c7ff80 x22: ffff000075c7ff00 
[  199.257332] x21: ffff00007aae0c80 x20: ffff00007a445188 
[  199.259861] x19: ffff00007a4460b8 x18: 0000000000000000 
[  199.263798] x17: 0000000000000000 x16: 0000000000000000 
[  199.264936] x15: 0000000000000001 x14: 0000000000000000 
[  199.266388] x13: 0000000000000006 x12: 00000000c0a80164 
[  199.266806] x11: 0000000000000000 x10: 0000000000000068 
[  199.267276] x9 : 0000000000000000 x8 : 0000000000000080 
[  199.267761] x7 : ffff800010eca190 x6 : 0000000000000001 
[  199.268174] x5 : 0000000000000000 x4 : 0000000000000000 
[  199.268597] x3 : 0000000000000001 x2 : 000000006401a8f8 
[  199.269113] x1 : 000000006401a8c0 x0 : 0000000000000020 
[  199.271550] Call trace:
[  199.272144]  fib_table_lookup+0x22c/0x390
[  199.272652]  ip_route_output_key_hash_rcu+0x2e0/0x668
[  199.273201]  ip_route_output_key_hash+0x74/0xa8
[  199.273621]  ip_route_output_flow+0x10/0x18
[  199.275099]  udp_sendmsg+0x520/0x860
[  199.278561]  inet_sendmsg+0x40/0x68
[  199.279439]  __sys_sendto+0xd4/0x150
[  199.279861]  __arm64_sys_sendto+0x24/0x30
[  199.280208]  el0_svc_common.constprop.0+0x68/0x160
[  199.280533]  el0_svc_handler+0x20/0x80
[  199.280781]  el0_svc+0x8/0xc
[  199.282524] Code: 36000423 b8408661 52800400 5ac00821 (b9000041) 
[  199.286996] ---[ end trace 0b7b39bedf054906 ]---
