[  193.724752] Unable to handle kernel NULL pointer dereference at virtual address 0000000000000074
[  193.725776] Mem abort info:
[  193.726041]   ESR = 0x96000006
[  193.728272]   EC = 0x25: DABT (current EL), IL = 32 bits
[  193.728793]   SET = 0, FnV = 0
[  193.729020]   EA = 0, S1PTW = 0
[  193.729285] Data abort info:
[  193.729496]   ISV = 0, ISS = 0x00000006
[  193.731281]   CM = 0, WnR = 0
[  193.731832] user pgtable: 4k pages, 48-bit VAs, pgdp=00000000b142b000
[  193.732141] [0000000000000074] pgd=00000000b3908003, pud=00000000b38fb003, pmd=0000000000000000
[  193.733093] Internal error: Oops: 96000006 [#1] PREEMPT SMP
[  193.734634] Modules linked in:
[  193.737210] CPU: 7 PID: 491 Comm: python3 Not tainted 5.4.18 #2
[  193.737988] Hardware name: linux,dummy-virt (DT)
[  193.739080] pstate: 00000005 (nzcv daif -PAN -UAO)
[  193.739523] pc : udp_sendmsg+0x538/0x860
[  193.739888] lr : udp_sendmsg+0x520/0x860
[  193.740686] sp : ffff800011f1bb60
[  193.741253] x29: ffff800011f1bb70 x28: 0000000000000012 
[  193.742326] x27: ffff800011f1bd80 x26: 0000000000000011 
[  193.743698] x25: 0000000000000012 x24: ffff00007a414748 
[  193.747418] x23: 000000006401a8c0 x22: 0000000000000000 
[  193.748113] x21: ffff000070b30000 x20: ffff800010b762e8 
[  193.749512] x19: ffff00007a414400 x18: 0000000000000000 
[  193.750770] x17: 0000000000000000 x16: 0000000000000000 
[  193.752512] x15: 0000000000000001 x14: 0000000000000000 
[  193.753926] x13: 0000000000000006 x12: 00000000c0a80164 
[  193.754298] x11: 0000000000000000 x10: 0000000000000068 
[  193.754642] x9 : 0000000000000000 x8 : ffff800011963ac0 
[  193.757244] x7 : 0000000000000000 x6 : 0000000000000001 
[  193.758289] x5 : 0000000000000000 x4 : 0000000000000000 
[  193.758684] x3 : 0000000000000000 x2 : 0000000000000002 
[  193.759296] x1 : 0000000000000000 x0 : 0000000000000000 
[  193.761786] Call trace:
[  193.762928]  udp_sendmsg+0x538/0x860
[  193.764783]  inet_sendmsg+0x40/0x68
[  193.765711]  __sys_sendto+0xd4/0x150
[  193.767025]  __arm64_sys_sendto+0x24/0x30
[  193.767337]  el0_svc_common.constprop.0+0x68/0x160
[  193.769309]  el0_svc_handler+0x20/0x80
[  193.772010]  el0_svc+0x8/0xc
[  193.777502] Code: b9409be4 b140041f a9488fe8 54001388 (b9407401) 
[  193.781687] ---[ end trace eafec699b3e1d02b ]---
