[  193.887090] Unable to handle kernel paging request at virtual address 00000000708e1074
[  193.888319] Mem abort info:
[  193.888683]   ESR = 0x96000005
[  193.889237]   EC = 0x25: DABT (current EL), IL = 32 bits
[  193.892119]   SET = 0, FnV = 0
[  193.892509]   EA = 0, S1PTW = 0
[  193.892926] Data abort info:
[  193.895351]   ISV = 0, ISS = 0x00000005
[  193.895815]   CM = 0, WnR = 0
[  193.899172] user pgtable: 4k pages, 48-bit VAs, pgdp=00000000b09dc000
[  193.901589] [00000000708e1074] pgd=00000000b58a7003, pud=0000000000000000
[  193.915744] Internal error: Oops: 96000005 [#1] PREEMPT SMP
[  193.916565] Modules linked in:
[  193.918533] CPU: 7 PID: 497 Comm: python3 Not tainted 5.4.18 #2
[  193.919411] Hardware name: linux,dummy-virt (DT)
[  193.920966] pstate: 00000005 (nzcv daif -PAN -UAO)
[  193.931348] pc : udp_sendmsg+0x538/0x860
[  193.932792] lr : udp_sendmsg+0x520/0x860
[  193.933985] sp : ffff8000120c3b60
[  193.934324] x29: ffff8000120c3b70 x28: 0000000000000012 
[  193.936447] x27: ffff8000120c3d80 x26: 0000000000000011 
[  193.940058] x25: 0000000000000012 x24: ffff00007b3cc308 
[  193.943112] x23: 000000006401a8c0 x22: 0000000000000000 
[  193.946533] x21: ffff0000783e8e00 x20: ffff800010b762e8 
[  193.947307] x19: ffff00007b3cbfc0 x18: 0000000000000000 
[  193.947897] x17: 0000000000000000 x16: 0000000000000000 
[  193.948482] x15: 0000000000000001 x14: 0000000000000000 
[  193.950035] x13: 0000000000000006 x12: 00000000c0a80164 
[  193.951302] x11: 0000000000000000 x10: 0000000000000068 
[  193.952238] x9 : 0000000000000000 x8 : ffff800011963ac0 
[  193.953074] x7 : 00000000708e1000 x6 : 0000000000000001 
[  193.954966] x5 : 0000000000000000 x4 : 0000000000000000 
[  193.955706] x3 : 0000000000000000 x2 : 0000000000000002 
[  193.956158] x1 : 0000000000000000 x0 : 00000000708e1000 
[  193.957071] Call trace:
[  193.959351]  udp_sendmsg+0x538/0x860
[  193.959716]  inet_sendmsg+0x40/0x68
[  193.960687]  __sys_sendto+0xd4/0x150
[  193.961127]  __arm64_sys_sendto+0x24/0x30
[  193.963007]  el0_svc_common.constprop.0+0x68/0x160
[  193.963496]  el0_svc_handler+0x20/0x80
[  193.964286]  el0_svc+0x8/0xc
[  193.967571] Code: b9409be4 b140041f a9488fe8 54001388 (b9407401) 
[  193.970621] ---[ end trace 7295779f94a7d776 ]---
