[  193.816692] Unable to handle kernel NULL pointer dereference at virtual address 0000000000000000
[  193.824571] Mem abort info:
[  193.827627]   ESR = 0x96000006
[  193.829004]   EC = 0x25: DABT (current EL), IL = 32 bits
[  193.831844]   SET = 0, FnV = 0
[  193.832461]   EA = 0, S1PTW = 0
[  193.835678] Data abort info:
[  193.836113]   ISV = 0, ISS = 0x00000006
[  193.838155]   CM = 0, WnR = 0
[  193.843018] user pgtable: 4k pages, 48-bit VAs, pgdp=00000000b6f79000
[  193.848101] [0000000000000000] pgd=00000000b4693003, pud=00000000b24ed003, pmd=0000000000000000
[  193.852690] Internal error: Oops: 96000006 [#1] PREEMPT SMP
[  193.858682] Modules linked in:
[  193.862619] CPU: 4 PID: 497 Comm: python3 Not tainted 5.4.18 #2
[  193.863260] Hardware name: linux,dummy-virt (DT)
[  193.863818] pstate: 40000005 (nZcv daif -PAN -UAO)
[  193.873665] pc : ip_route_output_key_hash_rcu+0x2c8/0x668
[  193.881748] lr : ip_route_output_key_hash_rcu+0x2c4/0x668
[  193.885289] sp : ffff800011f93a70
[  193.895422] x29: ffff800011f93a70 x28: 0000000000000012 
[  193.900567] x27: ffff800011f93d80 x26: 0000000000000011 
[  193.915022] x25: 0000000000000000 x24: 0000000000000000 
[  193.918295] x23: 0000000000000000 x22: ffff00007a991c00 
[  193.924174] x21: ffff800011963ac0 x20: ffff800011f93b18 
[  193.938455] x19: ffff800011f93c30 x18: 0000000000000000 
[  193.946751] x17: 0000000000000000 x16: 0000000000000000 
[  193.953122] x15: 0000000000000000 x14: 0000000000000000 
[  193.958179] x13: 0000000000000000 x12: 0000000000000000 
[  193.974379] x11: 0000000000000000 x10: 0000000000003ce9 
[  193.978426] x9 : 000000006401a8c0 x8 : ffff800011963ac0 
[  193.979966] x7 : 00000000000003e8 x6 : ffff800011f93de8 
[  193.984014] x5 : ffff800011f93de8 x4 : 0000000000000001 
[  193.993917] x3 : 0000000000000000 x2 : ffff800011f93b18 
[  194.002337] x1 : ffff00007a991c00 x0 : 0000000000000000 
[  194.016807] Call trace:
[  194.023276]  ip_route_output_key_hash_rcu+0x2c8/0x668
[  194.040772]  ip_route_output_key_hash+0x74/0xa8
[  194.054240]  ip_route_output_flow+0x10/0x18
[  194.060424]  udp_sendmsg+0x520/0x860
[  194.065230]  inet_sendmsg+0x40/0x68
[  194.069283]  __sys_sendto+0xd4/0x150
[  194.074011]  __arm64_sys_sendto+0x24/0x30
[  194.082804]  el0_svc_common.constprop.0+0x68/0x160
[  194.088595]  el0_svc_handler+0x20/0x80
[  194.093593]  el0_svc+0x8/0xc
[  194.114900] Code: b9002a60 34fff9e1 97d781da f94156c0 (f9400000) 
[  194.143751] ---[ end trace 664006303e7a3192 ]---
