[  192.682718] kernel BUG at arch/arm64/kernel/traps.c:405!
[  192.701049] Internal error: Oops - BUG: 0 [#1] PREEMPT SMP
[  192.704086] Modules linked in:
[  192.709973] CPU: 7 PID: 494 Comm: python3 Not tainted 5.4.18 #2
[  192.711152] Hardware name: linux,dummy-virt (DT)
[  192.713666] pstate: 00000005 (nzcv daif -PAN -UAO)
[  192.723722] pc : do_undefinstr+0x2ec/0x310
[  192.725457] lr : do_undefinstr+0x1e0/0x310
[  192.726220] sp : ffff80001210b940
[  192.726963] x29: ffff80001210b940 x28: ffff00007ab60000 
[  192.728098] x27: ffff80001210bd80 x26: 0000000000000011 
[  192.728971] x25: 0000000000000012 x24: 0000000000000000 
[  192.729798] x23: 0000000040000005 x22: ffff800010b70088 
[  192.730608] x21: ffff80001210bae0 x20: ffff00007ab60000 
[  192.731495] x19: ffff80001210b9a0 x18: 0000000000000000 
[  192.732696] x17: 0000000000000000 x16: 0000000000000000 
[  192.733806] x15: 0000000000000000 x14: 0000000000000000 
[  192.734646] x13: 0000000000000000 x12: 0000000000000000 
[  192.735549] x11: 0000000000000000 x10: 00000000000065ba 
[  192.736359] x9 : 000000006401a8c0 x8 : ffff800011963ac0 
[  192.737206] x7 : 00000000000003e8 x6 : ffff80001210b998 
[  192.738007] x5 : 00000000d5300000 x4 : ffff8000117c51f0 
[  192.738800] x3 : 00000000e9000000 x2 : 0000000000000000 
[  192.740025] x1 : ffff00007ab60000 x0 : 0000000040000005 
[  192.741823] Call trace:
[  192.742606]  do_undefinstr+0x2ec/0x310
[  192.743528]  el1_undef+0x10/0x84
[  192.744191]  ip_route_output_key_hash+0x10/0xa8
[  192.744837]  ip_route_output_flow+0x10/0x18
[  192.746338]  udp_sendmsg+0x520/0x860
[  192.746912]  inet_sendmsg+0x40/0x68
[  192.747755]  __sys_sendto+0xd4/0x150
[  192.748641]  __arm64_sys_sendto+0x24/0x30
[  192.749701]  el0_svc_common.constprop.0+0x68/0x160
[  192.751437]  el0_svc_handler+0x20/0x80
[  192.752031]  el0_svc+0x8/0xc
[  192.754819] Code: f9401bf7 17ffff7c a9025bf5 f9001bf7 (d4210000) 
[  192.760688] ---[ end trace 3422cadbf882819c ]---
[  192.763479] note: python3[494] exited with preempt_count 1
[  192.878177] ------------[ cut here ]------------
[  192.878985] WARNING: CPU: 7 PID: 0 at kernel/rcu/tree.c:569 rcu_idle_enter+0x74/0x80
[  192.880745] Modules linked in:
[  192.884690] CPU: 7 PID: 0 Comm: swapper/7 Tainted: G      D           5.4.18 #2
[  192.890861] Hardware name: linux,dummy-virt (DT)
[  192.896300] pstate: 200003c5 (nzCv DAIF -PAN -UAO)
[  192.901050] pc : rcu_idle_enter+0x74/0x80
[  192.904098] lr : do_idle+0x200/0x288
[  192.907423] sp : ffff800011a7bf20
[  192.913265] x29: ffff800011a7bf20 x28: 0000000000000000 
[  192.914616] x27: 0000000000000000 x26: 0000000000000000 
[  192.916182] x25: 0000000000000000 x24: ffff8000117ba214 
[  192.921970] x23: ffff00007b0c7000 x22: ffff800011404ab8 
[  192.926243] x21: ffff8000117ba1f0 x20: 0000000000000007 
[  192.936654] x19: ffff8000117ba118 x18: 0000000000000010 
[  192.946799] x17: 0000000000000000 x16: 0000000000000000 
[  192.951404] x15: 000000000000017f x14: 0000000000000000 
[  192.959320] x13: 0000000000000002 x12: 000000000000017f 
[  192.969522] x11: 0000000000000001 x10: 00000000000009c0 
[  192.970195] x9 : ffff800011a7be90 x8 : ffff00007b0c7a20 
[  192.978032] x7 : 0000000000000327 x6 : 000000e113a24484 
[  192.979912] x5 : 00ffffffffffffff x4 : ffff80006c7db000 
[  192.983795] x3 : 4000000000000002 x2 : 4000000000000000 
[  192.986480] x1 : ffff800011406980 x0 : ffff00007dbe1980 
[  192.990774] Call trace:
[  192.992366]  rcu_idle_enter+0x74/0x80
[  192.996161]  do_idle+0x200/0x288
[  192.996502]  cpu_startup_entry+0x24/0x40
[  192.997740]  secondary_start_kernel+0x154/0x190
[  192.998469] ---[ end trace 3422cadbf882819d ]---
