[  193.443970] Unable to handle kernel paging request at virtual address 97ff409c6575b454
[  193.455754] Mem abort info:
[  193.456889]   ESR = 0x96000021
[  193.457767]   EC = 0x25: DABT (current EL), IL = 32 bits
[  193.461694]   SET = 0, FnV = 0
[  193.462537]   EA = 0, S1PTW = 0
[  193.469087] Data abort info:
[  193.476094]   ISV = 0, ISS = 0x00000021
[  193.477716]   CM = 0, WnR = 0
[  193.486877] [97ff409c6575b454] address between user and kernel address ranges
[  193.501838] Internal error: Oops: 96000021 [#1] PREEMPT SMP
[  193.518289] Modules linked in:
[  193.528436] CPU: 1 PID: 498 Comm: python3 Not tainted 5.4.18 #2
[  193.528851] Hardware name: linux,dummy-virt (DT)
[  193.530805] pstate: 60000005 (nZCv daif -PAN -UAO)
[  193.533838] pc : __ip_append_data.isra.0+0x604/0xc30
[  193.534280] lr : __ip_append_data.isra.0+0x788/0xc30
[  193.534682] sp : ffff800011d539e0
[  193.534985] x29: ffff800011d539e0 x28: ffff000075e8b330 
[  193.535536] x27: 000000000000001a x26: 0000000000000000 
[  193.535919] x25: ffff00007b2340c0 x24: ffff00007b2340c0 
[  193.536282] x23: ffff00007b2fd0c0 x22: 0000000000000000 
[  193.536645] x21: 0000000000000000 x20: 0000000000000000 
[  193.537003] x19: 0000000000000000 x18: 0000000000000000 
[  193.537457] x17: 0000000000000000 x16: 0000000000000000 
[  193.538716] x15: 0000000000000001 x14: 0000000000000000 
[  193.541395] x13: 0000000000000006 x12: 00000000c0a80164 
[  193.542059] x11: 0000000000000000 x10: 0000000000000068 
[  193.542772] x9 : 0000000000000000 x8 : 0000000000000000 
[  193.542980] x7 : 0000000000000000 x6 : 0000000000000010 
[  193.544012] x5 : 0000000000000000 x4 : 000000000000002e 
[  193.544764] x3 : 0000000000000001 x2 : ffff80006c757000 
[  193.545736] x1 : ffff000075e8aa00 x0 : 97ff409c6575b454 
[  193.546605] Call trace:
[  193.546974]  __ip_append_data.isra.0+0x604/0xc30
[  193.547370]  ip_make_skb+0xec/0x140
[  193.548022]  udp_sendmsg+0x6ec/0x860
[  193.549389]  inet_sendmsg+0x40/0x68
[  193.550630]  __sys_sendto+0xd4/0x150
[  193.551626]  __arm64_sys_sendto+0x24/0x30
[  193.552966]  el0_svc_common.constprop.0+0x68/0x160
[  193.558789]  el0_svc_handler+0x20/0x80
[  193.560361]  el0_svc+0x8/0xc
[  193.563078] Code: d2800023 f940c000 9101c000 8b020000 (c85f7c05) 
[  193.566390] ---[ end trace 54854a4213049909 ]---
[  193.567987] note: python3[498] exited with preempt_count 1
