[  193.570280] kernel BUG at arch/arm64/kernel/traps.c:405!
[  193.574601] Internal error: Oops - BUG: 0 [#1] PREEMPT SMP
[  193.577833] Modules linked in:
[  193.584193] CPU: 7 PID: 493 Comm: python3 Not tainted 5.4.18 #2
[  193.586758] Hardware name: linux,dummy-virt (DT)
[  193.589165] pstate: 00000005 (nzcv daif -PAN -UAO)
[  193.601439] pc : do_undefinstr+0x2ec/0x310
[  193.602423] lr : do_undefinstr+0x1e0/0x310
[  193.604446] sp : ffff800011efb9b0
[  193.606399] x29: ffff800011efb9b0 x28: ffff000072426200 
[  193.609075] x27: ffff800011efbd80 x26: 0000000000000011 
[  193.610130] x25: 0000000000000012 x24: 0000000000000000 
[  193.611087] x23: 0000000040000005 x22: ffff800010b70078 
[  193.612121] x21: ffff800011efbb50 x20: ffff000072426200 
[  193.613072] x19: ffff800011efba10 x18: 0000000000000000 
[  193.614076] x17: 0000000000000000 x16: 0000000000000000 
[  193.615028] x15: 0000000000000000 x14: 0000000000000000 
[  193.616061] x13: 0000000000000000 x12: 0000000000000000 
[  193.617028] x11: 0000000000000000 x10: 000000000000a0c9 
[  193.618157] x9 : 000000006401a8c0 x8 : ffff800011963ac0 
[  193.618990] x7 : 00000000000003e8 x6 : ffff800011efba08 
[  193.619791] x5 : 00000000d5300000 x4 : ffff8000117c51f0 
[  193.620478] x3 : 00000000abb00000 x2 : 0000000000000000 
[  193.621646] x1 : ffff000072426200 x0 : 0000000040000005 
[  193.624649] Call trace:
[  193.626060]  do_undefinstr+0x2ec/0x310
[  193.627815]  el1_undef+0x10/0x84
[  193.628602]  ip_route_output_key_hash+0x0/0xa8
[  193.629420]  udp_sendmsg+0x520/0x860
[  193.630679]  inet_sendmsg+0x40/0x68
[  193.631587]  __sys_sendto+0xd4/0x150
[  193.632664]  __arm64_sys_sendto+0x24/0x30
[  193.633461]  el0_svc_common.constprop.0+0x68/0x160
[  193.635045]  el0_svc_handler+0x20/0x80
[  193.635843]  el0_svc+0x8/0xc
[  193.639070] Code: f9401bf7 17ffff7c a9025bf5 f9001bf7 (d4210000) 
[  193.646153] ---[ end trace 6688fd22d0ae3aa0 ]---
[  193.648629] note: python3[493] exited with preempt_count 1
[  193.750901] ------------[ cut here ]------------
[  193.751676] WARNING: CPU: 7 PID: 0 at kernel/rcu/tree.c:569 rcu_idle_enter+0x74/0x80
[  193.752306] Modules linked in:
[  193.752819] CPU: 7 PID: 0 Comm: swapper/7 Tainted: G      D           5.4.18 #2
[  193.753677] Hardware name: linux,dummy-virt (DT)
[  193.753959] pstate: 200003c5 (nzCv DAIF -PAN -UAO)
[  193.754227] pc : rcu_idle_enter+0x74/0x80
[  193.754450] lr : do_idle+0x200/0x288
[  193.754637] sp : ffff800011a7bf20
[  193.754819] x29: ffff800011a7bf20 x28: 0000000000000000 
[  193.755334] x27: 0000000000000000 x26: 0000000000000000 
[  193.756779] x25: 0000000000000000 x24: ffff8000117ba214 
[  193.758055] x23: ffff00007b0c7000 x22: ffff800011404ab8 
[  193.758820] x21: ffff8000117ba1f0 x20: 0000000000000007 
[  193.759348] x19: ffff8000117ba118 x18: 0000000000000010 
[  193.759856] x17: 0000000000000000 x16: 0000000000000000 
[  193.760992] x15: 0000000000000000 x14: 0000000000000000 
[  193.761681] x13: 0000000000002b72 x12: 00000000000003dd 
[  193.762278] x11: 0000000000adf3a6 x10: 00000000000009c0 
[  193.762799] x9 : ffff800011a7be90 x8 : ffff00007b0c7a20 
[  193.764348] x7 : ffff00007db47800 x6 : 0000003d859352c7 
[  193.766277] x5 : 00ffffffffffffff x4 : ffff80006c7db000 
[  193.768089] x3 : 4000000000000002 x2 : 4000000000000000 
[  193.769086] x1 : ffff800011406980 x0 : ffff00007dbe1980 
[  193.769475] Call trace:
[  193.769556] ------------[ cut here ]------------
[  193.770018]  rcu_idle_enter+0x74/0x80
[  193.770622] kernel BUG at arch/arm64/kernel/traps.c:405!
[  193.770831] Internal error: Oops - BUG: 0 [#2] PREEMPT SMP
[  193.771411]  do_idle+0x200/0x288
[  193.772310] Modules linked in:
[  193.772971]  cpu_startup_entry+0x20/0x40
[  193.773653] CPU: 1 PID: 261 Comm: systemd-timesyn Tainted: G      D           5.4.18 #2
[  193.773940]  secondary_start_kernel+0x154/0x190
[  193.774551] Hardware name: linux,dummy-virt (DT)
[  193.776758] ---[ end trace 6688fd22d0ae3aa1 ]---
[  193.780530] pstate: 00000005 (nzcv daif -PAN -UAO)
[  193.782811] pc : do_undefinstr+0x2ec/0x310
[  193.784345] lr : do_undefinstr+0x1e0/0x310
[  193.784750] sp : ffff800011d8b9b0
[  193.785134] x29: ffff800011d8b9b0 x28: ffff00007b1dd400 
[  193.786749] x27: ffff800011d8bd80 x26: 0000000000000011 
[  193.788944] x25: 0000000000000030 x24: 0000000000000000 
[  193.790026] x23: 0000000040000005 x22: ffff800010b70078 
[  193.791064] x21: ffff800011d8bb50 x20: ffff00007b1dd400 
[  193.793439] x19: ffff800011d8ba10 x18: 0000000000000000 
[  193.794591] x17: 0000000000000000 x16: 0000000000000000 
[  193.797559] x15: 0000000000000000 x14: 0000000000000000 
[  193.798384] x13: 0000000000000000 x12: 0000000000000000 
[  193.799036] x11: 0000000000000000 x10: 0000000000009795 
[  193.800453] x9 : 000000003abe7db9 x8 : ffff800011963ac0 
[  193.801175] x7 : 0000000000000065 x6 : ffff800011d8ba08 
[  193.802196] x5 : 00000000d5300000 x4 : ffff8000117c51f0 
[  193.804715] x3 : 00000000abb00000 x2 : 0000000000000000 
[  193.806760] x1 : ffff00007b1dd400 x0 : 0000000040000005 
[  193.808455] Call trace:
[  193.808979]  do_undefinstr+0x2ec/0x310
[  193.810328]  el1_undef+0x10/0x84
[  193.810796]  ip_route_output_key_hash+0x0/0xa8
[  193.813027]  udp_sendmsg+0x520/0x860
[  193.814209]  inet_sendmsg+0x40/0x68
[  193.814899]  __sys_sendto+0xd4/0x150
[  193.816300]  __arm64_sys_sendto+0x24/0x30
[  193.817342]  el0_svc_common.constprop.0+0x68/0x160
[  193.817685]  el0_svc_handler+0x20/0x80
[  193.818090]  el0_svc+0x8/0xc
[  193.818369] Code: f9401bf7 17ffff7c a9025bf5 f9001bf7 (d4210000) 
[  193.818712] ---[ end trace 6688fd22d0ae3aa2 ]---
[  193.820246] note: systemd-timesyn[261] exited with preempt_count 1
