[  195.665529] kernel BUG at arch/arm64/kernel/traps.c:405!
[  195.670922] Internal error: Oops - BUG: 0 [#1] PREEMPT SMP
[  195.672404] Modules linked in:
[  195.675151] CPU: 1 PID: 492 Comm: python3 Not tainted 5.4.18 #2
[  195.675682] Hardware name: linux,dummy-virt (DT)
[  195.676689] pstate: 00000005 (nzcv daif -PAN -UAO)
[  195.679209] pc : do_undefinstr+0x2ec/0x310
[  195.679543] lr : do_undefinstr+0x1e0/0x310
[  195.679859] sp : ffff800011ee3940
[  195.680124] x29: ffff800011ee3940 x28: ffff000078258e00 
[  195.680584] x27: ffff800011ee3d80 x26: 0000000000000011 
[  195.680936] x25: 0000000000000012 x24: 0000000000000000 
[  195.681455] x23: 0000000060000005 x22: ffff800010b7010c 
[  195.681829] x21: ffff800011ee3ae0 x20: ffff000078258e00 
[  195.682183] x19: ffff800011ee39a0 x18: 0000000000000000 
[  195.683140] x17: 0000000000000000 x16: 0000000000000000 
[  195.684533] x15: 0000000000000001 x14: 0000000000000000 
[  195.684960] x13: 0000000000000006 x12: 00000000c0a80164 
[  195.685636] x11: 0000000000000000 x10: 0000000000000068 
[  195.686005] x9 : 0000000000000000 x8 : 0000000000000080 
[  195.686647] x7 : ffff800010eca190 x6 : ffff800011ee3998 
[  195.687208] x5 : 00000000d5300000 x4 : ffff8000117c51f0 
[  195.687482] x3 : 0000000089400000 x2 : 0000000000000000 
[  195.687754] x1 : ffff000078258e00 x0 : 0000000060000005 
[  195.688301] Call trace:
[  195.688566]  do_undefinstr+0x2ec/0x310
[  195.688818]  el1_undef+0x10/0x84
[  195.689009]  ip_route_output_key_hash+0x94/0xa8
[  195.689237]  ip_route_output_flow+0x10/0x18
[  195.689449]  udp_sendmsg+0x520/0x860
[  195.689652]  inet_sendmsg+0x40/0x68
[  195.689905]  __sys_sendto+0xd4/0x150
[  195.690157]  __arm64_sys_sendto+0x24/0x30
[  195.690434]  el0_svc_common.constprop.0+0x68/0x160
[  195.690911]  el0_svc_handler+0x20/0x80
[  195.691185]  el0_svc+0x8/0xc
[  195.691995] Code: f9401bf7 17ffff7c a9025bf5 f9001bf7 (d4210000) 
[  195.693567] ---[ end trace 17885ad14a29beda ]---
[  195.694315] note: python3[492] exited with preempt_count 1
[  195.781775] ------------[ cut here ]------------
[  195.789718] WARNING: CPU: 1 PID: 0 at kernel/rcu/tree.c:569 rcu_idle_enter+0x74/0x80
[  195.795356] Modules linked in:
[  195.809112] CPU: 1 PID: 0 Comm: swapper/1 Tainted: G      D           5.4.18 #2
[  195.817534] Hardware name: linux,dummy-virt (DT)
[  195.824137] pstate: 200003c5 (nzCv DAIF -PAN -UAO)
[  195.831283] pc : rcu_idle_enter+0x74/0x80
[  195.837063] lr : do_idle+0x200/0x288
[  195.848745] sp : ffff800011a4bf20
[  195.853902] x29: ffff800011a4bf20 x28: 0000000000000000 
[  195.859939] x27: 0000000000000000 x26: 0000000000000000 
[  195.863433] x25: 0000000000000000 x24: ffff8000117ba214 
[  195.868654] x23: ffff00007b0c1c00 x22: ffff800011404ab8 
[  195.877489] x21: ffff8000117ba1f0 x20: 0000000000000001 
[  195.878179] x19: ffff8000117ba118 x18: 0000000000000010 
[  195.890132] x17: 0000000000000000 x16: 0000000000000000 
[  195.900746] x15: 000000000000006f x14: 0000000000000000 
[  195.902397] x13: 0000000000000002 x12: 000000000000006f 
[  195.905344] x11: 0000000000000001 x10: 00000000000009c0 
[  195.909188] x9 : ffff800011a4be90 x8 : ffff00007b0c2620 
[  195.913641] x7 : 00000000000003fe x6 : 0000036389d2c178 
[  195.927621] x5 : 00ffffffffffffff x4 : ffff80006c757000 
[  195.930716] x3 : 4000000000000002 x2 : 4000000000000000 
[  195.938955] x1 : ffff800011406980 x0 : ffff00007db5d980 
[  195.948224] Call trace:
[  195.952910]  rcu_idle_enter+0x74/0x80
[  195.958720]  do_idle+0x200/0x288
[  195.960916]  cpu_startup_entry+0x24/0x40
[  195.968327]  secondary_start_kernel+0x154/0x190
[  195.971401] ---[ end trace 17885ad14a29bedb ]---
