[  193.850462] kernel BUG at arch/arm64/kernel/traps.c:405!
[  193.868529] Internal error: Oops - BUG: 0 [#1] PREEMPT SMP
[  193.871574] Modules linked in:
[  193.876721] CPU: 7 PID: 497 Comm: python3 Not tainted 5.4.18 #2
[  193.877656] Hardware name: linux,dummy-virt (DT)
[  193.880346] pstate: 00000005 (nzcv daif -PAN -UAO)
[  193.888016] pc : do_undefinstr+0x2ec/0x310
[  193.889691] lr : do_undefinstr+0x1e0/0x310
[  193.890659] sp : ffff800011f8b940
[  193.892242] x29: ffff800011f8b940 x28: ffff000075e12a00 
[  193.893790] x27: ffff800011f8bd80 x26: 0000000000000011 
[  193.895654] x25: 0000000000000012 x24: 0000000000000000 
[  193.896438] x23: 0000000060000005 x22: ffff800010b700ec 
[  193.897395] x21: ffff800011f8bae0 x20: ffff000075e12a00 
[  193.898380] x19: ffff800011f8b9a0 x18: 0000000000000000 
[  193.899155] x17: 0000000000000000 x16: 0000000000000000 
[  193.900334] x15: 0000000000000001 x14: 0000000000000000 
[  193.901389] x13: 0000000000000006 x12: 00000000c0a80164 
[  193.902319] x11: 0000000000000000 x10: 0000000000000068 
[  193.903333] x9 : 0000000000000000 x8 : 0000000000000080 
[  193.904113] x7 : ffff800010eca190 x6 : ffff800011f8b998 
[  193.904861] x5 : 00000000d5300000 x4 : ffff8000117c51f0 
[  193.905961] x3 : 00000000ae000000 x2 : 0000000000000000 
[  193.906718] x1 : ffff000075e12a00 x0 : 0000000060000005 
[  193.908306] Call trace:
[  193.909839]  do_undefinstr+0x2ec/0x310
[  193.910808]  el1_undef+0x10/0x84
[  193.911483]  ip_route_output_key_hash+0x74/0xa8
[  193.912133]  ip_route_output_flow+0x10/0x18
[  193.912814]  udp_sendmsg+0x520/0x860
[  193.913364]  inet_sendmsg+0x40/0x68
[  193.913897]  __sys_sendto+0xd4/0x150
[  193.914430]  __arm64_sys_sendto+0x24/0x30
[  193.915068]  el0_svc_common.constprop.0+0x68/0x160
[  193.915727]  el0_svc_handler+0x20/0x80
[  193.916283]  el0_svc+0x8/0xc
[  193.921446] Code: f9401bf7 17ffff7c a9025bf5 f9001bf7 (d4210000) 
[  193.927723] ---[ end trace 23d019bdc9d85b1d ]---
[  193.932853] note: python3[497] exited with preempt_count 1
[  194.036180] ------------[ cut here ]------------
[  194.038840] WARNING: CPU: 7 PID: 0 at kernel/rcu/tree.c:569 rcu_idle_enter+0x74/0x80
[  194.040583] Modules linked in:
[  194.046119] CPU: 7 PID: 0 Comm: swapper/7 Tainted: G      D           5.4.18 #2
[  194.046458] Hardware name: linux,dummy-virt (DT)
[  194.046622] pstate: 200003c5 (nzCv DAIF -PAN -UAO)
[  194.046802] pc : rcu_idle_enter+0x74/0x80
[  194.047000] lr : do_idle+0x200/0x288
[  194.047911] sp : ffff800011a7bf20
[  194.048939] x29: ffff800011a7bf20 x28: 0000000000000000 
[  194.049312] x27: 0000000000000000 x26: 0000000000000000 
[  194.049884] x25: 0000000000000000 x24: ffff8000117ba214 
[  194.050068] x23: ffff00007b0c7000 x22: ffff800011404ab8 
[  194.050260] x21: ffff8000117ba1f0 x20: 0000000000000007 
[  194.050435] x19: ffff8000117ba118 x18: 0000000000000010 
[  194.050630] x17: 0000000000000000 x16: 0000000000000000 
[  194.051280] x15: ffff000075e12e70 x14: 0000000000000001 
[  194.051457] x13: 0000000000001dd5 x12: 0000000000000000 
[  194.051627] x11: 0000000000777a42 x10: 00000000000009c0 
[  194.051822] x9 : ffff800011a7be90 x8 : ffff00007b0c7a20 
[  194.052036] x7 : 0000000000000007 x6 : 000001372aad0370 
[  194.052855] x5 : 00ffffffffffffff x4 : ffff80006c7db000 
[  194.053038] x3 : 4000000000000002 x2 : 4000000000000000 
[  194.053202] x1 : ffff800011406980 x0 : ffff00007dbe1980 
[  194.053368] Call trace:
[  194.053473]  rcu_idle_enter+0x74/0x80
[  194.053595]  do_idle+0x200/0x288
[  194.053722]  cpu_startup_entry+0x20/0x40
[  194.053858]  secondary_start_kernel+0x154/0x190
[  194.054037] ---[ end trace 23d019bdc9d85b1e ]---
