[  193.265072] Unable to handle kernel read from unreadable memory at virtual address ffff00007aa12ec0
[  193.266597] Mem abort info:
[  193.267013]   ESR = 0x8600000f
[  193.267640]   EC = 0x21: IABT (current EL), IL = 32 bits
[  193.269783]   SET = 0, FnV = 0
[  193.270420]   EA = 0, S1PTW = 0
[  193.276802] swapper pgtable: 4k pages, 48-bit VAs, pgdp=00000000412a6000
[  193.279280] [ffff00007aa12ec0] pgd=00000000bdff8003, pud=00000000bddfe003, pmd=00000000bdc28003, pte=00680000baa12713
[  193.289738] Internal error: Oops: 8600000f [#1] PREEMPT SMP
[  193.294161] Modules linked in:
[  193.299861] CPU: 6 PID: 496 Comm: python3 Not tainted 5.4.18 #2
[  193.305302] Hardware name: linux,dummy-virt (DT)
[  193.311092] pstate: 60000005 (nZCv daif -PAN -UAO)
[  193.324322] pc : 0xffff00007aa12ec0
[  193.325698] lr : 0xffff00007aa12ec0
[  193.326686] sp : ffff8000120cba60
[  193.331722] x29: ffff00007aa12ec0 x28: 0000000000000012 
[  193.341787] x27: ffff8000120cbd80 x26: 0000000000000011 
[  193.345181] x25: 0000000000000012 x24: ffff00007aa13208 
[  193.351426] x23: 000000006401a8c0 x22: 0000000000000000 
[  193.352705] x21: ffff000075813800 x20: ffff800010b762e8 
[  193.353065] x19: ffff00007aa12ec0 x18: 0000000000000000 
[  193.353497] x17: 0000000000000000 x16: 0000000000000000 
[  193.353865] x15: 0000000000000001 x14: 0000000000000000 
[  193.355268] x13: 0000000000000006 x12: 00000000c0a80164 
[  193.355591] x11: 0000000000000000 x10: 0000000000000068 
[  193.358188] x9 : 0000000000000000 x8 : 0000000000000080 
[  193.362732] x7 : ffff800010eca190 x6 : 0000000000000001 
[  193.365382] x5 : 0000000000000000 x4 : 0000000000000001 
[  193.370569] x3 : ffff0000783e1040 x2 : 0000000000000002 
[  193.385141] x1 : 0000000000000000 x0 : ffff0000783e1000 
[  193.390948] Call trace:
[  193.401599]  0xffff00007aa12ec0
[  193.409533] Code: 00000000 00000000 00000000 00000000 (00000000) 
[  193.428524] ---[ end trace 96447f40de7b255a ]---
