[  211.667186] kernel BUG at arch/arm64/kernel/traps.c:405!
[  211.673048] Internal error: Oops - BUG: 0 [#1] PREEMPT SMP
[  211.675160] Modules linked in:
[  211.678659] CPU: 6 PID: 497 Comm: python3 Not tainted 5.4.18 #2
[  211.679911] Hardware name: linux,dummy-virt (DT)
[  211.682726] pstate: 00000005 (nzcv daif -PAN -UAO)
[  211.684150] pc : do_undefinstr+0x2ec/0x310
[  211.684988] lr : do_undefinstr+0x1e0/0x310
[  211.686158] sp : ffff800011f0b940
[  211.687504] x29: ffff800011f0b940 x28: ffff00007a898000 
[  211.689443] x27: ffff800011f0bd80 x26: 0000000000000011 
[  211.692263] x25: 0000000000000012 x24: 0000000000000000 
[  211.693500] x23: 0000000040000005 x22: ffff800010b700bc 
[  211.694507] x21: ffff800011f0bae0 x20: ffff00007a898000 
[  211.695521] x19: ffff800011f0b9a0 x18: 0000000000000000 
[  211.696405] x17: 0000000000000000 x16: 0000000000000000 
[  211.697322] x15: 0000000000000000 x14: 0000000000000000 
[  211.698198] x13: 0000000000000000 x12: 0000000000000000 
[  211.699140] x11: 0000000000000000 x10: 000000000000a9c9 
[  211.700016] x9 : 000000006401a8c0 x8 : ffff800011963ac0 
[  211.700950] x7 : 00000000000003e8 x6 : ffff800011f0b998 
[  211.701826] x5 : 00000000d5300000 x4 : ffff8000117c51f0 
[  211.703698] x3 : 000000001aa00000 x2 : 0000000000000000 
[  211.706629] x1 : ffff00007a898000 x0 : 0000000040000005 
[  211.709002] Call trace:
[  211.709925]  do_undefinstr+0x2ec/0x310
[  211.710646]  el1_undef+0x10/0x84
[  211.711232]  ip_route_output_key_hash+0x44/0xa8
[  211.711983]  ip_route_output_flow+0x10/0x18
[  211.712639]  udp_sendmsg+0x520/0x860
[  211.713222]  inet_sendmsg+0x40/0x68
[  211.714031]  __sys_sendto+0xd4/0x150
[  211.714732]  __arm64_sys_sendto+0x24/0x30
[  211.715440]  el0_svc_common.constprop.0+0x68/0x160
[  211.716207]  el0_svc_handler+0x20/0x80
[  211.716933]  el0_svc+0x8/0xc
[  211.721213] Code: f9401bf7 17ffff7c a9025bf5 f9001bf7 (d4210000) 
[  211.724532] ---[ end trace e3269aae813a1b49 ]---
[  211.726527] note: python3[497] exited with preempt_count 1
[  211.854052] ------------[ cut here ]------------
[  211.857678] WARNING: CPU: 6 PID: 0 at kernel/rcu/tree.c:569 rcu_idle_enter+0x74/0x80
[  211.859410] Modules linked in:
[  211.864555] CPU: 6 PID: 0 Comm: swapper/6 Tainted: G      D           5.4.18 #2
[  211.867468] Hardware name: linux,dummy-virt (DT)
[  211.868188] pstate: 200003c5 (nzCv DAIF -PAN -UAO)
[  211.869344] pc : rcu_idle_enter+0x74/0x80
[  211.875630] lr : do_idle+0x200/0x288
[  211.875967] sp : ffff800011a73f20
[  211.876260] x29: ffff800011a73f20 x28: 0000000000000000 
[  211.876704] x27: 0000000000000000 x26: 0000000000000000 
[  211.879979] x25: 0000000000000000 x24: ffff8000117ba214 
[  211.883421] x23: ffff00007b0c6200 x22: ffff800011404ab8 
[  211.885750] x21: ffff8000117ba1f0 x20: 0000000000000006 
[  211.888977] x19: ffff8000117ba118 x18: 0000000000000010 
[  211.890555] x17: 0000000000000000 x16: 0000000000000000 
[  211.894358] x15: ffff00007a898470 x14: 0000000000000000 
[  211.896445] x13: 0000000000000001 x12: 0000000000000001 
[  211.897871] x11: 0000000000000400 x10: 00000000000009c0 
[  211.900555] x9 : ffff800011a73e90 x8 : ffff00007b0c6c20 
[  211.903482] x7 : 0000000000000006 x6 : 00000311cdf1db5f 
[  211.911373] x5 : 00ffffffffffffff x4 : ffff80006c7c5000 
[  211.915503] x3 : 4000000000000002 x2 : 4000000000000000 
[  211.921133] x1 : ffff800011406980 x0 : ffff00007dbcb980 
[  211.921667] Call trace:
[  211.922128]  rcu_idle_enter+0x74/0x80
[  211.922650]  do_idle+0x200/0x288
[  211.925030]  cpu_startup_entry+0x24/0x40
[  211.925808]  secondary_start_kernel+0x154/0x190
[  211.926584] ---[ end trace e3269aae813a1b4a ]---
