[  193.824285] kernel BUG at arch/arm64/kernel/traps.c:405!
[  193.839002] Internal error: Oops - BUG: 0 [#1] PREEMPT SMP
[  193.845290] Modules linked in:
[  193.852908] CPU: 4 PID: 493 Comm: python3 Not tainted 5.4.18 #2
[  193.854090] Hardware name: linux,dummy-virt (DT)
[  193.856585] pstate: 00000005 (nzcv daif -PAN -UAO)
[  193.866546] pc : do_undefinstr+0x2ec/0x310
[  193.867525] lr : do_undefinstr+0x1e0/0x310
[  193.868555] sp : ffff800011f5b9b0
[  193.869309] x29: ffff800011f5b9b0 x28: ffff00007a830e00 
[  193.870747] x27: ffff800011f5bd80 x26: 0000000000000011 
[  193.871802] x25: 0000000000000012 x24: 0000000000000000 
[  193.873603] x23: 0000000060000005 x22: ffff800010b70118 
[  193.875523] x21: ffff800011f5bb50 x20: ffff00007a830e00 
[  193.877375] x19: ffff800011f5ba10 x18: 0000000000000000 
[  193.878468] x17: 0000000000000000 x16: 0000000000000000 
[  193.879475] x15: 0000000000000001 x14: 0000000000000000 
[  193.880552] x13: 0000000000000006 x12: 00000000c0a80164 
[  193.881744] x11: 0000000000000000 x10: 0000000000000068 
[  193.882810] x9 : 0000000000000000 x8 : 0000000000000080 
[  193.884140] x7 : ffff800010eca190 x6 : ffff800011f5ba08 
[  193.885139] x5 : 00000000d5300000 x4 : ffff8000117c51f0 
[  193.886358] x3 : 00000000d6500000 x2 : 0000000000000000 
[  193.887354] x1 : ffff00007a830e00 x0 : 0000000060000005 
[  193.890920] Call trace:
[  193.893463]  do_undefinstr+0x2ec/0x310
[  193.895881]  el1_undef+0x10/0x84
[  193.896616]  ip_route_output_key_hash+0xa0/0xa8
[  193.897425]  udp_sendmsg+0x520/0x860
[  193.898137]  inet_sendmsg+0x40/0x68
[  193.898778]  __sys_sendto+0xd4/0x150
[  193.899407]  __arm64_sys_sendto+0x24/0x30
[  193.900291]  el0_svc_common.constprop.0+0x68/0x160
[  193.901034]  el0_svc_handler+0x20/0x80
[  193.901561]  el0_svc+0x8/0xc
[  193.903195] Code: f9401bf7 17ffff7c a9025bf5 f9001bf7 (d4210000) 
[  193.910244] ---[ end trace f86a8536395110b4 ]---
[  193.912366] note: python3[493] exited with preempt_count 1
[  193.986344] ------------[ cut here ]------------
[  193.988471] WARNING: CPU: 4 PID: 0 at kernel/rcu/tree.c:569 rcu_idle_enter+0x74/0x80
[  193.993461] Modules linked in:
[  193.994740] CPU: 4 PID: 0 Comm: swapper/4 Tainted: G      D           5.4.18 #2
[  193.997125] Hardware name: linux,dummy-virt (DT)
[  193.998863] pstate: 200003c5 (nzCv DAIF -PAN -UAO)
[  193.999436] pc : rcu_idle_enter+0x74/0x80
[  193.999977] lr : do_idle+0x200/0x288
[  194.000399] sp : ffff800011a63f20
[  194.002493] x29: ffff800011a63f20 x28: 0000000000000000 
[  194.003057] x27: 0000000000000000 x26: 0000000000000000 
[  194.004162] x25: 0000000000000000 x24: ffff8000117ba214 
[  194.005961] x23: ffff00007b0c4600 x22: ffff800011404ab8 
[  194.009734] x21: ffff8000117ba1f0 x20: 0000000000000004 
[  194.010705] x19: ffff8000117ba118 x18: 0000000000000010 
[  194.012207] x17: 0000000000000000 x16: 0000000000000000 
[  194.013490] x15: 0000000000000000 x14: 0000000000000000 
[  194.014801] x13: 0000000000000003 x12: 0000000000000000 
[  194.018732] x11: 0000000000000000 x10: 00000000000009c0 
[  194.021777] x9 : ffff800011a63e90 x8 : ffff00007b0c5020 
[  194.027283] x7 : 00000000000003e5 x6 : 000004199bf6a3c4 
[  194.029523] x5 : 00ffffffffffffff x4 : ffff80006c799000 
[  194.030309] x3 : 4000000000000002 x2 : 4000000000000000 
[  194.035603] x1 : ffff800011406980 x0 : ffff00007db9f980 
[  194.037579] Call trace:
[  194.037952]  rcu_idle_enter+0x74/0x80
[  194.038154]  do_idle+0x200/0x288
[  194.038347]  cpu_startup_entry+0x24/0x40
[  194.039388]  secondary_start_kernel+0x154/0x190
[  194.040970] ---[ end trace f86a8536395110b5 ]---
