[  193.797148] Unable to handle kernel paging request at virtual address ffff800079f9bdf4
[  193.809765] Mem abort info:
[  193.812463]   ESR = 0x96000005
[  193.814955]   EC = 0x25: DABT (current EL), IL = 32 bits
[  193.824929]   SET = 0, FnV = 0
[  193.828303]   EA = 0, S1PTW = 0
[  193.844049] Data abort info:
[  193.855836]   ISV = 0, ISS = 0x00000005
[  193.856157]   CM = 0, WnR = 0
[  193.869295] swapper pgtable: 4k pages, 48-bit VAs, pgdp=00000000412a6000
[  193.872740] [ffff800079f9bdf4] pgd=00000000bdfff003, pud=0000000000000000
[  193.879208] Internal error: Oops: 96000005 [#1] PREEMPT SMP
[  193.881042] Modules linked in:
[  193.885610] CPU: 7 PID: 494 Comm: python3 Not tainted 5.4.18 #2
[  193.888146] Hardware name: linux,dummy-virt (DT)
[  193.891479] pstate: 80000005 (Nzcv daif -PAN -UAO)
[  193.897110] pc : udp_sendmsg+0x538/0x860
[  193.897299] lr : udp_sendmsg+0x520/0x860
[  193.897468] sp : ffff800011d9bb60
[  193.899031] x29: ffff800011d9bb70 x28: 0000000000000012 
[  193.900057] x27: ffff800011d9bd80 x26: 0000000000000011 
[  193.900887] x25: 0000000000000012 x24: ffff00007b3c2988 
[  193.901849] x23: 000000006401a8c0 x22: 0000000000000000 
[  193.902762] x21: ffff00007957c600 x20: ffff800010b762e8 
[  193.905381] x19: ffff00007b3c2640 x18: 0000000000000000 
[  193.906300] x17: 0000000000000000 x16: 0000000000000000 
[  193.908100] x15: 0000000000000001 x14: 0000000000000000 
[  193.908773] x13: 0000000000000006 x12: 00000000c0a80164 
[  193.909952] x11: 0000000000000000 x10: 0000000000000068 
[  193.911875] x9 : 0000000000000000 x8 : ffff800011963ac0 
[  193.912834] x7 : ffff800079f9bd80 x6 : 0000000000000001 
[  193.916375] x5 : 0000000000000000 x4 : 0000000000000000 
[  193.922935] x3 : 0000000000000000 x2 : 0000000000000002 
[  193.925522] x1 : 0000000000000000 x0 : ffff800079f9bd80 
[  193.929869] Call trace:
[  193.932307]  udp_sendmsg+0x538/0x860
[  193.933382]  inet_sendmsg+0x40/0x68
[  193.933952]  __sys_sendto+0xd4/0x150
[  193.937357]  __arm64_sys_sendto+0x24/0x30
[  193.942649]  el0_svc_common.constprop.0+0x68/0x160
[  193.948139]  el0_svc_handler+0x20/0x80
[  193.954020]  el0_svc+0x8/0xc
[  193.962786] Code: b9409be4 b140041f a9488fe8 54001388 (b9407401) 
[  193.969949] ---[ end trace 7a1b052b0d6656eb ]---
