[  194.486026] Unable to handle kernel NULL pointer dereference at virtual address 0000000000000000
[  194.497510] Mem abort info:
[  194.498581]   ESR = 0x96000006
[  194.502438]   EC = 0x25: DABT (current EL), IL = 32 bits
[  194.511370]   SET = 0, FnV = 0
[  194.512915]   EA = 0, S1PTW = 0
[  194.513499] Data abort info:
[  194.517630]   ISV = 0, ISS = 0x00000006
[  194.518827]   CM = 0, WnR = 0
[  194.532266] user pgtable: 4k pages, 48-bit VAs, pgdp=00000000b808e000
[  194.540654] [0000000000000000] pgd=00000000b264c003, pud=00000000b8281003, pmd=0000000000000000
[  194.549549] Internal error: Oops: 96000006 [#1] PREEMPT SMP
[  194.554879] Modules linked in:
[  194.557192] CPU: 3 PID: 497 Comm: python3 Not tainted 5.4.18 #2
[  194.557427] Hardware name: linux,dummy-virt (DT)
[  194.557967] pstate: 40000005 (nZcv daif -PAN -UAO)
[  194.559542] pc : ip_route_output_key_hash_rcu+0x2c8/0x668
[  194.559833] lr : ip_route_output_key_hash_rcu+0x2c4/0x668
[  194.560039] sp : ffff800011f03a70
[  194.560184] x29: ffff800011f03a70 x28: 0000000000000012 
[  194.560490] x27: ffff800011f03d80 x26: 0000000000000011 
[  194.560669] x25: 0000000000000000 x24: 0000000000000000 
[  194.560842] x23: 0000000000000000 x22: ffff0000796c2a00 
[  194.561013] x21: ffff0000796c2a00 x20: ffff800011f03b18 
[  194.561199] x19: ffff800011f03c30 x18: 0000000000000000 
[  194.561590] x17: 0000000000000000 x16: 0000000000000000 
[  194.562260] x15: 0000000000000000 x14: 0000000000000000 
[  194.563380] x13: 0000000000000000 x12: 0000000000000000 
[  194.564606] x11: 0000000000000000 x10: 000000000000d4d2 
[  194.565173] x9 : 000000006401a8c0 x8 : ffff800011963ac0 
[  194.565950] x7 : 00000000000003e8 x6 : ffff800011f03de8 
[  194.566892] x5 : ffff800011963ac0 x4 : 0000000000000001 
[  194.568392] x3 : 0000000000000000 x2 : ffff800011f03b18 
[  194.569415] x1 : ffff0000796c2a00 x0 : 0000000000000000 
[  194.571274] Call trace:
[  194.573135]  ip_route_output_key_hash_rcu+0x2c8/0x668
[  194.574081]  ip_route_output_key_hash+0x74/0xa8
[  194.574316]  ip_route_output_flow+0x10/0x18
[  194.574950]  udp_sendmsg+0x520/0x860
[  194.575959]  inet_sendmsg+0x40/0x68
[  194.576785]  __sys_sendto+0xd4/0x150
[  194.577806]  __arm64_sys_sendto+0x24/0x30
[  194.578639]  el0_svc_common.constprop.0+0x68/0x160
[  194.582340]  el0_svc_handler+0x20/0x80
[  194.584419]  el0_svc+0x8/0xc
[  194.588525] Code: b9002a60 34fff9e1 97d781da f94156c0 (f9400000) 
[  194.592463] ---[ end trace 34709a6c1adc55f0 ]---
