[  193.295215] Kernel panic - not syncing: stack-protector: Kernel stack is corrupted in: ip_route_output_key_hash+0xa8/0xa8
[  193.307182] CPU: 5 PID: 495 Comm: python3 Not tainted 5.4.18 #2
[  193.308148] Hardware name: linux,dummy-virt (DT)
[  193.309627] Call trace:
[  193.310278]  dump_backtrace+0x0/0x140
[  193.310793]  show_stack+0x14/0x20
[  193.311221]  dump_stack+0xb4/0xf8
[  193.311592]  panic+0x158/0x324
[  193.311930]  __stack_chk_fail+0x1c/0x20
[  193.312302]  ipv4_update_pmtu+0x0/0xf8
[  193.312673]  ip_route_output_flow+0x10/0x18
[  193.313145]  udp_sendmsg+0x520/0x860
[  193.313496]  inet_sendmsg+0x40/0x68
[  193.313840]  __sys_sendto+0xd4/0x150
[  193.314179]  __arm64_sys_sendto+0x24/0x30
[  193.314542]  el0_svc_common.constprop.0+0x68/0x160
[  193.314942]  el0_svc_handler+0x20/0x80
[  193.315322]  el0_svc+0x8/0xc
[  193.318747] SMP: stopping secondary CPUs
[  193.323556] Kernel Offset: disabled
[  193.323884] CPU features: 0x0002,20006000
[  193.324101] Memory Limit: none
[  193.328032] ---[ end Kernel panic - not syncing: stack-protector: Kernel stack is corrupted in: ip_route_output_key_hash+0xa8/0xa8 ]---
