[  193.278609] Kernel panic - not syncing: stack-protector: Kernel stack is corrupted in: ip_route_output_key_hash+0xa8/0xa8
[  193.287118] CPU: 1 PID: 495 Comm: python3 Not tainted 5.4.18 #2
[  193.288063] Hardware name: linux,dummy-virt (DT)
[  193.290555] Call trace:
[  193.291670]  dump_backtrace+0x0/0x140
[  193.292837]  show_stack+0x14/0x20
[  193.293510]  dump_stack+0xb4/0xf8
[  193.294421]  panic+0x158/0x324
[  193.295006]  __stack_chk_fail+0x1c/0x20
[  193.295702]  ipv4_update_pmtu+0x0/0xf8
[  193.296698]  ip_route_output_flow+0x10/0x18
[  193.297438]  udp_sendmsg+0x520/0x860
[  193.298193]  inet_sendmsg+0x40/0x68
[  193.298831]  __sys_sendto+0xd4/0x150
[  193.299463]  __arm64_sys_sendto+0x24/0x30
[  193.300440]  el0_svc_common.constprop.0+0x68/0x160
[  193.301186]  el0_svc_handler+0x20/0x80
[  193.301789]  el0_svc+0x8/0xc
[  193.311930] SMP: stopping secondary CPUs
[  193.315868] Kernel Offset: disabled
[  193.316800] CPU features: 0x0002,20006000
[  193.317417] Memory Limit: none
[  193.322610] ---[ end Kernel panic - not syncing: stack-protector: Kernel stack is corrupted in: ip_route_output_key_hash+0xa8/0xa8 ]---
