[  192.959861] Unable to handle kernel NULL pointer dereference at virtual address 00000000000002f7
[  192.986949] Mem abort info:
[  192.992763]   ESR = 0x96000006
[  192.994873]   EC = 0x25: DABT (current EL), IL = 32 bits
[  192.998351]   SET = 0, FnV = 0
[  192.999148]   EA = 0, S1PTW = 0
[  193.004454] Data abort info:
[  193.004888]   ISV = 0, ISS = 0x00000006
[  193.005735]   CM = 0, WnR = 0
[  193.006405] user pgtable: 4k pages, 48-bit VAs, pgdp=00000000b15f6000
[  193.007197] [00000000000002f7] pgd=00000000b5970003, pud=00000000b597d003, pmd=0000000000000000
[  193.015150] Internal error: Oops: 96000006 [#1] PREEMPT SMP
[  193.020593] Modules linked in:
[  193.031594] CPU: 0 PID: 495 Comm: python3 Not tainted 5.4.18 #2
[  193.041765] Hardware name: linux,dummy-virt (DT)
[  193.051208] pstate: 80000005 (Nzcv daif -PAN -UAO)
[  193.057734] pc : ip_setup_cork+0x60/0x180
[  193.059590] lr : ip_make_skb+0x78/0x140
[  193.060499] sp : ffff800011f93a90
[  193.067332] x29: ffff800011f93a90 x28: ffff800011f93b40 
[  193.068862] x27: 000000000000001a x26: ffff800011f93d80 
[  193.069236] x25: ffff800000000000 x24: 0000000000000000 
[  193.069671] x23: 0000000000000000 x22: ffff000073d0a0c0 
[  193.070351] x21: ffff800011f93c00 x20: ffff800011f93c08 
[  193.070952] x19: ffff800011f93c68 x18: 0000000000000000 
[  193.071487] x17: 0000000000000000 x16: 0000000000000000 
[  193.073967] x15: 0000000000000001 x14: 0000000000000000 
[  193.074480] x13: 0000000000000006 x12: 00000000c0a80164 
[  193.075018] x11: 0000000000000000 x10: 0000000000000068 
[  193.075511] x9 : 0000000000000000 x8 : 0000000000000000 
[  193.076097] x7 : ffff800011f93c00 x6 : ffff800011f93c08 
[  193.077310] x5 : 0000000000000008 x4 : 000000000000001a 
[  193.077845] x3 : ffff800011f93c00 x2 : ffff800011f93c08 
[  193.078329] x1 : ffff800011f93c68 x0 : 0000000000000000 
[  193.082397] Call trace:
[  193.083363]  ip_setup_cork+0x60/0x180
[  193.084122]  ip_make_skb+0x78/0x140
[  193.084395]  udp_sendmsg+0x6ec/0x860
[  193.084655]  inet_sendmsg+0x40/0x68
[  193.085326]  __sys_sendto+0xd4/0x150
[  193.086057]  __arm64_sys_sendto+0x24/0x30
[  193.088163]  el0_svc_common.constprop.0+0x68/0x160
[  193.090098]  el0_svc_handler+0x20/0x80
[  193.093643]  el0_svc+0x8/0xc
[  193.097302] Code: 32000021 b9000261 b9401280 b9000660 (394bdf00) 
[  193.102649] ---[ end trace ca89faadb9361dde ]---
