[  193.192528] kernel BUG at arch/arm64/kernel/traps.c:405!
[  193.206133] Internal error: Oops - BUG: 0 [#1] PREEMPT SMP
[  193.208340] Modules linked in:
[  193.212920] CPU: 1 PID: 493 Comm: python3 Not tainted 5.4.18 #2
[  193.213361] Hardware name: linux,dummy-virt (DT)
[  193.214264] pstate: 00000005 (nzcv daif -PAN -UAO)
[  193.216816] pc : do_undefinstr+0x2ec/0x310
[  193.217139] lr : do_undefinstr+0x1e0/0x310
[  193.217472] sp : ffff800011f8b940
[  193.217745] x29: ffff800011f8b940 x28: ffff00007abe9c00 
[  193.218209] x27: ffff800011f8bd80 x26: 0000000000000011 
[  193.218567] x25: 0000000000000012 x24: 0000000000000000 
[  193.219113] x23: 0000000040000005 x22: ffff800010b700b4 
[  193.219484] x21: ffff800011f8bae0 x20: ffff00007abe9c00 
[  193.219836] x19: ffff800011f8b9a0 x18: 0000000000000000 
[  193.220189] x17: 0000000000000000 x16: 0000000000000000 
[  193.220614] x15: 0000000000000000 x14: 0000000000000000 
[  193.222662] x13: 0000000000000000 x12: 0000000000000000 
[  193.224620] x11: 0000000000000000 x10: 0000000000002f9a 
[  193.226127] x9 : 000000006401a8c0 x8 : ffff800011963ac0 
[  193.228072] x7 : 00000000000003e8 x6 : ffff800011f8b998 
[  193.229650] x5 : 00000000d5300000 x4 : ffff8000117c51f0 
[  193.231231] x3 : 00000000a1000000 x2 : 0000000000000000 
[  193.232073] x1 : ffff00007abe9c00 x0 : 0000000040000005 
[  193.234057] Call trace:
[  193.235185]  do_undefinstr+0x2ec/0x310
[  193.235932]  el1_undef+0x10/0x84
[  193.237195]  ip_route_output_key_hash+0x3c/0xa8
[  193.237858]  ip_route_output_flow+0x10/0x18
[  193.238468]  udp_sendmsg+0x520/0x860
[  193.239182]  inet_sendmsg+0x40/0x68
[  193.239735]  __sys_sendto+0xd4/0x150
[  193.240277]  __arm64_sys_sendto+0x24/0x30
[  193.241111]  el0_svc_common.constprop.0+0x68/0x160
[  193.241803]  el0_svc_handler+0x20/0x80
[  193.242402]  el0_svc+0x8/0xc
[  193.244208] Code: f9401bf7 17ffff7c a9025bf5 f9001bf7 (d4210000) 
[  193.248252] ---[ end trace 172a1fa168826ba1 ]---
[  193.249876] note: python3[493] exited with preempt_count 1
[  193.361279] ------------[ cut here ]------------
[  193.366855] WARNING: CPU: 1 PID: 0 at kernel/rcu/tree.c:569 rcu_idle_enter+0x74/0x80
[  193.385053] Modules linked in:
[  193.389533] CPU: 1 PID: 0 Comm: swapper/1 Tainted: G      D           5.4.18 #2
[  193.390986] Hardware name: linux,dummy-virt (DT)
[  193.394469] pstate: 200003c5 (nzCv DAIF -PAN -UAO)
[  193.396865] pc : rcu_idle_enter+0x74/0x80
[  193.405941] lr : do_idle+0x200/0x288
[  193.406830] sp : ffff800011a4bf20
[  193.412767] x29: ffff800011a4bf20 x28: 0000000000000000 
[  193.416796] x27: 0000000000000000 x26: 0000000000000000 
[  193.418871] x25: 0000000000000000 x24: ffff8000117ba214 
[  193.421191] x23: ffff00007b0c1c00 x22: ffff800011404ab8 
[  193.425850] x21: ffff8000117ba1f0 x20: 0000000000000001 
[  193.426458] x19: ffff8000117ba118 x18: 0000000000000010 
[  193.426788] x17: 0000000000000000 x16: 0000000000000000 
[  193.432205] x15: 0000000000000077 x14: 0000000000000000 
[  193.434163] x13: 0000000000000002 x12: 0000000000000077 
[  193.438934] x11: 0000000000000001 x10: 00000000000009c0 
[  193.444999] x9 : 0000a7e32682bc68 x8 : 000000000000a7e3 
[  193.446938] x7 : 000000000000b6d5 x6 : 000002f5f6f067be 
[  193.457359] x5 : 00ffffffffffffff x4 : ffff80006c757000 
[  193.460707] x3 : 4000000000000002 x2 : 4000000000000000 
[  193.462620] x1 : ffff800011406980 x0 : ffff00007db5d980 
[  193.466369] Call trace:
[  193.469283]  rcu_idle_enter+0x74/0x80
[  193.470280]  do_idle+0x200/0x288
[  193.471162]  cpu_startup_entry+0x24/0x40
[  193.472528]  secondary_start_kernel+0x154/0x190
[  193.477762] ---[ end trace 172a1fa168826ba2 ]---
