[  194.736795] kernel BUG at arch/arm64/kernel/traps.c:405!
[  194.742531] Internal error: Oops - BUG: 0 [#1] PREEMPT SMP
[  194.744465] Modules linked in:
[  194.746852] CPU: 6 PID: 493 Comm: python3 Not tainted 5.4.18 #2
[  194.747381] Hardware name: linux,dummy-virt (DT)
[  194.748077] pstate: 00000005 (nzcv daif -PAN -UAO)
[  194.750242] pc : do_undefinstr+0x2ec/0x310
[  194.750756] lr : do_undefinstr+0x1e0/0x310
[  194.751281] sp : ffff800011f539b0
[  194.751725] x29: ffff800011f539b0 x28: ffff000079612a00 
[  194.752518] x27: ffff800011f53d80 x26: 0000000000000011 
[  194.753517] x25: 0000000000000012 x24: 0000000000000000 
[  194.754134] x23: 0000000060000005 x22: ffff800010b70118 
[  194.755015] x21: ffff800011f53b50 x20: ffff000079612a00 
[  194.755693] x19: ffff800011f53a10 x18: 0000000000000000 
[  194.756061] x17: 0000000000000000 x16: 0000000000000000 
[  194.756414] x15: 0000000000000001 x14: 0000000000000000 
[  194.756743] x13: 0000000000000006 x12: 00000000c0a80164 
[  194.757064] x11: 0000000000000000 x10: 0000000000000068 
[  194.757353] x9 : 0000000000000000 x8 : 0000000000000080 
[  194.757641] x7 : ffff800010eca190 x6 : ffff800011f53a08 
[  194.757927] x5 : 00000000d5300000 x4 : ffff8000117c51f0 
[  194.758458] x3 : 00000000d6500000 x2 : 0000000000000000 
[  194.758733] x1 : ffff000079612a00 x0 : 0000000060000005 
[  194.759592] Call trace:
[  194.760181]  do_undefinstr+0x2ec/0x310
[  194.760800]  el1_undef+0x10/0x84
[  194.761207]  ip_route_output_key_hash+0xa0/0xa8
[  194.761660]  udp_sendmsg+0x520/0x860
[  194.762040]  inet_sendmsg+0x40/0x68
[  194.762528]  __sys_sendto+0xd4/0x150
[  194.762985]  __arm64_sys_sendto+0x24/0x30
[  194.763409]  el0_svc_common.constprop.0+0x68/0x160
[  194.763818]  el0_svc_handler+0x20/0x80
[  194.764055]  el0_svc+0x8/0xc
[  194.764775] Code: f9401bf7 17ffff7c a9025bf5 f9001bf7 (d4210000) 
[  194.766819] ---[ end trace da1cf5a740410a4a ]---
[  194.768288] note: python3[493] exited with preempt_count 1
[  194.827148] ------------[ cut here ]------------
[  194.828068] WARNING: CPU: 6 PID: 0 at kernel/rcu/tree.c:569 rcu_idle_enter+0x74/0x80
[  194.828697] Modules linked in:
[  194.829609] CPU: 6 PID: 0 Comm: swapper/6 Tainted: G      D           5.4.18 #2
[  194.834297] Hardware name: linux,dummy-virt (DT)
[  194.838815] pstate: 200003c5 (nzCv DAIF -PAN -UAO)
[  194.840849] pc : rcu_idle_enter+0x74/0x80
[  194.842228] lr : do_idle+0x200/0x288
[  194.842802] sp : ffff800011a73f20
[  194.843130] x29: ffff800011a73f20 x28: 0000000000000000 
[  194.843726] x27: 0000000000000000 x26: 0000000000000000 
[  194.844139] x25: 0000000000000000 x24: ffff8000117ba214 
[  194.844520] x23: ffff00007b0c6200 x22: ffff800011404ab8 
[  194.854107] x21: ffff8000117ba1f0 x20: 0000000000000006 
[  194.854798] x19: ffff8000117ba118 x18: 0000000000000010 
[  194.855289] x17: 0000000000000000 x16: 0000000000000000 
[  194.856486] x15: 000000000000027b x14: 0000000000000000 
[  194.856922] x13: 0000000000000003 x12: 000000000000027b 
[  194.857780] x11: 0000000000000001 x10: 00000000000009c0 
[  194.858657] x9 : ffff800011a73e90 x8 : ffff00007b0c6c20 
[  194.859716] x7 : 00000000000003fe x6 : 00000439e2d9fce4 
[  194.867352] x5 : 00ffffffffffffff x4 : ffff80006c7c5000 
[  194.868319] x3 : 4000000000000002 x2 : 4000000000000000 
[  194.870151] x1 : ffff800011406980 x0 : ffff00007dbcb980 
[  194.875009] Call trace:
[  194.878367]  rcu_idle_enter+0x74/0x80
[  194.880996]  do_idle+0x200/0x288
[  194.881718]  cpu_startup_entry+0x24/0x40
[  194.884051]  secondary_start_kernel+0x154/0x190
[  194.885394] ---[ end trace da1cf5a740410a4b ]---
