[  193.865915] Kernel panic - not syncing: stack-protector: Kernel stack is corrupted in: ip_route_output_key_hash+0xa8/0xa8
[  193.878104] CPU: 1 PID: 494 Comm: python3 Not tainted 5.4.18 #2
[  193.879442] Hardware name: linux,dummy-virt (DT)
[  193.881780] Call trace:
[  193.882729]  dump_backtrace+0x0/0x140
[  193.883580]  show_stack+0x14/0x20
[  193.884240]  dump_stack+0xb4/0xf8
[  193.886023]  panic+0x158/0x324
[  193.887506]  __stack_chk_fail+0x1c/0x20
[  193.889055]  ipv4_update_pmtu+0x0/0xf8
[  193.890343]  ip_route_output_flow+0x10/0x18
[  193.891885]  udp_sendmsg+0x520/0x860
[  193.893830]  inet_sendmsg+0x40/0x68
[  193.894773]  __sys_sendto+0xd4/0x150
[  193.895979]  __arm64_sys_sendto+0x24/0x30
[  193.896808]  el0_svc_common.constprop.0+0x68/0x160
[  193.897660]  el0_svc_handler+0x20/0x80
[  193.898299]  el0_svc+0x8/0xc
[  193.903783] SMP: stopping secondary CPUs
[  193.908464] Kernel Offset: disabled
[  193.909653] CPU features: 0x0002,20006000
[  193.910529] Memory Limit: none
[  193.915535] ---[ end Kernel panic - not syncing: stack-protector: Kernel stack is corrupted in: ip_route_output_key_hash+0xa8/0xa8 ]---
