[  193.645238] Kernel panic - not syncing: stack-protector: Kernel stack is corrupted in: ip_route_output_key_hash+0xa8/0xa8
[  193.648207] CPU: 0 PID: 495 Comm: python3 Not tainted 5.4.18 #2
[  193.648963] Hardware name: linux,dummy-virt (DT)
[  193.650807] Call trace:
[  193.651264]  dump_backtrace+0x0/0x140
[  193.651862]  show_stack+0x14/0x20
[  193.652249]  dump_stack+0xb4/0xf8
[  193.652610]  panic+0x158/0x324
[  193.652947]  __stack_chk_fail+0x1c/0x20
[  193.653337]  ipv4_update_pmtu+0x0/0xf8
[  193.653774]  ip_route_output_flow+0x10/0x18
[  193.654188]  udp_sendmsg+0x520/0x860
[  193.654561]  inet_sendmsg+0x40/0x68
[  193.654928]  __sys_sendto+0xd4/0x150
[  193.655589]  __arm64_sys_sendto+0x24/0x30
[  193.657332]  el0_svc_common.constprop.0+0x68/0x160
[  193.659380]  el0_svc_handler+0x20/0x80
[  193.660715]  el0_svc+0x8/0xc
[  193.664930] SMP: stopping secondary CPUs
[  193.670871] Kernel Offset: disabled
[  193.672470] CPU features: 0x0002,20006000
[  193.674398] Memory Limit: none
[  193.680881] ---[ end Kernel panic - not syncing: stack-protector: Kernel stack is corrupted in: ip_route_output_key_hash+0xa8/0xa8 ]---
