[  194.741994] Unable to handle kernel NULL pointer dereference at virtual address 0000000000000000
[  194.764154] Mem abort info:
[  194.769458]   ESR = 0x96000046
[  194.773497]   EC = 0x25: DABT (current EL), IL = 32 bits
[  194.784759]   SET = 0, FnV = 0
[  194.786603]   EA = 0, S1PTW = 0
[  194.788349] Data abort info:
[  194.789269]   ISV = 0, ISS = 0x00000046
[  194.790081]   CM = 0, WnR = 1
[  194.797981] user pgtable: 4k pages, 48-bit VAs, pgdp=00000000b7c9c000
[  194.825795] [0000000000000000] pgd=00000000b27e7003, pud=00000000b6e19003, pmd=0000000000000000
[  194.831448] Internal error: Oops: 96000046 [#1] PREEMPT SMP
[  194.832424] Modules linked in:
[  194.836844] CPU: 0 PID: 500 Comm: python3 Not tainted 5.4.18 #2
[  194.837552] Hardware name: linux,dummy-virt (DT)
[  194.839909] pstate: 80000005 (Nzcv daif -PAN -UAO)
[  194.844653] pc : fib_table_lookup+0x22c/0x390
[  194.845065] lr : ip_route_output_key_hash_rcu+0x2e0/0x668
[  194.845397] sp : ffff800011faba10
[  194.846087] x29: ffff800011faba10 x28: 0000000000000012 
[  194.848763] x27: ffff800011fabd80 x26: 0000000000000011 
[  194.852434] x25: 0000000000000000 x24: 0000000000000000 
[  194.858885] x23: ffff000079400380 x22: ffff000079400300 
[  194.860857] x21: ffff00007aa24600 x20: ffff00007b216118 
[  194.864486] x19: ffff000076dc4028 x18: 0000000000000000 
[  194.865102] x17: 0000000000000000 x16: 0000000000000000 
[  194.867523] x15: 0000000000000001 x14: 0000000000000000 
[  194.868595] x13: 0000000000000006 x12: 00000000c0a80164 
[  194.869304] x11: 0000000000000000 x10: 0000000000000068 
[  194.869978] x9 : 0000000000000000 x8 : 0000000000000080 
[  194.875924] x7 : ffff800010eca190 x6 : 0000000000000001 
[  194.886356] x5 : 0000000000000000 x4 : 0000000000000000 
[  194.889159] x3 : 0000000000000001 x2 : 0000000000000000 
[  194.890249] x1 : 000000006401a8c0 x0 : 0000000000000020 
[  194.891847] Call trace:
[  194.893268]  fib_table_lookup+0x22c/0x390
[  194.896090]  ip_route_output_key_hash_rcu+0x2e0/0x668
[  194.898119]  ip_route_output_key_hash+0x74/0xa8
[  194.898631]  ip_route_output_flow+0x10/0x18
[  194.901592]  udp_sendmsg+0x520/0x860
[  194.907961]  inet_sendmsg+0x40/0x68
[  194.912701]  __sys_sendto+0xd4/0x150
[  194.913450]  __arm64_sys_sendto+0x24/0x30
[  194.914935]  el0_svc_common.constprop.0+0x68/0x160
[  194.916393]  el0_svc_handler+0x20/0x80
[  194.917055]  el0_svc+0x8/0xc
[  194.923422] Code: 36000423 b8408661 52800400 5ac00821 (b9000041) 
[  194.929327] ---[ end trace 0452c31ec0d710cc ]---
