[  196.660837] Kernel panic - not syncing: stack-protector: Kernel stack is corrupted in: sock_alloc_send_pskb+0x260/0x260
[  196.669338] CPU: 5 PID: 492 Comm: python3 Not tainted 5.4.18 #2
[  196.670598] Hardware name: linux,dummy-virt (DT)
[  196.672661] Call trace:
[  196.673630]  dump_backtrace+0x0/0x140
[  196.674679]  show_stack+0x14/0x20
[  196.675340]  dump_stack+0xb4/0xf8
[  196.677795]  panic+0x158/0x324
[  196.679777]  __stack_chk_fail+0x1c/0x20
[  196.681554]  sock_alloc_send_skb+0x0/0x28
[  196.683251]  sock_alloc_send_skb+0x1c/0x28
[  196.684644]  __ip_append_data.isra.0+0x788/0xc30
[  196.685442]  ip_make_skb+0xec/0x140
[  196.686187]  udp_sendmsg+0x6ec/0x860
[  196.686836]  inet_sendmsg+0x40/0x68
[  196.687455]  __sys_sendto+0xd4/0x150
[  196.688147]  __arm64_sys_sendto+0x24/0x30
[  196.688854]  el0_svc_common.constprop.0+0x68/0x160
[  196.689729]  el0_svc_handler+0x20/0x80
[  196.690447]  el0_svc+0x8/0xc
[  196.696135] SMP: stopping secondary CPUs
[  196.700857] Kernel Offset: disabled
[  196.702128] CPU features: 0x0002,20006000
[  196.703052] Memory Limit: none
[  196.708694] ---[ end Kernel panic - not syncing: stack-protector: Kernel stack is corrupted in: sock_alloc_send_pskb+0x260/0x260 ]---
