[  193.072679] Kernel panic - not syncing: stack-protector: Kernel stack is corrupted in: sock_alloc_send_pskb+0x260/0x260
[  193.083898] CPU: 3 PID: 493 Comm: python3 Not tainted 5.4.18 #2
[  193.084957] Hardware name: linux,dummy-virt (DT)
[  193.086944] Call trace:
[  193.087782]  dump_backtrace+0x0/0x140
[  193.088355]  show_stack+0x14/0x20
[  193.088907]  dump_stack+0xb4/0xf8
[  193.089352]  panic+0x158/0x324
[  193.089762]  __stack_chk_fail+0x1c/0x20
[  193.090232]  sock_alloc_send_skb+0x0/0x28
[  193.090948]  sock_alloc_send_skb+0x1c/0x28
[  193.091506]  __ip_append_data.isra.0+0x788/0xc30
[  193.092042]  ip_make_skb+0xec/0x140
[  193.092599]  udp_sendmsg+0x6ec/0x860
[  193.093066]  inet_sendmsg+0x40/0x68
[  193.093493]  __sys_sendto+0xd4/0x150
[  193.093903]  __arm64_sys_sendto+0x24/0x30
[  193.094390]  el0_svc_common.constprop.0+0x68/0x160
[  193.094931]  el0_svc_handler+0x20/0x80
[  193.095355]  el0_svc+0x8/0xc
[  193.099823] SMP: stopping secondary CPUs
[  193.107994] Kernel Offset: disabled
[  193.109337] CPU features: 0x0002,20006000
[  193.110034] Memory Limit: none
[  193.114854] ---[ end Kernel panic - not syncing: stack-protector: Kernel stack is corrupted in: sock_alloc_send_pskb+0x260/0x260 ]---
