[  196.009958] Kernel panic - not syncing: stack-protector: Kernel stack is corrupted in: sock_alloc_send_pskb+0x260/0x260
[  196.018720] CPU: 7 PID: 494 Comm: python3 Not tainted 5.4.18 #2
[  196.019652] Hardware name: linux,dummy-virt (DT)
[  196.021682] Call trace:
[  196.022908]  dump_backtrace+0x0/0x140
[  196.023609]  show_stack+0x14/0x20
[  196.024194]  dump_stack+0xb4/0xf8
[  196.024680]  panic+0x158/0x324
[  196.025095]  __stack_chk_fail+0x1c/0x20
[  196.025568]  sock_alloc_send_skb+0x0/0x28
[  196.026053]  sock_alloc_send_skb+0x1c/0x28
[  196.027909]  __ip_append_data.isra.0+0x788/0xc30
[  196.029018]  ip_make_skb+0xec/0x140
[  196.029779]  udp_sendmsg+0x6ec/0x860
[  196.030538]  inet_sendmsg+0x40/0x68
[  196.031353]  __sys_sendto+0xd4/0x150
[  196.032216]  __arm64_sys_sendto+0x24/0x30
[  196.033963]  el0_svc_common.constprop.0+0x68/0x160
[  196.035616]  el0_svc_handler+0x20/0x80
[  196.036776]  el0_svc+0x8/0xc
[  196.048452] SMP: stopping secondary CPUs
[  196.054734] Kernel Offset: disabled
[  196.056381] CPU features: 0x0002,20006000
[  196.057530] Memory Limit: none
[  196.063505] ---[ end Kernel panic - not syncing: stack-protector: Kernel stack is corrupted in: sock_alloc_send_pskb+0x260/0x260 ]---
