[  192.866094] Kernel panic - not syncing: stack-protector: Kernel stack is corrupted in: sock_alloc_send_pskb+0x260/0x260
[  192.880199] CPU: 7 PID: 494 Comm: python3 Not tainted 5.4.18 #2
[  192.881466] Hardware name: linux,dummy-virt (DT)
[  192.883552] Call trace:
[  192.884745]  dump_backtrace+0x0/0x140
[  192.885921]  show_stack+0x14/0x20
[  192.886944]  dump_stack+0xb4/0xf8
[  192.888274]  panic+0x158/0x324
[  192.889123]  __stack_chk_fail+0x1c/0x20
[  192.889793]  sock_alloc_send_skb+0x0/0x28
[  192.890543]  sock_alloc_send_skb+0x1c/0x28
[  192.891262]  __ip_append_data.isra.0+0x788/0xc30
[  192.891964]  ip_make_skb+0xec/0x140
[  192.892594]  udp_sendmsg+0x6ec/0x860
[  192.893190]  inet_sendmsg+0x40/0x68
[  192.893762]  __sys_sendto+0xd4/0x150
[  192.894623]  __arm64_sys_sendto+0x24/0x30
[  192.895321]  el0_svc_common.constprop.0+0x68/0x160
[  192.896044]  el0_svc_handler+0x20/0x80
[  192.896730]  el0_svc+0x8/0xc
[  192.902435] SMP: stopping secondary CPUs
[  192.908228] Kernel Offset: disabled
[  192.909095] CPU features: 0x0002,20006000
[  192.909848] Memory Limit: none
[  192.913990] ---[ end Kernel panic - not syncing: stack-protector: Kernel stack is corrupted in: sock_alloc_send_pskb+0x260/0x260 ]---
