[  193.349973] Unable to handle kernel NULL pointer dereference at virtual address 0000000000000008
[  193.362413] Mem abort info:
[  193.363622]   ESR = 0x96000006
[  193.364612]   EC = 0x25: DABT (current EL), IL = 32 bits
[  193.368682]   SET = 0, FnV = 0
[  193.373546]   EA = 0, S1PTW = 0
[  193.376372] Data abort info:
[  193.377231]   ISV = 0, ISS = 0x00000006
[  193.382000]   CM = 0, WnR = 0
[  193.391131] user pgtable: 4k pages, 48-bit VAs, pgdp=00000000b96d5000
[  193.395353] [0000000000000008] pgd=00000000b94f7003, pud=00000000b94f0003, pmd=0000000000000000
[  193.407685] Internal error: Oops: 96000006 [#1] PREEMPT SMP
[  193.413880] Modules linked in:
[  193.418574] CPU: 7 PID: 495 Comm: python3 Not tainted 5.4.18 #2
[  193.419136] Hardware name: linux,dummy-virt (DT)
[  193.422232] pstate: 40000005 (nZcv daif -PAN -UAO)
[  193.432665] pc : sock_getsockopt+0xc44/0xf70
[  193.433287] lr : sock_alloc_send_skb+0x1c/0x28
[  193.438504] sp : ffff800011f9b930
[  193.440274] x29: ffff800011f9b930 x28: 0000000000000000 
[  193.444006] x27: 0000000000000000 x26: 7fffffffffffffff 
[  193.453136] x25: ffff00007a8f2a93 x24: ffff800011f9bac4 
[  193.462948] x23: ffff000079756200 x22: ffff8000101271d8 
[  193.468459] x21: 0000000000000000 x20: 0000000000000000 
[  193.472849] x19: ffff800011f9b9b8 x18: 0000000000000000 
[  193.476214] x17: 0000000000000000 x16: 0000000000000000 
[  193.483409] x15: 0000000000000001 x14: 0000000000000000 
[  193.486506] x13: 0000000000000006 x12: 00000000c0a80164 
[  193.488722] x11: 0000000000000000 x10: 0000000000000068 
[  193.492880] x9 : 0000000000000000 x8 : 00000000000005c8 
[  193.495882] x7 : 0000000000000000 x6 : 0000000000000010 
[  193.498256] x5 : 0000000000000000 x4 : ffff800011f9bac4 
[  193.504407] x3 : 0000000000000000 x2 : 0000000000000008 
[  193.519236] x1 : 0000000000000000 x0 : 0000000000000008 
[  193.527469] Call trace:
[  193.531140]  sock_getsockopt+0xc44/0xf70
[  193.540356]  sock_alloc_send_skb+0x1c/0x28
[  193.547981]  __ip_append_data.isra.0+0x788/0xc30
[  193.556828]  ip_make_skb+0xec/0x140
[  193.560584]  udp_sendmsg+0x6ec/0x860
[  193.563248]  inet_sendmsg+0x40/0x68
[  193.566090]  __sys_sendto+0xd4/0x150
[  193.572482]  __arm64_sys_sendto+0x24/0x30
[  193.577008]  el0_svc_common.constprop.0+0x68/0x160
[  193.581235]  el0_svc_handler+0x20/0x80
[  193.584641]  el0_svc+0x8/0xc
[  193.601661] Code: c8027c20 35ffffa2 17fff081 f9800011 (c85f7c01) 
[  193.612832] ---[ end trace 89a7651a4f01089c ]---
[  193.880442] Unable to handle kernel NULL pointer dereference at virtual address 0000000000000008
[  193.887986] Mem abort info:
[  193.888881]   ESR = 0x96000004
[  193.890748]   EC = 0x25: DABT (current EL), IL = 32 bits
[  193.892774]   SET = 0, FnV = 0
[  193.899798]   EA = 0, S1PTW = 0
[  193.907313] Data abort info:
[  193.908094]   ISV = 0, ISS = 0x00000004
[  193.910789]   CM = 0, WnR = 0
[  193.911718] user pgtable: 4k pages, 48-bit VAs, pgdp=00000000ba490000
[  193.915420] [0000000000000008] pgd=0000000000000000
[  193.917304] Internal error: Oops: 96000004 [#2] PREEMPT SMP
[  193.919198] Modules linked in:
[  193.921756] CPU: 0 PID: 1 Comm: systemd Tainted: G      D           5.4.18 #2
[  193.923799] Hardware name: linux,dummy-virt (DT)
[  193.925308] pstate: 40000005 (nZcv daif -PAN -UAO)
[  193.927993] pc : sock_getsockopt+0xc44/0xf70
[  193.931434] lr : unix_dgram_sendmsg+0x110/0x568
[  193.933683] sp : ffff80001005ba90
[  193.934761] x29: ffff80001005ba90 x28: 0000000000000000 
[  193.936340] x27: 0000000000000003 x26: 0000000000000003 
[  193.937850] x25: ffff00007a8b1413 x24: ffff80001005bbb0 
[  193.940357] x23: ffff00007b0a8000 x22: ffff8000101271d8 
[  193.944097] x21: 0000000000000164 x20: ffff000078454600 
[  193.944688] x19: ffff80001005bb18 x18: 0000000000000000 
[  193.946728] x17: 0000000000000000 x16: 0000000000000000 
[  193.949933] x15: 0000000000000000 x14: 0000ffffa72df2f9 
[  193.953427] x13: 0000000000000010 x12: 0000aaab0cb3b2b0 
[  193.954575] x11: 0000000000000001 x10: 0000000000400100 
[  193.955262] x9 : ffff00007b0a8000 x8 : 0000ffffffffffff 
[  193.956009] x7 : 0000000000000000 x6 : 0000000000000001 
[  193.958548] x5 : 0000000000000003 x4 : ffff80001005bbb0 
[  193.960065] x3 : 0000000000000000 x2 : 0000000000000008 
[  193.961963] x1 : 0000000000000000 x0 : 0000000000000008 
[  193.963730] Call trace:
[  193.964555]  sock_getsockopt+0xc44/0xf70
[  193.965812]  unix_dgram_sendmsg+0x110/0x568
[  193.967236]  ____sys_sendmsg+0x240/0x280
[  193.968802]  ___sys_sendmsg+0x80/0xe0
[  193.972399]  __sys_sendmsg+0x64/0xc0
[  193.974759]  __arm64_sys_sendmsg+0x20/0x28
[  193.975152]  el0_svc_common.constprop.0+0x68/0x160
[  193.977373]  el0_svc_handler+0x20/0x80
[  193.978557]  el0_svc+0x8/0xc
[  193.979523] Code: c8027c20 35ffffa2 17fff081 f9800011 (c85f7c01) 
[  193.985582] ---[ end trace 89a7651a4f01089d ]---
[  193.988328] Kernel panic - not syncing: Attempted to kill init! exitcode=0x0000000b
[  193.993220] SMP: stopping secondary CPUs
[  193.996702] Kernel Offset: disabled
[  193.997297] CPU features: 0x0002,20006000
[  193.997675] Memory Limit: none
[  193.999589] ---[ end Kernel panic - not syncing: Attempted to kill init! exitcode=0x0000000b ]---
