[  196.596120] Unable to handle kernel paging request at virtual address 00000000796b3fc0
[  196.606033] Mem abort info:
[  196.608032]   ESR = 0x96000005
[  196.614332]   EC = 0x25: DABT (current EL), IL = 32 bits
[  196.617184]   SET = 0, FnV = 0
[  196.619648]   EA = 0, S1PTW = 0
[  196.623118] Data abort info:
[  196.623737]   ISV = 0, ISS = 0x00000005
[  196.628252]   CM = 0, WnR = 0
[  196.634724] user pgtable: 4k pages, 48-bit VAs, pgdp=00000000b6fd6000
[  196.643678] [00000000796b3fc0] pgd=00000000b34ac003, pud=0000000000000000
[  196.661605] Internal error: Oops: 96000005 [#1] PREEMPT SMP
[  196.667924] Modules linked in:
[  196.677914] CPU: 2 PID: 494 Comm: python3 Not tainted 5.4.18 #2
[  196.678441] Hardware name: linux,dummy-virt (DT)
[  196.680148] pstate: 60000005 (nZCv daif -PAN -UAO)
[  196.693221] pc : __ip_append_data.isra.0+0x798/0xc30
[  196.695509] lr : __ip_append_data.isra.0+0x788/0xc30
[  196.704304] sp : ffff800011f639e0
[  196.707797] x29: ffff800011f639e0 x28: ffff00007a96eb30 
[  196.709944] x27: 000000000000001a x26: 0000000000000000 
[  196.711475] x25: ffff00007b2c4840 x24: ffff0000715a9180 
[  196.713422] x23: ffff800011f63d80 x22: 0000000000000000 
[  196.720599] x21: 0000000000000000 x20: 0000000000000000 
[  196.723480] x19: 0000000000000000 x18: 0000000000000000 
[  196.725013] x17: 0000000000000000 x16: 0000000000000000 
[  196.726874] x15: 0000000000000001 x14: 0000000000000000 
[  196.728177] x13: 0000000000000006 x12: 00000000c0a80164 
[  196.730880] x11: 0000000000000000 x10: 0000000000000068 
[  196.734925] x9 : 0000000000000000 x8 : 00000000796b3f00 
[  196.735783] x7 : 0000000000000001 x6 : 0000000000000010 
[  196.736338] x5 : 0000000000000000 x4 : 000000000000002e 
[  196.737327] x3 : 0000000000000001 x2 : 0000000000000301 
[  196.738954] x1 : 0000000000000000 x0 : 00000000796b3f00 
[  196.741385] Call trace:
[  196.743100]  __ip_append_data.isra.0+0x798/0xc30
[  196.743510]  ip_make_skb+0xec/0x140
[  196.744647]  udp_sendmsg+0x6ec/0x860
[  196.745965]  inet_sendmsg+0x40/0x68
[  196.747011]  __sys_sendto+0xd4/0x150
[  196.751498]  __arm64_sys_sendto+0x24/0x30
[  196.751720]  el0_svc_common.constprop.0+0x68/0x160
[  196.752395]  el0_svc_handler+0x20/0x80
[  196.754823]  el0_svc+0x8/0xc
[  196.757172] Code: b940d3e6 aa0003e8 295b13e5 b4fff140 (f9406100) 
[  196.761711] ---[ end trace 52eb97df648f368b ]---
[  196.830569] Unable to handle kernel paging request at virtual address 000000007b20eb28
[  196.830935] Mem abort info:
[  196.835286]   ESR = 0x96000044
[  196.839844]   EC = 0x25: DABT (current EL), IL = 32 bits
[  196.847503]   SET = 0, FnV = 0
[  196.851219]   EA = 0, S1PTW = 0
[  196.854461] Data abort info:
[  196.855084]   ISV = 0, ISS = 0x00000044
[  196.859082]   CM = 0, WnR = 1
[  196.859212] user pgtable: 4k pages, 48-bit VAs, pgdp=00000000b9ba1000
[  196.859494] [000000007b20eb28] pgd=0000000000000000
[  196.861729] Internal error: Oops: 96000044 [#2] PREEMPT SMP
[  196.862666] Modules linked in:
[  196.863288] CPU: 5 PID: 1 Comm: systemd Tainted: G      D           5.4.18 #2
[  196.863653] Hardware name: linux,dummy-virt (DT)
[  196.864463] pstate: 60000005 (nZCv daif -PAN -UAO)
[  196.866141] pc : unix_scm_to_skb+0x2c/0xa0
[  196.867486] lr : unix_dgram_sendmsg+0x128/0x568
[  196.871595] sp : ffff80001005bb00
[  196.874065] x29: ffff80001005bb00 x28: 0000000000000000 
[  196.876715] x27: 000000007b20eb00 x26: ffff80001005be00 
[  196.876913] x25: 0000000000000000 x24: 0000000000000000 
[  196.877101] x23: ffff0000794ea000 x22: 0000000000000001 
[  196.879850] x21: 0000000000000000 x20: 000000007b20eb00 
[  196.880889] x19: ffff80001005bbb8 x18: 0000000000000000 
[  196.881571] x17: 0000000000000000 x16: 0000000000000000 
[  196.881811] x15: 0000000000000000 x14: 0000ffffbec512f9 
[  196.882283] x13: 0000000000000010 x12: 0000aaaacd140900 
[  196.883884] x11: 0000000000000001 x10: 0000000000400100 
[  196.893868] x9 : ffff00007b0a8000 x8 : 0000ffffffffffff 
[  196.900250] x7 : 0000000000000001 x6 : 0000000000000501 
[  196.905543] x5 : 0000000000000500 x4 : ffff000077df053c 
[  196.907621] x3 : 0000000000000001 x2 : 0000000000000001 
[  196.910913] x1 : 000000007b20eb00 x0 : ffff80001005bbb8 
[  196.911761] Call trace:
[  196.912125]  unix_scm_to_skb+0x2c/0xa0
[  196.913894]  unix_dgram_sendmsg+0x128/0x568
[  196.915362]  ____sys_sendmsg+0x240/0x280
[  196.917722]  ___sys_sendmsg+0x80/0xe0
[  196.918733]  __sys_sendmsg+0x64/0xc0
[  196.919875]  __arm64_sys_sendmsg+0x20/0x28
[  196.921934]  el0_svc_common.constprop.0+0x68/0x160
[  196.927399]  el0_svc_handler+0x20/0x80
[  196.928078]  el0_svc+0x8/0xc
[  196.930317] Code: f9400015 b4000075 aa1503e0 97e25532 (f9001695) 
[  196.936412] ---[ end trace 52eb97df648f368c ]---
[  196.950843] Kernel panic - not syncing: Attempted to kill init! exitcode=0x0000000b
[  196.957046] SMP: stopping secondary CPUs
[  196.976618] Kernel Offset: disabled
[  196.977215] CPU features: 0x0002,20006000
[  196.979934] Memory Limit: none
[  196.987331] ---[ end Kernel panic - not syncing: Attempted to kill init! exitcode=0x0000000b ]---
