[  193.428654] Kernel panic - not syncing: stack-protector: Kernel stack is corrupted in: sock_alloc_send_pskb+0x260/0x260
[  193.439723] CPU: 4 PID: 492 Comm: python3 Not tainted 5.4.18 #2
[  193.443503] Hardware name: linux,dummy-virt (DT)
[  193.446213] Call trace:
[  193.447552]  dump_backtrace+0x0/0x140
[  193.449095]  show_stack+0x14/0x20
[  193.449759]  dump_stack+0xb4/0xf8
[  193.450428]  panic+0x158/0x324
[  193.450998]  __stack_chk_fail+0x1c/0x20
[  193.451919]  sock_alloc_send_skb+0x0/0x28
[  193.452676]  sock_alloc_send_skb+0x1c/0x28
[  193.453396]  __ip_append_data.isra.0+0x788/0xc30
[  193.454222]  ip_make_skb+0xec/0x140
[  193.454865]  udp_sendmsg+0x6ec/0x860
[  193.455508]  inet_sendmsg+0x40/0x68
[  193.456188]  __sys_sendto+0xd4/0x150
[  193.456781]  __arm64_sys_sendto+0x24/0x30
[  193.457469]  el0_svc_common.constprop.0+0x68/0x160
[  193.458463]  el0_svc_handler+0x20/0x80
[  193.459160]  el0_svc+0x8/0xc
[  193.464528] SMP: stopping secondary CPUs
[  193.470836] Kernel Offset: disabled
[  193.471663] CPU features: 0x0002,20006000
[  193.472738] Memory Limit: none
[  193.477621] ---[ end Kernel panic - not syncing: stack-protector: Kernel stack is corrupted in: sock_alloc_send_pskb+0x260/0x260 ]---
