[  205.099230] Unable to handle kernel NULL pointer dereference at virtual address 0000000000000000
[  205.105252] Mem abort info:
[  205.105596]   ESR = 0x96000046
[  205.105961]   EC = 0x25: DABT (current EL), IL = 32 bits
[  205.106397]   SET = 0, FnV = 0
[  205.106685]   EA = 0, S1PTW = 0
[  205.108800] Data abort info:
[  205.109293]   ISV = 0, ISS = 0x00000046
[  205.109596]   CM = 0, WnR = 1
[  205.110302] user pgtable: 4k pages, 48-bit VAs, pgdp=00000000b96a5000
[  205.112435] [0000000000000000] pgd=00000000b2bfe003, pud=00000000b3da1003, pmd=0000000000000000
[  205.117317] Internal error: Oops: 96000046 [#1] PREEMPT SMP
[  205.119513] Modules linked in:
[  205.124797] CPU: 6 PID: 494 Comm: python3 Not tainted 5.4.18 #2
[  205.125095] Hardware name: linux,dummy-virt (DT)
[  205.125689] pstate: 80000005 (Nzcv daif -PAN -UAO)
[  205.127819] pc : alloc_skb_with_frags+0x38/0x1d8
[  205.128164] lr : sock_alloc_send_pskb+0x248/0x260
[  205.128453] sp : ffff800011da38d0
[  205.128699] x29: ffff800011da38d0 x28: ffff000078316b30 
[  205.129119] x27: 0000000000000000 x26: 0000000000000cc0 
[  205.129448] x25: ffff00007a441100 x24: 0000000000000000 
[  205.129780] x23: ffff000078316200 x22: ffff8000101271d8 
[  205.130364] x21: 0000000000000000 x20: 0000000000000000 
[  205.130876] x19: 0000000000000000 x18: 0000000000000000 
[  205.131377] x17: 0000000000000000 x16: 0000000000000000 
[  205.131789] x15: 0000000000000001 x14: 0000000000000000 
[  205.132256] x13: 0000000000000006 x12: 00000000c0a80164 
[  205.132727] x11: 0000000000000000 x10: 0000000000000068 
[  205.133321] x9 : 0000000000000000 x8 : 00000000000005c8 
[  205.133929] x7 : 0000000000000000 x6 : 0000000000000010 
[  205.135579] x5 : 0000000000000000 x4 : 0000000000000cc0 
[  205.136021] x3 : 0000000000000000 x2 : 0000000000000000 
[  205.136604] x1 : 00000000ffffff97 x0 : 000000000000004d 
[  205.137973] Call trace:
[  205.139250]  alloc_skb_with_frags+0x38/0x1d8
[  205.140122]  sock_alloc_send_pskb+0x248/0x260
[  205.141321]  sock_alloc_send_skb+0x1c/0x28
[  205.145046]  __ip_append_data.isra.0+0x788/0xc30
[  205.148085]  ip_make_skb+0xec/0x140
[  205.150710]  udp_sendmsg+0x6ec/0x860
[  205.151975]  inet_sendmsg+0x40/0x68
[  205.152952]  __sys_sendto+0xd4/0x150
[  205.153677]  __arm64_sys_sendto+0x24/0x30
[  205.154949]  el0_svc_common.constprop.0+0x68/0x160
[  205.155627]  el0_svc_handler+0x20/0x80
[  205.156465]  el0_svc+0x8/0xc
[  205.159156] Code: 12800d01 a9046bf9 2a0203f5 2a0403fa (b9000061) 
[  205.161297] ---[ end trace b1de9d054e21f258 ]---
[  205.225770] Unable to handle kernel NULL pointer dereference at virtual address 0000000000000000
[  205.228444] Mem abort info:
[  205.228861]   ESR = 0x96000044
[  205.229276]   EC = 0x25: DABT (current EL), IL = 32 bits
[  205.229846]   SET = 0, FnV = 0
[  205.230055]   EA = 0, S1PTW = 0
[  205.232005] Data abort info:
[  205.232323]   ISV = 0, ISS = 0x00000044
[  205.233329]   CM = 0, WnR = 1
[  205.235738] user pgtable: 4k pages, 48-bit VAs, pgdp=00000000ba478000
[  205.238346] [0000000000000000] pgd=0000000000000000
[  205.242181] Internal error: Oops: 96000044 [#2] PREEMPT SMP
[  205.244567] Modules linked in:
[  205.245454] CPU: 5 PID: 1 Comm: systemd Tainted: G      D           5.4.18 #2
[  205.247023] Hardware name: linux,dummy-virt (DT)
[  205.249215] pstate: 80000005 (Nzcv daif -PAN -UAO)
[  205.251411] pc : alloc_skb_with_frags+0x38/0x1d8
[  205.251701] lr : sock_alloc_send_pskb+0x248/0x260
[  205.252941] sp : ffff80001005ba30
[  205.253366] x29: ffff80001005ba30 x28: 0000000000000000 
[  205.253700] x27: 0000000000000003 x26: 0000000000400cc0 
[  205.255434] x25: ffff00007b3d1c00 x24: 0000000000000000 
[  205.259478] x23: ffff00007b0a8000 x22: ffff8000101271d8 
[  205.260069] x21: 0000000000000003 x20: ffff00007afdd500 
[  205.260560] x19: 0000000000000000 x18: 0000000000000000 
[  205.261960] x17: 0000000000000000 x16: 0000000000000000 
[  205.264873] x15: 0000000000000000 x14: 0000ffffb11212f9 
[  205.265536] x13: 0000000000000010 x12: 0000aaaac0dbd690 
[  205.266843] x11: 0000000000000001 x10: 0000000000400100 
[  205.267672] x9 : ffff00007b0a8000 x8 : 0000ffffffffffff 
[  205.269183] x7 : 0000000000000000 x6 : 0000000000000001 
[  205.271133] x5 : 0000000000000003 x4 : 0000000000400cc0 
[  205.272109] x3 : 0000000000000000 x2 : 0000000000000003 
[  205.273369] x1 : 00000000ffffff97 x0 : 0000000000000164 
[  205.275296] Call trace:
[  205.275875]  alloc_skb_with_frags+0x38/0x1d8
[  205.276243]  sock_alloc_send_pskb+0x248/0x260
[  205.277562]  unix_dgram_sendmsg+0x110/0x568
[  205.277881]  ____sys_sendmsg+0x240/0x280
[  205.278174]  ___sys_sendmsg+0x80/0xe0
[  205.278778]  __sys_sendmsg+0x64/0xc0
[  205.279068]  __arm64_sys_sendmsg+0x20/0x28
[  205.279633]  el0_svc_common.constprop.0+0x68/0x160
[  205.281771]  el0_svc_handler+0x20/0x80
[  205.283833]  el0_svc+0x8/0xc
[  205.284086] Code: 12800d01 a9046bf9 2a0203f5 2a0403fa (b9000061) 
[  205.289609] ---[ end trace b1de9d054e21f259 ]---
[  205.296924] Kernel panic - not syncing: Attempted to kill init! exitcode=0x0000000b
[  205.301756] SMP: stopping secondary CPUs
[  205.305234] Kernel Offset: disabled
[  205.305728] CPU features: 0x0002,20006000
[  205.306524] Memory Limit: none
[  205.309469] ---[ end Kernel panic - not syncing: Attempted to kill init! exitcode=0x0000000b ]---
