[  201.658851] Kernel panic - not syncing: stack-protector: Kernel stack is corrupted in: sock_alloc_send_pskb+0x260/0x260
[  201.665696] CPU: 5 PID: 492 Comm: python3 Not tainted 5.4.18 #2
[  201.666208] Hardware name: linux,dummy-virt (DT)
[  201.667087] Call trace:
[  201.667533]  dump_backtrace+0x0/0x140
[  201.667885]  show_stack+0x14/0x20
[  201.668502]  dump_stack+0xb4/0xf8
[  201.668749]  panic+0x158/0x324
[  201.668965]  __stack_chk_fail+0x1c/0x20
[  201.669187]  sock_alloc_send_skb+0x0/0x28
[  201.669418]  sock_alloc_send_skb+0x1c/0x28
[  201.669654]  __ip_append_data.isra.0+0x788/0xc30
[  201.669907]  ip_make_skb+0xec/0x140
[  201.670137]  udp_sendmsg+0x6ec/0x860
[  201.670347]  inet_sendmsg+0x40/0x68
[  201.670549]  __sys_sendto+0xd4/0x150
[  201.670753]  __arm64_sys_sendto+0x24/0x30
[  201.670978]  el0_svc_common.constprop.0+0x68/0x160
[  201.671229]  el0_svc_handler+0x20/0x80
[  201.671441]  el0_svc+0x8/0xc
[  201.673192] SMP: stopping secondary CPUs
[  201.675472] Kernel Offset: disabled
[  201.675777] CPU features: 0x0002,20006000
[  201.675981] Memory Limit: none
[  201.677693] ---[ end Kernel panic - not syncing: stack-protector: Kernel stack is corrupted in: sock_alloc_send_pskb+0x260/0x260 ]---
