[  193.063616] kernel BUG at net/core/skbuff.c:1862!
[  193.070367] Internal error: Oops - BUG: 0 [#1] PREEMPT SMP
[  193.072232] Modules linked in:
[  193.076224] CPU: 2 PID: 492 Comm: python3 Not tainted 5.4.18 #2
[  193.077046] Hardware name: linux,dummy-virt (DT)
[  193.078465] pstate: 60000005 (nZCv daif -PAN -UAO)
[  193.081726] pc : skb_put+0x3c/0x60
[  193.082153] lr : __ip_append_data.isra.0+0x7e0/0xc30
[  193.082642] sp : ffff800011ee39e0
[  193.083038] x29: ffff800011ee39e0 x28: ffff00007b1cf930 
[  193.083730] x27: 000000000000001a x26: 0000000000000000 
[  193.084377] x25: ffff00007b2cd0c0 x24: ffff0000783a0000 
[  193.084854] x23: ffff800011ee3d80 x22: 0000000000000000 
[  193.085303] x21: 0000000000000000 x20: 0000000000000000 
[  193.085750] x19: 0000000000000000 x18: 0000000000000000 
[  193.086182] x17: 0000000000000000 x16: 0000000000000000 
[  193.086594] x15: 0000000000000001 x14: 0000000000000000 
[  193.086970] x13: 0000000000000006 x12: 00000000c0a80164 
[  193.087346] x11: 0000000000000000 x10: 0000000000000068 
[  193.087714] x9 : 0000000000000000 x8 : ffff00007b1cf470 
[  193.088109] x7 : 0000000000000001 x6 : 00000000ffff0000 
[  193.088460] x5 : ffff0000f3328638 x4 : 000000000000002e 
[  193.088810] x3 : 000000007b1cf528 x2 : 000000007b1cf528 
[  193.089154] x1 : 000000000000002e x0 : ffff00007b1cf470 
[  193.089875] Call trace:
[  193.090276]  skb_put+0x3c/0x60
[  193.090570]  ip_make_skb+0xec/0x140
[  193.090828]  udp_sendmsg+0x6ec/0x860
[  193.091083]  inet_sendmsg+0x40/0x68
[  193.091331]  __sys_sendto+0xd4/0x150
[  193.091587]  __arm64_sys_sendto+0x24/0x30
[  193.091874]  el0_svc_common.constprop.0+0x68/0x160
[  193.092222]  el0_svc_handler+0x20/0x80
[  193.092483]  el0_svc+0x8/0xc
[  193.093823] Code: 6b02007f 54000088 aa0503e0 d65f03c0 (d4210000) 
[  193.095782] ---[ end trace bc515e4fb7283dd1 ]---
[  193.096993] note: python3[492] exited with preempt_count 1
[  193.180607] ------------[ cut here ]------------
[  193.182545] WARNING: CPU: 2 PID: 0 at kernel/rcu/tree.c:569 rcu_idle_enter+0x74/0x80
[  193.186747] Modules linked in:
[  193.196912] CPU: 2 PID: 0 Comm: swapper/2 Tainted: G      D           5.4.18 #2
[  193.201135] Hardware name: linux,dummy-virt (DT)
[  193.203452] pstate: 200003c5 (nzCv DAIF -PAN -UAO)
[  193.207154] pc : rcu_idle_enter+0x74/0x80
[  193.209756] lr : do_idle+0x200/0x288
[  193.210350] sp : ffff800011a53f20
[  193.212293] x29: ffff800011a53f20 x28: 0000000000000000 
[  193.214173] x27: 0000000000000000 x26: 0000000000000000 
[  193.217068] x25: 0000000000000000 x24: ffff8000117ba214 
[  193.218693] x23: ffff00007b0c2a00 x22: ffff800011404ab8 
[  193.220671] x21: ffff8000117ba1f0 x20: 0000000000000002 
[  193.225800] x19: ffff8000117ba118 x18: 0000000000000010 
[  193.230438] x17: 0000000000000000 x16: 0000000000000000 
[  193.232986] x15: ffff00007b1cf470 x14: 0000000000000000 
[  193.234827] x13: 0000000000000001 x12: 0000000000000001 
[  193.236572] x11: 0000000000000400 x10: 00000000000009c0 
[  193.238890] x9 : ffff800011a53e90 x8 : ffff00007b0c3420 
[  193.243550] x7 : 0000000000000002 x6 : 0000001a2d64691c 
[  193.245087] x5 : 00ffffffffffffff x4 : ffff80006c76d000 
[  193.249182] x3 : 4000000000000002 x2 : 4000000000000000 
[  193.259131] x1 : ffff800011406980 x0 : ffff00007db73980 
[  193.261655] Call trace:
[  193.262206]  rcu_idle_enter+0x74/0x80
[  193.263010] ------------[ cut here ]------------
[  193.264163]  do_idle+0x200/0x288
[  193.266698] kernel BUG at net/core/skbuff.c:1862!
[  193.268413]  cpu_startup_entry+0x24/0x40
[  193.271529] Internal error: Oops - BUG: 0 [#2] PREEMPT SMP
[  193.272654]  secondary_start_kernel+0x154/0x190
[  193.277560] Modules linked in:
[  193.280262] ---[ end trace bc515e4fb7283dd2 ]---
[  193.281111] CPU: 0 PID: 1 Comm: systemd Tainted: G      D           5.4.18 #2
[  193.282830] Hardware name: linux,dummy-virt (DT)
[  193.284055] pstate: 40000005 (nZcv daif -PAN -UAO)
[  193.289769] pc : skb_put+0x3c/0x60
[  193.292558] lr : unix_dgram_sendmsg+0x13c/0x568
[  193.294159] sp : ffff80001005bb30
[  193.295557] x29: ffff80001005bb30 x28: 0000000000000000 
[  193.298049] x27: ffff00007b0a8470 x26: ffff80001005be00 
[  193.303133] x25: 0000000000000000 x24: 0000000000000000 
[  193.306417] x23: ffff00007b2f0c00 x22: ffff000079718800 
[  193.311208] x21: 0000000000000164 x20: ffff00007ae6cc00 
[  193.313977] x19: ffff00007b0a8000 x18: 0000000000000000 
[  193.321212] x17: 0000000000000000 x16: 0000000000000000 
[  193.325440] x15: 0000000000000000 x14: 0000ffff9962d2f9 
[  193.333667] x13: 0000000000000010 x12: 0000aaaad7d56c80 
[  193.334752] x11: 0000000000000001 x10: 0000000000400100 
[  193.337342] x9 : ffff00007b0a8000 x8 : 0000ffffffffffff 
[  193.340878] x7 : 0000000000000001 x6 : 00000000ffff0000 
[  193.343730] x5 : ffff0000f6160528 x4 : ffff00007971893c 
[  193.350026] x3 : 000000007b0a8518 x2 : 00000000ffffffff 
[  193.352398] x1 : 0000000000000164 x0 : ffff00007b0a8470 
[  193.354541] Call trace:
[  193.355578]  skb_put+0x3c/0x60
[  193.357103]  ____sys_sendmsg+0x240/0x280
[  193.358503]  ___sys_sendmsg+0x80/0xe0
[  193.359765]  __sys_sendmsg+0x64/0xc0
[  193.360870]  __arm64_sys_sendmsg+0x20/0x28
[  193.361565]  el0_svc_common.constprop.0+0x68/0x160
[  193.362454]  el0_svc_handler+0x20/0x80
[  193.362764]  el0_svc+0x8/0xc
[  193.363104] Code: 6b02007f 54000088 aa0503e0 d65f03c0 (d4210000) 
[  193.367905] ---[ end trace bc515e4fb7283dd3 ]---
[  193.370008] note: systemd[1] exited with preempt_count 1
[  193.373790] Kernel panic - not syncing: Attempted to kill init! exitcode=0x0000000b
[  193.376239] SMP: stopping secondary CPUs
[  193.380511] Kernel Offset: disabled
[  193.381833] CPU features: 0x0002,20006000
[  193.382128] Memory Limit: none
[  193.383876] ---[ end Kernel panic - not syncing: Attempted to kill init! exitcode=0x0000000b ]---
