[  192.927075] Kernel panic - not syncing: stack-protector: Kernel stack is corrupted in: sock_alloc_send_pskb+0x260/0x260
[  192.946709] CPU: 7 PID: 493 Comm: python3 Not tainted 5.4.18 #2
[  192.950535] Hardware name: linux,dummy-virt (DT)
[  192.953306] Call trace:
[  192.954674]  dump_backtrace+0x0/0x140
[  192.955544]  show_stack+0x14/0x20
[  192.956306]  dump_stack+0xb4/0xf8
[  192.956977]  panic+0x158/0x324
[  192.957595]  __stack_chk_fail+0x1c/0x20
[  192.958735]  sock_alloc_send_skb+0x0/0x28
[  192.959497]  sock_alloc_send_skb+0x1c/0x28
[  192.961291]  __ip_append_data.isra.0+0x788/0xc30
[  192.963996]  ip_make_skb+0xec/0x140
[  192.964979]  udp_sendmsg+0x6ec/0x860
[  192.965699]  inet_sendmsg+0x40/0x68
[  192.966709]  __sys_sendto+0xd4/0x150
[  192.967409]  __arm64_sys_sendto+0x24/0x30
[  192.968243]  el0_svc_common.constprop.0+0x68/0x160
[  192.969045]  el0_svc_handler+0x20/0x80
[  192.969706]  el0_svc+0x8/0xc
[  192.975227] SMP: stopping secondary CPUs
[  192.981753] Kernel Offset: disabled
[  192.982341] CPU features: 0x0002,20006000
[  192.983243] Memory Limit: none
[  192.987605] ---[ end Kernel panic - not syncing: stack-protector: Kernel stack is corrupted in: sock_alloc_send_pskb+0x260/0x260 ]---
