[  193.908051] Kernel panic - not syncing: stack-protector: Kernel stack is corrupted in: sock_alloc_send_pskb+0x260/0x260
[  193.916063] CPU: 7 PID: 493 Comm: python3 Not tainted 5.4.18 #2
[  193.917670] Hardware name: linux,dummy-virt (DT)
[  193.919920] Call trace:
[  193.920954]  dump_backtrace+0x0/0x140
[  193.921725]  show_stack+0x14/0x20
[  193.922446]  dump_stack+0xb4/0xf8
[  193.923065]  panic+0x158/0x324
[  193.923637]  __stack_chk_fail+0x1c/0x20
[  193.924362]  sock_alloc_send_skb+0x0/0x28
[  193.925087]  sock_alloc_send_skb+0x1c/0x28
[  193.925772]  __ip_append_data.isra.0+0x788/0xc30
[  193.927189]  ip_make_skb+0xec/0x140
[  193.930004]  udp_sendmsg+0x6ec/0x860
[  193.930666]  inet_sendmsg+0x40/0x68
[  193.931334]  __sys_sendto+0xd4/0x150
[  193.931933]  __arm64_sys_sendto+0x24/0x30
[  193.932583]  el0_svc_common.constprop.0+0x68/0x160
[  193.933443]  el0_svc_handler+0x20/0x80
[  193.934066]  el0_svc+0x8/0xc
[  193.938814] SMP: stopping secondary CPUs
[  193.944878] Kernel Offset: disabled
[  193.947426] CPU features: 0x0002,20006000
[  193.948439] Memory Limit: none
[  193.953421] ---[ end Kernel panic - not syncing: stack-protector: Kernel stack is corrupted in: sock_alloc_send_pskb+0x260/0x260 ]---
