[  195.785621] Unable to handle kernel NULL pointer dereference at virtual address 0000000000000060
[  195.801367] Mem abort info:
[  195.802911]   ESR = 0x96000046
[  195.808296]   EC = 0x25: DABT (current EL), IL = 32 bits
[  195.809035]   SET = 0, FnV = 0
[  195.810830]   EA = 0, S1PTW = 0
[  195.817017] Data abort info:
[  195.818969]   ISV = 0, ISS = 0x00000046
[  195.822285]   CM = 0, WnR = 1
[  195.826620] user pgtable: 4k pages, 48-bit VAs, pgdp=00000000b40e0000
[  195.832981] [0000000000000060] pgd=00000000b1403003, pud=00000000b25bb003, pmd=0000000000000000
[  195.841092] Internal error: Oops: 96000046 [#1] PREEMPT SMP
[  195.845544] Modules linked in:
[  195.850410] CPU: 0 PID: 496 Comm: python3 Not tainted 5.4.18 #2
[  195.852388] Hardware name: linux,dummy-virt (DT)
[  195.854614] pstate: 60000005 (nZCv daif -PAN -UAO)
[  195.858892] pc : sock_alloc_send_pskb+0x3c/0x260
[  195.860324] lr : sock_alloc_send_skb+0x1c/0x28
[  195.862096] sp : ffff800011f4b930
[  195.862989] x29: ffff800011f4b930 x28: ffff000079093330 
[  195.864421] x27: 0000000000000000 x26: 0000000000000000 
[  195.871344] x25: ffff000078302200 x24: ffff800011f4bac4 
[  195.873457] x23: ffff000079092a00 x22: 0000000000000000 
[  195.874955] x21: 0000000000000000 x20: 0000000000000000 
[  195.877389] x19: 0000000000000000 x18: 0000000000000000 
[  195.879650] x17: 0000000000000000 x16: 0000000000000000 
[  195.881511] x15: 0000000000000001 x14: 0000000000000000 
[  195.887102] x13: 0000000000000006 x12: 00000000c0a80164 
[  195.890103] x11: 0000000000000000 x10: 0000000000000068 
[  195.890401] x9 : 0000000000000000 x8 : 00000000000005c8 
[  195.890678] x7 : 0000000000000000 x6 : 0000000000000010 
[  195.890955] x5 : 0000000000000000 x4 : ffff800011f4bac4 
[  195.891228] x3 : 0000000000000000 x2 : 0000000000000000 
[  195.892077] x1 : 000000000000004d x0 : ffff000078302200 
[  195.893482] Call trace:
[  195.894016]  sock_alloc_send_pskb+0x3c/0x260
[  195.894478]  sock_alloc_send_skb+0x1c/0x28
[  195.895440]  __ip_append_data.isra.0+0x788/0xc30
[  195.895756]  ip_make_skb+0xec/0x140
[  195.896019]  udp_sendmsg+0x6ec/0x860
[  195.896285]  inet_sendmsg+0x40/0x68
[  195.896566]  __sys_sendto+0xd4/0x150
[  195.896922]  __arm64_sys_sendto+0x24/0x30
[  195.897390]  el0_svc_common.constprop.0+0x68/0x160
[  195.897830]  el0_svc_handler+0x20/0x80
[  195.898199]  el0_svc+0x8/0xc
[  195.900896] Code: 2a0503fb f9423ae7 f9004fe7 d2800007 (a9060b61) 
[  195.903420] ---[ end trace a229ce7c651303e5 ]---
[  196.041729] Unable to handle kernel NULL pointer dereference at virtual address 0000000000000063
[  196.042135] Mem abort info:
[  196.042257]   ESR = 0x96000044
[  196.042386]   EC = 0x25: DABT (current EL), IL = 32 bits
[  196.043362]   SET = 0, FnV = 0
[  196.043625]   EA = 0, S1PTW = 0
[  196.043741] Data abort info:
[  196.043846]   ISV = 0, ISS = 0x00000044
[  196.044066]   CM = 0, WnR = 1
[  196.044277] user pgtable: 4k pages, 48-bit VAs, pgdp=00000000ba4c6000
[  196.044515] [0000000000000063] pgd=0000000000000000
[  196.044814] Internal error: Oops: 96000044 [#2] PREEMPT SMP
[  196.045279] Modules linked in:
[  196.046280] CPU: 0 PID: 1 Comm: systemd Tainted: G      D           5.4.18 #2
[  196.048974] Hardware name: linux,dummy-virt (DT)
[  196.049637] pstate: 80000005 (Nzcv daif -PAN -UAO)
[  196.050034] pc : sock_alloc_send_pskb+0x3c/0x260
[  196.051257] lr : unix_dgram_sendmsg+0x110/0x568
[  196.052243] sp : ffff80001005ba90
[  196.052797] x29: ffff80001005ba90 x28: 0000000000000000 
[  196.054369] x27: 0000000000000003 x26: 0000000000000000 
[  196.056858] x25: ffff000078160800 x24: ffff80001005bbb0 
[  196.057643] x23: ffff00007b0a8000 x22: ffff000078160800 
[  196.058539] x21: 0000000000000164 x20: ffff0000784d0300 
[  196.060128] x19: ffff00007b0a8000 x18: 0000000000000000 
[  196.060655] x17: 0000000000000000 x16: 0000000000000000 
[  196.061149] x15: 0000000000000000 x14: 0000ffff826152f9 
[  196.061813] x13: 0000000000000010 x12: 0000aaab106fc4b0 
[  196.062381] x11: 0000000000000001 x10: 0000000000400100 
[  196.064460] x9 : ffff00007b0a8000 x8 : 0000ffffffffffff 
[  196.065594] x7 : 0000000000000000 x6 : 0000000000000001 
[  196.066244] x5 : 0000000000000003 x4 : ffff80001005bbb0 
[  196.066747] x3 : 0000000000000000 x2 : 0000000000000000 
[  196.067706] x1 : 0000000000000164 x0 : ffff000078160800 
[  196.068202] Call trace:
[  196.068380]  sock_alloc_send_pskb+0x3c/0x260
[  196.068598]  unix_dgram_sendmsg+0x110/0x568
[  196.068797]  ____sys_sendmsg+0x240/0x280
[  196.068986]  ___sys_sendmsg+0x80/0xe0
[  196.069329]  __sys_sendmsg+0x64/0xc0
[  196.069767]  __arm64_sys_sendmsg+0x20/0x28
[  196.070187]  el0_svc_common.constprop.0+0x68/0x160
[  196.070619]  el0_svc_handler+0x20/0x80
[  196.070983]  el0_svc+0x8/0xc
[  196.071387] Code: 2a0503fb f9423ae7 f9004fe7 d2800007 (a9060b61) 
[  196.075549] ---[ end trace a229ce7c651303e6 ]---
[  196.077141] Kernel panic - not syncing: Attempted to kill init! exitcode=0x0000000b
[  196.078434] SMP: stopping secondary CPUs
[  196.080706] Kernel Offset: disabled
[  196.083581] CPU features: 0x0002,20006000
[  196.085786] Memory Limit: none
[  196.086759] ---[ end Kernel panic - not syncing: Attempted to kill init! exitcode=0x0000000b ]---
