[  193.208131] Kernel panic - not syncing: stack-protector: Kernel stack is corrupted in: sock_alloc_send_pskb+0x260/0x260
[  193.230470] CPU: 6 PID: 1 Comm: systemd Not tainted 5.4.18 #2
[  193.231770] Hardware name: linux,dummy-virt (DT)
[  193.234342] Call trace:
[  193.236073]  dump_backtrace+0x0/0x140
[  193.236877]  show_stack+0x14/0x20
[  193.237528]  dump_stack+0xb4/0xf8
[  193.238097]  panic+0x158/0x324
[  193.238627]  __stack_chk_fail+0x1c/0x20
[  193.239329]  sock_alloc_send_skb+0x0/0x28
[  193.240309]  unix_stream_sendmsg+0x1cc/0x340
[  193.242780]  ____sys_sendmsg+0x240/0x280
[  193.243218]  ___sys_sendmsg+0x80/0xe0
[  193.244284]  __sys_sendmsg+0x64/0xc0
[  193.245944]  __arm64_sys_sendmsg+0x20/0x28
[  193.246459]  el0_svc_common.constprop.0+0x68/0x160
[  193.246975]  el0_svc_handler+0x20/0x80
[  193.248135]  el0_svc+0x8/0xc
[  193.255240] SMP: stopping secondary CPUs
[  193.260447] Kernel Offset: disabled
[  193.261177] CPU features: 0x0002,20006000
[  193.261680] Memory Limit: none
[  193.265089] ---[ end Kernel panic - not syncing: stack-protector: Kernel stack is corrupted in: sock_alloc_send_pskb+0x260/0x260 ]---
