[  210.522135] kernel BUG at arch/arm64/kernel/traps.c:405!
[  210.530100] Internal error: Oops - BUG: 0 [#1] PREEMPT SMP
[  210.532355] Modules linked in:
[  210.540425] CPU: 7 PID: 492 Comm: python3 Not tainted 5.4.18 #2
[  210.541739] Hardware name: linux,dummy-virt (DT)
[  210.544050] pstate: 00000005 (nzcv daif -PAN -UAO)
[  210.551033] pc : do_undefinstr+0x2ec/0x310
[  210.552059] lr : do_undefinstr+0x1e0/0x310
[  210.553267] sp : ffff800011f23790
[  210.554016] x29: ffff800011f23790 x28: ffff000076e51c00 
[  210.555620] x27: 0000000000000000 x26: 7fffffffffffffff 
[  210.556575] x25: ffff00007abadd80 x24: 0000000000000000 
[  210.557469] x23: 0000000020000005 x22: ffff800010af95f4 
[  210.558628] x21: ffff800011f23930 x20: ffff000076e51c00 
[  210.559542] x19: ffff800011f237f0 x18: ffff000078215900 
[  210.560694] x17: 0000000000000000 x16: 0000000000000000 
[  210.562226] x15: 0000000000000107 x14: 0000000000000000 
[  210.563172] x13: 0000000000003ab8 x12: 00000000000002e0 
[  210.564245] x11: 0000000000eb00ca x10: 00000000000009c0 
[  210.566952] x9 : ffff800011f23810 x8 : ffff000076e52620 
[  210.568633] x7 : ffff00007dbe0dc0 x6 : ffff800011f237e8 
[  210.569586] x5 : 00000000d5300000 x4 : ffff8000117c51f0 
[  210.570902] x3 : 0000000069000000 x2 : 0000000000000000 
[  210.571827] x1 : ffff000076e51c00 x0 : 0000000020000005 
[  210.573657] Call trace:
[  210.574830]  do_undefinstr+0x2ec/0x310
[  210.575609]  el1_undef+0x10/0x84
[  210.576384]  sock_alloc_send_pskb+0x74/0x260
[  210.577116]  sock_alloc_send_skb+0x1c/0x28
[  210.577832]  __ip_append_data.isra.0+0x788/0xc30
[  210.579710]  ip_make_skb+0xec/0x140
[  210.581421]  udp_sendmsg+0x6ec/0x860
[  210.582005]  inet_sendmsg+0x40/0x68
[  210.584212]  __sys_sendto+0xd4/0x150
[  210.584845]  __arm64_sys_sendto+0x24/0x30
[  210.585660]  el0_svc_common.constprop.0+0x68/0x160
[  210.586599]  el0_svc_handler+0x20/0x80
[  210.587335]  el0_svc+0x8/0xc
[  210.589389] Code: f9401bf7 17ffff7c a9025bf5 f9001bf7 (d4210000) 
[  210.593210] ---[ end trace e5c0cddb09bd27b4 ]---
[  210.595094] note: python3[492] exited with preempt_count 1
[  210.605330] ------------[ cut here ]------------
[  210.612662] WARNING: CPU: 7 PID: 0 at kernel/rcu/tree.c:569 rcu_idle_enter+0x74/0x80
[  210.614762] Modules linked in:
[  210.617805] CPU: 7 PID: 0 Comm: swapper/7 Tainted: G      D           5.4.18 #2
[  210.624724] Hardware name: linux,dummy-virt (DT)
[  210.631636] pstate: 200003c5 (nzCv DAIF -PAN -UAO)
[  210.633207] pc : rcu_idle_enter+0x74/0x80
[  210.642273] lr : do_idle+0x200/0x288
[  210.644176] sp : ffff800011a7bf20
[  210.646584] x29: ffff800011a7bf20 x28: 0000000000000000 
[  210.647129] x27: 0000000000000000 x26: 0000000000000000 
[  210.655508] x25: 0000000000000000 x24: ffff8000117ba214 
[  210.655994] x23: ffff00007b0c7000 x22: ffff800011404ab8 
[  210.656389] x21: ffff8000117ba1f0 x20: 0000000000000007 
[  210.656817] x19: ffff8000117ba118 x18: 0000000000000010 
[  210.658660] x17: 0000000000000000 x16: 0000000000000000 
[  210.659238] x15: 000000000000012c x14: 0000000000000000 
[  210.659579] x13: 0000000000000003 x12: 0000000000000000 
[  210.659785] x11: 0000000000000000 x10: 0000000000000000 
[  210.659981] x9 : 0000000000000000 x8 : 0000000000000000 
[  210.660437] x7 : ffff80006c7db000 x6 : 0000019f99a701ec 
[  210.662324] x5 : 00ffffffffffffff x4 : 001b19a9c0307124 
[  210.663239] x3 : 4000000000000002 x2 : 4000000000000000 
[  210.663975] x1 : ffff800011406980 x0 : ffff00007dbe1980 
[  210.664649] Call trace:
[  210.665160]  rcu_idle_enter+0x74/0x80
[  210.670124]  do_idle+0x200/0x288
[  210.670410]  cpu_startup_entry+0x20/0x40
[  210.671079]  secondary_start_kernel+0x154/0x190
[  210.671553] ---[ end trace e5c0cddb09bd27b5 ]---
[  210.703056] ------------[ cut here ]------------
[  210.705200] kernel BUG at arch/arm64/kernel/traps.c:405!
[  210.705966] Internal error: Oops - BUG: 0 [#2] PREEMPT SMP
[  210.707461] Modules linked in:
[  210.707702] CPU: 4 PID: 1 Comm: systemd Tainted: G      D W         5.4.18 #2
[  210.709350] Hardware name: linux,dummy-virt (DT)
[  210.709839] pstate: 00000005 (nzcv daif -PAN -UAO)
[  210.710149] pc : do_undefinstr+0x2ec/0x310
[  210.710941] lr : do_undefinstr+0x1e0/0x310
[  210.711701] sp : ffff80001005b8f0
[  210.711899] x29: ffff80001005b8f0 x28: ffff00007b0a8000 
[  210.713733] x27: 0000000000000003 x26: 0000000000000003 
[  210.718973] x25: ffff0000797a1000 x24: 0000000000000000 
[  210.719375] x23: 0000000080000005 x22: ffff800010af95f4 
[  210.719676] x21: ffff80001005ba90 x20: ffff00007b0a8000 
[  210.720142] x19: ffff80001005b950 x18: 0000000000000000 
[  210.724199] x17: 0000000000000000 x16: 0000000000000000 
[  210.727055] x15: 0000000000000000 x14: 0000ffffa61e92f9 
[  210.728480] x13: 0000000000000010 x12: 0000aaaad4517a20 
[  210.730933] x11: 0000000000000001 x10: 0000000000400100 
[  210.732219] x9 : ffff00007b0a8000 x8 : 0000ffffffffffff 
[  210.734272] x7 : 0000000000000000 x6 : ffff80001005b948 
[  210.734957] x5 : 00000000d5300000 x4 : ffff8000117c51f0 
[  210.735455] x3 : 0000000069000000 x2 : 0000000000000000 
[  210.739011] x1 : ffff00007b0a8000 x0 : 0000000080000005 
[  210.741234] Call trace:
[  210.741449]  do_undefinstr+0x2ec/0x310
[  210.741667]  el1_undef+0x10/0x84
[  210.741872]  sock_alloc_send_pskb+0x74/0x260
[  210.743653]  unix_dgram_sendmsg+0x110/0x568
[  210.745902]  ____sys_sendmsg+0x240/0x280
[  210.747256]  ___sys_sendmsg+0x80/0xe0
[  210.750424]  __sys_sendmsg+0x64/0xc0
[  210.752398]  __arm64_sys_sendmsg+0x20/0x28
[  210.754036]  el0_svc_common.constprop.0+0x68/0x160
[  210.754609]  el0_svc_handler+0x20/0x80
[  210.754835]  el0_svc+0x8/0xc
[  210.755369] Code: f9401bf7 17ffff7c a9025bf5 f9001bf7 (d4210000) 
[  210.759201] ---[ end trace e5c0cddb09bd27b6 ]---
[  210.762462] note: systemd[1] exited with preempt_count 1
[  210.764775] Kernel panic - not syncing: Attempted to kill init! exitcode=0x0000000b
[  210.770872] SMP: stopping secondary CPUs
[  210.775406] Kernel Offset: disabled
[  210.778366] CPU features: 0x0002,20006000
[  210.781399] Memory Limit: none
[  210.786712] ---[ end Kernel panic - not syncing: Attempted to kill init! exitcode=0x0000000b ]---
