[  192.656745] Unable to handle kernel paging request at virtual address 00ffff80001197ba
[  192.676376] Mem abort info:
[  192.683334]   ESR = 0x96000004
[  192.685016]   EC = 0x25: DABT (current EL), IL = 32 bits
[  192.688547]   SET = 0, FnV = 0
[  192.693255]   EA = 0, S1PTW = 0
[  192.705137] Data abort info:
[  192.709105]   ISV = 0, ISS = 0x00000004
[  192.710244]   CM = 0, WnR = 0
[  192.712048] [00ffff80001197ba] address between user and kernel address ranges
[  192.713207] Internal error: Oops: 96000004 [#1] PREEMPT SMP
[  192.714751] Modules linked in:
[  192.716329] CPU: 1 PID: 492 Comm: python3 Tainted: G        W         5.4.18 #2
[  192.717326] Hardware name: linux,dummy-virt (DT)
[  192.718915] pstate: 60000005 (nZCv daif -PAN -UAO)
[  192.723551] pc : ip_output+0x44/0x1b0
[  192.724380] lr : ip_local_out+0x44/0x58
[  192.724841] sp : ffff800011e7ba30
[  192.725478] x29: ffff800011e7ba30 x28: 000000000000001a 
[  192.727386] x27: ffff800011e7bd80 x26: 0000000000000011 
[  192.728216] x25: 0000000000000012 x24: ffff0000793ac224 
[  192.728868] x23: ffff000079b84841 x22: ffff000078105400 
[  192.729092] x21: 00ffff800011963a x20: ffff00007b34af00 
[  192.729365] x19: ffff00007b34af00 x18: 0000000000000000 
[  192.730180] x17: 0000000000000000 x16: 0000000000000000 
[  192.730871] x15: ffff8000117d2000 x14: ffff800011992f70 
[  192.731179] x13: 0000000000000000 x12: ffff800011992000 
[  192.731887] x11: ffff8000117d2000 x10: ffff8000119925c0 
[  192.732469] x9 : ffff000078105400 x8 : ffff800011e7bc30 
[  192.735115] x7 : 000000006c100000 x6 : 0000000000000087 
[  192.737191] x5 : ffff0000793ac224 x4 : ffff0000793ac224 
[  192.737863] x3 : ffff00007b2620c0 x2 : ffff000078105400 
[  192.738958] x1 : ffff000079b84841 x0 : 0000000000000001 
[  192.740602] Call trace:
[  192.742406]  ip_output+0x44/0x1b0
[  192.743736]  ip_local_out+0x44/0x58
[  192.748721]  ip_send_skb+0x1c/0xa8
[  192.751624]  udp_send_skb.isra.0+0x11c/0x368
[  192.756314]  udp_sendmsg+0x710/0x860
[  192.757926]  inet_sendmsg+0x40/0x68
[  192.760896]  __sys_sendto+0xd4/0x150
[  192.763004]  __arm64_sys_sendto+0x24/0x30
[  192.768740]  el0_svc_common.constprop.0+0x68/0x160
[  192.773863]  el0_svc_handler+0x20/0x80
[  192.774949]  el0_svc+0x8/0xc
[  192.776419] Code: f9402e83 b9401040 927ff863 11000400 (f940c2b3) 
[  192.780314] ---[ end trace af539118b98e92a7 ]---
