[  192.479018] Unable to handle kernel paging request at virtual address ffff800000000010
[  192.490446] Mem abort info:
[  192.491851]   ESR = 0x96000046
[  192.495641]   EC = 0x25: DABT (current EL), IL = 32 bits
[  192.507911]   SET = 0, FnV = 0
[  192.512675]   EA = 0, S1PTW = 0
[  192.515905] Data abort info:
[  192.522116]   ISV = 0, ISS = 0x00000046
[  192.524172]   CM = 0, WnR = 1
[  192.538285] swapper pgtable: 4k pages, 48-bit VAs, pgdp=00000000412a6000
[  192.542934] [ffff800000000010] pgd=00000000bdfff003, pud=00000000bdffe003, pmd=0000000000000000
[  192.548425] Internal error: Oops: 96000046 [#1] PREEMPT SMP
[  192.552672] Modules linked in:
[  192.559935] CPU: 0 PID: 493 Comm: python3 Not tainted 5.4.18 #2
[  192.561963] Hardware name: linux,dummy-virt (DT)
[  192.564101] pstate: 60000005 (nZCv daif -PAN -UAO)
[  192.571719] pc : __sk_receive_skb+0x13c/0x1e0
[  192.572579] lr : sock_alloc_send_skb+0x1c/0x28
[  192.573412] sp : ffff800011db3930
[  192.574646] x29: ffff800011db3930 x28: 0000000000000000 
[  192.575776] x27: 0000000000000000 x26: 7fffffffffffffff 
[  192.577293] x25: ffff000079503740 x24: ffff800011db3ac4 
[  192.578920] x23: ffff000076e02a00 x22: ffff8000101271d8 
[  192.579854] x21: 0000000000000000 x20: 0000000000000000 
[  192.581567] x19: ffff800011db39b8 x18: 0000000000000000 
[  192.583067] x17: 0000000000000000 x16: 0000000000000000 
[  192.583740] x15: 0000000000000001 x14: 0000000000000000 
[  192.584993] x13: 0000000000000006 x12: 00000000c0a80164 
[  192.586048] x11: 0000000000000000 x10: 0000000000000068 
[  192.586564] x9 : 0000000000000000 x8 : 00000000000005c8 
[  192.587252] x7 : 0000000000000000 x6 : 0000000000000010 
[  192.587883] x5 : 0000000000000000 x4 : ffff800011db3ac4 
[  192.589420] x3 : 0000000000000000 x2 : 0000000000000000 
[  192.590661] x1 : 0000000000034000 x0 : ffff800000000010 
[  192.592058] Call trace:
[  192.594905]  __sk_receive_skb+0x13c/0x1e0
[  192.599387]  sock_alloc_send_skb+0x1c/0x28
[  192.602154]  __ip_append_data.isra.0+0x788/0xc30
[  192.602948]  ip_make_skb+0xec/0x140
[  192.603833]  udp_sendmsg+0x6ec/0x860
[  192.605729]  inet_sendmsg+0x40/0x68
[  192.606426]  __sys_sendto+0xd4/0x150
[  192.607152]  __arm64_sys_sendto+0x24/0x30
[  192.608663]  el0_svc_common.constprop.0+0x68/0x160
[  192.610774]  el0_svc_handler+0x20/0x80
[  192.615043]  el0_svc+0x8/0xc
[  192.618865] Code: d2800003 f9002ee3 f9407e60 b40003c0 (f9000017) 
[  192.625639] ---[ end trace 9692decf16631628 ]---
[  192.977460] Unable to handle kernel write to read-only memory at virtual address ffff8000101271d8
[  192.980113] Mem abort info:
[  192.987095]   ESR = 0x9600004f
[  193.000781]   EC = 0x25: DABT (current EL), IL = 32 bits
[  193.011614]   SET = 0, FnV = 0
[  193.018634]   EA = 0, S1PTW = 0
[  193.023876] Data abort info:
[  193.026358]   ISV = 0, ISS = 0x0000004f
[  193.027073]   CM = 0, WnR = 1
[  193.027531] swapper pgtable: 4k pages, 48-bit VAs, pgdp=00000000412a6000
[  193.032379] [ffff8000101271d8] pgd=00000000bdfff003, pud=00000000bdffe003, pmd=00000000bdffd003, pte=0050000040127793
[  193.049890] Internal error: Oops: 9600004f [#2] PREEMPT SMP
[  193.055504] Modules linked in:
[  193.059914] CPU: 1 PID: 1 Comm: systemd Tainted: G      D           5.4.18 #2
[  193.067792] Hardware name: linux,dummy-virt (DT)
[  193.073078] pstate: 20000005 (nzCv daif -PAN -UAO)
[  193.081832] pc : _raw_spin_unlock+0x4/0x40
[  193.085297] lr : __sk_receive_skb+0x160/0x1e0
[  193.086048] sp : ffff80001005ba90
[  193.086709] x29: ffff80001005ba90 x28: 0000000000000000 
[  193.087680] x27: 0000000000000003 x26: 0000000000000003 
[  193.090350] x25: ffff000078208000 x24: ffff80001005bbb0 
[  193.092441] x23: ffff00007b0a8000 x22: ffff8000101271d8 
[  193.093684] x21: 0000000000000164 x20: ffff00007ac64600 
[  193.095399] x19: ffff80001005bb18 x18: 0000000000000000 
[  193.098778] x17: 0000000000000000 x16: 0000000000000000 
[  193.109164] x15: 0000000000000000 x14: 0000ffff999d02f9 
[  193.114732] x13: 0000000000000010 x12: 0000aaaac1e86650 
[  193.121459] x11: 0000000000000001 x10: 0000000000400100 
[  193.124047] x9 : ffff00007b0a8000 x8 : 0000ffffffffffff 
[  193.133750] x7 : 0000000000000000 x6 : 0000000000000001 
[  193.135800] x5 : 0000000000000000 x4 : ffff80001005bbb0 
[  193.141699] x3 : 0000000000000000 x2 : 0000000000000000 
[  193.145780] x1 : 0000000000000000 x0 : ffff8000101271d8 
[  193.149062] Call trace:
[  193.151097]  _raw_spin_unlock+0x4/0x40
[  193.152322]  unix_dgram_sendmsg+0x110/0x568
[  193.158150]  ____sys_sendmsg+0x240/0x280
[  193.163447]  ___sys_sendmsg+0x80/0xe0
[  193.165430]  __sys_sendmsg+0x64/0xc0
[  193.167544]  __arm64_sys_sendmsg+0x20/0x28
[  193.171370]  el0_svc_common.constprop.0+0x68/0x160
[  193.176830]  el0_svc_handler+0x20/0x80
[  193.181608]  el0_svc+0x8/0xc
[  193.184340] Code: d50342ff d503201f d65f03c0 52800001 (089ffc01) 
[  193.198827] ---[ end trace 9692decf16631629 ]---
[  193.205477] Kernel panic - not syncing: Attempted to kill init! exitcode=0x0000000b
[  193.216347] SMP: stopping secondary CPUs
[  193.225322] Kernel Offset: disabled
[  193.227095] CPU features: 0x0002,20006000
[  193.229907] Memory Limit: none
[  193.234339] ---[ end Kernel panic - not syncing: Attempted to kill init! exitcode=0x0000000b ]---
