[  193.392056] skbuff: skb_over_panic: text:00000000d65aa618 len:2066590208 put:2066590208 head:00000000761caa6a data:000000004c7df537 tail:0x8d166540 end:0xc0 dev:<NULL>
[  193.400336] kernel BUG at net/core/skbuff.c:108!
[  193.401145] Internal error: Oops - BUG: 0 [#1] PREEMPT SMP
[  193.401731] Modules linked in:
[  193.402564] CPU: 6 PID: 491 Comm: python3 Not tainted 5.4.18 #2
[  193.402921] Hardware name: linux,dummy-virt (DT)
[  193.403985] pstate: 60000005 (nZCv daif -PAN -UAO)
[  193.404447] pc : skb_panic+0x54/0x58
[  193.404770] lr : skb_panic+0x54/0x58
[  193.405115] sp : ffff800011e8ba40
[  193.405413] x29: ffff800011e8ba50 x28: ffff00007b2e3330 
[  193.406013] x27: 000000000000001a x26: 0000000000000000 
[  193.406418] x25: ffff00007b3d2ec0 x24: ffff00007747f180 
[  193.406816] x23: ffff800011e8bce0 x22: 0000000000000000 
[  193.407237] x21: 0000000000000000 x20: 0000000000000000 
[  193.407636] x19: 0000000000000000 x18: 0000000000000010 
[  193.408035] x17: 0000000000000000 x16: 0000000000000000 
[  193.408434] x15: ffff00007b2e2e70 x14: 3878303a6c696174 
[  193.408834] x13: 2037333566643763 x12: 3430303030303030 
[  193.409288] x11: 303a617461642061 x10: 3661616331363730 
[  193.409692] x9 : 303030303030303a x8 : ffff800011993000 
[  193.410090] x7 : ffff800010691a68 x6 : 000000000000014d 
[  193.410487] x5 : 0000000000000000 x4 : ffff00007dbc1188 
[  193.410880] x3 : ffff00007dbc7f20 x2 : 0000000000000000 
[  193.411304] x1 : 0000000000000000 x0 : 000000000000009b 
[  193.412053] Call trace:
[  193.412409]  skb_panic+0x54/0x58
[  193.413442]  pskb_put+0x0/0x38
[  193.413782]  __ip_append_data.isra.0+0x7e0/0xc30
[  193.415700] Code: f90007e9 b940b508 f90003e8 97d8dd19 (d4210000) 
[  193.418655] ---[ end trace 0488e787351de64a ]---
[  193.420632] note: python3[491] exited with preempt_count 1
[  193.493529] ------------[ cut here ]------------
[  193.495904] WARNING: CPU: 6 PID: 0 at kernel/rcu/tree.c:569 rcu_idle_enter+0x74/0x80
[  193.497101] Modules linked in:
[  193.497851] CPU: 6 PID: 0 Comm: swapper/6 Tainted: G      D           5.4.18 #2
[  193.502305] Hardware name: linux,dummy-virt (DT)
[  193.504481] pstate: 200003c5 (nzCv DAIF -PAN -UAO)
[  193.508641] pc : rcu_idle_enter+0x74/0x80
[  193.510435] lr : do_idle+0x200/0x288
[  193.511696] sp : ffff800011a73f20
[  193.512019] x29: ffff800011a73f20 x28: 0000000000000000 
[  193.512501] x27: 0000000000000000 x26: 0000000000000000 
[  193.512951] x25: 0000000000000000 x24: ffff8000117ba214 
[  193.514647] x23: ffff00007b0c6200 x22: ffff800011404ab8 
[  193.517144] x21: ffff8000117ba1f0 x20: 0000000000000006 
[  193.517725] x19: ffff8000117ba118 x18: 0000000000000010 
[  193.520043] x17: 0000000000000000 x16: 0000000000000000 
[  193.520794] x15: 0000000000000000 x14: 0000000000000000 
[  193.521482] Unable to handle kernel NULL pointer dereference at virtual address 000000000000017c
[  193.521703] Mem abort info:
[  193.524206] x13: 00000000000021ed x12: 0000000000000214 
[  193.524338] x11: 000000000087cefe x10: 00000000000009c0 
[  193.524447] x9 : ffff800011a73e90 x8 : ffff00007b0c6c20 
[  193.527865]   ESR = 0x96000004
[  193.528624] x7 : ffff00007db47800 x6 : 0000000b21aafd43 
[  193.533285]   EC = 0x25: DABT (current EL), IL = 32 bits
[  193.533377]   SET = 0, FnV = 0
[  193.533712] x5 : 00ffffffffffffff x4 : ffff80006c7c5000 
[  193.538962]   EA = 0, S1PTW = 0
[  193.540210] x3 : 4000000000000002 x2 : 4000000000000000 
[  193.541272] Data abort info:
[  193.543118] x1 : ffff800011406980 x0 : ffff00007dbcb980 
[  193.543318] Call trace:
[  193.543380]  rcu_idle_enter+0x74/0x80
[  193.543531]  do_idle+0x200/0x288
[  193.543665]  cpu_startup_entry+0x24/0x40
[  193.544392]   ISV = 0, ISS = 0x00000004
[  193.545092]  secondary_start_kernel+0x154/0x190
[  193.545397]   CM = 0, WnR = 0
[  193.547789] ---[ end trace 0488e787351de64b ]---
[  193.556811] user pgtable: 4k pages, 48-bit VAs, pgdp=00000000b9ad3000
[  193.558095] [000000000000017c] pgd=0000000000000000
[  193.559715] Internal error: Oops: 96000004 [#2] PREEMPT SMP
[  193.561555] Modules linked in:
[  193.563421] CPU: 1 PID: 1 Comm: systemd Tainted: G      D W         5.4.18 #2
[  193.564212] Hardware name: linux,dummy-virt (DT)
[  193.565301] pstate: 20000005 (nzCv daif -PAN -UAO)
[  193.568190] pc : ____sys_sendmsg+0x1f4/0x280
[  193.569120] lr : ____sys_sendmsg+0x240/0x280
[  193.571760] sp : ffff80001005bbd0
[  193.572199] x29: ffff80001005bbe0 x28: 0000000000000000 
[  193.574564] x27: 0000000000000000 x26: ffff80001005be00 
[  193.575636] x25: 0000000000000000 x24: 0000000000000000 
[  193.577436] x23: 0000000079a98600 x22: ffff000078001400 
[  193.577937] x21: 0000000000000164 x20: ffff00007ac61500 
[  193.579855] x19: ffff00007b0a8000 x18: 0000000000000000 
[  193.580742] x17: 0000000000000000 x16: 0000000000000000 
[  193.581135] x15: 0000000000000000 x14: 0000ffff90d552f9 
[  193.582138] x13: 0000000000000010 x12: 0000aaab028ce760 
[  193.582624] x11: 0000000000000001 x10: 0000000000400100 
[  193.584946] x9 : ffff00007b0a8000 x8 : 0000ffffffffffff 
[  193.586732] x7 : 0000000000000001 x6 : 0000000000000501 
[  193.588369] x5 : 0000000000000500 x4 : ffff00007800153c 
[  193.588560] x3 : 0000000000000001 x2 : 0000000000000501 
[  193.589242] x1 : 0000000000000000 x0 : ffff80001005bc20 
[  193.589792] Call trace:
[  193.590547]  ____sys_sendmsg+0x1f4/0x280
[  193.591650]  ___sys_sendmsg+0x80/0xe0
[  193.592065]  __sys_sendmsg+0x64/0xc0
[  193.592548]  __arm64_sys_sendmsg+0x20/0x28
[  193.593067]  el0_svc_common.constprop.0+0x68/0x160
[  193.595069]  el0_svc_handler+0x20/0x80
[  193.595719]  el0_svc+0x8/0xc
[  193.596415] Code: 94048eb5 910143e0 eb00035f 54fff8c0 (f9400ea0) 
[  193.601212] ---[ end trace 0488e787351de64c ]---
[  193.605820] Kernel panic - not syncing: Attempted to kill init! exitcode=0x0000000b
[  193.609738] SMP: stopping secondary CPUs
[  193.611592] Kernel Offset: disabled
[  193.613346] CPU features: 0x0002,20006000
[  193.614664] Memory Limit: none
[  193.617661] ---[ end Kernel panic - not syncing: Attempted to kill init! exitcode=0x0000000b ]---
