[  193.763204] Kernel panic - not syncing: stack-protector: Kernel stack is corrupted in: sock_alloc_send_pskb+0x260/0x260
[  193.773004] CPU: 5 PID: 494 Comm: python3 Not tainted 5.4.18 #2
[  193.774334] Hardware name: linux,dummy-virt (DT)
[  193.777072] Call trace:
[  193.777879]  dump_backtrace+0x0/0x140
[  193.778717]  show_stack+0x14/0x20
[  193.779508]  dump_stack+0xb4/0xf8
[  193.780174]  panic+0x158/0x324
[  193.780794]  __stack_chk_fail+0x1c/0x20
[  193.782761]  sock_alloc_send_skb+0x0/0x28
[  193.783638]  sock_alloc_send_skb+0x1c/0x28
[  193.784475]  __ip_append_data.isra.0+0x788/0xc30
[  193.785302]  ip_make_skb+0xec/0x140
[  193.786245]  udp_sendmsg+0x6ec/0x860
[  193.786967]  inet_sendmsg+0x40/0x68
[  193.787695]  __sys_sendto+0xd4/0x150
[  193.788378]  __arm64_sys_sendto+0x24/0x30
[  193.789124]  el0_svc_common.constprop.0+0x68/0x160
[  193.789986]  el0_svc_handler+0x20/0x80
[  193.790642]  el0_svc+0x8/0xc
[  193.797127] SMP: stopping secondary CPUs
[  193.800829] Kernel Offset: disabled
[  193.801555] CPU features: 0x0002,20006000
[  193.802051] Memory Limit: none
[  193.806033] ---[ end Kernel panic - not syncing: stack-protector: Kernel stack is corrupted in: sock_alloc_send_pskb+0x260/0x260 ]---
