[  192.666369] Kernel panic - not syncing: stack-protector: Kernel stack is corrupted in: sock_alloc_send_pskb+0x260/0x260
[  192.668049] CPU: 1 PID: 496 Comm: python3 Not tainted 5.4.18 #2
[  192.668434] Hardware name: linux,dummy-virt (DT)
[  192.669304] Call trace:
[  192.669744]  dump_backtrace+0x0/0x140
[  192.670097]  show_stack+0x14/0x20
[  192.670390]  dump_stack+0xb4/0xf8
[  192.670670]  panic+0x158/0x324
[  192.670929]  __stack_chk_fail+0x1c/0x20
[  192.671284]  sock_alloc_send_skb+0x0/0x28
[  192.671608]  sock_alloc_send_skb+0x1c/0x28
[  192.671938]  __ip_append_data.isra.0+0x788/0xc30
[  192.672283]  ip_make_skb+0xec/0x140
[  192.672571]  udp_sendmsg+0x6ec/0x860
[  192.672863]  inet_sendmsg+0x40/0x68
[  192.673171]  __sys_sendto+0xd4/0x150
[  192.673456]  __arm64_sys_sendto+0x24/0x30
[  192.673769]  el0_svc_common.constprop.0+0x68/0x160
[  192.674127]  el0_svc_handler+0x20/0x80
[  192.674431]  el0_svc+0x8/0xc
[  192.676681] SMP: stopping secondary CPUs
[  192.678999] Kernel Offset: disabled
[  192.680269] CPU features: 0x0002,20006000
[  192.680916] Memory Limit: none
[  192.682967] ---[ end Kernel panic - not syncing: stack-protector: Kernel stack is corrupted in: sock_alloc_send_pskb+0x260/0x260 ]---
