[  196.039503] Unable to handle kernel write to read-only memory at virtual address ffff800010af984c
[  196.046453] Mem abort info:
[  196.047092]   ESR = 0x9600004e
[  196.047734]   EC = 0x25: DABT (current EL), IL = 32 bits
[  196.048574]   SET = 0, FnV = 0
[  196.049162]   EA = 0, S1PTW = 0
[  196.051846] Data abort info:
[  196.052334]   ISV = 0, ISS = 0x0000004e
[  196.052720]   CM = 0, WnR = 1
[  196.053299] swapper pgtable: 4k pages, 48-bit VAs, pgdp=00000000412a6000
[  196.063782] [ffff800010af984c] pgd=00000000bdfff003, pud=00000000bdffe003, pmd=0040000040a00791
[  196.079511] Internal error: Oops: 9600004e [#1] PREEMPT SMP
[  196.080937] Modules linked in:
[  196.082922] CPU: 2 PID: 493 Comm: python3 Not tainted 5.4.18 #2
[  196.083563] Hardware name: linux,dummy-virt (DT)
[  196.084538] pstate: 60000005 (nZCv daif -PAN -UAO)
[  196.087370] pc : sock_alloc_send_pskb+0x28/0x260
[  196.087800] lr : sock_alloc_send_skb+0x1c/0x28
[  196.088162] sp : ffff800011f63930
[  196.088475] x29: ffff800011f63930 x28: ffff000075e9b330 
[  196.089034] x27: 000000000000001a x26: 0000000000000000 
[  196.089420] x25: ffff0000781e9540 x24: ffff800011f63ac4 
[  196.090169] x23: ffff000075e9aa00 x22: 0000000000000000 
[  196.090657] x21: 0000000000000000 x20: 0000000000000000 
[  196.091116] x19: 0000000000000000 x18: 0000000000000000 
[  196.091649] x17: 0000000000000000 x16: 0000000000000000 
[  196.092175] x15: 0000000000000001 x14: 0000000000000000 
[  196.092767] x13: 0000000000000006 x12: 00000000c0a80164 
[  196.094961] x11: 0000000000000000 x10: 0000000000000068 
[  196.095547] x9 : 0000000000000000 x8 : 00000000000005c8 
[  196.096540] x7 : 0000000000000014 x6 : 0000000000000010 
[  196.100084] x5 : 0000000000000000 x4 : ffff800011f63ac4 
[  196.102519] x3 : 0000000000000000 x2 : 0000000000000000 
[  196.104359] x1 : 000000000000004d x0 : ffff0000781e9540 
[  196.107389] Call trace:
[  196.110475]  sock_alloc_send_pskb+0x28/0x260
[  196.110934]  sock_alloc_send_skb+0x1c/0x28
[  196.111173]  __ip_append_data.isra.0+0x788/0xc30
[  196.111435]  ip_make_skb+0xec/0x140
[  196.111839]  udp_sendmsg+0x6ec/0x860
[  196.112856]  inet_sendmsg+0x40/0x68
[  196.113145]  __sys_sendto+0xd4/0x150
[  196.113845]  __arm64_sys_sendto+0x24/0x30
[  196.114221]  el0_svc_common.constprop.0+0x68/0x160
[  196.115439]  el0_svc_handler+0x20/0x80
[  196.115764]  el0_svc+0x8/0xc
[  196.120157] Code: aa0403f8 a9046bf9 aa0003f9 d280001a (a90573db) 
[  196.122540] ---[ end trace 80f19dda6c506fab ]---
[  196.206463] Unable to handle kernel write to read-only memory at virtual address ffff800010bd43b8
[  196.211031] Mem abort info:
[  196.211467]   ESR = 0x9600004e
[  196.211816]   EC = 0x25: DABT (current EL), IL = 32 bits
[  196.212324]   SET = 0, FnV = 0
[  196.212579]   EA = 0, S1PTW = 0
[  196.213172] Data abort info:
[  196.218732]   ISV = 0, ISS = 0x0000004e
[  196.221385]   CM = 0, WnR = 1
[  196.222712] swapper pgtable: 4k pages, 48-bit VAs, pgdp=00000000412a6000
[  196.223660] [ffff800010bd43b8] pgd=00000000bdfff003, pud=00000000bdffe003, pmd=0040000040a00791
[  196.226979] Internal error: Oops: 9600004e [#2] PREEMPT SMP
[  196.228922] Modules linked in:
[  196.229872] CPU: 3 PID: 1 Comm: systemd Tainted: G      D           5.4.18 #2
[  196.232341] Hardware name: linux,dummy-virt (DT)
[  196.232992] pstate: 80000005 (Nzcv daif -PAN -UAO)
[  196.235496] pc : sock_alloc_send_pskb+0x28/0x260
[  196.236530] lr : unix_dgram_sendmsg+0x110/0x568
[  196.237558] sp : ffff80001005ba90
[  196.238380] x29: ffff80001005ba90 x28: 0000000000000000 
[  196.239945] x27: 0000000000000000 x26: 0000000000000000 
[  196.240532] x25: ffff000078129000 x24: ffff80001005bbb0 
[  196.242384] x23: ffff00007b0a8000 x22: ffff000078129000 
[  196.243243] x21: 0000000000000164 x20: ffff0000784d4900 
[  196.245512] x19: ffff00007b0a8000 x18: 0000000000000000 
[  196.250694] x17: 0000000000000000 x16: 0000000000000000 
[  196.251851] x15: 0000000000000000 x14: 0000ffff8a5412f9 
[  196.254124] x13: 0000000000000010 x12: 0000aaaafd1e8780 
[  196.256277] x11: 0000000000000001 x10: 0000000000400100 
[  196.259723] x9 : ffff00007b0a8000 x8 : 0000ffffffffffff 
[  196.261041] x7 : ffff0000781240f0 x6 : 0000000000000001 
[  196.262699] x5 : 0000000000000003 x4 : ffff80001005bbb0 
[  196.265504] x3 : 0000000000000000 x2 : 0000000000000000 
[  196.266190] x1 : 0000000000000164 x0 : ffff000078129000 
[  196.266747] Call trace:
[  196.267393]  sock_alloc_send_pskb+0x28/0x260
[  196.268511]  unix_dgram_sendmsg+0x110/0x568
[  196.269140]  ____sys_sendmsg+0x240/0x280
[  196.270766]  ___sys_sendmsg+0x80/0xe0
[  196.271236]  __sys_sendmsg+0x64/0xc0
[  196.272362]  __arm64_sys_sendmsg+0x20/0x28
[  196.274179]  el0_svc_common.constprop.0+0x68/0x160
[  196.274872]  el0_svc_handler+0x20/0x80
[  196.276032]  el0_svc+0x8/0xc
[  196.276454] Code: aa0403f8 a9046bf9 aa0003f9 d280001a (a90573db) 
[  196.280407] ---[ end trace 80f19dda6c506fac ]---
[  196.285681] Kernel panic - not syncing: Attempted to kill init! exitcode=0x0000000b
[  196.290213] SMP: stopping secondary CPUs
[  196.292901] Kernel Offset: disabled
[  196.294462] CPU features: 0x0002,20006000
[  196.296247] Memory Limit: none
[  196.298738] ---[ end Kernel panic - not syncing: Attempted to kill init! exitcode=0x0000000b ]---
