[  193.333865] Unable to handle kernel NULL pointer dereference at virtual address 0000000000000471
[  193.344142] Mem abort info:
[  193.347319]   ESR = 0x96000006
[  193.349225]   EC = 0x25: DABT (current EL), IL = 32 bits
[  193.353551]   SET = 0, FnV = 0
[  193.357985]   EA = 0, S1PTW = 0
[  193.366468] Data abort info:
[  193.374685]   ISV = 0, ISS = 0x00000006
[  193.385883]   CM = 0, WnR = 0
[  193.393414] user pgtable: 4k pages, 48-bit VAs, pgdp=00000000b2d84000
[  193.401755] [0000000000000471] pgd=00000000b4bbd003, pud=00000000b8088003, pmd=0000000000000000
[  193.418625] Internal error: Oops: 96000006 [#1] PREEMPT SMP
[  193.423749] Modules linked in:
[  193.428142] CPU: 6 PID: 493 Comm: python3 Not tainted 5.4.18 #2
[  193.429476] Hardware name: linux,dummy-virt (DT)
[  193.434230] pstate: 00000005 (nzcv daif -PAN -UAO)
[  193.439597] pc : sock_alloc_send_pskb+0x1a8/0x260
[  193.441310] lr : sock_alloc_send_pskb+0x258/0x260
[  193.442450] sp : ffff800011f9b930
[  193.443163] x29: ffff800011f9b930 x28: 0000000000000000 
[  193.446744] x27: 0000000000000000 x26: 7fffffffffffffff 
[  193.450838] x25: ffff000074900cc0 x24: ffff800011f9bac4 
[  193.453181] x23: 0000000000000471 x22: ffff8000101271d8 
[  193.455129] x21: 0000000000000000 x20: 0000000000000000 
[  193.459716] x19: ffff00007b202e00 x18: 0000000000000000 
[  193.461875] x17: 0000000000000000 x16: 0000000000000000 
[  193.465272] x15: 0000000000000001 x14: 0000000000000000 
[  193.470463] x13: 0000000000000006 x12: 00000000c0a80164 
[  193.472235] x11: 0000000000000000 x10: 0000000000000068 
[  193.476960] x9 : 0000000000000000 x8 : 00000000000005c8 
[  193.484259] x7 : 0000000000000001 x6 : 0000000000000301 
[  193.490638] x5 : 0000000000000300 x4 : ffff000074900dfc 
[  193.494739] x3 : 0000000000000001 x2 : 0000000000000301 
[  193.500880] x1 : 0000000000000001 x0 : ca19e52f61d3bf00 
[  193.517645] Call trace:
[  193.519178]  sock_alloc_send_pskb+0x1a8/0x260
[  193.521470]  sock_alloc_send_skb+0x1c/0x28
[  193.522163]  __ip_append_data.isra.0+0x788/0xc30
[  193.523255]  ip_make_skb+0xec/0x140
[  193.524129]  udp_sendmsg+0x6ec/0x860
[  193.526174]  inet_sendmsg+0x40/0x68
[  193.528060]  __sys_sendto+0xd4/0x150
[  193.529417]  __arm64_sys_sendto+0x24/0x30
[  193.530242]  el0_svc_common.constprop.0+0x68/0x160
[  193.531115]  el0_svc_handler+0x20/0x80
[  193.532977]  el0_svc+0x8/0xc
[  193.540330] Code: d2800013 b9000301 9111c0f7 f9404fe0 (f94002e1) 
[  193.549202] ---[ end trace f9a8164c84af6266 ]---
[  193.728560] Unable to handle kernel NULL pointer dereference at virtual address 0000000000000471
[  193.731824] Mem abort info:
[  193.731978]   ESR = 0x96000004
[  193.737398]   EC = 0x25: DABT (current EL), IL = 32 bits
[  193.751013]   SET = 0, FnV = 0
[  193.751924]   EA = 0, S1PTW = 0
[  193.752415] Data abort info:
[  193.754050]   ISV = 0, ISS = 0x00000004
[  193.754911]   CM = 0, WnR = 0
[  193.755447] user pgtable: 4k pages, 48-bit VAs, pgdp=00000000ba481000
[  193.758176] [0000000000000471] pgd=0000000000000000
[  193.759296] Internal error: Oops: 96000004 [#2] PREEMPT SMP
[  193.759736] Modules linked in:
[  193.763935] CPU: 4 PID: 1 Comm: systemd Tainted: G      D           5.4.18 #2
[  193.769351] Hardware name: linux,dummy-virt (DT)
[  193.770414] pstate: 00000005 (nzcv daif -PAN -UAO)
[  193.780440] pc : sock_alloc_send_pskb+0x1a8/0x260
[  193.782605] lr : sock_alloc_send_pskb+0x258/0x260
[  193.785488] sp : ffff80001005ba90
[  193.787051] x29: ffff80001005ba90 x28: 0000000000000000 
[  193.794100] x27: 0000000000000003 x26: 0000000000000003 
[  193.796801] x25: ffff000079779400 x24: ffff80001005bbb0 
[  193.798570] x23: 0000000000000471 x22: ffff8000101271d8 
[  193.801077] x21: 0000000000000164 x20: ffff00007ac60f00 
[  193.801974] x19: ffff000079beca00 x18: 0000000000000000 
[  193.805693] x17: 0000000000000000 x16: 0000000000000000 
[  193.817508] x15: 0000000000000000 x14: 0000ffff9464d2f9 
[  193.818870] x13: 0000000000000010 x12: 0000aaaae93dc530 
[  193.820944] x11: 0000000000000001 x10: 0000000000400100 
[  193.822955] x9 : ffff00007b0a8000 x8 : 0000ffffffffffff 
[  193.823831] x7 : 0000000000000001 x6 : 0000000000000501 
[  193.824386] x5 : 0000000000000500 x4 : ffff00007977953c 
[  193.828831] x3 : 0000000000000001 x2 : 0000000000000501 
[  193.830714] x1 : 0000000000000001 x0 : 056b1a7fac6be300 
[  193.838785] Call trace:
[  193.841868]  sock_alloc_send_pskb+0x1a8/0x260
[  193.842717]  unix_dgram_sendmsg+0x110/0x568
[  193.846781]  ____sys_sendmsg+0x240/0x280
[  193.851802]  ___sys_sendmsg+0x80/0xe0
[  193.854377]  __sys_sendmsg+0x64/0xc0
[  193.857939]  __arm64_sys_sendmsg+0x20/0x28
[  193.861317]  el0_svc_common.constprop.0+0x68/0x160
[  193.867266]  el0_svc_handler+0x20/0x80
[  193.874760]  el0_svc+0x8/0xc
[  193.880056] Code: d2800013 b9000301 9111c0f7 f9404fe0 (f94002e1) 
[  193.895093] ---[ end trace f9a8164c84af6267 ]---
[  193.900187] Kernel panic - not syncing: Attempted to kill init! exitcode=0x0000000b
[  193.909945] SMP: stopping secondary CPUs
[  193.924205] Kernel Offset: disabled
[  193.927483] CPU features: 0x0002,20006000
[  193.931616] Memory Limit: none
[  193.939254] ---[ end Kernel panic - not syncing: Attempted to kill init! exitcode=0x0000000b ]---
