[  192.243237] Unable to handle kernel paging request at virtual address 00000000000340b8
[  192.251278] Mem abort info:
[  192.257706]   ESR = 0x96000006
[  192.258983]   EC = 0x25: DABT (current EL), IL = 32 bits
[  192.264170]   SET = 0, FnV = 0
[  192.266745]   EA = 0, S1PTW = 0
[  192.272852] Data abort info:
[  192.274293]   ISV = 0, ISS = 0x00000006
[  192.275536]   CM = 0, WnR = 0
[  192.278852] user pgtable: 4k pages, 48-bit VAs, pgdp=00000000b3f0a000
[  192.286939] [00000000000340b8] pgd=00000000b18b6003, pud=00000000b5c75003, pmd=0000000000000000
[  192.305096] Internal error: Oops: 96000006 [#1] PREEMPT SMP
[  192.308307] Modules linked in:
[  192.321090] CPU: 6 PID: 495 Comm: python3 Not tainted 5.4.18 #2
[  192.321344] Hardware name: linux,dummy-virt (DT)
[  192.321926] pstate: 00000005 (nzcv daif -PAN -UAO)
[  192.323888] pc : udp_send_skb.isra.0+0x1c/0x368
[  192.324174] lr : udp_sendmsg+0x710/0x860
[  192.324424] sp : ffff800011f53b20
[  192.324638] x29: ffff800011f53b20 x28: 000000000000001a 
[  192.325395] x27: ffff800011f53d80 x26: 0000000000000011 
[  192.325936] x25: 0000000000000012 x24: ffff00007ab14b88 
[  192.326470] x23: ffff800011f53c30 x22: ffff800011f53c68 
[  192.327057] x21: ffff00007941d400 x20: 0000000000034000 
[  192.329634] x19: 0000000000034000 x18: 0000000000000000 
[  192.330198] x17: 0000000000000000 x16: 0000000000000000 
[  192.331299] x15: 0000000000000001 x14: 0000000000000000 
[  192.331612] x13: 0000000000000006 x12: 00000000c0a80164 
[  192.332310] x11: 0000000000000000 x10: 0000000000000068 
[  192.332981] x9 : 0000000000000000 x8 : ffff800011f53c30 
[  192.333874] x7 : 0000000000000001 x6 : 0000000000000001 
[  192.334778] x5 : 0000000000000000 x4 : ffff00007ab1497c 
[  192.335713] x3 : ffff800011f53c8e x2 : ffff800011f53c78 
[  192.339281] x1 : ffff800011f53c30 x0 : 0000000000034000 
[  192.341852] Call trace:
[  192.342685]  udp_send_skb.isra.0+0x1c/0x368
[  192.343499]  udp_sendmsg+0x710/0x860
[  192.345675]  inet_sendmsg+0x40/0x68
[  192.346625]  __sys_sendto+0xd4/0x150
[  192.348305]  __arm64_sys_sendto+0x24/0x30
[  192.349079]  el0_svc_common.constprop.0+0x68/0x160
[  192.350053]  el0_svc_handler+0x20/0x80
[  192.350619]  el0_svc+0x8/0xc
[  192.354197] Code: aa0003f3 a9025bf5 a90363f7 aa0103f7 (a94b8405) 
[  192.361229] ---[ end trace 2725842e62154ae8 ]---
