[  192.588458] Kernel panic - not syncing: stack-protector: Kernel stack is corrupted in: sock_alloc_send_pskb+0x260/0x260
[  192.592645] CPU: 4 PID: 494 Comm: python3 Not tainted 5.4.18 #2
[  192.593645] Hardware name: linux,dummy-virt (DT)
[  192.595604] Call trace:
[  192.596515]  dump_backtrace+0x0/0x140
[  192.597108]  show_stack+0x14/0x20
[  192.597571]  dump_stack+0xb4/0xf8
[  192.598010]  panic+0x158/0x324
[  192.598420]  __stack_chk_fail+0x1c/0x20
[  192.599018]  sock_alloc_send_skb+0x0/0x28
[  192.599504]  sock_alloc_send_skb+0x1c/0x28
[  192.600006]  __ip_append_data.isra.0+0x788/0xc30
[  192.600596]  ip_make_skb+0xec/0x140
[  192.601062]  udp_sendmsg+0x6ec/0x860
[  192.601528]  inet_sendmsg+0x40/0x68
[  192.601969]  __sys_sendto+0xd4/0x150
[  192.602418]  __arm64_sys_sendto+0x24/0x30
[  192.602995]  el0_svc_common.constprop.0+0x68/0x160
[  192.603548]  el0_svc_handler+0x20/0x80
[  192.604010]  el0_svc+0x8/0xc
[  192.608254] SMP: stopping secondary CPUs
[  192.611989] Kernel Offset: disabled
[  192.613347] CPU features: 0x0002,20006000
[  192.614540] Memory Limit: none
[  192.623365] ---[ end Kernel panic - not syncing: stack-protector: Kernel stack is corrupted in: sock_alloc_send_pskb+0x260/0x260 ]---
