[  193.411077] Unable to handle kernel NULL pointer dereference at virtual address 0000000000000040
[  193.420288] Mem abort info:
[  193.421199]   ESR = 0x96000044
[  193.422409]   EC = 0x25: DABT (current EL), IL = 32 bits
[  193.429113]   SET = 0, FnV = 0
[  193.430889]   EA = 0, S1PTW = 0
[  193.437383] Data abort info:
[  193.439237]   ISV = 0, ISS = 0x00000044
[  193.450529]   CM = 0, WnR = 1
[  193.452159] user pgtable: 4k pages, 48-bit VAs, pgdp=00000000b8274000
[  193.454667] [0000000000000040] pgd=0000000000000000
[  193.458638] Internal error: Oops: 96000044 [#1] PREEMPT SMP
[  193.460744] Modules linked in:
[  193.462490] CPU: 7 PID: 269 Comm: sd-resolve Not tainted 5.4.18 #2
[  193.463557] Hardware name: linux,dummy-virt (DT)
[  193.464397] pstate: 80000005 (Nzcv daif -PAN -UAO)
[  193.467288] pc : alloc_skb_with_frags+0x38/0x1d8
[  193.468290] lr : sock_alloc_send_pskb+0x248/0x260
[  193.468752] sp : ffff800011d9b6e0
[  193.469195] x29: ffff800011d9b6e0 x28: 0000000000000000 
[  193.470055] x27: 0000000000000000 x26: 0000000000000cc0 
[  193.470508] x25: ffff000076f09980 x24: 0000000000000000 
[  193.471579] x23: ffff00007953e200 x22: ffff8000101271d8 
[  193.472271] x21: 0000000000000000 x20: 0000000000000000 
[  193.472903] x19: 0000000000000000 x18: 0000000000000000 
[  193.473343] x17: 0000000000000000 x16: 0000000000000000 
[  193.474342] x15: 0000000000000000 x14: 0000000000000000 
[  193.477214] x13: 0000000000000000 x12: 0000000000000000 
[  193.478783] x11: 0000000000000000 x10: 0000000000400040 
[  193.483207] x9 : 0000000000000000 x8 : 000000000000ffeb 
[  193.485606] x7 : 0000000000000000 x6 : 0000000000000010 
[  193.487881] x5 : 0000000000000000 x4 : 0000000000000cc0 
[  193.490184] x3 : 0000000000000040 x2 : 0000000000000000 
[  193.490871] x1 : 00000000ffffff97 x0 : 0000000000000072 
[  193.492670] Call trace:
[  193.493331]  alloc_skb_with_frags+0x38/0x1d8
[  193.494313]  sock_alloc_send_pskb+0x248/0x260
[  193.496256]  sock_alloc_send_skb+0x1c/0x28
[  193.496616]  __ip_append_data.isra.0+0x788/0xc30
[  193.497290]  ip_make_skb+0xec/0x140
[  193.497497]  udp_sendmsg+0x6ec/0x860
[  193.497703]  inet_sendmsg+0x40/0x68
[  193.497907]  ____sys_sendmsg+0x1bc/0x280
[  193.498155]  ___sys_sendmsg+0x80/0xe0
[  193.498416]  __sys_sendmmsg+0xbc/0x278
[  193.498698]  __arm64_sys_sendmmsg+0x24/0x30
[  193.499266]  el0_svc_common.constprop.0+0x68/0x160
[  193.500163]  el0_svc_handler+0x20/0x80
[  193.500811]  el0_svc+0x8/0xc
[  193.502807] Code: 12800d01 a9046bf9 2a0203f5 2a0403fa (b9000061) 
[  193.506003] ---[ end trace 9971ad9799c1565c ]---
[  193.528822] Unable to handle kernel NULL pointer dereference at virtual address 0000000000000000
[  193.529754] Mem abort info:
[  193.530121]   ESR = 0x96000044
[  193.532304]   EC = 0x25: DABT (current EL), IL = 32 bits
[  193.533495]   SET = 0, FnV = 0
[  193.534585]   EA = 0, S1PTW = 0
[  193.535797] Data abort info:
[  193.537323]   ISV = 0, ISS = 0x00000044
[  193.537772]   CM = 0, WnR = 1
[  193.538167] user pgtable: 4k pages, 48-bit VAs, pgdp=00000000b9685000
[  193.538647] [0000000000000000] pgd=0000000000000000
[  193.540177] Internal error: Oops: 96000044 [#2] PREEMPT SMP
[  193.541227] Modules linked in:
[  193.541748] CPU: 1 PID: 448 Comm: systemd-resolve Tainted: G      D           5.4.18 #2
[  193.542279] Hardware name: linux,dummy-virt (DT)
[  193.542552] pstate: 80000005 (Nzcv daif -PAN -UAO)
[  193.543047] pc : alloc_skb_with_frags+0x38/0x1d8
[  193.544278] lr : sock_alloc_send_pskb+0x248/0x260
[  193.545165] sp : ffff800012153a30
[  193.545388] x29: ffff800012153a30 x28: 0000000000000000 
[  193.546154] x27: 0000000000000003 x26: 0000000000400cc0 
[  193.546962] x25: ffff0000713c8800 x24: 0000000000000000 
[  193.548799] x23: ffff00007b1de200 x22: ffff8000101271d8 
[  193.549703] x21: 0000000000000003 x20: ffff0000770f5200 
[  193.552503] x19: 0000000000000000 x18: 0000000000000000 
[  193.554317] x17: 0000000000000000 x16: 0000000000000000 
[  193.555599] x15: 0000000000000000 x14: 0000000000000000 
[  193.556001] x13: 0000000000000000 x12: 0000000000000028 
[  193.556810] x11: 0101010101010101 x10: 7f7f7f7f7f7f7f7f 
[  193.557011] x9 : fefeff786568736e x8 : 7f7f7f7f7f7f7f7f 
[  193.557219] x7 : 0000000000000000 x6 : 0000000000808080 
[  193.557955] x5 : 0000000000000003 x4 : 0000000000400cc0 
[  193.560317] x3 : 0000000000000000 x2 : 0000000000000003 
[  193.561335] x1 : 00000000ffffff97 x0 : 000000000000000a 
[  193.563556] Call trace:
[  193.564582]  alloc_skb_with_frags+0x38/0x1d8
[  193.565285]  sock_alloc_send_pskb+0x248/0x260
[  193.565870]  unix_dgram_sendmsg+0x110/0x568
[  193.566721]  ____sys_sendmsg+0x240/0x280
[  193.567803]  ___sys_sendmsg+0x80/0xe0
[  193.570727]  __sys_sendmsg+0x64/0xc0
[  193.572681]  __arm64_sys_sendmsg+0x20/0x28
[  193.573037]  el0_svc_common.constprop.0+0x68/0x160
[  193.573483]  el0_svc_handler+0x20/0x80
[  193.574023]  el0_svc+0x8/0xc
[  193.574306] Code: 12800d01 a9046bf9 2a0203f5 2a0403fa (b9000061) 
[  193.574887] ---[ end trace 9971ad9799c1565d ]---
[  193.692518] Unable to handle kernel NULL pointer dereference at virtual address 0000000000000040
[  193.697783] Mem abort info:
[  193.698836]   ESR = 0x96000044
[  193.703245]   EC = 0x25: DABT (current EL), IL = 32 bits
[  193.706019]   SET = 0, FnV = 0
[  193.708507]   EA = 0, S1PTW = 0
[  193.710794] Data abort info:
[  193.713501]   ISV = 0, ISS = 0x00000044
[  193.715161] Unable to handle kernel NULL pointer dereference at virtual address 0000000000000000
[  193.717240]   CM = 0, WnR = 1
[  193.718135] Mem abort info:
[  193.718765] user pgtable: 4k pages, 48-bit VAs, pgdp=00000000b6d5b000
[  193.718948]   ESR = 0x96000044
[  193.722880] [0000000000000040] pgd=0000000000000000
[  193.723055] Internal error: Oops: 96000044 [#3] PREEMPT SMP
[  193.723364]   EC = 0x25: DABT (current EL), IL = 32 bits
[  193.725649] Modules linked in:
[  193.726378]   SET = 0, FnV = 0
[  193.726807] CPU: 1 PID: 271 Comm: dbus-daemon Tainted: G      D           5.4.18 #2
[  193.732049]   EA = 0, S1PTW = 0
[  193.735597] Hardware name: linux,dummy-virt (DT)
[  193.740521] Data abort info:
[  193.742106] pstate: 80000005 (Nzcv daif -PAN -UAO)
[  193.742192] pc : alloc_skb_with_frags+0x38/0x1d8
[  193.742274] lr : sock_alloc_send_pskb+0x248/0x260
[  193.745233] sp : ffff8000120fba20
[  193.746289] x29: ffff8000120fba20 x28: 0000000000000000 
[  193.750842]   ISV = 0, ISS = 0x00000044
[  193.753311] x27: 0000000000000003 x26: 0000000000400cc0 
[  193.753413] x25: ffff0000748e8800 x24: 0000000000000000 
[  193.753470] x23: ffff00007abb1c00 x22: ffff8000101271d8 
[  193.753526] x21: 0000000000000003 x20: 0000000000000000 
[  193.753582] x19: 0000000000000000 x18: 0000000000000000 
[  193.753656] x17: 0000000000000000 x16: 0000000000000000 
[  193.753765] x15: 0000000000000000 x14: 0000000000000000 
[  193.753822] x13: 0000000000000000 x12: 0000000000000000 
[  193.753975] x11: 0000000000000000 x10: 0000000000400100 
[  193.754035] x9 : ffff00007abb1c00 x8 : 0000ffffffffffff 
[  193.754606]   CM = 0, WnR = 1
[  193.755910] x7 : 0000000000000000 x6 : 0000000000000031 
[  193.757904] user pgtable: 4k pages, 48-bit VAs, pgdp=00000000ba51a000
[  193.763235] x5 : 0000000000000003 x4 : 0000000000400cc0 
[  193.765804] [0000000000000000] pgd=0000000000000000
[  193.778939] x3 : 0000000000000040 x2 : 0000000000000003 
[  193.779554] x1 : 00000000ffffff97 x0 : 00000000000000d1 
[  193.781116] Call trace:
[  193.781746]  alloc_skb_with_frags+0x38/0x1d8
[  193.782859]  sock_alloc_send_pskb+0x248/0x260
[  193.785325]  unix_stream_sendmsg+0x1cc/0x340
[  193.788211]  ____sys_sendmsg+0x240/0x280
[  193.790548]  ___sys_sendmsg+0x80/0xe0
[  193.791011]  __sys_sendmsg+0x64/0xc0
[  193.794808]  __arm64_sys_sendmsg+0x20/0x28
[  193.796215]  el0_svc_common.constprop.0+0x68/0x160
[  193.797750]  el0_svc_handler+0x20/0x80
[  193.798048]  el0_svc+0x8/0xc
[  193.798340] Code: 12800d01 a9046bf9 2a0203f5 2a0403fa (b9000061) 
[  193.800246] ---[ end trace 9971ad9799c1565e ]---
[  193.802152] Internal error: Oops: 96000044 [#4] PREEMPT SMP
[  193.804805] Modules linked in:
[  193.805653] CPU: 5 PID: 1 Comm: systemd Tainted: G      D           5.4.18 #2
[  193.806955] Hardware name: linux,dummy-virt (DT)
[  193.808680] pstate: 80000005 (Nzcv daif -PAN -UAO)
[  193.810102] pc : alloc_skb_with_frags+0x38/0x1d8
[  193.810795] lr : sock_alloc_send_pskb+0x248/0x260
[  193.811835] sp : ffff80001005ba30
[  193.812603] x29: ffff80001005ba30 x28: 0000000000000000 
[  193.819060] x27: 0000000000000003 x26: 0000000000400cc0 
[  193.821593] x25: ffff00007a902800 x24: 0000000000000000 
[  193.822599] x23: ffff00007b0a8000 x22: ffff8000101271d8 
[  193.823996] x21: 0000000000000003 x20: ffff00007ac62400 
[  193.827933] x19: 0000000000000000 x18: 0000000000000000 
[  193.830783] x17: 0000000000000000 x16: 0000000000000000 
[  193.833147] x15: 0000000000000000 x14: 0000ffff9348e2f9 
[  193.838808] x13: 000000000000001d x12: 0000aaaac471d760 
[  193.840431] x11: 0000000000000001 x10: 0000000000400100 
[  193.841579] x9 : ffff00007b0a8000 x8 : 0000ffffffffffff 
[  193.841968] x7 : 0000000000000000 x6 : 0000000000000001 
[  193.842458] x5 : 0000000000000003 x4 : 0000000000400cc0 
[  193.842850] x3 : 0000000000000000 x2 : 0000000000000003 
[  193.844597] x1 : 00000000ffffff97 x0 : 000000000000017e 
[  193.850407] Unable to handle kernel NULL pointer dereference at virtual address 0000000000000000
[  193.850462] Mem abort info:
[  193.850493]   ESR = 0x96000044
[  193.850542]   EC = 0x25: DABT (current EL), IL = 32 bits
[  193.850572]   SET = 0, FnV = 0
[  193.850601]   EA = 0, S1PTW = 0
[  193.850626] Data abort info:
[  193.850653]   ISV = 0, ISS = 0x00000044
[  193.850682]   CM = 0, WnR = 1
[  193.850726] user pgtable: 4k pages, 48-bit VAs, pgdp=00000000b5d8a000
[  193.850758] [0000000000000000] pgd=0000000000000000
[  193.855963] Call trace:
[  193.856525]  alloc_skb_with_frags+0x38/0x1d8
[  193.856680]  sock_alloc_send_pskb+0x248/0x260
[  193.856830]  unix_dgram_sendmsg+0x110/0x568
[  193.856974]  ____sys_sendmsg+0x240/0x280
[  193.857111]  ___sys_sendmsg+0x80/0xe0
[  193.857242]  __sys_sendmsg+0x64/0xc0
[  193.857372]  __arm64_sys_sendmsg+0x20/0x28
[  193.857524]  el0_svc_common.constprop.0+0x68/0x160
[  193.857771]  el0_svc_handler+0x20/0x80
[  193.857911]  el0_svc+0x8/0xc
[  193.858067] Code: 12800d01 a9046bf9 2a0203f5 2a0403fa (b9000061) 
[  193.861216] ---[ end trace 9971ad9799c1565f ]---
[  193.861639] Internal error: Oops: 96000044 [#5] PREEMPT SMP
[  193.863087] Kernel panic - not syncing: Attempted to kill init! exitcode=0x0000000b
[  193.863291] Modules linked in:
[  193.867827] SMP: stopping secondary CPUs
[  193.868395] CPU: 2 PID: 279 Comm: systemd-logind Tainted: G      D           5.4.18 #2
[  193.869507] Hardware name: linux,dummy-virt (DT)
[  193.872923] pstate: 80000005 (Nzcv daif -PAN -UAO)
[  193.873143] pc : alloc_skb_with_frags+0x38/0x1d8
[  193.874906] lr : sock_alloc_send_pskb+0x248/0x260
[  193.875750] sp : ffff800011e93a30
[  193.877976] x29: ffff800011e93a30 x28: 0000000000000000 
[  193.879534] x27: 0000000000000003 x26: 0000000000400cc0 
[  193.880039] x25: ffff00006dc28000 x24: 0000000000000000 
[  193.880887] x23: ffff000075ec0000 x22: ffff8000101271d8 
[  193.882266] x21: 0000000000000003 x20: ffff0000787c4000 
[  193.885578] x19: 0000000000000000 x18: 0000000000000000 
[  193.886255] x17: 0000000000000000 x16: 0000000000000000 
[  193.886703] x15: 0000000000000000 x14: 0000000000000000 
[  193.887722] x13: 0000000000000000 x12: 0000000000000028 
[  193.888014] x11: 0101010101010101 x10: 7f7f7f7f7f7f7f7f 
[  193.889872] x9 : fefeff786568736e x8 : 7f7f7f7f7f7f7f7f 
[  193.891353] x7 : 0000000000000000 x6 : 0000000000808080 
[  193.893698] x5 : 0000000000000003 x4 : 0000000000400cc0 
[  193.894913] x3 : 0000000000000000 x2 : 0000000000000003 
[  193.897403] x1 : 00000000ffffff97 x0 : 000000000000000a 
[  193.899415] Call trace:
[  193.900077]  alloc_skb_with_frags+0x38/0x1d8
[  193.900947]  sock_alloc_send_pskb+0x248/0x260
[  193.903073]  unix_dgram_sendmsg+0x110/0x568
[  193.903566]  ____sys_sendmsg+0x240/0x280
[  193.903916]  ___sys_sendmsg+0x80/0xe0
[  193.904480]  __sys_sendmsg+0x64/0xc0
[  193.904671]  __arm64_sys_sendmsg+0x20/0x28
[  193.906360]  el0_svc_common.constprop.0+0x68/0x160
[  193.907983]  el0_svc_handler+0x20/0x80
[  193.909073]  el0_svc+0x8/0xc
[  193.909981] Code: 12800d01 a9046bf9 2a0203f5 2a0403fa (b9000061) 
[  193.912320] ---[ end trace 9971ad9799c15660 ]---
[  193.914413] Kernel Offset: disabled
[  193.916242] CPU features: 0x0002,20006000
[  193.917719] Memory Limit: none
[  193.919934] ---[ end Kernel panic - not syncing: Attempted to kill init! exitcode=0x0000000b ]---
