[  218.976312] kernel BUG at arch/arm64/kernel/traps.c:405!
[  218.983754] Internal error: Oops - BUG: 0 [#1] PREEMPT SMP
[  218.986749] Modules linked in:
[  218.989342] CPU: 1 PID: 495 Comm: python3 Tainted: G        W         5.4.18 #2
[  218.991351] Hardware name: linux,dummy-virt (DT)
[  218.992628] pstate: 00000005 (nzcv daif -PAN -UAO)
[  218.994235] pc : do_undefinstr+0x2ec/0x310
[  218.994990] lr : do_undefinstr+0x1e0/0x310
[  218.995677] sp : ffff800011e2b790
[  218.998466] x29: ffff800011e2b790 x28: ffff00007a427000 
[  218.999244] x27: 0000000000000000 x26: 7fffffffffffffff 
[  218.999788] x25: ffff00007951ee80 x24: 0000000000000000 
[  219.000453] x23: 0000000060000005 x22: ffff800010af95e8 
[  219.001191] x21: ffff800011e2b930 x20: ffff00007a427000 
[  219.001472] x19: ffff800011e2b7f0 x18: 0000000000000000 
[  219.001747] x17: 0000000000000000 x16: 0000000000000000 
[  219.002025] x15: 0000000000000001 x14: 0000000000000000 
[  219.002313] x13: 0000000000000006 x12: 00000000c0a80164 
[  219.002602] x11: 0000000000000000 x10: 0000000000000068 
[  219.007580] x9 : 0000000000000000 x8 : 00000000000005c8 
[  219.010563] x7 : 0000000000000000 x6 : ffff800011e2b7e8 
[  219.011988] x5 : 00000000d5300000 x4 : ffff8000117c51f0 
[  219.014570] x3 : 00000000b9c00000 x2 : 0000000000000000 
[  219.017203] x1 : ffff00007a427000 x0 : 0000000060000005 
[  219.017395] Call trace:
[  219.017954]  do_undefinstr+0x2ec/0x310
[  219.018096]  el1_undef+0x10/0x84
[  219.018222]  sock_alloc_send_pskb+0x68/0x260
[  219.018363]  sock_alloc_send_skb+0x1c/0x28
[  219.018500]  __ip_append_data.isra.0+0x788/0xc30
[  219.018704]  ip_make_skb+0xec/0x140
[  219.019208]  udp_sendmsg+0x6ec/0x860
[  219.019344]  inet_sendmsg+0x40/0x68
[  219.019471]  __sys_sendto+0xd4/0x150
[  219.019597]  __arm64_sys_sendto+0x24/0x30
[  219.019763]  el0_svc_common.constprop.0+0x68/0x160
[  219.019946]  el0_svc_handler+0x20/0x80
[  219.020100]  el0_svc+0x8/0xc
[  219.020836] Code: f9401bf7 17ffff7c a9025bf5 f9001bf7 (d4210000) 
[  219.023254] ---[ end trace 00826a36ebd46733 ]---
[  219.024905] note: python3[495] exited with preempt_count 1
[  219.115090] ------------[ cut here ]------------
[  219.117657] WARNING: CPU: 1 PID: 0 at kernel/rcu/tree.c:569 rcu_idle_enter+0x74/0x80
[  219.118702] Modules linked in:
[  219.119426] CPU: 1 PID: 0 Comm: swapper/1 Tainted: G      D W         5.4.18 #2
[  219.121310] Hardware name: linux,dummy-virt (DT)
[  219.122672] pstate: 200003c5 (nzCv DAIF -PAN -UAO)
[  219.123913] pc : rcu_idle_enter+0x74/0x80
[  219.127116] lr : do_idle+0x200/0x288
[  219.127554] sp : ffff800011a4bf20
[  219.127995] x29: ffff800011a4bf20 x28: 0000000000000000 
[  219.128423] x27: 0000000000000000 x26: 0000000000000000 
[  219.132122] x25: 0000000000000000 x24: ffff8000117ba214 
[  219.133562] x23: ffff00007b0c1c00 x22: ffff800011404ab8 
[  219.135441] x21: ffff8000117ba1f0 x20: 0000000000000001 
[  219.136031] x19: ffff8000117ba118 x18: 0000000000000010 
[  219.138874] x17: 0000000000000000 x16: 0000000000000000 
[  219.142890] x15: 0000000000000193 x14: 0000000000000000 
[  219.145978] x13: 0000000000000002 x12: 0000000000000000 
[  219.147219] x11: 0000000000000000 x10: 00000000000009c0 
[  219.154485] x9 : ffff800011a4be90 x8 : ffff00007b0c2620 
[  219.155797] x7 : 0000000000000393 x6 : 000001687a3b3480 
[  219.159852] ------------[ cut here ]------------
[  219.160541] x5 : 00ffffffffffffff x4 : ffff80006c757000 
[  219.163347] kernel BUG at arch/arm64/kernel/traps.c:405!
[  219.167392] x3 : 4000000000000002 x2 : 4000000000000000 
[  219.171741] Internal error: Oops - BUG: 0 [#2] PREEMPT SMP
[  219.174274] x1 : ffff800011406980 x0 : ffff00007db5d980 
[  219.175005] Modules linked in:
[  219.175537] Call trace:
[  219.176241] CPU: 2 PID: 1 Comm: systemd Tainted: G      D W         5.4.18 #2
[  219.177360]  rcu_idle_enter+0x74/0x80
[  219.178751] Hardware name: linux,dummy-virt (DT)
[  219.179373]  do_idle+0x200/0x288
[  219.179825] pstate: 00000005 (nzcv daif -PAN -UAO)
[  219.180197]  cpu_startup_entry+0x24/0x40
[  219.182799] pc : do_undefinstr+0x2ec/0x310
[  219.182895] lr : do_undefinstr+0x1e0/0x310
[  219.182955] sp : ffff80001005b8f0
[  219.183018] x29: ffff80001005b8f0 x28: ffff00007b0a8000 
[  219.183142] x27: 0000000000000003 x26: 0000000000000003 
[  219.183261] x25: ffff00007b250800 x24: 0000000000000000 
[  219.183378] x23: 0000000080000005 x22: ffff800010af95e8 
[  219.183536] x21: ffff80001005ba90 x20: ffff00007b0a8000 
[  219.183654] x19: ffff80001005b950 x18: 0000000000000000 
[  219.183772] x17: 0000000000000000 x16: 0000000000000000 
[  219.183891] x15: 0000000000000000 x14: 0000ffff9b3072f9 
[  219.184008] x13: 0000000000000010 x12: 0000aaaadb927760 
[  219.184124] x11: 0000000000000001 x10: 0000000000400100 
[  219.184241] x9 : ffff00007b0a8000 x8 : 0000ffffffffffff 
[  219.184356] x7 : 0000000000000000 x6 : ffff80001005b948 
[  219.184471] x5 : 00000000d5300000 x4 : ffff8000117c51f0 
[  219.184586] x3 : 00000000b9c00000 x2 : 0000000000000000 
[  219.184702] x1 : ffff00007b0a8000 x0 : 0000000080000005 
[  219.184818] Call trace:
[  219.184963]  do_undefinstr+0x2ec/0x310
[  219.186333]  el1_undef+0x10/0x84
[  219.186459]  sock_alloc_send_pskb+0x68/0x260
[  219.187940]  unix_dgram_sendmsg+0x110/0x568
[  219.189606]  ____sys_sendmsg+0x240/0x280
[  219.190397]  secondary_start_kernel+0x154/0x190
[  219.190525] ---[ end trace 00826a36ebd46734 ]---
[  219.190928]  ___sys_sendmsg+0x80/0xe0
[  219.232263]  __sys_sendmsg+0x64/0xc0
[  219.232651]  __arm64_sys_sendmsg+0x20/0x28
[  219.235390]  el0_svc_common.constprop.0+0x68/0x160
[  219.237206]  el0_svc_handler+0x20/0x80
[  219.237977]  el0_svc+0x8/0xc
[  219.238422] Code: f9401bf7 17ffff7c a9025bf5 f9001bf7 (d4210000) 
[  219.243154] ---[ end trace 00826a36ebd46735 ]---
[  219.244163] note: systemd[1] exited with preempt_count 1
[  219.247514] Kernel panic - not syncing: Attempted to kill init! exitcode=0x0000000b
[  219.251791] SMP: stopping secondary CPUs
[  219.258178] Kernel Offset: disabled
[  219.262298] CPU features: 0x0002,20006000
[  219.264784] Memory Limit: none
[  219.272233] ---[ end Kernel panic - not syncing: Attempted to kill init! exitcode=0x0000000b ]---
