[  225.811747] Unable to handle kernel NULL pointer dereference at virtual address 0000000000000188
[  225.811893] Unable to handle kernel paging request at virtual address ffff800000000180
[  225.812181] Mem abort info:
[  225.813795] Unable to handle kernel NULL pointer dereference at virtual address 0000000000000188
[  225.818669] Mem abort info:
[  225.818811]   ESR = 0x96000004
[  225.819294]   EC = 0x25: DABT (current EL), IL = 32 bits
[  225.819526]   SET = 0, FnV = 0
[  225.819679]   EA = 0, S1PTW = 0
[  225.819845] Mem abort info:
[  225.819872] Data abort info:
[  225.819915]   ESR = 0x96000004
[  225.820033]   EC = 0x25: DABT (current EL), IL = 32 bits
[  225.820064]   ISV = 0, ISS = 0x00000004
[  225.821499]   SET = 0, FnV = 0
[  225.824366]   CM = 0, WnR = 0
[  225.831011] user pgtable: 4k pages, 48-bit VAs, pgdp=00000000b92ac000
[  225.831144] [0000000000000188] pgd=0000000000000000
[  225.832054]   ESR = 0x96000006
[  225.832108] Internal error: Oops: 96000004 [#1] PREEMPT SMP
[  225.832332]   EA = 0, S1PTW = 0
[  225.832665] Modules linked in:
[  225.839764]   EC = 0x25: DABT (current EL), IL = 32 bits
[  225.840396] CPU: 0 PID: 261 Comm: systemd-timesyn Not tainted 5.4.18 #2
[  225.840663] Hardware name: linux,dummy-virt (DT)
[  225.842173] Data abort info:
[  225.844823] pstate: 60000005 (nZCv daif -PAN -UAO)
[  225.846647] pc : unix_dgram_sendmsg+0x16c/0x568
[  225.846844] lr : unix_dgram_sendmsg+0x154/0x568
[  225.846950] sp : ffff800011dabb30
[  225.847764] x29: ffff800011dabb30 x28: 0000000000000003 
[  225.851190] x27: ffff000073d64300 x26: ffff800011dabe00 
[  225.852134]   SET = 0, FnV = 0
[  225.852222] x25: 0000000000000016 
[  225.852454]   EA = 0, S1PTW = 0
[  225.855210] x24: ffff800011dabcb8 
[  225.855627] x23: 0000000000000000 x22: 0000000000000008 
[  225.858615] x21: 0000000000000003 x20: ffff00006f08c000 
[  225.862468] x19: ffff00007abd4600 x18: 0000000000000000 
[  225.862703] x17: 0000000000000000 x16: 0000000000000000 
[  225.863015]   ISV = 0, ISS = 0x00000004
[  225.863208] x15: 0000000000000000 x14: 0000000000000000 
[  225.863824] x13: 0000000000000000 
[  225.863940] Data abort info:
[  225.864337] x12: 0000000000000028 
[  225.864551]   CM = 0, WnR = 0
[  225.864960] x11: 0101010101010101 x10: 7f7f7f7f7f7f7f7f 
[  225.866480] x9 : fefeff786568736e x8 : 7f7f7f7f7f7f7f7f 
[  225.868650] user pgtable: 4k pages, 48-bit VAs, pgdp=00000000b3c79000
[  225.869632]   ISV = 0, ISS = 0x00000006
[  225.870656]   CM = 0, WnR = 0
[  225.870803] [0000000000000188] pgd=0000000000000000
[  225.874208] x7 : 0000000000000001 x6 : ffff000073e7c403 
[  225.874348] x5 : ffff000073e7c403 x4 : 0000ffffffffffff 
[  225.876465] swapper pgtable: 4k pages, 48-bit VAs, pgdp=00000000412a6000
[  225.878008] x3 : 0000000000000007 x2 : 0000000000000003 
[  225.883326] [ffff800000000180] pgd=00000000bdfff003, pud=00000000bdffe003, pmd=0000000000000000
[  225.887593] x1 : ffff800011dabd38 x0 : 0000000000004000 
[  225.891205] Call trace:
[  225.957062]  unix_dgram_sendmsg+0x16c/0x568
[  225.958570]  ____sys_sendmsg+0x240/0x280
[  225.958958]  ___sys_sendmsg+0x80/0xe0
[  225.959322]  __sys_sendmsg+0x64/0xc0
[  225.959677]  __arm64_sys_sendmsg+0x20/0x28
[  225.960154]  el0_svc_common.constprop.0+0x68/0x160
[  225.960592]  el0_svc_handler+0x20/0x80
[  225.960956]  el0_svc+0x8/0xc
[  225.964226] Code: 35000fe0 b9404b40 f9003bff 37300060 (f940c2c0) 
[  225.968009] ---[ end trace ce0c6a02907d795a ]---
[  225.970544] Internal error: Oops: 96000004 [#2] PREEMPT SMP
[  225.971147] Modules linked in:
[  225.972314] CPU: 2 PID: 277 Comm: systemd-logind Tainted: G      D           5.4.18 #2
[  225.979571] Hardware name: linux,dummy-virt (DT)
[  225.988268] pstate: 60000005 (nZCv daif -PAN -UAO)
[  225.995270] pc : unix_dgram_sendmsg+0x16c/0x568
[  226.001557] lr : unix_dgram_sendmsg+0x154/0x568
[  226.005136] sp : ffff800011e73b30
[  226.006341] x29: ffff800011e73b30 x28: 0000000000000003 
[  226.007586] x27: ffff0000717e6000 x26: ffff800011e73e00 
[  226.010632] x25: 0000000000000016 x24: ffff800011e73cb8 
[  226.012205] x23: 0000000000000000 x22: 0000000000000008 
[  226.016844] x21: 0000000000000003 x20: ffff00006f25c000 
[  226.020687] x19: ffff000078175400 x18: 0000000000000000 
[  226.023459] x17: 0000000000000000 x16: 0000000000000000 
[  226.024840] x15: 0000000000000000 x14: 0000000000000000 
[  226.028417] x13: 0000000000000000 x12: 0000000000000028 
[  226.036924] x11: 0101010101010101 x10: ffff800011e73740 
[  226.049841] x9 : 0000000000000004 x8 : 00000000ffffffff 
[  226.053319] x7 : 0000000000000001 x6 : ffff000070d84003 
[  226.055528] x5 : ffff000070d84003 x4 : 0000ffffffffffff 
[  226.060503] x3 : 0000000000000007 x2 : 0000000000000003 
[  226.063875] x1 : ffff800011e73d38 x0 : 0000000000004000 
[  226.074008] Call trace:
[  226.081517]  unix_dgram_sendmsg+0x16c/0x568
[  226.090378]  ____sys_sendmsg+0x240/0x280
[  226.096234]  ___sys_sendmsg+0x80/0xe0
[  226.097106]  __sys_sendmsg+0x64/0xc0
[  226.098259]  __arm64_sys_sendmsg+0x20/0x28
[  226.098537]  el0_svc_common.constprop.0+0x68/0x160
[  226.098964]  el0_svc_handler+0x20/0x80
[  226.099543]  el0_svc+0x8/0xc
[  226.099768] Code: 35000fe0 b9404b40 f9003bff 37300060 (f940c2c0) 
[  226.100451] ---[ end trace ce0c6a02907d795b ]---
[  226.103415] Internal error: Oops: 96000006 [#3] PREEMPT SMP
[  226.105419] Modules linked in:
[  226.112121] CPU: 7 PID: 446 Comm: systemd-resolve Tainted: G      D           5.4.18 #2
[  226.127735] Hardware name: linux,dummy-virt (DT)
[  226.128658] pstate: 60000005 (nZCv daif -PAN -UAO)
[  226.134222] pc : unix_dgram_sendmsg+0x16c/0x568
[  226.137584] lr : unix_dgram_sendmsg+0x154/0x568
[  226.143059] sp : ffff800011d83b30
[  226.144466] x29: ffff800011d83b30 x28: 0000000000000000 
[  226.148679] x27: ffff000070e06500 x26: ffff800011d83e00 
[  226.151795] x25: 0000000000000016 x24: ffff800011d83cb8 
[  226.158453] x23: 0000000000000000 x22: ffff800000000000 
[  226.159914] x21: 0000000000000000 x20: ffff0000734ec900 
[  226.160830] x19: ffff00007b25aa00 x18: 0000000000000000 
[  226.163639] x17: 0000000000000000 x16: 0000000000000000 
[  226.171454] x15: 0000000000000000 x14: 0000000000000000 
[  226.175966] x13: 0000000000000000 x12: 0000000000000028 
[  226.176452] x11: 0101010101010101 x10: 7f7f7f7f7f7f7f7f 
[  226.178367] x9 : fefeff786568736e x8 : 7f7f7f7f7f7f7f7f 
[  226.179159] x7 : 0000000000000001 x6 : 0000000000000000 
[  226.179814] x5 : ffff000072b68600 x4 : ffff000072b686c0 
[  226.183790] x3 : 0000000000000000 x2 : ffff800011d83e10 
[  226.188099] x1 : 0000000000000000 x0 : 0000000000004000 
[  226.191609] Call trace:
[  226.198556]  unix_dgram_sendmsg+0x16c/0x568
[  226.206996]  ____sys_sendmsg+0x240/0x280
[  226.207644]  ___sys_sendmsg+0x80/0xe0
[  226.207905]  __sys_sendmsg+0x64/0xc0
[  226.208172]  __arm64_sys_sendmsg+0x20/0x28
[  226.210527]  el0_svc_common.constprop.0+0x68/0x160
[  226.214743]  el0_svc_handler+0x20/0x80
[  226.215946]  el0_svc+0x8/0xc
[  226.216782] Code: 35000fe0 b9404b40 f9003bff 37300060 (f940c2c0) 
[  226.220526] ---[ end trace ce0c6a02907d795c ]---
[  226.311632] Unable to handle kernel NULL pointer dereference at virtual address 0000000000000060
[  226.319153] Mem abort info:
[  226.319583]   ESR = 0x96000004
[  226.319853]   EC = 0x25: DABT (current EL), IL = 32 bits
[  226.320648]   SET = 0, FnV = 0
[  226.326075]   EA = 0, S1PTW = 0
[  226.327469] Data abort info:
[  226.327892]   ISV = 0, ISS = 0x00000004
[  226.330486]   CM = 0, WnR = 0
[  226.335886] user pgtable: 4k pages, 48-bit VAs, pgdp=00000000b72c5000
[  226.343034] [0000000000000060] pgd=0000000000000000
[  226.355951] Internal error: Oops: 96000004 [#4] PREEMPT SMP
[  226.363614] Modules linked in:
[  226.364861] CPU: 2 PID: 269 Comm: dbus-daemon Tainted: G      D           5.4.18 #2
[  226.367873] Hardware name: linux,dummy-virt (DT)
[  226.369711] pstate: 60000005 (nZCv daif -PAN -UAO)
[  226.371652] pc : unix_stream_sendmsg+0x108/0x340
[  226.372519] lr : unix_stream_sendmsg+0x108/0x340
[  226.376353] sp : ffff800011e23b20
[  226.379290] x29: ffff800011e23b20 x28: ffff000073c30748 
[  226.381754] x27: 00000000000000cd x26: ffff0000758fa200 
[  226.382971] x25: ffff000073c30800 x24: ffff000076db8300 
[  226.384826] x23: 0000000000000000 x22: ffff000077318e00 
[  226.394650] x21: 0000000000000000 x20: 0000000000000000 
[  226.396273] x19: 00000000000000cd x18: 0000000000000000 
[  226.396718] x17: 0000000000000000 x16: 0000000000000000 
[  226.397146] x15: 0000000000000000 x14: 656572662e67726f 
[  226.400404] x13: 0000001400730107 x12: 0000000000000000 
[  226.403530] x11: 6465676e61684372 x10: 656e774f656d614e 
[  226.406277] x9 : 0000001000730103 x8 : 000000040000316e 
[  226.410987] x7 : 69676f6c2e706f74 x6 : ffff000073edd8cd 
[  226.411730] x5 : ffff000073edd8cd x4 : 0000000000000000 
[  226.414067] x3 : ffff000073c30748 x2 : 0000000000000001 
[  226.414856] x1 : 0000000000000000 x0 : 0000000000000000 
[  226.417276] Call trace:
[  226.417606]  unix_stream_sendmsg+0x108/0x340
[  226.418483]  ____sys_sendmsg+0x240/0x280
[  226.419333]  ___sys_sendmsg+0x80/0xe0
[  226.420178]  __sys_sendmsg+0x64/0xc0
[  226.420494]  __arm64_sys_sendmsg+0x20/0x28
[  226.420857]  el0_svc_common.constprop.0+0x68/0x160
[  226.423426]  el0_svc_handler+0x20/0x80
[  226.424439]  el0_svc+0x8/0xc
[  226.424794] Code: b90097e0 35000e40 aa1c03e0 940187bb (f94032a0) 
[  226.426737] ---[ end trace ce0c6a02907d795d ]---
[  226.427500] note: dbus-daemon[269] exited with preempt_count 1
[  226.475133] skbuff: skb_over_panic: text:0000000005982e58 len:268811008 put:268811008 head:00000000bc71cbad data:00000000bc71cbad tail:0x1005bb00 end:0x2c0 dev:<NULL>
[  226.491793] ------------[ cut here ]------------
[  226.492751] kernel BUG at net/core/skbuff.c:108!
[  226.493107] Unable to handle kernel NULL pointer dereference at virtual address 0000000000000180
[  226.494124] Internal error: Oops - BUG: 0 [#5] PREEMPT SMP
[  226.503967] Mem abort info:
[  226.517603] Modules linked in:
[  226.518154] CPU: 7 PID: 1 Comm: systemd Tainted: G      D           5.4.18 #2
[  226.525779]   ESR = 0x96000004
[  226.526797]   EC = 0x25: DABT (current EL), IL = 32 bits
[  226.533713] Hardware name: linux,dummy-virt (DT)
[  226.534653] pstate: 60000005 (nZCv daif -PAN -UAO)
[  226.534987] pc : skb_panic+0x54/0x58
[  226.535024] lr : skb_panic+0x54/0x58
[  226.535073] sp : ffff80001005bb00
[  226.536321]   SET = 0, FnV = 0
[  226.536352]   EA = 0, S1PTW = 0
[  226.545964] x29: ffff80001005bb10 x28: 0000000000000000 
[  226.546105] x27: ffff000078254300 x26: ffff80001005be00 
[  226.546221] x25: 0000000000000000 x24: 0000000000000000 
[  226.546337] x23: ffff000079011c00 x22: ffff800010152e48 
[  226.546453] x21: ffff80001005bb00 x20: ffff0000784d4600 
[  226.546568] x19: ffff00007b0a8000 x18: 0000000000000010 
[  226.546800] x17: 0000000000000000 x16: 0000000000000000 
[  226.547121] x15: ffff00007b0a8470 x14: 6e65203030626235 
[  226.547922] x13: 30303178303a6c69 x12: 6174206461626331 
[  226.548265] x11: 3763623030303030 x10: 3030303a61746164 
[  226.548750] x9 : 2064616263313763 x8 : ffff800011993000 
[  226.552718] Data abort info:
[  226.562909] x7 : ffff800010691a68 x6 : 0000000000000204 
[  226.563331] x5 : 0000000000000000 x4 : ffff00007dbd7188 
[  226.584607]   ISV = 0, ISS = 0x00000004
[  226.588094] x3 : ffff00007dbddf20 x2 : 0000000000000000 
[  226.588186] x1 : 0000000000000000 x0 : 000000000000009a 
[  226.588401] Call trace:
[  226.588925]  skb_panic+0x54/0x58
[  226.589013]  pskb_put+0x0/0x38
[  226.589164]  unix_dgram_sendmsg+0x13c/0x568
[  226.589228]  ____sys_sendmsg+0x240/0x280
[  226.589291]  ___sys_sendmsg+0x80/0xe0
[  226.589924]  __sys_sendmsg+0x64/0xc0
[  226.591719]   CM = 0, WnR = 0
[  226.592078]  __arm64_sys_sendmsg+0x20/0x28
[  226.596218] user pgtable: 4k pages, 48-bit VAs, pgdp=00000000b5927000
[  226.596274] [0000000000000180] pgd=0000000000000000
[  226.616373]  el0_svc_common.constprop.0+0x68/0x160
[  226.618241]  el0_svc_handler+0x20/0x80
[  226.619805]  el0_svc+0x8/0xc
[  226.620137] Code: f90007e9 b940b508 f90003e8 97d8dd19 (d4210000) 
[  226.624316] ---[ end trace ce0c6a02907d795e ]---
[  226.624762] note: systemd[1] exited with preempt_count 1
[  226.624816] Internal error: Oops: 96000004 [#6] PREEMPT SMP
[  226.627831] Modules linked in:
[  226.628063] CPU: 3 PID: 290 Comm: ModemManager Tainted: G      D           5.4.18 #2
[  226.628866] Kernel panic - not syncing: Attempted to kill init! exitcode=0x0000000b
[  226.630315] Hardware name: linux,dummy-virt (DT)
[  226.636296] SMP: stopping secondary CPUs
[  226.637785] pstate: 60000005 (nZCv daif -PAN -UAO)
[  226.641705] pc : unix_dgram_sendmsg+0x16c/0x568
[  226.642663] lr : unix_dgram_sendmsg+0x154/0x568
[  226.644190] sp : ffff800011cb3c70
[  226.645009] x29: ffff800011cb3c70 x28: 0000000000000019 
[  226.648128] x27: ffff000075a1c000 x26: ffff800011cb3d80 
[  226.650807] x25: 0000000000000000 x24: 0000000000