[  195.406427] Unable to handle kernel NULL pointer dereference at virtual address 0000000000000098
[  195.409296] Mem abort info:
[  195.409605]   ESR = 0x96000006
[  195.409973]   EC = 0x25: DABT (current EL), IL = 32 bits
[  195.410376]   SET = 0, FnV = 0
[  195.410651]   EA = 0, S1PTW = 0
[  195.410952] Data abort info:
[  195.411235]   ISV = 0, ISS = 0x00000006
[  195.411592]   CM = 0, WnR = 0
[  195.412878] user pgtable: 4k pages, 48-bit VAs, pgdp=00000000b9249000
[  195.413439] [0000000000000098] pgd=00000000b9172003, pud=00000000b93fc003, pmd=0000000000000000
[  195.415964] Internal error: Oops: 96000006 [#1] PREEMPT SMP
[  195.417370] Modules linked in:
[  195.423157] CPU: 2 PID: 494 Comm: python3 Not tainted 5.4.18 #2
[  195.424958] Hardware name: linux,dummy-virt (DT)
[  195.427576] pstate: 00000005 (nzcv daif -PAN -UAO)
[  195.427890] pc : sock_alloc_send_pskb+0x1a4/0x260
[  195.431902] lr : sock_alloc_send_pskb+0x258/0x260
[  195.434013] sp : ffff800011f0b930
[  195.434620] x29: ffff800011f0b930 x28: 0000000000000000 
[  195.436179] x27: 0000000000000000 x26: 7fffffffffffffff 
[  195.436595] x25: ffff00007b2cb740 x24: ffff800011f0bac4 
[  195.437326] x23: ffff00007b38ca70 x22: ffff8000101271d8 
[  195.438036] x21: 0000000000000000 x20: 0000000000000000 
[  195.439735] x19: ffff000079b30000 x18: 0000000000000000 
[  195.441190] x17: 0000000000000000 x16: 0000000000000000 
[  195.442440] x15: 0000000000000001 x14: 0000000000000000 
[  195.445746] x13: 0000000000000006 x12: 00000000c0a80164 
[  195.451912] x11: 0000000000000000 x10: 0000000000000068 
[  195.452837] x9 : 0000000000000000 x8 : 00000000000005c8 
[  195.458735] x7 : 0000000000000001 x6 : 0000000000000301 
[  195.460721] x5 : 0000000000000300 x4 : ffff00007b2cb87c 
[  195.462333] x3 : 0000000000000001 x2 : 0000000000000301 
[  195.464536] x1 : 0000000000000001 x0 : 0000000000000001 
[  195.465414] Call trace:
[  195.465733]  sock_alloc_send_pskb+0x1a4/0x260
[  195.466072]  sock_alloc_send_skb+0x1c/0x28
[  195.466368]  __ip_append_data.isra.0+0x788/0xc30
[  195.466648]  ip_make_skb+0xec/0x140
[  195.466875]  udp_sendmsg+0x6ec/0x860
[  195.467250]  inet_sendmsg+0x40/0x68
[  195.468141]  __sys_sendto+0xd4/0x150
[  195.468470]  __arm64_sys_sendto+0x24/0x30
[  195.468805]  el0_svc_common.constprop.0+0x68/0x160
[  195.469195]  el0_svc_handler+0x20/0x80
[  195.469523]  el0_svc+0x8/0xc
[  195.471866] Code: 34fff660 d2800013 b9000301 9111c2f7 (f9404f60) 
[  195.475185] ---[ end trace 27a5f32b74cadf97 ]---
[  195.557203] Unable to handle kernel NULL pointer dereference at virtual address 000000000000009b
[  195.558590] Mem abort info:
[  195.560066]   ESR = 0x96000004
[  195.560365]   EC = 0x25: DABT (current EL), IL = 32 bits
[  195.562911]   SET = 0, FnV = 0
[  195.564466]   EA = 0, S1PTW = 0
[  195.564745] Data abort info:
[  195.564978]   ISV = 0, ISS = 0x00000004
[  195.565688]   CM = 0, WnR = 0
[  195.567936] user pgtable: 4k pages, 48-bit VAs, pgdp=00000000bab26000
[  195.569232] [000000000000009b] pgd=0000000000000000
[  195.573397] Internal error: Oops: 96000004 [#2] PREEMPT SMP
[  195.575891] Modules linked in:
[  195.576366] CPU: 4 PID: 1 Comm: systemd Tainted: G      D           5.4.18 #2
[  195.579137] Hardware name: linux,dummy-virt (DT)
[  195.579899] pstate: 00000005 (nzcv daif -PAN -UAO)
[  195.580373] pc : sock_alloc_send_pskb+0x1a4/0x260
[  195.581126] lr : sock_alloc_send_pskb+0x258/0x260
[  195.583689] sp : ffff80001005ba90
[  195.587980] x29: ffff80001005ba90 x28: 0000000000000000 
[  195.590600] x27: 0000000000000003 x26: 0000000000000003 
[  195.598059] x25: ffff000079bb1800 x24: ffff80001005bbb0 
[  195.598458] x23: ffff00007b0a8470 x22: ffff8000101271d8 
[  195.599481] x21: 0000000000000164 x20: ffff00007afc5200 
[  195.601343] x19: ffff00007aa2c200 x18: 0000000000000000 
[  195.602086] x17: 0000000000000000 x16: 0000000000000000 
[  195.604324] x15: 0000000000000000 x14: 0000ffffa6b7b2f9 
[  195.605696] x13: 0000000000000010 x12: 0000aaaadad984f0 
[  195.608023] x11: 0000000000000000 x10: 0000000000400100 
[  195.609222] x9 : ffff00007b0a8000 x8 : 00000000ffffffff 
[  195.611566] x7 : 0000000000000001 x6 : 0000000000000501 
[  195.612520] x5 : 0000000000000500 x4 : ffff000079bb193c 
[  195.615457] x3 : 0000000000000001 x2 : 0000000000000501 
[  195.617463] x1 : 0000000000000001 x0 : 0000000000000001 
[  195.620427] Call trace:
[  195.620940]  sock_alloc_send_pskb+0x1a4/0x260
[  195.621866]  unix_dgram_sendmsg+0x110/0x568
[  195.623981]  ____sys_sendmsg+0x240/0x280
[  195.624714]  ___sys_sendmsg+0x80/0xe0
[  195.625036]  __sys_sendmsg+0x64/0xc0
[  195.625671]  __arm64_sys_sendmsg+0x20/0x28
[  195.627086]  el0_svc_common.constprop.0+0x68/0x160
[  195.628559]  el0_svc_handler+0x20/0x80
[  195.629422]  el0_svc+0x8/0xc
[  195.629913] Code: 34fff660 d2800013 b9000301 9111c2f7 (f9404f60) 
[  195.635188] ---[ end trace 27a5f32b74cadf98 ]---
[  195.637799] Kernel panic - not syncing: Attempted to kill init! exitcode=0x0000000b
[  195.641653] SMP: stopping secondary CPUs
[  195.643927] Kernel Offset: disabled
[  195.644912] CPU features: 0x0002,20006000
[  195.646256] Memory Limit: none
[  195.649823] ---[ end Kernel panic - not syncing: Attempted to kill init! exitcode=0x0000000b ]---
