[  192.947494] Unable to handle kernel NULL pointer dereference at virtual address 0000000000000220
[  192.949660] Mem abort info:
[  192.950250]   ESR = 0x96000006
[  192.954101]   EC = 0x25: DABT (current EL), IL = 32 bits
[  192.956951]   SET = 0, FnV = 0
[  192.958122]   EA = 0, S1PTW = 0
[  192.958596] Data abort info:
[  192.969799]   ISV = 0, ISS = 0x00000006
[  192.970872]   CM = 0, WnR = 0
[  192.972596] user pgtable: 4k pages, 48-bit VAs, pgdp=00000000b1719000
[  192.981166] [0000000000000220] pgd=00000000b6d4a003, pud=00000000b83f6003, pmd=0000000000000000
[  192.986147] Internal error: Oops: 96000006 [#1] PREEMPT SMP
[  192.991033] Modules linked in:
[  192.994114] CPU: 4 PID: 492 Comm: python3 Not tainted 5.4.18 #2
[  192.997207] Hardware name: linux,dummy-virt (DT)
[  192.999036] pstate: 60000005 (nZCv daif -PAN -UAO)
[  193.007816] pc : sock_alloc_send_pskb+0x4c/0x260
[  193.008524] lr : sock_alloc_send_skb+0x1c/0x28
[  193.009723] sp : ffff800011fd3930
[  193.011200] x29: ffff800011fd3930 x28: ffff00007b1dc130 
[  193.012931] x27: 0000000000000000 x26: 7fffffffffffffff 
[  193.013829] x25: 0000000000000000 x24: ffff800011fd3ac4 
[  193.014222] x23: ffff00007b1db800 x22: ffff800010127000 
[  193.014604] x21: 0000000000000000 x20: 0000000000000000 
[  193.014987] x19: 0000000000000000 x18: 0000000000000000 
[  193.016492] x17: 0000000000000000 x16: 0000000000000000 
[  193.017449] x15: 0000000000000001 x14: 0000000000000000 
[  193.020061] x13: 0000000000000006 x12: 00000000c0a80164 
[  193.021469] x11: 0000000000000000 x10: 0000000000000068 
[  193.023566] x9 : 0000000000000000 x8 : 00000000000005c8 
[  193.025165] x7 : 0000000000000000 x6 : 0000000000000010 
[  193.025866] x5 : 0000000000000000 x4 : ffff800011fd3ac4 
[  193.027792] x3 : 0000000000000000 x2 : 0000000000000000 
[  193.028834] x1 : 000000000000004d x0 : ffff00007a44a640 
[  193.031084] Call trace:
[  193.034738]  sock_alloc_send_pskb+0x4c/0x260
[  193.036491]  sock_alloc_send_skb+0x1c/0x28
[  193.039416]  __ip_append_data.isra.0+0x788/0xc30
[  193.041480]  ip_make_skb+0xec/0x140
[  193.042899]  udp_sendmsg+0x6ec/0x860
[  193.044688]  inet_sendmsg+0x40/0x68
[  193.045315]  __sys_sendto+0xd4/0x150
[  193.045788]  __arm64_sys_sendto+0x24/0x30
[  193.046747]  el0_svc_common.constprop.0+0x68/0x160
[  193.049143]  el0_svc_handler+0x20/0x80
[  193.050353]  el0_svc+0x8/0xc
[  193.055768] Code: a9060be1 35000043 f940c01a d0ffb176 (b9422320) 
[  193.058406] ---[ end trace 570410876d894fcd ]---
[  193.182691] Unable to handle kernel NULL pointer dereference at virtual address 0000000000000220
[  193.184861] Mem abort info:
[  193.188863]   ESR = 0x96000004
[  193.189007]   EC = 0x25: DABT (current EL), IL = 32 bits
[  193.190186]   SET = 0, FnV = 0
[  193.194645]   EA = 0, S1PTW = 0
[  193.198119] Data abort info:
[  193.212652]   ISV = 0, ISS = 0x00000004
[  193.220176]   CM = 0, WnR = 0
[  193.221785] user pgtable: 4k pages, 48-bit VAs, pgdp=00000000ba4aa000
[  193.226292] [0000000000000220] pgd=0000000000000000
[  193.232308] Internal error: Oops: 96000004 [#2] PREEMPT SMP
[  193.235836] Modules linked in:
[  193.238874] CPU: 0 PID: 1 Comm: systemd Tainted: G      D           5.4.18 #2
[  193.242207] Hardware name: linux,dummy-virt (DT)
[  193.250691] pstate: 80000005 (Nzcv daif -PAN -UAO)
[  193.254157] Unable to handle kernel NULL pointer dereference at virtual address 0000000000000220
[  193.260101] pc : sock_alloc_send_pskb+0x4c/0x260
[  193.266822] lr : unix_dgram_sendmsg+0x110/0x568
[  193.269129] Mem abort info:
[  193.269380] sp : ffff80001005ba90
[  193.269650]   ESR = 0x96000004
[  193.269801] x29: ffff80001005ba90 x28: 0000000000000000 
[  193.270055]   EC = 0x25: DABT (current EL), IL = 32 bits
[  193.270204] x27: 0000000000000003 x26: 0000000000000003 
[  193.270794]   SET = 0, FnV = 0
[  193.272401] x25: 0000000000000000 x24: ffff80001005bbb0 
[  193.272905]   EA = 0, S1PTW = 0
[  193.273184] x23: ffff00007b0a8000 x22: ffff800010127000 
[  193.274145] Data abort info:
[  193.274198]   ISV = 0, ISS = 0x00000004
[  193.274707] x21: 0000000000000164 x20: ffff00007ad25b00 
[  193.277949]   CM = 0, WnR = 0
[  193.278492] x19: ffff00007b0a8000 x18: 0000000000000000 
[  193.284399] user pgtable: 4k pages, 48-bit VAs, pgdp=00000000aea9e000
[  193.285912] x17: 0000000000000000 x16: 0000000000000000 
[  193.286325] [0000000000000220] pgd=0000000000000000
[  193.286778] x15: 0000000000000000 x14: 0000ffffa487d2f9 
[  193.289972] x13: 0000000000000010 x12: 0000aaaaf41e8670 
[  193.293016] x11: 0000000000000001 x10: 0000000000400100 
[  193.293793] x9 : ffff00007b0a8000 x8 : 0000ffffffffffff 
[  193.297381] x7 : 0000000000000000 x6 : 0000000000000001 
[  193.297894] x5 : 0000000000000003 x4 : ffff80001005bbb0 
[  193.299886] x3 : 0000000000000000 x2 : 0000000000000000 
[  193.300568] x1 : 0000000000000164 x0 : ffff00007a93a000 
[  193.301208] Call trace:
[  193.301558]  sock_alloc_send_pskb+0x4c/0x260
[  193.302149]  unix_dgram_sendmsg+0x110/0x568
[  193.302807]  ____sys_sendmsg+0x240/0x280
[  193.306008]  ___sys_sendmsg+0x80/0xe0
[  193.309234]  __sys_sendmsg+0x64/0xc0
[  193.310152]  __arm64_sys_sendmsg+0x20/0x28
[  193.314062]  el0_svc_common.constprop.0+0x68/0x160
[  193.315320]  el0_svc_handler+0x20/0x80
[  193.317141]  el0_svc+0x8/0xc
[  193.317589] Code: a9060be1 35000043 f940c01a d0ffb176 (b9422320) 
[  193.323133] ---[ end trace 570410876d894fce ]---
[  193.324908] Internal error: Oops: 96000004 [#3] PREEMPT SMP
[  193.326099] Modules linked in:
[  193.331077] CPU: 7 PID: 518 Comm: systemd Tainted: G      D           5.4.18 #2
[  193.331122] Kernel panic - not syncing: Attempted to kill init! exitcode=0x0000000b
[  193.341065] SMP: stopping secondary CPUs
[  193.342427] Hardware name: linux,dummy-virt (DT)
[  193.348884] pstate: 80000005 (Nzcv daif -PAN -UAO)
[  193.351761] pc : sock_alloc_send_pskb+0x4c/0x260
[  193.354770] lr : unix_stream_sendmsg+0x1cc/0x340
[  193.358304] sp : ffff8000120cba80
[  193.363309] x29: ffff8000120cba80 x28: ffff00006ebf9748 
[  193.369205] x27: 0000000000000003 x26: 0000000000000000 
[  193.372501] x25: 0000000000000000 x24: ffff8000120cbbb4 
[  193.375756] x23: ffff00007b1dc600 x22: ffff800010127000 
[  193.378649] x21: ffff00006ebf9400 x20: 0000000000000000 
[  193.381377] x19: 0000000000000030 x18: 0000000000000000 
[  193.386700] x17: 0000000000000000 x16: 0000000000000000 
[  193.392053] x15: 0000000000000000 x14: 0000000000000000 
[  193.396053] x13: 0000000000000000 x12: 0000000000000000 
[  193.398594] x11: 0000000000000000 x10: 0000000000400100 
[  193.403439] x9 : ffff00007b1dc600 x8 : 0000ffffffffffff 
[  193.409213] x7 : 0000000000000000 x6 : 0000000000000007 
[  193.416009] x5 : 0000000000000003 x4 : ffff8000120cbbb4 
[  193.419580] x3 : 0000000000000040 x2 : 0000000000000000 
[  193.425263] x1 : 0000000000000030 x0 : ffff00006ebf9000 
[  193.429934] Call trace:
[  193.430867]  sock_alloc_send_pskb+0x4c/0x260
[  193.436257]  unix_stream_sendmsg+0x1cc/0x340
[  193.440862]  ____sys_sendmsg+0x240/0x280
[  193.443707]  ___sys_sendmsg+0x80/0xe0
[  193.447818]  __sys_sendmsg+0x64/0xc0
[  193.449827]  __arm64_sys_sendmsg+0x20/0x28
[  193.454062]  el0_svc_common.constprop.0+0x68/0x160
[  193.455032]  el0_svc_handler+0x20/0x80
[  193.459351]  el0_svc+0x8/0xc
[  193.461038] Code: a9060be1 35000043 f940c01a d0ffb176 (b9422320) 
[  193.462081] ---[ end trace 570410876d894fcf ]---
[  193.466272] Kernel Offset: disabled
[  193.469765] CPU features: 0x0002,20006000
[  193.473960] Memory Limit: none
[  193.481376] ---[ end Kernel panic - not syncing: Attempted to kill init! exitcode=0x0000000b ]---
