[  192.755739] kernel BUG at arch/arm64/kernel/traps.c:405!
[  192.759713] Internal error: Oops - BUG: 0 [#1] PREEMPT SMP
[  192.763131] Modules linked in:
[  192.766687] CPU: 6 PID: 493 Comm: python3 Not tainted 5.4.18 #2
[  192.768529] Hardware name: linux,dummy-virt (DT)
[  192.771825] pstate: 00000005 (nzcv daif -PAN -UAO)
[  192.773831] pc : do_undefinstr+0x2ec/0x310
[  192.774947] lr : do_undefinstr+0x1e0/0x310
[  192.775699] sp : ffff800012003b50
[  192.778456] x29: ffff800012003b50 x28: ffff000076e27000 
[  192.781270] x27: 0000000000000000 x26: 0000000000000000 
[  192.781583] x25: 0000000056000000 x24: 0000000000000000 
[  192.781841] x23: 0000000040000005 x22: ffff800010bb6e30 
[  192.783807] x21: ffff800012003cf0 x20: ffff000076e27000 
[  192.785473] x19: ffff800012003bb0 x18: 0000000000000000 
[  192.786963] x17: 0000000000000000 x16: 0000000000000000 
[  192.787475] x15: 0000000000000000 x14: 0000000000000000 
[  192.787903] x13: 0000000000000000 x12: 0000000000000000 
[  192.788303] x11: 0000000000000000 x10: 0000000000000000 
[  192.788865] x9 : 0000000000400100 x8 : ffff000076e27000 
[  192.789285] x7 : 0000ffffa055de50 x6 : ffff800012003ba8 
[  192.789730] x5 : 00000000d5300000 x4 : ffff8000117c51f0 
[  192.792349] x3 : 00000000d6400000 x2 : 0000000000000000 
[  192.793437] x1 : ffff000076e27000 x0 : 0000000040000005 
[  192.794300] Call trace:
[  192.794837]  do_undefinstr+0x2ec/0x310
[  192.795209]  el1_undef+0x10/0x84
[  192.795493]  inet_send_prepare+0x28/0xc8
[  192.797110]  __sys_sendto+0xd4/0x150
[  192.797292]  __arm64_sys_sendto+0x24/0x30
[  192.797921]  el0_svc_common.constprop.0+0x68/0x160
[  192.798102]  el0_svc_handler+0x20/0x80
[  192.798241]  el0_svc+0x8/0xc
[  192.798895] Code: f9401bf7 17ffff7c a9025bf5 f9001bf7 (d4210000) 
[  192.801490] ---[ end trace cb3504f2d2c81b0a ]---
[  192.802402] note: python3[493] exited with preempt_count 1
[  192.878121] ------------[ cut here ]------------
[  192.879907] WARNING: CPU: 6 PID: 0 at kernel/rcu/tree.c:569 rcu_idle_enter+0x74/0x80
[  192.883530] Modules linked in:
[  192.885588] CPU: 6 PID: 0 Comm: swapper/6 Tainted: G      D           5.4.18 #2
[  192.887223] Hardware name: linux,dummy-virt (DT)
[  192.892190] pstate: 200003c5 (nzCv DAIF -PAN -UAO)
[  192.895101] pc : rcu_idle_enter+0x74/0x80
[  192.896291] lr : do_idle+0x200/0x288
[  192.898486] sp : ffff800011a73f20
[  192.901578] x29: ffff800011a73f20 x28: 0000000000000000 
[  192.905142] x27: 0000000000000000 x26: 0000000000000000 
[  192.910905] x25: 0000000000000000 x24: ffff8000117ba214 
[  192.914728] x23: ffff00007b0c6200 x22: ffff800011404ab8 
[  192.917869] x21: ffff8000117ba1f0 x20: 0000000000000006 
[  192.920110] x19: ffff8000117ba118 x18: 0000000000000010 
[  192.922658] x17: 0000000000000000 x16: 0000000000000000 
[  192.925222] x15: ffff000076e27470 x14: 0000000000000000 
[  192.926684] x13: 0000000000000001 x12: 0000000000000000 
[  192.927454] x11: 0000000000000400 x10: 00000000000009c0 
[  192.933624] x9 : ffff800011a73e90 x8 : ffff00007b0c6c20 
[  192.941453] x7 : 0000000000000000 x6 : 0000003cda38f93e 
[  192.944369] x5 : 00ffffffffffffff x4 : ffff80006c7c5000 
[  192.949112] x3 : 4000000000000002 x2 : 4000000000000000 
[  192.953539] x1 : ffff800011406980 x0 : ffff00007dbcb980 
[  192.957245] Call trace:
[  192.958266]  rcu_idle_enter+0x74/0x80
[  192.959231]  do_idle+0x200/0x288
[  192.961624]  cpu_startup_entry+0x24/0x40
[  192.964896]  secondary_start_kernel+0x154/0x190
[  192.966990] ---[ end trace cb3504f2d2c81b0b ]---
