[  193.342887] kernel BUG at arch/arm64/kernel/traps.c:405!
[  193.357354] Internal error: Oops - BUG: 0 [#1] PREEMPT SMP
[  193.362919] Modules linked in:
[  193.370049] CPU: 4 PID: 509 Comm: python3 Not tainted 5.4.18 #2
[  193.371281] Hardware name: linux,dummy-virt (DT)
[  193.373477] pstate: 00000005 (nzcv daif -PAN -UAO)
[  193.382496] pc : do_undefinstr+0x2ec/0x310
[  193.383508] lr : do_undefinstr+0x1e0/0x310
[  193.384613] sp : ffff800011e4bb50
[  193.385510] x29: ffff800011e4bb50 x28: ffff00007b35f000 
[  193.386653] x27: 0000000000000000 x26: 0000000000000000 
[  193.387620] x25: 0000000056000000 x24: 0000000000000000 
[  193.388511] x23: 0000000040000005 x22: ffff800010bb6e30 
[  193.389443] x21: ffff800011e4bcf0 x20: ffff00007b35f000 
[  193.391177] x19: ffff800011e4bbb0 x18: 0000000000000000 
[  193.391444] x17: 0000000000000000 x16: 0000000000000000 
[  193.391681] x15: 0000000000000000 x14: 0000000000000000 
[  193.391917] x13: 0000000000000000 x12: 0000000000000000 
[  193.392154] x11: 0000000000000000 x10: 0000000000000000 
[  193.392391] x9 : 0000000000400100 x8 : ffff00007b35f000 
[  193.393527] x7 : 0000ffffa7358e10 x6 : ffff800011e4bba8 
[  193.394883] x5 : 00000000d5300000 x4 : ffff8000117c51f0 
[  193.395848] x3 : 00000000de500000 x2 : 0000000000000000 
[  193.396730] x1 : ffff00007b35f000 x0 : 0000000040000005 
[  193.399998] Call trace:
[  193.401062]  do_undefinstr+0x2ec/0x310
[  193.401925]  el1_undef+0x10/0x84
[  193.402681]  inet_send_prepare+0x28/0xc8
[  193.403913]  __sys_sendto+0xd4/0x150
[  193.405281]  __arm64_sys_sendto+0x24/0x30
[  193.406232]  el0_svc_common.constprop.0+0x68/0x160
[  193.408123]  el0_svc_handler+0x20/0x80
[  193.408785]  el0_svc+0x8/0xc
[  193.411347] Code: f9401bf7 17ffff7c a9025bf5 f9001bf7 (d4210000) 
[  193.416216] ---[ end trace 0a9de5b4624244bd ]---
[  193.418530] note: python3[509] exited with preempt_count 1
[  193.544543] ------------[ cut here ]------------
[  193.547841] WARNING: CPU: 4 PID: 0 at kernel/rcu/tree.c:569 rcu_idle_enter+0x74/0x80
[  193.549627] Modules linked in:
[  193.550782] CPU: 4 PID: 0 Comm: swapper/4 Tainted: G      D           5.4.18 #2
[  193.551859] Hardware name: linux,dummy-virt (DT)
[  193.552353] pstate: 200003c5 (nzCv DAIF -PAN -UAO)
[  193.554125] pc : rcu_idle_enter+0x74/0x80
[  193.555085] lr : do_idle+0x200/0x288
[  193.555563] sp : ffff800011a63f20
[  193.555896] x29: ffff800011a63f20 x28: 0000000000000000 
[  193.556564] x27: 0000000000000000 x26: 0000000000000000 
[  193.558587] x25: 0000000000000000 x24: ffff8000117ba214 
[  193.559154] x23: ffff00007b0c4600 x22: ffff800011404ab8 
[  193.559724] x21: ffff8000117ba1f0 x20: 0000000000000004 
[  193.564460] x19: ffff8000117ba118 x18: 0000000000000010 
[  193.564919] x17: 0000000000000000 x16: 0000000000000000 
[  193.567061] x15: 0000000000000369 x14: 0000000000000000 
[  193.568861] x13: 0000000000000003 x12: 0000000000000369 
[  193.572510] x11: 0000000000000001 x10: 00000000000009c0 
[  193.575131] x9 : ffff800011a63e90 x8 : ffff00007b0c5020 
[  193.576300] x7 : 0000000000000390 x6 : 0000004e7928d9b3 
[  193.578511] x5 : 00ffffffffffffff x4 : ffff80006c799000 
[  193.578995] x3 : 4000000000000002 x2 : 4000000000000000 
[  193.581570] x1 : ffff800011406980 x0 : ffff00007db9f980 
[  193.583313] Call trace:
[  193.586425]  rcu_idle_enter+0x74/0x80
[  193.591229]  do_idle+0x200/0x288
[  193.594094]  cpu_startup_entry+0x20/0x40
[  193.596350]  secondary_start_kernel+0x154/0x190
[  193.600886] ---[ end trace 0a9de5b4624244be ]---
