[  193.009645] kernel BUG at arch/arm64/kernel/traps.c:405!
[  193.013599] Internal error: Oops - BUG: 0 [#1] PREEMPT SMP
[  193.015044] Modules linked in:
[  193.018168] CPU: 3 PID: 492 Comm: python3 Not tainted 5.4.18 #2
[  193.018713] Hardware name: linux,dummy-virt (DT)
[  193.019651] pstate: 00000005 (nzcv daif -PAN -UAO)
[  193.022474] pc : do_undefinstr+0x2ec/0x310
[  193.022843] lr : do_undefinstr+0x1e0/0x310
[  193.023213] sp : ffff800012003b50
[  193.024163] x29: ffff800012003b50 x28: ffff0000718c0000 
[  193.025135] x27: 0000000000000000 x26: 0000000000000000 
[  193.025534] x25: 0000000056000000 x24: 0000000000000000 
[  193.025928] x23: 0000000040000005 x22: ffff800010bb6e30 
[  193.026386] x21: ffff800012003cf0 x20: ffff0000718c0000 
[  193.027285] x19: ffff800012003bb0 x18: 0000000000000000 
[  193.028067] x17: 0000000000000000 x16: 0000000000000000 
[  193.028644] x15: 0000000000000000 x14: 0000000000000000 
[  193.028947] x13: 0000000000000000 x12: 0000000000000000 
[  193.029244] x11: 0000000000000000 x10: 0000000000000000 
[  193.029561] x9 : 0000000000400100 x8 : ffff0000718c0000 
[  193.029860] x7 : 0000ffff92b4de50 x6 : ffff800012003ba8 
[  193.030160] x5 : 00000000d5300000 x4 : ffff8000117c51f0 
[  193.030459] x3 : 00000000c6500000 x2 : 0000000000000000 
[  193.030892] x1 : ffff0000718c0000 x0 : 0000000040000005 
[  193.032632] Call trace:
[  193.033036]  do_undefinstr+0x2ec/0x310
[  193.033384]  el1_undef+0x10/0x84
[  193.033665]  inet_send_prepare+0x28/0xc8
[  193.033964]  __sys_sendto+0xd4/0x150
[  193.034241]  __arm64_sys_sendto+0x24/0x30
[  193.034547]  el0_svc_common.constprop.0+0x68/0x160
[  193.034886]  el0_svc_handler+0x20/0x80
[  193.035346]  el0_svc+0x8/0xc
[  193.036601] Code: f9401bf7 17ffff7c a9025bf5 f9001bf7 (d4210000) 
[  193.038295] ---[ end trace 3be7adffba6b0d06 ]---
[  193.039088] note: python3[492] exited with preempt_count 1
[  193.120746] ------------[ cut here ]------------
[  193.127153] WARNING: CPU: 3 PID: 0 at kernel/rcu/tree.c:569 rcu_idle_enter+0x74/0x80
[  193.132466] Modules linked in:
[  193.141175] CPU: 3 PID: 0 Comm: swapper/3 Tainted: G      D           5.4.18 #2
[  193.146421] Hardware name: linux,dummy-virt (DT)
[  193.149590] pstate: 200003c5 (nzCv DAIF -PAN -UAO)
[  193.155445] pc : rcu_idle_enter+0x74/0x80
[  193.157241] lr : do_idle+0x200/0x288
[  193.158650] sp : ffff800011a5bf20
[  193.161864] x29: ffff800011a5bf20 x28: 0000000000000000 
[  193.167915] x27: 0000000000000000 x26: 0000000000000000 
[  193.172807] x25: 0000000000000000 x24: ffff8000117ba214 
[  193.176479] x23: ffff00007b0c3800 x22: ffff800011404ab8 
[  193.182133] x21: ffff8000117ba1f0 x20: 0000000000000003 
[  193.188044] x19: ffff8000117ba118 x18: 0000000000000010 
[  193.194203] x17: 0000000000000000 x16: 0000000000000000 
[  193.199915] x15: 0000000000000041 x14: 0000000000000000 
[  193.207075] x13: 0000000000000001 x12: 0000000000000002 
[  193.212224] x11: 0000000000000400 x10: 00000000000009c0 
[  193.218144] x9 : ffff800011a5be90 x8 : ffff00007b0c4220 
[  193.222061] x7 : 0000000000000003 x6 : 0000005168d863c9 
[  193.226539] x5 : 00ffffffffffffff x4 : ffff80006c783000 
[  193.230673] x3 : 4000000000000002 x2 : 4000000000000000 
[  193.232393] x1 : ffff800011406980 x0 : ffff00007db89980 
[  193.233079] Call trace:
[  193.233498]  rcu_idle_enter+0x74/0x80
[  193.236457]  do_idle+0x200/0x288
[  193.239114]  cpu_startup_entry+0x20/0x40
[  193.242796]  secondary_start_kernel+0x154/0x190
[  193.255034] ---[ end trace 3be7adffba6b0d07 ]---
