[  192.808700] kernel BUG at arch/arm64/kernel/traps.c:405!
[  192.813946] Internal error: Oops - BUG: 0 [#1] PREEMPT SMP
[  192.823233] Modules linked in:
[  192.828930] CPU: 0 PID: 491 Comm: python3 Not tainted 5.4.18 #2
[  192.832451] Hardware name: linux,dummy-virt (DT)
[  192.836174] pstate: 00000005 (nzcv daif -PAN -UAO)
[  192.837648] pc : do_undefinstr+0x2ec/0x310
[  192.838534] lr : do_undefinstr+0x1e0/0x310
[  192.839402] sp : ffff800011d9bb50
[  192.840383] x29: ffff800011d9bb50 x28: ffff00007ab92a00 
[  192.842448] x27: 0000000000000000 x26: 0000000000000000 
[  192.843132] x25: 0000000056000000 x24: 0000000000000000 
[  192.848337] x23: 0000000040000005 x22: ffff800010bb6e30 
[  192.848739] x21: ffff800011d9bcf0 x20: ffff00007ab92a00 
[  192.849011] x19: ffff800011d9bbb0 x18: 0000000000000000 
[  192.849766] x17: 0000000000000000 x16: 0000000000000000 
[  192.851949] x15: 0000000000000000 x14: 0000000000000000 
[  192.852720] x13: 0000000000000000 x12: 0000000000000000 
[  192.854480] x11: 0000000000000000 x10: 0000000000000000 
[  192.855810] x9 : 0000000000400100 x8 : ffff00007ab92a00 
[  192.856762] x7 : 0000ffffb4228e50 x6 : ffff800011d9bba8 
[  192.859634] x5 : 00000000d5300000 x4 : ffff8000117c51f0 
[  192.860567] x3 : 00000000f6500000 x2 : 0000000000000000 
[  192.861566] x1 : ffff00007ab92a00 x0 : 0000000040000005 
[  192.863874] Call trace:
[  192.865950]  do_undefinstr+0x2ec/0x310
[  192.866752]  el1_undef+0x10/0x84
[  192.867687]  inet_send_prepare+0x28/0xc8
[  192.868426]  __sys_sendto+0xd4/0x150
[  192.869082]  __arm64_sys_sendto+0x24/0x30
[  192.869860]  el0_svc_common.constprop.0+0x68/0x160
[  192.870664]  el0_svc_handler+0x20/0x80
[  192.871422]  el0_svc+0x8/0xc
[  192.873510] Code: f9401bf7 17ffff7c a9025bf5 f9001bf7 (d4210000) 
[  192.877229] ---[ end trace 0a0e9acdd0342b5d ]---
[  192.879598] note: python3[491] exited with preempt_count 1
[  193.108349] ------------[ cut here ]------------
[  193.116133] WARNING: CPU: 0 PID: 0 at kernel/rcu/tree.c:569 rcu_idle_enter+0x74/0x80
[  193.132648] Modules linked in:
[  193.141399] CPU: 0 PID: 0 Comm: swapper/0 Tainted: G      D           5.4.18 #2
[  193.153259] Hardware name: linux,dummy-virt (DT)
[  193.155799] pstate: 200003c5 (nzCv DAIF -PAN -UAO)
[  193.162410] pc : rcu_idle_enter+0x74/0x80
[  193.170869] lr : do_idle+0x200/0x288
[  193.172581] sp : ffff8000117b3eb0
[  193.174846] x29: ffff8000117b3eb0 x28: 00000000412b0018 
[  193.183669] x27: 0000000000000000 x26: 0000000000000000 
[  193.195376] x25: 0000000000000000 x24: ffff8000117ba214 
[  193.203324] x23: ffff8000117c2d80 x22: ffff800011404ab8 
[  193.213171] x21: ffff8000117ba1f0 x20: 0000000000000000 
[  193.229773] x19: ffff8000117ba118 x18: 0000000000000010 
[  193.234839] x17: 0000000000000000 x16: 0000000000000000 
[  193.238531] x15: 0000000000000000 x14: 0000000000000000 
[  193.243797] x13: 0000000000000002 x12: 0000000000000000 
[  193.250062] x11: 0000000000000000 x10: 00000000000009c0 
[  193.262163] x9 : ffff8000117b3e20 x8 : ffff8000117c37a0 
[  193.268851] x7 : 0000000000000359 x6 : 00000054556581a2 
[  193.272417] x5 : 00ffffffffffffff x4 : ffff80006c741000 
[  193.277491] x3 : 4000000000000002 x2 : 4000000000000000 
[  193.286551] x1 : ffff800011406980 x0 : ffff00007db47980 
[  193.295939] Call trace:
[  193.302285]  rcu_idle_enter+0x74/0x80
[  193.306466]  do_idle+0x200/0x288
[  193.312618]  cpu_startup_entry+0x20/0x40
[  193.323438]  rest_init+0xd4/0xe0
[  193.326954]  arch_call_rest_init+0xc/0x14
[  193.333343]  start_kernel+0x420/0x450
[  193.339804] ---[ end trace 0a0e9acdd0342b5e ]---
