[  261.077667] Unable to handle kernel NULL pointer dereference at virtual address 0000000000000010
[  261.087349] Mem abort info:
[  261.092810]   ESR = 0x96000046
[  261.093978]   EC = 0x25: DABT (current EL), IL = 32 bits
[  261.098123]   SET = 0, FnV = 0
[  261.099390]   EA = 0, S1PTW = 0
[  261.100150] Data abort info:
[  261.105525]   ISV = 0, ISS = 0x00000046
[  261.108722]   CM = 0, WnR = 1
[  261.115107] user pgtable: 4k pages, 48-bit VAs, pgdp=00000000b1731000
[  261.124562] [0000000000000010] pgd=00000000b1698003, pud=00000000b156c003, pmd=0000000000000000
[  261.140104] Internal error: Oops: 96000046 [#1] PREEMPT SMP
[  261.141984] Modules linked in:
[  261.145552] CPU: 2 PID: 495 Comm: python3 Not tainted 5.4.18 #2
[  261.146974] Hardware name: linux,dummy-virt (DT)
[  261.148817] pstate: 20000005 (nzCv daif -PAN -UAO)
[  261.157144] pc : neigh_resolve_output+0xc8/0x198
[  261.157999] lr : ip_finish_output2+0x168/0x588
[  261.158868] sp : ffff800011e83950
[  261.159493] x29: ffff800011e83950 x28: 000000000000001a 
[  261.164010] x27: ffff800011e83d80 x26: 0000000000000011 
[  261.169251] x25: 0000000000000012 x24: ffff000079b78000 
[  261.170449] x23: ffff000074cab698 x22: 0000000000000002 
[  261.170962] x21: ffff000079b78000 x20: ffff000078055900 
[  261.171963] x19: ffff000074cab600 x18: 0000000000000000 
[  261.173026] x17: 0000000000000000 x16: 0000000000000000 
[  261.173826] x15: 0000000000000001 x14: 0000000000000000 
[  261.174432] x13: 0000000000000006 x12: 00000000c0a80164 
[  261.174932] x11: 0000000000000000 x10: 0000000000000068 
[  261.175533] x9 : ffff00007811aa00 x8 : ffff800011e83c30 
[  261.177840] x7 : 0000000000000000 x6 : ffff800010b5e178 
[  261.178601] x5 : 000000000000002e x4 : 0000000000000000 
[  261.179219] x3 : ffff000074cab698 x2 : 0000000000000008 
[  261.183360] x1 : ffff000079b78000 x0 : ffff000078055900 
[  261.187281] Call trace:
[  261.188971]  neigh_resolve_output+0xc8/0x198
[  261.191029]  ip_finish_output2+0x168/0x588
[  261.193987]  __ip_finish_output+0x1b0/0x1e0
[  261.195882]  ip_output+0xf4/0x1b0
[  261.202951]  ip_local_out+0x44/0x58
[  261.217595]  ip_send_skb+0x1c/0xa8
[  261.218237]  udp_send_skb.isra.0+0x11c/0x368
[  261.223622]  udp_sendmsg+0x710/0x860
[  261.227035]  inet_sendmsg+0x40/0x68
[  261.232738]  __sys_sendto+0xd4/0x150
[  261.235029]  __arm64_sys_sendto+0x24/0x30
[  261.238457]  el0_svc_common.constprop.0+0x68/0x160
[  261.240094]  el0_svc_handler+0x20/0x80
[  261.242122]  el0_svc+0x8/0xc
[  261.248693] Code: aa1503e1 aa1403e0 d2800004 53087c47 (280220e2) 
[  261.259400] ---[ end trace 1b8e88d4959921e6 ]---
[  261.265596] Kernel panic - not syncing: Fatal exception in interrupt
[  261.274453] SMP: stopping secondary CPUs
[  261.281695] Kernel Offset: disabled
[  261.284428] CPU features: 0x0002,20006000
[  261.287457] Memory Limit: none
[  261.292731] ---[ end Kernel panic - not syncing: Fatal exception in interrupt ]---
