[  244.016679] Unable to handle kernel NULL pointer dereference at virtual address 000000000000003d
[  244.026651] Mem abort info:
[  244.027806]   ESR = 0x96000006
[  244.032059]   EC = 0x25: DABT (current EL), IL = 32 bits
[  244.039400]   SET = 0, FnV = 0
[  244.043760]   EA = 0, S1PTW = 0
[  244.046732] Data abort info:
[  244.047497]   ISV = 0, ISS = 0x00000006
[  244.049904]   CM = 0, WnR = 0
[  244.051690] user pgtable: 4k pages, 48-bit VAs, pgdp=00000000b17cd000
[  244.067097] [000000000000003d] pgd=00000000b2601003, pud=00000000b09b3003, pmd=0000000000000000
[  244.074199] Internal error: Oops: 96000006 [#1] PREEMPT SMP
[  244.074897] Modules linked in:
[  244.076650] CPU: 4 PID: 493 Comm: python3 Not tainted 5.4.18 #2
[  244.077456] Hardware name: linux,dummy-virt (DT)
[  244.079278] pstate: 40000005 (nZcv daif -PAN -UAO)
[  244.081536] pc : softnet_seq_start+0x4c/0x80
[  244.081979] lr : ip_finish_output2+0x168/0x588
[  244.082252] sp : ffff800011efb950
[  244.082470] x29: ffff800011efb950 x28: 000000000000001a 
[  244.082930] x27: ffff800011efbd80 x26: 0000000000000011 
[  244.083447] x25: 0000000000000012 x24: ffff00007b1ce000 
[  244.083842] x23: ffff00007b303fc0 x22: ffff00007b331c00 
[  244.084402] x21: ffff0000726ea180 x20: ffff0000727a0c00 
[  244.084791] x19: ffff000070958c00 x18: 0000000000000000 
[  244.085177] x17: 0000000000000000 x16: 0000000000000000 
[  244.085636] x15: 0000000000000001 x14: 0000000000000000 
[  244.086023] x13: 0000000000000006 x12: 00000000c0a80164 
[  244.086645] x11: 0000000000000000 x10: 0000000000000068 
[  244.087058] x9 : ffff00007b331c00 x8 : ffff800011efbc30 
[  244.087895] x7 : 0000000000000003 x6 : 0000000079719291 
[  244.098787] x5 : ffff00007aa5b480 x4 : 000000000000001d 
[  244.108868] x3 : 000000006401a8c0 x2 : ffff8000117b7000 
[  244.110233] x1 : 00000000000000da x0 : 0000000000000004 
[  244.111989] Call trace:
[  244.112571]  softnet_seq_start+0x4c/0x80
[  244.113511]  ip_finish_output2+0x168/0x588
[  244.114816]  __ip_finish_output+0x1b0/0x1e0
[  244.115458]  ip_output+0xf4/0x1b0
[  244.117325]  ip_local_out+0x44/0x58
[  244.117840]  ip_send_skb+0x1c/0xa8
[  244.118344]  udp_send_skb.isra.0+0x11c/0x368
[  244.119089]  udp_sendmsg+0x710/0x860
[  244.119517]  inet_sendmsg+0x40/0x68
[  244.119921]  __sys_sendto+0xd4/0x150
[  244.120142]  __arm64_sys_sendto+0x24/0x30
[  244.120380]  el0_svc_common.constprop.0+0x68/0x160
[  244.121276]  el0_svc_handler+0x20/0x80
[  244.121506]  el0_svc+0x8/0xc
[  244.122559] Code: 1100fc40 1a82b000 13067c00 93407c00 (f8607880) 
[  244.126561] ---[ end trace c873b1e32b5d5887 ]---
[  244.128880] Kernel panic - not syncing: Fatal exception in interrupt
[  244.131065] SMP: stopping secondary CPUs
[  244.132467] Kernel Offset: disabled
[  244.132864] CPU features: 0x0002,20006000
[  244.133164] Memory Limit: none
[  244.134388] ---[ end Kernel panic - not syncing: Fatal exception in interrupt ]---
