[  211.849111] Unable to handle kernel NULL pointer dereference at virtual address 0000000000000000
[  211.851543] Mem abort info:
[  211.852112]   ESR = 0x96000006
[  211.852990]   EC = 0x25: DABT (current EL), IL = 32 bits
[  211.855856]   SET = 0, FnV = 0
[  211.857435]   EA = 0, S1PTW = 0
[  211.857890] Data abort info:
[  211.858156]   ISV = 0, ISS = 0x00000006
[  211.861216]   CM = 0, WnR = 0
[  211.869453] user pgtable: 4k pages, 48-bit VAs, pgdp=00000000b81a9000
[  211.892506] [0000000000000000] pgd=00000000b5d2e003, pud=00000000b1647003, pmd=0000000000000000
[  211.902930] Internal error: Oops: 96000006 [#1] PREEMPT SMP
[  211.905447] Modules linked in:
[  211.910026] CPU: 6 PID: 496 Comm: python3 Not tainted 5.4.18 #2
[  211.916363] Hardware name: linux,dummy-virt (DT)
[  211.924089] pstate: 20000005 (nzCv daif -PAN -UAO)
[  211.929190] pc : eth_type_trans+0x5c/0x158
[  211.937663] lr : napi_gro_frags+0x14c/0x248
[  211.938059] sp : ffff800011efb920
[  211.939695] x29: ffff800011efb920 x28: 000000000000001a 
[  211.941881] x27: ffff800011efbd80 x26: 0000000000000011 
[  211.946610] x25: 0000000000000012 x24: ffff00007b322000 
[  211.953734] x23: ffff00007966c840 x22: ffff000075dd3800 
[  211.955068] x21: 0000000000000003 x20: ffff000079731300 
[  211.955882] x19: ffff000075dd3800 x18: 0000000000000000 
[  211.956196] x17: 0000000000000000 x16: 0000000000000000 
[  211.956899] x15: 0000000000000001 x14: 0000000000000000 
[  211.957421] x13: 0000000000000006 x12: 00000000c0a80164 
[  211.957673] x11: 0000000000000000 x10: 0000000000000068 
[  211.959325] x9 : ffff000075dd3800 x8 : ffff800011efbc30 
[  211.960480] x7 : 0000000000000003 x6 : 000000003320fcd9 
[  211.962370] x5 : ffff00007a85e780 x4 : 0000000000000000 
[  211.963615] x3 : 0000000000000000 x2 : ffff000078234a00 
[  211.964913] x1 : ffff000079bdbd00 x0 : 0000000000000000 
[  211.969683] Call trace:
[  211.971561]  eth_type_trans+0x5c/0x158
[  211.972152]  napi_gro_frags+0x14c/0x248
[  211.972542]  ip_finish_output2+0x168/0x588
[  211.973138]  __ip_finish_output+0x1b0/0x1e0
[  211.974604]  ip_output+0xf4/0x1b0
[  211.976936]  ip_local_out+0x44/0x58
[  211.979840]  ip_send_skb+0x1c/0xa8
[  211.980662]  udp_send_skb.isra.0+0x11c/0x368
[  211.981418]  udp_sendmsg+0x710/0x860
[  211.987236]  inet_sendmsg+0x40/0x68
[  211.987877]  __sys_sendto+0xd4/0x150
[  211.988166]  __arm64_sys_sendto+0x24/0x30
[  211.988404]  el0_svc_common.constprop.0+0x68/0x160
[  211.988721]  el0_svc_handler+0x20/0x80
[  211.989151]  el0_svc+0x8/0xc
[  211.992170] Code: 54000663 91003860 f9006040 f9417020 (f9400064) 
[  212.012182] ---[ end trace 4617355e58daa507 ]---
[  212.028966] Kernel panic - not syncing: Fatal exception in interrupt
[  212.032727] SMP: stopping secondary CPUs
[  212.035236] Kernel Offset: disabled
[  212.039435] CPU features: 0x0002,20006000
[  212.043261] Memory Limit: none
[  212.048086] ---[ end Kernel panic - not syncing: Fatal exception in interrupt ]---
