[  210.020226] kernel BUG at kernel/time/timer.c:956!
[  210.026711] Internal error: Oops - BUG: 0 [#1] PREEMPT SMP
[  210.027271] Modules linked in:
[  210.027709] CPU: 6 PID: 495 Comm: python3 Tainted: G        W         5.4.18 #2
[  210.028084] Hardware name: linux,dummy-virt (DT)
[  210.028346] pstate: 60000005 (nZCv daif -PAN -UAO)
[  210.028635] pc : mod_timer+0x1fc/0x2e0
[  210.028922] lr : neigh_add_timer+0x28/0x50
[  210.031633] sp : ffff800011d1b870
[  210.032037] x29: ffff800011d1b870 x28: 000000000000001a 
[  210.032481] x27: ffff800011d1bd80 x26: 0000000000000011 
[  210.032822] x25: 0000000000000012 x24: ffff000079bf0000 
[  210.034092] x23: ffff00007aa1bb80 x22: 00000000ffffa6fa 
[  210.036132] x21: ffff0000709e0000 x20: 00000000ffffa777 
[  210.038195] x19: ffff000079411800 x18: 0000000000000000 
[  210.039779] x17: 0000000000000000 x16: 0000000000000000 
[  210.041510] x15: ffff8000117d2000 x14: ffff800011992f70 
[  210.043129] x13: 0000000000000000 x12: ffff800011992000 
[  210.043655] x11: ffff8000117d2000 x10: ffff8000119925c0 
[  210.044268] x9 : 0000000000000000 x8 : 0000000000000000 
[  210.044986] x7 : 0000000000000004 x6 : 000000000000014a 
[  210.045502] x5 : ffff00007dbc1180 x4 : 0000000000000001 
[  210.046476] x3 : 0000000000000000 x2 : 0000000000000000 
[  210.047424] x1 : 00000000ffffa777 x0 : ffff000079411850 
[  210.048266] Call trace:
[  210.048572]  mod_timer+0x1fc/0x2e0
[  210.049012]  neigh_add_timer+0x28/0x50
[  210.049481]  __neigh_event_send+0xa4/0x338
[  210.052792]  neigh_resolve_output+0x10c/0x198
[  210.055197]  ip_finish_output2+0x168/0x588
[  210.055588]  __ip_finish_output+0x1b0/0x1e0
[  210.055908]  ip_output+0xf4/0x1b0
[  210.056131]  ip_local_out+0x44/0x58
[  210.056343]  ip_send_skb+0x1c/0xa8
[  210.056545]  udp_send_skb.isra.0+0x11c/0x368
[  210.056804]  udp_sendmsg+0x710/0x860
[  210.057774]  inet_sendmsg+0x40/0x68
[  210.059989]  __sys_sendto+0xd4/0x150
[  210.061047]  __arm64_sys_sendto+0x24/0x30
[  210.061803]  el0_svc_common.constprop.0+0x68/0x160
[  210.062032]  el0_svc_handler+0x20/0x80
[  210.062189]  el0_svc+0x8/0xc
[  210.063200] Code: 54000724 f9000a80 17ffffa5 f9002bfb (d4210000) 
[  210.067436] ---[ end trace 7d349a12fbfea7b7 ]---
[  210.069131] Kernel panic - not syncing: Fatal exception in interrupt
[  210.071199] SMP: stopping secondary CPUs
[  210.073628] Kernel Offset: disabled
[  210.074837] CPU features: 0x0002,20006000
[  210.078185] Memory Limit: none
[  210.080494] ---[ end Kernel panic - not syncing: Fatal exception in interrupt ]---
