[  195.628607] Unable to handle kernel paging request at virtual address fffe800089a83e28
[  195.634175] Mem abort info:
[  195.635292]   ESR = 0x96000004
[  195.636397]   EC = 0x25: DABT (current EL), IL = 32 bits
[  195.639718]   SET = 0, FnV = 0
[  195.640267]   EA = 0, S1PTW = 0
[  195.640776] Data abort info:
[  195.641107]   ISV = 0, ISS = 0x00000004
[  195.641516]   CM = 0, WnR = 0
[  195.645635] [fffe800089a83e28] address between user and kernel address ranges
[  195.657253] Internal error: Oops: 96000004 [#1] PREEMPT SMP
[  195.663699] Modules linked in:
[  195.693145] CPU: 4 PID: 260 Comm: systemd-timesyn Not tainted 5.4.18 #2
[  195.699260] Hardware name: linux,dummy-virt (DT)
[  195.700072] pstate: 40000005 (nZcv daif -PAN -UAO)
[  195.704810] pc : neigh_lookup_nodev+0x150/0x188
[  195.705122] lr : neigh_resolve_output+0x10c/0x198
[  195.705590] sp : ffff800011da3950
[  195.706846] x29: ffff800011da3950 x28: 0000000000000038 
[  195.708257] x27: ffff800011da3d80 x26: 0000000000000011 
[  195.709154] x25: 0000000000000030 x24: ffff000079bc8000 
[  195.710431] x23: ffff000071260000 x22: ffff000076cd8000 
[  195.710725] x21: ffff00006f4a10c0 x20: ffff000076d3bd00 
[  195.711014] x19: ffff0000782cce00 x18: 0000000000000000 
[  195.711304] x17: 0000000000000000 x16: 0000000000000000 
[  195.711662] x15: 0000000000000001 x14: 0000000000000000 
[  195.712049] x13: 0000000000000000 x12: 00000000b97dbe38 
[  195.712346] x11: 0000000000000000 x10: 0000000000000068 
[  195.712651] x9 : ffff000076cd8000 x8 : ffff800011da3c30 
[  195.715158] x7 : 0000000000000003 x6 : 00000000ed94eb53 
[  195.715367] x5 : ffff00007aa16b00 x4 : 000000000000001d 
[  195.715596] x3 : 000000000202000a x2 : ffff8000117b7000 
[  195.715819] x1 : ffff000076d3bd00 x0 : fffe800089a83e28 
[  195.717492] Call trace:
[  195.722409]  neigh_lookup_nodev+0x150/0x188
[  195.724864]  ip_finish_output2+0x168/0x588
[  195.727311]  __ip_finish_output+0x1b0/0x1e0
[  195.730834]  ip_output+0xf4/0x1b0
[  195.731405]  ip_local_out+0x44/0x58
[  195.733072]  ip_send_skb+0x1c/0xa8
[  195.734172]  udp_send_skb.isra.0+0x11c/0x368
[  195.734487]  udp_sendmsg+0x710/0x860
[  195.734906]  inet_sendmsg+0x40/0x68
[  195.735141]  __sys_sendto+0xd4/0x150
[  195.737530]  __arm64_sys_sendto+0x24/0x30
[  195.743702]  el0_svc_common.constprop.0+0x68/0x160
[  195.746574]  el0_svc_handler+0x20/0x80
[  195.747159]  el0_svc+0x8/0xc
[  195.748447] Code: d538d082 d2800023 9100a000 8b020000 (c85f7c05) 
[  195.750955] ---[ end trace bdb6713b04043f0f ]---
[  195.752809] Kernel panic - not syncing: Fatal exception in interrupt
[  195.755817] SMP: stopping secondary CPUs
[  195.765657] Kernel Offset: disabled
[  195.768723] CPU features: 0x0002,20006000
[  195.771274] Memory Limit: none
[  195.778099] ---[ end Kernel panic - not syncing: Fatal exception in interrupt ]---
