[  273.858269] Unable to handle kernel read from unreadable memory at virtual address ffff00007db6d8e8
[  273.863865] Mem abort info:
[  273.868886]   ESR = 0x8600000f
[  273.874805]   EC = 0x21: IABT (current EL), IL = 32 bits
[  273.881915]   SET = 0, FnV = 0
[  273.884631]   EA = 0, S1PTW = 0
[  273.886680] swapper pgtable: 4k pages, 48-bit VAs, pgdp=00000000412a6000
[  273.889831] [ffff00007db6d8e8] pgd=00000000bdff8003, pud=00000000bddfe003, pmd=00000000bdc10003, pte=00680000bdb6d713
[  273.902757] Internal error: Oops: 8600000f [#1] PREEMPT SMP
[  273.911057] Modules linked in:
[  273.916491] CPU: 2 PID: 493 Comm: python3 Not tainted 5.4.18 #2
[  273.919583] Hardware name: linux,dummy-virt (DT)
[  273.921744] pstate: 20000005 (nzCv daif -PAN -UAO)
[  273.922990] pc : 0xffff00007db6d8e8
[  273.923439] lr : neigh_resolve_output+0xd0/0x198
[  273.925275] sp : ffff800011f53950
[  273.925780] x29: ffff800011f53950 x28: 000000000000001a 
[  273.928214] x27: ffff800011f53d80 x26: 0000000000000011 
[  273.929460] x25: 0000000000000012 x24: ffff00007b2ea000 
[  273.931822] x23: ffff00007837dc98 x22: 0000000000000002 
[  273.935372] x21: ffff00007b2ea000 x20: ffff000078103c00 
[  273.941589] x19: ffff00007837dc00 x18: 0000000000000000 
[  273.944634] x17: 0000000000000000 x16: 0000000000000000 
[  273.947175] x15: 0000000000000001 x14: 0000000000000000 
[  273.948678] x13: 0000000000000006 x12: 00000000c0a80164 
[  273.951119] x11: 0000000000000000 x10: 0000000000000068 
[  273.951784] x9 : ffff00007b240e00 x8 : ffff00007837dc70 
[  273.952278] x7 : 0000000000000000 x6 : ffff00007db6d8e8 
[  273.953160] x5 : 000000000000002e x4 : 0000000000000000 
[  273.953654] x3 : ffff00007837dc98 x2 : 0000000000000800 
[  273.954290] x1 : ffff00007b2ea000 x0 : ffff000078103c00 
[  273.957352] Call trace:
[  273.959160]  0xffff00007db6d8e8
[  273.959843]  ip_finish_output2+0x168/0x588
[  273.960486]  __ip_finish_output+0x1b0/0x1e0
[  273.961538]  ip_output+0xf4/0x1b0
[  273.963257]  ip_local_out+0x44/0x58
[  273.964042]  ip_send_skb+0x1c/0xa8
[  273.965261]  udp_send_skb.isra.0+0x11c/0x368
[  273.965681]  udp_sendmsg+0x710/0x860
[  273.968311]  inet_sendmsg+0x40/0x68
[  273.968609]  __sys_sendto+0xd4/0x150
[  273.968887]  __arm64_sys_sendto+0x24/0x30
[  273.969254]  el0_svc_common.constprop.0+0x68/0x160
[  273.971030]  el0_svc_handler+0x20/0x80
[  273.971171]  el0_svc+0x8/0xc
[  273.975289] Code: 00000000 00000000 00000000 00000000 (7837dc50) 
[  273.984108] ---[ end trace a413c1d391052ec6 ]---
[  273.987559] Kernel panic - not syncing: Fatal exception in interrupt
[  273.989419] SMP: stopping secondary CPUs
[  273.991135] Kernel Offset: disabled
[  273.992966] CPU features: 0x0002,20006000
[  273.994656] Memory Limit: none
[  273.998019] ---[ end Kernel panic - not syncing: Fatal exception in interrupt ]---
