[  202.346065] kernel BUG at arch/arm64/kernel/traps.c:405!
[  202.356603] Internal error: Oops - BUG: 0 [#1] PREEMPT SMP
[  202.358764] Modules linked in:
[  202.365410] CPU: 6 PID: 494 Comm: python3 Not tainted 5.4.18 #2
[  202.366495] Hardware name: linux,dummy-virt (DT)
[  202.368654] pstate: 00000005 (nzcv daif -PAN -UAO)
[  202.374146] pc : do_undefinstr+0x2ec/0x310
[  202.374970] lr : do_undefinstr+0x1e0/0x310
[  202.375703] sp : ffff8000120db7b0
[  202.376317] x29: ffff8000120db7b0 x28: ffff000079b93800 
[  202.378075] x27: ffff8000120dbd80 x26: 0000000000000011 
[  202.378543] x25: 0000000000000012 x24: 0000000000000000 
[  202.379291] x23: 0000000020000005 x22: ffff800010b2dee4 
[  202.380029] x21: ffff8000120db950 x20: ffff000079b93800 
[  202.380442] x19: ffff8000120db810 x18: 0000000000000000 
[  202.380804] x17: 0000000000000000 x16: 0000000000000000 
[  202.381146] x15: 0000000000000001 x14: 0000000000000000 
[  202.381478] x13: 0000000000000006 x12: 00000000c0a80164 
[  202.381799] x11: 0000000000000000 x10: 0000000000000068 
[  202.382121] x9 : ffff000079b93800 x8 : ffff00007344e870 
[  202.382556] x7 : 0000000000000000 x6 : ffff8000120db808 
[  202.383326] x5 : 00000000d5300000 x4 : ffff8000117c51f0 
[  202.384333] x3 : 00000000d7300000 x2 : 0000000000000000 
[  202.385201] x1 : ffff000079b93800 x0 : 0000000020000005 
[  202.386935] Call trace:
[  202.387598]  do_undefinstr+0x2ec/0x310
[  202.387929]  el1_undef+0x10/0x84
[  202.388390]  neigh_resolve_output+0xcc/0x198
[  202.388788]  ip_finish_output2+0x168/0x588
[  202.389099]  __ip_finish_output+0x1b0/0x1e0
[  202.389404]  ip_output+0xf4/0x1b0
[  202.389663]  ip_local_out+0x44/0x58
[  202.389928]  ip_send_skb+0x1c/0xa8
[  202.390330]  udp_send_skb.isra.0+0x11c/0x368
[  202.390999]  udp_sendmsg+0x710/0x860
[  202.391595]  inet_sendmsg+0x40/0x68
[  202.392251]  __sys_sendto+0xd4/0x150
[  202.393031]  __arm64_sys_sendto+0x24/0x30
[  202.394115]  el0_svc_common.constprop.0+0x68/0x160
[  202.394668]  el0_svc_handler+0x20/0x80
[  202.395738]  el0_svc+0x8/0xc
[  202.396834] Code: f9401bf7 17ffff7c a9025bf5 f9001bf7 (d4210000) 
[  202.402826] ---[ end trace 690b68f320b9fd6e ]---
[  202.405444] Kernel panic - not syncing: Fatal exception in interrupt
[  202.407453] SMP: stopping secondary CPUs
[  202.411437] Kernel Offset: disabled
[  202.411890] CPU features: 0x0002,20006000
[  202.412183] Memory Limit: none
[  202.413563] ---[ end Kernel panic - not syncing: Fatal exception in interrupt ]---
