[  280.116509] kernel BUG at arch/arm64/kernel/traps.c:405!
[  280.124083] Internal error: Oops - BUG: 0 [#1] PREEMPT SMP
[  280.127134] Modules linked in:
[  280.134388] CPU: 5 PID: 493 Comm: python3 Not tainted 5.4.18 #2
[  280.135649] Hardware name: linux,dummy-virt (DT)
[  280.138168] pstate: 00000005 (nzcv daif -PAN -UAO)
[  280.147078] pc : do_undefinstr+0x2ec/0x310
[  280.148381] lr : do_undefinstr+0x1e0/0x310
[  280.149380] sp : ffff800011f937b0
[  280.150173] x29: ffff800011f937b0 x28: ffff0000796d0e00 
[  280.151652] x27: ffff800011f93d80 x26: 0000000000000011 
[  280.152711] x25: 0000000000000012 x24: 0000000000000000 
[  280.153825] x23: 0000000020000005 x22: ffff800010b2de3c 
[  280.154946] x21: ffff800011f93950 x20: ffff0000796d0e00 
[  280.156013] x19: ffff800011f93810 x18: 0000000000000000 
[  280.157113] x17: 0000000000000000 x16: 0000000000000000 
[  280.158083] x15: 0000000000000001 x14: 0000000000000000 
[  280.161820] x13: 0000000000000006 x12: 00000000c0a80164 
[  280.163003] x11: 0000000000000000 x10: 0000000000000068 
[  280.163966] x9 : ffff0000796d0e00 x8 : ffff800011f93c30 
[  280.165245] x7 : 0000000000000003 x6 : ffff800011f93808 
[  280.166237] x5 : 00000000d5300000 x4 : ffff8000117c51f0 
[  280.167272] x3 : 0000000054000000 x2 : 0000000000000000 
[  280.168234] x1 : ffff0000796d0e00 x0 : 0000000020000005 
[  280.170249] Call trace:
[  280.171302]  do_undefinstr+0x2ec/0x310
[  280.172137]  el1_undef+0x10/0x84
[  280.172887]  neigh_resolve_output+0x24/0x198
[  280.174134]  ip_finish_output2+0x168/0x588
[  280.176187]  __ip_finish_output+0x1b0/0x1e0
[  280.176722]  ip_output+0xf4/0x1b0
[  280.177159]  ip_local_out+0x44/0x58
[  280.177639]  ip_send_skb+0x1c/0xa8
[  280.178132]  udp_send_skb.isra.0+0x11c/0x368
[  280.178926]  udp_sendmsg+0x710/0x860
[  280.180041]  inet_sendmsg+0x40/0x68
[  280.180773]  __sys_sendto+0xd4/0x150
[  280.181543]  __arm64_sys_sendto+0x24/0x30
[  280.182333]  el0_svc_common.constprop.0+0x68/0x160
[  280.183208]  el0_svc_handler+0x20/0x80
[  280.184022]  el0_svc+0x8/0xc
[  280.186273] Code: f9401bf7 17ffff7c a9025bf5 f9001bf7 (d4210000) 
[  280.194574] ---[ end trace e6ac86ccf31d1b13 ]---
[  280.196817] Kernel panic - not syncing: Fatal exception in interrupt
[  280.198958] SMP: stopping secondary CPUs
[  280.203550] Kernel Offset: disabled
[  280.204944] CPU features: 0x0002,20006000
[  280.208615] Memory Limit: none
[  280.211669] ---[ end Kernel panic - not syncing: Fatal exception in interrupt ]---
