[  194.411655] Unable to handle kernel paging request at virtual address ffff00010b3d3bf5
[  194.424479] Mem abort info:
[  194.425710]   ESR = 0x96000045
[  194.432743]   EC = 0x25: DABT (current EL), IL = 32 bits
[  194.441187]   SET = 0, FnV = 0
[  194.444744]   EA = 0, S1PTW = 0
[  194.451433] Data abort info:
[  194.453469]   ISV = 0, ISS = 0x00000045
[  194.461437]   CM = 0, WnR = 1
[  194.467782] swapper pgtable: 4k pages, 48-bit VAs, pgdp=00000000412a6000
[  194.480186] [ffff00010b3d3bf5] pgd=00000000bdff8003, pud=0000000000000000
[  194.485019] Internal error: Oops: 96000045 [#1] PREEMPT SMP
[  194.485538] Modules linked in:
[  194.490090] CPU: 1 PID: 494 Comm: python3 Not tainted 5.4.18 #2
[  194.491524] Hardware name: linux,dummy-virt (DT)
[  194.493213] pstate: 20000005 (nzCv daif -PAN -UAO)
[  194.501472] pc : eth_header+0x50/0xe8
[  194.502122] lr : eth_header+0x30/0xe8
[  194.503445] sp : ffff800012123910
[  194.507070] x29: ffff800012123910 x28: 000000000000001a 
[  194.508962] x27: ffff800012123d80 x26: 0000000000000011 
[  194.509443] x25: 0000000000000012 x24: ffff000079428000 
[  194.511785] x23: ffff000079428000 x22: ffff00007abaa298 
[  194.512863] x21: 0000000000000000 x20: 00000000008e478e 
[  194.513481] x19: 0000000000000008 x18: 0000000000000000 
[  194.515351] x17: 0000000000000000 x16: 0000000000000000 
[  194.516382] x15: 0000000000000001 x14: 0000000000000000 
[  194.517091] x13: 0000000000000006 x12: 00000000c0a80164 
[  194.519476] x11: 0000000000000000 x10: 0000000000000068 
[  194.521000] x9 : ffff00007a52d400 x8 : ffff800012123c30 
[  194.523774] x7 : 0000000000000000 x6 : ffff00010b3d3be9 
[  194.524135] x5 : 000000006b9a8e55 x4 : 0000000000000000 
[  194.524428] x3 : ffff00010b3d3be9 x2 : 0000000000000800 
[  194.524876] x1 : 000000000000000e x0 : 00000000008e4700 
[  194.527093] Call trace:
[  194.528052]  eth_header+0x50/0xe8
[  194.531328]  neigh_resolve_output+0xd0/0x198
[  194.533252]  ip_finish_output2+0x168/0x588
[  194.534729]  __ip_finish_output+0x1b0/0x1e0
[  194.535272]  ip_output+0xf4/0x1b0
[  194.535625]  ip_local_out+0x44/0x58
[  194.536381]  ip_send_skb+0x1c/0xa8
[  194.536949]  udp_send_skb.isra.0+0x11c/0x368
[  194.537302]  udp_sendmsg+0x710/0x860
[  194.537776]  inet_sendmsg+0x40/0x68
[  194.538074]  __sys_sendto+0xd4/0x150
[  194.538788]  __arm64_sys_sendto+0x24/0x30
[  194.539975]  el0_svc_common.constprop.0+0x68/0x160
[  194.540480]  el0_svc_handler+0x20/0x80
[  194.540942]  el0_svc+0x8/0xc
[  194.542848] Code: 7a441a64 2a140014 5ac00673 1a941273 (790018d3) 
[  194.548983] ---[ end trace b0b94e15091605a0 ]---
[  194.550768] Kernel panic - not syncing: Fatal exception in interrupt
[  194.552899] SMP: stopping secondary CPUs
[  194.557636] Kernel Offset: disabled
[  194.559091] CPU features: 0x0002,20006000
[  194.560642] Memory Limit: none
[  194.563031] ---[ end Kernel panic - not syncing: Fatal exception in interrupt ]---
