[  195.707225] Unable to handle kernel paging request at virtual address ffff000178303206
[  195.724706] Mem abort info:
[  195.728156]   ESR = 0x96000045
[  195.736687]   EC = 0x25: DABT (current EL), IL = 32 bits
[  195.738085]   SET = 0, FnV = 0
[  195.740847]   EA = 0, S1PTW = 0
[  195.741617] Data abort info:
[  195.744324]   ISV = 0, ISS = 0x00000045
[  195.745011]   CM = 0, WnR = 1
[  195.747604] swapper pgtable: 4k pages, 48-bit VAs, pgdp=00000000412a6000
[  195.749417] [ffff000178303206] pgd=00000000bdff8003, pud=0000000000000000
[  195.752326] Internal error: Oops: 96000045 [#1] PREEMPT SMP
[  195.754087] Modules linked in:
[  195.757017] CPU: 4 PID: 493 Comm: python3 Not tainted 5.4.18 #2
[  195.759814] Hardware name: linux,dummy-virt (DT)
[  195.765021] pstate: 20000005 (nzCv daif -PAN -UAO)
[  195.767937] pc : eth_header+0x50/0xe8
[  195.769279] lr : eth_header+0x30/0xe8
[  195.770089] sp : ffff800011ec3910
[  195.771300] x29: ffff800011ec3910 x28: 000000000000001a 
[  195.771915] x27: ffff800011ec3d80 x26: 0000000000000011 
[  195.772330] x25: 0000000000000012 x24: ffff00007a5aa000 
[  195.772992] x23: ffff00007a5aa000 x22: ffff00007830f498 
[  195.773334] x21: 0000000000000000 x20: 0000000000003600 
[  195.773658] x19: 0000000000000008 x18: 0000000000000000 
[  195.773999] x17: 0000000000000000 x16: 0000000000000000 
[  195.774632] x15: 0000000000000001 x14: 0000000000000000 
[  195.775509] x13: 0000000000000006 x12: 00000000c0a80164 
[  195.775816] x11: 0000000000000000 x10: 0000000000000068 
[  195.776168] x9 : ffff00007a44aa00 x8 : ffff800011ec3c30 
[  195.776468] x7 : 0000000000000000 x6 : ffff0001783031fa 
[  195.776833] x5 : 0000000000000044 x4 : 0000000000000000 
[  195.777151] x3 : ffff0001783031fa x2 : 0000000000000800 
[  195.778988] x1 : 000000000000000e x0 : 0000000000003600 
[  195.782022] Call trace:
[  195.783185]  eth_header+0x50/0xe8
[  195.783619]  neigh_resolve_output+0xd0/0x198
[  195.783918]  ip_finish_output2+0x168/0x588
[  195.784442]  __ip_finish_output+0x1b0/0x1e0
[  195.786069]  ip_output+0xf4/0x1b0
[  195.787036]  ip_local_out+0x44/0x58
[  195.788808]  ip_send_skb+0x1c/0xa8
[  195.790802]  udp_send_skb.isra.0+0x11c/0x368
[  195.792501]  udp_sendmsg+0x710/0x860
[  195.794210]  inet_sendmsg+0x40/0x68
[  195.796712]  __sys_sendto+0xd4/0x150
[  195.796933]  __arm64_sys_sendto+0x24/0x30
[  195.800872]  el0_svc_common.constprop.0+0x68/0x160
[  195.803111]  el0_svc_handler+0x20/0x80
[  195.804240]  el0_svc+0x8/0xc
[  195.805392] Code: 7a441a64 2a140014 5ac00673 1a941273 (790018d3) 
[  195.808934] ---[ end trace 580311788e84cb97 ]---
[  195.810887] Kernel panic - not syncing: Fatal exception in interrupt
[  195.813317] SMP: stopping secondary CPUs
[  195.815084] Kernel Offset: disabled
[  195.816028] CPU features: 0x0002,20006000
[  195.818608] Memory Limit: none
[  195.822068] ---[ end Kernel panic - not syncing: Fatal exception in interrupt ]---
