[  277.496298] kernel BUG at arch/arm64/kernel/traps.c:405!
[  277.506953] Internal error: Oops - BUG: 0 [#1] PREEMPT SMP
[  277.509013] Modules linked in:
[  277.513072] CPU: 6 PID: 496 Comm: python3 Not tainted 5.4.18 #2
[  277.515273] Hardware name: linux,dummy-virt (DT)
[  277.517366] pstate: 00000005 (nzcv daif -PAN -UAO)
[  277.520014] pc : do_undefinstr+0x2ec/0x310
[  277.520448] lr : do_undefinstr+0x1e0/0x310
[  277.520800] sp : ffff800011ef37b0
[  277.521100] x29: ffff800011ef37b0 x28: ffff00007a567000 
[  277.521612] x27: ffff800011ef3d80 x26: 0000000000000011 
[  277.522011] x25: 0000000000000012 x24: 0000000000000000 
[  277.522440] x23: 0000000040000005 x22: ffff800010b2df18 
[  277.522838] x21: ffff800011ef3950 x20: ffff00007a567000 
[  277.523235] x19: ffff800011ef3810 x18: 0000000000000000 
[  277.523659] x17: 0000000000000000 x16: 0000000000000000 
[  277.524168] x15: 0000000000000001 x14: 0000000000000000 
[  277.524599] x13: 0000000000000006 x12: 00000000c0a80164 
[  277.524998] x11: 0000000000000000 x10: 0000000000000068 
[  277.525391] x9 : ffff00007a567000 x8 : ffff800011ef3c30 
[  277.525778] x7 : 0000000000000003 x6 : ffff800011ef3808 
[  277.526214] x5 : 00000000d5300000 x4 : ffff8000117c51f0 
[  277.526609] x3 : 00000000ae100000 x2 : 0000000000000000 
[  277.526996] x1 : ffff00007a567000 x0 : 0000000040000005 
[  277.527750] Call trace:
[  277.528209]  do_undefinstr+0x2ec/0x310
[  277.528555]  el1_undef+0x10/0x84
[  277.528835]  neigh_resolve_output+0x100/0x198
[  277.529162]  ip_finish_output2+0x168/0x588
[  277.529465]  __ip_finish_output+0x1b0/0x1e0
[  277.530524]  ip_output+0xf4/0x1b0
[  277.531944]  ip_local_out+0x44/0x58
[  277.532262]  ip_send_skb+0x1c/0xa8
[  277.532551]  udp_send_skb.isra.0+0x11c/0x368
[  277.532902]  udp_sendmsg+0x710/0x860
[  277.533235]  inet_sendmsg+0x40/0x68
[  277.533531]  __sys_sendto+0xd4/0x150
[  277.533824]  __arm64_sys_sendto+0x24/0x30
[  277.534152]  el0_svc_common.constprop.0+0x68/0x160
[  277.534517]  el0_svc_handler+0x20/0x80
[  277.534820]  el0_svc+0x8/0xc
[  277.535800] Code: f9401bf7 17ffff7c a9025bf5 f9001bf7 (d4210000) 
[  277.539200] ---[ end trace 3facd70c19881074 ]---
[  277.540412] Kernel panic - not syncing: Fatal exception in interrupt
[  277.541490] SMP: stopping secondary CPUs
[  277.544135] Kernel Offset: disabled
[  277.544722] CPU features: 0x0002,20006000
[  277.545152] Memory Limit: none
[  277.548040] ---[ end Kernel panic - not syncing: Fatal exception in interrupt ]---
