[  242.318610] kernel BUG at arch/arm64/kernel/traps.c:405!
[  242.323322] Internal error: Oops - BUG: 0 [#1] PREEMPT SMP
[  242.325732] Modules linked in:
[  242.329632] CPU: 6 PID: 492 Comm: python3 Not tainted 5.4.18 #2
[  242.334188] Hardware name: linux,dummy-virt (DT)
[  242.338070] pstate: 00000005 (nzcv daif -PAN -UAO)
[  242.339584] pc : do_undefinstr+0x2ec/0x310
[  242.340318] lr : do_undefinstr+0x1e0/0x310
[  242.340841] sp : ffff800011fbb7b0
[  242.341302] x29: ffff800011fbb7b0 x28: ffff00007a96c600 
[  242.342724] x27: ffff800011fbbd80 x26: 0000000000000011 
[  242.344474] x25: 0000000000000012 x24: 0000000000000000 
[  242.345572] x23: 0000000000000005 x22: ffff800010b2de94 
[  242.346680] x21: ffff800011fbb950 x20: ffff00007a96c600 
[  242.348026] x19: ffff800011fbb810 x18: 0000000000000000 
[  242.349207] x17: 0000000000000000 x16: 0000000000000000 
[  242.350369] x15: 0000000000000001 x14: 0000000000000000 
[  242.351848] x13: 0000000000000006 x12: 00000000c0a80164 
[  242.352829] x11: 0000000000000000 x10: 0000000000000068 
[  242.353767] x9 : ffff00007a96c600 x8 : ffff00007813e670 
[  242.354624] x7 : ffff00007813e660 x6 : ffff800011fbb808 
[  242.355571] x5 : 00000000d5300000 x4 : ffff8000117c51f0 
[  242.357571] x3 : 0000000099000000 x2 : 0000000000000000 
[  242.358791] x1 : ffff00007a96c600 x0 : 0000000000000005 
[  242.362615] Call trace:
[  242.366052]  do_undefinstr+0x2ec/0x310
[  242.366727]  el1_undef+0x10/0x84
[  242.367343]  neigh_resolve_output+0x7c/0x198
[  242.367892]  ip_finish_output2+0x168/0x588
[  242.368533]  __ip_finish_output+0x1b0/0x1e0
[  242.369345]  ip_output+0xf4/0x1b0
[  242.369749]  ip_local_out+0x44/0x58
[  242.370083]  ip_send_skb+0x1c/0xa8
[  242.370537]  udp_send_skb.isra.0+0x11c/0x368
[  242.370953]  udp_sendmsg+0x710/0x860
[  242.371255]  inet_sendmsg+0x40/0x68
[  242.371530]  __sys_sendto+0xd4/0x150
[  242.371793]  __arm64_sys_sendto+0x24/0x30
[  242.372108]  el0_svc_common.constprop.0+0x68/0x160
[  242.372534]  el0_svc_handler+0x20/0x80
[  242.372788]  el0_svc+0x8/0xc
[  242.373852] Code: f9401bf7 17ffff7c a9025bf5 f9001bf7 (d4210000) 
[  242.381339] ---[ end trace 02b1d81fd31c440f ]---
[  242.385020] Kernel panic - not syncing: Fatal exception in interrupt
[  242.387789] SMP: stopping secondary CPUs
[  242.396912] Kernel Offset: disabled
[  242.398167] CPU features: 0x0002,20006000
[  242.399047] Memory Limit: none
[  242.402389] ---[ end Kernel panic - not syncing: Fatal exception in interrupt ]---
