[  205.149283] Unable to handle kernel paging request at virtual address ffff0000e8da04fe
[  205.161633] Mem abort info:
[  205.168437]   ESR = 0x96000045
[  205.170110]   EC = 0x25: DABT (current EL), IL = 32 bits
[  205.173792]   SET = 0, FnV = 0
[  205.177902]   EA = 0, S1PTW = 0
[  205.182076] Data abort info:
[  205.182518]   ISV = 0, ISS = 0x00000045
[  205.184856]   CM = 0, WnR = 1
[  205.194082] swapper pgtable: 4k pages, 48-bit VAs, pgdp=00000000412a6000
[  205.206285] [ffff0000e8da04fe] pgd=00000000bdff8003, pud=0000000000000000
[  205.215262] Internal error: Oops: 96000045 [#1] PREEMPT SMP
[  205.216528] Modules linked in:
[  205.219249] CPU: 2 PID: 500 Comm: python3 Not tainted 5.4.18 #2
[  205.221400] Hardware name: linux,dummy-virt (DT)
[  205.224500] pstate: 20000005 (nzCv daif -PAN -UAO)
[  205.230710] pc : eth_header+0x50/0xe8
[  205.231344] lr : eth_header+0x30/0xe8
[  205.232506] sp : ffff800011d4b910
[  205.233314] x29: ffff800011d4b910 x28: 000000000000001a 
[  205.235056] x27: ffff800011d4bd80 x26: 0000000000000011 
[  205.236836] x25: 0000000000000012 x24: ffff000079b00000 
[  205.240344] x23: ffff000079b00000 x22: ffff0000718a9a98 
[  205.245340] x21: 0000000000000000 x20: 0000000000b53eb5 
[  205.246464] x19: 0000000000000008 x18: 0000000000000000 
[  205.248899] x17: 0000000000000000 x16: 0000000000000000 
[  205.250903] x15: 0000000000000001 x14: 0000000000000000 
[  205.253458] x13: 0000000000000006 x12: 00000000c0a80164 
[  205.254563] x11: 0000000000000000 x10: 0000000000000068 
[  205.255834] x9 : ffff00007908e200 x8 : ffff0000718a9a70 
[  205.259840] x7 : 0000000000000000 x6 : ffff0000e8da04f2 
[  205.262064] x5 : 0000000088b0b54c x4 : 0000000000000000 
[  205.263002] x3 : ffff0000e8da04f2 x2 : 0000000000000800 
[  205.265412] x1 : 000000000000000e x0 : 0000000000b53e00 
[  205.267592] Call trace:
[  205.271127]  eth_header+0x50/0xe8
[  205.273432]  neigh_resolve_output+0xd0/0x198
[  205.274681]  ip_finish_output2+0x168/0x588
[  205.274948]