[  217.813590] Unable to handle kernel paging request at virtual address ffff8000117af980
[  217.819361] Mem abort info:
[  217.819895]   ESR = 0x96000007
[  217.820568]   EC = 0x25: DABT (current EL), IL = 32 bits
[  217.821423]   SET = 0, FnV = 0
[  217.821841]   EA = 0, S1PTW = 0
[  217.822315] Data abort info:
[  217.822875]   ISV = 0, ISS = 0x00000007
[  217.823172]   CM = 0, WnR = 0
[  217.823667] swapper pgtable: 4k pages, 48-bit VAs, pgdp=00000000412a6000
[  217.824188] [ffff8000117af980] pgd=00000000bdfff003, pud=00000000bdffe003, pmd=00000000bdffa003, pte=0000000000000000
[  217.829989] Internal error: Oops: 96000007 [#1] PREEMPT SMP
[  217.831024] Modules linked in:
[  217.841478] CPU: 5 PID: 496 Comm: python3 Not tainted 5.4.18 #2
[  217.844468] Hardware name: linux,dummy-virt (DT)
[  217.845393] pstate: 40000005 (nZcv daif -PAN -UAO)
[  217.848951] pc : neigh_resolve_output+0x18/0x198
[  217.849868] lr : ip_finish_output2+0x168/0x588
[  217.850252] sp : ffff800011f33950
[  217.850620] x29: ffff800011f33950 x28: 000000000000001a 
[  217.851334] x27: ffff800011f33d80 x26: 0000000000000011 
[  217.853904] x25: 0000000000000012 x24: ffff00007b1d6000 
[  217.857039] x23: ffff00007b3d4840 x22: ffff000071821c00 
[  217.857659] x21: ffff000076d9b180 x20: ffff00007943f300 
[  217.858235] x19: ffff000076ddb800 x18: 0000000000000000 
[  217.858914] x17: 0000000000000000 x16: 0000000000000000 
[  217.860813] x15: 0000000000000001 x14: 0000000000000000 
[  217.861391] x13: 0000000000000006 x12: 00000000c0a80164 
[  217.862031] x11: 0000000000000000 x10: 0000000000000068 
[  217.865341] x9 : ffff000071821c00 x8 : ffff800011f33c30 
[  217.868673] x7 : 0000000000000003 x6 : 00000000b2f7efa9 
[  217.873850] x5 : ffff00007aaa2500 x4 : 000000000000001d 
[  217.874866] x3 : 000000006401a8c0 x2 : ffff8000117af000 
[  217.879482] x1 : ffff00007943f300 x0 : ffff000076ddb800 
[  217.888132] Call trace:
[  217.889520]  neigh_resolve_output+0x18/0x198
[  217.890149]  ip_finish_output2+0x168/0x588
[  217.891045]  __ip_finish_output+0x1b0/0x1e0
[  217.892814]  ip_output+0xf4/0x1b0
[  217.894694]  ip_local_out+0x44/0x58
[  217.896023]  ip_send_skb+0x1c/0xa8
[  217.900898]  udp_send_skb.isra.0+0x11c/0x368
[  217.901545]  udp_sendmsg+0x710/0x860
[  217.901872]  inet_sendmsg+0x40/0x68
[  217.902157]  __sys_sendto+0xd4/0x150
[  217.902433]  __arm64_sys_sendto+0x24/0x30
[  217.905339]  el0_svc_common.constprop.0+0x68/0x160
[  217.909348]  el0_svc_handler+0x20/0x80
[  217.912165]  el0_svc+0x8/0xc
[  217.918387] Code: 910003fd a90153f3 aa0003f3 aa0103f4 (f944c040) 
[  217.924612] ---[ end trace c8b767e252631770 ]---
[  217.931284] Kernel panic - not syncing: Fatal exception in interrupt
[  217.934749] SMP: stopping secondary CPUs
[  217.936608] Kernel Offset: disabled
[  217.938850] CPU features: 0x0002,20006000
[  217.940440] Memory Limit: none
[  217.943763] ---[ end Kernel panic - not syncing: Fatal exception in interrupt ]---
