[  203.357435] kernel BUG at arch/arm64/kernel/traps.c:405!
[  203.363397] Internal error: Oops - BUG: 0 [#1] PREEMPT SMP
[  203.368347] Modules linked in:
[  203.373652] CPU: 0 PID: 493 Comm: python3 Not tainted 5.4.18 #2
[  203.375552] Hardware name: linux,dummy-virt (DT)
[  203.377076] pstate: 00000005 (nzcv daif -PAN -UAO)
[  203.380568] pc : do_undefinstr+0x2ec/0x310
[  203.381707] lr : do_undefinstr+0x1e0/0x310
[  203.382688] sp : ffff800011ed37b0
[  203.383641] x29: ffff800011ed37b0 x28: ffff000078167000 
[  203.385215] x27: ffff800011ed3d80 x26: 0000000000000011 
[  203.386373] x25: 0000000000000012 x24: 0000000000000000 
[  203.387702] x23: 0000000040000005 x22: ffff800010b2de20 
[  203.388770] x21: ffff800011ed3950 x20: ffff000078167000 
[  203.390178] x19: ffff800011ed3810 x18: 0000000000000000 
[  203.391272] x17: 0000000000000000 x16: 0000000000000000 
[  203.393230] x15: 0000000000000001 x14: 0000000000000000 
[  203.394376] x13: 0000000000000006 x12: 00000000c0a80164 
[  203.397273] x11: 0000000000000000 x10: 0000000000000068 
[  203.399392] x9 : ffff000078167000 x8 : ffff800011ed3c30 
[  203.400953] x7 : 0000000000000003 x6 : ffff800011ed3808 
[  203.402149] x5 : 00000000d5300000 x4 : ffff8000117c51f0 
[  203.403527] x3 : 0000000081000000 x2 : 0000000000000000 
[  203.405079] x1 : ffff000078167000 x0 : 0000000040000005 
[  203.407508] Call trace:
[  203.408938]  do_undefinstr+0x2ec/0x310
[  203.410071]  el1_undef+0x10/0x84
[  203.412177]  neigh_resolve_output+0x8/0x198
[  203.413555]  __ip_finish_output+0x1b0/0x1e0
[  203.414369]  ip_output+0xf4/0x1b0
[  203.415105]  ip_local_out+0x44/0x58
[  203.415799]  ip_send_skb+0x1c/0xa8
[  203.416473]  udp_send_skb.isra.0+0x11c/0x368
[  203.417609]  udp_sendmsg+0x710/0x860
[  203.418321]  inet_sendmsg+0x40/0x68
[  203.419073]  __sys_sendto+0xd4/0x150
[  203.419777]  __arm64_sys_sendto+0x24/0x30
[  203.420561]  el0_svc_common.constprop.0+0x68/0x160
[  203.421506]  el0_svc_handler+0x20/0x80
[  203.422275]  el0_svc+0x8/0xc
[  203.424777] Code: f9401bf7 17ffff7c a9025bf5 f9001bf7 (d4210000) 
[  203.434215] ---[ end trace 4ba9b775536bef3d ]---
[  203.437393] Kernel panic - not syncing: Fatal exception in interrupt
[  203.439557] SMP: stopping secondary CPUs
[  203.444174] Kernel Offset: disabled
[  203.444920] CPU features: 0x0002,20006000
[  203.445512] Memory Limit: none
[  203.448326] ---[ end Kernel panic - not syncing: Fatal exception in interrupt ]---
