[  195.633079] kernel BUG at arch/arm64/kernel/traps.c:405!
[  195.639269] Internal error: Oops - BUG: 0 [#1] PREEMPT SMP
[  195.641726] Modules linked in:
[  195.644386] CPU: 3 PID: 495 Comm: python3 Not tainted 5.4.18 #2
[  195.645446] Hardware name: linux,dummy-virt (DT)
[  195.647628] pstate: 00000005 (nzcv daif -PAN -UAO)
[  195.651219] pc : do_undefinstr+0x2ec/0x310
[  195.652221] lr : do_undefinstr+0x1e0/0x310
[  195.653107] sp : ffff800011fbb980
[  195.653996] x29: ffff800011fbb980 x28: ffff00007a450000 
[  195.655338] x27: ffff800011fbbd80 x26: 0000000000000011 
[  195.656468] x25: 0000000000000012 x24: 0000000000000000 
[  195.657539] x23: 0000000080000005 x22: ffff800010ba95ac 
[  195.658653] x21: ffff800011fbbb20 x20: ffff00007a450000 
[  195.659616] x19: ffff800011fbb9e0 x18: 0000000000000000 
[  195.660631] x17: 0000000000000000 x16: 0000000000000000 
[  195.661598] x15: 0000000000000001 x14: 0000000000000000 
[  195.662974] x13: 0000000000000006 x12: 000000000000003c 
[  195.665220] x11: ffff000075e85000 x10: 0000000000000000 
[  195.666381] x9 : ffff00007b3aa540 x8 : 0000000000000028 
[  195.667889] x7 : ffff000076e44000 x6 : ffff800011fbb9d8 
[  195.669319] x5 : 00000000d5300000 x4 : ffff8000117c51f0 
[  195.670381] x3 : 0000000053800000 x2 : 0000000000000000 
[  195.672066] x1 : ffff00007a450000 x0 : 0000000080000005 
[  195.674314] Call trace:
[  195.675415]  do_undefinstr+0x2ec/0x310
[  195.676546]  el1_undef+0x10/0x84
[  195.677618]  udp_send_skb.isra.0+0x274/0x368
[  195.678796]  udp_sendmsg+0x710/0x860
[  195.679629]  inet_sendmsg+0x40/0x68
[  195.682231]  __sys_sendto+0xd4/0x150
[  195.683725]  __arm64_sys_sendto+0x24/0x30
[  195.684673]  el0_svc_common.constprop.0+0x68/0x160
[  195.685610]  el0_svc_handler+0x20/0x80
[  195.686371]  el0_svc+0x8/0xc
[  195.688945] Code: f9401bf7 17ffff7c a9025bf5 f9001bf7 (d4210000) 
[  195.695690] ---[ end trace b28a024d6405d7a6 ]---
[  195.699822] note: python3[495] exited with preempt_count 1
[  195.852831] ------------[ cut here ]------------
[  195.856745] WARNING: CPU: 3 PID: 0 at kernel/rcu/tree.c:569 rcu_idle_enter+0x74/0x80
[  195.870341] Modules linked in:
[  195.874490] CPU: 3 PID: 0 Comm: swapper/3 Tainted: G      D           5.4.18 #2
[  195.889425] Hardware name: linux,dummy-virt (DT)
[  195.891068] pstate: 20000085 (nzCv daIf -PAN -UAO)
[  195.893142] pc : rcu_idle_enter+0x74/0x80
[  195.894697] lr : do_idle+0x200/0x288
[  195.895590] sp : ffff800011a5bf20
[  195.899835] x29: ffff800011a5bf20 x28: 0000000000000000 
[  195.902211] x27: 0000000000000000 x26: 0000000000000000 
[  195.903059] x25: 0000000000000000 x24: ffff8000117ba214 
[  195.903585] x23: ffff00007b0c3800 x22: ffff800011404ab8 
[  195.907093] x21: ffff8000117ba1f0 x20: 0000000000000003 
[  195.911478] x19: ffff8000117ba118 x18: 0000000000000010 
[  195.912338] x17: 0000000000000000 x16: 0000000000000000 
[  195.919385] x15: 0000000000000001 x14: 0000000000000000 
[  195.934612] x13: 0000000000000002 x12: 0000000000000001 
[  195.939495] x11: 0000000000000001 x10: 00000000000009c0 
[  195.955514] x9 : 0000000000000000 x8 : 0000000000002368 
[  195.959406] x7 : ffff80006c783000 x6 : 000004f8bf7adc44 
[  195.962176] x5 : 00ffffffffffffff x4 : 00136d36c5ffe6f7 
[  195.967082] x3 : 4000000000000002 x2 : 4000000000000000 
[  195.972415] x1 : ffff800011406980 x0 : ffff00007db89980 
[  195.980545] Call trace:
[  195.986408]  rcu_idle_enter+0x74/0x80
[  195.995490]  do_idle+0x200/0x288
[  196.001176]  cpu_startup_entry+0x20/0x40
[  196.011857]  secondary_start_kernel+0x154/0x190
[  196.019210] ---[ end trace b28a024d6405d7a7 ]---
