[  198.137973] Unable to handle kernel paging request at virtual address ffff80006c7db020
[  198.154140] Mem abort info:
[  198.154470]   ESR = 0x96000005
[  198.156419]   EC = 0x25: DABT (current EL), IL = 32 bits
[  198.157011]   SET = 0, FnV = 0
[  198.157598]   EA = 0, S1PTW = 0
[  198.159238] Data abort info:
[  198.160270]   ISV = 0, ISS = 0x00000005
[  198.160696]   CM = 0, WnR = 0
[  198.161305] swapper pgtable: 4k pages, 48-bit VAs, pgdp=00000000412a6000
[  198.162326] [ffff80006c7db020] pgd=00000000bdfff003, pud=0000000000000000
[  198.164893] Internal error: Oops: 96000005 [#1] PREEMPT SMP
[  198.166140] Modules linked in:
[  198.175118] CPU: 7 PID: 493 Comm: python3 Not tainted 5.4.18 #2
[  198.181167] Hardware name: linux,dummy-virt (DT)
[  198.187906] pstate: 80000005 (Nzcv daif -PAN -UAO)
[  198.191844] pc : udp_send_skb.isra.0+0x150/0x368
[  198.192634] lr : udp_send_skb.isra.0+0x11c/0x368
[  198.193025] sp : ffff800011f93b20
[  198.193413] x29: ffff800011f93b20 x28: 000000000000001a 
[  198.193955] x27: ffff800011f93d80 x26: 0000000000000011 
[  198.194357] x25: 0000000000000012 x24: ffff000078600e24 
[  198.195590] x23: ffff800011f93c30 x22: ffff00007a462a80 
[  198.196310] x21: 0000000000000011 x20: 000000000000001a 
[  198.196717] x19: ffff00007979e900 x18: 0000000000000000 
[  198.197114] x17: 0000000000000000 x16: 0000000000000000 
[  198.197753] x15: 0000000000000001 x14: 0000000000000000 
[  198.198829] x13: 0000000000000006 x12: 000000000000003c 
[  198.199374] x11: ffff0000787b0000 x10: 0000000000000000 
[  198.199922] x9 : ffff000076d62940 x8 : 0000000000000028 
[  198.200424] x7 : ffff0000743d8000 x6 : 0000000022100000 
[  198.200949] x5 : 0000000000000000 x4 : ffff0000743d8000 
[  198.201464] x3 : 0000000000000001 x2 : ffff80006c7db000 
[  198.202026] x1 : ffff00007a457000 x0 : ffff80006c7db020 
[  198.204337] Call trace:
[  198.205402]  udp_send_skb.isra.0+0x150/0x368
[  198.205979]  udp_sendmsg+0x710/0x860
[  198.207051]  inet_sendmsg+0x40/0x68
[  198.208105]  __sys_sendto+0xd4/0x150
[  198.208563]  __arm64_sys_sendto+0x24/0x30
[  198.208868]  el0_svc_common.constprop.0+0x68/0x160
[  198.209771]  el0_svc_handler+0x20/0x80
[  198.210308]  el0_svc+0x8/0xc
[  198.213259] Code: d538d082 f940d800 91008000 8b020000 (c85f7c05) 
[  198.218984] ---[ end trace 7f9f624b1e661519 ]---
[  198.224906] note: python3[493] exited with preempt_count 1
