[  205.730277] Unable to handle kernel paging request at virtual address 0000000100000010
[  205.738362] Mem abort info:
[  205.738705]   ESR = 0x96000005
[  205.739178]   EC = 0x25: DABT (current EL), IL = 32 bits
[  205.739956]   SET = 0, FnV = 0
[  205.740946]   EA = 0, S1PTW = 0
[  205.741703] Data abort info:
[  205.747310]   ISV = 0, ISS = 0x00000005
[  205.752225]   CM = 0, WnR = 0
[  205.756794] user pgtable: 4k pages, 48-bit VAs, pgdp=00000000b5857000
[  205.768456] [0000000100000010] pgd=00000000b97c0003, pud=0000000000000000
[  205.780384] Internal error: Oops: 96000005 [#1] PREEMPT SMP
[  205.791989] Modules linked in:
[  205.797454] CPU: 6 PID: 494 Comm: python3 Not tainted 5.4.18 #2
[  205.803994] Hardware name: linux,dummy-virt (DT)
[  205.810727] pstate: 80000005 (Nzcv daif -PAN -UAO)
[  205.814729] pc : udp_send_skb.isra.0+0x170/0x368
[  205.815335] lr : udp_send_skb.isra.0+0x11c/0x368
[  205.815926] sp : ffff800011f73b20
[  205.816346] x29: ffff800011f73b20 x28: 000000000000001a 
[  205.817081] x27: ffff800011f73d80 x26: 0000000000000011 
[  205.817687] x25: 0000000000000012 x24: ffff000078173e24 
[  205.820217] x23: ffff800011f73c30 x22: ffff00007ab4d500 
[  205.821715] x21: 0000000000000011 x20: 000000000000001a 
[  205.824503] x19: ffff0000795b5000 x18: 0000000000000000 
[  205.825355] x17: 0000000000000000 x16: 0000000000000000 
[  205.829439] x15: 0000000000000001 x14: 0000000000000000 
[  205.830294] x13: 0000000000000006 x12: 000000000000003c 
[  205.831219] x11: ffff00007227e000 x10: 0000000000000000 
[  205.832421] x9 : ffff0000782f4940 x8 : 0000000000000028 
[  205.833318] x7 : ffff000075b44000 x6 : 0000000022100000 
[  205.834685] x5 : 000000000000004f x4 : 0000000000000000 
[  205.837394] x3 : 0000000000000001 x2 : ffff80006c7c5000 
[  205.840986] x1 : ffff00007b2baa00 x0 : 0000000100000000 
[  205.844540] Call trace:
[  205.845773]  udp_send_skb.isra.0+0x170/0x368
[  205.847274]  udp_sendmsg+0x710/0x860
[  205.848285]  inet_sendmsg+0x40/0x68
[  205.848910]  __sys_sendto+0xd4/0x150
[  205.849614]  __arm64_sys_sendto+0x24/0x30
[  205.853135]  el0_svc_common.constprop.0+0x68/0x160
[  205.853759]  el0_svc_handler+0x20/0x80
[  205.855060]  el0_svc+0x8/0xc
[  205.859457] Code: f9400820 d1000400 b9001020 b4000060 (f9400800) 
[  205.874284] ---[ end trace 37302a783542e612 ]---
