[  194.084229] Unable to handle kernel paging request at virtual address 00000000029b8993
[  194.092158] Mem abort info:
[  194.093249]   ESR = 0x96000006
[  194.094485]   EC = 0x25: DABT (current EL), IL = 32 bits
[  194.098284]   SET = 0, FnV = 0
[  194.099140]   EA = 0, S1PTW = 0
[  194.103128] Data abort info:
[  194.105638]   ISV = 0, ISS = 0x00000006
[  194.108256]   CM = 0, WnR = 0
[  194.113165] user pgtable: 4k pages, 48-bit VAs, pgdp=00000000b22e1000
[  194.119932] [00000000029b8993] pgd=00000000b177f003, pud=00000000b95c8003, pmd=0000000000000000
[  194.151348] Internal error: Oops: 96000006 [#1] PREEMPT SMP
[  194.157552] Modules linked in:
[  194.162660] CPU: 1 PID: 493 Comm: python3 Not tainted 5.4.18 #2
[  194.164411] Hardware name: linux,dummy-virt (DT)
[  194.168171] pstate: 60000005 (nZCv daif -PAN -UAO)
[  194.174368] pc : ip_output+0x44/0x1b0
[  194.175116] lr : ip_local_out+0x44/0x58
[  194.177976] sp : ffff800011f33a30
[  194.179024] x29: ffff800011f33a30 x28: 000000000000001a 
[  194.181665] x27: ffff800011f33d80 x26: 0000000000000011 
[  194.182513] x25: 0000000000000012 x24: ffff000078296224 
[  194.185440] x23: ffff00007b22b300 x22: ffff0000796d2a00 
[  194.186355] x21: 00000000029b8813 x20: ffff00007828e800 
[  194.188158] x19: ffff00007828e800 x18: 0000000000000000 
[  194.189143] x17: 0000000000000000 x16: 0000000000000000 
[  194.189989] x15: 0000000000000001 x14: 0000000000000000 
[  194.193175] x13: 0000000000000006 x12: 00000000c0a80164 
[  194.193714] x11: 0000000000000000 x10: 0000000000000068 
[  194.196005] x9 : ffff0000796d2a00 x8 : ffff800011f33c30 
[  194.197176] x7 : 0000000068f00000 x6 : 000000000000029b 
[  194.198087] x5 : ffff000078296224 x4 : ffff000078296224 
[  194.199014] x3 : ffff00007b3bc180 x2 : ffff0000796d2a00 
[  194.203371] x1 : ffff00007b22b300 x0 : 0000000000000001 
[  194.206534] Call trace:
[  194.207898]  ip_output+0x44/0x1b0
[  194.210616]  ip_local_out+0x44/0x58
[  194.213296]  ip_send_skb+0x1c/0xa8
[  194.214985]  udp_send_skb.isra.0+0x11c/0x368
[  194.217250]  udp_sendmsg+0x710/0x860
[  194.218313]  inet_sendmsg+0x40/0x68
[  194.220817]  __sys_sendto+0xd4/0x150
[  194.227706]  __arm64_sys_sendto+0x24/0x30
[  194.228689]  el0_svc_common.constprop.0+0x68/0x160
[  194.231139]  el0_svc_handler+0x20/0x80
[  194.232113]  el0_svc+0x8/0xc
[  194.251220] Code: f9402e83 b9401040 927ff863 11000400 (f940c2b3) 
[  194.269663] ---[ end trace d9656f856a63919a ]---
