[  198.951156] kernel BUG at arch/arm64/kernel/traps.c:405!
[  198.961828] Internal error: Oops - BUG: 0 [#1] PREEMPT SMP
[  198.964372] Modules linked in:
[  198.970401] CPU: 3 PID: 508 Comm: python3 Not tainted 5.4.18 #2
[  198.971707] Hardware name: linux,dummy-virt (DT)
[  198.974057] pstate: 00000005 (nzcv daif -PAN -UAO)
[  198.980088] pc : do_undefinstr+0x2ec/0x310
[  198.980960] lr : do_undefinstr+0x1e0/0x310
[  198.981911] sp : ffff800011f2b980
[  198.982646] x29: ffff800011f2b980 x28: ffff00007a42f000 
[  198.983941] x27: ffff800011f2bd80 x26: 0000000000000011 
[  198.985194] x25: 0000000000000012 x24: 0000000000000000 
[  198.986173] x23: 0000000080000005 x22: ffff800010ba9388 
[  198.987178] x21: ffff800011f2bb20 x20: ffff00007a42f000 
[  198.988148] x19: ffff800011f2b9e0 x18: 0000000000000000 
[  198.989150] x17: 0000000000000000 x16: 0000000000000000 
[  198.990131] x15: 0000000000000001 x14: 0000000000000000 
[  198.991116] x13: 0000000000000006 x12: 00000000c0a80164 
[  198.992056] x11: 0000000000000000 x10: 0000000000000068 
[  198.992924] x9 : ffff00007a42f000 x8 : ffff800011f2bc30 
[  198.993897] x7 : 000000007c600000 x6 : ffff800011f2b9d8 
[  198.994774] x5 : 00000000d5300000 x4 : ffff8000117c51f0 
[  198.995703] x3 : 0000000069000000 x2 : 0000000000000000 
[  198.996593] x1 : ffff00007a42f000 x0 : 0000000080000005 
[  198.998396] Call trace:
[  198.999251]  do_undefinstr+0x2ec/0x310
[  199.000030]  el1_undef+0x10/0x84
[  199.000664]  udp_send_skb.isra.0+0x50/0x368
[  199.001434]  udp_sendmsg+0x710/0x860
[  199.002031]  inet_sendmsg+0x40/0x68
[  199.002611]  __sys_sendto+0xd4/0x150
[  199.003169]  __arm64_sys_sendto+0x24/0x30
[  199.003821]  el0_svc_common.constprop.0+0x68/0x160
[  199.004495]  el0_svc_handler+0x20/0x80
[  199.005032]  el0_svc+0x8/0xc
[  199.006561] Code: f9401bf7 17ffff7c a9025bf5 f9001bf7 (d4210000) 
[  199.009248] ---[ end trace d0a555c8299044cc ]---
[  199.010440] note: python3[508] exited with preempt_count 1
[  199.124699] ------------[ cut here ]------------
[  199.125535] WARNING: CPU: 3 PID: 0 at kernel/rcu/tree.c:569 rcu_idle_enter+0x74/0x80
[  199.128430] Modules linked in:
[  199.131555] CPU: 3 PID: 0 Comm: swapper/3 Tainted: G      D           5.4.18 #2
[  199.132769] Hardware name: linux,dummy-virt (DT)
[  199.133723] pstate: 200003c5 (nzCv DAIF -PAN -UAO)
[  199.137319] pc : rcu_idle_enter+0x74/0x80
[  199.138326] lr : do_idle+0x200/0x288
[  199.138656] sp : ffff800011a5bf20
[  199.143627] x29: ffff800011a5bf20 x28: 0000000000000000 
[  199.144529] x27: 0000000000000000 x26: 0000000000000000 
[  199.148080] x25: 0000000000000000 x24: ffff8000117ba214 
[  199.151365] x23: ffff00007b0c3800 x22: ffff800011404ab8 
[  199.153430] x21: ffff8000117ba1f0 x20: 0000000000000003 
[  199.154033] x19: ffff8000117ba118 x18: 0000000000000010 
[  199.157883] x17: 0000000000000000 x16: 0000000000000000 
[  199.159323] x15: 000000000000003d x14: 0000000000000000 
[  199.160113] x13: 0000000000000002 x12: 000000000000003d 
[  199.161516] x11: 0000000000000001 x10: 00000000000009c0 
[  199.165020] x9 : ffff800011a5be90 x8 : ffff00007b0c4220 
[  199.166241] x7 : 0000000000000355 x6 : 0000000586e676ec 
[  199.168022] x5 : 00ffffffffffffff x4 : ffff80006c783000 
[  199.168700] x3 : 4000000000000002 x2 : 4000000000000000 
[  199.169633] x1 : ffff800011406980 x0 : ffff00007db89980 
[  199.172313] Call trace:
[  199.172652]  rcu_idle_enter+0x74/0x80
[  199.172987]  do_idle+0x200/0x288
[  199.173295]  cpu_startup_entry+0x20/0x40
[  199.173820]  secondary_start_kernel+0x154/0x190
[  199.175775] ---[ end trace d0a555c8299044cd ]---
