[  192.778771] Unable to handle kernel NULL pointer dereference at virtual address 0000000000000190
[  192.786806] Mem abort info:
[  192.787320]   ESR = 0x96000006
[  192.787842]   EC = 0x25: DABT (current EL), IL = 32 bits
[  192.793972]   SET = 0, FnV = 0
[  192.796519]   EA = 0, S1PTW = 0
[  192.796946] Data abort info:
[  192.799479]   ISV = 0, ISS = 0x00000006
[  192.800571]   CM = 0, WnR = 0
[  192.805723] user pgtable: 4k pages, 48-bit VAs, pgdp=00000000b967e000
[  192.808095] [0000000000000190] pgd=00000000b854d003, pud=00000000b9587003, pmd=0000000000000000
[  192.814466] Internal error: Oops: 96000006 [#1] PREEMPT SMP
[  192.820110] Modules linked in:
[  192.827594] CPU: 3 PID: 495 Comm: python3 Not tainted 5.4.18 #2
[  192.833072] Hardware name: linux,dummy-virt (DT)
[  192.837324] pstate: 80000005 (Nzcv daif -PAN -UAO)
[  192.842756] pc : udp_send_skb.isra.0+0x144/0x368
[  192.843395] lr : udp_send_skb.isra.0+0x11c/0x368
[  192.843990] sp : ffff800011e3bb20
[  192.847104] x29: ffff800011e3bb20 x28: 000000000000001a 
[  192.850232] x27: ffff800011e3bd80 x26: 0000000000000011 
[  192.850603] x25: 0000000000000012 x24: ffff00007870ba24 
[  192.850998] x23: ffff800011e3bc30 x22: ffff00007b22bfc0 
[  192.851362] x21: 0000000000000011 x20: 000000000000001a 
[  192.851926] x19: ffff000078720f00 x18: 0000000000000000 
[  192.852797] x17: 0000000000000000 x16: 0000000000000000 
[  192.854938] x15: 0000000000000001 x14: 0000000000000000 
[  192.856467] x13: 0000000000000006 x12: 000000000000003c 
[  192.858850] x11: ffff000071a80000 x10: 0000000000000000 
[  192.860272] x9 : ffff000076dd4540 x8 : 0000000000000028 
[  192.861541] x7 : ffff00006f218000 x6 : 0000000022100000 
[  192.863032] x5 : 0000000000000000 x4 : ffff00006f218000 
[  192.865277] x3 : 0000000000000001 x2 : ffff80006c783000 
[  192.866985] x1 : ffff0000796dc600 x0 : 0000000000000000 
[  192.867965] Call trace:
[  192.868363]  udp_send_skb.isra.0+0x144/0x368
[  192.869560]  udp_sendmsg+0x710/0x860
[  192.870192]  inet_sendmsg+0x40/0x68
[  192.870654]  __sys_sendto+0xd4/0x150
[  192.871119]  __arm64_sys_sendto+0x24/0x30
[  192.871696]  el0_svc_common.constprop.0+0x68/0x160
[  192.872369]  el0_svc_handler+0x20/0x80
[  192.874572]  el0_svc+0x8/0xc
[  192.878180] Code: b9001020 b9401ac0 d2800023 d538d082 (f940c800) 
[  192.884019] ---[ end trace 4fdf3f04bf5d24dd ]---
[  192.890488] note: python3[495] exited with preempt_count 1
