[  194.242547] kernel BUG at arch/arm64/kernel/traps.c:405!
[  194.248362] Internal error: Oops - BUG: 0 [#1] PREEMPT SMP
[  194.253404] Modules linked in:
[  194.258593] CPU: 3 PID: 495 Comm: python3 Not tainted 5.4.18 #2
[  194.260871] Hardware name: linux,dummy-virt (DT)
[  194.263614] pstate: 00000005 (nzcv daif -PAN -UAO)
[  194.264507] pc : do_undefinstr+0x2ec/0x310
[  194.264902] lr : do_undefinstr+0x1e0/0x310
[  194.265342] sp : ffff800011fbb980
[  194.265997] x29: ffff800011fbb980 x28: ffff00007b3daa00 
[  194.267406] x27: ffff800011fbbd80 x26: 0000000000000011 
[  194.268183] x25: 0000000000000012 x24: 0000000000000000 
[  194.268970] x23: 0000000080000005 x22: ffff800010ba9478 
[  194.269684] x21: ffff800011fbbb20 x20: ffff00007b3daa00 
[  194.271097] x19: ffff800011fbb9e0 x18: 0000000000000000 
[  194.272351] x17: 0000000000000000 x16: 0000000000000000 
[  194.272993] x15: 0000000000000001 x14: 0000000000000000 
[  194.273595] x13: 0000000000000006 x12: 000000000000003c 
[  194.275281] x11: ffff000071617000 x10: 0000000000000000 
[  194.276406] x9 : ffff00007951b540 x8 : 0000000000000028 
[  194.277209] x7 : ffff00007b2c6000 x6 : 000000000000001f 
[  194.278205] x5 : 0000000000000000 x4 : ffff8000117c51f0 
[  194.279249] x3 : 0000000000000005 x2 : 0000000000000000 
[  194.279844] x1 : ffff00007b3daa00 x0 : 0000000080000005 
[  194.280832] Call trace:
[  194.281482]  do_undefinstr+0x2ec/0x310
[  194.281881]  el1_undef+0x10/0x84
[  194.282169]  udp_send_skb.isra.0+0x140/0x368
[  194.282495]  udp_sendmsg+0x710/0x860
[  194.282781]  inet_sendmsg+0x40/0x68
[  194.283204]  __sys_sendto+0xd4/0x150
[  194.283617]  __arm64_sys_sendto+0x24/0x30
[  194.284133]  el0_svc_common.constprop.0+0x68/0x160
[  194.284604]  el0_svc_handler+0x20/0x80
[  194.284916]  el0_svc+0x8/0xc
[  194.285871] Code: f9401bf7 17ffff7c a9025bf5 f9001bf7 (d4210000) 
[  194.287762] ---[ end trace 74222fbc4fa58e2a ]---
[  194.288660] note: python3[495] exited with preempt_count 2
[  194.396115] ------------[ cut here ]------------
[  194.402330] WARNING: CPU: 3 PID: 0 at kernel/rcu/tree.c:569 rcu_idle_enter+0x74/0x80
[  194.402973] Modules linked in:
[  194.403425] CPU: 3 PID: 0 Comm: swapper/3 Tainted: G      D           5.4.18 #2
[  194.404520] Hardware name: linux,dummy-virt (DT)
[  194.405234] pstate: 200003c5 (nzCv DAIF -PAN -UAO)
[  194.406330] pc : rcu_idle_enter+0x74/0x80
[  194.406673] lr : do_idle+0x200/0x288
[  194.406855] sp : ffff800011a5bf20
[  194.407377] x29: ffff800011a5bf20 x28: 0000000000000000 
[  194.407715] x27: 0000000000000000 x26: 0000000000000000 
[  194.409515] x25: 0000000000000000 x24: ffff8000117ba214 
[  194.410982] x23: ffff00007b0c3800 x22: ffff800011404ab8 
[  194.415265] x21: ffff8000117ba1f0 x20: 0000000000000003 
[  194.417462] x19: ffff8000117ba118 x18: 0000000000000010 
[  194.418114] x17: 0000000000000000 x16: 0000000000000000 
[  194.419020] x15: 0000000000000072 x14: 0000000000000000 
[  194.419508] x13: 0000000000000003 x12: 0000000000000072 
[  194.420917] x11: 0000000000000002 x10: 00000000000009c0 
[  194.421639] x9 : ffff800011a5be90 x8 : ffff00007b0c4220 
[  194.422393] x7 : 00000000000003ff x6 : 0000016691d4a68c 
[  194.422688] x5 : 00ffffffffffffff x4 : ffff80006c783000 
[  194.423523] x3 : 4000000000000002 x2 : 4000000000000000 
[  194.425402] x1 : ffff800011406980 x0 : ffff00007db89980 
[  194.426767] Call trace:
[  194.427768]  rcu_idle_enter+0x74/0x80
[  194.430751]  do_idle+0x200/0x288
[  194.433931]  cpu_startup_entry+0x24/0x40
[  194.435614]  secondary_start_kernel+0x154/0x190
[  194.436707] ---[ end trace 74222fbc4fa58e2b ]---
