[  193.388367] kernel BUG at arch/arm64/kernel/traps.c:405!
[  193.400486] Internal error: Oops - BUG: 0 [#1] PREEMPT SMP
[  193.402839] Modules linked in:
[  193.409266] CPU: 6 PID: 495 Comm: python3 Not tainted 5.4.18 #2
[  193.410593] Hardware name: linux,dummy-virt (DT)
[  193.412362] pstate: 00000005 (nzcv daif -PAN -UAO)
[  193.418481] pc : do_undefinstr+0x2ec/0x310
[  193.419360] lr : do_undefinstr+0x1e0/0x310
[  193.420308] sp : ffff800012143980
[  193.421040] x29: ffff800012143980 x28: ffff000079250000 
[  193.422340] x27: ffff800012143d80 x26: 0000000000000011 
[  193.423412] x25: 0000000000000012 x24: 0000000000000000 
[  193.424966] x23: 0000000080000005 x22: ffff800010ba9478 
[  193.427261] x21: ffff800012143b20 x20: ffff000079250000 
[  193.429201] x19: ffff8000121439e0 x18: 0000000000000000 
[  193.430321] x17: 0000000000000000 x16: 0000000000000000 
[  193.431282] x15: 0000000000000001 x14: 0000000000000000 
[  193.431976] x13: 0000000000000006 x12: 000000000000003c 
[  193.432884] x11: ffff0000737c6000 x10: 0000000000000000 
[  193.433842] x9 : ffff0000734e0940 x8 : 0000000000000028 
[  193.435047] x7 : ffff000075992000 x6 : ffff8000121439d8 
[  193.436055] x5 : 00000000d5300000 x4 : ffff8000117c51f0 
[  193.437036] x3 : 00000000d5200000 x2 : 0000000000000000 
[  193.438181] x1 : ffff000079250000 x0 : 0000000080000005 
[  193.440530] Call trace:
[  193.441766]  do_undefinstr+0x2ec/0x310
[  193.443650]  el1_undef+0x10/0x84
[  193.444222]  udp_send_skb.isra.0+0x140/0x368
[  193.444776]  udp_sendmsg+0x710/0x860
[  193.445306]  inet_sendmsg+0x40/0x68
[  193.446412]  __sys_sendto+0xd4/0x150
[  193.447024]  __arm64_sys_sendto+0x24/0x30
[  193.447838]  el0_svc_common.constprop.0+0x68/0x160
[  193.448612]  el0_svc_handler+0x20/0x80
[  193.449261]  el0_svc+0x8/0xc
[  193.452108] Code: f9401bf7 17ffff7c a9025bf5 f9001bf7 (d4210000) 
[  193.455938] ---[ end trace 6f85f6d910e97b4b ]---
[  193.460172] note: python3[495] exited with preempt_count 2
[  193.574417] ------------[ cut here ]------------
[  193.589882] WARNING: CPU: 6 PID: 0 at kernel/rcu/tree.c:569 rcu_idle_enter+0x74/0x80
[  193.601878] Modules linked in:
[  193.603196] CPU: 6 PID: 0 Comm: swapper/6 Tainted: G      D           5.4.18 #2
[  193.615220] Hardware name: linux,dummy-virt (DT)
[  193.616437] pstate: 200003c5 (nzCv DAIF -PAN -UAO)
[  193.622661] pc : rcu_idle_enter+0x74/0x80
[  193.624836] lr : do_idle+0x200/0x288
[  193.626656] sp : ffff800011a73f20
[  193.630852] x29: ffff800011a73f20 x28: 0000000000000000 
[  193.634442] x27: 0000000000000000 x26: 0000000000000000 
[  193.635437] x25: 0000000000000000 x24: ffff8000117ba214 
[  193.636051] x23: ffff00007b0c6200 x22: ffff800011404ab8 
[  193.637208] x21: ffff8000117ba1f0 x20: 0000000000000006 
[  193.640615] x19: ffff8000117ba118 x18: 0000000000000010 
[  193.643937] x17: 0000000000000000 x16: 0000000000000000 
[  193.646072] x15: ffff000079250470 x14: 0000000000000001 
[  193.646626] x13: 0000000000000001 x12: 0000000000000000 
[  193.647463] x11: 0000000000000400 x10: 00000000000009c0 
[  193.647728] x9 : ffff800011a73e90 x8 : ffff00007b0c6c20 
[  193.647928] x7 : 0000000000000006 x6 : 0000017e0992de56 
[  193.649251] x5 : 00ffffffffffffff x4 : ffff80006c7c5000 
[  193.649783] x3 : 4000000000000002 x2 : 4000000000000000 
[  193.650349] x1 : ffff800011406980 x0 : ffff00007dbcb980 
[  193.650974] Call trace:
[  193.651117]  rcu_idle_enter+0x74/0x80
[  193.652795]  do_idle+0x200/0x288
[  193.656722]  cpu_startup_entry+0x24/0x40
[  193.661399]  secondary_start_kernel+0x154/0x190
[  193.674218] ---[ end trace 6f85f6d910e97b4c ]---
