[  193.833187] Unable to handle kernel paging request at virtual address ffff000102cbdf9e
[  193.835862] Mem abort info:
[  193.836833]   ESR = 0x96000045
[  193.841149]   EC = 0x25: DABT (current EL), IL = 32 bits
[  193.842327]   SET = 0, FnV = 0
[  193.846269]   EA = 0, S1PTW = 0
[  193.846944] Data abort info:
[  193.847604]   ISV = 0, ISS = 0x00000045
[  193.849115]   CM = 0, WnR = 1
[  193.857502] swapper pgtable: 4k pages, 48-bit VAs, pgdp=00000000412a6000
[  193.869954] [ffff000102cbdf9e] pgd=00000000bdff8003, pud=0000000000000000
[  193.887226] Internal error: Oops: 96000045 [#1] PREEMPT SMP
[  193.892659] Modules linked in:
[  193.900436] CPU: 3 PID: 494 Comm: python3 Not tainted 5.4.18 #2
[  193.901230] Hardware name: linux,dummy-virt (DT)
[  193.904193] pstate: 80000005 (Nzcv daif -PAN -UAO)
[  193.906322] pc : udp_send_skb.isra.0+0x40/0x368
[  193.909531] lr : udp_sendmsg+0x710/0x860
[  193.915833] sp : ffff800012113b20
[  193.922200] x29: ffff800012113b20 x28: 000000000000001a 
[  193.924760] x27: ffff800012113d80 x26: 0000000000000011 
[  193.932421] x25: 0000000000000012 x24: ffff000102cbdf9e 
[  193.935514] x23: ffff800012113c30 x22: ffff00007aa9aec0 
[  193.949839] x21: 0000000000000011 x20: 00000000707dcea0 
[  193.952693] x19: ffff000078343200 x18: 0000000000000000 
[  193.954925] x17: 0000000000000000 x16: 0000000000000000 
[  193.956048] x15: 0000000000000001 x14: 0000000000000000 
[  193.956708] x13: 0000000000000006 x12: 0000000000000024 
[  193.958433] x11: 0000000000000000 x10: 0000000000000068 
[  193.961425] x9 : ffff00007a8e5400 x8 : ffff800012113c30 
[  193.963887] x7 : 0000000039600000 x6 : 000000000000dca8 
[  193.965207] x5 : ffff00007349ae00 x4 : 000000008f82319e 
[  193.967955] x3 : ffff800012113c8e x2 : ffff800012113c78 
[  193.968411] x1 : 000000008f82318e x0 : ffff000078343200 
[  193.969438] Call trace:
[  193.971666]  udp_send_skb.isra.0+0x40/0x368
[  193.973181]  udp_sendmsg+0x710/0x860
[  193.974833]  inet_sendmsg+0x40/0x68
[  193.977896]  __sys_sendto+0xd4/0x150
[  193.978843]  __arm64_sys_sendto+0x24/0x30
[  193.979620]  el0_svc_common.constprop.0+0x68/0x160
[  193.979980]  el0_svc_handler+0x20/0x80
[  193.980281]  el0_svc+0x8/0xc
[  193.982190] Code: 7945c2c6 cb010301 394806d5 4b010294 (782468a6) 
[  193.987275] ---[ end trace 7fb7c15fffb851aa ]---
