[  192.758735] Unable to handle kernel NULL pointer dereference at virtual address 0000000000000008
[  192.779411] Mem abort info:
[  192.790417]   ESR = 0x96000006
[  192.792989]   EC = 0x25: DABT (current EL), IL = 32 bits
[  192.794537]   SET = 0, FnV = 0
[  192.797676]   EA = 0, S1PTW = 0
[  192.802300] Data abort info:
[  192.803343]   ISV = 0, ISS = 0x00000006
[  192.806240]   CM = 0, WnR = 0
[  192.809930] user pgtable: 4k pages, 48-bit VAs, pgdp=00000000b1319000
[  192.811463] [0000000000000008] pgd=00000000b3506003, pud=00000000b102d003, pmd=0000000000000000
[  192.818168] Internal error: Oops: 96000006 [#1] PREEMPT SMP
[  192.821965] Modules linked in:
[  192.832890] CPU: 1 PID: 492 Comm: python3 Not tainted 5.4.18 #2
[  192.833917] Hardware name: linux,dummy-virt (DT)
[  192.837975] pstate: 00000005 (nzcv daif -PAN -UAO)
[  192.846313] pc : udp_sendmsg+0x2ac/0x860
[  192.846969] lr : udp_sendmsg+0x294/0x860
[  192.847556] sp : ffff8000120bbb20
[  192.848969] x29: ffff8000120bbb20 x28: 000000000000001a 
[  192.850516] x27: ffff8000120bbd80 x26: 0000000000000011 
[  192.851702] x25: 0000000000004e84 x24: ffff000078377224 
[  192.856247] x23: ffff8000120bbc30 x22: 0000000000000000 
[  192.857878] x21: 0000000000000011 x20: 0000000000004e84 
[  192.859033] x19: ffff000078263300 x18: 0000000000000000 
[  192.860637] x17: 0000000000000000 x16: 0000000000000000 
[  192.862644] x15: 0000000000000001 x14: 0000000000000000 
[  192.863118] x13: 0000000000000006 x12: 00000000c0a80164 
[  192.863574] x11: 0000000000000000 x10: 0000000000000068 
[  192.865236] x9 : ffff00007b2c7000 x8 : ffff8000120bbc30 
[  192.867985] x7 : 00000000e0b00000 x6 : 000000000000509f 
[  192.869707] x5 : 0000000000000024 x4 : 0000000000000000 
[  192.870564] x3 : 0000000000000000 x2 : 0000000000002b00 
[  192.873650] x1 : 000000007c80d203 x0 : 0000000000000000 
[  192.876999] Call trace:
[  192.877977]  udp_sendmsg+0x2ac/0x860
[  192.878414]  udp_sendmsg+0x710/0x860
[  192.878751]  inet_sendmsg+0x40/0x68
[  192.879098]  __sys_sendto+0xd4/0x150
[  192.879914]  __arm64_sys_sendto+0x24/0x30
[  192.885310]  el0_svc_common.constprop.0+0x68/0x160
[  192.888165]  el0_svc_handler+0x20/0x80
[  192.890968]  el0_svc+0x8/0xc
[  192.893694] Code: 3101a69f 540000c0 f9413660 2a1403f9 (f9400400) 
[  192.898171] ---[ end trace beb016b9b67e4dd5 ]---
