[  193.202018] Unable to handle kernel NULL pointer dereference at virtual address 00000000000002e0
[  193.207416] Mem abort info:
[  193.209197]   ESR = 0x96000006
[  193.210074]   EC = 0x25: DABT (current EL), IL = 32 bits
[  193.214581]   SET = 0, FnV = 0
[  193.216091]   EA = 0, S1PTW = 0
[  193.218802] Data abort info:
[  193.224606]   ISV = 0, ISS = 0x00000006
[  193.226896]   CM = 0, WnR = 0
[  193.230152] user pgtable: 4k pages, 48-bit VAs, pgdp=00000000b8241000
[  193.239071] [00000000000002e0] pgd=00000000b2a45003, pud=00000000b1e26003, pmd=0000000000000000
[  193.262707] Internal error: Oops: 96000006 [#1] PREEMPT SMP
[  193.269884] Modules linked in:
[  193.277988] CPU: 3 PID: 495 Comm: python3 Not tainted 5.4.18 #2
[  193.280252] Hardware name: linux,dummy-virt (DT)
[  193.285065] pstate: 80000005 (Nzcv daif -PAN -UAO)
[  193.286333] pc : udp_send_skb.isra.0+0x30/0x368
[  193.287673] lr : udp_sendmsg+0x710/0x860
[  193.290129] sp : ffff800012103b20
[  193.292869] x29: ffff800012103b20 x28: 000000000000001a 
[  193.295449] x27: ffff800012103d80 x26: 0000000000000011 
[  193.299192] x25: 0000000000000012 x24: ffff000078395e24 
[  193.303156] x23: ffff800012103c30 x22: 0000000000000000 
[  193.305111] x21: ffff00007a46b800 x20: 000000000000002e 
[  193.307213] x19: ffff000076e29800 x18: 0000000000000000 
[  193.311188] x17: 0000000000000000 x16: 0000000000000000 
[  193.317590] x15: 0000000000000001 x14: 0000000000000000 
[  193.324092] x13: 0000000000000006 x12: 00000000c0a80164 
[  193.328886] x11: 0000000000000000 x10: 0000000000000068 
[  193.330927] x9 : ffff00007a46b800 x8 : ffff800012103c30 
[  193.338046] x7 : 00000000fe300000 x6 : 0000000000000000 
[  193.340315] x5 : ffff000078395e00 x4 : 0000000000000024 
[  193.344068] x3 : ffff800012103c8e x2 : ffff800012103c78 
[  193.345118] x1 : ffff000078395e10 x0 : ffff000076e29800 
[  193.347910] Call trace:
[  193.348658]  udp_send_skb.isra.0+0x30/0x368
[  193.354141]  udp_sendmsg+0x710/0x860
[  193.354742]  inet_sendmsg+0x40/0x68
[  193.355291]  __sys_sendto+0xd4/0x150
[  193.356504]  __arm64_sys_sendto+0x24/0x30
[  193.358721]  el0_svc_common.constprop.0+0x68/0x160
[  193.367540]  el0_svc_handler+0x20/0x80
[  193.368119]  el0_svc+0x8/0xc
[  193.376248] Code: 79400c16 79415404 b9407014 8b0400b8 (7945c2c6) 
[  193.396269] ---[ end trace 4e07c9dd8b4df95e ]---
