[  217.585293] Unable to handle kernel paging request at virtual address ffff00013fcedf94
[  217.590235] Mem abort info:
[  217.591620]   ESR = 0x96000045
[  217.595227]   EC = 0x25: DABT (current EL), IL = 32 bits
[  217.597269]   SET = 0, FnV = 0
[  217.598240]   EA = 0, S1PTW = 0
[  217.602646] Data abort info:
[  217.608268]   ISV = 0, ISS = 0x00000045
[  217.612517]   CM = 0, WnR = 1
[  217.621724] swapper pgtable: 4k pages, 48-bit VAs, pgdp=00000000412a6000
[  217.625489] [ffff00013fcedf94] pgd=00000000bdff8003, pud=0000000000000000
[  217.626366] Internal error: Oops: 96000045 [#1] PREEMPT SMP
[  217.627770] Modules linked in:
[  217.632816] CPU: 3 PID: 496 Comm: python3 Not tainted 5.4.18 #2
[  217.635994] Hardware name: linux,dummy-virt (DT)
[  217.642622] pstate: 80000005 (Nzcv daif -PAN -UAO)
[  217.644845] pc : udp_send_skb.isra.0+0x40/0x368
[  217.649944] lr : udp_sendmsg+0x710/0x860
[  217.657353] sp : ffff800011fa3b20
[  217.661061] x29: ffff800011fa3b20 x28: 000000000000001a 
[  217.666990] x27: ffff800011fa3d80 x26: 0000000000000011 
[  217.670594] x25: 0000000000000012 x24: ffff00013fcedf94 
[  217.671450] x23: ffff800011fa3c30 x22: ffff00007a971dc0 
[  217.671955] x21: 0000000000000011 x20: 00000000385b28aa 
[  217.672716] x19: ffff000076a9b200 x18: 0000000000000000 
[  217.673107] x17: 0000000000000000 x16: 0000000000000000 
[  217.673460] x15: 0000000000000001 x14: 0000000000000000 
[  217.674276] x13: 0000000000000006 x12: 00000000c0a80164 
[  217.676281] x11: 0000000000000000 x10: 0000000000000068 
[  217.677779] x9 : ffff00007816e200 x8 : ffff800011fa3c30 
[  217.678857] x7 : 00000000b6b00000 x6 : 00000000000087e0 
[  217.680680] x5 : ffff0000782a0800 x4 : 00000000c7a4d794 
[  217.681306] x3 : ffff800011fa3c8e x2 : ffff800011fa3c78 
[  217.682330] x1 : 00000000c7a4d784 x0 : ffff000076a9b200 
[  217.685571] Call trace:
[  217.689338]  udp_send_skb.isra.0+0x40/0x368
[  217.694053]  udp_sendmsg+0x710/0x860
[  217.697595]  inet_sendmsg+0x40/0x68
[  217.701181]  __sys_sendto+0xd4/0x150
[  217.703546]  __arm64_sys_sendto+0x24/0x30
[  217.704282]  el0_svc_common.constprop.0+0x68/0x160
[  217.704711]  el0_svc_handler+0x20/0x80
[  217.704877]  el0_svc+0x8/0xc
[  217.705765] Code: 7945c2c6 cb010301 394806d5 4b010294 (782468a6) 
[  217.712115] ---[ end trace c9c0289472ea7bce ]---
