[  193.433749] kernel BUG at arch/arm64/kernel/traps.c:405!
[  193.437174] Internal error: Oops - BUG: 0 [#1] PREEMPT SMP
[  193.439559] Modules linked in:
[  193.443080] CPU: 1 PID: 494 Comm: python3 Not tainted 5.4.18 #2
[  193.444543] Hardware name: linux,dummy-virt (DT)
[  193.448993] pstate: 00000005 (nzcv daif -PAN -UAO)
[  193.451085] pc : do_undefinstr+0x2ec/0x310
[  193.452706] lr : do_undefinstr+0x1e0/0x310
[  193.453587] sp : ffff800011f2b980
[  193.455102] x29: ffff800011f2b980 x28: ffff00007a438e00 
[  193.456760] x27: ffff800011f2bd80 x26: 0000000000000011 
[  193.458061] x25: 0000000000000012 x24: 0000000000000000 
[  193.459352] x23: 0000000080000005 x22: ffff800010ba9478 
[  193.460493] x21: ffff800011f2bb20 x20: ffff00007a438e00 
[  193.461976] x19: ffff800011f2b9e0 x18: 0000000000000000 
[  193.463042] x17: 0000000000000000 x16: 0000000000000000 
[  193.464522] x15: 0000000000000001 x14: 0000000000000000 
[  193.465681] x13: 0000000000000006 x12: 000000000000003c 
[  193.466711] x11: ffff0000705d4000 x10: 0000000000000000 
[  193.467672] x9 : ffff0000759a5940 x8 : 0000000000000028 
[  193.468990] x7 : ffff000070494000 x6 : 000000000000001f 
[  193.470036] x5 : 0000000000000000 x4 : ffff8000117c51f0 
[  193.471317] x3 : 0000000000000005 x2 : 0000000000000000 
[  193.472628] x1 : ffff00007a438e00 x0 : 0000000080000005 
[  193.475292] Call trace:
[  193.476636]  do_undefinstr+0x2ec/0x310
[  193.477473]  el1_undef+0x10/0x84
[  193.478742]  udp_send_skb.isra.0+0x140/0x368
[  193.479748]  udp_sendmsg+0x710/0x860
[  193.480970]  inet_sendmsg+0x40/0x68
[  193.482158]  __sys_sendto+0xd4/0x150
[  193.482620]  __arm64_sys_sendto+0x24/0x30
[  193.483497]  el0_svc_common.constprop.0+0x68/0x160
[  193.484677]  el0_svc_handler+0x20/0x80
[  193.486358]  el0_svc+0x8/0xc
[  193.488711] Code: f9401bf7 17ffff7c a9025bf5 f9001bf7 (d4210000) 
[  193.495094] ---[ end trace 910d1a3e902687db ]---
[  193.498393] note: python3[494] exited with preempt_count 2
[  193.622381] ------------[ cut here ]------------
[  193.623414] WARNING: CPU: 1 PID: 0 at kernel/rcu/tree.c:569 rcu_idle_enter+0x74/0x80
[  193.628273] Modules linked in:
[  193.633759] CPU: 1 PID: 0 Comm: swapper/1 Tainted: G      D           5.4.18 #2
[  193.635187] Hardware name: linux,dummy-virt (DT)
[  193.635728] pstate: 200003c5 (nzCv DAIF -PAN -UAO)
[  193.636063] pc : rcu_idle_enter+0x74/0x80
[  193.636425] lr : do_idle+0x200/0x288
[  193.636796] sp : ffff800011a4bf20
[  193.639433] x29: ffff800011a4bf20 x28: 0000000000000000 
[  193.641245] x27: 0000000000000000 x26: 0000000000000000 
[  193.642207] x25: 0000000000000000 x24: ffff8000117ba214 
[  193.642997] x23: ffff00007b0c1c00 x22: ffff800011404ab8 
[  193.643468] x21: ffff8000117ba1f0 x20: 0000000000000001 
[  193.643903] x19: ffff8000117ba118 x18: 0000000000000010 
[  193.644573] x17: 0000000000000000 x16: 0000000000000000 
[  193.645323] x15: 0000000000000019 x14: 0000000000000000 
[  193.646916] x13: 0000000000000003 x12: 0000000000000019 
[  193.647601] x11: 0000000000000001 x10: 00000000000009c0 
[  193.648007] x9 : ffff800011a4be90 x8 : ffff00007b0c2620 
[  193.648404] x7 : ffff80006c757000 x6 : 000001698233f9f1 
[  193.649067] x5 : 00ffffffffffffff x4 : 00086cf4bca4dd50 
[  193.650649] x3 : 4000000000000002 x2 : 4000000000000000 
[  193.651324] x1 : ffff800011406980 x0 : ffff00007db5d980 
[  193.652347] Call trace:
[  193.652753]  rcu_idle_enter+0x74/0x80
[  193.654607]  do_idle+0x200/0x288
[  193.655655]  cpu_startup_entry+0x20/0x40
[  193.656067]  secondary_start_kernel+0x154/0x190
[  193.656464] ---[ end trace 910d1a3e902687dc ]---
