[  194.053315] Unable to handle kernel NULL pointer dereference at virtual address 0000000000000000
[  194.057837] Mem abort info:
[  194.061434]   ESR = 0x96000006
[  194.062958]   EC = 0x25: DABT (current EL), IL = 32 bits
[  194.065401]   SET = 0, FnV = 0
[  194.069441]   EA = 0, S1PTW = 0
[  194.070386] Data abort info:
[  194.072771]   ISV = 0, ISS = 0x00000006
[  194.080272]   CM = 0, WnR = 0
[  194.080941] user pgtable: 4k pages, 48-bit VAs, pgdp=00000000b835a000
[  194.081446] [0000000000000000] pgd=00000000b8361003, pud=00000000b2b9f003, pmd=0000000000000000
[  194.083438] Internal error: Oops: 96000006 [#1] PREEMPT SMP
[  194.085309] Modules linked in:
[  194.089186] CPU: 3 PID: 493 Comm: python3 Not tainted 5.4.18 #2
[  194.092824] Hardware name: linux,dummy-virt (DT)
[  194.096308] pstate: 60000005 (nZCv daif -PAN -UAO)
[  194.097156] pc : __ip_local_out+0xc0/0x158
[  194.098820] lr : ip_local_out+0x20/0x58
[  194.099120] sp : ffff800011fcba40
[  194.099316] x29: ffff800011fcba40 x28: 000000000000001a 
[  194.100196] x27: ffff800011fcbd80 x26: 0000000000000011 
[  194.101065] x25: 0000000000000012 x24: ffff000076d8f824 
[  194.103346] x23: ffff800011fcbc30 x22: ffff800011963ac0 
[  194.106840] x21: ffff0000794f2100 x20: ffff00007a8b9dc0 
[  194.110150] x19: ffff00007abe8e00 x18: 0000000000000000 
[  194.112147] x17: 0000000000000000 x16: 0000000000000000 
[  194.112785] x15: 0000000000000001 x14: 0000000000000000 
[  194.113100] x13: 0000000000000006 x12: 000000000000003c 
[  194.117223] x11: ffff000070d8c000 x10: 0000000000000000 
[  194.120023] x9 : ffff000075d06540 x8 : 0000000000000028 
[  194.120889] x7 : ffff000070f1a000 x6 : 0000000022100000 
[  194.121448] x5 : ffff000076d8f824 x4 : ffff000076d8f824 
[  194.122811] x3 : 00000000ffff1731 x2 : 00000000da8b0e43 
[  194.124244] x1 : 0000000000000008 x0 : 0000000000000000 
[  194.126343] Call trace:
[  194.128255]  __ip_local_out+0xc0/0x158
[  194.128790]  ip_local_out+0x20/0x58
[  194.130800]  ip_send_skb+0x1c/0xa8
[  194.132888]  udp_send_skb.isra.0+0x110/0x368
[  194.133617]  udp_sendmsg+0x710/0x860
[  194.134036]  inet_sendmsg+0x40/0x68
[  194.136794]  __sys_sendto+0xd4/0x150
[  194.138409]  __arm64_sys_sendto+0x24/0x30
[  194.140853]  el0_svc_common.constprop.0+0x68/0x160
[  194.141132]  el0_svc_handler+0x20/0x80
[  194.141348]  el0_svc+0x8/0xc
[  194.143825] Code: f9402ea0 52800101 790152a1 927ff800 (f9400018) 
[  194.145755] ---[ end trace 30fcbfce009e48a5 ]---
