[  191.713205] Unable to handle kernel NULL pointer dereference at virtual address 0000000000000481
[  191.721013] Mem abort info:
[  191.721910]   ESR = 0x96000006
[  191.730725]   EC = 0x25: DABT (current EL), IL = 32 bits
[  191.736686]   SET = 0, FnV = 0
[  191.737998]   EA = 0, S1PTW = 0
[  191.744212] Data abort info:
[  191.757352]   ISV = 0, ISS = 0x00000006
[  191.759623]   CM = 0, WnR = 0
[  191.760544] user pgtable: 4k pages, 48-bit VAs, pgdp=00000000b2a8f000
[  191.763939] [0000000000000481] pgd=00000000b6e1d003, pud=00000000b18e9003, pmd=0000000000000000
[  191.780687] Internal error: Oops: 96000006 [#1] PREEMPT SMP
[  191.783238] Modules linked in:
[  191.789754] CPU: 3 PID: 493 Comm: python3 Not tainted 5.4.18 #2
[  191.790249] Hardware name: linux,dummy-virt (DT)
[  191.792035] pstate: 80000005 (Nzcv daif -PAN -UAO)
[  191.799093] pc : udp_sendmsg+0x318/0x860
[  191.799903] lr : udp_sendmsg+0x294/0x860
[  191.800436] sp : ffff800011f6bb60
[  191.801592] x29: ffff800011f6bb70 x28: 000000000000001a 
[  191.806121] x27: ffff800011f6bd80 x26: 0000000000000011 
[  191.807069] x25: 0000000000000012 x24: ffff000078219888 
[  191.808427] x23: 000000006401a8c0 x22: 0000000000000000 
[  191.813883] x21: 0000000000000481 x20: 0000000000000000 
[  191.815023] x19: ffff000078219540 x18: 0000000000000000 
[  191.815771] x17: 0000000000000000 x16: 0000000000000000 
[  191.821017] x15: 0000000000000001 x14: 0000000000000000 
[  191.822179] x13: 0000000000000006 x12: 000000000000003c 
[  191.826620] x11: ffff000071b22000 x10: 0000000000000000 
[  191.832788] x9 : ffff000079b93140 x8 : 0000000000000028 
[  191.836234] x7 : ffff0000735d4000 x6 : 0000000022100000 
[  191.845004] x5 : 00000000000000b1 x4 : 0000000000000000 
[  191.851314] x3 : 0000000000000000 x2 : ffff80006c783000 
[  191.858643] x1 : ffff000079bbc600 x0 : 6c536ea79ff88600 
[  191.865904] Call trace:
[  191.869004]  udp_sendmsg+0x318/0x860
[  191.875213]  inet_sendmsg+0x40/0x68
[  191.876673]  __sys_sendto+0xd4/0x150
[  191.877481]  __arm64_sys_sendto+0x24/0x30
[  191.882826]  el0_svc_common.constprop.0+0x68/0x160
[  191.886128]  el0_svc_handler+0x20/0x80
[  191.887443]  el0_svc+0x8/0xc
[  191.904938] Code: 2a1403f9 9402163f 9111c2b5 f940c7e0 (f94002a1) 
[  191.934667] ---[ end trace 2b8c1eabffc0d200 ]---
