[  193.571658] Unable to handle kernel paging request at virtual address ffff800011daf7d8
[  193.578965] Mem abort info:
[  193.579835]   ESR = 0x96000007
[  193.580867]   EC = 0x25: DABT (current EL), IL = 32 bits
[  193.584725]   SET = 0, FnV = 0
[  193.587890]   EA = 0, S1PTW = 0
[  193.589961] Data abort info:
[  193.593092]   ISV = 0, ISS = 0x00000007
[  193.596085]   CM = 0, WnR = 0
[  193.599757] swapper pgtable: 4k pages, 48-bit VAs, pgdp=00000000412a6000
[  193.608898] [ffff800011daf7d8] pgd=00000000bdfff003, pud=00000000bdffe003, pmd=00000000ba838003, pte=0000000000000000
[  193.618356] Internal error: Oops: 96000007 [#1] PREEMPT SMP
[  193.619365] Modules linked in:
[  193.622156] CPU: 5 PID: 494 Comm: python3 Not tainted 5.4.18 #2
[  193.623113] Hardware name: linux,dummy-virt (DT)
[  193.624458] pstate: 80000005 (Nzcv daif -PAN -UAO)
[  193.630172] pc : udp_send_skb.isra.0+0x0/0x368
[  193.632199] lr : udp_sendmsg+0x710/0x860
[  193.633466] sp : ffff800011dabb60
[  193.636863] x29: ffff800011dabb70 x28: 000000000000001a 
[  193.640302] x27: ffff800011dabd80 x26: 0000000000000011 
[  193.642644] x25: 0000000000000012 x24: ffff00007b22e0c8 
[  193.644009] x23: 000000006401a8c0 x22: ffff800011dabc68 
[  193.645178] x21: ffff000071aa8e00 x20: 0000000077037400 
[  193.645559] x19: ffff00007b22dd80 x18: 0000000000000000 
[  193.646211] x17: 0000000000000000 x16: 0000000000000000 
[  193.646501] x15: 0000000000000001 x14: 0000000000000000 
[  193.646976] x13: 0000000000000006 x12: 00000000c0a80164 
[  193.647220] x11: 0000000000000000 x10: 0000000000000068 
[  193.647544] x9 : ffff000071aa8e00 x8 : ffff800011dabc30 
[  193.647773] x7 : 0000000034300000 x6 : 0000000000000000 
[  193.648635] x5 : 00000000000000f8 x4 : 000000003b9aab4c 
[  193.651991] x3 : ffff800011dabc8e x2 : ffff800011dabc78 
[  193.656245] x1 : ffff800011dabc30 x0 : ffff000077037400 
[  193.659901] Call trace:
[  193.660286]  udp_send_skb.isra.0+0x0/0x368
[  193.660512]  inet_sendmsg+0x40/0x68
[  193.660647]  __sys_sendto+0xd4/0x150
[  193.660777]  __arm64_sys_sendto+0x24/0x30
[  193.660928]  el0_svc_common.constprop.0+0x68/0x160
[  193.661153]  el0_svc_handler+0x20/0x80
[  193.661488]  el0_svc+0x8/0xc
[  193.665092] Code: 17ffffc1 128001a0 17ffffd6 d503201f (b9bc7bfd) 
[  193.673202] ---[ end trace c2ac97d4adefdf0c ]---
