[  199.950559] Unable to handle kernel paging request at virtual address ffff00017b38cd38
[  199.967857] Mem abort info:
[  199.969669]   ESR = 0x96000005
[  199.973424]   EC = 0x25: DABT (current EL), IL = 32 bits
[  199.977534]   SET = 0, FnV = 0
[  199.977943]   EA = 0, S1PTW = 0
[  199.978446] Data abort info:
[  199.979889]   ISV = 0, ISS = 0x00000005
[  199.981405]   CM = 0, WnR = 0
[  199.982176] swapper pgtable: 4k pages, 48-bit VAs, pgdp=00000000412a6000
[  199.982890] [ffff00017b38cd38] pgd=00000000bdff8003, pud=0000000000000000
[  199.989188] Internal error: Oops: 96000005 [#1] PREEMPT SMP
[  199.993230] Modules linked in:
[  199.995266] CPU: 4 PID: 493 Comm: python3 Not tainted 5.4.18 #2
[  199.995773] Hardware name: linux,dummy-virt (DT)
[  199.997980] pstate: 00000005 (nzcv daif -PAN -UAO)
[  200.000534] pc : udp_send_skb.isra.0+0x1dc/0x368
[  200.000968] lr : udp_send_skb.isra.0+0x1cc/0x368
[  200.002749] sp : ffff800011e2bb20
[  200.002984] x29: ffff800011e2bb20 x28: 000000000000001a 
[  200.003512] x27: ffff800011e2bd80 x26: 0000000000000011 
[  200.003947] x25: 0000000000000012 x24: ffff000078308024 
[  200.004339] x23: ffff800011e2bc30 x22: ffff00007b39cc80 
[  200.006178] x21: 0000000000000011 x20: 000000000000001a 
[  200.007262] x19: ffff00007b39cc80 x18: 0000000000000000 
[  200.007747] x17: 0000000000000000 x16: 0000000000000000 
[  200.009175] x15: 0000000000000001 x14: 0000000000000000 
[  200.009839] x13: 0000000000000006 x12: 00000000c0a80164 
[  200.011025] x11: 0000000000000000 x10: 0000000000000068 
[  200.014001] x9 : ffff000076dbd400 x8 : 0000000000000000 
[  200.020849] x7 : 0000000000000000 x6 : ffff00007b39cd38 
[  200.024192] x5 : 0000000000000004 x4 : 000000000000486a 
[  200.027162] x3 : 0000000000000008 x2 : 00000000ffff0000 
[  200.033939] x1 : ffff00017b38cd30 x0 : 000000000000486a 
[  200.038552] Call trace:
[  200.040521]  udp_send_skb.isra.0+0x1dc/0x368
[  200.043711]  0xffff00007a4f9b00
[  200.049926] Code: f9405e61 2a0003e4 b940b662 8b020021 (f9400421) 
[  200.055491] ---[ end trace f23903be30e44f59 ]---
