[  193.304488] Unable to handle kernel paging request at virtual address ffff80006c7af028
[  193.331031] Mem abort info:
[  193.331431]   ESR = 0x96000005
[  193.331840]   EC = 0x25: DABT (current EL), IL = 32 bits
[  193.332839]   SET = 0, FnV = 0
[  193.343648]   EA = 0, S1PTW = 0
[  193.344551] Data abort info:
[  193.348181]   ISV = 0, ISS = 0x00000005
[  193.351159]   CM = 0, WnR = 0
[  193.360537] swapper pgtable: 4k pages, 48-bit VAs, pgdp=00000000412a6000
[  193.363941] [ffff80006c7af028] pgd=00000000bdfff003, pud=0000000000000000
[  193.372263] Internal error: Oops: 96000005 [#1] PREEMPT SMP
[  193.375297] Modules linked in:
[  193.377476] CPU: 5 PID: 493 Comm: python3 Not tainted 5.4.18 #2
[  193.378196] Hardware name: linux,dummy-virt (DT)
[  193.379782] pstate: 60000005 (nZCv daif -PAN -UAO)
[  193.383117] pc : ip_output+0x60/0x1b0
[  193.383483] lr : ip_local_out+0x44/0x58
[  193.384482] sp : ffff80001213ba30
[  193.385140] x29: ffff80001213ba30 x28: 000000000000001a 
[  193.385421] x27: ffff80001213bd80 x26: 0000000000000011 
[  193.385604] x25: 0000000000000012 x24: ffff00007a812000 
[  193.385780] x23: ffff80001213bc68 x22: ffff000079663800 
[  193.385958] x21: ffff000000000000 x20: ffff00007aa70800 
[  193.386135] x19: 0000000000000000 x18: 0000000000000000 
[  193.386486] x17: 0000000000000000 x16: 0000000000000000 
[  193.386783] x15: 0000000000000001 x14: 0000000000000000 
[  193.387071] x13: 0000000000000006 x12: 00000000c0a80164 
[  193.387374] x11: 0000000000000000 x10: 0000000000000068 
[  193.387729] x9 : ffff000079663800 x8 : ffff80001213bc30 
[  193.388262] x7 : 0000000015b00000 x6 : 0000000000009828 
[  193.389871] x5 : ffff0000781f6224 x4 : 0000000000000001 
[  193.390434] x3 : 0000000000000028 x2 : ffff000079663800 
[  193.391043] x1 : ffff80001213bc68 x0 : ffff80006c7af028 
[  193.392322] Call trace:
[  193.394316]  ip_output+0x60/0x1b0
[  193.394924]  ip_local_out+0x44/0x58
[  193.395375]  ip_send_skb+0x1c/0xa8
[  193.395807]  udp_send_skb.isra.0+0x11c/0x368
[  193.396277]  udp_sendmsg+0x710/0x860
[  193.396747]  inet_sendmsg+0x40/0x68
[  193.399714]  __sys_sendto+0xd4/0x150
[  193.400088]  __arm64_sys_sendto+0x24/0x30
[  193.401358]  el0_svc_common.constprop.0+0x68/0x160
[  193.401522]  el0_svc_handler+0x20/0x80
[  193.401656]  el0_svc+0x8/0xc
[  193.402578] Code: d2800024 9100a263 d538d080 8b000060 (c85f7c05) 
[  193.403579] ---[ end trace 753466b60c2e46b4 ]---
[  193.404896] note: python3[493] exited with preempt_count 1
