[  192.698323] Unable to handle kernel NULL pointer dereference at virtual address 0000000000000011
[  192.715712] Mem abort info:
[  192.720748]   ESR = 0x96000006
[  192.727825]   EC = 0x25: DABT (current EL), IL = 32 bits
[  192.728849]   SET = 0, FnV = 0
[  192.733715]   EA = 0, S1PTW = 0
[  192.736917] Data abort info:
[  192.743379]   ISV = 0, ISS = 0x00000006
[  192.745699]   CM = 0, WnR = 0
[  192.754195] user pgtable: 4k pages, 48-bit VAs, pgdp=00000000b3dbe000
[  192.767637] [0000000000000011] pgd=00000000b1a13003, pud=00000000b1819003, pmd=0000000000000000
[  192.773972] Internal error: Oops: 96000006 [#1] PREEMPT SMP
[  192.774652] Modules linked in:
[  192.780511] CPU: 7 PID: 495 Comm: python3 Not tainted 5.4.18 #2
[  192.782854] Hardware name: linux,dummy-virt (DT)
[  192.789134] pstate: 20000005 (nzCv daif -PAN -UAO)
[  192.804093] pc : ip_mc_source+0x2c/0x420
[  192.810107] lr : do_ip_setsockopt.isra.0+0x5e4/0x15d8
[  192.814565] sp : ffff800011f23aa0
[  192.819526] x29: ffff800011f23aa0 x28: 000000000000001a 
[  192.831183] x27: ffff800011f23d80 x26: 0000000000000011 
[  192.835501] x25: 0000000000000011 x24: ffff0000729f6a24 
[  192.837352] x23: ffff0000729f6a24 x22: ffff000078093300 
[  192.843319] x21: ffff000076da8000 x20: 000000000000001a 
[  192.848485] x19: 0000000000000001 x18: 0000000000000000 
[  192.856902] x17: 0000000000000000 x16: 0000000000000000 
[  192.862070] x15: 0000000000000001 x14: 0000000000000000 
[  192.872220] x13: 0000000000000006 x12: 00000000c0a80164 
[  192.876891] x11: 0000000000000000 x10: 0000000000000068 
[  192.880774] x9 : ffff000076da8000 x8 : ffff800011f23c30 
[  192.885313] x7 : 0000000079d00000 x6 : 000000000000d18c 
[  192.890073] x5 : 0000000000000024 x4 : 0000000000000000 
[  192.897352] x3 : 0000000000000011 x2 : 0000000000000000 
[  192.901185] x1 : 0000000000000001 x0 : 0000000000000000 
[  192.905099] Call trace:
[  192.907744]  ip_mc_source+0x2c/0x420
[  192.910648]  do_ip_setsockopt.isra.0+0x5e4/0x15d8
[  192.913671]  udp_sendmsg+0x710/0x860
[  192.914295]  inet_sendmsg+0x40/0x68
[  192.914917]  __sys_sendto+0xd4/0x150
[  192.915335]  __arm64_sys_sendto+0x24/0x30
[  192.915807]  el0_svc_common.constprop.0+0x68/0x160
[  192.917632]  el0_svc_handler+0x20/0x80
[  192.918073]  el0_svc+0x8/0xc
[  192.922817] Code: aa0303f9 f9423aa2 f9003fe2 d2800002 (b9400062) 
[  192.932756] ---[ end trace 9a186cf94facbdcb ]---
