[  192.687045] Unable to handle kernel paging request at virtual address fffe80008d117690
[  192.694375] Mem abort info:
[  192.697321]   ESR = 0x96000004
[  192.698519]   EC = 0x25: DABT (current EL), IL = 32 bits
[  192.703654]   SET = 0, FnV = 0
[  192.706398]   EA = 0, S1PTW = 0
[  192.709618] Data abort info:
[  192.710766]   ISV = 0, ISS = 0x00000004
[  192.714686]   CM = 0, WnR = 0
[  192.727028] [fffe80008d117690] address between user and kernel address ranges
[  192.757640] Internal error: Oops: 96000004 [#1] PREEMPT SMP
[  192.760044] Modules linked in:
[  192.765736] CPU: 1 PID: 494 Comm: python3 Not tainted 5.4.18 #2
[  192.769306] Hardware name: linux,dummy-virt (DT)
[  192.771993] pstate: 80000005 (Nzcv daif -PAN -UAO)
[  192.780710] pc : udp_recvmsg+0x5cc/0x658
[  192.783466] lr : udp_sendmsg+0x710/0x860
[  192.790758] sp : ffff800011f1bb20
[  192.792486] x29: ffff800011f1bb20 x28: 000000000000001a 
[  192.794007] x27: ffff800011f1bd80 x26: 0000000000000011 
[  192.796486] x25: 0000000000000012 x24: ffff0000782e3624 
[  192.804408] x23: ffff800011f1bc30 x22: ffff00007a858880 
[  192.816024] x21: 0000000000000011 x20: 000000000000001a 
[  192.818803] x19: ffff00007b1fba00 x18: 0000000000000000 
[  192.827740] x17: 0000000000000000 x16: 0000000000000000 
[  192.832444] x15: 0000000000000001 x14: 0000000000000000 
[  192.837796] x13: 0000000000000006 x12: 00000000c0a80164 
[  192.839648] x11: 0000000000000000 x10: 0000000000000068 
[  192.845720] x9 : ffff000075e55400 x8 : ffff800011f1bc30 
[  192.850673] x7 : 000000000ae00000 x6 : 000000000000c0a8 
[  192.857361] x5 : 0000000000000000 x4 : 0000000000000000 
[  192.864489] x3 : ffff800011f1bc8e x2 : ffff800011f1bc78 
[  192.869179] x1 : 0000000000001a00 x0 : fffe80008d117690 
[  192.877568] Call trace:
[  192.878743]  udp_recvmsg+0x5cc/0x658
[  192.879176]  udp_sendmsg+0x710/0x860
[  192.880570]  inet_sendmsg+0x40/0x68
[  192.885327]  __sys_sendto+0xd4/0x150
[  192.888143]  __arm64_sys_sendto+0x24/0x30
[  192.891456]  el0_svc_common.constprop.0+0x68/0x160
[  192.894445]  el0_svc_handler+0x20/0x80
[  192.897150]  el0_svc+0x8/0xc
[  192.909925] Code: d538d082 f940c800 91006000 8b020000 (c85f7c06) 
[  192.924505] ---[ end trace 4f094817c2fee100 ]---
