[  194.709727] kernel BUG at arch/arm64/kernel/traps.c:405!
[  194.712608] Internal error: Oops - BUG: 0 [#1] PREEMPT SMP
[  194.713525] Modules linked in:
[  194.715676] CPU: 6 PID: 500 Comm: python3 Not tainted 5.4.18 #2
[  194.716210] Hardware name: linux,dummy-virt (DT)
[  194.717466] pstate: 00000005 (nzcv daif -PAN -UAO)
[  194.719537] pc : do_undefinstr+0x2ec/0x310
[  194.719797] lr : do_undefinstr+0x1e0/0x310
[  194.720052] sp : ffff8000120c3980
[  194.720268] x29: ffff8000120c3980 x28: ffff00007a9df000 
[  194.720658] x27: ffff8000120c3d80 x26: 0000000000000011 
[  194.721027] x25: 0000000000000012 x24: 0000000000000000 
[  194.721405] x23: 0000000060000005 x22: ffff800010ba9458 
[  194.721781] x21: ffff8000120c3b20 x20: ffff00007a9df000 
[  194.722159] x19: ffff8000120c39e0 x18: 0000000000000000 
[  194.722626] x17: 0000000000000000 x16: 0000000000000000 
[  194.723009] x15: 0000000000000001 x14: 0000000000000000 
[  194.723604] x13: 0000000000000006 x12: 000000000000003c 
[  194.724110] x11: ffff000078381000 x10: 0000000000000000 
[  194.724808] x9 : ffff00007a89c540 x8 : 0000000000000028 
[  194.725651] x7 : ffff000079056000 x6 : ffff8000120c39d8 
[  194.726054] x5 : 00000000d5300000 x4 : ffff8000117c51f0 
[  194.726818] x3 : 0000000073000000 x2 : 0000000000000000 
[  194.727697] x1 : ffff00007a9df000 x0 : 0000000060000005 
[  194.729878] Call trace:
[  194.730795]  do_undefinstr+0x2ec/0x310
[  194.732101]  el1_undef+0x10/0x84
[  194.732420]  udp_send_skb.isra.0+0x120/0x368
[  194.732700]  udp_sendmsg+0x710/0x860
[  194.732968]  inet_sendmsg+0x40/0x68
[  194.733231]  __sys_sendto+0xd4/0x150
[  194.733493]  __arm64_sys_sendto+0x24/0x30
[  194.734064]  el0_svc_common.constprop.0+0x68/0x160
[  194.735112]  el0_svc_handler+0x20/0x80
[  194.735832]  el0_svc+0x8/0xc
[  194.737800] Code: f9401bf7 17ffff7c a9025bf5 f9001bf7 (d4210000) 
[  194.743603] ---[ end trace b15d79da80d1a410 ]---
[  194.746637] note: python3[500] exited with preempt_count 1
[  194.817319] ------------[ cut here ]------------
[  194.822008] WARNING: CPU: 6 PID: 0 at kernel/rcu/tree.c:569 rcu_idle_enter+0x74/0x80
[  194.827796] Modules linked in:
[  194.831098] CPU: 6 PID: 0 Comm: swapper/6 Tainted: G      D           5.4.18 #2
[  194.835387] Hardware name: linux,dummy-virt (DT)
[  194.843168] pstate: 200003c5 (nzCv DAIF -PAN -UAO)
[  194.843998] pc : rcu_idle_enter+0x74/0x80
[  194.844171] lr : do_idle+0x200/0x288
[  194.844326] sp : ffff800011a73f20
[  194.844460] x29: ffff800011a73f20 x28: 0000000000000000 
[  194.844699] x27: 0000000000000000 x26: 0000000000000000 
[  194.844932] x25: 0000000000000000 x24: ffff8000117ba214 
[  194.845128] x23: ffff00007b0c6200 x22: ffff800011404ab8 
[  194.845319] x21: ffff8000117ba1f0 x20: 0000000000000006 
[  194.845520] x19: ffff8000117ba118 x18: 0000000000000010 
[  194.845743] x17: 0000000000000000 x16: 0000000000000000 
[  194.845960] x15: 0000000000000077 x14: 0000000000000000 
[  194.846582] x13: 0000000000000002 x12: 0000000000000077 
[  194.847835] x11: 0000000000000001 x10: 00000000000009c0 
[  194.848662] x9 : ffff800011a73e90 x8 : ffff00007b0c6c20 
[  194.849487] x7 : 0000000000000400 x6 : 000000126201ed89 
[  194.850092] x5 : 00ffffffffffffff x4 : ffff80006c7c5000 
[  194.851706] x3 : 4000000000000002 x2 : 4000000000000000 
[  194.852442] x1 : ffff800011406980 x0 : ffff00007dbcb980 
[  194.853128] Call trace:
[  194.853552]  rcu_idle_enter+0x74/0x80
[  194.854004]  do_idle+0x200/0x288
[  194.855697]  cpu_startup_entry+0x24/0x40
[  194.856185]  secondary_start_kernel+0x154/0x190
[  194.856874] ---[ end trace b15d79da80d1a411 ]---
