[  196.791427] Unable to handle kernel paging request at virtual address 00000000fda86c50
[  196.799172] Mem abort info:
[  196.799951]   ESR = 0x96000005
[  196.800866]   EC = 0x25: DABT (current EL), IL = 32 bits
[  196.803142]   SET = 0, FnV = 0
[  196.807029]   EA = 0, S1PTW = 0
[  196.808111] Data abort info:
[  196.810626]   ISV = 0, ISS = 0x00000005
[  196.811304]   CM = 0, WnR = 0
[  196.811932] user pgtable: 4k pages, 48-bit VAs, pgdp=00000000b9637000
[  196.812530] [00000000fda86c50] pgd=00000000b2414003, pud=0000000000000000
[  196.817655] Internal error: Oops: 96000005 [#1] PREEMPT SMP
[  196.822424] Modules linked in:
[  196.829246] CPU: 7 PID: 497 Comm: python3 Not tainted 5.4.18 #2
[  196.830046] Hardware name: linux,dummy-virt (DT)
[  196.831889] pstate: 80000005 (Nzcv daif -PAN -UAO)
[  196.836259] pc : udp_send_skb.isra.0+0x24/0x368
[  196.836726] lr : udp_sendmsg+0x710/0x860
[  196.837137] sp : ffff80001217bb20
[  196.838109] x29: ffff80001217bb20 x28: 000000000000001a 
[  196.841225] x27: ffff80001217bd80 x26: 0000000000000011 
[  196.843783] x25: 0000000000000012 x24: ffff000076e3a108 
[  196.845003] x23: ffff80001217bc30 x22: ffff000076e39dc0 
[  196.850844] x21: ffff0000796d6200 x20: 0000000079470500 
[  196.853474] x19: ffff000079470500 x18: 0000000000000000 
[  196.855864] x17: 0000000000000000 x16: 0000000000000000 
[  196.857691] x15: 0000000000000001 x14: 0000000000000000 
[  196.859973] x13: 0000000000000006 x12: 00000000c0a80164 
[  196.862438] x11: 0000000000000000 x10: 0000000000000068 
[  196.863781] x9 : ffff0000796d6200 x8 : ffff80001217bc30 
[  196.866163] x7 : 0000000026500000 x6 : 0000000000000000 
[  196.868537] x5 : ffff000078305800 x4 : 00000000fda86ba6 
[  196.869247] x3 : ffff80001217bc8e x2 : ffff80001217bc78 
[  196.871037] x1 : ffff000078305810 x0 : ffff000079470500 
[  196.872254] Call trace:
[  196.873114]  udp_send_skb.isra.0+0x24/0x368
[  196.874159]  udp_sendmsg+0x710/0x860
[  196.875324]  inet_sendmsg+0x40/0x68
[  196.876257]  __sys_sendto+0xd4/0x150
[  196.877404]  __arm64_sys_sendto+0x24/0x30
[  196.879061]  el0_svc_common.constprop.0+0x68/0x160
[  196.879447]  el0_svc_handler+0x20/0x80
[  196.879751]  el0_svc+0x8/0xc
[  196.883293] Code: a90363f7 aa0103f7 a94b8405 f9400c16 (79415484) 
[  196.888871] ---[ end trace 79aefaa8eb70955b ]---
