[  193.330007] Unable to handle kernel NULL pointer dereference at virtual address 00000000000000b8
[  193.334591] Mem abort info:
[  193.334915]   ESR = 0x96000006
[  193.335363]   EC = 0x25: DABT (current EL), IL = 32 bits
[  193.335795]   SET = 0, FnV = 0
[  193.336099]   EA = 0, S1PTW = 0
[  193.336385] Data abort info:
[  193.336649]   ISV = 0, ISS = 0x00000006
[  193.337105]   CM = 0, WnR = 0
[  193.338709] user pgtable: 4k pages, 48-bit VAs, pgdp=00000000b1261000
[  193.339203] [00000000000000b8] pgd=00000000b357c003, pud=00000000b5b36003, pmd=0000000000000000
[  193.340610] Internal error: Oops: 96000006 [#1] PREEMPT SMP
[  193.342844] Modules linked in:
[  193.344053] CPU: 1 PID: 494 Comm: python3 Tainted: G        W         5.4.18 #2
[  193.344850] Hardware name: linux,dummy-virt (DT)
[  193.345574] pstate: 60000005 (nZCv daif -PAN -UAO)
[  193.345944] pc : dev_ethtool+0x114/0x1d98
[  193.348509] lr : dev_ethtool+0x1360/0x1d98
[  193.349740] sp : ffff800011ffbb20
[  193.350321] x29: ffff800011ffbb20 x28: 000000000000001a 
[  193.350833] x27: ffff800011ffbd80 x26: ffff800000000000 
[  193.351672] x25: ffff800011ffbc68 x24: ffff000073614e24 
[  193.352382] x23: ffff800011ffbc30 x22: ffff00007a8c1dc0 
[  193.355502] x21: 0000000000000011 x20: 00000000fffffff2 
[  193.356031] x19: ffff0000782bcd00 x18: 0000000000000030 
[  193.358128] x17: 0000000000000000 x16: 0000000000000000 
[  193.359130] x15: ffff8000117d2000 x14: ffff800011992f70 
[  193.361202] x13: 0000000000000000 x12: ffff800011992000 
[  193.361432] x11: ffff8000117d2000 x10: ffff8000119925c0 
[  193.362312] x9 : 0000000000000000 x8 : 0000000000000000 
[  193.363479] x7 : 0000000000000004 x6 : 000000000000016f 
[  193.363983] x5 : ffff00007db53180 x4 : 0000000000000001 
[  193.364586] x3 : ffff00007db53180 x2 : 0000000000000007 
[  193.366272] x1 : 0000000000000000 x0 : 0000000000000000 
[  193.366847] Call trace:
[  193.369125]  dev_ethtool+0x114/0x1d98
[  193.369739]  udp_sendmsg+0x710/0x860
[  193.370145]  inet_sendmsg+0x40/0x68
[  193.370623]  __sys_sendto+0xd4/0x150
[  193.371001]  __arm64_sys_sendto+0x24/0x30
[  193.371956]  el0_svc_common.constprop.0+0x68/0x160
[  193.372286]  el0_svc_handler+0x20/0x80
[  193.374128]  el0_svc+0x8/0xc
[  193.375710] Code: 7101401f 54000329 12800bd4 f940fa60 (f9405c01) 
[  193.377570] ---[ end trace c28e6d0400d161d1 ]---
