[  192.900324] kernel BUG at arch/arm64/kernel/traps.c:405!
[  192.903191] Internal error: Oops - BUG: 0 [#1] PREEMPT SMP
[  192.906573] Modules linked in:
[  192.913088] CPU: 1 PID: 494 Comm: python3 Not tainted 5.4.18 #2
[  192.914480] Hardware name: linux,dummy-virt (DT)
[  192.917004] pstate: 00000005 (nzcv daif -PAN -UAO)
[  192.926005] pc : do_undefinstr+0x2ec/0x310
[  192.927016] lr : do_undefinstr+0x1e0/0x310
[  192.928529] sp : ffff800011f93980
[  192.929329] x29: ffff800011f93980 x28: ffff00007aaa3800 
[  192.930865] x27: ffff800011f93d80 x26: 0000000000000011 
[  192.932002] x25: 0000000000000012 x24: 0000000000000000 
[  192.933401] x23: 0000000080000005 x22: ffff800010ba9480 
[  192.935577] x21: ffff800011f93b20 x20: ffff00007aaa3800 
[  192.936622] x19: ffff800011f939e0 x18: 0000000000000000 
[  192.937515] x17: 0000000000000000 x16: 0000000000000000 
[  192.938548] x15: 0000000000000001 x14: 0000000000000000 
[  192.939600] x13: 0000000000000006 x12: 000000000000003c 
[  192.940725] x11: ffff00007977d000 x10: 0000000000000000 
[  192.941745] x9 : ffff000078110d40 x8 : 0000000000000028 
[  192.943669] x7 : ffff0000716fc000 x6 : ffff800011f939d8 
[  192.944878] x5 : 00000000d5300000 x4 : ffff8000117c51f0 
[  192.945897] x3 : 0000000099000000 x2 : 0000000000000000 
[  192.946836] x1 : ffff00007aaa3800 x0 : 0000000080000005 
[  192.948813] Call trace:
[  192.950484]  do_undefinstr+0x2ec/0x310
[  192.951480]  el1_undef+0x10/0x84
[  192.952218]  udp_send_skb.isra.0+0x148/0x368
[  192.954011]  udp_sendmsg+0x710/0x860
[  192.954781]  inet_sendmsg+0x40/0x68
[  192.956288]  __sys_sendto+0xd4/0x150
[  192.957043]  __arm64_sys_sendto+0x24/0x30
[  192.958130]  el0_svc_common.constprop.0+0x68/0x160
[  192.959007]  el0_svc_handler+0x20/0x80
[  192.959787]  el0_svc+0x8/0xc
[  192.962227] Code: f9401bf7 17ffff7c a9025bf5 f9001bf7 (d4210000) 
[  192.968631] ---[ end trace f69b6f740d45ca57 ]---
[  192.970738] note: python3[494] exited with preempt_count 2
[  193.127852] ------------[ cut here ]------------
[  193.128730] WARNING: CPU: 1 PID: 0 at kernel/rcu/tree.c:569 rcu_idle_enter+0x74/0x80
[  193.132675] Modules linked in:
[  193.136784] CPU: 1 PID: 0 Comm: swapper/1 Tainted: G      D           5.4.18 #2
[  193.147576] Hardware name: linux,dummy-virt (DT)
[  193.155670] pstate: 200003c5 (nzCv DAIF -PAN -UAO)
[  193.159157] pc : rcu_idle_enter+0x74/0x80
[  193.159590] lr : do_idle+0x200/0x288
[  193.160124] sp : ffff800011a4bf20
[  193.160437] x29: ffff800011a4bf20 x28: 0000000000000000 
[  193.161269] x27: 0000000000000000 x26: 0000000000000000 
[  193.163494] x25: 0000000000000000 x24: ffff8000117ba214 
[  193.165091] x23: ffff00007b0c1c00 x22: ffff800011404ab8 
[  193.174102] x21: ffff8000117ba1f0 x20: 0000000000000001 
[  193.176886] x19: ffff8000117ba118 x18: 0000000000000010 
[  193.180939] x17: 0000000000000000 x16: 0000000000000000 
[  193.185525] x15: 0000000000000000 x14: 0000000000000000 
[  193.188448] x13: 0000000000000002 x12: 0000000000000000 
[  193.191165] x11: 0000000000000000 x10: 00000000000009c0 
[  193.192338] x9 : ffff800011a4be90 x8 : ffff00007b0c2620 
[  193.192917] x7 : 000000000000039b x6 : 000001dfecc66fd6 
[  193.193605] x5 : 00ffffffffffffff x4 : ffff80006c757000 
[  193.196336] x3 : 4000000000000002 x2 : 4000000000000000 
[  193.197754] x1 : ffff800011406980 x0 : ffff00007db5d980 
[  193.200530] Call trace:
[  193.200684]  rcu_idle_enter+0x74/0x80
[  193.201921]  do_idle+0x200/0x288
[  193.203226]  cpu_startup_entry+0x20/0x40
[  193.203946]  secondary_start_kernel+0x154/0x190
[  193.204215] ---[ end trace f69b6f740d45ca58 ]---
