[  193.985421] Unable to handle kernel NULL pointer dereference at virtual address 0000000000000010
[  193.992444] Mem abort info:
[  193.994285]   ESR = 0x96000046
[  193.998150]   EC = 0x25: DABT (current EL), IL = 32 bits
[  193.999761]   SET = 0, FnV = 0
[  194.000740]   EA = 0, S1PTW = 0
[  194.004237] Data abort info:
[  194.006952]   ISV = 0, ISS = 0x00000046
[  194.007274]   CM = 0, WnR = 1
[  194.007829] user pgtable: 4k pages, 48-bit VAs, pgdp=00000000b14dd000
[  194.011946] [0000000000000010] pgd=00000000b256e003, pud=00000000b14df003, pmd=0000000000000000
[  194.018667] Internal error: Oops: 96000046 [#1] PREEMPT SMP
[  194.019732] Modules linked in:
[  194.020936] CPU: 4 PID: 495 Comm: python3 Not tainted 5.4.18 #2
[  194.021439] Hardware name: linux,dummy-virt (DT)
[  194.023288] pstate: 80000005 (Nzcv daif -PAN -UAO)
[  194.030989] pc : udp_send_skb.isra.0+0x134/0x368
[  194.031626] lr : udp_send_skb.isra.0+0x11c/0x368
[  194.032661] sp : ffff800011f7bb20
[  194.033022] x29: ffff800011f7bb20 x28: 000000000000001a 
[  194.037384] x27: ffff800011f7bd80 x26: 0000000000000011 
[  194.038636] x25: 0000000000000012 x24: ffff000078045024 
[  194.039876] x23: ffff800011f7bc30 x22: ffff00007aa39980 
[  194.040737] x21: 0000000000000011 x20: 000000000000001a 
[  194.041737] x19: ffff000079b13900 x18: 0000000000000000 
[  194.042387] x17: 0000000000000000 x16: 0000000000000000 
[  194.043090] x15: 0000000000000001 x14: 0000000000000000 
[  194.043937] x13: 0000000000000006 x12: 000000000000003c 
[  194.044463] x11: ffff0000708a0000 x10: 0000000000000000 
[  194.044974] x9 : ffff000079b93d40 x8 : 0000000000000028 
[  194.048614] x7 : ffff000070bbc000 x6 : 0000000022100000 
[  194.049318] x5 : 0000000000000000 x4 : ffff000070bbc000 
[  194.052052] x3 : 00000000000003e8 x2 : 0000000000000000 
[  194.053914] x1 : ffff000078151c00 x0 : 0000000000000001 
[  194.054736] Call trace:
[  194.055028]  udp_send_skb.isra.0+0x134/0x368
[  194.055554]  udp_sendmsg+0x710/0x860
[  194.055912]  inet_sendmsg+0x40/0x68
[  194.056293]  __sys_sendto+0xd4/0x150
[  194.056741]  __arm64_sys_sendto+0x24/0x30
[  194.057060]  el0_svc_common.constprop.0+0x68/0x160
[  194.058420]  el0_svc_handler+0x20/0x80
[  194.058857]  el0_svc+0x8/0xc
[  194.061961] Code: 54000e60 d5384101 b9401020 11000400 (b9001220) 
[  194.065072] ---[ end trace a38b395caf0c9c58 ]---
