[  193.495526] kernel BUG at arch/arm64/kernel/traps.c:405!
[  193.498561] Internal error: Oops - BUG: 0 [#1] PREEMPT SMP
[  193.501319] Modules linked in:
[  193.504424] CPU: 5 PID: 495 Comm: python3 Not tainted 5.4.18 #2
[  193.505126] Hardware name: linux,dummy-virt (DT)
[  193.506444] pstate: 00000005 (nzcv daif -PAN -UAO)
[  193.507251] pc : do_undefinstr+0x2ec/0x310
[  193.508210] lr : do_undefinstr+0x1e0/0x310
[  193.509016] sp : ffff800011d4b9c0
[  193.509734] x29: ffff800011d4b9c0 x28: ffff00007a436200 
[  193.510996] x27: ffff800011d4bd80 x26: 0000000000000011 
[  193.514215] x25: 0000000000000012 x24: 0000000000000000 
[  193.515272] x23: 0000000080000005 x22: ffff800010ba9338 
[  193.516286] x21: ffff800011d4bb60 x20: ffff00007a436200 
[  193.517254] x19: ffff800011d4ba20 x18: 0000000000000000 
[  193.518350] x17: 0000000000000000 x16: 0000000000000000 
[  193.519276] x15: 0000000000000001 x14: 0000000000000000 
[  193.520250] x13: 0000000000000006 x12: 00000000c0a80164 
[  193.521159] x11: 0000000000000000 x10: 0000000000000068 
[  193.522104] x9 : ffff00007a436200 x8 : ffff800011d4bc30 
[  193.523428] x7 : 00000000bfc00000 x6 : ffff800011d4ba18 
[  193.524504] x5 : 00000000d5300000 x4 : ffff8000117c51f0 
[  193.525397] x3 : 00000000a1b00000 x2 : 0000000000000000 
[  193.526948] x1 : ffff00007a436200 x0 : 0000000080000005 
[  193.529580] Call trace:
[  193.530541]  do_undefinstr+0x2ec/0x310
[  193.531319]  el1_undef+0x10/0x84
[  193.531950]  udp_send_skb.isra.0+0x0/0x368
[  193.532721]  inet_sendmsg+0x40/0x68
[  193.533353]  __sys_sendto+0xd4/0x150
[  193.533980]  __arm64_sys_sendto+0x24/0x30
[  193.534807]  el0_svc_common.constprop.0+0x68/0x160
[  193.535564]  el0_svc_handler+0x20/0x80
[  193.536586]  el0_svc+0x8/0xc
[  193.538496] Code: f9401bf7 17ffff7c a9025bf5 f9001bf7 (d4210000) 
[  193.542312] ---[ end trace ea8cdc9906233ad4 ]---
[  193.544597] note: python3[495] exited with preempt_count 1
[  193.642812] ------------[ cut here ]------------
[  193.643505] WARNING: CPU: 5 PID: 0 at kernel/rcu/tree.c:569 rcu_idle_enter+0x74/0x80
[  193.655519] Modules linked in:
[  193.657062] CPU: 5 PID: 0 Comm: swapper/5 Tainted: G      D           5.4.18 #2
[  193.659755] Hardware name: linux,dummy-virt (DT)
[  193.663458] pstate: 200003c5 (nzCv DAIF -PAN -UAO)
[  193.667312] pc : rcu_idle_enter+0x74/0x80
[  193.668205] lr : do_idle+0x200/0x288
[  193.670348] sp : ffff800011a6bf20
[  193.673568] x29: ffff800011a6bf20 x28: 0000000000000000 
[  193.677537] x27: 0000000000000000 x26: 0000000000000000 
[  193.679274] x25: 0000000000000000 x24: ffff8000117ba214 
[  193.680016] x23: ffff00007b0c5400 x22: ffff800011404ab8 
[  193.682404] x21: ffff8000117ba1f0 x20: 0000000000000005 
[  193.690712] x19: ffff8000117ba118 x18: 0000000000000010 
[  193.693802] x17: 0000000000000000 x16: 0000000000000000 
[  193.694782] x15: 0000000000000151 x14: 0000000000000000 
[  193.699773] x13: 0000000000000003 x12: 0000000000000151 
[  193.701281] x11: 0000000000000001 x10: 00000000000009c0 
[  193.707581] x9 : ffff800011a6be90 x8 : ffff00007b0c5e20 
[  193.711463] x7 : 0000000000000400 x6 : 00000042e70d389e 
[  193.716290] x5 : 00ffffffffffffff x4 : ffff80006c7af000 
[  193.718616] x3 : 4000000000000002 x2 : 4000000000000000 
[  193.719532] x1 : ffff800011406980 x0 : ffff00007dbb5980 
[  193.719989] Call trace:
[  193.720221]  rcu_idle_enter+0x74/0x80
[  193.720550]  do_idle+0x200/0x288
[  193.720909]  cpu_startup_entry+0x24/0x40
[  193.722349]  secondary_start_kernel+0x154/0x190
[  193.725786] ---[ end trace ea8cdc9906233ad5 ]---
