[  194.228405] Unable to handle kernel paging request at virtual address ffff80006c7af022
[  194.232161] Mem abort info:
[  194.235244]   ESR = 0x96000021
[  194.239848]   EC = 0x25: DABT (current EL), IL = 32 bits
[  194.250314]   SET = 0, FnV = 0
[  194.256349]   EA = 0, S1PTW = 0
[  194.260489] Data abort info:
[  194.261978]   ISV = 0, ISS = 0x00000021
[  194.276232]   CM = 0, WnR = 0
[  194.284537] swapper pgtable: 4k pages, 48-bit VAs, pgdp=00000000412a6000
[  194.290139] [ffff80006c7af022] pgd=00000000bdfff003, pud=0000000000000000
[  194.302083] Internal error: Oops: 96000021 [#1] PREEMPT SMP
[  194.303615] Modules linked in:
[  194.306781] CPU: 5 PID: 495 Comm: python3 Not tainted 5.4.18 #2
[  194.308358] Hardware name: linux,dummy-virt (DT)
[  194.315290] pstate: 80000005 (Nzcv daif -PAN -UAO)
[  194.324791] pc : udp_send_skb.isra.0+0x150/0x368
[  194.331373] lr : udp_send_skb.isra.0+0x11c/0x368
[  194.336581] sp : ffff800011dabb20
[  194.343846] x29: ffff800011dabb20 x28: 000000000000001a 
[  194.350716] x27: ffff800011dabd80 x26: 0000000000000011 
[  194.356413] x25: 0000000000000012 x24: ffff000074341c24 
[  194.358607] x23: ffff800011dabc30 x22: ffff00007b22c400 
[  194.359132] x21: 0000000000000011 x20: 000000000000001a 
[  194.362373] x19: ffff000077141700 x18: 0000000000000000 
[  194.363980] x17: 0000000000000000 x16: 0000000000000000 
[  194.365972] x15: 0000000000000001 x14: 0000000000000000 
[  194.369306] x13: 0000000000000006 x12: 000000000000003c 
[  194.371639] x11: ffff000070d99000 x10: 0000000000000000 
[  194.380121] x9 : ffff000071c7a940 x8 : 0000000000000028 
[  194.381677] x7 : ffff000074336000 x6 : 0000000022100000 
[  194.384524] x5 : 0000000000000000 x4 : ffff000074336000 
[  194.387574] x3 : 0000000000000001 x2 : ffff80006c7af000 
[  194.387977] x1 : ffff00007a92c600 x0 : ffff80006c7af022 
[  194.391215] Call trace:
[  194.391621]  udp_send_skb.isra.0+0x150/0x368
[  194.391929]  udp_sendmsg+0x710/0x860
[  194.392494]  inet_sendmsg+0x40/0x68
[  194.394392]  __sys_sendto+0xd4/0x150
[  194.395282]  __arm64_sys_sendto+0x24/0x30
[  194.395609]  el0_svc_common.constprop.0+0x68/0x160
[  194.395988]  el0_svc_handler+0x20/0x80
[  194.397190]  el0_svc+0x8/0xc
[  194.399726] Code: d538d082 b940c800 91008000 8b020000 (c85f7c05) 
[  194.402203] ---[ end trace 0e07c2ec3f20cc01 ]---
[  194.405863] note: python3[495] exited with preempt_count 1
