[  221.029466] kernel BUG at arch/arm64/kernel/traps.c:405!
[  221.031982] Internal error: Oops - BUG: 0 [#1] PREEMPT SMP
[  221.034142] Modules linked in:
[  221.036954] CPU: 4 PID: 494 Comm: python3 Not tainted 5.4.18 #2
[  221.037867] Hardware name: linux,dummy-virt (DT)
[  221.040352] pstate: 00000005 (nzcv daif -PAN -UAO)
[  221.042834] pc : do_undefinstr+0x2ec/0x310
[  221.043860] lr : do_undefinstr+0x1e0/0x310
[  221.045511] sp : ffff80001208b980
[  221.046451] x29: ffff80001208b980 x28: ffff00007958f000 
[  221.048484] x27: ffff80001208bd80 x26: 0000000000000011 
[  221.049541] x25: 0000000000000012 x24: 0000000000000000 
[  221.050609] x23: 0000000080000005 x22: ffff800010ba937c 
[  221.052511] x21: ffff80001208bb20 x20: ffff00007958f000 
[  221.053590] x19: ffff80001208b9e0 x18: 0000000000000000 
[  221.054726] x17: 0000000000000000 x16: 0000000000000000 
[  221.055809] x15: 0000000000000001 x14: 0000000000000000 
[  221.057103] x13: 0000000000000006 x12: 00000000c0a80164 
[  221.058108] x11: 0000000000000000 x10: 0000000000000068 
[  221.059148] x9 : ffff00007958f000 x8 : ffff80001208bc30 
[  221.060163] x7 : 0000000070e00000 x6 : ffff80001208b9d8 
[  221.061964] x5 : 00000000d5300000 x4 : ffff8000117c51f0 
[  221.063273] x3 : 0000000053100000 x2 : 0000000000000000 
[  221.064290] x1 : ffff00007958f000 x0 : 0000000080000005 
[  221.066658] Call trace:
[  221.068174]  do_undefinstr+0x2ec/0x310
[  221.069173]  el1_undef+0x10/0x84
[  221.069900]  udp_send_skb.isra.0+0x44/0x368
[  221.070805]  udp_sendmsg+0x710/0x860
[  221.071499]  inet_sendmsg+0x40/0x68
[  221.072098]  __sys_sendto+0xd4/0x150
[  221.072646]  __arm64_sys_sendto+0x24/0x30
[  221.073259]  el0_svc_common.constprop.0+0x68/0x160
[  221.073993]  el0_svc_handler+0x20/0x80
[  221.074697]  el0_svc+0x8/0xc
[  221.078855] Code: f9401bf7 17ffff7c a9025bf5 f9001bf7 (d4210000) 
[  221.083969] ---[ end trace 642f56cafb1b65fa ]---
[  221.085691] note: python3[494] exited with preempt_count 1
[  221.182838] ------------[ cut here ]------------
[  221.184656] WARNING: CPU: 4 PID: 0 at kernel/rcu/tree.c:569 rcu_idle_enter+0x74/0x80
[  221.188418] Modules linked in:
[  221.189935] CPU: 4 PID: 0 Comm: swapper/4 Tainted: G      D           5.4.18 #2
[  221.192520] Hardware name: linux,dummy-virt (DT)
[  221.195451] pstate: 200003c5 (nzCv DAIF -PAN -UAO)
[  221.196740] pc : rcu_idle_enter+0x74/0x80
[  221.198707] lr : do_idle+0x200/0x288
[  221.200081] sp : ffff800011a63f20
[  221.201317] x29: ffff800011a63f20 x28: 0000000000000000 
[  221.203182] x27: 0000000000000000 x26: 0000000000000000 
[  221.206652] x25: 0000000000000000 x24: ffff8000117ba214 
[  221.208147] x23: ffff00007b0c4600 x22: ffff800011404ab8 
[  221.212421] x21: ffff8000117ba1f0 x20: 0000000000000004 
[  221.215671] x19: ffff8000117ba118 x18: 0000000000000010 
[  221.216691] x17: 0000000000000000 x16: 0000000000000000 
[  221.219421] x15: 0000000000000000 x14: 0000000000000000 
[  221.220153] x13: 0000000000000003 x12: 0000000000000000 
[  221.223961] x11: 0000000000000000 x10: 00000000000009c0 
[  221.226972] x9 : ffff800011a63e90 x8 : ffff00007b0c5020 
[  221.231096] x7 : 0000000000000400 x6 : 0000008156fd3904 
[  221.232885] x5 : 00ffffffffffffff x4 : ffff80006c799000 
[  221.235431] x3 : 4000000000000002 x2 : 4000000000000000 
[  221.236011] x1 : ffff800011406980 x0 : ffff00007db9f980 
[  221.237669] Call trace:
[  221.238439]  rcu_idle_enter+0x74/0x80
[  221.238688]  do_idle+0x200/0x288
[  221.239348]  cpu_startup_entry+0x24/0x40
[  221.240158]  secondary_start_kernel+0x154/0x190
[  221.240898] ---[ end trace 642f56cafb1b65fb ]---
