[  205.921541] Unable to handle kernel NULL pointer dereference at virtual address 0000000000000041
[  205.923954] Mem abort info:
[  205.924601]   ESR = 0x96000006
[  205.925445]   EC = 0x25: DABT (current EL), IL = 32 bits
[  205.926104]   SET = 0, FnV = 0
[  205.926649]   EA = 0, S1PTW = 0
[  205.928651] Data abort info:
[  205.929607]   ISV = 0, ISS = 0x00000006
[  205.930331]   CM = 0, WnR = 0
[  205.937047] user pgtable: 4k pages, 48-bit VAs, pgdp=00000000b0d41000
[  205.938858] [0000000000000041] pgd=00000000b9512003, pud=00000000b9511003, pmd=0000000000000000
[  205.960906] Internal error: Oops: 96000006 [#1] PREEMPT SMP
[  205.968374] Modules linked in:
[  205.976657] CPU: 6 PID: 493 Comm: python3 Not tainted 5.4.18 #2
[  205.983566] Hardware name: linux,dummy-virt (DT)
[  205.991378] pstate: 80000005 (Nzcv daif -PAN -UAO)
[  205.994805] pc : udp_send_skb.isra.0+0x48/0x368
[  205.995856] lr : udp_sendmsg+0x710/0x860
[  205.996788] sp : ffff800011d5bb20
[  205.998839] x29: ffff800011d5bb20 x28: 000000000000001a 
[  206.000803] x27: ffff800011d5bd80 x26: 0000000000000011 
[  206.001355] x25: 0000000000000012 x24: ffff000075d22c24 
[  206.001951] x23: ffff800011d5bc30 x22: ffff00007a9b8000 
[  206.002492] x21: 0000000000000011 x20: 000000000000001a 
[  206.003247] x19: ffff0000794ce900 x18: 0000000000000000 
[  206.003886] x17: 0000000000000000 x16: 0000000000000000 
[  206.005330] x15: 0000000000000001 x14: 0000000000000000 
[  206.007865] x13: 0000000000000006 x12: 00000000c0a80164 
[  206.010812] x11: 0000000000000000 x10: 0000000000000068 
[  206.012118] x9 : ffff000075c97000 x8 : ffff800011d5bc30 
[  206.013260] x7 : 0000000037b00000 x6 : 000000000000a2d5 
[  206.013959] x5 : ffff000075d22c00 x4 : 0000000000000024 
[  206.015789] x3 : ffff800011d5bc8e x2 : ffff800011d5bc78 
[  206.019756] x1 : 0000000000001a00 x0 : ffff0000794ce900 
[  206.025511] Call trace:
[  206.029312]  udp_send_skb.isra.0+0x48/0x368
[  206.036890]  udp_sendmsg+0x710/0x860
[  206.040621]  inet_sendmsg+0x40/0x68
[  206.046495]  __sys_sendto+0xd4/0x150
[  206.051333]  __arm64_sys_sendto+0x24/0x30
[  206.052148]  el0_svc_common.constprop.0+0x68/0x160
[  206.060209]  el0_svc_handler+0x20/0x80
[  206.061545]  el0_svc+0x8/0xc
[  206.077052] Code: 394806d5 4b010294 782468a6 53183e81 (794062a4) 
[  206.084519] ---[ end trace b96038e71da44ca6 ]---
