[  196.369442] Unable to handle kernel NULL pointer dereference at virtual address 0000000000000013
[  196.375936] Mem abort info:
[  196.377711]   ESR = 0x96000046
[  196.382219]   EC = 0x25: DABT (current EL), IL = 32 bits
[  196.385098]   SET = 0, FnV = 0
[  196.385493]   EA = 0, S1PTW = 0
[  196.387460] Data abort info:
[  196.388027]   ISV = 0, ISS = 0x00000046
[  196.389192]   CM = 0, WnR = 1
[  196.394571] user pgtable: 4k pages, 48-bit VAs, pgdp=00000000aecbb000
[  196.404441] [0000000000000013] pgd=00000000b6ff1003, pud=00000000af8ba003, pmd=0000000000000000
[  196.418042] Internal error: Oops: 96000046 [#1] PREEMPT SMP
[  196.419951] Modules linked in:
[  196.421596] CPU: 3 PID: 507 Comm: python3 Not tainted 5.4.18 #2
[  196.422068] Hardware name: linux,dummy-virt (DT)
[  196.424040] pstate: 80000005 (Nzcv daif -PAN -UAO)
[  196.425865] pc : udp_send_skb.isra.0+0x50/0x368
[  196.426174] lr : udp_sendmsg+0x710/0x860
[  196.426772] sp : ffff800011d4bb20
[  196.427021] x29: ffff800011d4bb20 x28: 000000000000001a 
[  196.427420] x27: ffff800011d4bd80 x26: 0000000000000011 
[  196.427723] x25: 0000000000000012 x24: ffff00007827e224 
[  196.428020] x23: ffff800011d4bc30 x22: ffff00007b2c5d80 
[  196.429261] x21: 0000000000000011 x20: 000000000000001a 
[  196.429954] x19: ffff000079094f00 x18: 0000000000000000 
[  196.432762] x17: 0000000000000000 x16: 0000000000000000 
[  196.434106] x15: 0000000000000001 x14: 0000000000000000 
[  196.435782] x13: 0000000000000006 x12: 00000000c0a80164 
[  196.437808] x11: 0000000000000000 x10: 0000000000000068 
[  196.443890] x9 : ffff000078333800 x8 : ffff800011d4bc30 
[  196.444649] x7 : 00000000be100000 x6 : 000000000000ee87 
[  196.445943] x5 : 0000000000000000 x4 : 0000000000008813 
[  196.446365] x3 : ffff800011d4bc8e x2 : ffff800011d4bc78 
[  196.448034] x1 : 0000000000001a00 x0 : ffff000079094f00 
[  196.450759] Call trace:
[  196.452182]  udp_send_skb.isra.0+0x50/0x368
[  196.452960]  udp_sendmsg+0x710/0x860
[  196.454652]  inet_sendmsg+0x40/0x68
[  196.455828]  __sys_sendto+0xd4/0x150
[  196.456102]  __arm64_sys_sendto+0x24/0x30
[  196.456265]  el0_svc_common.constprop.0+0x68/0x160
[  196.456589]  el0_svc_handler+0x20/0x80
[  196.456804]  el0_svc+0x8/0xc
[  196.458392] Code: 782468a6 53183e81 794062e4 d3483e85 (79000744) 
[  196.460221] ---[ end trace df6d50eeb1ffe479 ]---
