[  192.295306] Unable to handle kernel NULL pointer dereference at virtual address 0000000000000024
[  192.318130] Mem abort info:
[  192.319298]   ESR = 0x96000046
[  192.327282]   EC = 0x25: DABT (current EL), IL = 32 bits
[  192.332360]   SET = 0, FnV = 0
[  192.333365]   EA = 0, S1PTW = 0
[  192.333689] Data abort info:
[  192.334861]   ISV = 0, ISS = 0x00000046
[  192.335794]   CM = 0, WnR = 1
[  192.338852] user pgtable: 4k pages, 48-bit VAs, pgdp=00000000b218a000
[  192.343866] [0000000000000024] pgd=00000000b20d5003, pud=00000000b6c97003, pmd=0000000000000000
[  192.355396] Internal error: Oops: 96000046 [#1] PREEMPT SMP
[  192.358474] Modules linked in:
[  192.367645] CPU: 3 PID: 493 Comm: python3 Not tainted 5.4.18 #2
[  192.370178] Hardware name: linux,dummy-virt (DT)
[  192.372123] pstate: 80000005 (Nzcv daif -PAN -UAO)
[  192.379466] pc : udp_send_skb.isra.0+0x40/0x368
[  192.384465] lr : udp_sendmsg+0x710/0x860
[  192.392271] sp : ffff800011d73b20
[  192.396785] x29: ffff800011d73b20 x28: 000000000000001a 
[  192.405838] x27: ffff800011d73d80 x26: 0000000000000011 
[  192.412607] x25: 0000000000000012 x24: 0000000000000024 
[  192.413963] x23: ffff800011d73c30 x22: ffff00007abfaec0 
[  192.429034] x21: 0000000000000011 x20: 000000000000000a 
[  192.446286] x19: ffff00007b3a6000 x18: 0000000000000000 
[  192.450334] x17: 0000000000000000 x16: 0000000000000000 
[  192.455940] x15: 0000000000000001 x14: 0000000000000000 
[  192.461702] x13: 0000000000000006 x12: 00000000c0a80164 
[  192.462796] x11: 0000000000000000 x10: 0000000000000068 
[  192.469127] x9 : ffff00007aad6200 x8 : ffff800011d73c30 
[  192.476209] x7 : 00000000ab400000 x6 : 000000000000b8a7 
[  192.484736] x5 : 0000000000000000 x4 : 0000000000000024 
[  192.494843] x3 : ffff800011d73c8e x2 : ffff800011d73c78 
[  192.504786] x1 : 0000000000000024 x0 : ffff00007b3a6000 
[  192.516609] Call trace:
[  192.524701]  udp_send_skb.isra.0+0x40/0x368
[  192.529560]  udp_sendmsg+0x710/0x860
[  192.531654]  inet_sendmsg+0x40/0x68
[  192.540465]  __sys_sendto+0xd4/0x150
[  192.550322]  __arm64_sys_sendto+0x24/0x30
[  192.559242]  el0_svc_common.constprop.0+0x68/0x160
[  192.564374]  el0_svc_handler+0x20/0x80
[  192.574904]  el0_svc+0x8/0xc
[  192.590164] Code: 7945c2c6 cb010301 394806d5 4b010294 (782468a6) 
[  192.599254] ---[ end trace ead5def25316cb02 ]---
