[  193.916292] kernel BUG at arch/arm64/kernel/traps.c:405!
[  193.919872] Internal error: Oops - BUG: 0 [#1] PREEMPT SMP
[  193.922230] Modules linked in:
[  193.930795] CPU: 3 PID: 494 Comm: python3 Not tainted 5.4.18 #2
[  193.932281] Hardware name: linux,dummy-virt (DT)
[  193.935529] pstate: 00000005 (nzcv daif -PAN -UAO)
[  193.941918] pc : do_undefinstr+0x2ec/0x310
[  193.945310] lr : do_undefinstr+0x1e0/0x310
[  193.946428] sp : ffff8000120ab980
[  193.947379] x29: ffff8000120ab980 x28: ffff00007abb7000 
[  193.948635] x27: ffff8000120abd80 x26: 0000000000000011 
[  193.949660] x25: 0000000000000012 x24: 0000000000000000 
[  193.951354] x23: 0000000080000005 x22: ffff800010ba9374 
[  193.952423] x21: ffff8000120abb20 x20: ffff00007abb7000 
[  193.953385] x19: ffff8000120ab9e0 x18: 0000000000000000 
[  193.954702] x17: 0000000000000000 x16: 0000000000000000 
[  193.955816] x15: 0000000000000001 x14: 0000000000000000 
[  193.956758] x13: 0000000000000006 x12: 00000000c0a80164 
[  193.958398] x11: 0000000000000000 x10: 0000000000000068 
[  193.960688] x9 : ffff00007abb7000 x8 : ffff8000120abc30 
[  193.961601] x7 : 0000000044c00000 x6 : ffff8000120ab9d8 
[  193.962758] x5 : 00000000d5300000 x4 : ffff8000117c51f0 
[  193.963679] x3 : 0000000043000000 x2 : 0000000000000000 
[  193.964573] x1 : ffff00007abb7000 x0 : 0000000080000005 
[  193.966817] Call trace:
[  193.967964]  do_undefinstr+0x2ec/0x310
[  193.968801]  el1_undef+0x10/0x84
[  193.969430]  udp_send_skb.isra.0+0x3c/0x368
[  193.970163]  udp_sendmsg+0x710/0x860
[  193.971049]  inet_sendmsg+0x40/0x68
[  193.971726]  __sys_sendto+0xd4/0x150
[  193.972634]  __arm64_sys_sendto+0x24/0x30
[  193.973536]  el0_svc_common.constprop.0+0x68/0x160
[  193.975787]  el0_svc_handler+0x20/0x80
[  193.976664]  el0_svc+0x8/0xc
[  193.978938] Code: f9401bf7 17ffff7c a9025bf5 f9001bf7 (d4210000) 
[  193.983034] ---[ end trace bf00eba7c454c5c3 ]---
[  193.985273] note: python3[494] exited with preempt_count 1
[  194.145610] ------------[ cut here ]------------
[  194.157588] WARNING: CPU: 3 PID: 0 at kernel/rcu/tree.c:569 rcu_idle_enter+0x74/0x80
[  194.166233] Modules linked in:
[  194.170725] CPU: 3 PID: 0 Comm: swapper/3 Tainted: G      D           5.4.18 #2
[  194.180151] Hardware name: linux,dummy-virt (DT)
[  194.181819] pstate: 200003c5 (nzCv DAIF -PAN -UAO)
[  194.183233] pc : rcu_idle_enter+0x74/0x80
[  194.185754] lr : do_idle+0x200/0x288
[  194.191996] sp : ffff800011a5bf20
[  194.192531] x29: ffff800011a5bf20 x28: 0000000000000000 
[  194.193808] x27: 0000000000000000 x26: 0000000000000000 
[  194.199161] x25: 0000000000000000 x24: ffff8000117ba214 
[  194.202051] x23: ffff00007b0c3800 x22: ffff800011404ab8 
[  194.204819] x21: ffff8000117ba1f0 x20: 0000000000000003 
[  194.208371] x19: ffff8000117ba118 x18: 0000000000000010 
[  194.211355] x17: 0000000000000000 x16: 0000000000000000 
[  194.212355] x15: 0000000000000000 x14: 0000000000000000 
[  194.213175] x13: 0000000000000001 x12: 0000000000000000 
[  194.213929] x11: 0000000000000400 x10: 00000000000009c0 
[  194.217270] x9 : ffff800011a5be90 x8 : ffff00007b0c4220 
[  194.220529] x7 : 0000000000000000 x6 : 0000004e7209180b 
[  194.221784] x5 : 00ffffffffffffff x4 : ffff80006c783000 
[  194.224240] x3 : 4000000000000002 x2 : 4000000000000000 
[  194.228068] x1 : ffff800011406980 x0 : ffff00007db89980 
[  194.228509] Call trace:
[  194.228684]  rcu_idle_enter+0x74/0x80
[  194.228868]  do_idle+0x200/0x288
[  194.229056]  cpu_startup_entry+0x24/0x40
[  194.229282]  secondary_start_kernel+0x154/0x190
[  194.229928] ---[ end trace bf00eba7c454c5c4 ]---
