[  192.958729] Unable to handle kernel paging request at virtual address ffff80000fb79b48
[  192.972574] Mem abort info:
[  192.973778]   ESR = 0x86000006
[  192.977329]   EC = 0x21: IABT (current EL), IL = 32 bits
[  192.981529]   SET = 0, FnV = 0
[  192.983867]   EA = 0, S1PTW = 0
[  192.988592] swapper pgtable: 4k pages, 48-bit VAs, pgdp=00000000412a6000
[  192.996681] [ffff80000fb79b48] pgd=00000000bdfff003, pud=00000000bdffe003, pmd=0000000000000000
[  193.016061] Internal error: Oops: 86000006 [#1] PREEMPT SMP
[  193.027000] Modules linked in:
[  193.031451] CPU: 6 PID: 496 Comm: python3 Not tainted 5.4.18 #2
[  193.032457] Hardware name: linux,dummy-virt (DT)
[  193.034386] pstate: 60000005 (nZCv daif -PAN -UAO)
[  193.042362] pc : 0xffff80000fb79b48
[  193.048475] lr : udp_send_skb.isra.0+0x11c/0x368
[  193.053899] sp : ffff800011f13b20
[  193.058436] x29: ffff800011f13b20 x28: 000000000000001a 
[  193.060733] x27: ffff800011f13d80 x26: 0000000000000011 
[  193.061336] x25: 0000000000000012 x24: ffff000078374c24 
[  193.064114] x23: ffff800011f13c30 x22: ffff000079543b80 
[  193.065623] x21: 0000000000000011 x20: 000000000000001a 
[  193.069252] x19: ffff000078370e00 x18: 0000000000000000 
[  193.074882] x17: 0000000000000000 x16: 0000000000000000 
[  193.079507] x15: 0000000000000001 x14: 0000000000000000 
[  193.082715] x13: 0000000000000006 x12: 00000000c0a80164 
[  193.087247] x11: 0000000000000000 x10: 0000000000000068 
[  193.089592] x9 : ffff0000796f7000 x8 : ffff800011f13c30 
[  193.090135] x7 : 00000000add00000 x6 : 00000000000068e4 
[  193.090599] x5 : 0000000000000024 x4 : 0000000000000000 
[  193.092352] x3 : 0000000000000011 x2 : 0000000000002b00 
[  193.092922] x1 : ffff000078370e00 x0 : ffff800011963ac0 
[  193.095126] Call trace:
[  193.097837]  0xffff80000fb79b48
[  193.104543]  udp_sendmsg+0x710/0x860
[  193.106798]  inet_sendmsg+0x40/0x68
[  193.114578]  __sys_sendto+0xd4/0x150
[  193.120680]  __arm64_sys_sendto+0x24/0x30
[  193.128447]  el0_svc_common.constprop.0+0x68/0x160
[  193.133684]  el0_svc_handler+0x20/0x80
[  193.136367]  el0_svc+0x8/0xc
[  193.142323] Code: bad PC value
[  193.154132] ---[ end trace 17367d802ec58a71 ]---
