[  193.125995] Unable to handle kernel NULL pointer dereference at virtual address 0000000000000481
[  193.129203] Mem abort info:
[  193.130549]   ESR = 0x96000006
[  193.136559]   EC = 0x25: DABT (current EL), IL = 32 bits
[  193.142292]   SET = 0, FnV = 0
[  193.147872]   EA = 0, S1PTW = 0
[  193.153459] Data abort info:
[  193.158794]   ISV = 0, ISS = 0x00000006
[  193.174003]   CM = 0, WnR = 0
[  193.175848] user pgtable: 4k pages, 48-bit VAs, pgdp=00000000b1939000
[  193.181922] [0000000000000481] pgd=00000000b27a2003, pud=00000000b6cf4003, pmd=0000000000000000
[  193.195689] Internal error: Oops: 96000006 [#1] PREEMPT SMP
[  193.202016] Modules linked in:
[  193.203729] CPU: 6 PID: 495 Comm: python3 Not tainted 5.4.18 #2
[  193.204263] Hardware name: linux,dummy-virt (DT)
[  193.205183] pstate: 80000005 (Nzcv daif -PAN -UAO)
[  193.206838] pc : udp_sendmsg+0x318/0x860
[  193.211284] lr : udp_sendmsg+0x294/0x860
[  193.215622] sp : ffff800012123b60
[  193.219256] x29: ffff800012123b70 x28: 000000000000001a 
[  193.224333] x27: ffff800012123d80 x26: 0000000000000011 
[  193.225844] x25: 0000000000000012 x24: ffff00007abb3ec8 
[  193.233860] x23: 000000006401a8c0 x22: 0000000000000000 
[  193.238403] x21: 0000000000000481 x20: 0000000000000000 
[  193.252565] x19: ffff00007abb3b80 x18: 0000000000000000 
[  193.258426] x17: 0000000000000000 x16: 0000000000000000 
[  193.263301] x15: 0000000000000001 x14: 0000000000000000 
[  193.284540] x13: 0000000000000006 x12: 000000000000003c 
[  193.292320] x11: ffff000075e3c000 x10: 0000000000000000 
[  193.300176] x9 : ffff000078360940 x8 : 0000000000000028 
[  193.305819] x7 : ffff000073d80000 x6 : 0000000022100000 
[  193.311012] x5 : 0000000000000032 x4 : 0000000000000000 
[  193.311311] x3 : 0000000000000000 x2 : ffff80006c7c5000 
[  193.320896] x1 : ffff00007804c600 x0 : d050592b766e4e00 
[  193.330600] Call trace:
[  193.332729]  udp_sendmsg+0x318/0x860
[  193.334799]  inet_sendmsg+0x40/0x68
[  193.337755]  __sys_sendto+0xd4/0x150
[  193.340176]  __arm64_sys_sendto+0x24/0x30
[  193.342549]  el0_svc_common.constprop.0+0x68/0x160
[  193.342825]  el0_svc_handler+0x20/0x80
[  193.343131]  el0_svc+0x8/0xc
[  193.349762] Code: 2a1403f9 9402163f 9111c2b5 f940c7e0 (f94002a1) 
[  193.360359] ---[ end trace 4ee84ae5d6e2f771 ]---
