[  192.827729] Unable to handle kernel paging request at virtual address ffff80000cfac358
[  192.862184] Mem abort info:
[  192.867286]   ESR = 0x86000006
[  192.869646]   EC = 0x21: IABT (current EL), IL = 32 bits
[  192.871083]   SET = 0, FnV = 0
[  192.872601]   EA = 0, S1PTW = 0
[  192.882493] swapper pgtable: 4k pages, 48-bit VAs, pgdp=00000000412a6000
[  192.886105] [ffff80000cfac358] pgd=00000000bdfff003, pud=00000000bdffe003, pmd=0000000000000000
[  192.901089] Internal error: Oops: 86000006 [#1] PREEMPT SMP
[  192.908818] Modules linked in:
[  192.923293] CPU: 5 PID: 494 Comm: python3 Not tainted 5.4.18 #2
[  192.928675] Hardware name: linux,dummy-virt (DT)
[  192.935815] pstate: 80000005 (Nzcv daif -PAN -UAO)
[  192.950629] pc : 0xffff80000cfac358
[  192.954976] lr : udp_sendmsg+0x710/0x860
[  192.956432] sp : ffff800011f8bb20
[  192.958525] x29: ffff800011f8bb20 x28: 000000000000001a 
[  192.962991] x27: ffff800011f8bd80 x26: 0000000000000011 
[  192.964053] x25: 0000000000000012 x24: ffff000076d71424 
[  192.965421] x23: ffff800011f8bc30 x22: ffff00007a9a2ec0 
[  192.966346] x21: 0000000000000011 x20: 000000000000001a 
[  192.970604] x19: ffff0000782a2200 x18: 0000000000000000 
[  192.971575] x17: 0000000000000000 x16: 0000000000000000 
[  192.972907] x15: 0000000000000001 x14: 0000000000000000 
[  192.977280] x13: 0000000000000006 x12: 00000000c0a80164 
[  192.977931] x11: 0000000000000000 x10: 0000000000000068 
[  192.979323] x9 : ffff000075ef7000 x8 : ffff800011f8bc30 
[  192.981722] x7 : 0000000060e00000 x6 : 000000000000e08d 
[  192.983761] x5 : 0000000000000000 x4 : 0000000000000000 
[  192.984832] x3 : ffff800011f8bc8e x2 : ffff800011f8bc78 
[  192.986093] x1 : 0000000000001a00 x0 : 0000000000000000 
[  192.990926] Call trace:
[  192.991663]  0xffff80000cfac358
[  192.991927]  udp_sendmsg+0x710/0x860
[  192.993404]  inet_sendmsg+0x40/0x68
[  192.994984]  __sys_sendto+0xd4/0x150
[  192.995363]  __arm64_sys_sendto+0x24/0x30
[  192.998941]  el0_svc_common.constprop.0+0x68/0x160
[  193.002437]  el0_svc_handler+0x20/0x80
[  193.005273]  el0_svc+0x8/0xc
[  193.009542] Code: bad PC value
[  193.020223] ---[ end trace ec106e4560f4dc9c ]---
