[  193.203615] Unable to handle kernel paging request at virtual address fffc0001ea8ae8aa
[  193.220656] Mem abort info:
[  193.228380]   ESR = 0x96000004
[  193.231581]   EC = 0x25: DABT (current EL), IL = 32 bits
[  193.237961]   SET = 0, FnV = 0
[  193.239422]   EA = 0, S1PTW = 0
[  193.240717] Data abort info:
[  193.241408]   ISV = 0, ISS = 0x00000004
[  193.244423]   CM = 0, WnR = 0
[  193.245711] [fffc0001ea8ae8aa] address between user and kernel address ranges
[  193.249945] Internal error: Oops: 96000004 [#1] PREEMPT SMP
[  193.254530] Modules linked in:
[  193.267274] CPU: 4 PID: 495 Comm: python3 Not tainted 5.4.18 #2
[  193.271888] Hardware name: linux,dummy-virt (DT)
[  193.277341] pstate: 60000005 (nZCv daif -PAN -UAO)
[  193.283039] pc : udp4_hwcsum+0x24/0x108
[  193.283314] lr : udp_send_skb.isra.0+0x110/0x368
[  193.284423] sp : ffff800011d6bae0
[  193.286581] x29: ffff800011d6bae0 x28: 000000000000001a 
[  193.288077] x27: ffff800011d6bd80 x26: 0000000000000011 
[  193.289229] x25: 0000000000000012 x24: ffff000078354a24 
[  193.290194] x23: 000000006401a8c0 x22: 000000006e01a8c0 
[  193.290389] x21: 0000000000000011 x20: 000000000000001a 
[  193.290658] x19: fffc0001ea8ae800 x18: 0000000000000000 
[  193.290875] x17: 0000000000000000 x16: 0000000000000000 
[  193.291166] x15: 0000000000000001 x14: 0000000000000000 
[  193.291383] x13: 0000000000000006 x12: 00000000c0a80164 
[  193.291612] x11: 0000000000000000 x10: 0000000000000068 
[  193.291839] x9 : ffff00007a8e3800 x8 : ffff800011d6bc30 
[  193.292278] x7 : 0000000086500000 x6 : 00000000000002c7 
[  193.293223] x5 : 0000000000000000 x4 : 0000000000000000 
[  193.293519] x3 : 0000000000000000 x2 : 000000006401a8c0 
[  193.294803] x1 : 000000006e01a8c0 x0 : fffc0001ea8ae800 
[  193.295369] Call trace:
[  193.295578]  udp4_hwcsum+0x24/0x108
[  193.295730]  udp_send_skb.isra.0+0x110/0x368
[  193.295875]  udp_sendmsg+0x710/0x860
[  193.296006]  inet_sendmsg+0x40/0x68
[  193.296134]  __sys_sendto+0xd4/0x150
[  193.296261]  __arm64_sys_sendto+0x24/0x30
[  193.296421]  el0_svc_common.constprop.0+0x68/0x160
[  193.296634]  el0_svc_handler+0x20/0x80
[  193.296817]  el0_svc+0x8/0xc
[  193.298030] Code: a9025bf5 2a0103f6 f9001bf7 2a0203f7 (79415405) 
[  193.302140] ---[ end trace de7449861d2105df ]---
