[  192.524244] Unable to handle kernel paging request at virtual address 0000000026e00000
[  192.530027] Mem abort info:
[  192.530461]   ESR = 0x96000006
[  192.531285]   EC = 0x25: DABT (current EL), IL = 32 bits
[  192.531931]   SET = 0, FnV = 0
[  192.533226]   EA = 0, S1PTW = 0
[  192.535717] Data abort info:
[  192.543498]   ISV = 0, ISS = 0x00000006
[  192.562802]   CM = 0, WnR = 0
[  192.571060] user pgtable: 4k pages, 48-bit VAs, pgdp=00000000b2be5000
[  192.576595] [0000000026e00000] pgd=00000000b5dd4003, pud=00000000b3e69003, pmd=0000000000000000
[  192.589904] Internal error: Oops: 96000006 [#1] PREEMPT SMP
[  192.592266] Modules linked in:
[  192.595794] CPU: 7 PID: 495 Comm: python3 Not tainted 5.4.18 #2
[  192.598079] Hardware name: linux,dummy-virt (DT)
[  192.600503] pstate: 80000005 (Nzcv daif -PAN -UAO)
[  192.606527] pc : udp_send_skb.isra.0+0x60/0x368
[  192.607386] lr : udp_sendmsg+0x710/0x860
[  192.608189] sp : ffff800011d73b20
[  192.608923] x29: ffff800011d73b20 x28: 000000000000001a 
[  192.610430] x27: ffff800011d73d80 x26: 0000000000000011 
[  192.611290] x25: 0000000000000012 x24: ffff000078313024 
[  192.617417] x23: ffff800011d73c30 x22: ffff00007b305d80 
[  192.620073] x21: 0000000000000011 x20: 000000000000001a 
[  192.623700] x19: ffff000078315a00 x18: 0000000000000000 
[  192.627939] x17: 0000000000000000 x16: 0000000000000000 
[  192.632445] x15: 0000000000000001 x14: 0000000000000000 
[  192.635994] x13: 0000000000000006 x12: 00000000c0a80164 
[  192.637007] x11: 0000000000000000 x10: 0000000000000068 
[  192.640317] x9 : ffff00007a90d400 x8 : ffff800011d73c30 
[  192.642055] x7 : 0000000026e00000 x6 : 000000000000c2c9 
[  192.644614] x5 : 0000000000000000 x4 : 0000000000008813 
[  192.646957] x3 : ffff800011d73c8e x2 : ffff800011d73c78 
[  192.654259] x1 : 0000000000001a00 x0 : ffff000078315a00 
[  192.665838] Call trace:
[  192.671101]  udp_send_skb.isra.0+0x60/0x368
[  192.676843]  udp_sendmsg+0x710/0x860
[  192.682083]  inet_sendmsg+0x40/0x68
[  192.686866]  __sys_sendto+0xd4/0x150
[  192.693313]  __arm64_sys_sendto+0x24/0x30
[  192.701119]  el0_svc_common.constprop.0+0x68/0x160
[  192.705847]  el0_svc_handler+0x20/0x80
[  192.706475]  el0_svc+0x8/0xc
[  192.711046] Code: 79000704 2a050021 79000b01 79000f1f (794000e4) 
[  192.721839] ---[ end trace 06d4366c07056b69 ]---
