[  193.177688] Unable to handle kernel paging request at virtual address ffff80001140c888
[  193.178451] Mem abort info:
[  193.178730]   ESR = 0x96000006
[  193.179104]   EC = 0x25: DABT (current EL), IL = 32 bits
[  193.180680]   SET = 0, FnV = 0
[  193.181071]   EA = 0, S1PTW = 0
[  193.182501] Data abort info:
[  193.185337]   ISV = 0, ISS = 0x00000006
[  193.188920]   CM = 0, WnR = 0
[  193.194664] swapper pgtable: 4k pages, 48-bit VAs, pgdp=00000000412a6000
[  193.205271] [ffff80001140c888] pgd=00000000bdfff003, pud=00000000bdffe003, pmd=0000000000000000
[  193.218042] Internal error: Oops: 96000006 [#1] PREEMPT SMP
[  193.224725] Modules linked in:
[  193.229244] CPU: 5 PID: 493 Comm: python3 Not tainted 5.4.18 #2
[  193.232073] Hardware name: linux,dummy-virt (DT)
[  193.237440] pstate: 80000005 (Nzcv daif -PAN -UAO)
[  193.240632] pc : udp_send_skb.isra.0+0x150/0x368
[  193.242070] lr : udp_send_skb.isra.0+0x11c/0x368
[  193.242832] sp : ffff800011f0bb20
[  193.246465] x29: ffff800011f0bb20 x28: 000000000000001a 
[  193.253108] x27: ffff800011f0bd80 x26: 0000000000000011 
[  193.255884] x25: 0000000000000012 x24: ffff000075e61224 
[  193.258345] x23: ffff800011f0bc30 x22: ffff00007a9e61c0 
[  193.262634] x21: 0000000000000011 x20: 000000000000001a 
[  193.265344] x19: ffff00007973a900 x18: 0000000000000000 
[  193.271345] x17: 0000000000000000 x16: 0000000000000000 
[  193.273580] x15: 0000000000000001 x14: 0000000000000000 
[  193.274356] x13: 0000000000000006 x12: 000000000000003c 
[  193.275643] x11: ffff0000727b3000 x10: 0000000000000000 
[  193.277818] x9 : ffff000078120940 x8 : 0000000000000028 
[  193.280087] x7 : ffff000070b20000 x6 : 0000000022100000 
[  193.283689] x5 : 0000000000000000 x4 : ffff000070b20000 
[  193.285853] x3 : 0000000000000001 x2 : ffff80006c7af000 
[  193.288444] x1 : ffff0000782e6200 x0 : ffff80001140c888 
[  193.290250] Call trace:
[  193.290892]  udp_send_skb.isra.0+0x150/0x368
[  193.291885]  udp_sendmsg+0x710/0x860
[  193.292844]  inet_sendmsg+0x40/0x68
[  193.293319]  __sys_sendto+0xd4/0x150
[  193.293668]  __arm64_sys_sendto+0x24/0x30
[  193.295538]  el0_svc_common.constprop.0+0x68/0x160
[  193.299201]  el0_svc_handler+0x20/0x80
[  193.299343]  el0_svc+0x8/0xc
[  193.302013] Code: d538d082 f940c800 91008000 8b0a0000 (c85f7c05) 
[  193.306267] ---[ end trace 744156f4fb7cebf4 ]---
[  193.312152] note: python3[493] exited with preempt_count 1
