[  194.297404] Unable to handle kernel NULL pointer dereference at virtual address 00000000000002e0
[  194.298714] Mem abort info:
[  194.299057]   ESR = 0x96000006
[  194.301084]   EC = 0x25: DABT (current EL), IL = 32 bits
[  194.302469]   SET = 0, FnV = 0
[  194.308036]   EA = 0, S1PTW = 0
[  194.309762] Data abort info:
[  194.313265]   ISV = 0, ISS = 0x00000006
[  194.319012]   CM = 0, WnR = 0
[  194.327938] user pgtable: 4k pages, 48-bit VAs, pgdp=00000000b24b1000
[  194.334343] [00000000000002e0] pgd=00000000b3a1b003, pud=00000000b3800003, pmd=0000000000000000
[  194.356606] Internal error: Oops: 96000006 [#1] PREEMPT SMP
[  194.357245] Modules linked in:
[  194.359420] CPU: 4 PID: 490 Comm: python3 Not tainted 5.4.18 #2
[  194.361662] Hardware name: linux,dummy-virt (DT)
[  194.365655] pstate: 80000005 (Nzcv daif -PAN -UAO)
[  194.380029] pc : udp_send_skb.isra.0+0x30/0x368
[  194.385246] lr : udp_sendmsg+0x710/0x860
[  194.389704] sp : ffff800011f7bb20
[  194.392955] x29: ffff800011f7bb20 x28: 000000000000001a 
[  194.394562] x27: ffff800011f7bd80 x26: 0000000000000011 
[  194.398088] x25: 0000000000000012 x24: ffff000076dbc624 
[  194.405467] x23: ffff800011f7bc30 x22: 0000000000000000 
[  194.407118] x21: ffff00007838f000 x20: 000000000000002e 
[  194.412106] x19: ffff000078202d00 x18: 0000000000000000 
[  194.414820] x17: 0000000000000000 x16: 0000000000000000 
[  194.421311] x15: 0000000000000001 x14: 0000000000000000 
[  194.426286] x13: 0000000000000006 x12: 00000000c0a80164 
[  194.430204] x11: 0000000000000000 x10: 0000000000000068 
[  194.432433] x9 : ffff00007838f000 x8 : ffff800011f7bc30 
[  194.432784] x7 : 0000000033900000 x6 : 0000000000000000 
[  194.433414] x5 : ffff000076dbc600 x4 : 0000000000000024 
[  194.437451] x3 : ffff800011f7bc8e x2 : ffff800011f7bc78 
[  194.444376] x1 : ffff000076dbc610 x0 : ffff000078202d00 
[  194.448509] Call trace:
[  194.449078]  udp_send_skb.isra.0+0x30/0x368
[  194.449842]  udp_sendmsg+0x710/0x860
[  194.450240]  inet_sendmsg+0x40/0x68
[  194.450734]  __sys_sendto+0xd4/0x150
[  194.454946]  __arm64_sys_sendto+0x24/0x30
[  194.457966]  el0_svc_common.constprop.0+0x68/0x160
[  194.462943]  el0_svc_handler+0x20/0x80
[  194.463341]  el0_svc+0x8/0xc
[  194.465803] Code: f9400d16 79415404 b9407014 8b0400b8 (7945c2c6) 
[  194.467779] ---[ end trace 261a26a6a14ef8d6 ]---
