[  193.462903] Unable to handle kernel NULL pointer dereference at virtual address 0000000000000015
[  193.474085] Mem abort info:
[  193.474978]   ESR = 0x96000046
[  193.475982]   EC = 0x25: DABT (current EL), IL = 32 bits
[  193.477037]   SET = 0, FnV = 0
[  193.482446]   EA = 0, S1PTW = 0
[  193.484006] Data abort info:
[  193.486740]   ISV = 0, ISS = 0x00000046
[  193.491139]   CM = 0, WnR = 1
[  193.498263] user pgtable: 4k pages, 48-bit VAs, pgdp=00000000b21bd000
[  193.500484] [0000000000000015] pgd=00000000b1286003, pud=00000000b128d003, pmd=0000000000000000
[  193.514764] Internal error: Oops: 96000046 [#1] PREEMPT SMP
[  193.518199] Modules linked in:
[  193.528984] CPU: 0 PID: 493 Comm: python3 Not tainted 5.4.18 #2
[  193.529936] Hardware name: linux,dummy-virt (DT)
[  193.531198] pstate: 80000005 (Nzcv daif -PAN -UAO)
[  193.535015] pc : udp_send_skb.isra.0+0x58/0x368
[  193.536001] lr : udp_sendmsg+0x710/0x860
[  193.538148] sp : ffff800011d53b20
[  193.539541] x29: ffff800011d53b20 x28: 000000000000001a 
[  193.546066] x27: ffff800011d53d80 x26: 0000000000000011 
[  193.556190] x25: 0000000000000012 x24: ffff00007b339224 
[  193.563468] x23: ffff800011d53c30 x22: ffff00007a961dc0 
[  193.565557] x21: 0000000000000011 x20: 000000000000001a 
[  193.567209] x19: ffff00007a404c00 x18: 0000000000000000 
[  193.570644] x17: 0000000000000000 x16: 0000000000000000 
[  193.576846] x15: 0000000000000001 x14: 0000000000000000 
[  193.577470] x13: 0000000000000006 x12: 00000000c0a80164 
[  193.579183] x11: 0000000000000000 x10: 0000000000000068 
[  193.579533] x9 : ffff00007a893800 x8 : ffff800011d53c30 
[  193.579872] x7 : 00000000eab00000 x6 : 00000000000031eb 
[  193.580213] x5 : 0000000000000000 x4 : 0000000000008813 
[  193.580490] x3 : ffff800011d53c8e x2 : ffff800011d53c78 
[  193.581958] x1 : 0000000000001a00 x0 : ffff00007a404c00 
[  193.583889] Call trace:
[  193.586262]  udp_send_skb.isra.0+0x58/0x368
[  193.586951]  udp_sendmsg+0x710/0x860
[  193.587326]  inet_sendmsg+0x40/0x68
[  193.587675]  __sys_sendto+0xd4/0x150
[  193.587848]  __arm64_sys_sendto+0x24/0x30
[  193.588128]  el0_svc_common.constprop.0+0x68/0x160
[  193.588834]  el0_svc_handler+0x20/0x80
[  193.589147]  el0_svc+0x8/0xc
[  193.590236] Code: 794062e4 d3483e85 79000704 2a050021 (79000b41) 
[  193.591909] ---[ end trace 111e1842c6addaaf ]---
