[  193.919096] Unable to handle kernel read from unreadable memory at virtual address ffff800011d9bc68
[  193.920052] Mem abort info:
[  193.920897]   ESR = 0x8600000f
[  193.922100]   EC = 0x21: IABT (current EL), IL = 32 bits
[  193.925626]   SET = 0, FnV = 0
[  193.926667]   EA = 0, S1PTW = 0
[  193.927328] swapper pgtable: 4k pages, 48-bit VAs, pgdp=00000000412a6000
[  193.927830] [ffff800011d9bc68] pgd=00000000bdfff003, pud=00000000bdffe003, pmd=00000000bb2b3003, pte=00680000b3a23713
[  193.930738] Internal error: Oops: 8600000f [#1] PREEMPT SMP
[  193.931685] Modules linked in:
[  193.939972] CPU: 6 PID: 492 Comm: python3 Not tainted 5.4.18 #2
[  193.944251] Hardware name: linux,dummy-virt (DT)
[  193.947196] pstate: 80000005 (Nzcv daif -PAN -UAO)
[  193.948615] pc : 0xffff800011d9bc68
[  193.951523] lr : 0xffff800011d9bc68
[  193.954434] sp : ffff800011d9bb80
[  193.956032] x29: ffff00007abe7000 x28: 000000000000001a 
[  193.956616] x27: ffff800011d9bd80 x26: 0000000000000011 
[  193.958740] x25: 0000000000000012 x24: ffff00007803d408 
[  193.959588] x23: 000000006401a8c0 x22: ffff800000000000 
[  193.960037] x21: ffff800011d9bc68 x20: f720bcb191dcde00 
[  193.960534] x19: ffff800000000000 x18: 0000000000000000 
[  193.961238] x17: 0000000000000000 x16: 0000000000000000 
[  193.962868] x15: 0000000000000001 x14: 0000000000000000 
[  193.963299] x13: 0000000000000006 x12: 000000000000003c 
[  193.963708] x11: ffff000073ab4000 x10: 0000000000000000 
[  193.964114] x9 : ffff000079515d40 x8 : 0000000000000028 
[  193.967413] x7 : ffff00007a5fe000 x6 : 0000000022100000 
[  193.968255] x5 : 0000000000000025 x4 : 0000000000000000 
[  193.970975] x3 : 0000000000000001 x2 : ffff80006c7c5000 
[  193.973429] x1 : ffff00007abe7000 x0 : 0000000000000000 
[  193.980497] Call trace:
[  193.983949]  0xffff800011d9bc68
[  193.989777] Code: 6e01a8c0 6401a8c0 28838813 00000000 (00000000) 
[  193.992544] ---[ end trace acbac726e14b0031 ]---
