[  193.582824] Unable to handle kernel paging request at virtual address 000000007c80d21b
[  193.596113] Mem abort info:
[  193.600528]   ESR = 0x96000005
[  193.607392]   EC = 0x25: DABT (current EL), IL = 32 bits
[  193.615452]   SET = 0, FnV = 0
[  193.618793]   EA = 0, S1PTW = 0
[  193.621706] Data abort info:
[  193.628127]   ISV = 0, ISS = 0x00000005
[  193.636612]   CM = 0, WnR = 0
[  193.644938] user pgtable: 4k pages, 48-bit VAs, pgdp=00000000b2b62000
[  193.649748] [000000007c80d21b] pgd=00000000b28b1003, pud=0000000000000000
[  193.666722] Internal error: Oops: 96000005 [#1] PREEMPT SMP
[  193.667403] Modules linked in:
[  193.669779] CPU: 1 PID: 495 Comm: python3 Not tainted 5.4.18 #2
[  193.670503] Hardware name: linux,dummy-virt (DT)
[  193.672178] pstate: 60000005 (nZCv daif -PAN -UAO)
[  193.679479] pc : ip_send_skb+0x14/0xa8
[  193.680207] lr : udp_send_skb.isra.0+0x11c/0x368
[  193.681712] sp : ffff800011f03af0
[  193.682845] x29: ffff800011f03af0 x28: 000000000000001a 
[  193.683468] x27: ffff800011f03d80 x26: 0000000000000011 
[  193.683965] x25: 0000000000000012 x24: ffff000078262224 
[  193.684627] x23: ffff800011f03c30 x22: ffff00007b229540 
[  193.685257] x21: 0000000000000011 x20: 000000000000001a 
[  193.686388] x19: ffff800011963ac0 x18: 0000000000000000 
[  193.686942] x17: ffff00007aad2d00 x16: 0000000000000000 
[  193.687474] x15: 0000000000000001 x14: 0000000000000000 
[  193.688128] x13: 0000000000000006 x12: 00000000c0a80164 
[  193.689760] x11: 0000000000000000 x10: 0000000000000068 
[  193.690396] x9 : ffff00007947f000 x8 : ffff800011f03c30 
[  193.691083] x7 : 0000000035b00000 x6 : 000000000000a6cd 
[  193.691914] x5 : 0000000000000024 x4 : 0000000000000000 
[  193.693831] x3 : 0000000000000011 x2 : 000000007c80d203 
[  193.695672] x1 : 000000007c80d203 x0 : ffff800011963ac0 
[  193.697315] Call trace:
[  193.699324]  ip_send_skb+0x14/0xa8
[  193.699704]  udp_send_skb.isra.0+0x11c/0x368
[  193.700022]  udp_sendmsg+0x710/0x860
[  193.701126]  inet_sendmsg+0x40/0x68
[  193.708404]  __sys_sendto+0xd4/0x150
[  193.713131]  __arm64_sys_sendto+0x24/0x30
[  193.720210]  el0_svc_common.constprop.0+0x68/0x160
[  193.723102]  el0_svc_handler+0x20/0x80
[  193.723748]  el0_svc+0x8/0xc
[  193.729082] Code: aa0103e2 910003fd f9000bf3 aa0003f3 (f9400c21) 
[  193.747174] ---[ end trace 1c7283e403b1075f ]---
