[  192.190106] Unable to handle kernel paging request at virtual address 6cc16e2c66e1bc24
[  192.191765] Mem abort info:
[  192.192048]   ESR = 0x96000044
[  192.192454]   EC = 0x25: DABT (current EL), IL = 32 bits
[  192.193676]   SET = 0, FnV = 0
[  192.194818]   EA = 0, S1PTW = 0
[  192.195300] Data abort info:
[  192.196333]   ISV = 0, ISS = 0x00000044
[  192.198611]   CM = 0, WnR = 1
[  192.199980] [6cc16e2c66e1bc24] address between user and kernel address ranges
[  192.211924] Internal error: Oops: 96000044 [#1] PREEMPT SMP
[  192.217856] Modules linked in:
[  192.222807] CPU: 0 PID: 493 Comm: python3 Not tainted 5.4.18 #2
[  192.224414] Hardware name: linux,dummy-virt (DT)
[  192.226800] pstate: 80000005 (Nzcv daif -PAN -UAO)
[  192.238153] pc : udp_send_skb.isra.0+0x40/0x368
[  192.240133] lr : udp_sendmsg+0x710/0x860
[  192.242780] sp : ffff800011e53b20
[  192.244128] x29: ffff800011e53b20 x28: 000000000000001a 
[  192.253738] x27: ffff800011e53d80 x26: 0000000000000011 
[  192.255794] x25: 0000000000000012 x24: 6cc16e2c66e1bc24 
[  192.259302] x23: ffff800011e53c30 x22: ffff00007b16f700 
[  192.268191] x21: 0000000000000011 x20: 00000000ab03812a 
[  192.272230] x19: ffff0000782b0500 x18: 0000000000000000 
[  192.275172] x17: 0000000000000000 x16: 0000000000000000 
[  192.275741] x15: 0000000000000001 x14: 0000000000000000 
[  192.276237] x13: 0000000000000006 x12: 00000000c0a80164 
[  192.276726] x11: 0000000000000000 x10: 0000000000000068 
[  192.278092] x9 : ffff0000780b2a00 x8 : ffff800011e53c30 
[  192.279583] x7 : 00000000ba400000 x6 : 000000000000b0d2 
[  192.288313] x5 : 6cc16e2c66e1bc00 x4 : 0000000000000024 
[  192.295268] x3 : ffff800011e53c8e x2 : ffff800011e53c78 
[  192.300821] x1 : 6cc1ee2c54fc7f04 x0 : ffff0000782b0500 
[  192.310874] Call trace:
[  192.312173]  udp_send_skb.isra.0+0x40/0x368
[  192.313627]  udp_sendmsg+0x710/0x860
[  192.315269]  inet_sendmsg+0x40/0x68
[  192.317862]  __sys_sendto+0xd4/0x150
[  192.318911]  __arm64_sys_sendto+0x24/0x30
[  192.319676]  el0_svc_common.constprop.0+0x68/0x160
[  192.321002]  el0_svc_handler+0x20/0x80
[  192.325940]  el0_svc+0x8/0xc
[  192.328527] Code: 7945c2c6 cb010301 394806d5 4b010294 (782468a6) 
[  192.331016] ---[ end trace 103f6b4d49f85734 ]---
