[  196.718104] Unable to handle kernel paging request at virtual address ffff00007db79888
[  196.722073] Mem abort info:
[  196.723073]   ESR = 0x96000061
[  196.727114]   EC = 0x25: DABT (current EL), IL = 32 bits
[  196.731418]   SET = 0, FnV = 0
[  196.734433]   EA = 0, S1PTW = 0
[  196.743425] Data abort info:
[  196.747121]   ISV = 0, ISS = 0x00000061
[  196.758303]   CM = 0, WnR = 1
[  196.760906] swapper pgtable: 4k pages, 48-bit VAs, pgdp=00000000412a6000
[  196.767971] [ffff00007db79888] pgd=00000000bdff8003, pud=00000000bddfe003, pmd=00000000bdc10003, pte=00680000bdb79713
[  196.774846] Internal error: Oops: 96000061 [#1] PREEMPT SMP
[  196.776263] Modules linked in:
[  196.778511] CPU: 2 PID: 494 Comm: python3 Not tainted 5.4.18 #2
[  196.779852] Hardware name: linux,dummy-virt (DT)
[  196.789299] pstate: 80000005 (Nzcv daif -PAN -UAO)
[  196.800256] pc : udp_send_skb.isra.0+0x158/0x368
[  196.801575] lr : udp_send_skb.isra.0+0x11c/0x368
[  196.802111] sp : ffff8000120e3b20
[  196.802852] x29: ffff8000120e3b20 x28: 000000000000001a 
[  196.812231] x27: ffff8000120e3d80 x26: 0000000000000011 
[  196.821004] x25: 0000000000000012 x24: ffff000078295024 
[  196.826238] x23: ffff8000120e3c30 x22: ffff00007b22aec0 
[  196.828420] x21: 0000000000000011 x20: 0000000000000000 
[  196.834836] x19: ffff00007901d800 x18: 0000000000000000 
[  196.836784] x17: 0000000000000000 x16: 0000000000000000 
[  196.837620] x15: 0000000000000001 x14: 0000000000000000 
[  196.838370] x13: 0000000000000006 x12: 0000000000000000 
[  196.838990] x11: ffff000071239000 x10: 0000000000000000 
[  196.840479] x9 : ffff000076a02140 x8 : 0000000000000028 
[  196.841569] x7 : ffff000075a28000 x6 : 0000000022100000 
[  196.842895] x5 : 0000000001591e63 x4 : ffff000075a28000 
[  196.845182] x3 : 0000000000000001 x2 : ffff80006c76d000 
[  196.846574] x1 : ffff00007b1d9c00 x0 : ffff00007db79888 
[  196.851639] Call trace:
[  196.853961]  udp_send_skb.isra.0+0x158/0x368
[  196.857536]  udp_sendmsg+0x710/0x860
[  196.860839]  inet_sendmsg+0x40/0x68
[  196.862865]  __sys_sendto+0xd4/0x150
[  196.866632]  __arm64_sys_sendto+0x24/0x30
[  196.869355]  el0_svc_common.constprop.0+0x68/0x160
[  196.873049]  el0_svc_handler+0x20/0x80
[  196.877621]  el0_svc+0x8/0xc
[  196.888689] Code: 91008000 8b020000 c85f7c05 8b0300a5 (c8247c05) 
[  196.894007] ---[ end trace 15c844bc59b9e152 ]---
[  196.899060] note: python3[494] exited with preempt_count 1
