[  196.245623] Unable to handle kernel paging request at virtual address ffff81a46c741024
[  196.266207] Mem abort info:
[  196.271944]   ESR = 0x96000021
[  196.273595]   EC = 0x25: DABT (current EL), IL = 32 bits
[  196.277844]   SET = 0, FnV = 0
[  196.281299]   EA = 0, S1PTW = 0
[  196.284194] Data abort info:
[  196.285069]   ISV = 0, ISS = 0x00000021
[  196.287807]   CM = 0, WnR = 0
[  196.290475] swapper pgtable: 4k pages, 48-bit VAs, pgdp=00000000412a6000
[  196.292069] [ffff81a46c741024] pgd=0000000000000000
[  196.298420] Internal error: Oops: 96000021 [#1] PREEMPT SMP
[  196.303783] Modules linked in:
[  196.317657] CPU: 0 PID: 496 Comm: python3 Not tainted 5.4.18 #2
[  196.322130] Hardware name: linux,dummy-virt (DT)
[  196.327998] pstate: 80000005 (Nzcv daif -PAN -UAO)
[  196.337119] pc : udp_send_skb.isra.0+0x150/0x368
[  196.338302] lr : udp_send_skb.isra.0+0x11c/0x368
[  196.340554] sp : ffff8000120bbb20
[  196.340805] x29: ffff8000120bbb20 x28: 000000000000001a 
[  196.341213] x27: ffff8000120bbd80 x26: 0000000000000011 
[  196.341510] x25: 0000000000000012 x24: ffff00007826c424 
[  196.341800] x23: ffff8000120bbc30 x22: ffff00007abd5940 
[  196.342084] x21: 0000000000000011 x20: 000000000000001a 
[  196.343853] x19: ffff00007936ed00 x18: 0000000000000000 
[  196.344443] x17: 0000000000000000 x16: 0000000000000000 
[  196.345082] x15: 0000000000000000 x14: 0000000000000001 
[  196.345721] x13: 0000000000000001 x12: 0000000000000000 
[  196.346381] x11: 0000000000000001 x10: 00000000000009c0 
[  196.348485] x9 : ffff8000120bb8c0 x8 : ffff000070c38a20 
[  196.349472] x7 : ffff00007db46dc0 x6 : 0000000000000000 
[  196.350089] x5 : 0000000000000000 x4 : 00000000000ccea0 
[  196.351897] x3 : 0000000000000001 x2 : ffff80006c741000 
[  196.352808] x1 : ffff000070c38000 x0 : ffff81a46c741024 
[  196.353817] Call trace:
[  196.354342]  udp_send_skb.isra.0+0x150/0x368
[  196.355234]  udp_sendmsg+0x710/0x860
[  196.357212]  inet_sendmsg+0x40/0x68
[  196.357724]  __sys_sendto+0xd4/0x150
[  196.358836]  __arm64_sys_sendto+0x24/0x30
[  196.361255]  el0_svc_common.constprop.0+0x68/0x160
[  196.364205]  el0_svc_handler+0x20/0x80
[  196.367323]  el0_svc+0x8/0xc
[  196.369168] Code: d538d082 f960c800 91008000 8b020000 (c85f7c05) 
[  196.370218] ---[ end trace f10dc9424c4d394c ]---
[  196.380043] note: python3[496] exited with preempt_count 1
