[  241.749162] kernel BUG at arch/arm64/kernel/traps.c:405!
[  241.753288] Internal error: Oops - BUG: 0 [#1] PREEMPT SMP
[  241.755755] Modules linked in:
[  241.757938] CPU: 4 PID: 496 Comm: python3 Not tainted 5.4.18 #2
[  241.758633] Hardware name: linux,dummy-virt (DT)
[  241.759879] pstate: 00000005 (nzcv daif -PAN -UAO)
[  241.760495] pc : do_undefinstr+0x2ec/0x310
[  241.760863] lr : do_undefinstr+0x1e0/0x310
[  241.761267] sp : ffff800011f2b980
[  241.761578] x29: ffff800011f2b980 x28: ffff000078226200 
[  241.762041] x27: ffff800011f2bd80 x26: 0000000000000011 
[  241.762417] x25: 0000000000000012 x24: 0000000000000000 
[  241.762773] x23: 0000000080000005 x22: ffff800010ba9384 
[  241.763122] x21: ffff800011f2bb20 x20: ffff000078226200 
[  241.763508] x19: ffff800011f2b9e0 x18: 0000000000000000 
[  241.764163] x17: 0000000000000000 x16: 0000000000000000 
[  241.764808] x15: 0000000000000001 x14: 0000000000000000 
[  241.765453] x13: 0000000000000006 x12: 00000000c0a80164 
[  241.766022] x11: 0000000000000000 x10: 0000000000000068 
[  241.766567] x9 : ffff000078226200 x8 : ffff800011f2bc30 
[  241.767171] x7 : 0000000076800000 x6 : ffff800011f2b9d8 
[  241.767711] x5 : 00000000d5300000 x4 : ffff8000117c51f0 
[  241.768227] x3 : 00000000d3000000 x2 : 0000000000000000 
[  241.768733] x1 : ffff000078226200 x0 : 0000000080000005 
[  241.769830] Call trace:
[  241.770291]  do_undefinstr+0x2ec/0x310
[  241.770685]  el1_undef+0x10/0x84
[  241.771123]  udp_send_skb.isra.0+0x4c/0x368
[  241.771520]  udp_sendmsg+0x710/0x860
[  241.771842]  inet_sendmsg+0x40/0x68
[  241.772158]  __sys_sendto+0xd4/0x150
[  241.772470]  __arm64_sys_sendto+0x24/0x30
[  241.772800]  el0_svc_common.constprop.0+0x68/0x160
[  241.773198]  el0_svc_handler+0x20/0x80
[  241.773500]  el0_svc+0x8/0xc
[  241.774486] Code: f9401bf7 17ffff7c a9025bf5 f9001bf7 (d4210000) 
[  241.776183] ---[ end trace 378b6956adae1777 ]---
[  241.777077] note: python3[496] exited with preempt_count 1
[  241.792521] ------------[ cut here ]------------
[  241.794379] WARNING: CPU: 4 PID: 0 at kernel/rcu/tree.c:569 rcu_idle_enter+0x74/0x80
[  241.797375] Modules linked in:
[  241.798719] CPU: 4 PID: 0 Comm: swapper/4 Tainted: G      D           5.4.18 #2
[  241.799237] Hardware name: linux,dummy-virt (DT)
[  241.799632] pstate: 200003c5 (nzCv DAIF -PAN -UAO)
[  241.800609] pc : rcu_idle_enter+0x74/0x80
[  241.803718] lr : do_idle+0x200/0x288
[  241.804957] sp : ffff800011a63f20
[  241.806396] x29: ffff800011a63f20 x28: 0000000000000000 
[  241.806914] x27: 0000000000000000 x26: 0000000000000000 
[  241.808191] x25: 0000000000000000 x24: ffff8000117ba214 
[  241.809802] x23: ffff00007b0c4600 x22: ffff800011404ab8 
[  241.812844] x21: ffff8000117ba1f0 x20: 0000000000000004 
[  241.813854] x19: ffff8000117ba118 x18: 0000000000000010 
[  241.815762] x17: 0000000000000000 x16: 0000000000000000 
[  241.817319] x15: 0000000000000039 x14: 0000000000000000 
[  241.820973] x13: 0000000000000003 x12: 0000000000000039 
[  241.823348] x11: 0000000000000001 x10: 00000000000009c0 
[  241.825722] x9 : ffff800011a63e90 x8 : ffff00007b0c5020 
[  241.828858] x7 : ffff80006c799000 x6 : 000000b4c71f3a32 
[  241.829234] x5 : 00ffffffffffffff x4 : 001274718cf0b449 
[  241.831586] x3 : 4000000000000002 x2 : 4000000000000000 
[  241.836810] x1 : ffff800011406980 x0 : ffff00007db9f980 
[  241.838937] Call trace:
[  241.842661]  rcu_idle_enter+0x74/0x80
[  241.844451]  do_idle+0x200/0x288
[  241.844791]  cpu_startup_entry+0x24/0x40
[  241.845266]  secondary_start_kernel+0x154/0x190
[  241.846562] ---[ end trace 378b6956adae1778 ]---
