[  197.222047] kernel BUG at arch/arm64/kernel/traps.c:405!
[  197.230029] Internal error: Oops - BUG: 0 [#1] PREEMPT SMP
[  197.233566] Modules linked in:
[  197.239068] CPU: 7 PID: 492 Comm: python3 Not tainted 5.4.18 #2
[  197.240528] Hardware name: linux,dummy-virt (DT)
[  197.246443] pstate: 00000005 (nzcv daif -PAN -UAO)
[  197.253054] pc : do_undefinstr+0x2ec/0x310
[  197.254129] lr : do_undefinstr+0x1e0/0x310
[  197.254920] sp : ffff800011d3b980
[  197.255865] x29: ffff800011d3b980 x28: ffff000079407000 
[  197.259119] x27: ffff800011d3bd80 x26: 0000000000000011 
[  197.260403] x25: 0000000000000012 x24: 0000000000000000 
[  197.261335] x23: 0000000080000005 x22: ffff800010ba9394 
[  197.262294] x21: ffff800011d3bb20 x20: ffff000079407000 
[  197.263185] x19: ffff800011d3b9e0 x18: 0000000000000000 
[  197.264283] x17: 0000000000000000 x16: 0000000000000000 
[  197.265186] x15: 0000000000000001 x14: 0000000000000000 
[  197.266077] x13: 0000000000000006 x12: 00000000c0a80164 
[  197.266903] x11: 0000000000000000 x10: 0000000000000068 
[  197.267947] x9 : ffff000079407000 x8 : ffff800011d3bc30 
[  197.268806] x7 : 00000000f4d00000 x6 : ffff800011d3b9d8 
[  197.269677] x5 : 00000000d5300000 x4 : ffff8000117c51f0 
[  197.270502] x3 : 0000000069000000 x2 : 0000000000000000 
[  197.271317] x1 : ffff000079407000 x0 : 0000000080000005 
[  197.274466] Call trace:
[  197.275315]  do_undefinstr+0x2ec/0x310
[  197.276022]  el1_undef+0x10/0x84
[  197.276702]  udp_send_skb.isra.0+0x5c/0x368
[  197.277365]  udp_sendmsg+0x710/0x860
[  197.277961]  inet_sendmsg+0x40/0x68
[  197.278599]  __sys_sendto+0xd4/0x150
[  197.279513]  __arm64_sys_sendto+0x24/0x30
[  197.280412]  el0_svc_common.constprop.0+0x68/0x160
[  197.281684]  el0_svc_handler+0x20/0x80
[  197.282329]  el0_svc+0x8/0xc
[  197.284241] Code: f9401bf7 17ffff7c a9025bf5 f9001bf7 (d4210000) 
[  197.288735] ---[ end trace c78371c9c65830cb ]---
[  197.291021] note: python3[492] exited with preempt_count 1
[  197.412132] ------------[ cut here ]------------
[  197.415592] WARNING: CPU: 7 PID: 0 at kernel/rcu/tree.c:569 rcu_idle_enter+0x74/0x80
[  197.419785] Modules linked in:
[  197.423769] CPU: 7 PID: 0 Comm: swapper/7 Tainted: G      D           5.4.18 #2
[  197.427830] Hardware name: linux,dummy-virt (DT)
[  197.431862] pstate: 200003c5 (nzCv DAIF -PAN -UAO)
[  197.435123] pc : rcu_idle_enter+0x74/0x80
[  197.435889] lr : do_idle+0x200/0x288
[  197.442950] sp : ffff800011a7bf20
[  197.450087] x29: ffff800011a7bf20 x28: 0000000000000000 
[  197.451917] x27: 0000000000000000 x26: 0000000000000000 
[  197.453835] x25: 0000000000000000 x24: ffff8000117ba214 
[  197.454656] x23: ffff00007b0c7000 x22: ffff800011404ab8 
[  197.460323] x21: ffff8000117ba1f0 x20: 0000000000000007 
[  197.464377] x19: ffff8000117ba118 x18: 0000000000000010 
[  197.465183] x17: 0000000000000000 x16: 0000000000000000 
[  197.465507] x15: ffff000079407470 x14: 0000000000000001 
[  197.465747] x13: 0000000000001dd2 x12: 0000000000000109 
[  197.466509] x11: 00000000007773aa x10: 00000000000009c0 
[  197.466815] x9 : ffff800011a7be90 x8 : ffff00007b0c7a20 
[  197.467148] x7 : 0000000000000007 x6 : 000000118a87d4e3 
[  197.467438] x5 : 00ffffffffffffff x4 : ffff80006c7db000 
[  197.467781] x3 : 4000000000000002 x2 : 4000000000000000 
[  197.468170] x1 : ffff800011406980 x0 : ffff00007dbe1980 
[  197.470640] Call trace:
[  197.470812]  rcu_idle_enter+0x74/0x80
[  197.470986]  do_idle+0x200/0x288
[  197.471330]  cpu_startup_entry+0x20/0x40
[  197.471765]  secondary_start_kernel+0x154/0x190
[  197.472331] ---[ end trace c78371c9c65830cc ]---
