[  192.491571] kernel BUG at arch/arm64/kernel/traps.c:405!
[  192.497824] Internal error: Oops - BUG: 0 [#1] PREEMPT SMP
[  192.498480] Modules linked in:
[  192.500141] CPU: 3 PID: 494 Comm: python3 Not tainted 5.4.18 #2
[  192.500439] Hardware name: linux,dummy-virt (DT)
[  192.501396] pstate: 00000005 (nzcv daif -PAN -UAO)
[  192.506201] pc : do_undefinstr+0x2ec/0x310
[  192.506955] lr : do_undefinstr+0x1e0/0x310
[  192.507471] sp : ffff800011ee3980
[  192.508205] x29: ffff800011ee3980 x28: ffff00007a94e200 
[  192.509037] x27: ffff800011ee3d80 x26: 0000000000000011 
[  192.509536] x25: 0000000000000012 x24: 0000000000000000 
[  192.510024] x23: 0000000080000005 x22: ffff800010ba9364 
[  192.510583] x21: ffff800011ee3b20 x20: ffff00007a94e200 
[  192.511094] x19: ffff800011ee39e0 x18: 0000000000000000 
[  192.511616] x17: 0000000000000000 x16: 0000000000000000 
[  192.514196] x15: 0000000000000001 x14: 0000000000000000 
[  192.514576] x13: 0000000000000006 x12: 00000000c0a80164 
[  192.514935] x11: 0000000000000000 x10: 0000000000000068 
[  192.515312] x9 : ffff00007a94e200 x8 : ffff800011ee3c30 
[  192.515669] x7 : 0000000056300000 x6 : ffff800011ee39d8 
[  192.516514] x5 : 00000000d5300000 x4 : ffff8000117c51f0 
[  192.516871] x3 : 000000008f000000 x2 : 0000000000000000 
[  192.517202] x1 : ffff00007a94e200 x0 : 0000000080000005 
[  192.518257] Call trace:
[  192.518908]  do_undefinstr+0x2ec/0x310
[  192.519386]  el1_undef+0x10/0x84
[  192.519833]  udp_send_skb.isra.0+0x2c/0x368
[  192.520262]  udp_sendmsg+0x710/0x860
[  192.521429]  inet_sendmsg+0x40/0x68
[  192.521976]  __sys_sendto+0xd4/0x150
[  192.522369]  __arm64_sys_sendto+0x24/0x30
[  192.522769]  el0_svc_common.constprop.0+0x68/0x160
[  192.523254]  el0_svc_handler+0x20/0x80
[  192.523629]  el0_svc+0x8/0xc
[  192.525770] Code: f9401bf7 17ffff7c a9025bf5 f9001bf7 (d4210000) 
[  192.528273] ---[ end trace 4808ef9b585db96f ]---
[  192.530413] note: python3[494] exited with preempt_count 1
[  192.613619] ------------[ cut here ]------------
[  192.618267] WARNING: CPU: 3 PID: 0 at kernel/rcu/tree.c:569 rcu_idle_enter+0x74/0x80
[  192.619858] Modules linked in:
[  192.622201] CPU: 3 PID: 0 Comm: swapper/3 Tainted: G      D           5.4.18 #2
[  192.624367] Hardware name: linux,dummy-virt (DT)
[  192.626331] pstate: 20000085 (nzCv daIf -PAN -UAO)
[  192.627542] pc : rcu_idle_enter+0x74/0x80
[  192.628620] lr : do_idle+0x200/0x288
[  192.630350] sp : ffff800011a5bf20
[  192.635107] x29: ffff800011a5bf20 x28: 0000000000000000 
[  192.635416] x27: 0000000000000000 x26: 0000000000000000 
[  192.636728] x25: 0000000000000000 x24: ffff8000117ba214 
[  192.637754] x23: ffff00007b0c3800 x22: ffff800011404ab8 
[  192.638761] x21: ffff8000117ba1f0 x20: 0000000000000003 
[  192.639692] x19: ffff8000117ba118 x18: 0000000000000010 
[  192.640824] x17: 0000000000000000 x16: 0000000000000000 
[  192.641802] x15: 000000000000006d x14: 0000000000000000 
[  192.642625] x13: 0000000000000002 x12: 000000000000006d 
[  192.643208] x11: 0000000000000001 x10: 00000000000009c0 
[  192.643459] x9 : ffff800011a5be90 x8 : ffff00007b0c4220 
[  192.643818] x7 : ffff80006c783000 x6 : 0000000829e73eca 
[  192.644178] x5 : 00ffffffffffffff x4 : 000ec03023ac8e6c 
[  192.644535] x3 : 4000000000000002 x2 : 4000000000000000 
[  192.644912] x1 : ffff800011406980 x0 : ffff00007db89980 
[  192.645095] Call trace:
[  192.645209]  rcu_idle_enter+0x74/0x80
[  192.645337]  do_idle+0x200/0x288
[  192.645453]  cpu_startup_entry+0x24/0x40
[  192.645589]  secondary_start_kernel+0x154/0x190
[  192.645766] ---[ end trace 4808ef9b585db970 ]---
