[  193.396081] kernel BUG at arch/arm64/kernel/traps.c:405!
[  193.397820] Internal error: Oops - BUG: 0 [#1] PREEMPT SMP
[  193.399030] Modules linked in:
[  193.400326] CPU: 4 PID: 495 Comm: python3 Not tainted 5.4.18 #2
[  193.400861] Hardware name: linux,dummy-virt (DT)
[  193.402127] pstate: 00000005 (nzcv daif -PAN -UAO)
[  193.405010] pc : do_undefinstr+0x2ec/0x310
[  193.405711] lr : do_undefinstr+0x1e0/0x310
[  193.406107] sp : ffff800011f23980
[  193.406434] x29: ffff800011f23980 x28: ffff0000796dd400 
[  193.408015] x27: ffff800011f23d80 x26: 0000000000000011 
[  193.408854] x25: 0000000000000012 x24: 0000000000000000 
[  193.409688] x23: 0000000080000005 x22: ffff800010ba9484 
[  193.410451] x21: ffff800011f23b20 x20: ffff0000796dd400 
[  193.411334] x19: ffff800011f239e0 x18: 0000000000000000 
[  193.412052] x17: 0000000000000000 x16: 0000000000000000 
[  193.413016] x15: 0000000000000001 x14: 0000000000000000 
[  193.413895] x13: 0000000000000006 x12: 000000000000003c 
[  193.414786] x11: ffff00007a44a000 x10: 0000000000000000 
[  193.415809] x9 : ffff000078167d40 x8 : 0000000000000028 
[  193.416948] x7 : ffff000072466000 x6 : ffff800011f239d8 
[  193.417552] x5 : 00000000d5300000 x4 : ffff8000117c51f0 
[  193.418113] x3 : 0000000089000000 x2 : 0000000000000000 
[  193.418843] x1 : ffff0000796dd400 x0 : 0000000080000005 
[  193.421014] Call trace:
[  193.421691]  do_undefinstr+0x2ec/0x310
[  193.424047]  el1_undef+0x10/0x84
[  193.424686]  udp_send_skb.isra.0+0x14c/0x368
[  193.425223]  udp_sendmsg+0x710/0x860
[  193.425673]  inet_sendmsg+0x40/0x68
[  193.426100]  __sys_sendto+0xd4/0x150
[  193.426516]  __arm64_sys_sendto+0x24/0x30
[  193.426963]  el0_svc_common.constprop.0+0x68/0x160
[  193.427304]  el0_svc_handler+0x20/0x80
[  193.427584]  el0_svc+0x8/0xc
[  193.428402] Code: f9401bf7 17ffff7c a9025bf5 f9001bf7 (d4210000) 
[  193.430201] ---[ end trace b277b4f4334bb72f ]---
[  193.431702] note: python3[495] exited with preempt_count 2
[  193.550588] ------------[ cut here ]------------
[  193.553504] WARNING: CPU: 4 PID: 0 at kernel/rcu/tree.c:569 rcu_idle_enter+0x74/0x80
[  193.554910] Modules linked in:
[  193.556800] CPU: 4 PID: 0 Comm: swapper/4 Tainted: G      D           5.4.18 #2
[  193.557172] Hardware name: linux,dummy-virt (DT)
[  193.557731] pstate: 200003c5 (nzCv DAIF -PAN -UAO)
[  193.558238] pc : rcu_idle_enter+0x74/0x80
[  193.558671] lr : do_idle+0x200/0x288
[  193.559043] sp : ffff800011a63f20
[  193.559380] x29: ffff800011a63f20 x28: 0000000000000000 
[  193.562158] x27: 0000000000000000 x26: 0000000000000000 
[  193.564282] x25: 0000000000000000 x24: ffff8000117ba214 
[  193.565563] x23: ffff00007b0c4600 x22: ffff800011404ab8 
[  193.566500] x21: ffff8000117ba1f0 x20: 0000000000000004 
[  193.567071] x19: ffff8000117ba118 x18: 0000000000000010 
[  193.568793] x17: 0000000000000000 x16: 0000000000000000 
[  193.569113] x15: 00000000000000b3 x14: 0000000000000001 
[  193.569397] x13: 00000000000022df x12: 00000000000000c2 
[  193.569679] x11: 00000000008b9d59 x10: 00000000000009c0 
[  193.569961] x9 : ffff800011a63e90 x8 : ffff00007b0c5020 
[  193.570909] x7 : 0000000000000004 x6 : 00000229678b1980 
[  193.572291] x5 : 00ffffffffffffff x4 : ffff80006c799000 
[  193.573573] x3 : 4000000000000002 x2 : 4000000000000000 
[  193.575016] x1 : ffff800011406980 x0 : ffff00007db9f980 
[  193.576829] Call trace:
[  193.577519]  rcu_idle_enter+0x74/0x80
[  193.578733]  do_idle+0x200/0x288
[  193.579131]  cpu_startup_entry+0x20/0x40
[  193.579783]  secondary_start_kernel+0x154/0x190
[  193.581829] ---[ end trace b277b4f4334bb730 ]---
