[  193.853210] Unable to handle kernel paging request at virtual address 005f7c058b020190
[  193.856679] Mem abort info:
[  193.859140]   ESR = 0x96000004
[  193.859955]   EC = 0x25: DABT (current EL), IL = 32 bits
[  193.861919]   SET = 0, FnV = 0
[  193.873518]   EA = 0, S1PTW = 0
[  193.879891] Data abort info:
[  193.885584]   ISV = 0, ISS = 0x00000004
[  193.894624]   CM = 0, WnR = 0
[  193.902020] [005f7c058b020190] address between user and kernel address ranges
[  193.908061] Internal error: Oops: 96000004 [#1] PREEMPT SMP
[  193.913229] Modules linked in:
[  193.916549] CPU: 0 PID: 495 Comm: python3 Not tainted 5.4.18 #2
[  193.917357] Hardware name: linux,dummy-virt (DT)
[  193.919363] pstate: 80000005 (Nzcv daif -PAN -UAO)
[  193.920873] pc : udp_send_skb.isra.0+0x144/0x368
[  193.921953] lr : udp_send_skb.isra.0+0x11c/0x368
[  193.922823] sp : ffff800011fabb20
[  193.923628] x29: ffff800011fabb20 x28: 000000000000001a 
[  193.927070] x27: ffff800011fabd80 x26: 0000000000000011 
[  193.930418] x25: 0000000000000012 x24: ffff000076d45424 
[  193.932609] x23: ffff800011fabc30 x22: ffff000076ceaa80 
[  193.934225] x21: 0000000000000011 x20: 000000000000001a 
[  193.936380] x19: ffff000076d42a00 x18: 0000000000000000 
[  193.937686] x17: 0000000000000000 x16: 0000000000000000 
[  193.938471] x15: 0000000000000001 x14: 0000000000000000 
[  193.938989] x13: 0000000000000006 x12: 000000000000003c 
[  193.939436] x11: ffff00007a95f000 x10: ffff00007b1d47c0 
[  193.939877] x9 : 0000000000000d98 x8 : 0000000000000001 
[  193.940191] x7 : 0000000000004e20 x6 : 000000ed9f612d09 
[  193.940579] x5 : 00ffffffffffffff x4 : 0000000000000015 
[  193.940972] x3 : 0000000000000001 x2 : ffff80006c741000 
[  193.941463] x1 : ffff00007b38d400 x0 : c85f7c058b020000 
[  193.942982] Call trace:
[  193.943546]  udp_send_skb.isra.0+0x144/0x368
[  193.944015]  udp_sendmsg+0x710/0x860
[  193.944438]  inet_sendmsg+0x40/0x68
[  193.944800]  __sys_sendto+0xd4/0x150
[  193.945152]  __arm64_sys_sendto+0x24/0x30
[  193.945557]  el0_svc_common.constprop.0+0x68/0x160
[  193.947246]  el0_svc_handler+0x20/0x80
[  193.947810]  el0_svc+0x8/0xc
[  193.950353] Code: b9001020 f9401bc0 d2800023 d538d082 (f940c800) 
[  193.953530] ---[ end trace d0e2fb957cde68e9 ]---
[  193.956797] note: python3[495] exited with preempt_count 1
