[  192.525616] Unable to handle kernel read from unreadable memory at virtual address ffff800011e93c68
[  192.537321] Mem abort info:
[  192.538026]   ESR = 0x8600000f
[  192.538614]   EC = 0x21: IABT (current EL), IL = 32 bits
[  192.539393]   SET = 0, FnV = 0
[  192.542257]   EA = 0, S1PTW = 0
[  192.546401] swapper pgtable: 4k pages, 48-bit VAs, pgdp=00000000412a6000
[  192.549213] [ffff800011e93c68] pgd=00000000bdfff003, pud=00000000bdffe003, pmd=00000000baa15003, pte=00680000b5f7d713
[  192.567167] Internal error: Oops: 8600000f [#1] PREEMPT SMP
[  192.578533] Modules linked in:
[  192.584558] CPU: 6 PID: 494 Comm: python3 Not tainted 5.4.18 #2
[  192.586083] Hardware name: linux,dummy-virt (DT)
[  192.588606] pstate: 80000005 (Nzcv daif -PAN -UAO)
[  192.594160] pc : 0xffff800011e93c68
[  192.600150] lr : udp_sendmsg+0x710/0x860
[  192.601669] sp : ffff800011e93b60
[  192.602563] x29: ffff800011e93b70 x28: 000000000000001a 
[  192.605299] x27: ffff800011e93d80 x26: 0000000000000011 
[  192.606184] x25: 0000000000000012 x24: ffff00007946a988 
[  192.607056] x23: 000000006401a8c0 x22: ffff800011e93c68 
[  192.611806] x21: ffff000075fd2a00 x20: 000000007a586d00 
[  192.613271] x19: ffff00007946a640 x18: 0000000000000000 
[  192.615018] x17: 0000000000000000 x16: 0000000000000000 
[  192.617878] x15: 0000000000000001 x14: 0000000000000000 
[  192.618490] x13: 0000000000000006 x12: 000000000000003c 
[  192.619143] x11: ffff000071804000 x10: 0000000000000000 
[  192.621118] x9 : ffff000075e7a140 x8 : 0000000000000028 
[  192.622353] x7 : ffff00007940e000 x6 : 0000000022100000 
[  192.627438] x5 : 0000000000000029 x4 : 0000000000000000 
[  192.629025] x3 : 0000000000000001 x2 : ffff80006c7c5000 
[  192.629666] x1 : ffff000075fd2a00 x0 : 0000000000000000 
[  192.630495] Call trace:
[  192.630756]  0xffff800011e93c68
[  192.632015]  inet_sendmsg+0x40/0x68
[  192.632591]  __sys_sendto+0xd4/0x150
[  192.633143]  __arm64_sys_sendto+0x24/0x30
[  192.633792]  el0_svc_common.constprop.0+0x68/0x160
[  192.634255]  el0_svc_handler+0x20/0x80
[  192.634490]  el0_svc+0x8/0xc
[  192.636672] Code: 6e01a8c0 6401a8c0 ecbe8813 00000000 (00000000) 
[  192.645527] ---[ end trace 43637111138a3e62 ]---
