[  192.763018] Unable to handle kernel NULL pointer dereference at virtual address 0000000000000008
[  192.778676] Mem abort info:
[  192.779733]   ESR = 0x96000006
[  192.782652]   EC = 0x25: DABT (current EL), IL = 32 bits
[  192.793750]   SET = 0, FnV = 0
[  192.795814]   EA = 0, S1PTW = 0
[  192.799549] Data abort info:
[  192.808182]   ISV = 0, ISS = 0x00000006
[  192.811684]   CM = 0, WnR = 0
[  192.817808] user pgtable: 4k pages, 48-bit VAs, pgdp=00000000b8086000
[  192.819392] [0000000000000008] pgd=00000000b4315003, pud=00000000b4343003, pmd=0000000000000000
[  192.833354] Internal error: Oops: 96000006 [#1] PREEMPT SMP
[  192.836051] Modules linked in:
[  192.839148] CPU: 3 PID: 494 Comm: python3 Tainted: G        W         5.4.18 #2
[  192.841041] Hardware name: linux,dummy-virt (DT)
[  192.841536] pstate: 00000005 (nzcv daif -PAN -UAO)
[  192.842353] pc : udp_sendmsg+0x2ac/0x860
[  192.845580] lr : udp_sendmsg+0x3f4/0x860
[  192.847266] sp : ffff8000120d3b30
[  192.852280] x29: ffff8000120d3b70 x28: 000000000000001a 
[  192.856512] x27: ffff8000120d3d80 x26: 0000000000000011 
[  192.858108] x25: 000000000000002b x24: ffff0000782bb624 
[  192.858931] x23: ffff8000120d3c30 x22: 00000000ffff8000 
[  192.859689] x21: 0000000000000011 x20: 000000000000002b 
[  192.860772] x19: ffff000079b95400 x18: 0000000000000001 
[  192.861359] x17: 0000000000000000 x16: 0000000000000000 
[  192.861945] x15: ffff8000117d2000 x14: ffff800011992f72 
[  192.863576] x13: 0000000000000000 x12: ffff800011992000 
[  192.866947] x11: ffff8000117d2000 x10: ffff8000119925c0 
[  192.869312] x9 : 0000000000000000 x8 : 0000000000000000 
[  192.870052] x7 : 0000000000000004 x6 : 000000000000016a 
[  192.870619] x5 : 0000000000000000 x4 : ffff00007db7f188 
[  192.873444] x3 : 000000000000000f x2 : ffff8000120d3d18 
[  192.875072] x1 : 0000000000000000 x0 : 0000000000000000 
[  192.879313] Call trace:
[  192.881399]  udp_sendmsg+0x2ac/0x860
[  192.883195]  inet_sendmsg+0x40/0x68
[  192.884462]  __sys_sendto+0xd4/0x150
[  192.885126]  __arm64_sys_sendto+0x24/0x30
[  192.886396]  el0_svc_common.constprop.0+0x68/0x160
[  192.890678]  el0_svc_handler+0x20/0x80
[  192.892248]  el0_svc+0x8/0xc
[  192.899054] Code: 3101a69f 540000c0 f9413660 2a1403f9 (f9400400) 
[  192.903444] ---[ end trace f47dff622aa229c6 ]---
