[  193.086609] Unable to handle kernel NULL pointer dereference at virtual address 0000000000000030
[  193.097482] Mem abort info:
[  193.098801]   ESR = 0x96000006
[  193.100436]   EC = 0x25: DABT (current EL), IL = 32 bits
[  193.103654]   SET = 0, FnV = 0
[  193.107197]   EA = 0, S1PTW = 0
[  193.110855] Data abort info:
[  193.111831]   ISV = 0, ISS = 0x00000006
[  193.115011]   CM = 0, WnR = 0
[  193.118956] user pgtable: 4k pages, 48-bit VAs, pgdp=00000000b19c2000
[  193.134816] [0000000000000030] pgd=00000000b27f7003, pud=00000000b19bf003, pmd=0000000000000000
[  193.154161] Internal error: Oops: 96000006 [#1] PREEMPT SMP
[  193.155346] Modules linked in:
[  193.157456] CPU: 1 PID: 494 Comm: python3 Not tainted 5.4.18 #2
[  193.158310] Hardware name: linux,dummy-virt (DT)
[  193.161952] pstate: 40000005 (nZcv daif -PAN -UAO)
[  193.167029] pc : udp_send_skb.isra.0+0x48/0x368
[  193.167670] lr : udp_sendmsg+0x710/0x860
[  193.169697] sp : ffff800011f83b20
[  193.170247] x29: ffff800011f83b20 x28: 000000000000001a 
[  193.171036] x27: ffff800011f83d80 x26: 0000000000000011 
[  193.171629] x25: 0000000000000012 x24: ffff0000783b6824 
[  193.172743] x23: 0000000000000000 x22: ffff00007abf1100 
[  193.174701] x21: 0000000000000011 x20: 000000000000001a 
[  193.175339] x19: ffff00007aa55a00 x18: 0000000000000000 
[  193.175889] x17: 0000000000000000 x16: 0000000000000000 
[  193.176532] x15: 0000000000000001 x14: 0000000000000000 
[  193.177323] x13: 0000000000000006 x12: 00000000c0a80164 
[  193.179096] x11: 0000000000000000 x10: 0000000000000068 
[  193.179654] x9 : ffff00007b3d6200 x8 : ffff800011f83c30 
[  193.180213] x7 : 0000000072a00000 x6 : 000000000000d79c 
[  193.183017] x5 : ffff0000783b6800 x4 : 0000000000000024 
[  193.184986] x3 : ffff800011f83c8e x2 : ffff800011f83c78 
[  193.185723] x1 : 0000000000001a00 x0 : ffff00007aa55a00 
[  193.190217] Call trace:
[  193.200073]  udp_send_skb.isra.0+0x48/0x368
[  193.202696]  udp_sendmsg+0x710/0x860
[  193.203318]  inet_sendmsg+0x40/0x68
[  193.203967]  __sys_sendto+0xd4/0x150
[  193.205347]  __arm64_sys_sendto+0x24/0x30
[  193.206453]  el0_svc_common.constprop.0+0x68/0x160
[  193.206781]  el0_svc_handler+0x20/0x80
[  193.207220]  el0_svc+0x8/0xc
[  193.214014] Code: 394806d5 4b010294 782468a6 53183e81 (794062e4) 
[  193.224515] ---[ end trace 7230acbb3e1f8c88 ]---
