[  194.291945] kernel BUG at arch/arm64/kernel/traps.c:405!
[  194.305400] Internal error: Oops - BUG: 0 [#1] PREEMPT SMP
[  194.308353] Modules linked in:
[  194.316487] CPU: 4 PID: 491 Comm: python3 Not tainted 5.4.18 #2
[  194.318185] Hardware name: linux,dummy-virt (DT)
[  194.320909] pstate: 00000005 (nzcv daif -PAN -UAO)
[  194.327541] pc : do_undefinstr+0x2ec/0x310
[  194.328868] lr : do_undefinstr+0x1e0/0x310
[  194.329922] sp : ffff800011d43980
[  194.331146] x29: ffff800011d43980 x28: ffff000075c6e200 
[  194.334179] x27: ffff800011d43d80 x26: 0000000000000011 
[  194.337676] x25: 0000000000000012 x24: 0000000000000000 
[  194.339221] x23: 0000000080000005 x22: ffff800010ba948c 
[  194.340343] x21: ffff800011d43b20 x20: ffff000075c6e200 
[  194.341598] x19: ffff800011d439e0 x18: 0000000000000000 
[  194.343176] x17: 0000000000000000 x16: 0000000000000000 
[  194.344780] x15: 0000000000000001 x14: 0000000000000000 
[  194.345518] x13: 0000000000000006 x12: 000000000000003c 
[  194.346204] x11: ffff0000783de000 x10: 0000000000000000 
[  194.346859] x9 : ffff000076d95140 x8 : 0000000000000028 
[  194.348070] x7 : ffff000075f1c000 x6 : ffff800011d439d8 
[  194.349134] x5 : 00000000d5300000 x4 : ffff8000117c51f0 
[  194.351521] x3 : 000000008f000000 x2 : 0000000000000000 
[  194.352526] x1 : ffff000075c6e200 x0 : 0000000080000005 
[  194.354020] Call trace:
[  194.355128]  do_undefinstr+0x2ec/0x310
[  194.356035]  el1_undef+0x10/0x84
[  194.356790]  udp_send_skb.isra.0+0x154/0x368
[  194.357669]  udp_sendmsg+0x710/0x860
[  194.358452]  inet_sendmsg+0x40/0x68
[  194.359436]  __sys_sendto+0xd4/0x150
[  194.360080]  __arm64_sys_sendto+0x24/0x30
[  194.360846]  el0_svc_common.constprop.0+0x68/0x160
[  194.361638]  el0_svc_handler+0x20/0x80
[  194.362931]  el0_svc+0x8/0xc
[  194.367302] Code: f9401bf7 17ffff7c a9025bf5 f9001bf7 (d4210000) 
[  194.372681] ---[ end trace de56df48bfd7dd15 ]---
[  194.374817] note: python3[491] exited with preempt_count 2
[  194.526922] ------------[ cut here ]------------
[  194.529788] WARNING: CPU: 4 PID: 0 at kernel/rcu/tree.c:569 rcu_idle_enter+0x74/0x80
[  194.536067] Modules linked in:
[  194.539476] CPU: 4 PID: 0 Comm: swapper/4 Tainted: G      D           5.4.18 #2
[  194.541187] Hardware name: linux,dummy-virt (DT)
[  194.546464] pstate: 200003c5 (nzCv DAIF -PAN -UAO)
[  194.553024] pc : rcu_idle_enter+0x74/0x80
[  194.553456] lr : do_idle+0x200/0x288
[  194.555340] sp : ffff800011a63f20
[  194.556484] x29: ffff800011a63f20 x28: 0000000000000000 
[  194.556988] x27: 0000000000000000 x26: 0000000000000000 
[  194.557741] x25: 0000000000000000 x24: ffff8000117ba214 
[  194.560293] x23: ffff00007b0c4600 x22: ffff800011404ab8 
[  194.561890] x21: ffff8000117ba1f0 x20: 0000000000000004 
[  194.568086] x19: ffff8000117ba118 x18: 0000000000000010 
[  194.571713] x17: 0000000000000000 x16: 0000000000000000 
[  194.582152] x15: 0000000000000155 x14: 0000000000000000 
[  194.587048] x13: 0000000000000002 x12: 0000000000000155 
[  194.593554] x11: 0000000000000001 x10: 00000000000009c0 
[  194.602746] x9 : ffff800011a63e90 x8 : ffff00007b0c5020 
[  194.608308] x7 : 0000000000000400 x6 : 00000265619cd22e 
[  194.616011] x5 : 00ffffffffffffff x4 : ffff80006c799000 
[  194.618245] x3 : 4000000000000002 x2 : 4000000000000000 
[  194.619083] x1 : ffff800011406980 x0 : ffff00007db9f980 
[  194.619343] Call trace:
[  194.619533]  rcu_idle_enter+0x74/0x80
[  194.619832]  do_idle+0x200/0x288
[  194.620030]  cpu_startup_entry+0x24/0x40
[  194.620260]  secondary_start_kernel+0x154/0x190
[  194.620550] ---[ end trace de56df48bfd7dd16 ]---
