[  193.492565] Unable to handle kernel NULL pointer dereference at virtual address 000000000000000f
[  193.502851] Mem abort info:
[  193.503477]   ESR = 0x96000046
[  193.504094]   EC = 0x25: DABT (current EL), IL = 32 bits
[  193.504779]   SET = 0, FnV = 0
[  193.505202]   EA = 0, S1PTW = 0
[  193.505581] Data abort info:
[  193.506505]   ISV = 0, ISS = 0x00000046
[  193.509025]   CM = 0, WnR = 1
[  193.510554] user pgtable: 4k pages, 48-bit VAs, pgdp=00000000b39da000
[  193.514809] [000000000000000f] pgd=00000000b1f42003, pud=00000000b1e49003, pmd=0000000000000000
[  193.517629] Internal error: Oops: 96000046 [#1] PREEMPT SMP
[  193.523639] Modules linked in:
[  193.526241] CPU: 6 PID: 496 Comm: python3 Not tainted 5.4.18 #2
[  193.527692] Hardware name: linux,dummy-virt (DT)
[  193.528629] pstate: 80000005 (Nzcv daif -PAN -UAO)
[  193.530977] pc : udp_send_skb.isra.0+0x134/0x368
[  193.531481] lr : udp_send_skb.isra.0+0x11c/0x368
[  193.531945] sp : ffff800011ee3b20
[  193.533606] x29: ffff800011ee3b20 x28: 000000000000001a 
[  193.538817] x27: ffff800011ee3d80 x26: 0000000000000011 
[  193.540499] x25: 0000000000000012 x24: ffff0000782d5424 
[  193.544623] x23: ffff800011ee3c30 x22: ffff000079083b80 
[  193.546876] x21: 0000000000000011 x20: 000000000000001a 
[  193.549037] x19: ffff000078345f00 x18: 0000000000000000 
[  193.551253] x17: 0000000000000000 x16: 0000000000000000 
[  193.552005] x15: 0000000000000000 x14: 0000000000000000 
[  193.552521] x13: 0000000000000002 x12: 0000000000000000 
[  193.553725] x11: 0000000000000000 x10: 0000000000000000 
[  193.555309] x9 : 0000000000000000 x8 : ffff8000117b9000 
[  193.556089] x7 : 00000000001e6f20 x6 : 0000008cd1f7a4d2 
[  193.556411] x5 : 00ffffffffffffff x4 : 0000000000000015 
[  193.557121] x3 : 00000000084ae960 x2 : 0000000000000000 
[  193.559191] x1 : ffff0000791f3800 x0 : 0000000000000001 
[  193.560214] Call trace:
[  193.561681]  udp_send_skb.isra.0+0x134/0x368
[  193.562317]  udp_sendmsg+0x710/0x860
[  193.563461]  inet_sendmsg+0x40/0x68
[  193.563957]  __sys_sendto+0xd4/0x150
[  193.564473]  __arm64_sys_sendto+0x24/0x30
[  193.566719]  el0_svc_common.constprop.0+0x68/0x160
[  193.567325]  el0_svc_handler+0x20/0x80
[  193.567548]  el0_svc+0x8/0xc
[  193.568665] Code: 54000e60 d5384101 b9401020 11000400 (b90010a0) 
[  193.572041] ---[ end trace f08efac1e5175592 ]---
