[  193.457665] Unable to handle kernel NULL pointer dereference at virtual address 000000000000005a
[  193.461371] Mem abort info:
[  193.462049]   ESR = 0x96000006
[  193.464776]   EC = 0x25: DABT (current EL), IL = 32 bits
[  193.467311]   SET = 0, FnV = 0
[  193.468199]   EA = 0, S1PTW = 0
[  193.470274] Data abort info:
[  193.471827]   ISV = 0, ISS = 0x00000006
[  193.473286]   CM = 0, WnR = 0
[  193.475153] user pgtable: 4k pages, 48-bit VAs, pgdp=00000000b2477000
[  193.489244] [000000000000005a] pgd=00000000ba870003, pud=00000000b157b003, pmd=0000000000000000
[  193.513267] Internal error: Oops: 96000006 [#1] PREEMPT SMP
[  193.516602] Modules linked in:
[  193.521200] CPU: 6 PID: 494 Comm: python3 Not tainted 5.4.18 #2
[  193.523960] Hardware name: linux,dummy-virt (DT)
[  193.528420] pstate: 80000005 (Nzcv daif -PAN -UAO)
[  193.541385] pc : __udp4_lib_rcv+0x42c/0x898
[  193.541818] lr : udp_send_skb.isra.0+0x11c/0x368
[  193.546071] sp : ffff800011ef3b20
[  193.547583] x29: ffff800011ef3b20 x28: 000000000000001a 
[  193.548545] x27: ffff800011ef3d80 x26: 0000000000000011 
[  193.549426] x25: 0000000000000012 x24: ffff00007976f824 
[  193.552153] x23: ffff800011ef3c30 x22: ffff000076db1540 
[  193.552990] x21: 0000000000000011 x20: 000000000000001a 
[  193.556703] x19: ffff000076d4d100 x18: 0000000000000000 
[  193.558200] x17: 0000000000000000 x16: 0000000000000000 
[  193.560970] x15: 0000000000000001 x14: 0000000000000000 
[  193.562351] x13: 0000000000000006 x12: 000000000000003c 
[  193.564047] x11: ffff0000782db000 x10: 0000000000000000 
[  193.565025] x9 : ffff0000797e9140 x8 : 0000000000000028 
[  193.568751] x7 : ffff00007b204000 x6 : 0000000022100000 
[  193.571598] x5 : 000000000000004e x4 : 0000000000000000 
[  193.573728] x3 : 00000000ffffff88 x2 : ffff80006c7c5000 
[  193.584951] x1 : ffff00007941d400 x0 : 0000000000000000 
[  193.591345] Call trace:
[  193.594996]  __udp4_lib_rcv+0x42c/0x898
[  193.597156]  udp_sendmsg+0x710/0x860
[  193.598947]  0x11
[  193.604501] Code: 52800004 12800ee3 12001800 39020660 (294184a0) 
[  193.615026] ---[ end trace 13feec33516bb532 ]---
