[  243.294146] kernel BUG at arch/arm64/kernel/traps.c:405!
[  243.296793] Internal error: Oops - BUG: 0 [#1] PREEMPT SMP
[  243.298760] Modules linked in:
[  243.307166] CPU: 2 PID: 496 Comm: python3 Not tainted 5.4.18 #2
[  243.307846] Hardware name: linux,dummy-virt (DT)
[  243.308772] pstate: 00000005 (nzcv daif -PAN -UAO)
[  243.313613] pc : do_undefinstr+0x2ec/0x310
[  243.314240] lr : do_undefinstr+0x1e0/0x310
[  243.314725] sp : ffff8000120d3980
[  243.315313] x29: ffff8000120d3980 x28: ffff00007b357000 
[  243.316984] x27: ffff8000120d3d80 x26: 0000000000000011 
[  243.317901] x25: 0000000000000012 x24: 0000000000000000 
[  243.318924] x23: 0000000060000005 x22: ffff800010ba9458 
[  243.319943] x21: ffff8000120d3b20 x20: ffff00007b357000 
[  243.321320] x19: ffff8000120d39e0 x18: 0000000000000000 
[  243.322609] x17: 0000000000000000 x16: 0000000000000000 
[  243.323712] x15: 0000000000000001 x14: 0000000000000000 
[  243.324819] x13: 0000000000000006 x12: 000000000000003c 
[  243.325699] x11: ffff0000746c9000 x10: 0000000000000000 
[  243.326569] x9 : ffff00007abec540 x8 : 0000000000000028 
[  243.328491] x7 : ffff000071b34000 x6 : ffff8000120d39d8 
[  243.329552] x5 : 00000000d5300000 x4 : ffff8000117c51f0 
[  243.331943] x3 : 0000000071800000 x2 : 0000000000000000 
[  243.333712] x1 : ffff00007b357000 x0 : 0000000060000005 
[  243.335579] Call trace:
[  243.336506]  do_undefinstr+0x2ec/0x310
[  243.337298]  el1_undef+0x10/0x84
[  243.337996]  udp_send_skb.isra.0+0x120/0x368
[  243.339048]  udp_sendmsg+0x710/0x860
[  243.339714]  inet_sendmsg+0x40/0x68
[  243.340470]  __sys_sendto+0xd4/0x150
[  243.341119]  __arm64_sys_sendto+0x24/0x30
[  243.341830]  el0_svc_common.constprop.0+0x68/0x160
[  243.342739]  el0_svc_handler+0x20/0x80
[  243.343423]  el0_svc+0x8/0xc
[  243.346050] Code: f9401bf7 17ffff7c a9025bf5 f9001bf7 (d4210000) 
[  243.352165] ---[ end trace 9cb94ed6634a0824 ]---
[  243.354142] note: python3[496] exited with preempt_count 1
[  243.507476] ------------[ cut here ]------------
[  243.517754] WARNING: CPU: 2 PID: 0 at kernel/rcu/tree.c:569 rcu_idle_enter+0x74/0x80
[  243.526643] Modules linked in:
[  243.529562] CPU: 2 PID: 0 Comm: swapper/2 Tainted: G      D           5.4.18 #2
[  243.537129] Hardware name: linux,dummy-virt (DT)
[  243.537540] pstate: 200003c5 (nzCv DAIF -PAN -UAO)
[  243.537947] pc : rcu_idle_enter+0x74/0x80
[  243.538278] lr : do_idle+0x200/0x288
[  243.539533] sp : ffff800011a53f20
[  243.546056] x29: ffff800011a53f20 x28: 0000000000000000 
[  243.559662] x27: 0000000000000000 x26: 0000000000000000 
[  243.567555] x25: 0000000000000000 x24: ffff8000117ba214 
[  243.569244] x23: ffff00007b0c2a00 x22: ffff800011404ab8 
[  243.570088] x21: ffff8000117ba1f0 x20: 0000000000000002 
[  243.571091] x19: ffff8000117ba118 x18: 0000000000000010 
[  243.577677] x17: 0000000000000000 x16: 0000000000000000 
[  243.583600] x15: 0000000000000377 x14: 0000000000000000 
[  243.585967] x13: 0000000000000003 x12: 0000000000000377 
[  243.586407] x11: 0000000000000001 x10: 00000000000009c0 
[  243.587129] x9 : ffff800011a53e90 x8 : ffff00007b0c3420 
[  243.587612] x7 : 00000000000002dc x6 : 0000000f6f3ac4e2 
[  243.590300] x5 : 00ffffffffffffff x4 : ffff80006c76d000 
[  243.600804] x3 : 4000000000000002 x2 : 4000000000000000 
[  243.601406] x1 : ffff800011406980 x0 : ffff00007db73980 
[  243.602412] Call trace:
[  243.602935]  rcu_idle_enter+0x74/0x80
[  243.603306]  do_idle+0x200/0x288
[  243.603557]  cpu_startup_entry+0x20/0x40
[  243.606953]  secondary_start_kernel+0x154/0x190
[  243.610081] ---[ end trace 9cb94ed6634a0825 ]---
