[  193.891435] Unable to handle kernel paging request at virtual address 0000ffff87b5e57f
[  193.895995] Mem abort info:
[  193.898117]   ESR = 0x96000006
[  193.899540]   EC = 0x25: DABT (current EL), IL = 32 bits
[  193.903500]   SET = 0, FnV = 0
[  193.904410]   EA = 0, S1PTW = 0
[  193.907002] Data abort info:
[  193.912377]   ISV = 0, ISS = 0x00000006
[  193.918145]   CM = 0, WnR = 0
[  193.931119] user pgtable: 4k pages, 48-bit VAs, pgdp=00000000b6e7c000
[  193.938800] [0000ffff87b5e57f] pgd=00000000b6c46003, pud=00000000afa50003, pmd=0000000000000000
[  193.954955] Internal error: Oops: 96000006 [#1] PREEMPT SMP
[  193.959031] Modules linked in:
[  193.963533] CPU: 3 PID: 493 Comm: python3 Not tainted 5.4.18 #2
[  193.966072] Hardware name: linux,dummy-virt (DT)
[  193.968338] pstate: 80000005 (Nzcv daif -PAN -UAO)
[  193.974534] pc : udp_send_skb.isra.0+0x1a4/0x368
[  193.975306] lr : udp_sendmsg+0x710/0x860
[  193.976352] sp : ffff8000120d3b20
[  193.976933] x29: ffff8000120d3b20 x28: 000000000000001a 
[  193.977885] x27: ffff8000120d3d80 x26: 0000000000000011 
[  193.978572] x25: 0000000000000012 x24: ffff000078782c24 
[  193.979236] x23: ffff8000120d3c30 x22: ffff00007a45cc80 
[  193.980042] x21: 0000000000000011 x20: 000000000000001a 
[  193.981616] x19: 0000ffff87b5e4ff x18: 0000000000000000 
[  193.982223] x17: 0000000000000000 x16: 0000000000000000 
[  193.982528] x15: 0000000000000001 x14: 0000000000000000 
[  193.982897] x13: 0000000000000006 x12: 00000000c0a80164 
[  193.983239] x11: 0000000000000000 x10: 0000000000000068 
[  193.984921] x9 : ffff0000796e8e00 x8 : ffff8000120d3c30 
[  193.986506] x7 : 00000000f4200000 x6 : 00000000000081b5 
[  193.987029] x5 : 0000000000000000 x4 : 0000000000000000 
[  193.987662] x3 : ffff8000120d3c8e x2 : ffff8000120d3c78 
[  193.988932] x1 : 0000000000001a00 x0 : 0000000000000000 
[  193.993523] Call trace:
[  193.997678]  udp_send_skb.isra.0+0x1a4/0x368
[  194.000259]  udp_sendmsg+0x710/0x860
[  194.005162]  inet_sendmsg+0x40/0x68
[  194.006483]  __sys_sendto+0xd4/0x150
[  194.013683]  __arm64_sys_sendto+0x24/0x30
[  194.016460]  el0_svc_common.constprop.0+0x68/0x160
[  194.018306]  el0_svc_handler+0x20/0x80
[  194.021342]  el0_svc+0x8/0xc
[  194.030719] Code: 710222bf 540007a0 394802c0 37100ba0 (39420260) 
[  194.035656] ---[ end trace f95046f62b898e4c ]---
