[  193.540011] kernel BUG at arch/arm64/kernel/traps.c:405!
[  193.550308] Internal error: Oops - BUG: 0 [#1] PREEMPT SMP
[  193.555374] Modules linked in:
[  193.561984] CPU: 3 PID: 494 Comm: python3 Not tainted 5.4.18 #2
[  193.563556] Hardware name: linux,dummy-virt (DT)
[  193.564536] pstate: 00000005 (nzcv daif -PAN -UAO)
[  193.570819] pc : do_undefinstr+0x2ec/0x310
[  193.571984] lr : do_undefinstr+0x1e0/0x310
[  193.572997] sp : ffff800011fa39c0
[  193.573718] x29: ffff800011fa39c0 x28: ffff000079009c00 
[  193.574693] x27: ffff800011fa3d80 x26: 0000000000000011 
[  193.575601] x25: 0000000000000012 x24: 0000000000000000 
[  193.576286] x23: 0000000080000005 x22: ffff800010ba9338 
[  193.577171] x21: ffff800011fa3b60 x20: ffff000079009c00 
[  193.578292] x19: ffff800011fa3a20 x18: 0000000000000000 
[  193.579429] x17: 0000000000000000 x16: 0000000000000000 
[  193.580493] x15: 0000000000000001 x14: 0000000000000000 
[  193.581619] x13: 0000000000000006 x12: 00000000c0a80164 
[  193.582687] x11: 0000000000000000 x10: 0000000000000068 
[  193.583824] x9 : ffff000079009c00 x8 : ffff800011fa3c30 
[  193.585170] x7 : 00000000ae100000 x6 : ffff800011fa3a18 
[  193.587655] x5 : 00000000d5300000 x4 : ffff8000117c51f0 
[  193.590574] x3 : 00000000abb00000 x2 : 0000000000000000 
[  193.591152] x1 : ffff000079009c00 x0 : 0000000080000005 
[  193.592808] Call trace:
[  193.593582]  do_undefinstr+0x2ec/0x310
[  193.595080]  el1_undef+0x10/0x84
[  193.595873]  udp_send_skb.isra.0+0x0/0x368
[  193.596889]  inet_sendmsg+0x40/0x68
[  193.597651]  __sys_sendto+0xd4/0x150
[  193.598458]  __arm64_sys_sendto+0x24/0x30
[  193.599282]  el0_svc_common.constprop.0+0x68/0x160
[  193.600269]  el0_svc_handler+0x20/0x80
[  193.601054]  el0_svc+0x8/0xc
[  193.605530] Code: f9401bf7 17ffff7c a9025bf5 f9001bf7 (d4210000) 
[  193.610680] ---[ end trace a848b2bf36c591b2 ]---
[  193.612973] note: python3[494] exited with preempt_count 1
[  193.792734] ------------[ cut here ]------------
[  193.796284] WARNING: CPU: 3 PID: 0 at kernel/rcu/tree.c:569 rcu_idle_enter+0x74/0x80
[  193.798316] Modules linked in:
[  193.800831] CPU: 3 PID: 0 Comm: swapper/3 Tainted: G      D           5.4.18 #2
[  193.804062] Hardware name: linux,dummy-virt (DT)
[  193.804331] pstate: 200003c5 (nzCv DAIF -PAN -UAO)
[  193.804904] pc : rcu_idle_enter+0x74/0x80
[  193.805233] lr : do_idle+0x200/0x288
[  193.806315] sp : ffff800011a5bf20
[  193.808221] x29: ffff800011a5bf20 x28: 0000000000000000 
[  193.811751] x27: 0000000000000000 x26: 0000000000000000 
[  193.815279] x25: 0000000000000000 x24: ffff8000117ba214 
[  193.816781] x23: ffff00007b0c3800 x22: ffff800011404ab8 
[  193.817696] x21: ffff8000117ba1f0 x20: 0000000000000003 
[  193.822000] x19: ffff8000117ba118 x18: 0000000000000010 
[  193.823996] x17: 0000000000000000 x16: 0000000000000000 
[  193.828626] x15: 000000000000007c x14: 0000000000000000 
[  193.829549] x13: 0000000000002ec1 x12: 00000000000000f2 
[  193.831719] x11: 0000000000bb2d13 x10: 00000000000009c0 
[  193.832282] x9 : ffff800011a5be90 x8 : ffff00007b0c4220 
[  193.832935] x7 : ffff00007db73800 x6 : 0000003d09bc15e0 
[  193.833328] x5 : 00ffffffffffffff x4 : ffff80006c783000 
[  193.834999] x3 : 4000000000000002 x2 : 4000000000000000 
[  193.837994] x1 : ffff800011406980 x0 : ffff00007db89980 
[  193.840672] Call trace:
[  193.841249]  rcu_idle_enter+0x74/0x80
[  193.841784]  do_idle+0x200/0x288
[  193.844123]  cpu_startup_entry+0x24/0x40
[  193.845780]  secondary_start_kernel+0x154/0x190
[  193.848944] ---[ end trace a848b2bf36c591b3 ]---
