[  207.527299] Unable to handle kernel NULL pointer dereference at virtual address 0000000000000018
[  207.533628] Mem abort info:
[  207.535025]   ESR = 0x96000046
[  207.536145]   EC = 0x25: DABT (current EL), IL = 32 bits
[  207.540359]   SET = 0, FnV = 0
[  207.540824]   EA = 0, S1PTW = 0
[  207.541377] Data abort info:
[  207.541640]   ISV = 0, ISS = 0x00000046
[  207.542360]   CM = 0, WnR = 1
[  207.542949] user pgtable: 4k pages, 48-bit VAs, pgdp=00000000b6fb0000
[  207.544273] [0000000000000018] pgd=00000000b8092003, pud=00000000b9251003, pmd=0000000000000000
[  207.554658] Internal error: Oops: 96000046 [#1] PREEMPT SMP
[  207.564960] Modules linked in:
[  207.575541] CPU: 2 PID: 495 Comm: python3 Not tainted 5.4.18 #2
[  207.589283] Hardware name: linux,dummy-virt (DT)
[  207.597983] pstate: 80000005 (Nzcv daif -PAN -UAO)
[  207.599187] pc : udp_send_skb.isra.0+0x5c/0x368
[  207.603419] lr : udp_sendmsg+0x710/0x860
[  207.606186] sp : ffff800011f63b20
[  207.606999] x29: ffff800011f63b20 x28: 000000000000001a 
[  207.608717] x27: ffff800011f63d80 x26: 0000000000000011 
[  207.612284] x25: 0000000000000012 x24: ffff00007a9ab424 
[  207.615745] x23: ffff800011f63c30 x22: ffff000075911540 
[  207.626161] x21: 0000000000000011 x20: 000000000000001a 
[  207.632438] x19: ffff00007a826400 x18: 0000000000000000 
[  207.635850] x17: 0000000000000000 x16: 0000000000000000 
[  207.643125] x15: 0000000000000001 x14: 0000000000000000 
[  207.645481] x13: 0000000000000006 x12: 00000000c0a80164 
[  207.646750] x11: 0000000000000000 x10: 0000000000000068 
[  207.648986] x9 : ffff000076fe4600 x8 : ffff800011f63c30 
[  207.650130] x7 : 0000000096600000 x6 : 0000000000007194 
[  207.651388] x5 : 0000000000000000 x4 : 0000000000008813 
[  207.654130] x3 : ffff800011f63c8e x2 : ffff800011f63c78 
[  207.654787] x1 : 0000000000001a00 x0 : ffff00007a826400 
[  207.657510] Call trace:
[  207.659746]  udp_send_skb.isra.0+0x5c/0x368
[  207.661952]  udp_sendmsg+0x710/0x860
[  207.662895]  inet_sendmsg+0x40/0x68
[  207.663113]  __sys_sendto+0xd4/0x150
[  207.663531]  __arm64_sys_sendto+0x24/0x30
[  207.663698]  el0_svc_common.constprop.0+0x68/0x160
[  207.663870]  el0_svc_handler+0x20/0x80
[  207.664025]  el0_svc+0x8/0xc
[  207.665961] Code: d3483e85 79000704 2a050021 79000b01 (79000f3f) 
[  207.670025] ---[ end trace 9fe1a43183b05af6 ]---
