[  199.332025] kernel BUG at arch/arm64/kernel/traps.c:405!
[  199.334500] Internal error: Oops - BUG: 0 [#1] PREEMPT SMP
[  199.335286] Modules linked in:
[  199.336518] CPU: 1 PID: 494 Comm: python3 Not tainted 5.4.18 #2
[  199.337001] Hardware name: linux,dummy-virt (DT)
[  199.338924] pstate: 00000005 (nzcv daif -PAN -UAO)
[  199.340314] pc : do_undefinstr+0x2ec/0x310
[  199.341151] lr : do_undefinstr+0x1e0/0x310
[  199.343615] sp : ffff800011e83980
[  199.344654] x29: ffff800011e83980 x28: ffff00007b375400 
[  199.346774] x27: ffff800011e83d80 x26: 0000000000000011 
[  199.347910] x25: 0000000000000012 x24: 0000000000000000 
[  199.348949] x23: 0000000080000005 x22: ffff800010ba95b0 
[  199.349909] x21: ffff800011e83b20 x20: ffff00007b375400 
[  199.351153] x19: ffff800011e839e0 x18: 0000000000000000 
[  199.352660] x17: 0000000000000000 x16: 0000000000000000 
[  199.353932] x15: 0000000000000001 x14: 0000000000000000 
[  199.354961] x13: 0000000000000006 x12: 000000000000003c 
[  199.358200] x11: ffff00007364d000 x10: 0000000000000000 
[  199.359452] x9 : ffff0000758d2140 x8 : 0000000000000028 
[  199.360479] x7 : ffff0000735c6000 x6 : ffff800011e839d8 
[  199.361446] x5 : 00000000d5300000 x4 : ffff8000117c51f0 
[  199.362490] x3 : 00000000a1400000 x2 : 0000000000000000 
[  199.363460] x1 : ffff00007b375400 x0 : 0000000080000005 
[  199.365503] Call trace:
[  199.366432]  do_undefinstr+0x2ec/0x310
[  199.367226]  el1_undef+0x10/0x84
[  199.367913]  udp_send_skb.isra.0+0x278/0x368
[  199.369030]  udp_sendmsg+0x710/0x860
[  199.370364]  inet_sendmsg+0x40/0x68
[  199.371279]  __sys_sendto+0xd4/0x150
[  199.372426]  __arm64_sys_sendto+0x24/0x30
[  199.373707]  el0_svc_common.constprop.0+0x68/0x160
[  199.375662]  el0_svc_handler+0x20/0x80
[  199.376349]  el0_svc+0x8/0xc
[  199.377695] Code: f9401bf7 17ffff7c a9025bf5 f9001bf7 (d4210000) 
[  199.382136] ---[ end trace b41db74d85bf0293 ]---
[  199.384217] note: python3[494] exited with preempt_count 1
[  199.411349] ------------[ cut here ]------------
[  199.416536] WARNING: CPU: 1 PID: 0 at kernel/rcu/tree.c:569 rcu_idle_enter+0x74/0x80
[  199.424206] Modules linked in:
[  199.432080] CPU: 1 PID: 0 Comm: swapper/1 Tainted: G      D           5.4.18 #2
[  199.437079] Hardware name: linux,dummy-virt (DT)
[  199.439471] pstate: 200003c5 (nzCv DAIF -PAN -UAO)
[  199.441364] pc : rcu_idle_enter+0x74/0x80
[  199.444783] lr : do_idle+0x200/0x288
[  199.448671] sp : ffff800011a4bf20
[  199.456055] x29: ffff800011a4bf20 x28: 0000000000000000 
[  199.457294] x27: 0000000000000000 x26: 0000000000000000 
[  199.463419] x25: 0000000000000000 x24: ffff8000117ba214 
[  199.467494] x23: ffff00007b0c1c00 x22: ffff800011404ab8 
[  199.471119] x21: ffff8000117ba1f0 x20: 0000000000000001 
[  199.474412] x19: ffff8000117ba118 x18: 0000000000000010 
[  199.475521] x17: 0000000000000000 x16: 0000000000000000 
[  199.485121] x15: 000000000000004f x14: 0000000000000000 
[  199.487407] x13: 0000000000000002 x12: 000000000000004f 
[  199.489532] x11: 0000000000000001 x10: 00000000000009c0 
[  199.493365] x9 : ffff800011a4be90 x8 : ffff00007b0c2620 
[  199.500866] x7 : ffff80006c757000 x6 : 00000510fe882bee 
[  199.523825] x5 : 00ffffffffffffff x4 : 001b8fa58998eef5 
[  199.530971] x3 : 4000000000000002 x2 : 4000000000000000 
[  199.538309] x1 : ffff800011406980 x0 : ffff00007db5d980 
[  199.552298] Call trace:
[  199.558170]  rcu_idle_enter+0x74/0x80
[  199.561849]  do_idle+0x200/0x288
[  199.567746]  cpu_startup_entry+0x24/0x40
[  199.573328]  secondary_start_kernel+0x154/0x190
[  199.599871] ---[ end trace b41db74d85bf0294 ]---
