[  196.023901] kernel BUG at arch/arm64/kernel/traps.c:405!
[  196.034458] Internal error: Oops - BUG: 0 [#1] PREEMPT SMP
[  196.038079] Modules linked in:
[  196.044289] CPU: 7 PID: 496 Comm: python3 Not tainted 5.4.18 #2
[  196.046305] Hardware name: linux,dummy-virt (DT)
[  196.047813] pstate: 00000005 (nzcv daif -PAN -UAO)
[  196.054270] pc : do_undefinstr+0x2ec/0x310
[  196.055215] lr : do_undefinstr+0x1e0/0x310
[  196.056289] sp : ffff800011f2b980
[  196.057277] x29: ffff800011f2b980 x28: ffff000076d5d400 
[  196.058547] x27: ffff800011f2bd80 x26: 0000000000000011 
[  196.059609] x25: 0000000000000012 x24: 0000000000000000 
[  196.061546] x23: 0000000080000005 x22: ffff800010ba94cc 
[  196.064202] x21: ffff800011f2bb20 x20: ffff000076d5d400 
[  196.065218] x19: ffff800011f2b9e0 x18: 0000000000000000 
[  196.066057] x17: 0000000000000000 x16: 0000000000000000 
[  196.066854] x15: 0000000000000001 x14: 0000000000000000 
[  196.067822] x13: 0000000000000006 x12: 00000000c0a80164 
[  196.068707] x11: 0000000000000000 x10: 0000000000000068 
[  196.069994] x9 : ffff000076d5d400 x8 : ffff800011f2bc30 
[  196.071113] x7 : 00000000ef800000 x6 : ffff800011f2b9d8 
[  196.072214] x5 : 00000000d5300000 x4 : ffff8000117c51f0 
[  196.073117] x3 : 0000000073000000 x2 : 0000000000000000 
[  196.074039] x1 : ffff000076d5d400 x0 : 0000000080000005 
[  196.076117] Call trace:
[  196.078307]  do_undefinstr+0x2ec/0x310
[  196.079374]  el1_undef+0x10/0x84
[  196.080031]  udp_send_skb.isra.0+0x194/0x368
[  196.080748]  udp_sendmsg+0x710/0x860
[  196.081445]  inet_sendmsg+0x40/0x68
[  196.082074]  __sys_sendto+0xd4/0x150
[  196.082696]  __arm64_sys_sendto+0x24/0x30
[  196.083484]  el0_svc_common.constprop.0+0x68/0x160
[  196.084267]  el0_svc_handler+0x20/0x80
[  196.085040]  el0_svc+0x8/0xc
[  196.087621] Code: f9401bf7 17ffff7c a9025bf5 f9001bf7 (d4210000) 
[  196.091690] ---[ end trace 773157515de284c3 ]---
[  196.095618] note: python3[496] exited with preempt_count 1
[  196.130186] ------------[ cut here ]------------
[  196.137434] WARNING: CPU: 7 PID: 0 at kernel/rcu/tree.c:569 rcu_idle_enter+0x74/0x80
[  196.143178] Modules linked in:
[  196.151082] CPU: 7 PID: 0 Comm: swapper/7 Tainted: G      D           5.4.18 #2
[  196.159481] Hardware name: linux,dummy-virt (DT)
[  196.165423] pstate: 200003c5 (nzCv DAIF -PAN -UAO)
[  196.169261] pc : rcu_idle_enter+0x74/0x80
[  196.170832] lr : do_idle+0x200/0x288
[  196.171659] sp : ffff800011a7bf20
[  196.173399] x29: ffff800011a7bf20 x28: 0000000000000000 
[  196.188881] x27: 0000000000000000 x26: 0000000000000000 
[  196.189273] x25: 0000000000000000 x24: ffff8000117ba214 
[  196.189684] x23: ffff00007b0c7000 x22: ffff800011404ab8 
[  196.201405] x21: ffff8000117ba1f0 x20: 0000000000000007 
[  196.209109] x19: ffff8000117ba118 x18: 0000000000000010 
[  196.214461] x17: 0000000000000000 x16: 0000000000000000 
[  196.220358] x15: 0000000000000035 x14: 0000000000000000 
[  196.222471] x13: 0000000000000002 x12: 0000000000000035 
[  196.225258] x11: 0000000000000001 x10: 00000000000009c0 
[  196.225802] x9 : ffff800011a7be90 x8 : ffff00007b0c7a20 
[  196.226864] x7 : 0000000000000400 x6 : 00000032c694b800 
[  196.227410] x5 : ffff00007dbddd70 x4 : ffff800011e9b848 
[  196.229915] x3 : 4000000000000002 x2 : 4000000000000000 
[  196.231214] x1 : ffff800011406980 x0 : ffff00007dbe1980 
[  196.231919] Call trace:
[  196.232340]  rcu_idle_enter+0x74/0x80
[  196.232771]  do_idle+0x200/0x288
[  196.233033]  cpu_startup_entry+0x20/0x40
[  196.233332]  secondary_start_kernel+0x154/0x190
[  196.233897] ---[ end trace 773157515de284c4 ]---
