[  194.103868] Unable to handle kernel paging request at virtual address ffff800018ba65b0
[  194.114744] Mem abort info:
[  194.115671]   ESR = 0x86000006
[  194.119992]   EC = 0x21: IABT (current EL), IL = 32 bits
[  194.125208]   SET = 0, FnV = 0
[  194.130564]   EA = 0, S1PTW = 0
[  194.133011] swapper pgtable: 4k pages, 48-bit VAs, pgdp=00000000412a6000
[  194.136310] [ffff800018ba65b0] pgd=00000000bdfff003, pud=00000000bdffe003, pmd=0000000000000000
[  194.160319] Internal error: Oops: 86000006 [#1] PREEMPT SMP
[  194.169540] Modules linked in:
[  194.181930] CPU: 7 PID: 509 Comm: python3 Not tainted 5.4.18 #2
[  194.183250] Hardware name: linux,dummy-virt (DT)
[  194.185823] pstate: 60000005 (nZCv daif -PAN -UAO)
[  194.191298] pc : 0xffff800018ba65b0
[  194.194075] lr : udp_send_skb.isra.0+0x110/0x368
[  194.195795] sp : ffff800011ec3b20
[  194.196762] x29: ffff800011ec3b20 x28: 000000000000001a 
[  194.200457] x27: ffff800011ec3d80 x26: 0000000000000011 
[  194.201948] x25: 0000000000000012 x24: ffff00007830e224 
[  194.203104] x23: ffff800011ec3c30 x22: ffff00007a931100 
[  194.203681] x21: 0000000000000011 x20: 000000000000001a 
[  194.203940] x19: ffff00007a4de400 x18: 0000000000000000 
[  194.204164] x17: 0000000000000000 x16: 0000000000000000 
[  194.204623] x15: 0000000000000001 x14: 0000000000000000 
[  194.205467] x13: 0000000000000006 x12: 00000000c0a80164 
[  194.205693] x11: 0000000000000000 x10: 0000000000000068 
[  194.205988] x9 : ffff000076f18e00 x8 : ffff800011ec3c30 
[  194.206477] x7 : 00000000b0c00000 x6 : 00000000000012ed 
[  194.206897] x5 : 0000000000000000 x4 : 0000000000000000 
[  194.207420] x3 : ffff800011ec3c8e x2 : 000000006401a8c0 
[  194.213075] x1 : 000000006e01a8c0 x0 : ffff00007a4de400 
[  194.219285] Call trace:
[  194.223643]  0xffff800018ba65b0
[  194.225941]  udp_sendmsg+0x710/0x860
[  194.230146]  inet_sendmsg+0x40/0x68
[  194.232720]  __sys_sendto+0xd4/0x150
[  194.236245]  __arm64_sys_sendto+0x24/0x30
[  194.237568]  el0_svc_common.constprop.0+0x68/0x160
[  194.237776]  el0_svc_handler+0x20/0x80
[  194.238365]  el0_svc+0x8/0xc
[  194.240269] Code: bad PC value
[  194.244555] ---[ end trace 013943b6daadf968 ]---
