[  192.995569] Unable to handle kernel paging request at virtual address 00000000a8ea89a3
[  193.012932] Mem abort info:
[  193.014220]   ESR = 0x96000005
[  193.015797]   EC = 0x25: DABT (current EL), IL = 32 bits
[  193.021355]   SET = 0, FnV = 0
[  193.022772]   EA = 0, S1PTW = 0
[  193.025739] Data abort info:
[  193.030248]   ISV = 0, ISS = 0x00000005
[  193.032321]   CM = 0, WnR = 0
[  193.036031] user pgtable: 4k pages, 48-bit VAs, pgdp=00000000b150b000
[  193.051805] [00000000a8ea89a3] pgd=00000000b247c003, pud=0000000000000000
[  193.065463] Internal error: Oops: 96000005 [#1] PREEMPT SMP
[  193.067425] Modules linked in:
[  193.070390] CPU: 6 PID: 497 Comm: python3 Not tainted 5.4.18 #2
[  193.071164] Hardware name: linux,dummy-virt (DT)
[  193.073638] pstate: 80000005 (Nzcv daif -PAN -UAO)
[  193.078332] pc : udp_send_skb.isra.0+0x144/0x368
[  193.078932] lr : udp_send_skb.isra.0+0x11c/0x368
[  193.079460] sp : ffff800011f4bb20
[  193.079877] x29: ffff800011f4bb20 x28: 000000000000001a 
[  193.081935] x27: ffff800011f4bd80 x26: 0000000000000011 
[  193.082759] x25: 0000000000000012 x24: ffff000077272224 
[  193.085747] x23: ffff800011f4bc30 x22: ffff00007abd5d80 
[  193.086667] x21: 0000000000000011 x20: 000000000000001a 
[  193.088204] x19: ffff000077251300 x18: 0000000000000000 
[  193.089292] x17: 0000000000000000 x16: 0000000000000000 
[  193.090968] x15: 0000000000000001 x14: 0000000000000000 
[  193.093671] x13: 0000000000000006 x12: 000000000000003c 
[  193.101712] x11: ffff000071447000 x10: 0000000000000000 
[  193.103653] x9 : ffff000075eb5540 x8 : 0000000000000028 
[  193.108641] x7 : ffff0000724d6000 x6 : 0000000022100000 
[  193.110788] x5 : 0000000000000000 x4 : ffff0000724d6000 
[  193.115629] x3 : 0000000000000001 x2 : ffff80006c7c5000 
[  193.122000] x1 : ffff0000780ef000 x0 : 00000000a8ea8813 
[  193.130463] Call trace:
[  193.133204]  udp_send_skb.isra.0+0x144/0x368
[  193.142443]  udp_sendmsg+0x710/0x860
[  193.150349]  inet_sendmsg+0x40/0x68
[  193.154439]  __sys_sendto+0xd4/0x150
[  193.158549]  __arm64_sys_sendto+0x24/0x30
[  193.160972]  el0_svc_common.constprop.0+0x68/0x160
[  193.161977]  el0_svc_handler+0x20/0x80
[  193.162592]  el0_svc+0x8/0xc
[  193.165687] Code: b9001020 f9401ae0 d2800023 d538d082 (f940c800) 
[  193.171133] ---[ end trace 592bf4b1e9349025 ]---
[  193.178139] note: python3[497] exited with preempt_count 1
