[  193.930915] Unable to handle kernel NULL pointer dereference at virtual address 0000000000000481
[  193.939890] Mem abort info:
[  193.940485]   ESR = 0x96000006
[  193.943201]   EC = 0x25: DABT (current EL), IL = 32 bits
[  193.944473]   SET = 0, FnV = 0
[  193.947309]   EA = 0, S1PTW = 0
[  193.948306] Data abort info:
[  193.949225]   ISV = 0, ISS = 0x00000006
[  193.949513]   CM = 0, WnR = 0
[  193.950821] user pgtable: 4k pages, 48-bit VAs, pgdp=00000000b228b000
[  193.951316] [0000000000000481] pgd=00000000b1799003, pud=00000000b71a8003, pmd=0000000000000000
[  193.954520] Internal error: Oops: 96000006 [#1] PREEMPT SMP
[  193.956442] Modules linked in:
[  193.966706] CPU: 4 PID: 494 Comm: python3 Not tainted 5.4.18 #2
[  193.969968] Hardware name: linux,dummy-virt (DT)
[  193.973648] pstate: 80000005 (Nzcv daif -PAN -UAO)
[  193.978585] pc : udp_sendmsg+0x318/0x860
[  193.979430] lr : udp_sendmsg+0x294/0x860
[  193.979734] sp : ffff800011d63b60
[  193.980010] x29: ffff800011d63b70 x28: 000000000000001a 
[  193.980570] x27: ffff800011d63d80 x26: 0000000000000011 
[  193.981877] x25: 0000000000000012 x24: ffff00007a884b88 
[  193.982257] x23: 000000006401a8c0 x22: 0000000000000000 
[  193.982656] x21: 0000000000000481 x20: 0000000000000000 
[  193.983044] x19: ffff00007a884840 x18: 0000000000000000 
[  193.983540] x17: 0000000000000000 x16: 0000000000000000 
[  193.984012] x15: 0000000000000001 x14: 0000000000000000 
[  193.984434] x13: 0000000000000006 x12: 000000000000003c 
[  193.985620] x11: ffff00007084f000 x10: 0000000000000000 
[  193.986076] x9 : ffff000073f15d40 x8 : 0000000000000028 
[  193.986476] x7 : ffff00007948e000 x6 : 0000000022100000 
[  193.987354] x5 : 0000000000000015 x4 : 0000000000000000 
[  193.987793] x3 : 0000000000000000 x2 : ffff80006c799000 
[  193.989312] x1 : ffff000077180e00 x0 : 255483c3e92ff800 
[  193.990627] Call trace:
[  193.991062]  udp_sendmsg+0x318/0x860
[  193.991432]  inet_sendmsg+0x40/0x68
[  193.991713]  __sys_sendto+0xd4/0x150
[  193.995368]  __arm64_sys_sendto+0x24/0x30
[  193.996909]  el0_svc_common.constprop.0+0x68/0x160
[  193.997938]  el0_svc_handler+0x20/0x80
[  193.998087]  el0_svc+0x8/0xc
[  194.002577] Code: 2a1403f9 9402163f 9111c2b5 f940c7e0 (f94002a1) 
[  194.006152] ---[ end trace 3051516c0bb376e7 ]---
