[  193.521298] kernel BUG at arch/arm64/kernel/traps.c:405!
[  193.522393] Internal error: Oops - BUG: 0 [#1] PREEMPT SMP
[  193.523190] Modules linked in:
[  193.524362] CPU: 3 PID: 491 Comm: python3 Not tainted 5.4.18 #2
[  193.525414] Hardware name: linux,dummy-virt (DT)
[  193.527965] pstate: 00000005 (nzcv daif -PAN -UAO)
[  193.529192] pc : do_undefinstr+0x2ec/0x310
[  193.529921] lr : do_undefinstr+0x1e0/0x310
[  193.530819] sp : ffff800011f3b9c0
[  193.531453] x29: ffff800011f3b9c0 x28: ffff00007808f000 
[  193.532567] x27: ffff800011f3bd80 x26: 0000000000000011 
[  193.533617] x25: 0000000000000012 x24: 0000000000000000 
[  193.534520] x23: 0000000080000005 x22: ffff800010ba95c0 
[  193.535333] x21: ffff800011f3bb60 x20: ffff00007808f000 
[  193.536197] x19: ffff800011f3ba20 x18: 0000000000000000 
[  193.537827] x17: 0000000000000000 x16: 0000000000000000 
[  193.538528] x15: 0000000000000001 x14: 0000000000000000 
[  193.539204] x13: 0000000000000006 x12: 000000000000003c 
[  193.539802] x11: ffff000079619000 x10: 0000000000000000 
[  193.540334] x9 : ffff00007a783140 x8 : 0000000000000028 
[  193.540834] x7 : ffff000070720000 x6 : ffff800011f3ba18 
[  193.541442] x5 : 00000000d5300000 x4 : ffff8000117c51f0 
[  193.542260] x3 : 00000000d6500000 x2 : 0000000000000000 
[  193.543257] x1 : ffff00007808f000 x0 : 0000000080000005 
[  193.545217] Call trace:
[  193.546026]  do_undefinstr+0x2ec/0x310
[  193.546789]  el1_undef+0x10/0x84
[  193.547569]  udp_send_skb.isra.0+0x288/0x368
[  193.548342]  inet_sendmsg+0x40/0x68
[  193.549051]  __sys_sendto+0xd4/0x150
[  193.549701]  __arm64_sys_sendto+0x24/0x30
[  193.550349]  el0_svc_common.constprop.0+0x68/0x160
[  193.551081]  el0_svc_handler+0x20/0x80
[  193.551750]  el0_svc+0x8/0xc
[  193.553008] Code: f9401bf7 17ffff7c a9025bf5 f9001bf7 (d4210000) 
[  193.555911] ---[ end trace 360423cfd8f35ff2 ]---
[  193.557711] note: python3[491] exited with preempt_count 1
[  193.663922] ------------[ cut here ]------------
[  193.667454] WARNING: CPU: 3 PID: 0 at kernel/rcu/tree.c:569 rcu_idle_enter+0x74/0x80
[  193.675161] Modules linked in:
[  193.680961] CPU: 3 PID: 0 Comm: swapper/3 Tainted: G      D           5.4.18 #2
[  193.685128] Hardware name: linux,dummy-virt (DT)
[  193.687443] pstate: 200003c5 (nzCv DAIF -PAN -UAO)
[  193.688064] pc : rcu_idle_enter+0x74/0x80
[  193.689273] lr : do_idle+0x200/0x288
[  193.689967] sp : ffff800011a5bf20
[  193.690778] x29: ffff800011a5bf20 x28: 0000000000000000 
[  193.691671] x27: 0000000000000000 x26: 0000000000000000 
[  193.692413] x25: 0000000000000000 x24: ffff8000117ba214 
[  193.693537] x23: ffff00007b0c3800 x22: ffff800011404ab8 
[  193.695184] x21: ffff8000117ba1f0 x20: 0000000000000003 
[  193.696464] x19: ffff8000117ba118 x18: 0000000000000010 
[  193.697849] x17: 0000000000000000 x16: 0000000000000000 
[  193.702398] x15: 00000000000000a5 x14: 0000000000000001 
[  193.704006] x13: 0000000000000001 x12: 0000000000000001 
[  193.704514] x11: 0000000000000400 x10: 00000000000009c0 
[  193.704912] x9 : ffff800011a5be90 x8 : ffff00007b0c4220 
[  193.705433] x7 : 0000000000000003 x6 : 0000008c319086d9 
[  193.707037] x5 : 00ffffffffffffff x4 : ffff80006c783000 
[  193.710869] x3 : 4000000000000002 x2 : 4000000000000000 
[  193.712728] x1 : ffff800011406980 x0 : ffff00007db89980 
[  193.715190] Call trace:
[  193.715474]  rcu_idle_enter+0x74/0x80
[  193.715801]  do_idle+0x200/0x288
[  193.716163]  cpu_startup_entry+0x20/0x40
[  193.716864]  secondary_start_kernel+0x154/0x190
[  193.717470] ---[ end trace 360423cfd8f35ff3 ]---
