[  193.144255] Unable to handle kernel paging request at virtual address fff00007b3c14080
[  193.152205] Mem abort info:
[  193.153011]   ESR = 0x96000004
[  193.154214]   EC = 0x25: DABT (current EL), IL = 32 bits
[  193.155210]   SET = 0, FnV = 0
[  193.156380]   EA = 0, S1PTW = 0
[  193.161045] Data abort info:
[  193.163923]   ISV = 0, ISS = 0x00000004
[  193.166199]   CM = 0, WnR = 0
[  193.169372] [fff00007b3c14080] address between user and kernel address ranges
[  193.173194] Internal error: Oops: 96000004 [#1] PREEMPT SMP
[  193.187024] Modules linked in:
[  193.197104] CPU: 0 PID: 494 Comm: python3 Not tainted 5.4.18 #2
[  193.198592] Hardware name: linux,dummy-virt (DT)
[  193.201885] pstate: 80000005 (Nzcv daif -PAN -UAO)
[  193.209256] pc : udp_send_skb.isra.0+0x1a4/0x368
[  193.212062] lr : udp_sendmsg+0x710/0x860
[  193.213610] sp : ffff800011f9bb20
[  193.217025] x29: ffff800011f9bb20 x28: 000000000000001a 
[  193.218589] x27: ffff800011f9bd80 x26: 0000000000000011 
[  193.233343] x25: 0000000000000012 x24: ffff000078355c24 
[  193.249369] x23: ffff800011f9bc30 x22: ffff00007a8ca200 
[  193.256681] x21: 0000000000000011 x20: 000000000000001a 
[  193.261058] x19: fff00007b3c14000 x18: 0000000000000000 
[  193.265428] x17: 0000000000000000 x16: 0000000000000000 
[  193.272490] x15: 0000000000000001 x14: 0000000000000000 
[  193.280369] x13: 0000000000000006 x12: 00000000c0a80164 
[  193.287573] x11: 0000000000000000 x10: 0000000000000068 
[  193.299708] x9 : ffff000075c9e200 x8 : ffff800011f9bc30 
[  193.305803] x7 : 000000007b100000 x6 : 000000000000bdeb 
[  193.308993] x5 : 0000000000000000 x4 : 0000000000000000 
[  193.316992] x3 : ffff800011f9bc8e x2 : ffff800011f9bc78 
[  193.320166] x1 : 0000000000001a00 x0 : 0000000000000000 
[  193.324066] Call trace:
[  193.324795]  udp_send_skb.isra.0+0x1a4/0x368
[  193.325939]  udp_sendmsg+0x710/0x860
[  193.327582]  inet_sendmsg+0x40/0x68
[  193.328330]  __sys_sendto+0xd4/0x150
[  193.330502]  __arm64_sys_sendto+0x24/0x30
[  193.332209]  el0_svc_common.constprop.0+0x68/0x160
[  193.333565]  el0_svc_handler+0x20/0x80
[  193.334063]  el0_svc+0x8/0xc
[  193.350294] Code: 710222bf 540007a0 394802c0 37100ba0 (39420260) 
[  193.361330] ---[ end trace 610c4eb6521acfbc ]---
