[  195.904118] Unable to handle kernel NULL pointer dereference at virtual address 00000000000000c4
[  195.934295] Mem abort info:
[  195.936531]   ESR = 0x96000006
[  195.937976]   EC = 0x25: DABT (current EL), IL = 32 bits
[  195.945558]   SET = 0, FnV = 0
[  195.948087]   EA = 0, S1PTW = 0
[  195.948917] Data abort info:
[  195.949592]   ISV = 0, ISS = 0x00000006
[  195.950415]   CM = 0, WnR = 0
[  195.955683] user pgtable: 4k pages, 48-bit VAs, pgdp=00000000b8171000
[  195.959627] [00000000000000c4] pgd=00000000b295a003, pud=00000000b7026003, pmd=0000000000000000
[  195.963850] Internal error: Oops: 96000006 [#1] PREEMPT SMP
[  195.969954] Modules linked in:
[  195.978906] CPU: 7 PID: 495 Comm: python3 Not tainted 5.4.18 #2
[  195.981793] Hardware name: linux,dummy-virt (DT)
[  195.993286] pstate: 20000005 (nzCv daif -PAN -UAO)
[  195.997891] pc : igmpv3_sendpack+0x10/0x58
[  196.000219] lr : add_grec+0x3a8/0x468
[  196.000986] sp : ffff800011f5bb00
[  196.002834] x29: ffff800011f5bb00 x28: 000000000000001a 
[  196.004508] x27: ffff800011f5bd80 x26: 0000000000000011 
[  196.008352] x25: 0000000000000012 x24: ffff00007a866024 
[  196.008614] x23: ffff800011f5bc30 x22: ffff00007b3bd0c0 
[  196.009208] x21: 0000000000000011 x20: 000000000000001a 
[  196.009982] x19: 000000000000001a x18: 0000000000000000 
[  196.010357] x17: 0000000000000000 x16: 0000000000000000 
[  196.010721] x15: 0000000000000001 x14: 0000000000000000 
[  196.011147] x13: 0000000000000006 x12: 000000000000003c 
[  196.012019] x11: ffff000078182000 x10: 0000000000000000 
[  196.012788] x9 : 0000000000000000 x8 : 0000000000000000 
[  196.013889] x7 : 0000000000000000 x6 : 0000000022100000 
[  196.016475] x5 : 000000000000001a x4 : 0000000000000012 
[  196.017240] x3 : 0000000000000011 x2 : 0000000011f5bc30 
[  196.019060] x1 : ffff000071774000 x0 : 000000000000001a 
[  196.020126] Call trace:
[  196.021055]  igmpv3_sendpack+0x10/0x58
[  196.023975]  add_grec+0x3a8/0x468
[  196.024129]  udp_sendmsg+0x710/0x860
[  196.024322]  inet_sendmsg+0x40/0x68
[  196.024482]  __sys_sendto+0xd4/0x150
[  196.024785]  __arm64_sys_sendto+0x24/0x30
[  196.025488]  el0_svc_common.constprop.0+0x68/0x160
[  196.026955]  el0_svc_handler+0x20/0x80
[  196.028074]  el0_svc+0x8/0xc
[  196.035082] Code: a9be7bfd 910003fd a90153f3 aa0003f3 (79415400) 
[  196.051224] ---[ end trace 54b2bdecd4855f9a ]---
