[  194.348883] Unable to handle kernel paging request at virtual address ffff000138db3166
[  194.354661] Mem abort info:
[  194.355302]   ESR = 0x96000045
[  194.357582]   EC = 0x25: DABT (current EL), IL = 32 bits
[  194.358711]   SET = 0, FnV = 0
[  194.361614]   EA = 0, S1PTW = 0
[  194.362212] Data abort info:
[  194.366867]   ISV = 0, ISS = 0x00000045
[  194.372390]   CM = 0, WnR = 1
[  194.385142] swapper pgtable: 4k pages, 48-bit VAs, pgdp=00000000412a6000
[  194.387042] [ffff000138db3166] pgd=00000000bdff8003, pud=0000000000000000
[  194.406820] Internal error: Oops: 96000045 [#1] PREEMPT SMP
[  194.417111] Modules linked in:
[  194.423758] CPU: 4 PID: 493 Comm: python3 Not tainted 5.4.18 #2
[  194.425132] Hardware name: linux,dummy-virt (DT)
[  194.427727] pstate: 80000005 (Nzcv daif -PAN -UAO)
[  194.434967] pc : udp_send_skb.isra.0+0x50/0x368
[  194.437276] lr : udp_sendmsg+0x710/0x860
[  194.438751] sp : ffff800011f93b20
[  194.439921] x29: ffff800011f93b20 x28: 000000000000001a 
[  194.441342] x27: ffff800011f93d80 x26: 0000000000000011 
[  194.442696] x25: 0000000000000012 x24: ffff000138db3164 
[  194.444177] x23: ffff800011f93c30 x22: ffff00007b2cf700 
[  194.446181] x21: 0000000000000011 x20: 000000003f57feda 
[  194.446809] x19: ffff00007a507b00 x18: 0000000000000000 
[  194.447816] x17: 0000000000000000 x16: 0000000000000000 
[  194.449024] x15: 0000000000000001 x14: 0000000000000000 
[  194.452797] x13: 0000000000000006 x12: 00000000c0a80164 
[  194.455421] x11: 0000000000000000 x10: 0000000000000068 
[  194.456293] x9 : ffff00007a955400 x8 : ffff800011f93c30 
[  194.457903] x7 : 0000000082b00000 x6 : 000000000000cece 
[  194.459661] x5 : 00000000000000fe x4 : 0000000000008813 
[  194.462702] x3 : ffff800011f93c8e x2 : ffff800011f93c78 
[  194.465149] x1 : 0000000000feda00 x0 : ffff00007a507b00 
[  194.466630] Call trace:
[  194.468954]  udp_send_skb.isra.0+0x50/0x368
[  194.472758]  udp_sendmsg+0x710/0x860
[  194.477082]  inet_sendmsg+0x40/0x68
[  194.481052]  __sys_sendto+0xd4/0x150
[  194.481666]  __arm64_sys_sendto+0x24/0x30
[  194.482453]  el0_svc_common.constprop.0+0x68/0x160
[  194.486993]  el0_svc_handler+0x20/0x80
[  194.487666]  el0_svc+0x8/0xc
[  194.494075] Code: 782468a6 53183e81 794062e4 d3483e85 (79000704) 
[  194.501384] ---[ end trace 23437dd0f56086b0 ]---
