[  193.253011] Unable to handle kernel paging request at virtual address 000000006e01a908
[  193.255237] Mem abort info:
[  193.255889]   ESR = 0x96000005
[  193.259259]   EC = 0x25: DABT (current EL), IL = 32 bits
[  193.266481]   SET = 0, FnV = 0
[  193.268275]   EA = 0, S1PTW = 0
[  193.271375] Data abort info:
[  193.279466]   ISV = 0, ISS = 0x00000005
[  193.280920]   CM = 0, WnR = 0
[  193.284654] user pgtable: 4k pages, 48-bit VAs, pgdp=00000000b3545000
[  193.296889] [000000006e01a908] pgd=00000000b05e7003, pud=0000000000000000
[  193.315493] Internal error: Oops: 96000005 [#1] PREEMPT SMP
[  193.328191] Modules linked in:
[  193.334811] CPU: 5 PID: 494 Comm: python3 Not tainted 5.4.18 #2
[  193.337426] Hardware name: linux,dummy-virt (DT)
[  193.340590] pstate: 60000005 (nZCv daif -PAN -UAO)
[  193.342858] pc : raw_sendmsg+0x54/0x880
[  193.344368] lr : udp_send_skb.isra.0+0x110/0x368
[  193.345653] sp : ffff800011f43b20
[  193.346747] x29: ffff800011f43b20 x28: 000000000000001a 
[  193.350833] x27: ffff800011f43d80 x26: 0000000000000011 
[  193.351439] x25: 0000000000000012 x24: ffff000076d99e24 
[  193.353297] x23: ffff800011f43c30 x22: ffff00007a88c840 
[  193.358573] x21: 0000000000000011 x20: 000000000000001a 
[  193.368749] x19: ffff000076df9400 x18: 0000000000000000 
[  193.370133] x17: 0000000000000000 x16: 0000000000000000 
[  193.370630] x15: 0000000000000001 x14: 0000000000000000 
[  193.373827] x13: 0000000000000006 x12: 00000000c0a80164 
[  193.375594] x11: 0000000000000000 x10: 0000000000000068 
[  193.377425] x9 : ffff000076ef0e00 x8 : ffff800011f43c30 
[  193.383063] x7 : 000000003f200000 x6 : 00000000000094e7 
[  193.391206] x5 : 0000000000000000 x4 : 0000000000000000 
[  193.397436] x3 : ffff800011f43c8e x2 : 000000006401a8c0 
[  193.400211] x1 : 000000006e01a8c0 x0 : 0000000000000000 
[  193.402664] Call trace:
[  193.404693]  raw_sendmsg+0x54/0x880
[  193.406880]  udp_sendmsg+0x710/0x860
[  193.408720]  inet_sendmsg+0x40/0x68
[  193.415847]  __sys_sendto+0xd4/0x150
[  193.416620]  __arm64_sys_sendto+0x24/0x30
[  193.417101]  el0_svc_common.constprop.0+0x68/0x160
[  193.417618]  el0_svc_handler+0x20/0x80
[  193.417991]  el0_svc+0x8/0xc
[  193.420405] Code: a9056bf9 aa0103f5 12800bd4 394be260 (b9404821) 
[  193.434317] ---[ end trace 56d12f39edccd909 ]---
