[  194.808716] Unable to handle kernel paging request at virtual address 0000000000003fc9
[  194.815028] Mem abort info:
[  194.815299]   ESR = 0x96000006
[  194.815568]   EC = 0x25: DABT (current EL), IL = 32 bits
[  194.815866]   SET = 0, FnV = 0
[  194.816072]   EA = 0, S1PTW = 0
[  194.816331] Data abort info:
[  194.816549]   ISV = 0, ISS = 0x00000006
[  194.816789]   CM = 0, WnR = 0
[  194.817251] user pgtable: 4k pages, 48-bit VAs, pgdp=00000000b19d6000
[  194.817728] [0000000000003fc9] pgd=00000000b194b003, pud=00000000b0e29003, pmd=0000000000000000
[  194.819366] Internal error: Oops: 96000006 [#1] PREEMPT SMP
[  194.819944] Modules linked in:
[  194.821602] CPU: 5 PID: 494 Comm: python3 Not tainted 5.4.18 #2
[  194.822064] Hardware name: linux,dummy-virt (DT)
[  194.822973] pstate: 20000085 (nzCv daIf -PAN -UAO)
[  194.825231] pc : cpuacct_charge+0x2c/0x88
[  194.825570] lr : update_curr+0x88/0x110
[  194.826194] sp : ffff800011cfb230
[  194.826844] x29: ffff800011cfb230 x28: ffff80001016e788 
[  194.827641] x27: ffff00007dbb1840 x26: 0000000000000006 
[  194.828024] x25: 0000000000000001 x24: ffff8000117d1258 
[  194.828324] x23: ffff00007dbb4d40 x22: ffff00007a40c600 
[  194.828720] x21: ffff00007a40c600 x20: 0000000000392c10 
[  194.829063] x19: 0000000000000001 x18: 0000000000000000 
[  194.829364] x17: 0000000000000000 x16: 0000000000000000 
[  194.829664] x15: 0000000000000000 x14: 0000000000000001 
[  194.829954] x13: 0000000000000000 x12: 00000000000000dc 
[  194.830247] x11: 0000000000000000 x10: 0000000000000000 
[  194.830586] x9 : 0000000000000002 x8 : ffff00007dbb4d40 
[  194.830890] x7 : ffff00007dbb5800 x6 : ffff00007a85e400 
[  194.831187] x5 : 0000000000000000 x4 : 0000000000000001 
[  194.831481] x3 : 0000000000392c10 x2 : 00000000a78567e0 
[  194.831768] x1 : 0000000000003ec0 x0 : 0000000000003ec1 
[  194.832567] Call trace:
[  194.834044] Code: d287d801 f9401000 8b010000 b4000080 (f9408400) 
[  194.838302] ---[ end trace 889c9f3dd81e8083 ]---
[  194.839242] Kernel panic - not syncing: Fatal exception in interrupt
[  194.841122] SMP: stopping secondary CPUs
[  194.843787] Kernel Offset: disabled
[  194.844139] CPU features: 0x0002,20006000
[  194.844376] Memory Limit: none
[  194.845632] ---[ end Kernel panic - not syncing: Fatal exception in interrupt ]---
