[  147.081096] skbuff: skb_over_panic: text:00000000ac208e57 len:2026580480 put:2026580480 head:00000000af240c9c data:000000007208728a tail:0x8ac4e540 end:0xc0 dev:<NULL>
[  147.092729] kernel BUG at net/core/skbuff.c:108!
[  147.094415] Internal error: Oops - BUG: 0 [#1] PREEMPT SMP
[  147.096022] Modules linked in:
[  147.100194] CPU: 7 PID: 493 Comm: python3 Not tainted 5.4.18 #2
[  147.100692] Hardware name: linux,dummy-virt (DT)
[  147.101719] pstate: 60000005 (nZCv daif -PAN -UAO)
[  147.105644] pc : skb_panic+0x54/0x58
[  147.106059] lr : skb_panic+0x54/0x58
[  147.106455] sp : ffff800011f9ba40
[  147.106879] x29: ffff800011f9ba50 x28: ffff000078cbb330 
[  147.107534] x27: 000000000000001a x26: 0000000000000000 
[  147.108666] x25: ffff000077e41540 x24: ffff00007b3eb0c0 
[  147.109418] x23: ffff800011f9bd80 x22: 0000000000000000 
[  147.109902] x21: 0000000000000000 x20: 0000000000000000 
[  147.110517] x19: 0000000000000000 x18: 0000000000000010 
[  147.111021] x17: 0000000000000000 x16: 0000000000000000 
[  147.111341] x15: ffff000078cbae70 x14: 2030343565346361 
[  147.111747] x13: 3878303a6c696174 x12: 2061383237383032 
[  147.112063] x11: 3730303030303030 x10: 303a617461642063 
[  147.112394] x9 : 3963303432666130 x8 : ffff800011993000 
[  147.112736] x7 : ffff800010691a68 x6 : 0000000000000148 
[  147.112935] x5 : 0000000000000000 x4 : ffff00007dbd7188 
[  147.113122] x3 : ffff00007dbddf20 x2 : 0000000000000000 
[  147.113308] x1 : 0000000000000000 x0 : 000000000000009b 
[  147.114064] Call trace:
[  147.114753]  skb_panic+0x54/0x58
[  147.115165]  pskb_put+0x0/0x38
[  147.115684]  __ip_append_data.isra.0+0x7e0/0xc30
[  147.118899] Code: f90007e9 b940b508 f90003e8 97d8dd19 (d4210000) 
[  147.122261] ---[ end trace 665c6f9e52e4a119 ]---
[  147.124585] note: python3[493] exited with preempt_count 1
[  147.294691] ------------[ cut here ]------------
[  147.296949] WARNING: CPU: 7 PID: 0 at kernel/rcu/tree.c:569 rcu_idle_enter+0x74/0x80
[  147.299265] Modules linked in:
[  147.300836] CPU: 7 PID: 0 Comm: swapper/7 Tainted: G      D           5.4.18 #2
[  147.301323] Hardware name: linux,dummy-virt (DT)
[  147.301873] pstate: 200003c5 (nzCv DAIF -PAN -UAO)
[  147.302361] pc : rcu_idle_enter+0x74/0x80
[  147.303100] lr : do_idle+0x200/0x288
[  147.304474] sp : ffff800011a7bf20
[  147.304938] x29: ffff800011a7bf20 x28: 0000000000000000 
[  147.308007] x27: 0000000000000000 x26: 0000000000000000 
[  147.312855] x25: 0000000000000000 x24: ffff8000117ba214 
[  147.313200] x23: ffff00007b0c7000 x22: ffff800011404ab8 
[  147.315094] x21: ffff8000117ba1f0 x20: 0000000000000007 
[  147.315403] x19: ffff8000117ba118 x18: 0000000000000010 
[  147.315695] x17: 0000000000000000 x16: 0000000000000000 
[  147.315987] x15: 00000000000000a7 x14: 0000000000000000 
[  147.316426] x13: 0000000000000002 x12: 00000000000000a7 
[  147.316756] x11: 0000000000000001 x10: 00000000000009c0 
[  147.317053] x9 : ffff800011a7be90 x8 : ffff00007b0c7a20 
[  147.318499] x7 : 0000000000000400 x6 : 000000023b95fe25 
[  147.318939] x5 : 00ffffffffffffff x4 : ffff80006c7db000 
[  147.320904] x3 : 4000000000000002 x2 : 4000000000000000 
[  147.321896] x1 : ffff800011406980 x0 : ffff00007dbe1980 
[  147.323236] Call trace:
[  147.323915]  rcu_idle_enter+0x74/0x80
[  147.325172]  do_idle+0x200/0x288
[  147.325444]  cpu_startup_entry+0x24/0x40
[  147.325883]  secondary_start_kernel+0x154/0x190
[  147.326365] ---[ end trace 665c6f9e52e4a11a ]---
