[  194.841993] Unable to handle kernel paging request at virtual address 0000000011d5bac4
[  194.843649] Mem abort info:
[  194.843841]   ESR = 0x96000046
[  194.844051]   EC = 0x25: DABT (current EL), IL = 32 bits
[  194.844244]   SET = 0, FnV = 0
[  194.844378]   EA = 0, S1PTW = 0
[  194.844605] Data abort info:
[  194.844746]   ISV = 0, ISS = 0x00000046
[  194.844896]   CM = 0, WnR = 1
[  194.845271] user pgtable: 4k pages, 48-bit VAs, pgdp=00000000b292e000
[  194.845608] [0000000011d5bac4] pgd=00000000b2b08003, pud=00000000b1e9b003, pmd=0000000000000000
[  194.847774] Internal error: Oops: 96000046 [#1] PREEMPT SMP
[  194.848875] Modules linked in:
[  194.851276] CPU: 7 PID: 491 Comm: python3 Not tainted 5.4.18 #2
[  194.856650] Hardware name: linux,dummy-virt (DT)
[  194.863774] pstate: 80000005 (Nzcv daif -PAN -UAO)
[  194.871105] pc : alloc_skb_with_frags+0x38/0x1d8
[  194.872298] lr : sock_alloc_send_pskb+0x248/0x260
[  194.872896] sp : ffff800011d5b8d0
[  194.873351] x29: ffff800011d5b8d0 x28: 0000000000000000 
[  194.876251] x27: 0000000000000000 x26: 0000000000000cc0 
[  194.880404] x25: ffff00007b3fd940 x24: 0000000000000000 
[  194.883175] x23: ffff00007abce200 x22: ffff8000101271d8 
[  194.883760] x21: 0000000000000000 x20: 0000000000000000 
[  194.884274] x19: 0000000000000000 x18: 0000000000000000 
[  194.885647] x17: 0000000000000000 x16: 0000000000000000 
[  194.886977] x15: 0000000000000001 x14: 0000000000000000 
[  194.888206] x13: 0000000000000006 x12: 00000000c0a80164 
[  194.890677] x11: 0000000000000000 x10: 0000000000000068 
[  194.893200] x9 : 0000000000000000 x8 : 00000000000005c8 
[  194.895062] x7 : 0000000000000000 x6 : 0000000000000010 
[  194.896592] x5 : 0000000000000000 x4 : 0000000000000cc0 
[  194.896896] x3 : 0000000011d5bac4 x2 : 0000000000000000 
[  194.897135] x1 : 00000000ffffff97 x0 : 000000000000004d 
[  194.900686] Call trace:
[  194.902191]  alloc_skb_with_frags+0x38/0x1d8
[  194.903352]  sock_alloc_send_pskb+0x248/0x260
[  194.905065]  sock_alloc_send_skb+0x1c/0x28
[  194.908262]  __ip_append_data.isra.0+0x788/0xc30
[  194.909153]  ip_make_skb+0xec/0x140
[  194.910064]  udp_sendmsg+0x6ec/0x860
[  194.910273]  inet_sendmsg+0x40/0x68
[  194.910406]  __sys_sendto+0xd4/0x150
[  194.910537]  __arm64_sys_sendto+0x24/0x30
[  194.911558]  el0_svc_common.constprop.0+0x68/0x160
[  194.911896]  el0_svc_handler+0x20/0x80
[  194.912092]  el0_svc+0x8/0xc
[  194.912968] Code: 12800d01 a9046bf9 2a0203f5 2a0403fa (b9000061) 
[  194.914814] ---[ end trace 8286d059bba4cc60 ]---
