[  195.204798] Unable to handle kernel NULL pointer dereference at virtual address 0000000000000010
[  195.208216] Mem abort info:
[  195.208486]   ESR = 0x96000006
[  195.208738]   EC = 0x25: DABT (current EL), IL = 32 bits
[  195.208968]   SET = 0, FnV = 0
[  195.209130]   EA = 0, S1PTW = 0
[  195.209313] Data abort info:
[  195.209484]   ISV = 0, ISS = 0x00000006
[  195.209996]   CM = 0, WnR = 0
[  195.212793] user pgtable: 4k pages, 48-bit VAs, pgdp=00000000b6ff1000
[  195.222619] [0000000000000010] pgd=00000000b910d003, pud=00000000b915d003, pmd=0000000000000000
[  195.239704] Internal error: Oops: 96000006 [#1] PREEMPT SMP
[  195.244697] Modules linked in:
[  195.256389] CPU: 3 PID: 491 Comm: python3 Not tainted 5.4.18 #2
[  195.256843] Hardware name: linux,dummy-virt (DT)
[  195.257588] pstate: 40000005 (nZcv daif -PAN -UAO)
[  195.261886] pc : __sys_sendmmsg+0x1fc/0x278
[  195.262319] lr : sock_alloc_send_skb+0x1c/0x28
[  195.263002] sp : ffff800011fd39d0
[  195.263324] x29: ffff800011fd39d0 x28: ffff000078123330 
[  195.264767] x27: 000000000000001a x26: 0000000000000000 
[  195.265619] x25: ffff00007b222a80 x24: ffff00007a972180 
[  195.266316] x23: ffff800011fd3d80 x22: 0000000000000020 
[  195.266629] x21: 0000000000000000 x20: 0000000000000000 
[  195.269081] x19: 0000000000000000 x18: 0000000000000000 
[  195.271512] x17: 0000000000000000 x16: 0000000000000000 
[  195.272681] x15: 0000000000000001 x14: 0000000000000000 
[  195.273833] x13: 0000000000000006 x12: 00000000c0a80164 
[  195.275931] x11: 0000000000000000 x10: 0000000000000068 
[  195.277379] x9 : 0000000000000000 x8 : 00000000000005c8 
[  195.283862] x7 : 0000000000000014 x6 : 0000000000000010 
[  195.286183] x5 : 0000000000000000 x4 : ffff800011fd3ac4 
[  195.289085] x3 : 000000000000001c x2 : 000000000000001c 
[  195.290549] x1 : 0000000000000000 x0 : 000000000000001a 
[  195.292079] Call trace:
[  195.292691]  __sys_sendmmsg+0x1fc/0x278
[  195.293204]  __ip_append_data.isra.0+0x788/0xc30
[  195.293789]  ip_make_skb+0xec/0x140
[  195.295344]  udp_sendmsg+0x6ec/0x860
[  195.295918]  inet_sendmsg+0x40/0x68
[  195.296210]  __sys_sendto+0xd4/0x150
[  195.296489]  __arm64_sys_sendto+0x24/0x30
[  195.296800]  el0_svc_common.constprop.0+0x68/0x160
[  195.297150]  el0_svc_handler+0x20/0x80
[  195.297549]  el0_svc+0x8/0xc
[  195.300234] Code: 1100075a b4fff4c0 b94063e0 34fff8e0 (f9400aa0) 
[  195.303617] ---[ end trace 7fa3f8360040932a ]---
