[  194.595248] Unable to handle kernel NULL pointer dereference at virtual address 000000000000002e
[  194.605827] Mem abort info:
[  194.606425]   ESR = 0x96000046
[  194.607040]   EC = 0x25: DABT (current EL), IL = 32 bits
[  194.610002]   SET = 0, FnV = 0
[  194.613773]   EA = 0, S1PTW = 0
[  194.623091] Data abort info:
[  194.626597]   ISV = 0, ISS = 0x00000046
[  194.631215]   CM = 0, WnR = 1
[  194.638661] user pgtable: 4k pages, 48-bit VAs, pgdp=00000000b080c000
[  194.648649] [000000000000002e] pgd=00000000b1527003, pud=00000000b8339003, pmd=0000000000000000
[  194.660667] Internal error: Oops: 96000046 [#1] PREEMPT SMP
[  194.661700] Modules linked in:
[  194.663450] CPU: 6 PID: 493 Comm: python3 Not tainted 5.4.18 #2
[  194.664609] Hardware name: linux,dummy-virt (DT)
[  194.665295] pstate: 80000005 (Nzcv daif -PAN -UAO)
[  194.667006] pc : alloc_skb_with_frags+0x38/0x1d8
[  194.667375] lr : sock_alloc_send_pskb+0x248/0x260
[  194.668670] sp : ffff800011f5b8d0
[  194.669057] x29: ffff800011f5b8d0 x28: 0000000000000000 
[  194.669588] x27: 0000000000000000 x26: 0000000000000cc0 
[  194.669981] x25: ffff00007aaa3b80 x24: 0000000000000000 
[  194.670485] x23: ffff00007717c600 x22: ffff8000101271d8 
[  194.671183] x21: 0000000000000000 x20: 0000000000000000 
[  194.671770] x19: 0000000000000000 x18: 0000000000000000 
[  194.675018] x17: 0000000000000000 x16: 0000000000000000 
[  194.677357] x15: 0000000000000001 x14: 0000000000000000 
[  194.677945] x13: 0000000000000006 x12: 00000000c0a80164 
[  194.678646] x11: 0000000000000000 x10: 0000000000000068 
[  194.679183] x9 : 0000000000000000 x8 : 00000000000005c8 
[  194.679931] x7 : 0000000000000000 x6 : ffff800011f5bac4 
[  194.683320] x5 : 0000000000000000 x4 : 0000000000000cc0 
[  194.688247] x3 : 000000000000002e x2 : 0000000000000000 
[  194.689764] x1 : 00000000ffffff97 x0 : 000000000000004d 
[  194.691258] Call trace:
[  194.697989]  alloc_skb_with_frags+0x38/0x1d8
[  194.700829]  sock_alloc_send_pskb+0x248/0x260
[  194.701846]  sock_alloc_send_skb+0x1c/0x28
[  194.702326]  __ip_append_data.isra.0+0x788/0xc30
[  194.702622]  ip_make_skb+0xec/0x140
[  194.703194]  udp_sendmsg+0x6ec/0x860
[  194.704338]  inet_sendmsg+0x40/0x68
[  194.705160]  __sys_sendto+0xd4/0x150
[  194.705687]  __arm64_sys_sendto+0x24/0x30
[  194.705935]  el0_svc_common.constprop.0+0x68/0x160
[  194.706520]  el0_svc_handler+0x20/0x80
[  194.706952]  el0_svc+0x8/0xc
[  194.708916] Code: 12800d01 a9046bf9 2a0203f5 2a0403fa (b9000061) 
[  194.712292] ---[ end trace 0aa83b0e65a64863 ]---
