[  195.938007] skbuff: skb_over_panic: text:0000000070a1c484 len:280455344 put:280455344 head:00000000db7705b0 data:00000000db7705b0 tail:0x10b768b0 end:0xc0 dev:<NULL>
[  195.941684] kernel BUG at net/core/skbuff.c:108!
[  195.942509] Internal error: Oops - BUG: 0 [#1] PREEMPT SMP
[  195.943069] Modules linked in:
[  195.944512] CPU: 3 PID: 491 Comm: python3 Not tainted 5.4.18 #2
[  195.945113] Hardware name: linux,dummy-virt (DT)
[  195.946467] pstate: 60000005 (nZCv daif -PAN -UAO)
[  195.946983] pc : skb_panic+0x54/0x58
[  195.947401] lr : skb_panic+0x54/0x58
[  195.947770] sp : ffff800011f43990
[  195.948103] x29: ffff800011f439a0 x28: ffff00007971b330 
[  195.948664] x27: 000000000000001a x26: 0000000000000000 
[  195.949110] x25: ffff00007a948000 x24: ffff000070a43000 
[  195.949511] x23: ffff800011f43d80 x22: 0000000000000000 
[  195.949891] x21: 0000000000000000 x20: 0000000000000000 
[  195.950271] x19: 0000000000000000 x18: 0000000000000010 
[  195.950648] x17: 0000000000000000 x16: 0000000000000000 
[  195.951217] x15: ffff00007971ae70 x14: 6238363762303178 
[  195.951617] x13: 303a6c6961742030 x12: 6235303737626430 
[  195.951982] x11: 303030303030303a x10: 6174616420306235 
[  195.952342] x9 : 3037376264303030 x8 : ffff800011993000 
[  195.952517] x7 : ffff800010691a68 x6 : 000000000000014b 
[  195.952691] x5 : 0000000000000000 x4 : ffff00007db7f188 
[  195.952884] x3 : ffff00007db85f20 x2 : 0000000000000000 
[  195.953061] x1 : 0000000000000000 x0 : 0000000000000099 
[  195.953497] Call trace:
[  195.953691]  skb_panic+0x54/0x58
[  195.953840]  pskb_put+0x0/0x38
[  195.953960]  __ip_append_data.isra.0+0x7e0/0xc30
[  195.954111]  ip_make_skb+0xec/0x140
[  195.954236]  udp_sendmsg+0x6ec/0x860
[  195.954364]  inet_sendmsg+0x40/0x68
[  195.954489]  __sys_sendto+0xd4/0x150
[  195.954709]  __arm64_sys_sendto+0x24/0x30
[  195.954871]  el0_svc_common.constprop.0+0x68/0x160
[  195.955032]  el0_svc_handler+0x20/0x80
[  195.955166]  el0_svc+0x8/0xc
[  195.956265] Code: f90007e9 b940b508 f90003e8 97d8dd19 (d4210000) 
[  195.957424] ---[ end trace 67e1ead19d4a27d3 ]---
[  195.957919] note: python3[491] exited with preempt_count 1
[  196.066906] ------------[ cut here ]------------
[  196.069475] WARNING: CPU: 3 PID: 0 at kernel/rcu/tree.c:569 rcu_idle_enter+0x74/0x80
[  196.074259] Modules linked in:
[  196.080087] CPU: 3 PID: 0 Comm: swapper/3 Tainted: G      D           5.4.18 #2
[  196.083118] Hardware name: linux,dummy-virt (DT)
[  196.083639] pstate: 200003c5 (nzCv DAIF -PAN -UAO)
[  196.084072] pc : rcu_idle_enter+0x74/0x80
[  196.086619] lr : do_idle+0x200/0x288
[  196.089989] sp : ffff800011a5bf20
[  196.091303] x29: ffff800011a5bf20 x28: 0000000000000000 
[  196.093258] x27: 0000000000000000 x26: 0000000000000000 
[  196.095426] x25: 0000000000000000 x24: ffff8000117ba214 
[  196.098817] x23: ffff00007b0c3800 x22: ffff800011404ab8 
[  196.100103] x21: ffff8000117ba1f0 x20: 0000000000000003 
[  196.101883] x19: ffff8000117ba118 x18: 0000000000000010 
[  196.102445] x17: 0000000000000000 x16: 0000000000000000 
[  196.103428] x15: 0000000000000000 x14: 0000000000000000 
[  196.104077] x13: 0000000000000001 x12: 0000000000000001 
[  196.108797] x11: 0000000000000400 x10: 00000000000009c0 
[  196.110593] x9 : ffff800011a5be90 x8 : ffff00007b0c4220 
[  196.111723] x7 : 0000000000000003 x6 : 0000002593fdd8e9 
[  196.113175] x5 : 00ffffffffffffff x4 : ffff80006c783000 
[  196.115747] x3 : 4000000000000002 x2 : 4000000000000000 
[  196.116515] x1 : ffff800011406980 x0 : ffff00007db89980 
[  196.118947] Call trace:
[  196.122579]  rcu_idle_enter+0x74/0x80
[  196.124184]  do_idle+0x200/0x288
[  196.126057]  cpu_startup_entry+0x20/0x40
[  196.126797]  secondary_start_kernel+0x154/0x190
[  196.127167] ---[ end trace 67e1ead19d4a27d4 ]---
