[  195.414254] Unable to handle kernel paging request at virtual address 0000000080000005
[  195.422120] Mem abort info:
[  195.425719]   ESR = 0x86000005
[  195.429627]   EC = 0x21: IABT (current EL), IL = 32 bits
[  195.431694]   SET = 0, FnV = 0
[  195.432478]   EA = 0, S1PTW = 0
[  195.436826] user pgtable: 4k pages, 48-bit VAs, pgdp=00000000b11ac000
[  195.439221] [0000000080000005] pgd=00000000b3ac8003, pud=0000000000000000
[  195.446291] Internal error: Oops: 86000005 [#1] PREEMPT SMP
[  195.450104] Modules linked in:
[  195.456993] CPU: 1 PID: 495 Comm: python3 Not tainted 5.4.18 #2
[  195.462043] Hardware name: linux,dummy-virt (DT)
[  195.466598] pstate: 60000005 (nZCv daif -PAN -UAO)
[  195.471900] pc : 0x80000005
[  195.472708] lr : 0x80000005
[  195.476069] sp : ffff800011d739e0
[  195.483247] x29: ffff800010bc38b0 x28: ffff00007a900930 
[  195.484222] x27: 000000000000001a x26: 0000000000000000 
[  195.491194] x25: ffff000079b62a80 x24: ffff000079215000 
[  195.500470] x23: ffff800011d73d80 x22: 0000000000000000 
[  195.504043] x21: 0000000000000000 x20: 0000000000000000 
[  195.506366] x19: 0000000000000000 x18: 0000000000000000 
[  195.512030] x17: 0000000000000000 x16: 0000000000000000 
[  195.512839] x15: 0000000000000001 x14: 0000000000000000 
[  195.515656] x13: 0000000000000006 x12: 00000000c0a80164 
[  195.515920] x11: 0000000000000000 x10: 0000000000000068 
[  195.518773] x9 : 0000000000000000 x8 : 00000000000005c8 
[  195.520742] x7 : 0000000000000001 x6 : 0000000000000301 
[  195.526968] x5 : 0000000000000300 x4 : ffff000079b62bbc 
[  195.528224] x3 : 0000000000000001 x2 : 0000000000000301 
[  195.528874] x1 : 0000000000000000 x0 : ffff000079b22100 
[  195.529642] Call trace:
[  195.530162]  0x80000005
[  195.531581] Code: bad PC value
[  195.534317] ---[ end trace cb023e47e04e692d ]---
