[  195.077374] Unable to handle kernel NULL pointer dereference at virtual address 0000000000000000
[  195.099458] Mem abort info:
[  195.099865]   ESR = 0x86000006
[  195.100223]   EC = 0x21: IABT (current EL), IL = 32 bits
[  195.100873]   SET = 0, FnV = 0
[  195.101174]   EA = 0, S1PTW = 0
[  195.102355] user pgtable: 4k pages, 48-bit VAs, pgdp=00000000b3eae000
[  195.104053] [0000000000000000] pgd=00000000b26cd003, pud=00000000b3c44003, pmd=0000000000000000
[  195.125103] Internal error: Oops: 86000006 [#1] PREEMPT SMP
[  195.131552] Modules linked in:
[  195.135549] CPU: 7 PID: 493 Comm: python3 Not tainted 5.4.18 #2
[  195.138766] Hardware name: linux,dummy-virt (DT)
[  195.140967] pstate: 60000005 (nZCv daif -PAN -UAO)
[  195.146503] pc : 0x0
[  195.151666] lr : 0x0
[  195.157788] sp : ffff800011eb39d0
[  195.164161] x29: 0000000000000004 x28: ffff000079bc4f30 
[  195.168344] x27: 000000000000001a x26: 0000000000000000 
[  195.168735] x25: ffff00007ab73740 x24: ffff00007808d000 
[  195.169090] x23: ffff800011eb3d80 x22: 0000000000000000 
[  195.169401] x21: 0000000000000000 x20: 0000000000000000 
[  195.170040] x19: 0000000000000000 x18: 0000000000000000 
[  195.172663] x17: 0000000000000000 x16: 0000000000000000 
[  195.173440] x15: 0000000000000001 x14: 0000000000000000 
[  195.178915] x13: 0000000000000006 x12: 00000000c0a80164 
[  195.180501] x11: 0000000000000000 x10: 0000000000000068 
[  195.187168] x9 : 0000000000000000 x8 : 00000000000005c8 
[  195.187534] x7 : 0000000000000001 x6 : 0000000000000301 
[  195.187866] x5 : 0000000000000300 x4 : ffff00007ab7387c 
[  195.188232] x3 : 0000000000000001 x2 : 0000000000000301 
[  195.192773] x1 : 0000000000000000 x0 : ffff00007717cd00 
[  195.197264] Call trace:
[  195.197844]  0x0
[  195.201455] Code: bad PC value
[  195.207407] ---[ end trace 230c954f3a37c76a ]---
