[  194.827393] kernel BUG at arch/arm64/kernel/traps.c:405!
[  194.844995] Internal error: Oops - BUG: 0 [#1] PREEMPT SMP
[  194.850676] Modules linked in:
[  194.857610] CPU: 6 PID: 493 Comm: python3 Not tainted 5.4.18 #2
[  194.859135] Hardware name: linux,dummy-virt (DT)
[  194.864035] pstate: 00000005 (nzcv daif -PAN -UAO)
[  194.874320] pc : do_undefinstr+0x2ec/0x310
[  194.875578] lr : do_undefinstr+0x1e0/0x310
[  194.876921] sp : ffff800011d5b840
[  194.880149] x29: ffff800011d5b840 x28: ffff000075f91c00 
[  194.881683] x27: 000000000000001a x26: 0000000000000000 
[  194.882907] x25: ffff00007a432ec0 x24: 0000000000000000 
[  194.884009] x23: 0000000060000005 x22: ffff800010af9800 
[  194.885170] x21: ffff800011d5b9e0 x20: ffff000075f91c00 
[  194.886263] x19: ffff800011d5b8a0 x18: 0000000000000000 
[  194.887436] x17: 0000000000000000 x16: 0000000000000000 
[  194.888542] x15: 0000000000000001 x14: 0000000000000000 
[  194.889686] x13: 0000000000000006 x12: 00000000c0a80164 
[  194.891077] x11: 0000000000000000 x10: 0000000000000068 
[  194.892837] x9 : 0000000000000000 x8 : 00000000000005c8 
[  194.894370] x7 : 0000000000000001 x6 : ffff800011d5b898 
[  194.895680] x5 : 00000000d5300000 x4 : ffff8000117c51f0 
[  194.896623] x3 : 00000000d6500000 x2 : 0000000000000000 
[  194.897600] x1 : ffff000075f91c00 x0 : 0000000060000005 
[  194.899992] Call trace:
[  194.902033]  do_undefinstr+0x2ec/0x310
[  194.903068]  el1_undef+0x10/0x84
[  194.903798]  sock_alloc_send_skb+0x20/0x28
[  194.904642]  ip_make_skb+0xec/0x140
[  194.905368]  udp_sendmsg+0x6ec/0x860
[  194.906089]  inet_sendmsg+0x40/0x68
[  194.906878]  __sys_sendto+0xd4/0x150
[  194.907606]  __arm64_sys_sendto+0x24/0x30
[  194.909387]  el0_svc_common.constprop.0+0x68/0x160
[  194.912382]  el0_svc_handler+0x20/0x80
[  194.913137]  el0_svc+0x8/0xc
[  194.915463] Code: f9401bf7 17ffff7c a9025bf5 f9001bf7 (d4210000) 
[  194.919664] ---[ end trace 262a257b94afeae8 ]---
[  194.921723] note: python3[493] exited with preempt_count 1
[  195.022526] ------------[ cut here ]------------
[  195.023559] WARNING: CPU: 6 PID: 0 at kernel/rcu/tree.c:569 rcu_idle_enter+0x74/0x80
[  195.024329] Modules linked in:
[  195.025045] CPU: 6 PID: 0 Comm: swapper/6 Tainted: G      D           5.4.18 #2
[  195.029198] Hardware name: linux,dummy-virt (DT)
[  195.030982] pstate: 200003c5 (nzCv DAIF -PAN -UAO)
[  195.031301] pc : rcu_idle_enter+0x74/0x80
[  195.031678] lr : do_idle+0x200/0x288
[  195.032905] sp : ffff800011a73f20
[  195.033665] x29: ffff800011a73f20 x28: 0000000000000000 
[  195.034933] x27: 0000000000000000 x26: 0000000000000000 
[  195.035322] x25: 0000000000000000 x24: ffff8000117ba214 
[  195.035592] x23: ffff00007b0c6200 x22: ffff800011404ab8 
[  195.036098] x21: ffff8000117ba1f0 x20: 0000000000000006 
[  195.036300] x19: ffff8000117ba118 x18: 0000000000000010 
[  195.036493] x17: 0000000000000000 x16: 0000000000000000 
[  195.036866] x15: ffff000075f92070 x14: 0000000000000000 
[  195.038744] x13: 0000000000000001 x12: 0000000000000000 
[  195.039313] x11: 0000000000000400 x10: 00000000000009c0 
[  195.039958] x9 : ffff800011a73e90 x8 : ffff00007b0c6c20 
[  195.043264] x7 : 0000000000000006 x6 : 000000db79fff7ca 
[  195.044641] x5 : 00ffffffffffffff x4 : ffff80006c7c5000 
[  195.044916] x3 : 4000000000000002 x2 : 4000000000000000 
[  195.045634] x1 : ffff800011406980 x0 : ffff00007dbcb980 
[  195.046982] Call trace:
[  195.047318]  rcu_idle_enter+0x74/0x80
[  195.048137]  do_idle+0x200/0x288
[  195.048298]  cpu_startup_entry+0x24/0x40
[  195.049258]  secondary_start_kernel+0x154/0x190
[  195.049922] ---[ end trace 262a257b94afeae9 ]---
