[  193.306410] Unable to handle kernel NULL pointer dereference at virtual address 000000000000001a
[  193.312735] Mem abort info:
[  193.313621]   ESR = 0x96000006
[  193.315659]   EC = 0x25: DABT (current EL), IL = 32 bits
[  193.326471]   SET = 0, FnV = 0
[  193.329729]   EA = 0, S1PTW = 0
[  193.333404] Data abort info:
[  193.338287]   ISV = 0, ISS = 0x00000006
[  193.351906]   CM = 0, WnR = 0
[  193.353325] user pgtable: 4k pages, 48-bit VAs, pgdp=00000000b8132000
[  193.355777] [000000000000001a] pgd=00000000b41c5003, pud=00000000b26fc003, pmd=0000000000000000
[  193.369986] Internal error: Oops: 96000006 [#1] PREEMPT SMP
[  193.373985] Modules linked in:
[  193.380550] CPU: 6 PID: 495 Comm: python3 Not tainted 5.4.18 #2
[  193.388873] Hardware name: linux,dummy-virt (DT)
[  193.395838] pstate: 60000005 (nZCv daif -PAN -UAO)
[  193.403963] pc : sock_alloc_send_skb+0x1c/0x28
[  193.405750] lr : sock_alloc_send_skb+0x1c/0x28
[  193.406845] sp : ffff800011f839d0
[  193.408872] x29: ffff800011f839d0 x28: ffff00007b1d7930 
[  193.410058] x27: 000000000000001a x26: 0000000000000000 
[  193.411843] x25: ffff00007b353fc0 x24: ffff0000718ad000 
[  193.412838] x23: ffff800011f83d80 x22: 0000000000000000 
[  193.413207] x21: 0000000000000000 x20: 0000000000000000 
[  193.413606] x19: 0000000000000000 x18: 0000000000000000 
[  193.413993] x17: 0000000000000000 x16: 0000000000000000 
[  193.415574] x15: 0000000000000001 x14: 0000000000000000 
[  193.416360] x13: 0000000000000006 x12: 00000000c0a80164 
[  193.417384] x11: 0000000000000000 x10: 0000000000000068 
[  193.418197] x9 : 0000000000000000 x8 : 00000000000005c8 
[  193.419286] x7 : 0000000000000001 x6 : 0000000000000301 
[  193.420537] x5 : 0000000000000300 x4 : ffff00007b3540fc 
[  193.421132] x3 : 0000000000000001 x2 : 0000000000000301 
[  193.422072] x1 : 0000000000000000 x0 : ffff00007aad8700 
[  193.424542] Call trace:
[  193.425151]  sock_alloc_send_skb+0x1c/0x28
[  193.425979]  __ip_append_data.isra.0+0x788/0xc30
[  193.426592]  ip_make_skb+0xec/0x140
[  193.427604]  udp_sendmsg+0x6ec/0x860
[  193.428248]  inet_sendmsg+0x40/0x68
[  193.428616]  __sys_sendto+0xd4/0x150
[  193.429236]  __arm64_sys_sendto+0x24/0x30
[  193.429661]  el0_svc_common.constprop.0+0x68/0x160
[  193.429928]  el0_svc_handler+0x20/0x80
[  193.430145]  el0_svc+0x8/0xc
[  193.431714] Code: 910003fd 2a0203e3 d2800002 97ffff62 (a8c17b7d) 
[  193.434947] ---[ end trace 2c501dd2df53489e ]---
