[  194.848913] kernel BUG at arch/arm64/kernel/traps.c:405!
[  194.858439] Internal error: Oops - BUG: 0 [#1] PREEMPT SMP
[  194.860975] Modules linked in:
[  194.867162] CPU: 4 PID: 496 Comm: python3 Not tainted 5.4.18 #2
[  194.868528] Hardware name: linux,dummy-virt (DT)
[  194.874130] pstate: 00000005 (nzcv daif -PAN -UAO)
[  194.879780] pc : do_undefinstr+0x2ec/0x310
[  194.880804] lr : do_undefinstr+0x1e0/0x310
[  194.881735] sp : ffff800011db3830
[  194.882465] x29: ffff800011db3830 x28: ffff0000780b3800 
[  194.883770] x27: 000000000000001a x26: 0000000000000000 
[  194.885014] x25: ffff00007b346a40 x24: 0000000000000000 
[  194.886136] x23: 0000000060000005 x22: ffff800010af97f8 
[  194.887139] x21: ffff800011db39d0 x20: ffff0000780b3800 
[  194.888241] x19: ffff800011db3890 x18: 0000000000000000 
[  194.889393] x17: 0000000000000000 x16: 0000000000000000 
[  194.890445] x15: 0000000000000001 x14: 0000000000000000 
[  194.891501] x13: 0000000000000006 x12: 00000000c0a80164 
[  194.892490] x11: 0000000000000000 x10: 0000000000000068 
[  194.893856] x9 : 0000000000000000 x8 : 00000000000005c8 
[  194.894848] x7 : 0000000000000014 x6 : ffff800011db3888 
[  194.895880] x5 : 00000000d5300000 x4 : ffff8000117c51f0 
[  194.897049] x3 : 000000009ff00000 x2 : 0000000000000000 
[  194.898009] x1 : ffff0000780b3800 x0 : 0000000060000005 
[  194.899858] Call trace:
[  194.901635]  do_undefinstr+0x2ec/0x310
[  194.902001]  el1_undef+0x10/0x84
[  194.902329]  sock_alloc_send_skb+0x18/0x28
[  194.902707]  __ip_append_data.isra.0+0x788/0xc30
[  194.903100]  ip_make_skb+0xec/0x140
[  194.903424]  udp_sendmsg+0x6ec/0x860
[  194.903755]  inet_sendmsg+0x40/0x68
[  194.904074]  __sys_sendto+0xd4/0x150
[  194.904636]  __arm64_sys_sendto+0x24/0x30
[  194.905209]  el0_svc_common.constprop.0+0x68/0x160
[  194.905635]  el0_svc_handler+0x20/0x80
[  194.905980]  el0_svc+0x8/0xc
[  194.907701] Code: f9401bf7 17ffff7c a9025bf5 f9001bf7 (d4210000) 
[  194.910487] ---[ end trace 98545381a933723e ]---
[  194.911714] note: python3[496] exited with preempt_count 1
[  194.949273] ------------[ cut here ]------------
[  194.950963] WARNING: CPU: 4 PID: 0 at kernel/rcu/tree.c:569 rcu_idle_enter+0x74/0x80
[  194.951633] Modules linked in:
[  194.954220] CPU: 4 PID: 0 Comm: swapper/4 Tainted: G      D           5.4.18 #2
[  194.957334] Hardware name: linux,dummy-virt (DT)
[  194.960160] pstate: 200003c5 (nzCv DAIF -PAN -UAO)
[  194.964330] pc : rcu_idle_enter+0x74/0x80
[  194.967447] lr : do_idle+0x200/0x288
[  194.970167] sp : ffff800011a63f20
[  194.972445] x29: ffff800011a63f20 x28: 0000000000000000 
[  194.975895] x27: 0000000000000000 x26: 0000000000000000 
[  194.979733] x25: 0000000000000000 x24: ffff8000117ba214 
[  194.980430] x23: ffff00007b0c4600 x22: ffff800011404ab8 
[  194.980988] x21: ffff8000117ba1f0 x20: 0000000000000004 
[  194.983594] x19: ffff8000117ba118 x18: 0000000000000010 
[  194.987940] x17: 0000000000000000 x16: 0000000000000000 
[  194.989622] x15: ffff0000780b3c70 x14: 0000000000000001 
[  194.993583] x13: 0000000000001a76 x12: 0000000000000040 
[  194.998553] x11: 000000000069f777 x10: 00000000000009c0 
[  195.000168] x9 : ffff800011a63e90 x8 : ffff00007b0c5020 
[  195.001850] x7 : ffff80006c799000 x6 : 000000516eda9594 
[  195.007378] x5 : 00ffffffffffffff x4 : 001b907339d53454 
[  195.012136] x3 : 4000000000000002 x2 : 4000000000000000 
[  195.013121] x1 : ffff800011406980 x0 : ffff00007db9f980 
[  195.013410] Call trace:
[  195.013580]  rcu_idle_enter+0x74/0x80
[  195.013830]  do_idle+0x200/0x288
[  195.014918]  cpu_startup_entry+0x20/0x40
[  195.016653]  secondary_start_kernel+0x154/0x190
[  195.017192] ---[ end trace 98545381a933723f ]---
