[  197.151704] kernel BUG at arch/arm64/kernel/traps.c:405!
[  197.156687] Internal error: Oops - BUG: 0 [#1] PREEMPT SMP
[  197.158697] Modules linked in:
[  197.165072] CPU: 6 PID: 492 Comm: python3 Not tainted 5.4.18 #2
[  197.166502] Hardware name: linux,dummy-virt (DT)
[  197.169606] pstate: 00000005 (nzcv daif -PAN -UAO)
[  197.174533] pc : do_undefinstr+0x2ec/0x310
[  197.174978] lr : do_undefinstr+0x1e0/0x310
[  197.175378] sp : ffff800011f53830
[  197.176245] x29: ffff800011f53830 x28: ffff000079635400 
[  197.177645] x27: 000000000000001a x26: 0000000000000000 
[  197.178753] x25: ffff00007a539980 x24: 0000000000000000 
[  197.179864] x23: 0000000060000005 x22: ffff800010af97ec 
[  197.180903] x21: ffff800011f539d0 x20: ffff000079635400 
[  197.182008] x19: ffff800011f53890 x18: 0000000000000000 
[  197.182917] x17: 0000000000000000 x16: 0000000000000000 
[  197.184151] x15: 0000000000000001 x14: 0000000000000000 
[  197.185106] x13: 0000000000000006 x12: 00000000c0a80164 
[  197.185580] x11: 0000000000000000 x10: 0000000000000068 
[  197.186632] x9 : 0000000000000000 x8 : 00000000000005c8 
[  197.187649] x7 : 0000000000000014 x6 : ffff800011f53888 
[  197.188617] x5 : 00000000d5300000 x4 : ffff8000117c51f0 
[  197.189814] x3 : 0000000093000000 x2 : 0000000000000000 
[  197.190803] x1 : ffff000079635400 x0 : 0000000060000005 
[  197.193025] Call trace:
[  197.193954]  do_undefinstr+0x2ec/0x310
[  197.194458]  el1_undef+0x10/0x84
[  197.194820]  sock_alloc_send_skb+0xc/0x28
[  197.195209]  ip_make_skb+0xec/0x140
[  197.195544]  udp_sendmsg+0x6ec/0x860
[  197.196337]  inet_sendmsg+0x40/0x68
[  197.197265]  __sys_sendto+0xd4/0x150
[  197.198054]  __arm64_sys_sendto+0x24/0x30
[  197.198777]  el0_svc_common.constprop.0+0x68/0x160
[  197.199933]  el0_svc_handler+0x20/0x80
[  197.200735]  el0_svc+0x8/0xc
[  197.203335] Code: f9401bf7 17ffff7c a9025bf5 f9001bf7 (d4210000) 
[  197.205637] ---[ end trace 6fa4bb72519867d2 ]---
[  197.206311] note: python3[492] exited with preempt_count 1
[  197.247357] ------------[ cut here ]------------
[  197.251252] WARNING: CPU: 6 PID: 0 at kernel/rcu/tree.c:569 rcu_idle_enter+0x74/0x80
[  197.252870] Modules linked in:
[  197.254296] CPU: 6 PID: 0 Comm: swapper/6 Tainted: G      D           5.4.18 #2
[  197.254671] Hardware name: linux,dummy-virt (DT)
[  197.256170] pstate: 200003c5 (nzCv DAIF -PAN -UAO)
[  197.258125] pc : rcu_idle_enter+0x74/0x80
[  197.261214] lr : do_idle+0x200/0x288
[  197.266207] sp : ffff800011a73f20
[  197.266409] x29: ffff800011a73f20 x28: 0000000000000000 
[  197.267134] x27: 0000000000000000 x26: 0000000000000000 
[  197.269998] x25: 0000000000000000 x24: ffff8000117ba214 
[  197.271676] x23: ffff00007b0c6200 x22: ffff800011404ab8 
[  197.273154] x21: ffff8000117ba1f0 x20: 0000000000000006 
[  197.274008] x19: ffff8000117ba118 x18: 0000000000000010 
[  197.274490] x17: 0000000000000000 x16: 0000000000000000 
[  197.276851] x15: 0000000000000000 x14: 0000000000000000 
[  197.277737] x13: 0000000000000002 x12: 0000000000000000 
[  197.278086] x11: 0000000000000000 x10: 00000000000009c0 
[  197.278499] x9 : ffff800011a73e90 x8 : ffff00007b0c6c20 
[  197.278905] x7 : 00000000000003c4 x6 : 000000ae44746637 
[  197.279280] x5 : 00ffffffffffffff x4 : ffff80006c7c5000 
[  197.279641] x3 : 4000000000000002 x2 : 4000000000000000 
[  197.280062] x1 : ffff800011406980 x0 : ffff00007dbcb980 
[  197.280800] Call trace:
[  197.280999]  rcu_idle_enter+0x74/0x80
[  197.281344]  do_idle+0x200/0x288
[  197.281729]  cpu_startup_entry+0x20/0x40
[  197.282215]  secondary_start_kernel+0x154/0x190
[  197.284222] ---[ end trace 6fa4bb72519867d3 ]---
