[  195.614763] Unable to handle kernel paging request at virtual address fffffffffffffff1
[  195.616588] Mem abort info:
[  195.616947]   ESR = 0x96000044
[  195.618205]   EC = 0x25: DABT (current EL), IL = 32 bits
[  195.618874]   SET = 0, FnV = 0
[  195.620309]   EA = 0, S1PTW = 0
[  195.620565] Data abort info:
[  195.620781]   ISV = 0, ISS = 0x00000044
[  195.621075]   CM = 0, WnR = 1
[  195.621818] swapper pgtable: 4k pages, 48-bit VAs, pgdp=00000000412a6000
[  195.622411] [fffffffffffffff1] pgd=0000000000000000
[  195.624415] Internal error: Oops: 96000044 [#1] PREEMPT SMP
[  195.627524] Modules linked in:
[  195.631599] CPU: 5 PID: 492 Comm: python3 Not tainted 5.4.18 #2
[  195.632809] Hardware name: linux,dummy-virt (DT)
[  195.638945] pstate: 60000005 (nZCv daif -PAN -UAO)
[  195.640877] pc : sock_alloc_send_skb+0x0/0x28
[  195.641250] lr : __ip_append_data.isra.0+0x788/0xc30
[  195.641556] sp : ffff8000121139e0
[  195.642196] x29: ffff8000121139e0 x28: ffff00007a88a530 
[  195.645433] x27: 000000000000001a x26: 0000000000000000 
[  195.647229] x25: ffff00007b224c80 x24: ffff0000797d1000 
[  195.648227] x23: ffff800012113d80 x22: 0000000000000000 
[  195.650934] x21: 0000000000000000 x20: 0000000000000000 
[  195.653206] x19: 0000000000000000 x18: 0000000000000000 
[  195.654610] x17: 0000000000000000 x16: 0000000000000000 
[  195.656800] x15: 0000000000000001 x14: 0000000000000000 
[  195.659433] x13: 0000000000000006 x12: 00000000c0a80164 
[  195.659995] x11: 0000000000000000 x10: 0000000000000068 
[  195.661353] x9 : 0000000000000000 x8 : 00000000000005c8 
[  195.662584] x7 : 0000000000000014 x6 : 0000000000000010 
[  195.664177] x5 : 0000000000000000 x4 : 000000000000002e 
[  195.665860] x3 : ffff800012113ac4 x2 : 0000000000000000 
[  195.666060] x1 : 000000000000004d x0 : ffff00007b224c80 
[  195.666761] Call trace:
[  195.667149]  sock_alloc_send_skb+0x0/0x28
[  195.668384]  ip_make_skb+0xec/0x140
[  195.668672]  udp_sendmsg+0x6ec/0x860
[  195.669048]  inet_sendmsg+0x40/0x68
[  195.669665]  __sys_sendto+0xd4/0x150
[  195.670405]  __arm64_sys_sendto+0x24/0x30
[  195.670652]  el0_svc_common.constprop.0+0x68/0x160
[  195.670911]  el0_svc_handler+0x20/0x80
[  195.671130]  el0_svc+0x8/0xc
[  195.673367] Code: aa1903e1 97fffec3 17ffffd2 97d7a483 (a9bf79fd) 
[  195.674809] ---[ end trace 6960dd64c9e775b1 ]---
