[  195.285419] kernel BUG at arch/arm64/kernel/traps.c:405!
[  195.295489] Internal error: Oops - BUG: 0 [#1] PREEMPT SMP
[  195.300890] Modules linked in:
[  195.312550] CPU: 7 PID: 494 Comm: python3 Not tainted 5.4.18 #2
[  195.314191] Hardware name: linux,dummy-virt (DT)
[  195.317891] pstate: 00000005 (nzcv daif -PAN -UAO)
[  195.323434] pc : do_undefinstr+0x2ec/0x310
[  195.323804] lr : do_undefinstr+0x1e0/0x310
[  195.324415] sp : ffff800011eb3830
[  195.324727] x29: ffff800011eb3830 x28: ffff0000794f1c00 
[  195.325253] x27: 000000000000001a x26: 0000000000000000 
[  195.325660] x25: ffff0000794ecc80 x24: 0000000000000000 
[  195.326098] x23: 0000000060000005 x22: ffff800010af97f4 
[  195.326509] x21: ffff800011eb39d0 x20: ffff0000794f1c00 
[  195.326934] x19: ffff800011eb3890 x18: 0000000000000000 
[  195.327342] x17: 0000000000000000 x16: 0000000000000000 
[  195.327744] x15: 0000000000000001 x14: 0000000000000000 
[  195.328215] x13: 0000000000000006 x12: 00000000c0a80164 
[  195.328620] x11: 0000000000000000 x10: 0000000000000068 
[  195.329017] x9 : 0000000000000000 x8 : 00000000000005c8 
[  195.329415] x7 : 0000000000000014 x6 : ffff800011eb3888 
[  195.329809] x5 : 00000000d5300000 x4 : ffff8000117c51f0 
[  195.330304] x3 : 00000000d6800000 x2 : 0000000000000000 
[  195.330701] x1 : ffff0000794f1c00 x0 : 0000000060000005 
[  195.331896] Call trace:
[  195.332681]  do_undefinstr+0x2ec/0x310
[  195.333342]  el1_undef+0x10/0x84
[  195.333607]  sock_alloc_send_skb+0x14/0x28
[  195.333865]  __ip_append_data.isra.0+0x788/0xc30
[  195.334304]  ip_make_skb+0xec/0x140
[  195.334939]  udp_sendmsg+0x6ec/0x860
[  195.335936]  inet_sendmsg+0x40/0x68
[  195.336633]  __sys_sendto+0xd4/0x150
[  195.337437]  __arm64_sys_sendto+0x24/0x30
[  195.338230]  el0_svc_common.constprop.0+0x68/0x160
[  195.339085]  el0_svc_handler+0x20/0x80
[  195.341596]  el0_svc+0x8/0xc
[  195.343862] Code: f9401bf7 17ffff7c a9025bf5 f9001bf7 (d4210000) 
[  195.350392] ---[ end trace 0930fc5ed65809a3 ]---
[  195.352600] note: python3[494] exited with preempt_count 1
[  195.438232] ------------[ cut here ]------------
[  195.442588] WARNING: CPU: 7 PID: 0 at kernel/rcu/tree.c:569 rcu_idle_enter+0x74/0x80
[  195.445893] Modules linked in:
[  195.446335] CPU: 7 PID: 0 Comm: swapper/7 Tainted: G      D           5.4.18 #2
[  195.446690] Hardware name: linux,dummy-virt (DT)
[  195.446942] pstate: 200003c5 (nzCv DAIF -PAN -UAO)
[  195.447199] pc : rcu_idle_enter+0x74/0x80
[  195.447845] lr : do_idle+0x200/0x288
[  195.448183] sp : ffff800011a7bf20
[  195.449314] x29: ffff800011a7bf20 x28: 0000000000000000 
[  195.450483] x27: 0000000000000000 x26: 0000000000000000 
[  195.452531] x25: 0000000000000000 x24: ffff8000117ba214 
[  195.454757] x23: ffff00007b0c7000 x22: ffff800011404ab8 
[  195.457642] x21: ffff8000117ba1f0 x20: 0000000000000007 
[  195.458903] x19: ffff8000117ba118 x18: 0000000000000010 
[  195.459234] x17: 0000000000000000 x16: 0000000000000000 
[  195.460205] x15: 0000000000000000 x14: 0000000000000000 
[  195.460860] x13: 0000000000000003 x12: 0000000000000000 
[  195.461655] x11: 0000000000000000 x10: 00000000000009c0 
[  195.463182] x9 : ffff800011a7be90 x8 : ffff00007b0c7a20 
[  195.465273] x7 : 00000000000003fb x6 : 000000cd38bca2c7 
[  195.466379] x5 : 00ffffffffffffff x4 : ffff80006c7db000 
[  195.467632] x3 : 4000000000000002 x2 : 4000000000000000 
[  195.468703] x1 : ffff800011406980 x0 : ffff00007dbe1980 
[  195.469947] Call trace:
[  195.470450]  rcu_idle_enter+0x74/0x80
[  195.471123]  do_idle+0x200/0x288
[  195.472380]  cpu_startup_entry+0x20/0x40
[  195.474813]  secondary_start_kernel+0x154/0x190
[  195.475619] ---[ end trace 0930fc5ed65809a4 ]---
