[  192.868631] kernel BUG at arch/arm64/kernel/traps.c:405!
[  192.875686] Internal error: Oops - BUG: 0 [#1] PREEMPT SMP
[  192.879616] Modules linked in:
[  192.885067] CPU: 0 PID: 496 Comm: python3 Not tainted 5.4.18 #2
[  192.886128] Hardware name: linux,dummy-virt (DT)
[  192.888039] pstate: 00000005 (nzcv daif -PAN -UAO)
[  192.893941] pc : do_undefinstr+0x2ec/0x310
[  192.895695] lr : do_undefinstr+0x1e0/0x310
[  192.896901] sp : ffff800011f2bb50
[  192.897504] x29: ffff800011f2bb50 x28: ffff00006f462a00 
[  192.898738] x27: 0000000000000000 x26: 0000000000000000 
[  192.899634] x25: 0000000056000000 x24: 0000000000000000 
[  192.900595] x23: 0000000040000005 x22: ffff800010bb6f0c 
[  192.901803] x21: ffff800011f2bcf0 x20: ffff00006f462a00 
[  192.902708] x19: ffff800011f2bbb0 x18: 0000000000000000 
[  192.903590] x17: 0000000000000000 x16: 0000000000000000 
[  192.904521] x15: 0000000000000000 x14: 0000000000000000 
[  192.905407] x13: 0000000000000000 x12: 0000000000000000 
[  192.906357] x11: 0000000000000000 x10: 0000000000000000 
[  192.907246] x9 : 0000000000400100 x8 : ffff00006f462a00 
[  192.908919] x7 : 0000ffff8a7dae50 x6 : ffff800011f2bba8 
[  192.910843] x5 : 00000000d5300000 x4 : ffff8000117c51f0 
[  192.911834] x3 : 00000000f6300000 x2 : 0000000000000000 
[  192.912707] x1 : ffff00006f462a00 x0 : 0000000040000005 
[  192.914571] Call trace:
[  192.915384]  do_undefinstr+0x2ec/0x310
[  192.916145]  el1_undef+0x10/0x84
[  192.916735]  inet_sendmsg+0x3c/0x68
[  192.917323]  __sys_sendto+0xd4/0x150
[  192.917952]  __arm64_sys_sendto+0x24/0x30
[  192.918565]  el0_svc_common.constprop.0+0x68/0x160
[  192.919250]  el0_svc_handler+0x20/0x80
[  192.919837]  el0_svc+0x8/0xc
[  192.921364] Code: f9401bf7 17ffff7c a9025bf5 f9001bf7 (d4210000) 
[  192.925777] ---[ end trace af9667edec3d2781 ]---
[  192.927672] note: python3[496] exited with preempt_count 1
[  193.021898] ------------[ cut here ]------------
[  193.029503] WARNING: CPU: 0 PID: 0 at kernel/rcu/tree.c:569 rcu_idle_enter+0x74/0x80
[  193.034925] Modules linked in:
[  193.043838] CPU: 0 PID: 0 Comm: swapper/0 Tainted: G      D           5.4.18 #2
[  193.050786] Hardware name: linux,dummy-virt (DT)
[  193.059312] pstate: 200003c5 (nzCv DAIF -PAN -UAO)
[  193.065141] pc : rcu_idle_enter+0x74/0x80
[  193.068728] lr : do_idle+0x200/0x288
[  193.070035] sp : ffff8000117b3eb0
[  193.074593] x29: ffff8000117b3eb0 x28: 00000000412b0018 
[  193.084334] x27: 0000000000000000 x26: 0000000000000000 
[  193.093330] x25: 0000000000000000 x24: ffff8000117ba214 
[  193.109626] x23: ffff8000117c2d80 x22: ffff800011404ab8 
[  193.117815] x21: ffff8000117ba1f0 x20: 0000000000000000 
[  193.119756] x19: ffff8000117ba118 x18: 0000000000000010 
[  193.122418] x17: 0000000000000000 x16: 0000000000000000 
[  193.123599] x15: 0000000000000000 x14: 0000000000000000 
[  193.124258] x13: 0000000000000003 x12: 0000000000000000 
[  193.124855] x11: 0000000000000000 x10: 00000000000009c0 
[  193.129655] x9 : ffff8000117b3e20 x8 : ffff8000117c37a0 
[  193.131098] x7 : 0000000000000400 x6 : 0000005458aaa4b5 
[  193.131446] x5 : 00ffffffffffffff x4 : ffff80006c741000 
[  193.131770] x3 : 4000000000000002 x2 : 4000000000000000 
[  193.132057] x1 : ffff800011406980 x0 : ffff00007db47980 
[  193.132307] Call trace:
[  193.132505]  rcu_idle_enter+0x74/0x80
[  193.132930]  do_idle+0x200/0x288
[  193.134524]  cpu_startup_entry+0x20/0x40
[  193.134913]  rest_init+0xd4/0xe0
[  193.135208]  arch_call_rest_init+0xc/0x14
[  193.135694]  start_kernel+0x420/0x450
[  193.136071] ---[ end trace af9667edec3d2782 ]---
