[  192.999904] Unable to handle kernel NULL pointer dereference at virtual address 0000000000000000
[  193.011425] Mem abort info:
[  193.012200]   ESR = 0x86000006
[  193.013165]   EC = 0x21: IABT (current EL), IL = 32 bits
[  193.014099]   SET = 0, FnV = 0
[  193.020116]   EA = 0, S1PTW = 0
[  193.022081] user pgtable: 4k pages, 48-bit VAs, pgdp=00000000b6e99000
[  193.028526] [0000000000000000] pgd=00000000b9419003, pud=00000000b42c4003, pmd=0000000000000000
[  193.034137] Internal error: Oops: 86000006 [#1] PREEMPT SMP
[  193.042060] Modules linked in:
[  193.043528] CPU: 5 PID: 492 Comm: python3 Not tainted 5.4.18 #2
[  193.043764] Hardware name: linux,dummy-virt (DT)
[  193.044305] pstate: 60000005 (nZCv daif -PAN -UAO)
[  193.046237] pc : 0x0
[  193.047542] lr : __sys_sendto+0xd4/0x150
[  193.047775] sp : ffff800011d7bd20
[  193.047965] x29: ffff800011d7bd20 x28: ffff00007b1db800 
[  193.048331] x27: 0000000000000000 x26: 0000000000000000 
[  193.051421] x25: 0000000056000000 x24: ffff800011d7bdd8 
[  193.052702] x23: 0000ffffe38f3fb8 x22: 0000000000000010 
[  193.055939] x21: ffff00007b1db800 x20: 0000000000000000 
[  193.057209] x19: ffff00006ed48000 x18: 0000000000000000 
[  193.060712] x17: 0000000000000000 x16: 0000000000000000 
[  193.064380] x15: 0000000000000001 x14: 0000000000000000 
[  193.065495] x13: 0000000000000006 x12: 000000000000003c 
[  193.068807] x11: ffff000074164000 x10: 0000000000000000 
[  193.075510] x9 : ffff00007142f940 x8 : 0000000000000028 
[  193.091783] x7 : ffff00006f128000 x6 : 0000000022100000 
wenbao@localhost:~$ [  193.096033] x5 : 000000000000007d x4 : 0000000000000000 
[  193.106625] x3 : 0000000000000000 x2 : ffff80006c7af000 
[  193.114688] x1 : 0000000000000000 x0 : 0000000000000012 
[  193.123880] Call trace:
[  193.128728]  0x0
[  193.135130]  __arm64_sys_sendto+0x24/0x30
[  193.135977]  el0_svc_common.constprop.0+0x68/0x160
[  193.137805]  el0_svc_handler+0x20/0x80
[  193.139016]  el0_svc+0x8/0xc
[  193.153332] Code: bad PC value
[  193.169867] ---[ end trace 827bedc81a9d64e0 ]---
