[  194.288675] kernel BUG at arch/arm64/kernel/traps.c:405!
[  194.298791] Internal error: Oops - BUG: 0 [#1] PREEMPT SMP
[  194.304472] Modules linked in:
[  194.311821] CPU: 6 PID: 497 Comm: python3 Not tainted 5.4.18 #2
[  194.313528] Hardware name: linux,dummy-virt (DT)
[  194.317337] pstate: 00000005 (nzcv daif -PAN -UAO)
[  194.322834] pc : do_undefinstr+0x2ec/0x310
[  194.323473] lr : do_undefinstr+0x1e0/0x310
[  194.323934] sp : ffff800011db3b50
[  194.324320] x29: ffff800011db3b50 x28: ffff00007833aa00 
[  194.324918] x27: 0000000000000000 x26: 0000000000000000 
[  194.325732] x25: 0000000056000000 x24: 0000000000000000 
[  194.327646] x23: 0000000040000005 x22: ffff800010bb6ef4 
[  194.328572] x21: ffff800011db3cf0 x20: ffff00007833aa00 
[  194.329763] x19: ffff800011db3bb0 x18: 0000000000000000 
[  194.332927] x17: 0000000000000000 x16: 0000000000000000 
[  194.333155] x15: 0000000000000000 x14: 0000000000000000 
[  194.333378] x13: 0000000000000000 x12: 0000000000000000 
[  194.333615] x11: 0000000000000000 x10: 0000000000000000 
[  194.333858] x9 : 0000000000400100 x8 : ffff00007833aa00 
[  194.334102] x7 : 0000ffff9b026dd0 x6 : ffff800011db3ba8 
[  194.335093] x5 : 00000000d5300000 x4 : ffff8000117c51f0 
[  194.336084] x3 : 0000000025000000 x2 : 0000000000000000 
[  194.337053] x1 : ffff00007833aa00 x0 : 0000000040000005 
[  194.339277] Call trace:
[  194.342356]  do_undefinstr+0x2ec/0x310
[  194.344328]  el1_undef+0x10/0x84
[  194.345931]  inet_sendmsg+0x24/0x68
[  194.348863]  __sys_sendto+0xd4/0x150
[  194.350213]  __arm64_sys_sendto+0x24/0x30
[  194.351465]  el0_svc_common.constprop.0+0x68/0x160
[  194.352028]  el0_svc_handler+0x20/0x80
[  194.352607]  el0_svc+0x8/0xc
[  194.354608] Code: f9401bf7 17ffff7c a9025bf5 f9001bf7 (d4210000) 
[  194.360377] ---[ end trace b7448f58999b9321 ]---
[  194.362856] note: python3[497] exited with preempt_count 1
[  194.480538] ------------[ cut here ]------------
[  194.481647] WARNING: CPU: 6 PID: 0 at kernel/rcu/tree.c:569 rcu_idle_enter+0x74/0x80
[  194.485311] Modules linked in:
[  194.488924] CPU: 6 PID: 0 Comm: swapper/6 Tainted: G      D           5.4.18 #2
[  194.493893] Hardware name: linux,dummy-virt (DT)
[  194.497980] pstate: 200003c5 (nzCv DAIF -PAN -UAO)
[  194.500617] pc : rcu_idle_enter+0x74/0x80
[  194.501796] lr : do_idle+0x200/0x288
[  194.502802] sp : ffff800011a73f20
[  194.506106] x29: ffff800011a73f20 x28: 0000000000000000 
[  194.506509] x27: 0000000000000000 x26: 0000000000000000 
[  194.506926] x25: 0000000000000000 x24: ffff8000117ba214 
[  194.509850] x23: ffff00007b0c6200 x22: ffff800011404ab8 
[  194.513879] x21: ffff8000117ba1f0 x20: 0000000000000006 
[  194.515086] x19: ffff8000117ba118 x18: 0000000000000010 
[  194.517868] x17: 0000000000000000 x16: 0000000000000000 
[  194.521402] x15: 0000000000000000 x14: 0000000000000000 
[  194.523424] x13: 0000000000000001 x12: 0000000000000001 
[  194.524035] x11: 0000000000000400 x10: 00000000000009c0 
[  194.524301] x9 : ffff800011a73e90 x8 : ffff00007b0c6c20 
[  194.524539] x7 : 0000000000000006 x6 : 000001207116dac4 
[  194.524761] x5 : 00ffffffffffffff x4 : ffff80006c7c5000 
[  194.524980] x3 : 4000000000000002 x2 : 4000000000000000 
[  194.525224] x1 : ffff800011406980 x0 : ffff00007dbcb980 
[  194.525741] Call trace:
[  194.526215]  rcu_idle_enter+0x74/0x80
[  194.526471]  do_idle+0x200/0x288
[  194.527075]  cpu_startup_entry+0x24/0x40
[  194.529725]  secondary_start_kernel+0x154/0x190
[  194.538072] ---[ end trace b7448f58999b9322 ]---
[  195.093288] ------------[ cut here ]------------
[  195.096518] kernel BUG at arch/arm64/kernel/traps.c:405!
[  195.103173] Internal error: Oops - BUG: 0 [#2] PREEMPT SMP
[  195.114345] Modules linked in:
[  195.116825] CPU: 3 PID: 264 Comm: systemd-timesyn Tainted: G      D W         5.4.18 #2
[  195.121367] Hardware name: linux,dummy-virt (DT)
[  195.129026] pstate: 00000005 (nzcv daif -PAN -UAO)
[  195.132347] pc : do_undefinstr+0x2ec/0x310
[  195.133001] lr : do_undefinstr+0x1e0/0x310
[  195.134683] sp : ffff800011f53b50
[  195.134836] x29: ffff800011f53b50 x28: ffff000078120e00 
[  195.141471] x27: 0000000000000000 x26: 0000000000000000 
[  195.142081] x25: 0000000056000000 x24: 0000000000000000 
[  195.142737] x23: 0000000040000005 x22: ffff800010bb6ef4 
[  195.144315] x21: ffff800011f53cf0 x20: ffff000078120e00 
[  195.145619] x19: ffff800011f53bb0 x18: 0000000000000000 
[  195.146255] x17: 0000000000000000 x16: 0000000000000000 
[  195.146783] x15: 0000000000000000 x14: 0000000000000000 
[  195.148292] x13: 0000000000000000 x12: 0000000000000000 
[  195.148621] x11: 0000000000000000 x10: 0000000000000000 
[  195.148957] x9 : 0000000000400100 x8 : ffff000078120e00 
[  195.150283] x7 : 0000ffffc483a328 x6 : ffff800011f53ba8 
[  195.150661] x5 : 00000000d5300000 x4 : ffff8000117c51f0 
[  195.151064] x3 : 0000000025000000 x2 : 0000000000000000 
[  195.152260] x1 : ffff000078120e00 x0 : 0000000040000005 
[  195.156735] Call trace:
[  195.157012]  do_undefinstr+0x2ec/0x310
[  195.157530]  el1_undef+0x10/0x84
[  195.159122]  inet_sendmsg+0x24/0x68
[  195.159423]  __sys_sendto+0xd4/0x150
[  195.160578]  __arm64_sys_sendto+0x24/0x30
[  195.161092]  el0_svc_common.constprop.0+0x68/0x160
[  195.161597]  el0_svc_handler+0x20/0x80
[  195.161997]  el0_svc+0x8/0xc
[  195.165424] Code: f9401bf7 17ffff7c a9025bf5 f9001bf7 (d4210000) 
[  195.167497] ---[ end trace b7448f58999b9323 ]---
[  195.168483] note: systemd-timesyn[264] exited with preempt_count 1
