[  194.438719] Unable to handle kernel NULL pointer dereference at virtual address 0000000000000010
[  194.453046] Mem abort info:
[  194.458624]   ESR = 0x96000046
[  194.462937]   EC = 0x25: DABT (current EL), IL = 32 bits
[  194.469920]   SET = 0, FnV = 0
[  194.472607]   EA = 0, S1PTW = 0
[  194.475801] Data abort info:
[  194.477834]   ISV = 0, ISS = 0x00000046
[  194.478665]   CM = 0, WnR = 1
[  194.480497] user pgtable: 4k pages, 48-bit VAs, pgdp=00000000b46f8000
[  194.482034] [0000000000000010] pgd=00000000b1985003, pud=00000000b8392003, pmd=0000000000000000
[  194.488215] Internal error: Oops: 96000046 [#1] PREEMPT SMP
[  194.498964] Modules linked in:
[  194.503246] CPU: 5 PID: 495 Comm: python3 Not tainted 5.4.18 #2
[  194.505673] Hardware name: linux,dummy-virt (DT)
[  194.513477] pstate: 40000005 (nZcv daif -PAN -UAO)
[  194.522334] pc : inet_sendmsg+0x8/0x68
[  194.528098] lr : __sys_sendto+0xd4/0x150
[  194.530555] sp : ffff800011f1bcf0
[  194.530822] x29: ffff800011f1bcf0 x28: ffff00007abf1c00 
[  194.531842] x27: 0000000000000000 x26: 0000000000000000 
[  194.532924] x25: 0000000056000000 x24: ffff800011f1bdd8 
[  194.535820] x23: 0000ffffc0b432f8 x22: 0000000000000010 
[  194.536554] x21: ffff00007abf1c00 x20: 0000000000000000 
[  194.538358] x19: ffff00006fd58000 x18: 0000000000000000 
[  194.538697] x17: 0000000000000000 x16: 0000000000000000 
[  194.539053] x15: 0000000000000000 x14: 0000000000000000 
[  194.539531] x13: 0000000000000000 x12: 0000000000000000 
[  194.540351] x11: 0000000000000000 x10: 0000000000000000 
[  194.541276] x9 : 0000000000400100 x8 : ffff00007abf1c00 
[  194.543997] x7 : 0000ffff8a766e90 x6 : ffff800011f1bde8 
[  194.546707] x5 : ffff800011f1bde8 x4 : 0000000000000002 
[  194.547594] x3 : ffff800010bb6ed0 x2 : 0000000000000012 
[  194.548581] x1 : ffff800011f1bd80 x0 : ffff00006fd58000 
[  194.552119] Call trace:
[  194.552822]  inet_sendmsg+0x8/0x68
[  194.555382]  __sys_sendto+0xd4/0x150
[  194.556197]  __arm64_sys_sendto+0x24/0x30
[  194.557437]  el0_svc_common.constprop.0+0x68/0x160
[  194.558171]  el0_svc_handler+0x20/0x80
[  194.558634]  el0_svc+0x8/0xc
[  194.560656] Code: 17ffffd9 d503201f a9bd7bfd 910003fd (a9015373) 
[  194.566049] ---[ end trace 238f15b4b6d726f6 ]---
