[  192.778776] kernel BUG at arch/arm64/kernel/traps.c:405!
[  192.782348] Internal error: Oops - BUG: 0 [#1] PREEMPT SMP
[  192.784849] Modules linked in:
[  192.787431] CPU: 1 PID: 496 Comm: python3 Not tainted 5.4.18 #2
[  192.788288] Hardware name: linux,dummy-virt (DT)
[  192.789203] pstate: 00000005 (nzcv daif -PAN -UAO)
[  192.789731] pc : do_undefinstr+0x2ec/0x310
[  192.790074] lr : do_undefinstr+0x1e0/0x310
[  192.790420] sp : ffff800011fabb50
[  192.790708] x29: ffff800011fabb50 x28: ffff000079636200 
[  192.791259] x27: 0000000000000000 x26: 0000000000000000 
[  192.791651] x25: 0000000056000000 x24: 0000000000000000 
[  192.792034] x23: 0000000040000005 x22: ffff800010bb6f0c 
[  192.792416] x21: ffff800011fabcf0 x20: ffff000079636200 
[  192.792802] x19: ffff800011fabbb0 x18: 0000000000000000 
[  192.793222] x17: 0000000000000000 x16: 0000000000000000 
[  192.793605] x15: 0000000000000000 x14: 0000000000000000 
[  192.793985] x13: 0000000000000000 x12: 0000000000000000 
[  192.794365] x11: 0000000000000000 x10: 0000000000000000 
[  192.794745] x9 : 0000000000400100 x8 : ffff000079636200 
[  192.795150] x7 : 0000ffff82370d90 x6 : ffff800011fabba8 
[  192.795536] x5 : 00000000d5300000 x4 : ffff8000117c51f0 
[  192.795921] x3 : 00000000d6300000 x2 : 0000000000000000 
[  192.796302] x1 : ffff000079636200 x0 : 0000000040000005 
[  192.797350] Call trace:
[  192.797674]  do_undefinstr+0x2ec/0x310
[  192.797920]  el1_undef+0x10/0x84
[  192.798126]  inet_sendmsg+0x3c/0x68
[  192.798334]  __sys_sendto+0xd4/0x150
[  192.798540]  __arm64_sys_sendto+0x24/0x30
[  192.798768]  el0_svc_common.constprop.0+0x68/0x160
[  192.799041]  el0_svc_handler+0x20/0x80
[  192.799254]  el0_svc+0x8/0xc
[  192.799871] Code: f9401bf7 17ffff7c a9025bf5 f9001bf7 (d4210000) 
[  192.801324] ---[ end trace b9e5beaca6e1ce7b ]---
[  192.802127] note: python3[496] exited with preempt_count 1
[  192.976898] ------------[ cut here ]------------
[  192.986323] WARNING: CPU: 1 PID: 0 at kernel/rcu/tree.c:569 rcu_idle_enter+0x74/0x80
[  192.989909] Modules linked in:
[  192.991600] CPU: 1 PID: 0 Comm: swapper/1 Tainted: G      D           5.4.18 #2
[  192.996811] Hardware name: linux,dummy-virt (DT)
[  193.001735] pstate: 200003c5 (nzCv DAIF -PAN -UAO)
[  193.003190] pc : rcu_idle_enter+0x74/0x80
[  193.005350] lr : do_idle+0x200/0x288
[  193.006269] sp : ffff800011a4bf20
[  193.010480] x29: ffff800011a4bf20 x28: 0000000000000000 
[  193.016803] x27: 0000000000000000 x26: 0000000000000000 
[  193.020335] x25: 0000000000000000 x24: ffff8000117ba214 
[  193.023273] x23: ffff00007b0c1c00 x22: ffff800011404ab8 
[  193.036652] x21: ffff8000117ba1f0 x20: 0000000000000001 
[  193.045801] x19: ffff8000117ba118 x18: 0000000000000010 
[  193.051778] x17: 0000000000000000 x16: 0000000000000000 
[  193.053101] x15: 0000000000000107 x14: 0000000000000000 
[  193.055457] x13: 0000000000000002 x12: 0000000000000107 
[  193.062665] x11: 0000000000000001 x10: 00000000000009c0 
[  193.063315] x9 : ffff800011a4be90 x8 : ffff00007b0c2620 
[  193.066789] x7 : 00000000000003bf x6 : 0000009e0e055bc2 
[  193.069596] x5 : 00ffffffffffffff x4 : ffff80006c757000 
[  193.081360] x3 : 4000000000000002 x2 : 4000000000000000 
[  193.086059] x1 : ffff800011406980 x0 : ffff00007db5d980 
[  193.093474] Call trace:
[  193.094928]  rcu_idle_enter+0x74/0x80
[  193.096368]  do_idle+0x200/0x288
[  193.097717]  cpu_startup_entry+0x24/0x40
[  193.098446]  secondary_start_kernel+0x154/0x190
[  193.099531] ---[ end trace b9e5beaca6e1ce7c ]---
