[  193.491717] Unable to handle kernel NULL pointer dereference at virtual address 0000000000000000
[  193.500877] Mem abort info:
[  193.501547]   ESR = 0x86000006
[  193.502045]   EC = 0x21: IABT (current EL), IL = 32 bits
[  193.502596]   SET = 0, FnV = 0
[  193.504983]   EA = 0, S1PTW = 0
[  193.505956] user pgtable: 4k pages, 48-bit VAs, pgdp=00000000b363b000
[  193.508158] [0000000000000000] pgd=00000000b372f003, pud=00000000b6ea7003, pmd=0000000000000000
[  193.510424] Internal error: Oops: 86000006 [#1] PREEMPT SMP
[  193.511310] Modules linked in:
[  193.514647] CPU: 4 PID: 494 Comm: python3 Not tainted 5.4.18 #2
[  193.520342] Hardware name: linux,dummy-virt (DT)
[  193.523107] pstate: 60000005 (nZCv daif -PAN -UAO)
[  193.526467] pc : 0x0
[  193.526856] lr : 0x0
[  193.527222] sp : ffff800011f0bcf0
[  193.527506] x29: 0000000000000004 x28: ffff0000712c0e00 
[  193.529046] x27: 0000000000000000 x26: 0000000000000000 
[  193.529674] x25: 0000000056000000 x24: ffff800011f0bdd8 
[  193.530390] x23: 0000fffff848a1c8 x22: 0000000000000010 
[  193.530848] x21: ffff0000712c0e00 x20: 0000000000000000 
[  193.531337] x19: ffff00006e55c000 x18: 0000000000000000 
[  193.533165] x17: 0000000000000000 x16: 0000000000000000 
[  193.534720] x15: 0000000000000001 x14: 0000000000000000 
[  193.535107] x13: 0000000000000006 x12: 000000000000003c 
[  193.535398] x11: ffff000076f65000 x10: 0000000000000000 
[  193.536000] x9 : ffff00007b389d40 x8 : 0000000000000028 
[  193.536670] x7 : ffff000075cc4000 x6 : 0000000022100000 
[  193.536959] x5 : 000000000000002b x4 : 0000000000000000 
[  193.537996] x3 : 0000000000000000 x2 : ffff80006c799000 
[  193.538539] x1 : 0000000000000000 x0 : 0000000000000012 
[  193.541038] Call trace:
[  193.541507]  0x0
[  193.543211] Code: bad PC value
[  193.547539] ---[ end trace c332d995663b15ad ]---
