[  193.696512] Unable to handle kernel paging request at virtual address ffff800011f7c000
[  193.709544] Mem abort info:
[  193.711263]   ESR = 0x96000007
[  193.713991]   EC = 0x25: DABT (current EL), IL = 32 bits
[  193.716407]   SET = 0, FnV = 0
[  193.716588]   EA = 0, S1PTW = 0
[  193.716740] Data abort info:
[  193.717485]   ISV = 0, ISS = 0x00000007
[  193.717632]   CM = 0, WnR = 0
[  193.718457] swapper pgtable: 4k pages, 48-bit VAs, pgdp=00000000412a6000
[  193.719188] [ffff800011f7c000] pgd=00000000bdfff003, pud=00000000bdffe003, pmd=00000000ba994003, pte=0000000000000000
[  193.722103] Internal error: Oops: 96000007 [#1] PREEMPT SMP
[  193.724659] Modules linked in:
[  193.727333] CPU: 6 PID: 493 Comm: python3 Not tainted 5.4.18 #2
[  193.728274] Hardware name: linux,dummy-virt (DT)
[  193.731065] pstate: 60000005 (nZCv daif -PAN -UAO)
[  193.735342] pc : inet_sendmsg+0x40/0x68
[  193.737153] lr : inet_sendmsg+0x40/0x68
[  193.740251] sp : ffff800011f7bff0
[  193.740903] x29: 0000ffffb84b6860 x28: ffff00007a8b1c00 
[  193.743872] x27: 0000000000000000 x26: 0000000060000000 
[  193.744354] x25: 0000000056000000 x24: ffff800011f7bdd8 
[  193.745091] x23: 0000ffffff6a9938 x22: 0000000000000010 
[  193.745574] x21: 0000000000000000 x20: 00000000000000ce 
[  193.746764] x19: 0000000000000003 x18: 0000000000000000 
[  193.747525] x17: 0000000000000000 x16: 0000000000000000 
[  193.748331] x15: 0000000000000001 x14: 0000000000000000 
[  193.748894] x13: 0000000000000006 x12: 000000000000003c 
[  193.749227] x11: ffff000076c4f000 x10: 0000000000000000 
[  193.750244] x9 : ffff0000781add40 x8 : 0000000000000028 
[  193.752357] x7 : ffff000070ec0000 x6 : 0000000022100000 
[  193.753010] x5 : 0000000000000021 x4 : 0000000000000000 
[  193.753704] x3 : 0000000000000000 x2 : ffff80006c7c5000 
[  193.755302] x1 : 0000000000000000 x0 : 0000000000000012 
[  193.756301] Call trace:
[  193.756764]  inet_sendmsg+0x40/0x68
[  193.760945] Code: aa1303e1 aa1503e0 f9403c63 d63f0060 (a94153f3) 
[  193.764591] ---[ end trace 265dc33cbd76dc0a ]---
