[  193.059362] kernel BUG at arch/arm64/kernel/traps.c:405!
[  193.060802] Internal error: Oops - BUG: 0 [#1] PREEMPT SMP
[  193.061643] Modules linked in:
[  193.062810] CPU: 6 PID: 489 Comm: python3 Not tainted 5.4.18 #2
[  193.064560] Hardware name: linux,dummy-virt (DT)
[  193.065295] pstate: 00000005 (nzcv daif -PAN -UAO)
[  193.065603] pc : do_undefinstr+0x2ec/0x310
[  193.065769] lr : do_undefinstr+0x1e0/0x310
[  193.065936] sp : ffff800011dabb80
[  193.066078] x29: ffff800011dabb80 x28: ffff00007b23b800 
[  193.066327] x27: 0000000000000000 x26: 0000000000000000 
[  193.066860] x25: 0000000056000000 x24: 0000000000000000 
[  193.067438] x23: 0000000060000005 x22: ffff800010bb6f1c 
[  193.067849] x21: ffff800011dabd20 x20: ffff00007b23b800 
[  193.068254] x19: ffff800011dabbe0 x18: 0000000000000000 
[  193.068659] x17: 0000000000000000 x16: 0000000000000000 
[  193.069111] x15: 0000000000000001 x14: 0000000000000000 
[  193.069511] x13: 0000000000000006 x12: 000000000000003c 
[  193.069914] x11: ffff000076e7f000 x10: 0000000000000000 
[  193.070318] x9 : ffff00007829b140 x8 : 0000000000000028 
[  193.071060] x7 : ffff0000701ec000 x6 : ffff800011dabbd8 
[  193.072132] x5 : 00000000d5300000 x4 : ffff8000117c51f0 
[  193.072555] x3 : 00000000d6500000 x2 : 0000000000000000 
[  193.072992] x1 : ffff00007b23b800 x0 : 0000000060000005 
[  193.073829] Call trace:
[  193.074210]  do_undefinstr+0x2ec/0x310
[  193.074553]  el1_undef+0x10/0x84
[  193.075459]  inet_sendmsg+0x4c/0x68
[  193.075886]  __arm64_sys_sendto+0x24/0x30
[  193.076222]  el0_svc_common.constprop.0+0x68/0x160
[  193.076590]  el0_svc_handler+0x20/0x80
[  193.076891]  el0_svc+0x8/0xc
[  193.077765] Code: f9401bf7 17ffff7c a9025bf5 f9001bf7 (d4210000) 
[  193.080366] ---[ end trace ceb4b887bdc08226 ]---
[  193.081669] note: python3[489] exited with preempt_count 1
[  193.214190] ------------[ cut here ]------------
[  193.218583] WARNING: CPU: 6 PID: 0 at kernel/rcu/tree.c:569 rcu_idle_enter+0x74/0x80
[  193.224678] Modules linked in:
[  193.226751] CPU: 6 PID: 0 Comm: swapper/6 Tainted: G      D           5.4.18 #2
[  193.237050] Hardware name: linux,dummy-virt (DT)
[  193.242585] pstate: 200003c5 (nzCv DAIF -PAN -UAO)
[  193.247789] pc : rcu_idle_enter+0x74/0x80
[  193.256633] lr : do_idle+0x200/0x288
[  193.263481] sp : ffff800011a73f20
[  193.266473] x29: ffff800011a73f20 x28: 0000000000000000 
[  193.269473] x27: 0000000000000000 x26: 0000000000000000 
[  193.279451] x25: 0000000000000000 x24: ffff8000117ba214 
[  193.303233] x23: ffff00007b0c6200 x22: ffff800011404ab8 
[  193.321251] x21: ffff8000117ba1f0 x20: 0000000000000006 
[  193.322206] x19: ffff8000117ba118 x18: 0000000000000010 
[  193.328470] x17: 0000000000000000 x16: 0000000000000000 
[  193.339057] x15: 0000000000000000 x14: 0000000000000000 
[  193.353939] x13: 0000000000000002 x12: 0000000000000000 
[  193.361529] x11: 0000000000000000 x10: 00000000000009c0 
[  193.378662] x9 : 00009874a41101be x8 : 0000000000009874 
[  193.383887] x7 : 000000000000b70a x6 : 00000031241a2c3b 
[  193.394650] x5 : 00ffffffffffffff x4 : ffff80006c7c5000 
[  193.408516] x3 : 4000000000000002 x2 : 4000000000000000 
[  193.425907] x1 : ffff800011406980 x0 : ffff00007dbcb980 
[  193.439532] Call trace:
[  193.440517]  rcu_idle_enter+0x74/0x80
[  193.447745]  do_idle+0x200/0x288
[  193.457706]  cpu_startup_entry+0x20/0x40
[  193.461956]  secondary_start_kernel+0x154/0x190
[  193.473950] ---[ end trace ceb4b887bdc08227 ]---
