[  192.432044] kernel BUG at arch/arm64/kernel/traps.c:405!
[  192.439247] Internal error: Oops - BUG: 0 [#1] PREEMPT SMP
[  192.442099] Modules linked in:
[  192.450111] CPU: 5 PID: 492 Comm: python3 Not tainted 5.4.18 #2
[  192.451572] Hardware name: linux,dummy-virt (DT)
[  192.454179] pstate: 00000005 (nzcv daif -PAN -UAO)
[  192.462264] pc : do_undefinstr+0x2ec/0x310
[  192.463170] lr : do_undefinstr+0x1e0/0x310
[  192.464160] sp : ffff8000120abb50
[  192.465019] x29: ffff8000120abb50 x28: ffff00007aba3800 
[  192.466213] x27: 0000000000000000 x26: 0000000000000000 
[  192.467158] x25: 0000000056000000 x24: 0000000000000000 
[  192.467983] x23: 0000000040000005 x22: ffff800010bb6ee8 
[  192.469067] x21: ffff8000120abcf0 x20: ffff00007aba3800 
[  192.469892] x19: ffff8000120abbb0 x18: 0000000000000000 
[  192.471081] x17: 0000000000000000 x16: 0000000000000000 
[  192.472204] x15: 0000000000000000 x14: 0000000000000000 
[  192.473287] x13: 0000000000000000 x12: 0000000000000000 
[  192.474371] x11: 0000000000000000 x10: 0000000000000000 
[  192.476773] x9 : 0000000000400100 x8 : ffff00007aba3800 
[  192.478743] x7 : 0000ffffacf3eed0 x6 : ffff8000120abba8 
[  192.479717] x5 : 00000000d5300000 x4 : ffff8000117c51f0 
[  192.480565] x3 : 00000000f9c00000 x2 : 0000000000000000 
[  192.481434] x1 : ffff00007aba3800 x0 : 0000000040000005 
[  192.483555] Call trace:
[  192.484350]  do_undefinstr+0x2ec/0x310
[  192.485167]  el1_undef+0x10/0x84
[  192.485813]  inet_sendmsg+0x18/0x68
[  192.486404]  __sys_sendto+0xd4/0x150
[  192.486989]  __arm64_sys_sendto+0x24/0x30
[  192.487674]  el0_svc_common.constprop.0+0x68/0x160
[  192.488407]  el0_svc_handler+0x20/0x80
[  192.489015]  el0_svc+0x8/0xc
[  192.491774] Code: f9401bf7 17ffff7c a9025bf5 f9001bf7 (d4210000) 
[  192.496636] ---[ end trace 2bdff52e92b5c9f0 ]---
[  192.498409] note: python3[492] exited with preempt_count 1
[  192.603241] ------------[ cut here ]------------
[  192.606875] WARNING: CPU: 5 PID: 0 at kernel/rcu/tree.c:569 rcu_idle_enter+0x74/0x80
[  192.609491] Modules linked in:
[  192.612985] CPU: 5 PID: 0 Comm: swapper/5 Tainted: G      D           5.4.18 #2
[  192.614646] Hardware name: linux,dummy-virt (DT)
[  192.616874] pstate: 200003c5 (nzCv DAIF -PAN -UAO)
[  192.618483] pc : rcu_idle_enter+0x74/0x80
[  192.621806] lr : do_idle+0x200/0x288
[  192.623351] sp : ffff800011a6bf20
[  192.629325] x29: ffff800011a6bf20 x28: 0000000000000000 
[  192.632595] x27: 0000000000000000 x26: 0000000000000000 
[  192.633506] x25: 0000000000000000 x24: ffff8000117ba214 
[  192.637887] x23: ffff00007b0c5400 x22: ffff800011404ab8 
[  192.640843] x21: ffff8000117ba1f0 x20: 0000000000000005 
[  192.643699] x19: ffff8000117ba118 x18: 0000000000000010 
[  192.644302] x17: 0000000000000000 x16: 0000000000000000 
[  192.645870] x15: 00000000000000cd x14: 0000000000000000 
[  192.647239] x13: 0000000000000001 x12: 0000000000000000 
[  192.649941] x11: 0000000000000400 x10: 00000000000009c0 
[  192.650835] x9 : ffff800011a6be90 x8 : ffff00007b0c5e20 
[  192.651138] x7 : 0000000000000000 x6 : 0000007dc268cc2e 
[  192.651426] x5 : 00ffffffffffffff x4 : ffff80006c7af000 
[  192.655680] x3 : 4000000000000002 x2 : 4000000000000000 
[  192.656281] x1 : ffff800011406980 x0 : ffff00007dbb5980 
[  192.656698] Call trace:
[  192.659683]  rcu_idle_enter+0x74/0x80
[  192.663530]  do_idle+0x200/0x288
[  192.663669]  cpu_startup_entry+0x24/0x40
[  192.664209]  secondary_start_kernel+0x154/0x190
[  192.665530] ---[ end trace 2bdff52e92b5c9f1 ]---
