[  193.764646] kernel BUG at arch/arm64/kernel/traps.c:405!
[  193.774319] Internal error: Oops - BUG: 0 [#1] PREEMPT SMP
[  193.777226] Modules linked in:
[  193.786028] CPU: 5 PID: 493 Comm: python3 Not tainted 5.4.18 #2
[  193.788624] Hardware name: linux,dummy-virt (DT)
[  193.790468] pstate: 00000005 (nzcv daif -PAN -UAO)
[  193.805379] pc : do_undefinstr+0x2ec/0x310
[  193.806779] lr : do_undefinstr+0x1e0/0x310
[  193.807123] sp : ffff800011f7bb80
[  193.810284] x29: ffff800011f7bb80 x28: ffff00007abdf000 
[  193.814889] x27: 0000000000000000 x26: 0000000000000000 
[  193.820922] x25: 0000000056000000 x24: 0000000000000000 
[  193.823624] x23: 0000000060000005 x22: ffff800010bb6f1c 
[  193.825376] x21: ffff800011f7bd20 x20: ffff00007abdf000 
[  193.827558] x19: ffff800011f7bbe0 x18: 0000000000000000 
[  193.829384] x17: 0000000000000000 x16: 0000000000000000 
[  193.830331] x15: 0000000000000001 x14: 0000000000000000 
[  193.831651] x13: 0000000000000006 x12: 000000000000003c 
[  193.834085] x11: ffff0000714e0000 x10: 0000000000000000 
[  193.837958] x9 : ffff0000758aa140 x8 : 0000000000000028 
[  193.841813] x7 : ffff00006e90a000 x6 : ffff800011f7bbd8 
[  193.843718] x5 : 00000000d5300000 x4 : ffff8000117c51f0 
[  193.847334] x3 : 00000000d6500000 x2 : 0000000000000000 
[  193.851842] x1 : ffff00007abdf000 x0 : 0000000060000005 
[  193.856302] Call trace:
[  193.860138]  do_undefinstr+0x2ec/0x310
[  193.865535]  el1_undef+0x10/0x84
[  193.866648]  inet_sendmsg+0x4c/0x68
[  193.869467]  __arm64_sys_sendto+0x24/0x30
[  193.873564]  el0_svc_common.constprop.0+0x68/0x160
[  193.876954]  el0_svc_handler+0x20/0x80
[  193.878797]  el0_svc+0x8/0xc
[  193.881121] Code: f9401bf7 17ffff7c a9025bf5 f9001bf7 (d4210000) 
[  193.888839] ---[ end trace df51eb8633ec7155 ]---
[  193.894382] note: python3[493] exited with preempt_count 1
[  194.200442] ------------[ cut here ]------------
[  194.209694] WARNING: CPU: 5 PID: 0 at kernel/rcu/tree.c:569 rcu_idle_enter+0x74/0x80
[  194.213947] Modules linked in:
[  194.218458] CPU: 5 PID: 0 Comm: swapper/5 Tainted: G      D           5.4.18 #2
[  194.220983] Hardware name: linux,dummy-virt (DT)
[  194.225565] pstate: 200003c5 (nzCv DAIF -PAN -UAO)
[  194.228594] pc : rcu_idle_enter+0x74/0x80
[  194.229841] lr : do_idle+0x200/0x288
[  194.238264] sp : ffff800011a6bf20
[  194.240698] x29: ffff800011a6bf20 x28: 0000000000000000 
[  194.260512] x27: 0000000000000000 x26: 0000000000000000 
[  194.280598] x25: 0000000000000000 x24: ffff8000117ba214 
[  194.301017] x23: ffff00007b0c5400 x22: ffff800011404ab8 
[  194.301912] x21: ffff8000117ba1f0 x20: 0000000000000005 
[  194.321619] x19: ffff8000117ba118 x18: 0000000000000010 
[  194.342795] x17: 0000000000000000 x16: 0000000000000000 
[  194.356086] x15: ffff00007abdf470 x14: 0000000000000001 
[  194.368262] x13: 0000000000000001 x12: 0000000000000001 
[  194.392811] x11: 0000000000000001 x10: 00000000000009c0 
[  194.410282] x9 : ffff800011a6be90 x8 : ffff00007b0c5e20 
[  194.417196] x7 : 0000000000000005 x6 : 0000002b495166ec 
[  194.430896] x5 : 00ffffffffffffff x4 : ffff80006c7af000 
[  194.441493] x3 : 4000000000000002 x2 : 4000000000000000 
[  194.453277] x1 : ffff800011406980 x0 : ffff00007dbb5980 
[  194.477481] Call trace:
[  194.482100]  rcu_idle_enter+0x74/0x80
[  194.491742]  do_idle+0x200/0x288
[  194.498434]  cpu_startup_entry+0x20/0x40
[  194.516036]  secondary_start_kernel+0x154/0x190
[  194.527226] ---[ end trace df51eb8633ec7156 ]---
