[  195.458839] Unable to handle kernel paging request at virtual address 000011c8bd800000
[  195.464363] Mem abort info:
[  195.465266]   ESR = 0x96000004
[  195.472333]   EC = 0x25: DABT (current EL), IL = 32 bits
[  195.475198]   SET = 0, FnV = 0
[  195.476219]   EA = 0, S1PTW = 0
[  195.478693] Data abort info:
[  195.479911]   ISV = 0, ISS = 0x00000004
[  195.494134]   CM = 0, WnR = 0
[  195.506872] user pgtable: 4k pages, 48-bit VAs, pgdp=00000000b2645000
[  195.518936] [000011c8bd800000] pgd=0000000000000000
[  195.532367] Internal error: Oops: 96000004 [#1] PREEMPT SMP
[  195.534738] Modules linked in:
[  195.539852] CPU: 2 PID: 495 Comm: python3 Not tainted 5.4.18 #2
[  195.541120] Hardware name: linux,dummy-virt (DT)
[  195.544313] pstate: 40000005 (nZcv daif -PAN -UAO)
[  195.550072] pc : udp_sendmsg+0x50/0x860
[  195.551975] lr : inet_sendmsg+0x40/0x68
[  195.553468] sp : ffff800011c8bb60
[  195.553890] x29: ffff800011c8bb70 x28: 0000000000000012 
[  195.555515] x27: 800011c8bd800000 x26: 0000000000000011 
[  195.558959] x25: 0000000000000012 x24: ffff800011c8bdd8 
[  195.559179] x23: 0000ffffcba2ba58 x22: 0000000000000001 
[  195.562634] x21: ffff00007abb3800 x20: 0000000000000012 
[  195.564738] x19: ffff00007b2cbfc0 x18: 0000000000000000 
[  195.571427] x17: 0000000000000000 x16: 0000000000000000 
[  195.571952] x15: 0000000000000000 x14: 0000000000000000 
[  195.573585] x13: 0000000000000000 x12: 0000000000000000 
[  195.576231] x11: 0000000000000000 x10: 0000000000000000 
[  195.576662] x9 : 0000000000400100 x8 : ffff00007abb3800 
[  195.577297] x7 : 0000ffff9de49d90 x6 : ffff800011c8bde8 
[  195.577824] x5 : ffff800011c8bde8 x4 : 0000000000000002 
[  195.578369] x3 : ffff800010baa480 x2 : 0000000000000012 
[  195.578883] x1 : 0000000000000000 x0 : 0000000000000000 
[  195.579636] Call trace:
[  195.580053]  udp_sendmsg+0x50/0x860
[  195.581177]  inet_sendmsg+0x40/0x68
[  195.581443]  __sys_sendto+0xd4/0x150
[  195.582613]  __arm64_sys_sendto+0x24/0x30
[  195.584935]  el0_svc_common.constprop.0+0x68/0x160
[  195.586652]  el0_svc_handler+0x20/0x80
[  195.587586]  el0_svc+0x8/0xc
[  195.589345] Code: f900c7e1 d2800001 b943a400 f90053ff (f9400377) 
[  195.594377] ---[ end trace d6b964cfd17971c5 ]---
