[  196.763235] kernel BUG at arch/arm64/kernel/traps.c:405!
[  196.767783] Internal error: Oops - BUG: 0 [#1] PREEMPT SMP
[  196.770550] Modules linked in:
[  196.775957] CPU: 5 PID: 495 Comm: python3 Not tainted 5.4.18 #2
[  196.777561] Hardware name: linux,dummy-virt (DT)
[  196.780455] pstate: 00000005 (nzcv daif -PAN -UAO)
[  196.788861] pc : do_undefinstr+0x2ec/0x310
[  196.789612] lr : do_undefinstr+0x1e0/0x310
[  196.790215] sp : ffff800011f4bb80
[  196.790699] x29: ffff800011f4bb80 x28: ffff00007944c600 
[  196.794106] x27: 0000000000000000 x26: 0000000000000000 
[  196.795110] x25: 0000000056000000 x24: 0000000000000000 
[  196.796340] x23: 0000000060000005 x22: ffff800010af6dff 
[  196.797327] x21: ffff800011f4bd20 x20: ffff00007944c600 
[  196.798412] x19: ffff800011f4bbe0 x18: 0000000000000000 
[  196.799383] x17: 0000000000000000 x16: 0000000000000000 
[  196.800730] x15: 0000000000000001 x14: 0000000000000000 
[  196.801661] x13: 0000000000000006 x12: 000000000000003c 
[  196.803057] x11: ffff00007817d000 x10: 0000000000000000 
[  196.803989] x9 : ffff00007142c940 x8 : 0000000000000028 
[  196.804433] x7 : ffff00006e418000 x6 : ffff800011f4bbd8 
[  196.804859] x5 : 00000000d5300000 x4 : ffff8000117c51f0 
[  196.805315] x3 : 00000000fff00000 x2 : 0000000000000000 
[  196.805819] x1 : ffff00007944c600 x0 : 0000000060000005 
[  196.807082] Call trace:
[  196.808025]  do_undefinstr+0x2ec/0x310
[  196.808552]  el1_undef+0x10/0x84
[  196.808957]  __arm64_sys_sendto+0x1f/0x30
[  196.810634] Code: f9401bf7 17ffff7c a9025bf5 f9001bf7 (d4210000) 
[  196.815048] ---[ end trace 630a419f595525bf ]---
[  196.817946] note: python3[495] exited with preempt_count 1
[  196.960048] ------------[ cut here ]------------
[  196.962473] WARNING: CPU: 5 PID: 0 at kernel/rcu/tree.c:569 rcu_idle_enter+0x74/0x80
[  196.968343] Modules linked in:
[  196.970793] CPU: 5 PID: 0 Comm: swapper/5 Tainted: G      D           5.4.18 #2
[  196.973656] Hardware name: linux,dummy-virt (DT)
[  196.974395] pstate: 200003c5 (nzCv DAIF -PAN -UAO)
[  196.974624] pc : rcu_idle_enter+0x74/0x80
[  196.974839] lr : do_idle+0x200/0x288
[  196.975047] sp : ffff800011a6bf20
[  196.976555] x29: ffff800011a6bf20 x28: 0000000000000000 
[  196.979061] x27: 0000000000000000 x26: 0000000000000000 
[  196.981685] x25: 0000000000000000 x24: ffff8000117ba214 
[  196.988296] x23: ffff00007b0c5400 x22: ffff800011404ab8 
[  196.991234] x21: ffff8000117ba1f0 x20: 0000000000000005 
[  196.994303] x19: ffff8000117ba118 x18: 0000000000000010 
[  196.997845] x17: 0000000000000000 x16: 0000000000000000 
[  197.002088] x15: 0000000000000000 x14: 0000000000000000 
[  197.008793] x13: 0000000000000001 x12: 0000000000000001 
[  197.010988] x11: 0000000000000400 x10: 00000000000009c0 
[  197.014588] x9 : ffff800011a6be90 x8 : ffff00007b0c5e20 
[  197.015987] x7 : 0000000000000000 x6 : 00000028aa816c46 
[  197.017680] x5 : 00ffffffffffffff x4 : ffff80006c7af000 
[  197.018988] x3 : 4000000000000002 x2 : 4000000000000000 
[  197.022886] x1 : ffff800011406980 x0 : ffff00007dbb5980 
[  197.025568] Call trace:
[  197.026109]  rcu_idle_enter+0x74/0x80
[  197.026723]  do_idle+0x200/0x288
[  197.029569]  cpu_startup_entry+0x20/0x40
[  197.032527]  secondary_start_kernel+0x154/0x190
[  197.034934] ---[ end trace 630a419f595525c0 ]---
