[  193.261709] kernel BUG at arch/arm64/kernel/traps.c:405!
[  193.268426] Internal error: Oops - BUG: 0 [#1] PREEMPT SMP
[  193.270594] Modules linked in:
[  193.272732] CPU: 4 PID: 494 Comm: python3 Not tainted 5.4.18 #2
[  193.273220] Hardware name: linux,dummy-virt (DT)
[  193.274167] pstate: 00000005 (nzcv daif -PAN -UAO)
[  193.276675] pc : do_undefinstr+0x2ec/0x310
[  193.277133] lr : do_undefinstr+0x1e0/0x310
[  193.277652] sp : ffff800011d83b50
[  193.278605] x29: ffff800011d83b50 x28: ffff00007838aa00 
[  193.279935] x27: 0000000000000000 x26: 0000000000000000 
[  193.281083] x25: 0000000056000000 x24: 0000000000000000 
[  193.282622] x23: 0000000060000005 x22: ffff800010bb6f14 
[  193.284866] x21: ffff800011d83cf0 x20: ffff00007838aa00 
[  193.285960] x19: ffff800011d83bb0 x18: 0000000000000000 
[  193.286963] x17: 0000000000000000 x16: 0000000000000000 
[  193.288296] x15: 0000000000000001 x14: 0000000000000000 
[  193.289608] x13: 0000000000000006 x12: 000000000000003c 
[  193.290676] x11: ffff000071ba7000 x10: 0000000000000000 
[  193.291653] x9 : ffff00007811b140 x8 : 0000000000000028 
[  193.292676] x7 : ffff000075e14000 x6 : ffff800011d83ba8 
[  193.293575] x5 : 00000000d5300000 x4 : ffff8000117c51f0 
[  193.294790] x3 : 00000000fb400000 x2 : 0000000000000000 
[  193.297730] x1 : ffff00007838aa00 x0 : 0000000060000005 
[  193.300391] Call trace:
[  193.300950]  do_undefinstr+0x2ec/0x310
[  193.301662]  el1_undef+0x10/0x84
[  193.302086]  inet_sendmsg+0x44/0x68
[  193.302505]  __sys_sendto+0xd4/0x150
[  193.302920]  __arm64_sys_sendto+0x24/0x30
[  193.303416]  el0_svc_common.constprop.0+0x68/0x160
[  193.303930]  el0_svc_handler+0x20/0x80
[  193.304356]  el0_svc+0x8/0xc
[  193.306036] Code: f9401bf7 17ffff7c a9025bf5 f9001bf7 (d4210000) 
[  193.309171] ---[ end trace d5e818eb65da287a ]---
[  193.312912] note: python3[494] exited with preempt_count 1
[  193.389185] ------------[ cut here ]------------
[  193.390558] WARNING: CPU: 4 PID: 0 at kernel/rcu/tree.c:569 rcu_idle_enter+0x74/0x80
[  193.392979] Modules linked in:
[  193.396074] CPU: 4 PID: 0 Comm: swapper/4 Tainted: G      D           5.4.18 #2
[  193.401182] Hardware name: linux,dummy-virt (DT)
[  193.402791] pstate: 200003c5 (nzCv DAIF -PAN -UAO)
[  193.409691] pc : rcu_idle_enter+0x74/0x80
[  193.409975] lr : do_idle+0x200/0x288
[  193.412546] sp : ffff800011a63f20
[  193.412931] x29: ffff800011a63f20 x28: 0000000000000000 
[  193.413403] x27: 0000000000000000 x26: 0000000000000000 
[  193.413912] x25: 0000000000000000 x24: ffff8000117ba214 
[  193.417119] x23: ffff00007b0c4600 x22: ffff800011404ab8 
[  193.417523] x21: ffff8000117ba1f0 x20: 0000000000000004 
[  193.417920] x19: ffff8000117ba118 x18: 0000000000000010 
[  193.418313] x17: 0000000000000000 x16: 0000000000000000 
[  193.418695] x15: 00000000000001f3 x14: 0000000000000000 
[  193.420639] x13: 0000000000000002 x12: 00000000000001f3 
[  193.422164] x11: 0000000000000001 x10: 00000000000009c0 
[  193.422392] x9 : ffff800011a63e90 x8 : ffff00007b0c5020 
[  193.424742] x7 : 00000000000003f4 x6 : 000000b8d5f25792 
[  193.425586] x5 : 00ffffffffffffff x4 : ffff80006c799000 
[  193.427947] x3 : 4000000000000002 x2 : 4000000000000000 
[  193.430108] x1 : ffff800011406980 x0 : ffff00007db9f980 
[  193.430894] Call trace:
[  193.431143]  rcu_idle_enter+0x74/0x80
[  193.431780]  do_idle+0x200/0x288
[  193.433254]  cpu_startup_entry+0x24/0x40
[  193.434529]  secondary_start_kernel+0x154/0x190
[  193.437544] ---[ end trace d5e818eb65da287b ]---
