[  192.490293] Unable to handle kernel paging request at virtual address ffff800011d54000
[  192.499101] Mem abort info:
[  192.499980]   ESR = 0x96000007
[  192.501007]   EC = 0x25: DABT (current EL), IL = 32 bits
[  192.502320]   SET = 0, FnV = 0
[  192.505917]   EA = 0, S1PTW = 0
[  192.510805] Data abort info:
[  192.512889]   ISV = 0, ISS = 0x00000007
[  192.514108]   CM = 0, WnR = 0
[  192.518903] swapper pgtable: 4k pages, 48-bit VAs, pgdp=00000000412a6000
[  192.526756] [ffff800011d54000] pgd=00000000bdfff003, pud=00000000bdffe003, pmd=00000000bb3d2003, pte=0000000000000000
[  192.535483] Internal error: Oops: 96000007 [#1] PREEMPT SMP
[  192.540882] Modules linked in:
[  192.542693] CPU: 6 PID: 494 Comm: python3 Not tainted 5.4.18 #2
[  192.543218] Hardware name: linux,dummy-virt (DT)
[  192.544139] pstate: 60000005 (nZCv daif -PAN -UAO)
[  192.546973] pc : inet_sendmsg+0x40/0x68
[  192.547776] lr : inet_sendmsg+0x40/0x68
[  192.548195] sp : ffff800011d53ff0
[  192.548548] x29: 0000ffff903fa860 x28: 0000000060000000 
[  192.549155] x27: 0000000000000000 x26: 0000000000000000 
[  192.549647] x25: 0000000056000000 x24: ffff800011d53dd8 
[  192.550071] x23: 0000ffffff2d36e8 x22: 0000000000000010 
[  192.550481] x21: 0000000000000000 x20: 00000000000000ce 
[  192.551590] x19: 0000000000000003 x18: 0000000000000000 
[  192.552557] x17: 0000000000000000 x16: 0000000000000000 
[  192.552975] x15: 0000000000000001 x14: 0000000000000000 
[  192.554248] x13: 0000000000000006 x12: 000000000000003c 
[  192.554601] x11: ffff0000737f5000 x10: 0000000000000000 
[  192.563220] x9 : ffff000079b8b540 x8 : 0000000000000028 
[  192.567713] x7 : ffff000079ba4000 x6 : 0000000022100000 
[  192.568366] x5 : 0000000000000053 x4 : 0000000000000000 
[  192.570272] x3 : 0000000000000000 x2 : ffff80006c7c5000 
[  192.572896] x1 : 0000000000000000 x0 : 0000000000000012 
[  192.578409] Call trace:
[  192.579261]  inet_sendmsg+0x40/0x68
[  192.587624] Code: aa1303e1 aa1503e0 f9403c63 d63f0060 (a94153f3) 
[  192.593231] ---[ end trace 9b88969d8cef0cd8 ]---
