[  193.324827] kernel BUG at arch/arm64/kernel/traps.c:405!
[  193.331008] Internal error: Oops - BUG: 0 [#1] PREEMPT SMP
[  193.333141] Modules linked in:
[  193.339365] CPU: 1 PID: 492 Comm: python3 Not tainted 5.4.18 #2
[  193.340433] Hardware name: linux,dummy-virt (DT)
[  193.342567] pstate: 00000005 (nzcv daif -PAN -UAO)
[  193.348301] pc : do_undefinstr+0x2ec/0x310
[  193.349516] lr : do_undefinstr+0x1e0/0x310
[  193.350511] sp : ffff800012163b50
[  193.351333] x29: ffff800012163b50 x28: ffff00007a857000 
[  193.352506] x27: 0000000000000000 x26: 0000000000000000 
[  193.353344] x25: 0000000056000000 x24: 0000000000000000 
[  193.354256] x23: 0000000040000005 x22: ffff800010bb6f0c 
[  193.355101] x21: ffff800012163cf0 x20: ffff00007a857000 
[  193.356012] x19: ffff800012163bb0 x18: 0000000000000000 
[  193.356885] x17: 0000000000000000 x16: 0000000000000000 
[  193.357771] x15: 0000000000000000 x14: 0000000000000000 
[  193.358599] x13: 0000000000000000 x12: 0000000000000000 
[  193.359418] x11: 0000000000000000 x10: 0000000000000000 
[  193.360303] x9 : 0000000000400100 x8 : ffff00007a857000 
[  193.361122] x7 : 0000ffff9839de90 x6 : ffff800012163ba8 
[  193.362055] x5 : 00000000d5300000 x4 : ffff8000117c51f0 
[  193.363459] x3 : 00000000f6300000 x2 : 0000000000000000 
[  193.364768] x1 : ffff00007a857000 x0 : 0000000040000005 
[  193.366952] Call trace:
[  193.367751]  do_undefinstr+0x2ec/0x310
[  193.368521]  el1_undef+0x10/0x84
[  193.369118]  inet_sendmsg+0x3c/0x68
[  193.369719]  __sys_sendto+0xd4/0x150
[  193.370386]  __arm64_sys_sendto+0x24/0x30
[  193.371045]  el0_svc_common.constprop.0+0x68/0x160
[  193.371780]  el0_svc_handler+0x20/0x80
[  193.372521]  el0_svc+0x8/0xc
[  193.374458] Code: f9401bf7 17ffff7c a9025bf5 f9001bf7 (d4210000) 
[  193.378971] ---[ end trace 2ff597991f9402df ]---
[  193.381586] note: python3[492] exited with preempt_count 1
[  193.538502] ------------[ cut here ]------------
[  193.540677] WARNING: CPU: 1 PID: 0 at kernel/rcu/tree.c:569 rcu_idle_enter+0x74/0x80
[  193.541376] Modules linked in:
[  193.544050] CPU: 1 PID: 0 Comm: swapper/1 Tainted: G      D           5.4.18 #2
[  193.554031] Hardware name: linux,dummy-virt (DT)
[  193.568634] pstate: 200003c5 (nzCv DAIF -PAN -UAO)
[  193.578050] pc : rcu_idle_enter+0x74/0x80
[  193.587823] lr : do_idle+0x200/0x288
[  193.596739] sp : ffff800011a4bf20
[  193.600152] x29: ffff800011a4bf20 x28: 0000000000000000 
[  193.613102] x27: 0000000000000000 x26: 0000000000000000 
[  193.613284] x25: 0000000000000000 x24: ffff8000117ba214 
[  193.613459] x23: ffff00007b0c1c00 x22: ffff800011404ab8 
[  193.613633] x21: ffff8000117ba1f0 x20: 0000000000000001 
[  193.613806] x19: ffff8000117ba118 x18: 0000000000000010 
[  193.613979] x17: 0000000000000000 x16: 0000000000000000 
[  193.614152] x15: 0000000000000000 x14: 0000000000000000 
[  193.614324] x13: 0000000000000002 x12: 0000000000000000 
[  193.614496] x11: 0000000000000000 x10: 00000000000009c0 
[  193.614668] x9 : ffff800011a4be90 x8 : ffff00007b0c2620 
[  193.627067] x7 : 0000000000000400 x6 : 0000005451e41551 
[  193.629973] x5 : 00ffffffffffffff x4 : ffff80006c757000 
[  193.632443] x3 : 4000000000000002 x2 : 4000000000000000 
[  193.646550] x1 : ffff800011406980 x0 : ffff00007db5d980 
[  193.652354] Call trace:
[  193.652807]  rcu_idle_enter+0x74/0x80
[  193.653577]  do_idle+0x200/0x288
[  193.659165]  cpu_startup_entry+0x20/0x40
[  193.660201]  secondary_start_kernel+0x154/0x190
[  193.661476] ---[ end trace 2ff597991f9402e0 ]---
