[  193.247080] kernel BUG at arch/arm64/kernel/traps.c:405!
[  193.256083] Internal error: Oops - BUG: 0 [#1] PREEMPT SMP
[  193.259493] Modules linked in:
[  193.265076] CPU: 5 PID: 492 Comm: python3 Not tainted 5.4.18 #2
[  193.266827] Hardware name: linux,dummy-virt (DT)
[  193.270375] pstate: 00000005 (nzcv daif -PAN -UAO)
[  193.282563] pc : do_undefinstr+0x2ec/0x310
[  193.283715] lr : do_undefinstr+0x1e0/0x310
[  193.284948] sp : ffff8000120c3b50
[  193.285821] x29: ffff8000120c3b50 x28: ffff00007b2c6200 
[  193.287329] x27: 0000000000000000 x26: 0000000000000000 
[  193.288763] x25: 0000000056000000 x24: 0000000000000000 
[  193.289905] x23: 0000000040000005 x22: ffff800010bb6f0c 
[  193.291032] x21: ffff8000120c3cf0 x20: ffff00007b2c6200 
[  193.292879] x19: ffff8000120c3bb0 x18: 0000000000000000 
[  193.296267] x17: 0000000000000000 x16: 0000000000000000 
[  193.297146] x15: 0000000000000000 x14: 0000000000000000 
[  193.298061] x13: 0000000000000000 x12: 0000000000000000 
[  193.298893] x11: 0000000000000000 x10: 0000000000000000 
[  193.299668] x9 : 0000000000400100 x8 : ffff00007b2c6200 
[  193.300445] x7 : 0000ffff88103e10 x6 : ffff8000120c3ba8 
[  193.301155] x5 : 00000000d5300000 x4 : ffff8000117c51f0 
[  193.301865] x3 : 00000000d6200000 x2 : 0000000000000000 
[  193.302659] x1 : ffff00007b2c6200 x0 : 0000000040000005 
[  193.303980] Call trace:
[  193.304629]  do_undefinstr+0x2ec/0x310
[  193.305183]  el1_undef+0x10/0x84
[  193.305617]  inet_sendmsg+0x3c/0x68
[  193.306042]  __sys_sendto+0xd4/0x150
[  193.306505]  __arm64_sys_sendto+0x24/0x30
[  193.307121]  el0_svc_common.constprop.0+0x68/0x160
[  193.307921]  el0_svc_handler+0x20/0x80
[  193.308819]  el0_svc+0x8/0xc
[  193.310824] Code: f9401bf7 17ffff7c a9025bf5 f9001bf7 (d4210000) 
[  193.313011] ---[ end trace f7217fe0ba3946b8 ]---
[  193.314020] note: python3[492] exited with preempt_count 1
[  193.375517] ------------[ cut here ]------------
[  193.381688] WARNING: CPU: 5 PID: 0 at kernel/rcu/tree.c:569 rcu_idle_enter+0x74/0x80
[  193.389658] Modules linked in:
[  193.390786] CPU: 5 PID: 0 Comm: swapper/5 Tainted: G      D           5.4.18 #2
[  193.392264] Hardware name: linux,dummy-virt (DT)
[  193.393229] pstate: 200003c5 (nzCv DAIF -PAN -UAO)
[  193.400173] pc : rcu_idle_enter+0x74/0x80
[  193.402478] lr : do_idle+0x200/0x288
[  193.408414] sp : ffff800011a6bf20
[  193.419582] x29: ffff800011a6bf20 x28: 0000000000000000 
[  193.431607] x27: 0000000000000000 x26: 0000000000000000 
[  193.441058] x25: 0000000000000000 x24: ffff8000117ba214 
[  193.453428] x23: ffff00007b0c5400 x22: ffff800011404ab8 
[  193.467347] x21: ffff8000117ba1f0 x20: 0000000000000005 
[  193.487734] x19: ffff8000117ba118 x18: 0000000000000010 
[  193.494340] x17: 0000000000000000 x16: 0000000000000000 
[  193.500677] x15: 00000000000002d7 x14: 0000000000000000 
[  193.504641] x13: 0000000000000002 x12: 0000000000000000 
[  193.506194] x11: 0000000000000000 x10: 00000000000009c0 
[  193.507798] x9 : ffff800011a6be90 x8 : ffff00007b0c5e20 
[  193.509761] x7 : 00000000000003f8 x6 : 0000003cd5085049 
[  193.510522] x5 : 00ffffffffffffff x4 : ffff80006c7af000 
[  193.511631] x3 : 4000000000000002 x2 : 4000000000000000 
[  193.513856] x1 : ffff800011406980 x0 : ffff00007dbb5980 
[  193.515747] Call trace:
[  193.516122]  rcu_idle_enter+0x74/0x80
[  193.516672]  do_idle+0x200/0x288
[  193.516823]  cpu_startup_entry+0x20/0x40
[  193.516986]  secondary_start_kernel+0x154/0x190
[  193.517432] ---[ end trace f7217fe0ba3946b9 ]---
