[  193.563753] Unable to handle kernel NULL pointer dereference at virtual address 000000000000008a
[  193.578382] Mem abort info:
[  193.579851]   ESR = 0x96000006
[  193.580820]   EC = 0x25: DABT (current EL), IL = 32 bits
[  193.589138]   SET = 0, FnV = 0
[  193.590234]   EA = 0, S1PTW = 0
[  193.590943] Data abort info:
[  193.591699]   ISV = 0, ISS = 0x00000006
[  193.594359]   CM = 0, WnR = 0
[  193.595985] user pgtable: 4k pages, 48-bit VAs, pgdp=00000000b1a64000
[  193.602531] [000000000000008a] pgd=00000000b1a01003, pud=00000000b19fc003, pmd=0000000000000000
[  193.615333] Internal error: Oops: 96000006 [#1] PREEMPT SMP
[  193.620680] Modules linked in:
[  193.634532] CPU: 3 PID: 498 Comm: python3 Not tainted 5.4.18 #2
[  193.638211] Hardware name: linux,dummy-virt (DT)
[  193.639968] pstate: 40000005 (nZcv daif -PAN -UAO)
[  193.648432] pc : inet_sendmsg+0x38/0x68
[  193.653248] lr : inet_sendmsg+0x24/0x68
[  193.658695] sp : ffff800011d8bcf0
[  193.663109] x29: ffff800011d8bcf0 x28: ffff00007a96f000 
[  193.674887] x27: 0000000000000000 x26: 0000000000000000 
[  193.677916] x25: 0000000056000000 x24: ffff800011d8bdd8 
[  193.682564] x23: 0000fffff3a27358 x22: 0000000000000010 
[  193.684352] x21: ffff00007a5ab300 x20: 0000000000000012 
[  193.685695] x19: ffff800011d8bd80 x18: 0000000000000000 
[  193.690655] x17: 0000000000000000 x16: 0000000000000000 
[  193.698852] x15: 0000000000000000 x14: 0000000000000000 
[  193.699824] x13: 0000000000000000 x12: 0000000000000000 
[  193.700317] x11: 0000000000000000 x10: 0000000000000000 
[  193.703664] x9 : 0000000000400100 x8 : ffff00007a96f000 
[  193.719412] x7 : 0000ffff8ffafe90 x6 : ffff800011d8bde8 
[  193.725601] x5 : ffff800011d8bde8 x4 : 0000000000000002 
[  193.729695] x3 : ffff8000119673b8 x2 : 0000000000000012 
[  193.745355] x1 : ffff800011d8bd80 x0 : ffff00007a5ab300 
[  193.759578] Call trace:
[  193.761608]  inet_sendmsg+0x38/0x68
[  193.762791]  __sys_sendto+0xd4/0x150
[  193.766018]  __arm64_sys_sendto+0x24/0x30
[  193.770841]  el0_svc_common.constprop.0+0x68/0x160
[  193.775586]  el0_svc_handler+0x20/0x80
[  193.776953]  el0_svc+0x8/0xc
[  193.780057] Code: f94016a3 aa1403e2 aa1303e1 aa1503e0 (f9403c43) 
[  193.789297] ---[ end trace 2878a8c06693a7de ]---
