[  192.915465] kernel BUG at arch/arm64/kernel/traps.c:405!
[  192.926207] Internal error: Oops - BUG: 0 [#1] PREEMPT SMP
[  192.928795] Modules linked in:
[  192.936869] CPU: 2 PID: 494 Comm: python3 Not tainted 5.4.18 #2
[  192.938284] Hardware name: linux,dummy-virt (DT)
[  192.940654] pstate: 00000005 (nzcv daif -PAN -UAO)
[  192.947351] pc : do_undefinstr+0x2ec/0x310
[  192.949206] lr : do_undefinstr+0x1e0/0x310
[  192.953041] sp : ffff800011ce3b50
[  192.954688] x29: ffff800011ce3b50 x28: ffff000078277000 
[  192.956166] x27: 0000000000000000 x26: 0000000000000000 
[  192.957410] x25: 0000000056000000 x24: 0000000000000000 
[  192.958342] x23: 0000000040000005 x22: ffff800010bb6f00 
[  192.959289] x21: ffff800011ce3cf0 x20: ffff000078277000 
[  192.960177] x19: ffff800011ce3bb0 x18: 0000000000000000 
[  192.961945] x17: 0000000000000000 x16: 0000000000000000 
[  192.962914] x15: 0000000000000000 x14: 0000000000000000 
[  192.963859] x13: 0000000000000000 x12: 0000000000000000 
[  192.964743] x11: 0000000000000000 x10: 0000000000000000 
[  192.965705] x9 : 0000000000400100 x8 : ffff000078277000 
[  192.966558] x7 : 0000ffff8fff8dd0 x6 : ffff800011ce3ba8 
[  192.967408] x5 : 00000000d5300000 x4 : ffff8000117c51f0 
[  192.968433] x3 : 00000000a2100000 x2 : 0000000000000000 
[  192.969244] x1 : ffff000078277000 x0 : 0000000040000005 
[  192.970922] Call trace:
[  192.971748]  do_undefinstr+0x2ec/0x310
[  192.972466]  el1_undef+0x10/0x84
[  192.973043]  inet_sendmsg+0x30/0x68
[  192.973698]  __sys_sendto+0xd4/0x150
[  192.974279]  __arm64_sys_sendto+0x24/0x30
[  192.975244]  el0_svc_common.constprop.0+0x68/0x160
[  192.976048]  el0_svc_handler+0x20/0x80
[  192.976674]  el0_svc+0x8/0xc
[  192.979354] Code: f9401bf7 17ffff7c a9025bf5 f9001bf7 (d4210000) 
[  192.984715] ---[ end trace ac152e8bb37a50e9 ]---
[  192.986887] note: python3[494] exited with preempt_count 1
[  193.088454] ------------[ cut here ]------------
[  193.089667] WARNING: CPU: 2 PID: 0 at kernel/rcu/tree.c:569 rcu_idle_enter+0x74/0x80
[  193.091491] Modules linked in:
[  193.092501] CPU: 2 PID: 0 Comm: swapper/2 Tainted: G      D           5.4.18 #2
[  193.094465] Hardware name: linux,dummy-virt (DT)
[  193.096533] pstate: 200003c5 (nzCv DAIF -PAN -UAO)
[  193.097472] pc : rcu_idle_enter+0x74/0x80
[  193.097864] lr : do_idle+0x200/0x288
[  193.098652] sp : ffff800011a53f20
[  193.099537] x29: ffff800011a53f20 x28: 0000000000000000 
[  193.100136] x27: 0000000000000000 x26: 0000000000000000 
[  193.100871] x25: 0000000000000000 x24: ffff8000117ba214 
[  193.101222] x23: ffff00007b0c2a00 x22: ffff800011404ab8 
[  193.101396] x21: ffff8000117ba1f0 x20: 0000000000000002 
[  193.102348] x19: ffff8000117ba118 x18: 0000000000000010 
[  193.103104] x17: 0000000000000000 x16: 0000000000000000 
[  193.103882] x15: 0000000000000000 x14: 0000000000000000 
[  193.104669] x13: 0000000000000001 x12: 0000000000000000 
[  193.105718] x11: 0000000000000400 x10: 00000000000009c0 
[  193.106589] x9 : ffff800011a53e90 x8 : ffff00007b0c3420 
[  193.107033] x7 : 0000000000000002 x6 : 000001f43c7581c3 
[  193.107630] x5 : 00ffffffffffffff x4 : ffff80006c76d000 
[  193.108184] x3 : 4000000000000002 x2 : 4000000000000000 
[  193.108483] x1 : ffff800011406980 x0 : ffff00007db73980 
[  193.109093] Call trace:
[  193.110088]  rcu_idle_enter+0x74/0x80
[  193.110547]  do_idle+0x200/0x288
[  193.110739]  cpu_startup_entry+0x24/0x40
[  193.111629]  secondary_start_kernel+0x154/0x190
[  193.112397] ---[ end trace ac152e8bb37a50ea ]---
