[  193.373664] Unable to handle kernel paging request at virtual address 0000000060000078
[  193.376378] Mem abort info:
[  193.377052]   ESR = 0x96000005
[  193.378041]   EC = 0x25: DABT (current EL), IL = 32 bits
[  193.378599]   SET = 0, FnV = 0
[  193.379127]   EA = 0, S1PTW = 0
[  193.381150] Data abort info:
[  193.381869]   ISV = 0, ISS = 0x00000005
[  193.382747]   CM = 0, WnR = 0
[  193.385515] user pgtable: 4k pages, 48-bit VAs, pgdp=00000000b946d000
[  193.387037] [0000000060000078] pgd=00000000b4ac0003, pud=0000000000000000
[  193.393353] Internal error: Oops: 96000005 [#1] PREEMPT SMP
[  193.403589] Modules linked in:
[  193.415711] CPU: 1 PID: 497 Comm: python3 Not tainted 5.4.18 #2
[  193.418671] Hardware name: linux,dummy-virt (DT)
[  193.424627] pstate: 40000005 (nZcv daif -PAN -UAO)
[  193.428713] pc : inet_sendmsg+0x38/0x68
[  193.429234] lr : inet_sendmsg+0x24/0x68
[  193.430393] sp : ffff800011fcbcf0
[  193.433411] x29: ffff800011fcbcf0 x28: ffff00007a9eb800 
[  193.436169] x27: 0000000000000000 x26: 0000000000000000 
[  193.437045] x25: 0000000056000000 x24: ffff800011fcbdd8 
[  193.439608] x23: 0000ffffe5faa4b8 x22: 0000000000000010 
[  193.440278] x21: ffff00007b22bfc0 x20: 0000000000000012 
[  193.442005] x19: ffff800011fcbd80 x18: 0000000000000000 
[  193.444849] x17: 0000000000000000 x16: 0000000000000000 
[  193.445956] x15: 0000000000000000 x14: 0000000000000000 
[  193.448133] x13: 0000000000000000 x12: 0000000000000000 
[  193.449195] x11: 0000000000000000 x10: 0000000000000000 
[  193.453676] x9 : 0000000000400100 x8 : ffff00007a9eb800 
[  193.458149] x7 : 0000ffff8c10edd0 x6 : ffff800011fcbde8 
[  193.467801] x5 : ffff800011fcbde8 x4 : 0000000000000002 
[  193.480582] x3 : 0000000060000000 x2 : 0000000000000012 
[  193.487649] x1 : ffff800011fcbd80 x0 : ffff00007b22bfc0 
[  193.491876] Call trace:
[  193.493151]  inet_sendmsg+0x38/0x68
[  193.493872]  __sys_sendto+0xd4/0x150
[  193.496129]  __arm64_sys_sendto+0x24/0x30
[  193.497835]  el0_svc_common.constprop.0+0x68/0x160
[  193.499063]  el0_svc_handler+0x20/0x80
[  193.502659]  el0_svc+0x8/0xc
[  193.507685] Code: f94014a3 aa1403e2 aa1303e1 aa1503e0 (f9403c63) 
[  193.514075] ---[ end trace 7d5a072ead5cde3c ]---
