[  193.679353] Unable to handle kernel NULL pointer dereference at virtual address 0000000000000480
[  193.681717] Mem abort info:
[  193.682428]   ESR = 0x96000006
[  193.687644]   EC = 0x25: DABT (current EL), IL = 32 bits
[  193.692762]   SET = 0, FnV = 0
[  193.698705]   EA = 0, S1PTW = 0
[  193.700523] Data abort info:
[  193.704821]   ISV = 0, ISS = 0x00000006
[  193.719251]   CM = 0, WnR = 0
[  193.725675] user pgtable: 4k pages, 48-bit VAs, pgdp=00000000b5f9c000
[  193.728948] [0000000000000480] pgd=00000000b5f93003, pud=00000000b27f1003, pmd=0000000000000000
[  193.738079] Internal error: Oops: 96000006 [#1] PREEMPT SMP
[  193.739276] Modules linked in:
[  193.742833] CPU: 5 PID: 494 Comm: python3 Not tainted 5.4.18 #2
[  193.743999] Hardware name: linux,dummy-virt (DT)
[  193.746734] pstate: 00000005 (nzcv daif -PAN -UAO)
[  193.749987] pc : __sys_sendto+0xf4/0x150
[  193.759456] lr : __sys_sendto+0xd4/0x150
[  193.764365] sp : ffff80001213bd20
[  193.766596] x29: ffff80001213bd20 x28: ffff00007a86e200 
[  193.768376] x27: 0000000000000000 x26: 0000000000000000 
[  193.770195] x25: 0000000056000000 x24: ffff80001213bdd8 
[  193.773263] x23: 0000ffffd543d0f8 x22: 0000000000000010 
[  193.777931] x21: 0000000000000480 x20: 0000000000000000 
[  193.780988] x19: ffff00006e524000 x18: 0000000000000000 
[  193.783883] x17: 0000000000000000 x16: 0000000000000000 
[  193.784597] x15: 0000000000000001 x14: 0000000000000000 
[  193.788673] x13: 0000000000000006 x12: 000000000000003c 
[  193.798357] x11: ffff000073c65000 x10: 0000000000000000 
[  193.801249] x9 : ffff00007a5b4940 x8 : 0000000000000028 
[  193.809227] x7 : ffff00007173c000 x6 : 0000000022100000 
[  193.811694] x5 : 0000000000000043 x4 : 0000000000000000 
[  193.817350] x3 : 0000000000000000 x2 : ffff80006c7af000 
[  193.820552] x1 : 527a1d62a8072c00 x0 : 0000000000000012 
[  193.825346] Call trace:
[  193.829029]  __sys_sendto+0xf4/0x150
[  193.829583]  __arm64_sys_sendto+0x24/0x30
[  193.829889]  el0_svc_common.constprop.0+0x68/0x160
[  193.831635]  el0_svc_handler+0x20/0x80
[  193.832532]  el0_svc+0x8/0xc
[  193.836235] Code: 350001a0 b9404be0 9111c2b5 f9409fe1 (f94002a2) 
[  193.848127] ---[ end trace cfdfcf6ce3d1333c ]---
