[  194.487257] kernel BUG at arch/arm64/kernel/traps.c:405!
[  194.497556] Internal error: Oops - BUG: 0 [#1] PREEMPT SMP
[  194.500362] Modules linked in:
[  194.507411] CPU: 7 PID: 496 Comm: python3 Not tainted 5.4.18 #2
[  194.508497] Hardware name: linux,dummy-virt (DT)
[  194.510427] pstate: 00000005 (nzcv daif -PAN -UAO)
[  194.516069] pc : do_undefinstr+0x2ec/0x310
[  194.517394] lr : do_undefinstr+0x1e0/0x310
[  194.518030] sp : ffff800012143b50
[  194.518441] x29: ffff800012143b50 x28: ffff000075ecd400 
[  194.519087] x27: 0000000000000000 x26: 0000000000000000 
[  194.519627] x25: 0000000056000000 x24: 0000000000000000 
[  194.520240] x23: 0000000040000005 x22: ffff800010bb6f0c 
[  194.521055] x21: ffff800012143cf0 x20: ffff000075ecd400 
[  194.522077] x19: ffff800012143bb0 x18: 0000000000000000 
[  194.523175] x17: 0000000000000000 x16: 0000000000000000 
[  194.524034] x15: 0000000000000000 x14: 0000000000000000 
[  194.524865] x13: 0000000000000000 x12: 0000000000000000 
[  194.525686] x11: 0000000000000000 x10: 0000000000000000 
[  194.526588] x9 : 0000000000400100 x8 : ffff000075ecd400 
[  194.527420] x7 : 0000ffffbc3bee50 x6 : ffff800012143ba8 
[  194.528284] x5 : 00000000d5300000 x4 : ffff8000117c51f0 
[  194.529101] x3 : 00000000d6300000 x2 : 0000000000000000 
[  194.529917] x1 : ffff000075ecd400 x0 : 0000000040000005 
[  194.532710] Call trace:
[  194.533765]  do_undefinstr+0x2ec/0x310
[  194.534544]  el1_undef+0x10/0x84
[  194.535149]  inet_sendmsg+0x3c/0x68
[  194.535752]  __sys_sendto+0xd4/0x150
[  194.536542]  __arm64_sys_sendto+0x24/0x30
[  194.537218]  el0_svc_common.constprop.0+0x68/0x160
[  194.537955]  el0_svc_handler+0x20/0x80
[  194.538622]  el0_svc+0x8/0xc
[  194.540461] Code: f9401bf7 17ffff7c a9025bf5 f9001bf7 (d4210000) 
[  194.543985] ---[ end trace 08ccede3d9e0090b ]---
[  194.546089] note: python3[496] exited with preempt_count 1
[  194.660360] ------------[ cut here ]------------
[  194.667353] WARNING: CPU: 7 PID: 0 at kernel/rcu/tree.c:569 rcu_idle_enter+0x74/0x80
[  194.673158] Modules linked in:
[  194.679838] CPU: 7 PID: 0 Comm: swapper/7 Tainted: G      D           5.4.18 #2
[  194.697560] Hardware name: linux,dummy-virt (DT)
[  194.704520] pstate: 200003c5 (nzCv DAIF -PAN -UAO)
[  194.716321] pc : rcu_idle_enter+0x74/0x80
[  194.720652] lr : do_idle+0x200/0x288
[  194.722141] sp : ffff800011a7bf20
[  194.722943] x29: ffff800011a7bf20 x28: 0000000000000000 
[  194.723959] x27: 0000000000000000 x26: 0000000000000000 
[  194.725426] x25: 0000000000000000 x24: ffff8000117ba214 
[  194.730639] x23: ffff00007b0c7000 x22: ffff800011404ab8 
[  194.739268] x21: ffff8000117ba1f0 x20: 0000000000000007 
[  194.747685] x19: ffff8000117ba118 x18: 0000000000000010 
[  194.752307] x17: 0000000000000000 x16: 0000000000000000 
[  194.761557] x15: 0000000000000137 x14: 0000000000000002 
[  194.774027] x13: 000000000000034a x12: 0000000000000117 
[  194.778416] x11: 00000000000d2df7 x10: 00000000000009c0 
[  194.791442] x9 : 0000abbb910d00b8 x8 : 000000000000abbb 
[  194.799560] x7 : 000000000000b688 x6 : 000000c13ac1e2e3 
[  194.804411] x5 : 00ffffffffffffff x4 : ffff80006c7db000 
[  194.808272] x3 : 4000000000000002 x2 : 4000000000000000 
[  194.814964] x1 : ffff800011406980 x0 : ffff00007dbe1980 
[  194.816560] Call trace:
[  194.819769]  rcu_idle_enter+0x74/0x80
[  194.821390]  do_idle+0x200/0x288
[  194.825055]  cpu_startup_entry+0x24/0x40
[  194.830077]  secondary_start_kernel+0x154/0x190
[  194.831503] ---[ end trace 08ccede3d9e0090c ]---
