[  193.723315] Unable to handle kernel paging request at virtual address ff800011f5bd8000
[  193.727693] Mem abort info:
[  193.727983]   ESR = 0x96000004
[  193.728438]   EC = 0x25: DABT (current EL), IL = 32 bits
[  193.728897]   SET = 0, FnV = 0
[  193.729186]   EA = 0, S1PTW = 0
[  193.729487] Data abort info:
[  193.729762]   ISV = 0, ISS = 0x00000004
[  193.730079]   CM = 0, WnR = 0
[  193.730552] [ff800011f5bd8000] address between user and kernel address ranges
[  193.731566] Internal error: Oops: 96000004 [#1] PREEMPT SMP
[  193.732653] Modules linked in:
[  193.734876] CPU: 5 PID: 495 Comm: python3 Not tainted 5.4.18 #2
[  193.736932] Hardware name: linux,dummy-virt (DT)
[  193.742580] pstate: 40000005 (nZcv daif -PAN -UAO)
[  193.743788] pc : udp_sendmsg+0x50/0x860
[  193.744533] lr : inet_sendmsg+0x40/0x68
[  193.745359] sp : ffff800011f5bb60
[  193.746047] x29: ffff800011f5bb70 x28: 0000000000000012 
[  193.747231] x27: ff800011f5bd8000 x26: 0000000000000011 
[  193.748145] x25: 0000000000000012 x24: ffff800011f5bdd8 
[  193.749019] x23: 0000ffffce150aa8 x22: 0000000000000001 
[  193.749927] x21: ffff000075ee1c00 x20: 0000000000000012 
[  193.750740] x19: ffff00007ab13300 x18: 0000000000000000 
[  193.751594] x17: 0000000000000000 x16: 0000000000000000 
[  193.752836] x15: 0000000000000000 x14: 0000000000000000 
[  193.753748] x13: 0000000000000000 x12: 0000000000000000 
[  193.754582] x11: 0000000000000000 x10: 0000000000000000 
[  193.755391] x9 : 0000000000400100 x8 : ffff000075ee1c00 
[  193.756267] x7 : 0000ffffb53f0e90 x6 : ffff800011f5bde8 
[  193.757075] x5 : ffff800011f5bde8 x4 : 0000000000000002 
[  193.757922] x3 : ffff800010baa480 x2 : 0000000000000012 
[  193.758734] x1 : 0000000000000000 x0 : 0000000000000000 
[  193.760426] Call trace:
[  193.761229]  udp_sendmsg+0x50/0x860
[  193.761946]  inet_sendmsg+0x40/0x68
[  193.762548]  __sys_sendto+0xd4/0x150
[  193.763126]  __arm64_sys_sendto+0x24/0x30
[  193.763841]  el0_svc_common.constprop.0+0x68/0x160
[  193.764589]  el0_svc_handler+0x20/0x80
[  193.765192]  el0_svc+0x8/0xc
[  193.768340] Code: f900c7e1 d2800001 b943a400 f90053ff (f9400377) 
[  193.775190] ---[ end trace f4a99af399423929 ]---
