[  193.206170] kernel BUG at arch/arm64/kernel/traps.c:405!
[  193.214504] Internal error: Oops - BUG: 0 [#1] PREEMPT SMP
[  193.219306] Modules linked in:
[  193.225425] CPU: 0 PID: 492 Comm: python3 Not tainted 5.4.18 #2
[  193.228158] Hardware name: linux,dummy-virt (DT)
[  193.230444] pstate: 00000005 (nzcv daif -PAN -UAO)
[  193.237838] pc : do_undefinstr+0x2ec/0x310
[  193.239194] lr : do_undefinstr+0x1e0/0x310
[  193.240163] sp : ffff800011e9bb80
[  193.241058] x29: ffff800011e9bb80 x28: ffff00007abed400 
[  193.242461] x27: 0000000000000000 x26: 0000000000000000 
[  193.244191] x25: 0000000056000000 x24: 0000000000000000 
[  193.246509] x23: 0000000060000005 x22: ffff800010bb6f1c 
[  193.248981] x21: ffff800011e9bd20 x20: ffff00007abed400 
[  193.251598] x19: ffff800011e9bbe0 x18: 0000000000000000 
[  193.252671] x17: 0000000000000000 x16: 0000000000000000 
[  193.256078] x15: 0000000000000001 x14: 0000000000000000 
[  193.258582] x13: 0000000000000006 x12: 000000000000003c 
[  193.260087] x11: ffff0000780cf000 x10: ffff000079b687c0 
[  193.261361] x9 : 00000000000006cc x8 : 0000000000000001 
[  193.262377] x7 : 0000000000004e20 x6 : ffff800011e9bbd8 
[  193.263272] x5 : 00000000d5300000 x4 : ffff8000117c51f0 
[  193.264476] x3 : 00000000d7500000 x2 : 0000000000000000 
[  193.265599] x1 : ffff00007abed400 x0 : 0000000060000005 
[  193.267623] Call trace:
[  193.268558]  do_undefinstr+0x2ec/0x310
[  193.269361]  el1_undef+0x10/0x84
[  193.270018]  inet_sendmsg+0x4c/0x68
[  193.270652]  __arm64_sys_sendto+0x24/0x30
[  193.271393]  el0_svc_common.constprop.0+0x68/0x160
[  193.272671]  el0_svc_handler+0x20/0x80
[  193.273364]  el0_svc+0x8/0xc
[  193.275256] Code: f9401bf7 17ffff7c a9025bf5 f9001bf7 (d4210000) 
[  193.278969] ---[ end trace ae38da767deafdfc ]---
[  193.281141] note: python3[492] exited with preempt_count 1
[  193.341935] ------------[ cut here ]------------
[  193.347626] WARNING: CPU: 0 PID: 0 at kernel/rcu/tree.c:569 rcu_idle_enter+0x74/0x80
[  193.353772] Modules linked in:
[  193.364666] CPU: 0 PID: 0 Comm: swapper/0 Tainted: G      D           5.4.18 #2
[  193.381942] Hardware name: linux,dummy-virt (DT)
[  193.389343] pstate: 200003c5 (nzCv DAIF -PAN -UAO)
[  193.402421] pc : rcu_idle_enter+0x74/0x80
[  193.411117] lr : do_idle+0x200/0x288
[  193.416674] sp : ffff8000117b3eb0
[  193.419007] x29: ffff8000117b3eb0 x28: 00000000412b0018 
[  193.424667] x27: 0000000000000000 x26: 0000000000000000 
[  193.427132] x25: 0000000000000000 x24: ffff8000117ba214 
[  193.428998] x23: ffff8000117c2d80 x22: ffff800011404ab8 
[  193.430209] x21: ffff8000117ba1f0 x20: 0000000000000000 
[  193.443614] x19: ffff8000117ba118 x18: 0000000000000010 
[  193.448612] x17: 0000000000000000 x16: 0000000000000000 
[  193.452039] x15: ffff00007abed870 x14: 0000000000000001 
[  193.453605] x13: 00000000000047f4 x12: 000000000000024e 
[  193.456040] x11: 00000000011ff31f x10: 0000000000000000 
[  193.457333] x9 : 0000000000000000 x8 : 0000000000000000 
[  193.459267] x7 : ffff80006c741000 x6 : 00000045b2d963fb 
[  193.461172] x5 : 00ffffffffffffff x4 : 001bb6452c000000 
[  193.465346] x3 : 4000000000000002 x2 : 4000000000000000 
[  193.467699] x1 : ffff800011406980 x0 : ffff00007db47980 
[  193.474815] Call trace:
[  193.476844]  rcu_idle_enter+0x74/0x80
[  193.480888]  do_idle+0x200/0x288
[  193.483078]  cpu_startup_entry+0x24/0x40
[  193.485828]  rest_init+0xd4/0xe0
[  193.486842]  arch_call_rest_init+0xc/0x14
[  193.489080]  start_kernel+0x420/0x450
[  193.490326] ---[ end trace ae38da767deafdfd ]---
