[  192.549267] Unable to handle kernel NULL pointer dereference at virtual address 000000000000000e
[  192.556038] Mem abort info:
[  192.556632]   ESR = 0x96000006
[  192.564489]   EC = 0x25: DABT (current EL), IL = 32 bits
[  192.571581]   SET = 0, FnV = 0
[  192.577422]   EA = 0, S1PTW = 0
[  192.579706] Data abort info:
[  192.583610]   ISV = 0, ISS = 0x00000006
[  192.593326]   CM = 0, WnR = 0
[  192.598837] user pgtable: 4k pages, 48-bit VAs, pgdp=00000000b5f4d000
[  192.607813] [000000000000000e] pgd=00000000b818a003, pud=00000000b5c84003, pmd=0000000000000000
[  192.621008] Internal error: Oops: 96000006 [#1] PREEMPT SMP
[  192.625070] Modules linked in:
[  192.637243] CPU: 1 PID: 495 Comm: python3 Not tainted 5.4.18 #2
[  192.640461] Hardware name: linux,dummy-virt (DT)
[  192.654323] pstate: 40000005 (nZcv daif -PAN -UAO)
[  192.666207] pc : inet_send_prepare+0xc/0xc8
[  192.670143] lr : inet_sendmsg+0x24/0x68
[  192.675816] sp : ffff800011f6bcc0
[  192.684932] x29: ffff800011f6bcc0 x28: ffff000075c67000 
[  192.699138] x27: 0000000000000000 x26: 0000000000000000 
[  192.703481] x25: 0000000056000000 x24: ffff800011f6bdd8 
[  192.710544] x23: 0000ffffd8d96968 x22: 0000000000000010 
[  192.711654] x21: 0000000000000000 x20: 0000000000000012 
[  192.716983] x19: ffff800011f6bd80 x18: 0000000000000000 
[  192.721562] x17: 0000000000000000 x16: 0000000000000000 
[  192.723296] x15: 0000000000000000 x14: 0000000000000000 
[  192.723887] x13: 0000000000000000 x12: 0000000000000000 
[  192.724683] x11: 0000000000000000 x10: 0000000000000000 
[  192.726500] x9 : 0000000000400100 x8 : ffff000075c67000 
[  192.729089] x7 : 0000ffff7f71ae10 x6 : ffff800011f6bde8 
[  192.732180] x5 : ffff800011f6bde8 x4 : 0000000000000002 
[  192.736056] x3 : ffff800010bb6ed0 x2 : 0000000000000012 
[  192.740065] x1 : ffff800011f6bd80 x0 : 0000000000000000 
[  192.742265] Call trace:
[  192.744359]  inet_send_prepare+0xc/0xc8
[  192.745742]  inet_sendmsg+0x24/0x68
[  192.747171]  __sys_sendto+0xd4/0x150
[  192.748500]  __arm64_sys_sendto+0x24/0x30
[  192.749168]  el0_svc_common.constprop.0+0x68/0x160
[  192.749690]  el0_svc_handler+0x20/0x80
[  192.754242]  el0_svc+0x8/0xc
[  192.760417] Code: 97d4aef9 a9bd7bfd 910003fd d503201f (79401c01) 
[  192.765450] ---[ end trace acd610aec317f906 ]---
