[  192.629749] Unable to handle kernel paging request at virtual address 000000000039a1fc
[  192.642029] Mem abort info:
[  192.642900]   ESR = 0x96000006
[  192.646981]   EC = 0x25: DABT (current EL), IL = 32 bits
[  192.650349]   SET = 0, FnV = 0
[  192.655101]   EA = 0, S1PTW = 0
[  192.660926] Data abort info:
[  192.662505]   ISV = 0, ISS = 0x00000006
[  192.663702]   CM = 0, WnR = 0
[  192.666872] user pgtable: 4k pages, 48-bit VAs, pgdp=00000000b9052000
[  192.671826] [000000000039a1fc] pgd=00000000b9079003, pud=00000000b3bae003, pmd=0000000000000000
[  192.684110] Internal error: Oops: 96000006 [#1] PREEMPT SMP
[  192.686795] Modules linked in:
[  192.698384] CPU: 4 PID: 492 Comm: python3 Not tainted 5.4.18 #2
[  192.699651] Hardware name: linux,dummy-virt (DT)
[  192.701977] pstate: 40000005 (nZcv daif -PAN -UAO)
[  192.706743] pc : inet_send_prepare+0x18/0xc8
[  192.707334] lr : inet_sendmsg+0x24/0x68
[  192.709796] sp : ffff800011efbcc0
[  192.710539] x29: ffff800011efbcc0 x28: ffff00007a868000 
[  192.711863] x27: 0000000000000000 x26: 0000000000000000 
[  192.712832] x25: 0000000056000000 x24: ffff800011efbdd8 
[  192.713330] x23: 0000ffffe28963d8 x22: 0000000000000010 
[  192.713768] x21: ffff00007a924400 x20: 0000000000000012 
[  192.714125] x19: ffff800011efbd80 x18: 0000000000000000 
[  192.714497] x17: 0000000000000000 x16: 0000000000000000 
[  192.714831] x15: 0000000000000000 x14: 0000000000000000 
[  192.715153] x13: 0000000000000000 x12: 0000000000000000 
[  192.716110] x11: 0000000000000000 x10: 0000000000000000 
[  192.716776] x9 : 0000000000400100 x8 : ffff00007a868000 
[  192.717275] x7 : 0000ffffb1af7e50 x6 : ffff800011efbde8 
[  192.717830] x5 : ffff800011efbde8 x4 : 0000000000000002 
[  192.718362] x3 : ffff800010bb6ed0 x2 : 0000000000000012 
[  192.718872] x1 : 000000000039a0d0 x0 : ffff00006f56c000 
[  192.720232] Call trace:
[  192.720866]  inet_send_prepare+0x18/0xc8
[  192.721389]  inet_sendmsg+0x24/0x68
[  192.721802]  __sys_sendto+0xd4/0x150
[  192.722778]  __arm64_sys_sendto+0x24/0x30
[  192.723260]  el0_svc_common.constprop.0+0x68/0x160
[  192.726592]  el0_svc_handler+0x20/0x80
[  192.726840]  el0_svc+0x8/0xc
[  192.727985] Code: d503201f 79401c01 35000081 f9401401 (3944b021) 
[  192.729227] ---[ end trace 88c8409cdab71aa4 ]---
