[  194.926830] Unable to handle kernel paging request at virtual address 00007fffee2d427f
[  194.935206] Mem abort info:
[  194.935873]   ESR = 0x96000004
[  194.938884]   EC = 0x25: DABT (current EL), IL = 32 bits
[  194.943610]   SET = 0, FnV = 0
[  194.944093]   EA = 0, S1PTW = 0
[  194.946228] Data abort info:
[  194.946719]   ISV = 0, ISS = 0x00000004
[  194.949859]   CM = 0, WnR = 0
[  194.953349] user pgtable: 4k pages, 48-bit VAs, pgdp=00000000b6fa0000
[  194.956134] [00007fffee2d427f] pgd=0000000000000000
[  194.967220] Internal error: Oops: 96000004 [#1] PREEMPT SMP
[  194.975118] Modules linked in:
[  194.985520] CPU: 3 PID: 498 Comm: python3 Not tainted 5.4.18 #2
[  194.989686] Hardware name: linux,dummy-virt (DT)
[  194.991862] pstate: 40000005 (nZcv daif -PAN -UAO)
[  194.998744] pc : udp_sendmsg+0x50/0x860
[  194.999901] lr : inet_sendmsg+0x40/0x68
[  195.002797] sp : ffff800011d2bb60
[  195.004302] x29: ffff800011d2bb70 x28: 0000000000000012 
[  195.006058] x27: 00007fffee2d427f x26: 0000000000000011 
[  195.006989] x25: 0000000000000012 x24: ffff800011d2bdd8 
[  195.007832] x23: 0000fffffec015b8 x22: 0000000000000001 
[  195.010371] x21: ffff000070b88000 x20: 0000000000000012 
[  195.011526] x19: ffff00007aad2200 x18: 0000000000000000 
[  195.012363] x17: 0000000000000000 x16: 0000000000000000 
[  195.014095] x15: 0000000000000000 x14: 0000000000000000 
[  195.015621] x13: 0000000000000000 x12: 0000000000000000 
[  195.017155] x11: 0000000000000000 x10: 0000000000000000 
[  195.020534] x9 : 0000000000400100 x8 : ffff000070b88000 
[  195.020860] x7 : 0000ffff9503ded0 x6 : ffff800011d2bde8 
[  195.021118] x5 : ffff800011d2bde8 x4 : 0000000000000002 
[  195.021402] x3 : ffff800010baa480 x2 : 0000000000000012 
[  195.021658] x1 : 0000000000000000 x0 : 0000000000000000 
[  195.022418] Call trace:
[  195.022770]  udp_sendmsg+0x50/0x860
[  195.024247]  inet_sendmsg+0x40/0x68
[  195.024627]  __sys_sendto+0xd4/0x150
[  195.024963]  __arm64_sys_sendto+0x24/0x30
[  195.025397]  el0_svc_common.constprop.0+0x68/0x160
[  195.025897]  el0_svc_handler+0x20/0x80
[  195.026260]  el0_svc+0x8/0xc
[  195.028316] Code: f900c7e1 d2800001 b943a400 f90053ff (f9400377) 
[  195.029850] ---[ end trace 554e60bc44e48323 ]---
