[  207.632168] Unable to handle kernel NULL pointer dereference at virtual address 0000000000000010
[  207.644910] Mem abort info:
[  207.647349]   ESR = 0x96000006
[  207.652990]   EC = 0x25: DABT (current EL), IL = 32 bits
[  207.653738]   SET = 0, FnV = 0
[  207.654504]   EA = 0, S1PTW = 0
[  207.658696] Data abort info:
[  207.666256]   ISV = 0, ISS = 0x00000006
[  207.673778]   CM = 0, WnR = 0
[  207.683418] user pgtable: 4k pages, 48-bit VAs, pgdp=00000000b5ef5000
[  207.696073] [0000000000000010] pgd=00000000b80b7003, pud=00000000b0853003, pmd=0000000000000000
[  207.702767] Internal error: Oops: 96000006 [#1] PREEMPT SMP
[  207.705621] Modules linked in:
[  207.709188] CPU: 4 PID: 494 Comm: python3 Not tainted 5.4.18 #2
[  207.709664] Hardware name: linux,dummy-virt (DT)
[  207.710947] pstate: 60000005 (nZCv daif -PAN -UAO)
[  207.716485] pc : inet_sendmsg+0x40/0x68
[  207.717418] lr : inet_sendmsg+0x40/0x68
[  207.718237] sp : ffff80001214bcf0
[  207.719680] x29: ffff80001214bcf0 x28: ffff00007801c600 
[  207.721076] x27: 0000000000000000 x26: 0000000000000000 
[  207.722134] x25: 0000000056000000 x24: ffff80001214bdd8 
[  207.724754] x23: 0000ffffc8d34d08 x22: 0000000000000010 
[  207.725419] x21: ffff00007a8e6e80 x20: 0000000000000012 
[  207.725953] x19: ffff80001214bd80 x18: 0000000000000000 
[  207.726391] x17: 0000000000000000 x16: 0000000000000000 
[  207.727978] x15: 0000000000000001 x14: 0000000000000000 
[  207.729401] x13: 0000000000000006 x12: 000000000000003c 
[  207.730318] x11: ffff00007140b000 x10: 0000000000000000 
[  207.732111] x9 : ffff000079011940 x8 : 0000000000000028 
[  207.733081] x7 : ffff0000725d4000 x6 : 0000000022100000 
[  207.733918] x5 : 0000000000000039 x4 : 0000000000000000 
[  207.734780] x3 : 0000000000000000 x2 : ffff80006c799000 
[  207.735709] x1 : 0000000000000000 x0 : 0000000000000012 
[  207.738120] Call trace:
[  207.739826]  inet_sendmsg+0x40/0x68
[  207.742151]  __sys_sendto+0xd4/0x150
[  207.742743]  __arm64_sys_sendto+0x24/0x30
[  207.743613]  el0_svc_common.constprop.0+0x68/0x160
[  207.744588]  el0_svc_handler+0x20/0x80
[  207.745136]  el0_svc+0x8/0xc
[  207.747641] Code: aa1303e1 aa1503e0 f9403c63 d63f0060 (a9415373) 
[  207.753780] ---[ end trace 4f11f2360cef422a ]---
