[  192.673383] Unable to handle kernel paging request at virtual address 000001a400000004
[  192.683438] Mem abort info:
[  192.684474]   ESR = 0x86000004
[  192.685328]   EC = 0x21: IABT (current EL), IL = 32 bits
[  192.688663]   SET = 0, FnV = 0
[  192.690023]   EA = 0, S1PTW = 0
[  192.696873] user pgtable: 4k pages, 48-bit VAs, pgdp=00000000b1964000
[  192.709971] [000001a400000004] pgd=0000000000000000
[  192.728994] Internal error: Oops: 86000004 [#1] PREEMPT SMP
[  192.732575] Modules linked in:
[  192.751452] CPU: 0 PID: 493 Comm: python3 Not tainted 5.4.18 #2
[  192.757113] Hardware name: linux,dummy-virt (DT)
[  192.759440] pstate: 40000005 (nZcv daif -PAN -UAO)
[  192.764198] pc : 0x1a400000004
[  192.772083] lr : inet_sendmsg+0x40/0x68
[  192.772683] sp : ffff800011f9bcf0
[  192.773100] x29: ffff800011f9bcf0 x28: ffff0000727e0000 
[  192.776021] x27: 0000000000000000 x26: 0000000000000000 
[  192.776924] x25: 0000000056000000 x24: ffff800011f9bdd8 
[  192.777949] x23: 0000ffffc3dedf58 x22: 0000000000000010 
[  192.780587] x21: ffff000079478000 x20: 0000000000000012 
[  192.781667] x19: ffff800011f9bd80 x18: 0000000000000000 
[  192.782685] x17: 0000000000000000 x16: 0000000000000000 
[  192.783653] x15: 0000000000000000 x14: 0000000000000000 
[  192.788058] x13: 0000000000000000 x12: 0000000000000000 
[  192.789785] x11: 0000000000000000 x10: 0000000000000000 
[  192.791856] x9 : 0000000000400100 x8 : ffff0000727e0000 
[  192.795886] x7 : 0000ffffbc0b6e90 x6 : ffff800011f9bde8 
[  192.796569] x5 : ffff800011f9bde8 x4 : 0000000000000002 
[  192.797275] x3 : 000001a400000004 x2 : 0000000000000012 
[  192.800049] x1 : ffff800011f9bd80 x0 : ffff000079478000 
[  192.805691] Call trace:
[  192.809629]  0x1a400000004
[  192.813330]  __sys_sendto+0xd4/0x150
[  192.817774]  __arm64_sys_sendto+0x24/0x30
[  192.818498]  el0_svc_common.constprop.0+0x68/0x160
[  192.818925]  el0_svc_handler+0x20/0x80
[  192.820576]  el0_svc+0x8/0xc
[  192.827099] Code: bad PC value
[  192.834130] ---[ end trace 0948f9feae150b60 ]---
