[  195.900523] Unable to handle kernel NULL pointer dereference at virtual address 0000000000000000
[  195.907465] Mem abort info:
[  195.909350]   ESR = 0x86000006
[  195.914337]   EC = 0x21: IABT (current EL), IL = 32 bits
[  195.920167]   SET = 0, FnV = 0
[  195.924091]   EA = 0, S1PTW = 0
[  195.929444] user pgtable: 4k pages, 48-bit VAs, pgdp=00000000b143a000
[  195.936851] [0000000000000000] pgd=00000000b8256003, pud=00000000b904b003, pmd=0000000000000000
[  195.948040] Internal error: Oops: 86000006 [#1] PREEMPT SMP
[  195.952059] Modules linked in:
[  195.960255] CPU: 4 PID: 491 Comm: python3 Not tainted 5.4.18 #2
[  195.968692] Hardware name: linux,dummy-virt (DT)
[  195.972578] pstate: 40000005 (nZcv daif -PAN -UAO)
[  195.973877] pc : 0x0
[  195.977719] lr : inet_sendmsg+0x40/0x68
[  195.980822] sp : ffff800011f83cf0
[  195.981511] x29: ffff800011f83cf0 x28: ffff00007a843800 
[  195.985034] x27: 0000000000000000 x26: 0000000000000000 
[  195.996801] x25: 0000000056000000 x24: ffff800011f83dd8 
[  196.007334] x23: 0000ffffc9791eb8 x22: 0000000000000010 
[  196.012188] x21: ffff00007b253300 x20: 0000000000000012 
[  196.017261] x19: ffff800011f83d80 x18: 0000000000000000 
[  196.032324] x17: 0000000000000000 x16: 0000000000000000 
[  196.047167] x15: 0000000000000000 x14: 0000000000000000 
[  196.052365] x13: 0000000000000000 x12: 0000000000000000 
[  196.063966] x11: 0000000000000000 x10: 0000000000000000 
[  196.069382] x9 : 0000000000400100 x8 : ffff00007a843800 
[  196.075354] x7 : 0000ffffac676e90 x6 : ffff800011f83de8 
[  196.091794] x5 : ffff800011f83de8 x4 : 0000000000000002 
[  196.101715] x3 : 0000000000000000 x2 : 0000000000000012 
[  196.115678] x1 : ffff800011f83d80 x0 : ffff00007b253300 
[  196.132321] Call trace:
[  196.137369]  0x0
[  196.143870]  __sys_sendto+0xd4/0x150
[  196.145051]  __arm64_sys_sendto+0x24/0x30
[  196.152471]  el0_svc_common.constprop.0+0x68/0x160
[  196.162184]  el0_svc_handler+0x20/0x80
[  196.162874]  el0_svc+0x8/0xc
[  196.180076] Code: bad PC value
[  196.202643] ---[ end trace 87db2ac6d97cd38c ]---
