[  192.634764] Unable to handle kernel NULL pointer dereference at virtual address 0000000000000201
[  192.639883] Mem abort info:
[  192.641523]   ESR = 0x96000006
[  192.644239]   EC = 0x25: DABT (current EL), IL = 32 bits
[  192.645225]   SET = 0, FnV = 0
[  192.645615]   EA = 0, S1PTW = 0
[  192.645872] Data abort info:
[  192.649670]   ISV = 0, ISS = 0x00000006
[  192.653113]   CM = 0, WnR = 0
[  192.656593] user pgtable: 4k pages, 48-bit VAs, pgdp=00000000b6ec6000
[  192.659410] [0000000000000201] pgd=00000000b80b6003, pud=00000000b1562003, pmd=0000000000000000
[  192.664980] Internal error: Oops: 96000006 [#1] PREEMPT SMP
[  192.668867] Modules linked in:
[  192.675785] CPU: 5 PID: 493 Comm: python3 Not tainted 5.4.18 #2
[  192.677102] Hardware name: linux,dummy-virt (DT)
[  192.681422] pstate: 40000005 (nZcv daif -PAN -UAO)
[  192.689873] pc : udp_sendmsg+0x38/0x860
[  192.692878] lr : inet_sendmsg+0x40/0x68
[  192.693698] sp : ffff800011f7bb60
[  192.695583] x29: ffff800011f7bb70 x28: 0000000000000012 
[  192.696801] x27: ffff800011f7bd80 x26: 0000000000000000 
[  192.698903] x25: 0000000000000012 x24: ffff800011f7bdd8 
[  192.703401] x23: 0000ffffdea5db18 x22: 0000000000000001 
[  192.703667] x21: ffff00007aaf6200 x20: 0000000000000012 
[  192.704152] x19: 0000000000000000 x18: 0000000000000000 
[  192.707455] x17: 0000000000000000 x16: ffff00007a8f3740 
[  192.709807] x15: 0000000000000000 x14: 0000000000000000 
[  192.711159] x13: 0000000000000000 x12: 0000000000000000 
[  192.716916] x11: 0000000000000000 x10: 0000000000000000 
[  192.719773] x9 : 0000000000400100 x8 : ffff00007aaf6200 
[  192.721044] x7 : 0000ffff985fde50 x6 : ffff800011f7bde8 
[  192.721944] x5 : ffff800011f7bde8 x4 : 0000000000000002 
[  192.722853] x3 : ffff800010baa480 x2 : 0000000000000012 
[  192.725194] x1 : ffff800011f7bd80 x0 : 0000000000000000 
[  192.726529] Call trace:
[  192.727264]  udp_sendmsg+0x38/0x860
[  192.728945]  inet_sendmsg+0x40/0x68
[  192.729257]  __sys_sendto+0xd4/0x150
[  192.731181]  __arm64_sys_sendto+0x24/0x30
[  192.733634]  el0_svc_common.constprop.0+0x68/0x160
[  192.736474]  el0_svc_handler+0x20/0x80
[  192.737137]  el0_svc+0x8/0xc
[  192.739359] Code: 2a0203f9 a90673fb aa0103fb aa0203fc (3948041a) 
[  192.745234] ---[ end trace 6b53d67fda5200ad ]---
