[  193.138063] Unable to handle kernel NULL pointer dereference at virtual address 000000000000000e
[  193.159615] Mem abort info:
[  193.160526]   ESR = 0x96000006
[  193.165796]   EC = 0x25: DABT (current EL), IL = 32 bits
[  193.167243]   SET = 0, FnV = 0
[  193.169189]   EA = 0, S1PTW = 0
[  193.173501] Data abort info:
[  193.175792]   ISV = 0, ISS = 0x00000006
[  193.176613]   CM = 0, WnR = 0
[  193.179846] user pgtable: 4k pages, 48-bit VAs, pgdp=00000000b05d5000
[  193.185788] [000000000000000e] pgd=00000000b81c4003, pud=00000000b5a48003, pmd=0000000000000000
[  193.208738] Internal error: Oops: 96000006 [#1] PREEMPT SMP
[  193.215056] Modules linked in:
[  193.217201] CPU: 4 PID: 494 Comm: python3 Not tainted 5.4.18 #2
[  193.218330] Hardware name: linux,dummy-virt (DT)
[  193.220006] pstate: 40000005 (nZcv daif -PAN -UAO)
[  193.230175] pc : inet_send_prepare+0xc/0xc8
[  193.231174] lr : inet_sendmsg+0x24/0x68
[  193.231674] sp : ffff800011dc3cc0
[  193.232131] x29: ffff800011dc3cc0 x28: ffff00007b1caa00 
[  193.234708] x27: 0000000000000000 x26: 0000000000000000 
[  193.235885] x25: 0000000056000000 x24: ffff800011dc3dd8 
[  193.236891] x23: 0000ffffc78b6018 x22: 0000000000000010 
[  193.240347] x21: 0000000000000000 x20: 0000000000000012 
[  193.242147] x19: ffff800011dc3d80 x18: 0000000000000000 
[  193.244209] x17: 0000000000000000 x16: 0000000000000000 
[  193.247446] x15: 0000000000000000 x14: 0000000000000000 
[  193.248388] x13: 0000000000000000 x12: 0000000000000000 
[  193.251720] x11: 0000000000000000 x10: 0000000000000000 
[  193.255934] x9 : 0000000000400100 x8 : ffff00007b1caa00 
[  193.257297] x7 : 0000ffff8584ae50 x6 : ffff800011dc3de8 
[  193.258136] x5 : ffff800011dc3de8 x4 : 0000000000000002 
[  193.260253] x3 : ffff800010bb6ed0 x2 : 0000000000000012 
[  193.264074] x1 : ffff800011dc3d80 x0 : 0000000000000000 
[  193.268770] Call trace:
[  193.274933]  inet_send_prepare+0xc/0xc8
[  193.285259]  inet_sendmsg+0x24/0x68
[  193.292646]  __sys_sendto+0xd4/0x150
[  193.296316]  __arm64_sys_sendto+0x24/0x30
[  193.297005]  el0_svc_common.constprop.0+0x68/0x160
[  193.298441]  el0_svc_handler+0x20/0x80
[  193.309821]  el0_svc+0x8/0xc
[  193.326644] Code: 97d4aef9 a9bd7bfd 910003fd d503201f (79401c01) 
[  193.335590] ---[ end trace 205d38b1680e224d ]---
