[  194.607701] kernel BUG at arch/arm64/kernel/traps.c:405!
[  194.617000] Internal error: Oops - BUG: 0 [#1] PREEMPT SMP
[  194.622904] Modules linked in:
[  194.627821] CPU: 4 PID: 492 Comm: python3 Not tainted 5.4.18 #2
[  194.628849] Hardware name: linux,dummy-virt (DT)
[  194.631527] pstate: 00000005 (nzcv daif -PAN -UAO)
[  194.635587] pc : do_undefinstr+0x2ec/0x310
[  194.636270] lr : do_undefinstr+0x1e0/0x310
[  194.636819] sp : ffff800011eebb80
[  194.637448] x29: ffff800011eebb80 x28: ffff0000797b3800 
[  194.639524] x27: 0000000000000000 x26: 0000000000000000 
[  194.640118] x25: 0000000056000000 x24: 0000000000000000 
[  194.640645] x23: 0000000060000005 x22: ffff800010bb6f1c 
[  194.641147] x21: ffff800011eebd20 x20: ffff0000797b3800 
[  194.642526] x19: ffff800011eebbe0 x18: 0000000000000000 
[  194.643007] x17: 0000000000000000 x16: 0000000000000000 
[  194.643545] x15: 0000000000000001 x14: 0000000000000000 
[  194.644004] x13: 0000000000000006 x12: 000000000000003c 
[  194.644600] x11: ffff000076c3e000 x10: 0000000000000000 
[  194.645079] x9 : ffff000075a7b540 x8 : 0000000000000028 
[  194.645913] x7 : ffff0000727fc000 x6 : ffff800011eebbd8 
[  194.647212] x5 : 00000000d5300000 x4 : ffff8000117c51f0 
[  194.647637] x3 : 00000000d6d00000 x2 : 0000000000000000 
[  194.648137] x1 : ffff0000797b3800 x0 : 0000000060000005 
[  194.648998] Call trace:
[  194.649383]  do_undefinstr+0x2ec/0x310
[  194.650590]  el1_undef+0x10/0x84
[  194.650990]  inet_sendmsg+0x4c/0x68
[  194.651387]  __arm64_sys_sendto+0x24/0x30
[  194.651862]  el0_svc_common.constprop.0+0x68/0x160
[  194.652400]  el0_svc_handler+0x20/0x80
[  194.652856]  el0_svc+0x8/0xc
[  194.654943] Code: f9401bf7 17ffff7c a9025bf5 f9001bf7 (d4210000) 
[  194.656569] ---[ end trace b9b73ed1a62408b1 ]---
[  194.657850] note: python3[492] exited with preempt_count 1
[  194.724931] ------------[ cut here ]------------
[  194.728162] WARNING: CPU: 4 PID: 0 at kernel/rcu/tree.c:569 rcu_idle_enter+0x74/0x80
[  194.732694] Modules linked in:
[  194.736588] CPU: 4 PID: 0 Comm: swapper/4 Tainted: G      D           5.4.18 #2
[  194.742878] Hardware name: linux,dummy-virt (DT)
[  194.744114] pstate: 200003c5 (nzCv DAIF -PAN -UAO)
[  194.746773] pc : rcu_idle_enter+0x74/0x80
[  194.747996] lr : do_idle+0x200/0x288
[  194.751104] sp : ffff800011a63f20
[  194.753959] x29: ffff800011a63f20 x28: 0000000000000000 
[  194.756232] x27: 0000000000000000 x26: 0000000000000000 
[  194.772212] x25: 0000000000000000 x24: ffff8000117ba214 
[  194.782922] x23: ffff00007b0c4600 x22: ffff800011404ab8 
[  194.788133] x21: ffff8000117ba1f0 x20: 0000000000000004 
[  194.788808] x19: ffff8000117ba118 x18: 0000000000000010 
[  194.791891] x17: 0000000000000000 x16: 0000000000000000 
[  194.798576] x15: ffff0000797b3c70 x14: 0000000000000000 
[  194.803610] x13: 0000000000000001 x12: 0000000000000000 
[  194.803943] x11: 0000000000000400 x10: 00000000000009c0 
[  194.814093] x9 : ffff800011a63e90 x8 : ffff00007b0c5020 
[  194.817351] x7 : 0000000000000000 x6 : 00000042c26d6979 
[  194.823317] x5 : 00ffffffffffffff x4 : ffff80006c799000 
[  194.831356] x3 : 4000000000000002 x2 : 4000000000000000 
[  194.833128] x1 : ffff800011406980 x0 : ffff00007db9f980 
[  194.835673] Call trace:
[  194.838645]  rcu_idle_enter+0x74/0x80
[  194.839921]  do_idle+0x200/0x288
[  194.842197]  cpu_startup_entry+0x20/0x40
[  194.842715]  secondary_start_kernel+0x154/0x190
[  194.843331] ---[ end trace b9b73ed1a62408b2 ]---
