[  196.949706] Unable to handle kernel paging request at virtual address ffff0002ffff0004
[  196.954663] Mem abort info:
[  196.955036]   ESR = 0x86000005
[  196.955507]   EC = 0x21: IABT (current EL), IL = 32 bits
[  196.955984]   SET = 0, FnV = 0
[  196.956344]   EA = 0, S1PTW = 0
[  196.960653] swapper pgtable: 4k pages, 48-bit VAs, pgdp=00000000412a6000
[  196.967965] [ffff0002ffff0004] pgd=00000000bdff8003, pud=0000000000000000
[  196.977052] Internal error: Oops: 86000005 [#1] PREEMPT SMP
[  196.983609] Modules linked in:
[  196.995119] CPU: 7 PID: 491 Comm: python3 Not tainted 5.4.18 #2
[  196.996927] Hardware name: linux,dummy-virt (DT)
[  197.001758] pstate: 60000005 (nZCv daif -PAN -UAO)
[  197.006475] pc : 0xffff0002ffff0004
[  197.007405] lr : 0xffff0002ffff0004
[  197.008264] sp : ffff800011f9be60
[  197.012303] x29: ffff0004ffff0003 x28: ffff000070b78e00 
[  197.017228] x27: 0000000000000000 x26: 0000000000000000 
[  197.020332] x25: 0000000056000000 x24: 0000000000000015 
[  197.030323] x23: 0000000060000000 x22: 0000ffffb83a6860 
[  197.033074] x21: 0000000000000000 x20: ffff800010c516c8 
[  197.034504] x19: ffff800011f9bec0 x18: 0000000000000000 
[  197.037591] x17: 0000000000000000 x16: 0000000000000000 
[  197.041011] x15: 0000000000000000 x14: 0000000000000000 
[  197.042192] x13: 0000000000000002 x12: 0000000000000000 
[  197.046007] x11: 0000000000000000 x10: 0000000000000000 
[  197.048116] x9 : 0000000000000000 x8 : ffff8000117b9000 
[  197.048664] x7 : 0000000000185003 x6 : 0000007da0fd3b74 
[  197.050052] x5 : 0000000000000079 x4 : 0000000000000000 
[  197.050247] x3 : 0000000000000000 x2 : 0000000000000000 
[  197.051192] x1 : 0000000000000000 x0 : 0000000000000012 
[  197.051832] Call trace:
[  197.052199]  0xffff0002ffff0004
[  197.054112] Code: bad PC value
[  197.058410] ---[ end trace 1c3fde10e92100a7 ]---
