[  193.898764] kernel BUG at arch/arm64/kernel/traps.c:405!
[  193.902072] Internal error: Oops - BUG: 0 [#1] PREEMPT SMP
[  193.904279] Modules linked in:
[  193.907512] CPU: 3 PID: 494 Comm: python3 Not tainted 5.4.18 #2
[  193.908884] Hardware name: linux,dummy-virt (DT)
[  193.911650] pstate: 00000005 (nzcv daif -PAN -UAO)
[  193.912667] pc : do_undefinstr+0x2ec/0x310
[  193.913283] lr : do_undefinstr+0x1e0/0x310
[  193.914223] sp : ffff800012143b50
[  193.915652] x29: ffff800012143b50 x28: ffff00007b2baa00 
[  193.917981] x27: 0000000000000000 x26: 0000000000000000 
[  193.919158] x25: 0000000056000000 x24: 0000000000000000 
[  193.920835] x23: 0000000040000005 x22: ffff800010bb6ee0 
[  193.921985] x21: ffff800012143cf0 x20: ffff00007b2baa00 
[  193.923038] x19: ffff800012143bb0 x18: 0000000000000000 
[  193.925400] x17: 0000000000000000 x16: 0000000000000000 
[  193.926324] x15: 0000000000000000 x14: 0000000000000000 
[  193.927137] x13: 0000000000000000 x12: 0000000000000000 
[  193.927786] x11: 0000000000000000 x10: 0000000000000000 
[  193.928371] x9 : 0000000000400100 x8 : ffff00007b2baa00 
[  193.928836] x7 : 0000ffffbd274e90 x6 : ffff800012143ba8 
[  193.929344] x5 : 00000000d5300000 x4 : ffff8000117c51f0 
[  193.929918] x3 : 00000000a2000000 x2 : 0000000000000000 
[  193.930629] x1 : ffff00007b2baa00 x0 : 0000000040000005 
[  193.932472] Call trace:
[  193.933711]  do_undefinstr+0x2ec/0x310
[  193.934318]  el1_undef+0x10/0x84
[  193.934760]  inet_sendmsg+0x10/0x68
[  193.935819]  __sys_sendto+0xd4/0x150
[  193.936590]  __arm64_sys_sendto+0x24/0x30
[  193.937967]  el0_svc_common.constprop.0+0x68/0x160
[  193.938995]  el0_svc_handler+0x20/0x80
[  193.940053]  el0_svc+0x8/0xc
[  193.942906] Code: f9401bf7 17ffff7c a9025bf5 f9001bf7 (d4210000) 
[  193.947115] ---[ end trace 96daddb615da67e5 ]---
[  193.948576] note: python3[494] exited with preempt_count 1
[  193.998649] ------------[ cut here ]------------
[  194.006923] WARNING: CPU: 3 PID: 0 at kernel/rcu/tree.c:569 rcu_idle_enter+0x74/0x80
[  194.010587] Modules linked in:
[  194.014355] CPU: 3 PID: 0 Comm: swapper/3 Tainted: G      D           5.4.18 #2
[  194.018894] Hardware name: linux,dummy-virt (DT)
[  194.021287] pstate: 20000085 (nzCv daIf -PAN -UAO)
[  194.023601] pc : rcu_idle_enter+0x74/0x80
[  194.024825] lr : do_idle+0x200/0x288
[  194.025383] sp : ffff800011a5bf20
[  194.025685] x29: ffff800011a5bf20 x28: 0000000000000000 
[  194.027014] x27: 0000000000000000 x26: 0000000000000000 
[  194.029018] x25: 0000000000000000 x24: ffff8000117ba214 
[  194.034846] x23: ffff00007b0c3800 x22: ffff800011404ab8 
[  194.044896] x21: ffff8000117ba1f0 x20: 0000000000000003 
[  194.054359] x19: ffff8000117ba118 x18: 0000000000000000 
[  194.055853] x17: 0000000000000000 x16: 0000000000000000 
[  194.063319] x15: 0000000000000000 x14: 0000000000000000 
[  194.064285] x13: 0000000000000001 x12: 0000000000000000 
[  194.065205] x11: 00000000000002d6 x10: 00000000000009c0 
[  194.068970] x9 : ffff800011a5be90 x8 : ffff00007b0c4220 
[  194.071496] x7 : 0000000000000003 x6 : 000000fa163523c2 
[  194.074084] x5 : ffff00007db85d70 x4 : ffff00007a9ab208 
[  194.083365] x3 : 4000000000000002 x2 : 4000000000000000 
[  194.092149] x1 : ffff800011406980 x0 : ffff00007db89980 
[  194.095029] Call trace:
[  194.097090]  rcu_idle_enter+0x74/0x80
[  194.098085]  do_idle+0x200/0x288
[  194.100007]  cpu_startup_entry+0x24/0x40
[  194.102617]  secondary_start_kernel+0x154/0x190
[  194.103210] ---[ end trace 96daddb615da67e6 ]---
