[  194.310776] kernel BUG at arch/arm64/kernel/traps.c:405!
[  194.313430] Internal error: Oops - BUG: 0 [#1] PREEMPT SMP
[  194.315862] Modules linked in:
[  194.320891] CPU: 7 PID: 493 Comm: python3 Not tainted 5.4.18 #2
[  194.321730] Hardware name: linux,dummy-virt (DT)
[  194.323581] pstate: 00000005 (nzcv daif -PAN -UAO)
[  194.328311] pc : do_undefinstr+0x2ec/0x310
[  194.329089] lr : do_undefinstr+0x1e0/0x310
[  194.330329] sp : ffff800011f8bb50
[  194.332610] x29: ffff800011f8bb50 x28: ffff000071a5b800 
[  194.334085] x27: 0000000000000000 x26: 0000000000000000 
[  194.335011] x25: 0000000056000000 x24: 0000000000000000 
[  194.335957] x23: 0000000040000005 x22: ffff800010bb6f0c 
[  194.336840] x21: ffff800011f8bcf0 x20: ffff000071a5b800 
[  194.337830] x19: ffff800011f8bbb0 x18: 0000000000000000 
[  194.338885] x17: 0000000000000000 x16: 0000000000000000 
[  194.339831] x15: 0000000000000000 x14: 0000000000000000 
[  194.340723] x13: 0000000000000000 x12: 0000000000000000 
[  194.341649] x11: 0000000000000000 x10: 0000000000000000 
[  194.342618] x9 : 0000000000400100 x8 : ffff000071a5b800 
[  194.343478] x7 : 0000ffff8a36fe90 x6 : ffff800011f8bba8 
[  194.344370] x5 : 00000000d5300000 x4 : ffff8000117c51f0 
[  194.345209] x3 : 00000000d6300000 x2 : 0000000000000000 
[  194.346555] x1 : ffff000071a5b800 x0 : 0000000040000005 
[  194.349201] Call trace:
[  194.350082]  do_undefinstr+0x2ec/0x310
[  194.350858]  el1_undef+0x10/0x84
[  194.351475]  inet_sendmsg+0x3c/0x68
[  194.352110]  __sys_sendto+0xd4/0x150
[  194.352792]  __arm64_sys_sendto+0x24/0x30
[  194.353490]  el0_svc_common.constprop.0+0x68/0x160
[  194.354270]  el0_svc_handler+0x20/0x80
[  194.355134]  el0_svc+0x8/0xc
[  194.358120] Code: f9401bf7 17ffff7c a9025bf5 f9001bf7 (d4210000) 
[  194.364722] ---[ end trace ec7ae0e2a2d8b1a1 ]---
[  194.366810] note: python3[493] exited with preempt_count 1
[  194.509793] ------------[ cut here ]------------
[  194.511433] WARNING: CPU: 7 PID: 0 at kernel/rcu/tree.c:569 rcu_idle_enter+0x74/0x80
[  194.515946] Modules linked in:
[  194.525655] CPU: 7 PID: 0 Comm: swapper/7 Tainted: G      D           5.4.18 #2
[  194.535158] Hardware name: linux,dummy-virt (DT)
[  194.539846] pstate: 200003c5 (nzCv DAIF -PAN -UAO)
[  194.545599] pc : rcu_idle_enter+0x74/0x80
[  194.550725] lr : do_idle+0x200/0x288
[  194.551976] sp : ffff800011a7bf20
[  194.553331] x29: ffff800011a7bf20 x28: 0000000000000000 
[  194.555656] x27: 0000000000000000 x26: 0000000000000000 
[  194.558189] x25: 0000000000000000 x24: ffff8000117ba214 
[  194.560384] x23: ffff00007b0c7000 x22: ffff800011404ab8 
[  194.562027] x21: ffff8000117ba1f0 x20: 0000000000000007 
[  194.562949] x19: ffff8000117ba118 x18: 0000000000000010 
[  194.565010] x17: 0000000000000000 x16: 0000000000000000 
[  194.565192] x15: ffff000071a5bc70 x14: 0000000000000001 
[  194.567059] x13: 0000000000002c46 x12: 000000000000020e 
[  194.574116] x11: 0000000000b13ef3 x10: 00000000000009c0 
[  194.587043] x9 : ffff800011a7be90 x8 : ffff00007b0c7a20 
[  194.596627] x7 : 0000000000000007 x6 : 0000009253d3e883 
[  194.603477] x5 : 00ffffffffffffff x4 : ffff80006c7db000 
[  194.609192] x3 : 4000000000000002 x2 : 4000000000000000 
[  194.615510] x1 : ffff800011406980 x0 : ffff00007dbe1980 
[  194.619647] Call trace:
[  194.622557]  rcu_idle_enter+0x74/0x80
[  194.628997]  do_idle+0x200/0x288
[  194.631878]  cpu_startup_entry+0x24/0x40
[  194.634247]  secondary_start_kernel+0x154/0x190
[  194.637941] ---[ end trace ec7ae0e2a2d8b1a2 ]---
