[  193.284341] Unable to handle kernel NULL pointer dereference at virtual address 0000000000000482
[  193.288648] Mem abort info:
[  193.289738]   ESR = 0x96000006
[  193.298945]   EC = 0x25: DABT (current EL), IL = 32 bits
[  193.301560]   SET = 0, FnV = 0
[  193.307440]   EA = 0, S1PTW = 0
[  193.308774] Data abort info:
[  193.311635]   ISV = 0, ISS = 0x00000006
[  193.316198]   CM = 0, WnR = 0
[  193.320251] user pgtable: 4k pages, 48-bit VAs, pgdp=00000000b8302000
[  193.326174] [0000000000000482] pgd=00000000b122f003, pud=00000000b6c2b003, pmd=0000000000000000
[  193.344084] Internal error: Oops: 96000006 [#1] PREEMPT SMP
[  193.349178] Modules linked in:
[  193.355460] CPU: 0 PID: 493 Comm: python3 Not tainted 5.4.18 #2
[  193.359597] Hardware name: linux,dummy-virt (DT)
[  193.366199] pstate: 00000005 (nzcv daif -PAN -UAO)
[  193.377469] pc : __sys_sendto+0xf4/0x150
[  193.380041] lr : __sys_sendto+0xd4/0x150
[  193.382497] sp : ffff800011f3bd20
[  193.383027] x29: ffff800011f3bd20 x28: ffff000079566200 
[  193.384423] x27: 0000000000000000 x26: 0000000000000000 
[  193.387418] x25: 0000000056000000 x24: ffff800011f3bdd8 
[  193.390172] x23: 0000ffffde60ea08 x22: 0000000000000010 
[  193.395335] x21: 0000000000000482 x20: 0000000000000000 
[  193.395870] x19: ffff00006ed3c000 x18: 0000000000000000 
[  193.396118] x17: 0000000000000000 x16: 0000000000000000 
[  193.396349] x15: 0000000000000001 x14: 0000000000000000 
[  193.396559] x13: 0000000000000006 x12: 000000000000003c 
[  193.397305] x11: ffff0000724bb000 x10: ffff000079b687c0 
[  193.397550] x9 : 0000000000000f3c x8 : 0000000000000001 
[  193.397790] x7 : 0000000000004e20 x6 : 0000004bce5b5b49 
[  193.398040] x5 : 000000000000007f x4 : 0000000000000000 
[  193.398285] x3 : 0000000000000000 x2 : ffff80006c741000 
[  193.398530] x1 : 455c991912c8da00 x0 : 0000000000000000 
[  193.399280] Call trace:
[  193.399807]  __sys_sendto+0xf4/0x150
[  193.400285]  __arm64_sys_sendto+0x24/0x30
[  193.400945]  el0_svc_common.constprop.0+0x68/0x160
[  193.401552]  el0_svc_handler+0x20/0x80
[  193.402285]  el0_svc+0x8/0xc
[  193.404734] Code: 350001a0 b9404be0 9111c2b5 f9409fe1 (f94002a2) 
[  193.410543] ---[ end trace 18eaddcd1bfc4848 ]---
