[  192.569136] kernel BUG at arch/arm64/kernel/traps.c:405!
[  192.575620] Internal error: Oops - BUG: 0 [#1] PREEMPT SMP
[  192.578291] Modules linked in:
[  192.586248] CPU: 2 PID: 493 Comm: python3 Not tainted 5.4.18 #2
[  192.587648] Hardware name: linux,dummy-virt (DT)
[  192.589931] pstate: 00000005 (nzcv daif -PAN -UAO)
[  192.596993] pc : do_undefinstr+0x2ec/0x310
[  192.598263] lr : do_undefinstr+0x1e0/0x310
[  192.599602] sp : ffff8000120d3b80
[  192.600601] x29: ffff8000120d3b80 x28: ffff0000791fc600 
[  192.602830] x27: 0000000000000000 x26: 0000000000000000 
[  192.603841] x25: 0000000056000000 x24: 0000000000000000 
[  192.604950] x23: 0000000060000005 x22: ffff800010bb6f1c 
[  192.605860] x21: ffff8000120d3d20 x20: ffff0000791fc600 
[  192.606791] x19: ffff8000120d3be0 x18: 0000000000000000 
[  192.607672] x17: 0000000000000000 x16: 0000000000000000 
[  192.608650] x15: 0000000000000001 x14: 0000000000000000 
[  192.609535] x13: 0000000000000006 x12: 000000000000003c 
[  192.610455] x11: ffff00007256a000 x10: 0000000000000000 
[  192.611337] x9 : ffff000077252940 x8 : 0000000000000028 
[  192.612480] x7 : ffff00007900a000 x6 : ffff8000120d3bd8 
[  192.613383] x5 : 00000000d5300000 x4 : ffff8000117c51f0 
[  192.614318] x3 : 00000000de500000 x2 : 0000000000000000 
[  192.615205] x1 : ffff0000791fc600 x0 : 0000000060000005 
[  192.617746] Call trace:
[  192.619199]  do_undefinstr+0x2ec/0x310
[  192.620161]  el1_undef+0x10/0x84
[  192.621067]  inet_sendmsg+0x4c/0x68
[  192.622082]  __arm64_sys_sendto+0x24/0x30
[  192.623280]  el0_svc_common.constprop.0+0x68/0x160
[  192.624128]  el0_svc_handler+0x20/0x80
[  192.624987]  el0_svc+0x8/0xc
[  192.628463] Code: f9401bf7 17ffff7c a9025bf5 f9001bf7 (d4210000) 
[  192.633695] ---[ end trace 9c22d02765a1dcbf ]---
[  192.635785] note: python3[493] exited with preempt_count 1
[  192.756114] ------------[ cut here ]------------
[  192.760767] WARNING: CPU: 2 PID: 0 at kernel/rcu/tree.c:569 rcu_idle_enter+0x74/0x80
[  192.764002] Modules linked in:
[  192.775722] CPU: 2 PID: 0 Comm: swapper/2 Tainted: G      D           5.4.18 #2
[  192.790970] Hardware name: linux,dummy-virt (DT)
[  192.794596] pstate: 200003c5 (nzCv DAIF -PAN -UAO)
[  192.811200] pc : rcu_idle_enter+0x74/0x80
[  192.815967] lr : do_idle+0x200/0x288
[  192.822961] sp : ffff800011a53f20
[  192.827881] x29: ffff800011a53f20 x28: 0000000000000000 
[  192.837650] x27: 0000000000000000 x26: 0000000000000000 
[  192.842470] x25: 0000000000000000 x24: ffff8000117ba214 
[  192.850734] x23: ffff00007b0c2a00 x22: ffff800011404ab8 
[  192.853415] x21: ffff8000117ba1f0 x20: 0000000000000002 
[  192.854213] x19: ffff8000117ba118 x18: 0000000000000010 
[  192.863880] x17: 0000000000000000 x16: 0000000000000000 
[  192.870375] x15: 0000000000000151 x14: 0000000000000000 
[  192.872566] x13: 0000000000000001 x12: 0000000000000000 
[  192.875050] x11: 0000000000000400 x10: 00000000000009c0 
[  192.878635] x9 : ffff800011a53e90 x8 : ffff00007b0c3420 
[  192.881859] x7 : 0000000000000002 x6 : 0000004e7fad486f 
[  192.885493] x5 : 00ffffffffffffff x4 : ffff80006c76d000 
[  192.886649] x3 : 4000000000000002 x2 : 4000000000000000 
[  192.892425] x1 : ffff800011406980 x0 : ffff00007db73980 
[  192.899415] Call trace:
[  192.905903]  rcu_idle_enter+0x74/0x80
[  192.906891]  do_idle+0x200/0x288
[  192.910300]  cpu_startup_entry+0x24/0x40
[  192.914878]  secondary_start_kernel+0x154/0x190
[  192.918563] ---[ end trace 9c22d02765a1dcc0 ]---
