[  193.929984] Unable to handle kernel read from unreadable memory at virtual address ffff8000119673b8
[  193.936010] Mem abort info:
[  193.936720]   ESR = 0x8600000f
[  193.942592]   EC = 0x21: IABT (current EL), IL = 32 bits
[  193.949409]   SET = 0, FnV = 0
[  193.950814]   EA = 0, S1PTW = 0
[  193.958748] swapper pgtable: 4k pages, 48-bit VAs, pgdp=00000000412a6000
[  193.970062] [ffff8000119673b8] pgd=00000000bdfff003, pud=00000000bdffe003, pmd=00000000bdff9003, pte=0078000041967713
[  193.982066] Internal error: Oops: 8600000f [#1] PREEMPT SMP
[  193.990211] Modules linked in:
[  193.995758] CPU: 7 PID: 495 Comm: python3 Not tainted 5.4.18 #2
[  193.996306] Hardware name: linux,dummy-virt (DT)
[  193.997810] pstate: 40000005 (nZcv daif -PAN -UAO)
[  193.998540] pc : udp_prot+0x0/0x1a8
[  193.999842] lr : inet_sendmsg+0x40/0x68
[  194.003252] sp : ffff800011fb3cf0
[  194.004246] x29: ffff800011fb3cf0 x28: ffff00007a907000 
[  194.007069] x27: 0000000000000000 x26: 0000000000000000 
[  194.013688] x25: 0000000056000000 x24: ffff800011fb3dd8 
[  194.018100] x23: 0000ffffdb5af888 x22: 0000000000000010 
[  194.028742] x21: ffff000079401dc0 x20: 0000000000000012 
[  194.036441] x19: ffff800011fb3d80 x18: 0000000000000000 
[  194.039133] x17: 0000000000000000 x16: 0000000000000000 
[  194.040895] x15: 0000000000000000 x14: 0000000000000000 
[  194.048293] x13: 0000000000000000 x12: 0000000000000000 
[  194.050696] x11: 0000000000000000 x10: 0000000000000000 
[  194.058602] x9 : 0000000000400100 x8 : ffff00007a907000 
[  194.068965] x7 : ffff800010baa480 x6 : ffff800011fb3de8 
[  194.074124] x5 : ffff800011fb3de8 x4 : 0000000000000002 
[  194.078422] x3 : ffff8000119673b8 x2 : 0000000000000012 
[  194.088549] x1 : ffff800011fb3d80 x0 : ffff000079401dc0 
[  194.098182] Call trace:
[  194.100807]  udp_prot+0x0/0x1a8
[  194.105432]  __sys_sendto+0xd4/0x150
[  194.112060]  __arm64_sys_sendto+0x24/0x30
[  194.114494]  el0_svc_common.constprop.0+0x68/0x160
[  194.117056]  el0_svc_handler+0x20/0x80
[  194.122347]  el0_svc+0x8/0xc
[  194.140147] Code: 00000000 00000000 00000000 00000000 (10ba6970) 
[  194.156266] ---[ end trace 9480d8ede3aaf7d4 ]---
