[  193.553320] Unable to handle kernel NULL pointer dereference at virtual address 0000000000000005
[  193.578089] Mem abort info:
[  193.582117]   ESR = 0x96000006
[  193.585161]   EC = 0x25: DABT (current EL), IL = 32 bits
[  193.590087]   SET = 0, FnV = 0
[  193.591381]   EA = 0, S1PTW = 0
[  193.592304] Data abort info:
[  193.594466]   ISV = 0, ISS = 0x00000006
[  193.594820]   CM = 0, WnR = 0
[  193.599363] user pgtable: 4k pages, 48-bit VAs, pgdp=00000000b2ba5000
[  193.605140] [0000000000000005] pgd=00000000b1dca003, pud=00000000b6d8f003, pmd=0000000000000000
[  193.613789] Internal error: Oops: 96000006 [#1] PREEMPT SMP
[  193.629748] Modules linked in:
[  193.648179] CPU: 3 PID: 494 Comm: python3 Not tainted 5.4.18 #2
[  193.649793] Hardware name: linux,dummy-virt (DT)
[  193.653943] pstate: 20000005 (nzCv daif -PAN -UAO)
[  193.658481] pc : bcm_otpc_read+0xd0/0x130
[  193.659080] lr : inet_sendmsg+0x24/0x68
[  193.659560] sp : ffff800011d23cf0
[  193.661058] x29: ffff800011d23cf0 x28: ffff00007b2df000 
[  193.661880] x27: 0000000000000000 x26: 0000000000000000 
[  193.662388] x25: 0000000056000000 x24: ffff800011d23dd8 
[  193.662951] x23: 0000ffffe040c128 x22: 0000000000000010 
[  193.664770] x21: ffff00007a86b300 x20: 0000000000000012 
[  193.666316] x19: ffff800011d23d80 x18: 0000000000000000 
[  193.667092] x17: 0000000000000000 x16: 0000000000000000 
[  193.668162] x15: 0000000000000000 x14: 0000000000000000 
[  193.668444] x13: 0000000000000000 x12: 0000000000000000 
[  193.668669] x11: 0000000000000000 x10: 0000000000000000 
[  193.668890] x9 : 0000000000400100 x8 : ffff00007b2df000 
[  193.669171] x7 : 0000ffffa8574e90 x6 : ffff800011d23de8 
[  193.669429] x5 : ffff800011d23de8 x4 : ffff800011d23da4 
[  193.669640] x3 : 000000005ac7741c x2 : 0000000000000013 
[  193.669859] x1 : 0000000000000005 x0 : ffff00007a86b304 
[  193.670344] Call trace:
[  193.670601]  bcm_otpc_read+0xd0/0x130
[  193.670837]  __sys_sendto+0xd4/0x150
[  193.670994]  __arm64_sys_sendto+0x24/0x30
[  193.671175]  el0_svc_common.constprop.0+0x68/0x160
[  193.672779]  el0_svc_handler+0x20/0x80
[  193.673630]  el0_svc+0x8/0xc
[  193.675927] Code: 11000442 f9400a61 0b0002e3 4b160063 (b9400024) 
[  193.678743] ---[ end trace 203a9ff21fa551a3 ]---
