[  193.807570] Unable to handle kernel NULL pointer dereference at virtual address 0000000000000078
[  193.819136] Mem abort info:
[  193.819912]   ESR = 0x96000006
[  193.820272]   EC = 0x25: DABT (current EL), IL = 32 bits
[  193.820671]   SET = 0, FnV = 0
[  193.822015]   EA = 0, S1PTW = 0
[  193.822420] Data abort info:
[  193.822701]   ISV = 0, ISS = 0x00000006
[  193.825765]   CM = 0, WnR = 0
[  193.838689] user pgtable: 4k pages, 48-bit VAs, pgdp=00000000b179a000
[  193.843541] [0000000000000078] pgd=00000000b17ae003, pud=00000000b95d9003, pmd=0000000000000000
[  193.877329] Internal error: Oops: 96000006 [#1] PREEMPT SMP
[  193.878816] Modules linked in:
[  193.886482] CPU: 1 PID: 494 Comm: python3 Not tainted 5.4.18 #2
[  193.887828] Hardware name: linux,dummy-virt (DT)
[  193.891800] pstate: 40000005 (nZcv daif -PAN -UAO)
[  193.902233] pc : inet_sendmsg+0x38/0x68
[  193.904375] lr : inet_sendmsg+0x24/0x68
[  193.909054] sp : ffff800011d2bcf0
[  193.909870] x29: ffff800011d2bcf0 x28: ffff00007a9b2a00 
[  193.910271] x27: 0000000000000000 x26: 0000000000000000 
[  193.911077] x25: 0000000056000000 x24: ffff800011d2bdd8 
[  193.912833] x23: 0000fffff22abe28 x22: 0000000000000010 
[  193.914907] x21: ffff00007a4ac400 x20: 0000000000000012 
[  193.916993] x19: ffff800011d2bd80 x18: 0000000000000000 
[  193.921090] x17: 0000000000000000 x16: 0000000000000000 
[  193.922037] x15: 0000000000000000 x14: 0000000000000000 
[  193.922616] x13: 0000000000000000 x12: 0000000000000000 
[  193.923222] x11: 0000000000000000 x10: 0000000000000000 
[  193.923555] x9 : 0000000000400100 x8 : ffff00007a9b2a00 
[  193.923810] x7 : 0000ffff876e9ed0 x6 : ffff800011d2bde8 
[  193.924073] x5 : ffff800011d2bde8 x4 : 0000000000000002 
[  193.924361] x3 : 0000000000000000 x2 : 0000000000000012 
[  193.925152] x1 : ffff800011d2bd80 x0 : ffff00007a4ac400 
[  193.928411] Call trace:
[  193.935045]  inet_sendmsg+0x38/0x68
[  193.938129]  __sys_sendto+0xd4/0x150
[  193.938493]  __arm64_sys_sendto+0x24/0x30
[  193.938788]  el0_svc_common.constprop.0+0x68/0x160
[  193.939480]  el0_svc_handler+0x20/0x80
[  193.941130]  el0_svc+0x8/0xc
[  193.949486] Code: f9401ea3 aa1403e2 aa1303e1 aa1503e0 (f9403c63) 
[  193.958383] ---[ end trace 1e8ba47ab672298b ]---
