[  193.132756] Unable to handle kernel NULL pointer dereference at virtual address 0000000000000078
[  193.139114] Mem abort info:
[  193.139739]   ESR = 0x96000006
[  193.140297]   EC = 0x25: DABT (current EL), IL = 32 bits
[  193.140933]   SET = 0, FnV = 0
[  193.141332]   EA = 0, S1PTW = 0
[  193.141766] Data abort info:
[  193.142163]   ISV = 0, ISS = 0x00000006
[  193.143997]   CM = 0, WnR = 0
[  193.145307] user pgtable: 4k pages, 48-bit VAs, pgdp=00000000af9bc000
[  193.148450] [0000000000000078] pgd=00000000b6eb3003, pud=00000000af9c2003, pmd=0000000000000000
[  193.180040] Internal error: Oops: 96000006 [#1] PREEMPT SMP
[  193.187810] Modules linked in:
[  193.197759] CPU: 0 PID: 495 Comm: python3 Not tainted 5.4.18 #2
[  193.204309] Hardware name: linux,dummy-virt (DT)
[  193.209771] pstate: 40000005 (nZcv daif -PAN -UAO)
[  193.219535] pc : inet_sendmsg+0x38/0x68
[  193.220693] lr : inet_sendmsg+0x24/0x68
[  193.221415] sp : ffff8000120a3cf0
[  193.222044] x29: ffff8000120a3cf0 x28: ffff0000796faa00 
[  193.224941] x27: 0000000000000000 x26: 0000000000000000 
[  193.225903] x25: 0000000056000000 x24: ffff8000120a3dd8 
[  193.226722] x23: 0000fffff261c038 x22: 0000000000000010 
[  193.228981] x21: ffff00007a469dc0 x20: 0000000000000012 
[  193.230358] x19: ffff8000120a3d80 x18: 0000000000000000 
[  193.232091] x17: 0000000000000000 x16: 0000000000000000 
[  193.232455] x15: 0000000000000000 x14: 0000000000000000 
[  193.232798] x13: 0000000000000000 x12: 0000000000000000 
[  193.233106] x11: 0000000000000000 x10: 0000000000000000 
[  193.234481] x9 : 0000000000400100 x8 : ffff0000796faa00 
[  193.236077] x7 : 0000ffffbc4feed0 x6 : ffff8000120a3de8 
[  193.237270] x5 : ffff8000120a3de8 x4 : 0000000000000002 
[  193.238950] x3 : 0000000000000000 x2 : 0000000000000012 
[  193.241158] x1 : ffff8000120a3d80 x0 : ffff00007a469dc0 
[  193.249514] Call trace:
[  193.254175]  inet_sendmsg+0x38/0x68
[  193.259411]  __sys_sendto+0xd4/0x150
[  193.263835]  __arm64_sys_sendto+0x24/0x30
[  193.264013]  el0_svc_common.constprop.0+0x68/0x160
[  193.264277]  el0_svc_handler+0x20/0x80
[  193.266593]  el0_svc+0x8/0xc
[  193.272445] Code: f95016a3 aa1403e2 aa1303e1 aa1503e0 (f9403c63) 
[  193.276363] ---[ end trace a44beeb432501160 ]---
