[  211.332389] Unable to handle kernel NULL pointer dereference at virtual address 0000000000000000
[  211.337532] Mem abort info:
[  211.338049]   ESR = 0x86000006
[  211.338859]   EC = 0x21: IABT (current EL), IL = 32 bits
[  211.339822]   SET = 0, FnV = 0
[  211.340315]   EA = 0, S1PTW = 0
[  211.342022] user pgtable: 4k pages, 48-bit VAs, pgdp=00000000b0000000
[  211.347107] [0000000000000000] pgd=00000000b161d003, pud=00000000b2158003, pmd=0000000000000000
[  211.359488] Internal error: Oops: 86000006 [#1] PREEMPT SMP
[  211.364113] Modules linked in:
[  211.369530] CPU: 3 PID: 493 Comm: python3 Not tainted 5.4.18 #2
[  211.378819] Hardware name: linux,dummy-virt (DT)
[  211.385031] pstate: 60000005 (nZCv daif -PAN -UAO)
[  211.391098] pc : 0x0
[  211.391247] lr : 0x0
[  211.391808] sp : ffff800011fa3d30
[  211.392093] x29: ffff00006e524000 x28: ffff000079b87000 
[  211.392564] x27: 0000000000000000 x26: 0000000000000000 
[  211.392894] x25: 0000000056000000 x24: ffff800011fa3dd8 
[  211.393223] x23: 0000fffff1b95578 x22: 0000000000000010 
[  211.393611] x21: ffff800011fa3e60 x20: 0000000000000000 
[  211.400586] x19: ffff00006e524000 x18: 0000000000000000 
[  211.403692] x17: 0000000000000000 x16: 0000000000000000 
[  211.404789] x15: 0000000000000001 x14: 0000000000000000 
[  211.405331] x13: 0000000000000006 x12: 000000000000003c 
[  211.407282] x11: ffff000079236000 x10: 0000000000000000 
[  211.408025] x9 : ffff0000793fb940 x8 : 0000000000000028 
[  211.412041] x7 : ffff00007226c000 x6 : 0000000022100000 
[  211.414107] x5 : 0000000000000070 x4 : 0000000000000000 
[  211.417344] x3 : 0000000000000000 x2 : ffff80006c783000 
[  211.420578] x1 : 0000000000000000 x0 : 0000000000000012 
[  211.423958] Call trace:
[  211.425089]  0x0
[  211.430421] Code: bad PC value
[  211.431886] ---[ end trace 7c8848e322e357a3 ]---
