[  195.190346] Unable to handle kernel paging request at virtual address ffff800011f6c000
[  195.199472] Mem abort info:
[  195.200321]   ESR = 0x96000007
[  195.201340]   EC = 0x25: DABT (current EL), IL = 32 bits
[  195.205113]   SET = 0, FnV = 0
[  195.205963]   EA = 0, S1PTW = 0
[  195.207684] Data abort info:
[  195.208083]   ISV = 0, ISS = 0x00000007
[  195.209820]   CM = 0, WnR = 0
[  195.211255] swapper pgtable: 4k pages, 48-bit VAs, pgdp=00000000412a6000
[  195.227177] [ffff800011f6c000] pgd=00000000bdfff003, pud=00000000bdffe003, pmd=00000000baa58003, pte=0000000000000000
[  195.238275] Internal error: Oops: 96000007 [#1] PREEMPT SMP
[  195.242409] Modules linked in:
[  195.249810] CPU: 3 PID: 491 Comm: python3 Not tainted 5.4.18 #2
[  195.253305] Hardware name: linux,dummy-virt (DT)
[  195.257693] pstate: 60000005 (nZCv daif -PAN -UAO)
[  195.262442] pc : inet_sendmsg+0x40/0x68
[  195.264746] lr : inet_sendmsg+0x40/0x68
[  195.266517] sp : ffff800011f6bff0
[  195.268397] x29: 0000ffff8f4ab860 x28: ffff00007b2baa00 
[  195.275917] x27: 0000000000000000 x26: 0000000000000000 
[  195.279181] x25: 0000000056000000 x24: ffff800011f6bdd8 
[  195.280654] x23: 0000fffff82c0b98 x22: 0000000000000010 
[  195.285158] x21: 0000000000000000 x20: 00000000000000ce 
[  195.285789] x19: 0000000000000003 x18: 0000000000000000 
[  195.293301] x17: 0000000000000000 x16: 0000000000000000 
[  195.296587] x15: 0000000000000001 x14: 0000000000000000 
[  195.297738] x13: 0000000000000006 x12: 000000000000003c 
[  195.302005] x11: ffff000076fc9000 x10: 0000000000000000 
[  195.312679] x9 : ffff000073bce540 x8 : 0000000000000028 
[  195.319821] x7 : ffff000073b1a000 x6 : 0000000022100000 
[  195.322073] x5 : 000000000000006d x4 : 0000000000000000 
[  195.324202] x3 : 0000000000000000 x2 : ffff80006c783000 
[  195.325186] x1 : 0000000000000000 x0 : 0000000000000012 
[  195.329815] Call trace:
[  195.332762]  inet_sendmsg+0x40/0x68
[  195.337062] Code: aa1303e1 aa1503e0 f9403c63 d63f0060 (a94153f3) 
[  195.339867] ---[ end trace f4d690eba9d5bc57 ]---
