[  194.163200] Unable to handle kernel paging request at virtual address 000078082610001c
[  194.168354] Mem abort info:
[  194.169000]   ESR = 0x96000044
[  194.170106]   EC = 0x25: DABT (current EL), IL = 32 bits
[  194.171012]   SET = 0, FnV = 0
[  194.171845]   EA = 0, S1PTW = 0
[  194.172518] Data abort info:
[  194.173094]   ISV = 0, ISS = 0x00000044
[  194.173546]   CM = 0, WnR = 1
[  194.183955] user pgtable: 4k pages, 48-bit VAs, pgdp=00000000af0d7000
[  194.185795] [000078082610001c] pgd=0000000000000000
[  194.189694] Internal error: Oops: 96000044 [#1] PREEMPT SMP
[  194.199989] Modules linked in:
[  194.215147] CPU: 3 PID: 494 Comm: python3 Not tainted 5.4.18 #2
[  194.216401] Hardware name: linux,dummy-virt (DT)
[  194.220432] pstate: 80000005 (Nzcv daif -PAN -UAO)
[  194.223523] pc : __arch_copy_from_user+0xa8/0x240
[  194.226612] lr : copyin+0x90/0xa0
[  194.227562] sp : ffff800011f83930
[  194.228216] x29: ffff800011f83930 x28: ffff00007a411730 
[  194.231518] x27: 000000000000001a x26: 0000000000000000 
[  194.232009] x25: 000078082610001c x24: ffff00007a980180 
[  194.233537] x23: ffff800011f83d70 x22: ffff800011f83d90 
[  194.234838] x21: 0000000000000012 x20: 0000000000000000 
[  194.235622] x19: 0000000000000012 x18: 0000000000000000 
[  194.237223] x17: 0000000000000000 x16: 0000000000000000 
[  194.238961] x15: 0000000000000001 x14: 0000000000000000 
[  194.247533] x13: 0000000000000006 x12: 00000000c0a80164 
[  194.249547] x11: 0000000000000000 x10: 0000000000000068 
[  194.249900] x9 : 0000000000000000 x8 : 6576726553205044 
[  194.250340] x7 : 55202c6f6c6c6548 x6 : 000078082610001c 
[  194.251215] x5 : 000078082610002e x4 : 0000000000000000 
[  194.251523] x3 : 0000000000000010 x2 : 0000000000000012 
[  194.252512] x1 : 0000ffff876b3de0 x0 : 000078082610001c 
[  194.255257] Call trace:
[  194.256369]  __arch_copy_from_user+0xa8/0x240
[  194.256953]  _copy_from_iter_full+0x7c/0x2c8
[  194.259259]  ip_generic_getfrag+0x54/0xf0
[  194.261868]  __ip_append_data.isra.0+0x85c/0xc30
[  194.262556]  ip_make_skb+0xec/0x140
[  194.262986]  udp_sendmsg+0x6ec/0x860
[  194.263589]  inet_sendmsg+0x40/0x68
[  194.264872]  __sys_sendto+0xd4/0x150
[  194.265800]  __arm64_sys_sendto+0x24/0x30
[  194.266157]  el0_svc_common.constprop.0+0x68/0x160
[  194.266936]  el0_svc_handler+0x20/0x80
[  194.281723]  el0_svc+0x8/0xc
[  194.285176] Code: a88120c7 a8c12027 d503201f d503201f (a88120c7) 
[  194.293094] ---[ end trace 5845dcc9787e9b0e ]---
[  194.637909] Unable to handle kernel paging request at virtual address 00007a8b54000000
[  194.639148] Mem abort info:
[  194.641848]   ESR = 0x96000044
[  194.643387]   EC = 0x25: DABT (current EL), IL = 32 bits
[  194.649821]   SET = 0, FnV = 0
[  194.650970]   EA = 0, S1PTW = 0
[  194.653719] Data abort info:
[  194.654698]   ISV = 0, ISS = 0x00000044
[  194.655218]   CM = 0, WnR = 1
[  194.655834] user pgtable: 4k pages, 48-bit VAs, pgdp=00000000b9b74000
[  194.663162] [00007a8b54000000] pgd=0000000000000000
[  194.683782] Internal error: Oops: 96000044 [#2] PREEMPT SMP
[  194.695235] Modules linked in:
[  194.702644] CPU: 1 PID: 1 Comm: systemd Tainted: G      D           5.4.18 #2
[  194.705961] Hardware name: linux,dummy-virt (DT)
[  194.709748] pstate: 80000005 (Nzcv daif -PAN -UAO)
[  194.717879] pc : __arch_copy_from_user+0x104/0x240
[  194.724400] lr : copyin+0x90/0xa0
[  194.727187] sp : ffff80001005bc20
[  194.730755] x29: ffff80001005bc20 x28: 0000000000000000 
[  194.732244] x27: ffff0000782ad400 x26: 0000000000000000 
[  194.734389] x25: 00007a8b54000000 x24: 0000000000000000 
[  194.735018] x23: ffff80001005bd70 x22: ffff80001005bd90 
[  194.736094] x21: 0000000000000070 x20: 0000000000000000 
[  194.738830] x19: 0000000000000070 x18: 0000000000000000 
[  194.741773] x17: 0000000000000000 x16: 0000000000000000 
[  194.745689] x15: 0000000000000000 x14: 0000000000000000 
[  194.758835] x13: 0000000000000000 x12: 0000000000000000 
[  194.762187] x11: 0000000000000000 x10: 0000000000000000 
[  194.770208] x9 : 0000000000400100 x8 : 000000000000003d 
[  194.777776] x7 : 0005046b00000070 x6 : 00007a8b54000000 
[  194.780000] x5 : 00007a8b54000070 x4 : 0000000000000000 
[  194.782700] x3 : 0000ffffdfa117c0 x2 : fffffffffffffff0 
[  194.783248] x1 : 0000ffffdfa117d0 x0 : 00007a8b54000000 
[  194.790632] Call trace:
[  194.800987]  __arch_copy_from_user+0x104/0x240
[  194.803496]  _copy_from_iter_full+0x7c/0x2c8
[  194.811006]  netlink_sendmsg+0x14c/0x328
[  194.817796]  __sys_sendto+0xd4/0x150
[  194.818618]  __arm64_sys_sendto+0x24/0x30
[  194.819355]  el0_svc_common.constprop.0+0x68/0x160
[  194.819702]  el0_svc_handler+0x20/0x80
[  194.819975]  el0_svc+0x8/0xc
[  194.822258] Code: 5400046a a8c12027 d503201f d503201f (a88120c7) 
[  194.828903] ---[ end trace 5845dcc9787e9b0f ]---
[  194.843291] Kernel panic - not syncing: Attempted to kill init! exitcode=0x0000000b
[  194.851285] SMP: stopping secondary CPUs
[  194.857412] Kernel Offset: disabled
[  194.861328] CPU features: 0x0002,20006000
[  194.863627] Memory Limit: none
[  194.871733] ---[ end Kernel panic - not syncing: Attempted to kill init! exitcode=0x0000000b ]---
