[  193.850101] kernel BUG at arch/arm64/kernel/traps.c:405!
[  193.853591] Internal error: Oops - BUG: 0 [#1] PREEMPT SMP
[  193.856125] Modules linked in:
[  193.859031] CPU: 7 PID: 493 Comm: python3 Not tainted 5.4.18 #2
[  193.860575] Hardware name: linux,dummy-virt (DT)
[  193.863487] pstate: 00000005 (nzcv daif -PAN -UAO)
[  193.864746] pc : do_undefinstr+0x2ec/0x310
[  193.865497] lr : do_undefinstr+0x1e0/0x310
[  193.866358] sp : ffff800011f23840
[  193.866995] x29: ffff800011f23840 x28: ffff000078018e00 
[  193.868160] x27: 000000000000001a x26: 0000000000000000 
[  193.868979] x25: ffff000078259100 x24: 0000000000000000 
[  193.870005] x23: 0000000080000005 x22: ffff800010afeba0 
[  193.870989] x21: ffff800011f239e0 x20: ffff000078018e00 
[  193.871865] x19: ffff800011f238a0 x18: 0000000000000000 
[  193.872698] x17: 0000000000000000 x16: 0000000000000000 
[  193.873506] x15: 0000000000000001 x14: 0000000000000000 
[  193.874384] x13: 0000000000000006 x12: 00000000c0a80164 
[  193.875202] x11: 0000000000000000 x10: 0000000000000068 
[  193.876631] x9 : 0000000000000000 x8 : ffff000076c2ff00 
[  193.879158] x7 : 0000000000000001 x6 : ffff800011f23898 
[  193.880104] x5 : 00000000d5300000 x4 : ffff8000117c51f0 
[  193.880978] x3 : 00000000d6500000 x2 : 0000000000000000 
[  193.881789] x1 : ffff000078018e00 x0 : 0000000080000005 
[  193.883508] Call trace:
[  193.884304]  do_undefinstr+0x2ec/0x310
[  193.885062]  el1_undef+0x10/0x84
[  193.885464]  skb_put+0x38/0x60
[  193.885713]  ip_make_skb+0xec/0x140
[  193.885981]  udp_sendmsg+0x6ec/0x860
[  193.886269]  inet_sendmsg+0x40/0x68
[  193.886569]  __sys_sendto+0xd4/0x150
[  193.887102]  __arm64_sys_sendto+0x24/0x30
[  193.887429]  el0_svc_common.constprop.0+0x68/0x160
[  193.887870]  el0_svc_handler+0x20/0x80
[  193.888473]  el0_svc+0x8/0xc
[  193.890385] Code: f9401bf7 17ffff7c a9025bf5 f9001bf7 (d4210000) 
[  193.899411] ---[ end trace 3b72930fb6ee77d3 ]---
[  193.901299] note: python3[493] exited with preempt_count 1
[  194.023855] ------------[ cut here ]------------
[  194.024565] WARNING: CPU: 7 PID: 0 at kernel/rcu/tree.c:569 rcu_idle_enter+0x74/0x80
[  194.026344] Modules linked in:
[  194.028911] CPU: 7 PID: 0 Comm: swapper/7 Tainted: G      D           5.4.18 #2
[  194.033449] Hardware name: linux,dummy-virt (DT)
[  194.040493] pstate: 200003c5 (nzCv DAIF -PAN -UAO)
[  194.047321] pc : rcu_idle_enter+0x74/0x80
[  194.055155] lr : do_idle+0x200/0x288
[  194.056305] sp : ffff800011a7bf20
[  194.059612] x29: ffff800011a7bf20 x28: 0000000000000000 
[  194.063296] x27: 0000000000000000 x26: 0000000000000000 
[  194.065350] x25: 0000000000000000 x24: ffff8000117ba214 
[  194.071727] x23: ffff00007b0c7000 x22: ffff800011404ab8 
[  194.076146] x21: ffff8000117ba1f0 x20: 0000000000000007 
[  194.079655] x19: ffff8000117ba118 x18: 0000000000000010 
[  194.080543] x17: 0000000000000000 x16: 0000000000000000 
[  194.085804] x15: ffff000078019270 x14: 0000000000000000 
[  194.092892] x13: 0000000000000001 x12: 0000000000000000 
[  194.095827] ------------[ cut here ]------------
[  194.097388] x11: 0000000000000400 x10: 00000000000009c0 
[  194.097429] x9 : ffff800011a7be90 x8 : ffff00007b0c7a20 
[  194.097462] x7 : 0000000000000007 x6 : 0000002854c3f9f5 
[  194.097494] x5 : 00ffffffffffffff x4 : ffff80006c7db000 
[  194.097526] x3 : 4000000000000002 x2 : 4000000000000000 
[  194.097557] x1 : ffff800011406980 x0 : ffff00007dbe1980 
[  194.097590] Call trace:
[  194.097631]  rcu_idle_enter+0x74/0x80
[  194.097658]  do_idle+0x200/0x288
[  194.097711]  cpu_startup_entry+0x20/0x40
[  194.097742]  secondary_start_kernel+0x154/0x190
[  194.097804] ---[ end trace 3b72930fb6ee77d4 ]---
[  194.123241] kernel BUG at arch/arm64/kernel/traps.c:405!
[  194.125200] Internal error: Oops - BUG: 0 [#2] PREEMPT SMP
[  194.129871] Modules linked in:
[  194.130501] CPU: 5 PID: 1 Comm: systemd Tainted: G      D W         5.4.18 #2
[  194.131162] Hardware name: linux,dummy-virt (DT)
[  194.131567] pstate: 00000005 (nzcv daif -PAN -UAO)
[  194.131896] pc : do_undefinstr+0x2ec/0x310
[  194.132130] lr : do_undefinstr+0x1e0/0x310
[  194.132493] sp : ffff80001005b990
[  194.134238] x29: ffff80001005b990 x28: ffff00007b0a8000 
[  194.134827] x27: ffff0000795c2b00 x26: ffff80001005be00 
[  194.135374] x25: 0000000000000000 x24: 0000000000000000 
[  194.135831] x23: 0000000080000005 x22: ffff800010afeba0 
[  194.136369] x21: ffff80001005bb30 x20: ffff00007b0a8000 
[  194.138497] x19: ffff80001005b9f0 x18: 0000000000000000 
[  194.139448] x17: 0000000000000000 x16: 0000000000000000 
[  194.140035] x15: 0000000000000000 x14: 0000ffff934d52f9 
[  194.140524] x13: 0000000000000010 x12: 0000aaaace8f3210 
[  194.140946] x11: 0000000000000001 x10: 0000000000400100 
[  194.143864] x9 : ffff00007b0a8000 x8 : 0000ffffffffffff 
[  194.145078] x7 : 0000000000000001 x6 : ffff80001005b9e8 
[  194.145901] x5 : 00000000d5300000 x4 : ffff8000117c51f0 
[  194.146212] x3 : 00000000d6500000 x2 : 0000000000000000 
[  194.146504] x1 : ffff00007b0a8000 x0 : 0000000080000005 
[  194.147383] Call trace:
[  194.147636]  do_undefinstr+0x2ec/0x310
[  194.147920]  el1_undef+0x10/0x84
[  194.148190]  skb_put+0x38/0x60
[  194.148442]  ____sys_sendmsg+0x240/0x280
[  194.149506]  ___sys_sendmsg+0x80/0xe0
[  194.151459]  __sys_sendmsg+0x64/0xc0
[  194.151751]  __arm64_sys_sendmsg+0x20/0x28
[  194.152192]  el0_svc_common.constprop.0+0x68/0x160
[  194.153331]  el0_svc_handler+0x20/0x80
[  194.154616]  el0_svc+0x8/0xc
[  194.155195] Code: f9401bf7 17ffff7c a9025bf5 f9001bf7 (d4210000) 
[  194.160244] ---[ end trace 3b72930fb6ee77d5 ]---
[  194.161965] note: systemd[1] exited with preempt_count 1
[  194.163633] Kernel panic - not syncing: Attempted to kill init! exitcode=0x0000000b
[  194.166915] SMP: stopping secondary CPUs
[  194.168772] Kernel Offset: disabled
[  194.169788] CPU features: 0x0002,20006000
[  194.172021] Memory Limit: none
[  194.173899] ---[ end Kernel panic - not syncing: Attempted to kill init! exitcode=0x0000000b ]---
