[  196.726436] Unable to handle kernel paging request at virtual address ffff000080000000
[  196.756138] Mem abort info:
[  196.757447]   ESR = 0x96000005
[  196.761668]   EC = 0x25: DABT (current EL), IL = 32 bits
[  196.769583]   SET = 0, FnV = 0
[  196.770869]   EA = 0, S1PTW = 0
[  196.771625] Data abort info:
[  196.774999]   ISV = 0, ISS = 0x00000005
[  196.776213]   CM = 0, WnR = 0
[  196.780979] swapper pgtable: 4k pages, 48-bit VAs, pgdp=00000000412a6000
[  196.782237] [ffff000080000000] pgd=00000000bdff8003, pud=0000000000000000
[  196.795216] Internal error: Oops: 96000005 [#1] PREEMPT SMP
[  196.798618] Modules linked in:
[  196.806797] CPU: 4 PID: 463 Comm: python3 Not tainted 5.4.18 #2
[  196.810632] Hardware name: linux,dummy-virt (DT)
[  196.813039] pstate: 20000005 (nzCv daif -PAN -UAO)
[  196.817942] pc : do_csum+0x50/0xe0
[  196.819341] lr : csum_partial+0x10/0x20
[  196.820668] sp : ffff800011d3b810
[  196.821562] x29: ffff800011d3b810 x28: ffff000078148800 
[  196.828164] x27: 0000000000000000 x26: ffff000078148800 
[  196.829050] x25: 0000000000000000 x24: 00000000781487ec 
[  196.830064] x23: 0000000000000014 x22: ffff800011d3b8c8 
[  196.832518] x21: 0000000078148800 x20: 00000000781487ec 
[  196.833576] x19: ffff000076606200 x18: 0000000000000000 
[  196.835315] x17: 0000000000000000 x16: 0000000000000000 
[  196.836171] x15: 0000000000000001 x14: 0000000000000000 
[  196.837173] x13: 0000000000000006 x12: 00000000c0a80164 
[  196.840556] x11: 0000000000000000 x10: 0000000000000068 
[  196.841454] x9 : ffff000076606200 x8 : 0000000000000000 
[  196.842114] x7 : 0000000000000000 x6 : ffff0000f03c0010 
[  196.843062] x5 : 0000000000000000 x4 : ffff000080000000 
[  196.843912] x3 : 0000000000000000 x2 : 000000007c91d6b0 
[  196.847464] x1 : 00000000781487ec x0 : ffff000078277824 
[  196.849236] Call trace:
[  196.850152]  do_csum+0x50/0xe0
[  196.852371]  csum_partial_ext+0xc/0x18
[  196.853018]  __skb_checksum+0x60/0x2b8
[  196.856383]  skb_checksum+0x38/0x60
[  196.860348]  skb_checksum_help+0x78/0x198
[  196.861715]  ip_do_fragment+0x3bc/0x5c8
[  196.864434]  ip_fragment.constprop.0+0x44/0xd8
[  196.868729]  __ip_finish_output+0x184/0x1e0
[  196.878119]  ip_output+0xf4/0x1b0
[  196.883129]  ip_local_out+0x44/0x58
[  196.885032]  ip_send_skb+0x1c/0xa8
[  196.889124]  udp_send_skb.isra.0+0x11c/0x368
[  196.896012]  udp_sendmsg+0x710/0x860
[  196.902491]  inet_sendmsg+0x40/0x68
[  196.906614]  __sys_sendto+0xd4/0x150
[  196.917461]  __arm64_sys_sendto+0x24/0x30
[  196.919714]  el0_svc_common.constprop.0+0x68/0x160
[  196.920981]  el0_svc_handler+0x20/0x80
[  196.924071]  el0_svc+0x8/0xc
[  196.928016] Code: 927e7426 aa0003e4 8b060006 52800005 (b8404483) 
[  196.936726] ---[ end trace 37a3179869bb7d85 ]---
