[  195.027405] kernel BUG at net/core/skbuff.c:1862!
[  195.032582] Internal error: Oops - BUG: 0 [#1] PREEMPT SMP
[  195.034120] Modules linked in:
[  195.037652] CPU: 6 PID: 493 Comm: python3 Not tainted 5.4.18 #2
[  195.038999] Hardware name: linux,dummy-virt (DT)
[  195.041462] pstate: 60000005 (nZCv daif -PAN -UAO)
[  195.042725] pc : skb_put+0x3c/0x60
[  195.043611] lr : __ip_append_data.isra.0+0x7e0/0xc30
[  195.044688] sp : ffff800011e1b9e0
[  195.045471] x29: ffff800011e1b9e0 x28: ffff00007b2eeb30 
[  195.047655] x27: 000000000000001a x26: 0000000000000000 
[  195.049552] x25: ffff00007b2cf700 x24: ffff00007b2600c0 
[  195.050492] x23: ffff800011e1bd80 x22: 0000000000000000 
[  195.050963] x21: 0000000000000000 x20: 0000000000000000 
[  195.051425] x19: 0000000000000000 x18: 0000000000000000 
[  195.051908] x17: 0000000000000000 x16: 0000000000000000 
[  195.052748] x15: 0000000000000001 x14: 0000000000000000 
[  195.053747] x13: 0000000000000006 x12: 00000000c0a80164 
[  195.054784] x11: 0000000000000000 x10: 0000000000000068 
[  195.055768] x9 : 0000000000000000 x8 : ffff00007b396100 
[  195.056289] x7 : 0000000000000001 x6 : 0000000000000010 
[  195.056764] x5 : ffff000077224010 x4 : 000000000000002e 
[  195.057181] x3 : 0000000000000010 x2 : 0000000000000010 
[  195.057587] x1 : 000000000000002e x0 : ffff00007b396100 
[  195.058477] Call trace:
[  195.058891]  skb_put+0x3c/0x60
[  195.059204]  ip_make_skb+0xec/0x140
[  195.059498]  udp_sendmsg+0x6ec/0x860
[  195.059795]  inet_sendmsg+0x40/0x68
[  195.060083]  __sys_sendto+0xd4/0x150
[  195.060425]  __arm64_sys_sendto+0x24/0x30
[  195.060789]  el0_svc_common.constprop.0+0x68/0x160
[  195.061147]  el0_svc_handler+0x20/0x80
[  195.061442]  el0_svc+0x8/0xc
[  195.062800] Code: 6b02007f 54000088 aa0503e0 d65f03c0 (d4210000) 
[  195.065395] ---[ end trace 74be26693259d684 ]---
[  195.067363] note: python3[493] exited with preempt_count 1
[  195.133560] ------------[ cut here ]------------
[  195.134641] WARNING: CPU: 6 PID: 0 at kernel/rcu/tree.c:569 rcu_idle_enter+0x74/0x80
[  195.137635] Modules linked in:
[  195.139881] CPU: 6 PID: 0 Comm: swapper/6 Tainted: G      D           5.4.18 #2
[  195.141971] Hardware name: linux,dummy-virt (DT)
[  195.142266] pstate: 200003c5 (nzCv DAIF -PAN -UAO)
[  195.142851] pc : rcu_idle_enter+0x74/0x80
[  195.143656] lr : do_idle+0x200/0x288
[  195.144055] sp : ffff800011a73f20
[  195.145109] x29: ffff800011a73f20 x28: 0000000000000000 
[  195.146242] x27: 0000000000000000 x26: 0000000000000000 
[  195.146919] x25: 0000000000000000 x24: ffff8000117ba214 
[  195.147967] x23: ffff00007b0c6200 x22: ffff800011404ab8 
[  195.149402] ------------[ cut here ]------------
[  195.149417] x21: ffff8000117ba1f0 x20: 0000000000000006 
[  195.150469] kernel BUG at net/core/skbuff.c:1862!
[  195.151222] x19: ffff8000117ba118 x18: 0000000000000010 
[  195.151619] Internal error: Oops - BUG: 0 [#2] PREEMPT SMP
[  195.152053] x17: 0000000000000000 x16: 0000000000000000 
[  195.154741] Modules linked in:
[  195.156025] x15: 0000000000000000 x14: 0000000000000000 
[  195.156342] CPU: 7 PID: 1 Comm: systemd Tainted: G      D           5.4.18 #2
[  195.158014] x13: 0000000000001a06 x12: 0000000000000289 
[  195.159556] Hardware name: linux,dummy-virt (DT)
[  195.159976] x11: 0000000000683869 x10: 00000000000009c0 
[  195.160378] pstate: 40000005 (nZcv daif -PAN -UAO)
[  195.160696] x9 : ffff800011a73e90 x8 : ffff00007b0c6c20 
[  195.162192] pc : skb_put+0x3c/0x60
[  195.162528] x7 : 0000000000000000 x6 : 0000000b036bcbaf 
[  195.162904] lr : unix_dgram_sendmsg+0x13c/0x568
[  195.163293] x5 : 00ffffffffffffff x4 : ffff80006c7c5000 
[  195.163581] sp : ffff80001005bb30
[  195.164392] x3 : 4000000000000002 x2 : 4000000000000000 
[  195.165390] x29: ffff80001005bb30 x28: 0000000000000000 
[  195.166113] x1 : ffff800011406980 x0 : ffff00007dbcb980 
[  195.166716] x27: ffff0000796c0e00 x26: ffff80001005be00 
[  195.167399] Call trace:
[  195.167782] x25: 0000000000000000 x24: 0000000000000000 
[  195.169372]  rcu_idle_enter+0x74/0x80
[  195.170036] x23: ffff000079530c00 x22: ffff000078098400 
[  195.170085]  do_idle+0x200/0x288
[  195.170117]  cpu_startup_entry+0x24/0x40
[  195.170547] x21: 0000000000000164 x20: ffff000078570600 
[  195.170961]  secondary_start_kernel+0x154/0x190
[  195.171197] x19: ffff00007b0a8000 x18: 0000000000000000 
[  195.171530] ---[ end trace 74be26693259d685 ]---
[  195.173602] x17: 0000000000000000 x16: 0000000000000000 
[  195.175583] x15: 0000000000000000 x14: 0000000000000000 
[  195.178334] x13: 0000000000000010 x12: 0000aaaaf53f36f0 
[  195.178892] x11: 0000000000000001 x10: 0000000000400100 
[  195.179653] x9 : ffff00007b0a8000 x8 : 0000ffffffffffff 
[  195.180771] x7 : 0000000000000001 x6 : 0000000000000501 
[  195.181907] x5 : ffff000070b63400 x4 : ffff00007809853c 
[  195.182432] x3 : 0000000000000000 x2 : 00000000ffffffff 
[  195.182945] x1 : 0000000000000164 x0 : ffff0000796c0e00 
[  195.183320] Call trace:
[  195.183771]  skb_put+0x3c/0x60
[  195.185006]  ____sys_sendmsg+0x240/0x280
[  195.185796]  ___sys_sendmsg+0x80/0xe0
[  195.186196]  __sys_sendmsg+0x64/0xc0
[  195.186491]  __arm64_sys_sendmsg+0x20/0x28
[  195.189344]  el0_svc_common.constprop.0+0x68/0x160
[  195.191022]  el0_svc_handler+0x20/0x80
[  195.192016]  el0_svc+0x8/0xc
[  195.193264] Code: 6b02007f 54000088 aa0503e0 d65f03c0 (d4210000) 
[  195.194751] ---[ end trace 74be26693259d686 ]---
[  195.195078] note: systemd[1] exited with preempt_count 1
[  195.197481] Kernel panic - not syncing: Attempted to kill init! exitcode=0x0000000b
[  195.198377] SMP: stopping secondary CPUs
[  195.199778] Kernel Offset: disabled
[  195.200249] CPU features: 0x0002,20006000
[  195.201381] Memory Limit: none
[  195.203415] ---[ end Kernel panic - not syncing: Attempted to kill init! exitcode=0x0000000b ]---
