[  193.810998] Unable to handle kernel NULL pointer dereference at virtual address 000000000000004a
[  193.817790] Mem abort info:
[  193.818150]   ESR = 0x96000046
[  193.818496]   EC = 0x25: DABT (current EL), IL = 32 bits
[  193.818885]   SET = 0, FnV = 0
[  193.819162]   EA = 0, S1PTW = 0
[  193.819448] Data abort info:
[  193.819717]   ISV = 0, ISS = 0x00000046
[  193.820063]   CM = 0, WnR = 1
[  193.821595] user pgtable: 4k pages, 48-bit VAs, pgdp=00000000b5ee4000
[  193.822700] [000000000000004a] pgd=00000000b958b003, pud=00000000b94fc003, pmd=0000000000000000
[  193.826428] Internal error: Oops: 96000046 [#1] PREEMPT SMP
[  193.826960] Modules linked in:
[  193.827892] CPU: 2 PID: 493 Comm: python3 Not tainted 5.4.18 #2
[  193.828525] Hardware name: linux,dummy-virt (DT)
[  193.829193] pstate: 80000005 (Nzcv daif -PAN -UAO)
[  193.834445] pc : __arch_copy_from_user+0xa8/0x240
[  193.836793] lr : copyin+0x90/0xa0
[  193.838962] sp : ffff800011ef3930
[  193.850139] x29: ffff800011ef3930 x28: ffff000079624f30 
[  193.850718] x27: 000000000000001a x26: 0000000000000000 
[  193.851156] x25: 000000000000004a x24: ffff00007b3f40c0 
[  193.851960] x23: ffff800011ef3d70 x22: ffff800011ef3d90 
[  193.853918] x21: 0000000000000012 x20: 0000000000000000 
[  193.854647] x19: 0000000000000012 x18: 0000000000000000 
[  193.855064] x17: 0000000000000000 x16: 0000000000000000 
[  193.855594] x15: 0000000000000001 x14: 0000000000000000 
[  193.856514] x13: 0000000000000006 x12: 00000000c0a80164 
[  193.857576] x11: 0000000000000000 x10: 0000000000000068 
[  193.857955] x9 : 0000000000000000 x8 : 6576726553205044 
[  193.858326] x7 : 55202c6f6c6c6548 x6 : 000000000000004a 
[  193.858619] x5 : 000000000000005c x4 : 0000000000000000 
[  193.858928] x3 : 0000000000000010 x2 : 0000000000000012 
[  193.859274] x1 : 0000ffffa46eaea0 x0 : 000000000000004a 
[  193.860116] Call trace:
[  193.861876]  __arch_copy_from_user+0xa8/0x240
[  193.862416]  _copy_from_iter_full+0x7c/0x2c8
[  193.862886]  ip_generic_getfrag+0x54/0xf0
[  193.863324]  __ip_append_data.isra.0+0x85c/0xc30
[  193.863660]  ip_make_skb+0xec/0x140
[  193.863935]  udp_sendmsg+0x6ec/0x860
[  193.865120]  inet_sendmsg+0x40/0x68
[  193.865668]  __sys_sendto+0xd4/0x150
[  193.865946]  __arm64_sys_sendto+0x24/0x30
[  193.866219]  el0_svc_common.constprop.0+0x68/0x160
[  193.866606]  el0_svc_handler+0x20/0x80
[  193.866826]  el0_svc+0x8/0xc
[  193.867917] Code: a88120c7 a8c12027 d503201f d503201f (a88120c7) 
[  193.869879] ---[ end trace 32fe7988d49a29ee ]---
[  194.073259] Unable to handle kernel NULL pointer dereference at virtual address 0000000000000070
[  194.076451] Mem abort info:
[  194.077398]   ESR = 0x96000044
[  194.077602]   EC = 0x25: DABT (current EL), IL = 32 bits
[  194.077998]   SET = 0, FnV = 0
[  194.078237]   EA = 0, S1PTW = 0
[  194.079276] Data abort info:
[  194.079564]   ISV = 0, ISS = 0x00000044
[  194.083777]   CM = 0, WnR = 1
[  194.090749] user pgtable: 4k pages, 48-bit VAs, pgdp=00000000ba477000
[  194.092262] [0000000000000070] pgd=0000000000000000
[  194.096058] Internal error: Oops: 96000044 [#2] PREEMPT SMP
[  194.099987] Modules linked in:
[  194.104777] CPU: 4 PID: 1 Comm: systemd Tainted: G      D           5.4.18 #2
[  194.108639] Hardware name: linux,dummy-virt (DT)
[  194.110183] pstate: 80000005 (Nzcv daif -PAN -UAO)
[  194.111795] pc : __arch_copy_from_user+0x104/0x240
[  194.112736] lr : copyin+0x90/0xa0
[  194.113666] sp : ffff80001005bc20
[  194.114038] x29: ffff80001005bc20 x28: 0000000000000000 
[  194.115245] x27: ffff000078273500 x26: 0000000000000000 
[  194.117668] x25: 0000000000000070 x24: 0000000000000000 
[  194.118406] x23: ffff80001005bd70 x22: ffff80001005bd90 
[  194.118706] x21: 0000000000000070 x20: 0000000000000000 
[  194.119076] x19: 0000000000000070 x18: 0000000000000000 
[  194.121205] x17: 0000000000000000 x16: 0000000000000000 
[  194.121925] x15: 0000000000000000 x14: 0000000000000000 
[  194.123328] x13: 0000000000000000 x12: 0000000000000000 
[  194.127611] x11: 0000000000000000 x10: 0000000000000000 
[  194.129246] x9 : 0000000000400100 x8 : 000000000000003d 
[  194.132186] x7 : 0005046b00000070 x6 : 0000000000000070 
[  194.134063] x5 : 00000000000000e0 x4 : 0000000000000000 
[  194.134257] x3 : 0000fffff9208340 x2 : fffffffffffffff0 
[  194.135163] x1 : 0000fffff9208350 x0 : 0000000000000070 
[  194.136716] Call trace:
[  194.138770]  __arch_copy_from_user+0x104/0x240
[  194.139893]  _copy_from_iter_full+0x7c/0x2c8
[  194.142108]  netlink_sendmsg+0x14c/0x328
[  194.143873]  __sys_sendto+0xd4/0x150
[  194.146264]  __arm64_sys_sendto+0x24/0x30
[  194.150644]  el0_svc_common.constprop.0+0x68/0x160
[  194.151673]  el0_svc_handler+0x20/0x80
[  194.152310]  el0_svc+0x8/0xc
[  194.152531] Code: 5400046a a8c12027 d503201f d503201f (a88120c7) 
[  194.155253] ---[ end trace 32fe7988d49a29ef ]---
[  194.159391] Kernel panic - not syncing: Attempted to kill init! exitcode=0x0000000b
[  194.161402] SMP: stopping secondary CPUs
[  194.167576] Kernel Offset: disabled
[  194.168734] CPU features: 0x0002,20006000
[  194.169680] Memory Limit: none
[  194.173819] ---[ end Kernel panic - not syncing: Attempted to kill init! exitcode=0x0000000b ]---
