[  195.267670] Unable to handle kernel NULL pointer dereference at virtual address 0000000000000022
[  195.269882] Mem abort info:
[  195.270343]   ESR = 0x96000046
[  195.271110]   EC = 0x25: DABT (current EL), IL = 32 bits
[  195.271762]   SET = 0, FnV = 0
[  195.272220]   EA = 0, S1PTW = 0
[  195.272792] Data abort info:
[  195.275194]   ISV = 0, ISS = 0x00000046
[  195.275994]   CM = 0, WnR = 1
[  195.277542] user pgtable: 4k pages, 48-bit VAs, pgdp=00000000b249e000
[  195.283535] [0000000000000022] pgd=00000000b8208003, pud=00000000b3993003, pmd=0000000000000000
[  195.291870] Internal error: Oops: 96000046 [#1] PREEMPT SMP
[  195.295199] Modules linked in:
[  195.310083] CPU: 3 PID: 495 Comm: python3 Not tainted 5.4.18 #2
[  195.315854] Hardware name: linux,dummy-virt (DT)
[  195.324729] pstate: 80000005 (Nzcv daif -PAN -UAO)
[  195.330780] pc : __arch_copy_from_user+0xa8/0x240
[  195.331408] lr : copyin+0x90/0xa0
[  195.332726] sp : ffff800011d6b930
[  195.338040] x29: ffff800011d6b930 x28: ffff00007a457930 
[  195.339904] x27: 000000000000001a x26: 0000000000000000 
[  195.340811] x25: 0000000000000022 x24: ffff000079612000 
[  195.343268] x23: ffff800011d6bd70 x22: ffff800011d6bd90 
[  195.344589] x21: 0000000000000012 x20: 0000000000000000 
[  195.346810] x19: 0000000000000012 x18: 0000000000000000 
[  195.348689] x17: 0000000000000000 x16: 0000000000000000 
[  195.350184] x15: 0000000000000001 x14: 0000000000000000 
[  195.354709] x13: 0000000000000006 x12: 00000000c0a80164 
[  195.360656] x11: 0000000000000000 x10: 0000000000000068 
[  195.363412] x9 : 0000000000000000 x8 : 6576726553205044 
[  195.363693] x7 : 55202c6f6c6c6548 x6 : 0000000000000022 
[  195.365240] x5 : 0000000000000034 x4 : 0000000000000000 
[  195.368435] x3 : 0000000000000010 x2 : 0000000000000012 
[  195.380315] x1 : 0000ffffb42dbe60 x0 : 0000000000000022 
[  195.384708] Call trace:
[  195.386707]  __arch_copy_from_user+0xa8/0x240
[  195.390536]  _copy_from_iter_full+0x7c/0x2c8
[  195.392165]  ip_generic_getfrag+0x54/0xf0
[  195.398552]  __ip_append_data.isra.0+0x85c/0xc30
[  195.401463]  ip_make_skb+0xec/0x140
[  195.403515]  udp_sendmsg+0x6ec/0x860
[  195.407384]  inet_sendmsg+0x40/0x68
[  195.414848]  __sys_sendto+0xd4/0x150
[  195.416924]  __arm64_sys_sendto+0x24/0x30
[  195.418749]  el0_svc_common.constprop.0+0x68/0x160
[  195.420786]  el0_svc_handler+0x20/0x80
[  195.425539]  el0_svc+0x8/0xc
[  195.433052] Code: a88120c7 a8c12027 d503201f d503201f (a88120c7) 
[  195.456761] ---[ end trace 0b62fd2f49306feb ]---
[  195.745743] Unable to handle kernel NULL pointer dereference at virtual address 0000000000000000
[  195.763798] Mem abort info:
[  195.764755]   ESR = 0x96000044
[  195.765271]   EC = 0x25: DABT (current EL), IL = 32 bits
[  195.771605]   SET = 0, FnV = 0
[  195.782279]   EA = 0, S1PTW = 0
[  195.787099] Data abort info:
[  195.793548]   ISV = 0, ISS = 0x00000044
[  195.799292]   CM = 0, WnR = 1
[  195.807933] user pgtable: 4k pages, 48-bit VAs, pgdp=00000000b9454000
[  195.814555] [0000000000000000] pgd=0000000000000000
[  195.823428] Internal error: Oops: 96000044 [#2] PREEMPT SMP
[  195.824445] Modules linked in:
[  195.825382] CPU: 2 PID: 1 Comm: systemd Tainted: G      D           5.4.18 #2
[  195.834296] Hardware name: linux,dummy-virt (DT)
[  195.836810] pstate: 80000005 (Nzcv daif -PAN -UAO)
[  195.838025] pc : __arch_copy_from_user+0x104/0x240
[  195.838196] lr : copyin+0x90/0xa0
[  195.838328] sp : ffff80001005bc20
[  195.838473] x29: ffff80001005bc20 x28: 0000000000000000 
[  195.839508] x27: ffff000079733b00 x26: 0000000000000000 
[  195.839999] x25: 0000000000000000 x24: 0000000000000000 
[  195.840809] x23: ffff80001005bd70 x22: ffff80001005bd90 
[  195.842025] x21: 0000000000000070 x20: 0000000000000000 
[  195.849464] x19: 0000000000000070 x18: 0000000000000000 
[  195.850324] x17: 0000000000000000 x16: 0000000000000000 
[  195.852727] x15: 0000000000000000 x14: 0000000000000000 
[  195.856320] x13: 0000000000000000 x12: 0000000000000000 
[  195.864184] x11: 0000000000000000 x10: 0000000000000000 
[  195.868008] x9 : 0000000000400100 x8 : 000000000000003d 
[  195.869086] x7 : 0005046b00000070 x6 : 0000000000000000 
[  195.870531] x5 : 0000000000000070 x4 : 0000000000000000 
[  195.871621] x3 : 0000fffff845e890 x2 : fffffffffffffff0 
[  195.872650] x1 : 0000fffff845e8a0 x0 : 0000000000000000 
[  195.878154] Call trace:
[  195.883791]  __arch_copy_from_user+0x104/0x240
[  195.886105]  _copy_from_iter_full+0x7c/0x2c8
[  195.886376]  netlink_sendmsg+0x14c/0x328
[  195.886748]  __sys_sendto+0xd4/0x150
[  195.887108]  __arm64_sys_sendto+0x24/0x30
[  195.887440]  el0_svc_common.constprop.0+0x68/0x160
[  195.887668]  el0_svc_handler+0x20/0x80
[  195.887962]  el0_svc+0x8/0xc
[  195.888195] Code: 5400046a a8c12027 d503201f d503201f (a88120c7) 
[  195.893883] ---[ end trace 0b62fd2f49306fec ]---
[  195.902668] Kernel panic - not syncing: Attempted to kill init! exitcode=0x0000000b
[  195.907101] SMP: stopping secondary CPUs
[  195.911738] Kernel Offset: disabled
[  195.912530] CPU features: 0x0002,20006000
[  195.914650] Memory Limit: none
[  195.919542] ---[ end Kernel panic - not syncing: Attempted to kill init! exitcode=0x0000000b ]---
