[  193.763364] kernel BUG at arch/arm64/kernel/traps.c:405!
[  193.782375] Internal error: Oops - BUG: 0 [#1] PREEMPT SMP
[  193.785415] Modules linked in:
[  193.791540] CPU: 6 PID: 493 Comm: python3 Not tainted 5.4.18 #2
[  193.792741] Hardware name: linux,dummy-virt (DT)
[  193.797413] pstate: 00000005 (nzcv daif -PAN -UAO)
[  193.802565] pc : do_undefinstr+0x2ec/0x310
[  193.803080] lr : do_undefinstr+0x1e0/0x310
[  193.803632] sp : ffff800011f6b840
[  193.804214] x29: ffff800011f6b840 x28: ffff000079156200 
[  193.805403] x27: 000000000000001a x26: 0000000000000000 
[  193.806021] x25: ffff00007aa4b300 x24: 0000000000000000 
[  193.806559] x23: 0000000060000005 x22: ffff800010afeb94 
[  193.807087] x21: ffff800011f6b9e0 x20: ffff000079156200 
[  193.807870] x19: ffff800011f6b8a0 x18: 0000000000000000 
[  193.808451] x17: 0000000000000000 x16: 0000000000000000 
[  193.808985] x15: 0000000000000001 x14: 0000000000000000 
[  193.809583] x13: 0000000000000006 x12: 00000000c0a80164 
[  193.810346] x11: 0000000000000000 x10: 0000000000000068 
[  193.810844] x9 : 0000000000000000 x8 : ffff00007aa55300 
[  193.811330] x7 : 0000000000000001 x6 : ffff800011f6b898 
[  193.811958] x5 : 00000000d5300000 x4 : ffff8000117c51f0 
[  193.812471] x3 : 0000000063000000 x2 : 0000000000000000 
[  193.812963] x1 : ffff000079156200 x0 : 0000000060000005 
[  193.814280] Call trace:
[  193.814837]  do_undefinstr+0x2ec/0x310
[  193.815355]  el1_undef+0x10/0x84
[  193.815731]  skb_put+0x2c/0x60
[  193.816064]  ip_make_skb+0xec/0x140
[  193.816418]  udp_sendmsg+0x6ec/0x860
[  193.816777]  inet_sendmsg+0x40/0x68
[  193.817125]  __sys_sendto+0xd4/0x150
[  193.817533]  __arm64_sys_sendto+0x24/0x30
[  193.817928]  el0_svc_common.constprop.0+0x68/0x160
[  193.818361]  el0_svc_handler+0x20/0x80
[  193.818728]  el0_svc+0x8/0xc
[  193.820193] Code: f9401bf7 17ffff7c a9025bf5 f9001bf7 (d4210000) 
[  193.823015] ---[ end trace d71dad182abcf332 ]---
[  193.824492] note: python3[493] exited with preempt_count 1
[  193.834237] ------------[ cut here ]------------
[  193.835601] kernel BUG at arch/arm64/kernel/traps.c:405!
[  193.836145] Internal error: Oops - BUG: 0 [#2] PREEMPT SMP
[  193.839728] Modules linked in:
[  193.843321] CPU: 3 PID: 0 Comm: swapper/3 Tainted: G      D           5.4.18 #2
[  193.844723] Hardware name: linux,dummy-virt (DT)
[  193.847819] pstate: 00000005 (nzcv daif -PAN -UAO)
[  193.850320] pc : do_undefinstr+0x2ec/0x310
[  193.853056] lr : do_undefinstr+0x1e0/0x310
[  193.858936] sp : ffff80001001bae0
[  193.861712] x29: ffff80001001bae0 x28: ffff00007b0c3800 
[  193.863282] x27: 000000000f02000a x26: 000000000202000a 
[  193.864641] x25: 0000000000000806 x24: 0000000000000000 
[  193.868837] x23: 0000000060000005 x22: ffff800010afeb94 
[  193.878803] x21: ffff80001001bc80 x20: ffff00007b0c3800 
[  193.887728] x19: ffff80001001bb40 x18: 0000000000000000 
[  193.889983] x17: 0000000000000000 x16: 0000000000000000 
[  193.891307] x15: 0000000000000000 x14: 0000000000000001 
[  193.893883] x13: 0000000000000000 x12: 0000000000000e46 
[  193.895527] x11: 0000000000000000 x10: 0000000000000003 
[  193.896237] x9 : ffff00007db89750 x8 : 000000000000000e 
[  193.904890] x7 : 0000000000000000 x6 : ffff80001001bb38 
[  193.909269] x5 : 00000000d5300000 x4 : ffff8000117c51f0 
[  193.912050] x3 : 0000000063000000 x2 : 0000000000000000 
[  193.913038] x1 : ffff00007b0c3800 x0 : 0000000060000005 
[  193.917200] Call trace:
[  193.920458]  do_undefinstr+0x2ec/0x310
[  193.921485]  el1_undef+0x10/0x84
[  193.925066]  skb_put+0x2c/0x60
[  193.926156]  arp_send_dst.part.0+0x14/0x88
[  193.926642]  arp_solicit+0x16c/0x220
[  193.927199]  neigh_probe+0x54/0x98
[  193.927412]  neigh_timer_handler+0xa4/0x288
[  193.927706]  call_timer_fn.isra.0+0x20/0x78
[  193.927992]  run_timer_softirq+0x1a0/0x410
[  193.928351]  __do_softirq+0x124/0x240
[  193.928639]  irq_exit+0xb8/0xd8
[  193.929307]  __handle_domain_irq+0x64/0xb8
[  193.929994]  gic_handle_irq+0x50/0xa0
[  193.931686]  el1_irq+0xb8/0x180
[  193.932114]  arch_cpu_idle+0x10/0x18
[  193.932708]  do_idle+0x204/0x288
[  193.934748]  cpu_startup_entry+0x20/0x40
[  193.935707] ------------[ cut here ]------------
[  193.936270]  secondary_start_kernel+0x154/0x190
[  193.942718] WARNING: CPU: 6 PID: 0 at kernel/rcu/tree.c:569 rcu_idle_enter+0x74/0x80
[  193.945504] Code: f9401bf7 17ffff7c a9025bf5 f9001bf7 (d4210000) 
[  193.946864] Modules linked in:
[  193.948882] CPU: 6 PID: 0 Comm: swapper/6 Tainted: G      D           5.4.18 #2
[  193.953525] Hardware name: linux,dummy-virt (DT)
[  193.954355] pstate: 200003c5 (nzCv DAIF -PAN -UAO)
[  193.955213] pc : rcu_idle_enter+0x74/0x80
[  193.955561] ---[ end trace d71dad182abcf333 ]---
[  193.956270] lr : do_idle+0x200/0x288
[  193.960331] Kernel panic - not syncing: Fatal exception in interrupt
[  193.961290] sp : ffff800011a73f20
[  193.964776] SMP: stopping secondary CPUs
[  193.968234] x29: ffff800011a73f20 x28: 0000000000000000 
[  193.970790] x27: 0000000000000000 x26: 0000000000000000 
[  193.973160] x25: 0000000000000000 x24: ffff8000117ba214 
[  193.974159] x23: ffff00007b0c6200 x22: ffff800011404ab8 
[  193.979996] x21: ffff8000117ba1f0 x20: 0000000000000006 
[  193.982789] x19: ffff8000117ba118 x18: 0000000000000010 
[  193.985326] x17: 0000000000000000 x16: 0000000000000000 
[  193.986984] x15: 0000000000000000 x14: 0000000000000000 
[  193.989450] x13: 0000000000000003 x12: 0000000000000000 
[  193.993834] x11: 0000000000000000 x10: 00000000000009c0 
[  193.996114] x9 : ffff800011a73e90 x8 : ffff00007b0c6c20 
[  193.998599] x7 : 00000000000003d8 x6 : 0000005910aa53ba 
[  193.999350] x5 : 00ffffffffffffff x4 : ffff80006c7c5000 
[  194.000076] x3 : 4000000000000002 x2 : 4000000000000000 
[  194.000758] x1 : ffff800011406980 x0 : ffff00007dbcb980 
[  194.001890] Call trace:
[  194.003093]  rcu_idle_enter+0x74/0x80
[  194.004420]  do_idle+0x200/0x288
[  194.006432]  cpu_startup_entry+0x20/0x40
[  194.009486]  secondary_start_kernel+0x154/0x190
[  194.013083] ---[ end trace d71dad182abcf334 ]---
[  194.017167] Kernel Offset: disabled
[  194.019833] CPU features: 0x0002,20006000
[  194.022278] Memory Limit: none
[  194.025294] ---[ end Kernel panic - not syncing: Fatal exception in interrupt ]---
