[  156.144554] Unable to handle kernel NULL pointer dereference at virtual address 000000000000009e
[  156.168002] Mem abort info:
[  156.168893]   ESR = 0x96000006
[  156.169276]   EC = 0x25: DABT (current EL), IL = 32 bits
[  156.169540]   SET = 0, FnV = 0
[  156.169737]   EA = 0, S1PTW = 0
[  156.169952] Data abort info:
[  156.170171]   ISV = 0, ISS = 0x00000006
[  156.170479]   CM = 0, WnR = 0
[  156.171345] user pgtable: 4k pages, 48-bit VAs, pgdp=00000000b0ae5000
[  156.172245] [000000000000009e] pgd=00000000b0b16003, pud=00000000b21bb003, pmd=0000000000000000
[  156.202137] Internal error: Oops: 96000006 [#1] PREEMPT SMP
[  156.206591] Modules linked in:
[  156.221183] CPU: 7 PID: 493 Comm: python3 Not tainted 5.4.18 #2
[  156.222508] Hardware name: linux,dummy-virt (DT)
[  156.228932] pstate: 60000005 (nZCv daif -PAN -UAO)
[  156.251170] pc : skb_put+0x14/0x60
[  156.252933] lr : __ip_append_data.isra.0+0x7e0/0xc30
[  156.255083] sp : ffff800011f9b9e0
[  156.256792] x29: ffff800011f9b9e0 x28: ffff000078cbb330 
[  156.260220] x27: 000000000000001a x26: 0000000000000000 
[  156.261819] x25: ffff000077e41540 x24: ffff00007b3eb0c0 
[  156.262239] x23: ffff800011f9bd80 x22: 0000000000000000 
[  156.262663] x21: 0000000000000000 x20: 0000000000000000 
[  156.264058] x19: 0000000000000000 x18: 0000000000000000 
[  156.264375] x17: 0000000000000000 x16: 0000000000000000 
[  156.264681] x15: 0000000000000001 x14: 0000000000000000 
[  156.264978] x13: 0000000000000006 x12: 00000000c0a80164 
[  156.265272] x11: 0000000000000000 x10: 0000000000000068 
[  156.265566] x9 : 0000000000000000 x8 : ffff000078c0de00 
[  156.266238] x7 : 0000000000000001 x6 : 0000000000000000 
[  156.266896] x5 : ffff000077cd4610 x4 : 000000000000002e 
[  156.268084] x3 : 0000000000000010 x2 : 0000000000000010 
[  156.269480] x1 : 000000000000002e x0 : ffff000078c0de00 
[  156.271624] Call trace:
[  156.276349]  skb_put+0x14/0x60
[  156.277935]  ip_make_skb+0xec/0x140
[  156.278664]  udp_sendmsg+0x6ec/0x860
[  156.280444]  inet_sendmsg+0x40/0x68
[  156.281040]  __sys_sendto+0xd4/0x150
[  156.281409]  __arm64_sys_sendto+0x24/0x30
[  156.281863]  el0_svc_common.constprop.0+0x68/0x160
[  156.282209]  el0_svc_handler+0x20/0x80
[  156.282655]  el0_svc+0x8/0xc
[  156.291704] Code: f9405c05 b940b003 8b2340a5 35000166 (b9407026) 
[  156.296399] ---[ end trace 665c6f9e52e4a119 ]---
[  156.569788] Unable to handle kernel NULL pointer dereference at virtual address 00000000000001d4
[  156.573891] Mem abort info:
[  156.574321]   ESR = 0x96000004
[  156.574599]   EC = 0x25: DABT (current EL), IL = 32 bits
[  156.592246]   SET = 0, FnV = 0
[  156.594954]   EA = 0, S1PTW = 0
[  156.602504] Data abort info:
[  156.603616]   ISV = 0, ISS = 0x00000004
[  156.606620]   CM = 0, WnR = 0
[  156.609751] user pgtable: 4k pages, 48-bit VAs, pgdp=00000000ba483000
[  156.610710] [00000000000001d4] pgd=0000000000000000
[  156.612508] Internal error: Oops: 96000004 [#2] PREEMPT SMP
[  156.614719] Modules linked in:
[  156.618809] CPU: 4 PID: 1 Comm: systemd Tainted: G      D           5.4.18 #2
[  156.620013] Hardware name: linux,dummy-virt (DT)
[  156.621445] pstate: 40000005 (nZcv daif -PAN -UAO)
[  156.621829] pc : skb_put+0x14/0x60
[  156.622199] lr : unix_dgram_sendmsg+0x13c/0x568
[  156.625385] sp : ffff80001005bb30
[  156.626257] x29: ffff80001005bb30 x28: 0000000000000000 
[  156.627913] x27: ffff00007b1ea900 x26: ffff80001005be00 
[  156.634096] x25: 0000000000000000 x24: 0000000000000000 
[  156.634757] x23: ffff00007a54a000 x22: ffff00007b239800 
[  156.635259] x21: 0000000000000164 x20: ffff00007ad04600 
[  156.636453] x19: ffff00007b0a8000 x18: 0000000000000000 
[  156.637977] x17: 0000000000000000 x16: 0000000000000000 
[  156.640164] x15: 0000000000000000 x14: 0000ffffa05312f9 
[  156.640612] x13: 0000000000000010 x12: 0000aaaae363e020 
[  156.641091] x11: 0000000000000001 x10: 0000000000400100 
[  156.644980] x9 : ffff00007b0a8000 x8 : 0000ffffffffffff 
[  156.645864] x7 : 0000000000000001 x6 : 0000000000000000 
[  156.646738] x5 : ffff00007233d000 x4 : ffff00007b23993c 
[  156.649617] x3 : 0000000000000000 x2 : 00000000ffffffff 
[  156.650012] x1 : 0000000000000164 x0 : ffff00007b1ea900 
[  156.652006] Call trace:
[  156.653466]  skb_put+0x14/0x60
[  156.654212]  ____sys_sendmsg+0x240/0x280
[  156.656478]  ___sys_sendmsg+0x80/0xe0
[  156.657223]  __sys_sendmsg+0x64/0xc0
[  156.657531]  __arm64_sys_sendmsg+0x20/0x28
[  156.657883]  el0_svc_common.constprop.0+0x68/0x160
[  156.658562]  el0_svc_handler+0x20/0x80
[  156.660126]  el0_svc+0x8/0xc
[  156.660688] Code: f9405c05 b940b003 8b2340a5 35000166 (b9407026) 
[  156.666314] ---[ end trace 665c6f9e52e4a11a ]---
[  156.670618] Kernel panic - not syncing: Attempted to kill init! exitcode=0x0000000b
[  156.676814] SMP: stopping secondary CPUs
[  156.680241] Kernel Offset: disabled
[  156.682739] CPU features: 0x0002,20006000
[  156.684034] Memory Limit: none
[  156.688335] ---[ end Kernel panic - not syncing: Attempted to kill init! exitcode=0x0000000b ]---
