[  192.745617] Unable to handle kernel NULL pointer dereference at virtual address 000000000000001d
[  192.769243] Mem abort info:
[  192.773788]   ESR = 0x96000046
[  192.779931]   EC = 0x25: DABT (current EL), IL = 32 bits
[  192.784429]   SET = 0, FnV = 0
[  192.785489]   EA = 0, S1PTW = 0
[  192.788587] Data abort info:
[  192.791668]   ISV = 0, ISS = 0x00000046
[  192.792160]   CM = 0, WnR = 1
[  192.793043] user pgtable: 4k pages, 48-bit VAs, pgdp=00000000b09a6000
[  192.794186] [000000000000001d] pgd=00000000b10e8003, pud=00000000b964f003, pmd=0000000000000000
[  192.807304] Internal error: Oops: 96000046 [#1] PREEMPT SMP
[  192.810368] Modules linked in:
[  192.814037] CPU: 2 PID: 494 Comm: python3 Not tainted 5.4.18 #2
[  192.815341] Hardware name: linux,dummy-virt (DT)
[  192.816463] pstate: 80000005 (Nzcv daif -PAN -UAO)
[  192.819494] pc : __arch_copy_from_user+0xa8/0x240
[  192.822559] lr : copyin+0x90/0xa0
[  192.823095] sp : ffff800011f3b930
[  192.823905] x29: ffff800011f3b930 x28: ffff00007a86a530 
[  192.825403] x27: 000000000000001a x26: 0000000000000000 
[  192.826858] x25: 000000000000001d x24: ffff000079621000 
[  192.830611] x23: ffff800011f3bd70 x22: ffff800011f3bd90 
[  192.834394] x21: 0000000000000012 x20: 0000000000000000 
[  192.838185] x19: 0000000000000012 x18: 0000000000000000 
[  192.839376] x17: 0000000000000000 x16: 0000000000000000 
[  192.843893] x15: 0000000000000001 x14: 0000000000000000 
[  192.844903] x13: 0000000000000006 x12: 00000000c0a80164 
[  192.845389] x11: 0000000000000000 x10: 0000000000000068 
[  192.847609] x9 : 0000000000000000 x8 : 6576726553205044 
[  192.848493] x7 : 55202c6f6c6c6548 x6 : 000000000000001d 
[  192.850237] x5 : 000000000000002f x4 : 0000000000000000 
[  192.850736] x3 : 0000000000000010 x2 : 0000000000000012 
[  192.852036] x1 : 0000ffff8e935e60 x0 : 000000000000001d 
[  192.853575] Call trace:
[  192.855380]  __arch_copy_from_user+0xa8/0x240
[  192.855677]  _copy_from_iter_full+0x7c/0x2c8
[  192.855923]  ip_generic_getfrag+0x54/0xf0
[  192.856153]  __ip_append_data.isra.0+0x85c/0xc30
[  192.856548]  ip_make_skb+0xec/0x140
[  192.857694]  udp_sendmsg+0x6ec/0x860
[  192.858120]  inet_sendmsg+0x40/0x68
[  192.858685]  __sys_sendto+0xd4/0x150
[  192.859237]  __arm64_sys_sendto+0x24/0x30
[  192.860645]  el0_svc_common.constprop.0+0x68/0x160
[  192.864578]  el0_svc_handler+0x20/0x80
[  192.866233]  el0_svc+0x8/0xc
[  192.868449] Code: a88120c7 a8c12027 d503201f d503201f (a88120c7) 
[  192.870227] ---[ end trace e8389a478090b1e2 ]---
