[  195.095654] skbuff: skb_over_panic: text:00000000622b52be len:46 put:46 head:000000006f53eed8 data:00000000345e4eba tail:0x780e22e0 end:0xc0 dev:<NULL>
[  195.121719] kernel BUG at net/core/skbuff.c:108!
[  195.123802] Internal error: Oops - BUG: 0 [#1] PREEMPT SMP
[  195.125791] Modules linked in:
[  195.131143] CPU: 5 PID: 495 Comm: python3 Not tainted 5.4.18 #2
[  195.132566] Hardware name: linux,dummy-virt (DT)
[  195.134117] pstate: 60000005 (nZCv daif -PAN -UAO)
[  195.136846] pc : skb_panic+0x54/0x58
[  195.142904] lr : skb_panic+0x54/0x58
[  195.146778] sp : ffff800011f9b9b0
[  195.150700] x29: ffff800011f9b9c0 x28: ffff00007a9f3330 
[  195.155373] x27: 000000000000001a x26: 0000000000000000 
[  195.157241] x25: ffff0000796ebfc0 x24: ffff0000771620c0 
[  195.158291] x23: ffff800011f9bd80 x22: 0000000000000000 
[  195.159991] x21: 0000000000000000 x20: 0000000000000000 
[  195.160882] x19: 0000000000000000 x18: 0000000000000010 
[  195.161834] x17: 0000000000000000 x16: 0000000000000000 
[  195.162468] x15: ffff00007a9f2e70 x14: 554e3c3a76656420 
[  195.162967] x13: 306378303a646e65 x12: 2030653232653038 
[  195.163457] x11: 3778303a6c696174 x10: 2061626534653534 
[  195.165555] x9 : 3330303030303030 x8 : ffff800011993000 
[  195.166336] x7 : ffff800010691a68 x6 : 0000000000000145 
[  195.166671] x5 : 0000000000000000 x4 : ffff00007dbab188 
[  195.167029] x3 : ffff00007dbb1f20 x2 : 0000000000000000 
[  195.167327] x1 : 0000000000000000 x0 : 000000000000008b 
[  195.168401] Call trace:
[  195.168735]  skb_panic+0x54/0x58
[  195.168972]  pskb_put+0x0/0x38
[  195.169213]  __ip_append_data.isra.0+0x7e0/0xc30
[  195.169544]  ip_make_skb+0xec/0x140
[  195.169837]  udp_sendmsg+0x6ec/0x860
[  195.170340]  inet_sendmsg+0x40/0x68
[  195.170866]  __sys_sendto+0xd4/0x150
[  195.171352]  __arm64_sys_sendto+0x24/0x30
[  195.172263]  el0_svc_common.constprop.0+0x68/0x160
[  195.174017]  el0_svc_handler+0x20/0x80
[  195.174457]  el0_svc+0x8/0xc
[  195.176950] Code: f90007e9 b940b508 f90003e8 97d8dd19 (d4210000) 
[  195.182635] ---[ end trace 51dc0928e65c64cf ]---
[  195.184325] note: python3[495] exited with preempt_count 1
[  195.247164] ------------[ cut here ]------------
[  195.250828] WARNING: CPU: 5 PID: 0 at kernel/rcu/tree.c:569 rcu_idle_enter+0x74/0x80
[  195.254584] Modules linked in:
[  195.260318] CPU: 5 PID: 0 Comm: swapper/5 Tainted: G      D           5.4.18 #2
[  195.262689] Hardware name: linux,dummy-virt (DT)
[  195.263508] pstate: 200003c5 (nzCv DAIF -PAN -UAO)
[  195.266558] pc : rcu_idle_enter+0x74/0x80
[  195.269450] lr : do_idle+0x200/0x288
[  195.270790] sp : ffff800011a6bf20
[  195.271333] x29: ffff800011a6bf20 x28: 0000000000000000 
[  195.272338] x27: 0000000000000000 x26: 0000000000000000 
[  195.277577] x25: 0000000000000000 x24: ffff8000117ba214 
[  195.277927] x23: ffff00007b0c5400 x22: ffff800011404ab8 
[  195.278047] skbuff: skb_over_panic: text:00000000a03878f8 len:356 put:356 head:00000000fd9fb5ad data:00000000fd9fb5ad tail:0x79764b00 end:0x2c0 dev:<NULL>
[  195.278390] x21: ffff8000117ba1f0 x20: 0000000000000005 
[  195.280477] x19: ffff8000117ba118 x18: 0000000000000010 
[  195.280915] x17: 0000000000000000 x16: 0000000000000000 
[  195.281608] ------------[ cut here ]------------
[  195.286521] x15: ffff00007a9f2e70 x14: 0000000000000000 
[  195.286961] kernel BUG at net/core/skbuff.c:108!
[  195.287364] x13: 0000000000000001 x12: 0000000000000000 
[  195.288038] Internal error: Oops - BUG: 0 [#2] PREEMPT SMP
[  195.289363] x11: 0000000000000400 x10: 00000000000009c0 
[  195.290183] x9 : ffff800011a6be90 x8 : ffff00007b0c5e20 
[  195.290365] x7 : 0000000000000005 x6 : 00000022fda9da7d 
[  195.290482] Modules linked in:
[  195.291093] x5 : 00ffffffffffffff x4 : ffff80006c7af000 
[  195.291634] CPU: 0 PID: 1 Comm: systemd Tainted: G      D           5.4.18 #2
[  195.293512] x3 : 4000000000000002 x2 : 4000000000000000 
[  195.294545] Hardware name: linux,dummy-virt (DT)
[  195.295137] x1 : ffff800011406980 x0 : ffff00007dbb5980 
[  195.295783] pstate: 60000005 (nZCv daif -PAN -UAO)
[  195.296285] Call trace:
[  195.297648] pc : skb_panic+0x54/0x58
[  195.298034]  rcu_idle_enter+0x74/0x80
[  195.299171] lr : skb_panic+0x54/0x58
[  195.299552] sp : ffff80001005bb00
[  195.299988]  do_idle+0x200/0x288
[  195.303659] x29: ffff80001005bb10 x28: 0000000000000000 
[  195.305930] x27: ffff000079764b00 x26: ffff80001005be00 
[  195.306189]  cpu_startup_entry+0x24/0x40
[  195.306313] x25: 0000000000000000 x24: 0000000000000000 
[  195.306560]  secondary_start_kernel+0x154/0x190
[  195.306719] x23: ffff000079bfa000 x22: ffff000078011000 
[  195.306918] ---[ end trace 51dc0928e65c64d0 ]---
[  195.307045] x21: 0000000000000164 x20: ffff000078478c00 
[  195.310510] x19: ffff00007b0a8000 x18: 0000000000000010 
[  195.314883] x17: 0000000000000000 x16: 0000000000000000 
[  195.318571] x15: ffff00007b0a8470 x14: 4c554e3c3a766564 
[  195.322892] x13: 2030633278303a64 x12: 6e65203030623436 
[  195.325283] x11: 37393778303a6c69 x10: 6174206461356266 
[  195.326872] x9 : 3964663030303030 x8 : ffff800011993000 
[  195.331309] x7 : ffff800010691a68 x6 : 0000000000000017 
[  195.332687] x5 : 0000000000000000 x4 : ffff00007db3d188 
[  195.337474] x3 : ffff00007db43f20 x2 : 0000000000000000 
[  195.342244] x1 : 0000000000000000 x0 : 000000000000008e 
[  195.346103] Call trace:
[  195.348187]  skb_panic+0x54/0x58
[  195.350008]  pskb_put+0x0/0x38
[  195.356666]  unix_dgram_sendmsg+0x13c/0x568
[  195.358683]  ____sys_sendmsg+0x240/0x280
[  195.361757]  ___sys_sendmsg+0x80/0xe0
[  195.362250]  __sys_sendmsg+0x64/0xc0
[  195.363104]  __arm64_sys_sendmsg+0x20/0x28
[  195.363472]  el0_svc_common.constprop.0+0x68/0x160
[  195.365153]  el0_svc_handler+0x20/0x80
[  195.370710]  el0_svc+0x8/0xc
[  195.373265] Code: f90007e9 b940b508 f90003e8 97d8dd19 (d4210000) 
[  195.375450] ---[ end trace 51dc0928e65c64d1 ]---
[  195.375957] note: systemd[1] exited with preempt_count 1
[  195.378314] Kernel panic - not syncing: Attempted to kill init! exitcode=0x0000000b
[  195.379756] SMP: stopping secondary CPUs
[  195.385327] Kernel Offset: disabled
[  195.386494] CPU features: 0x0002,20006000
[  195.387584] Memory Limit: none
[  195.390527] ---[ end Kernel panic - not syncing: Attempted to kill init! exitcode=0x0000000b ]---
