[  192.815490] Unable to handle kernel NULL pointer dereference at virtual address 0000000000000000
[  192.825746] Mem abort info:
[  192.831083]   ESR = 0x86000006
[  192.833309]   EC = 0x21: IABT (current EL), IL = 32 bits
[  192.841498]   SET = 0, FnV = 0
[  192.843217]   EA = 0, S1PTW = 0
[  192.862345] user pgtable: 4k pages, 48-bit VAs, pgdp=00000000b82cf000
[  192.870149] [0000000000000000] pgd=00000000b81c6003, pud=00000000b83e2003, pmd=0000000000000000
[  192.890391] Internal error: Oops: 86000006 [#1] PREEMPT SMP
[  192.891608] Modules linked in:
[  192.894164] CPU: 6 PID: 492 Comm: python3 Not tainted 5.4.18 #2
[  192.898459] Hardware name: linux,dummy-virt (DT)
[  192.901339] pstate: 80000005 (Nzcv daif -PAN -UAO)
[  192.908819] pc : 0x0
[  192.914218] lr : __ip_append_data.isra.0+0x7e0/0xc30
[  192.918310] sp : ffff800011f539e0
[  192.918592] x29: ffff800011f539e0 x28: ffff000074e12530 
[  192.919436] x27: 000000000000001a x26: 0000000000000000 
[  192.920269] x25: ffff000079461dc0 x24: ffff00007a82e0c0 
[  192.921513] x23: ffff800011f53d80 x22: 0000000000000000 
[  192.925582] x21: 0000000000000000 x20: 0000000000000000 
[  192.927813] x19: 0000000000000000 x18: 0000000000000000 
[  192.932675] x17: 0000000000000000 x16: 0000000000000000 
[  192.934071] x15: 0000000000000001 x14: 0000000000000000 
[  192.934776] x13: 0000000000000006 x12: 00000000c0a80164 
[  192.935336] x11: 0000000000000000 x10: 0000000000000068 
[  192.935986] x9 : 0000000000000000 x8 : ffff00007833a300 
[  192.936383] x7 : 0000000000000001 x6 : 0000000000000000 
[  192.938456] x5 : ffff000078335610 x4 : 000000000000002e 
[  192.940005] x3 : 000000000000003e x2 : 00000000000000c0 
[  192.941945] x1 : 000000000000002e x0 : ffff000078335610 
[  192.946202] Call trace:
[  192.949583]  0x0
[  192.955913]  ip_make_skb+0xec/0x140
[  192.956570]  udp_sendmsg+0x6ec/0x860
[  192.958678]  inet_sendmsg+0x40/0x68
[  192.959377]  __sys_sendto+0xd4/0x150
[  192.967154]  __arm64_sys_sendto+0x24/0x30
[  192.982700]  el0_svc_common.constprop.0+0x68/0x160
[  192.986746]  el0_svc_handler+0x20/0x80
[  192.989231]  el0_svc+0x8/0xc
[  193.001428] Code: bad PC value
[  193.008264] ---[ end trace 5b850409cdfb294d ]---
[  193.018827] Unable to handle kernel NULL pointer dereference at virtual address 0000000000000000
[  193.030912] Mem abort info:
[  193.034656]   ESR = 0x86000004
[  193.036876]   EC = 0x21: IABT (current EL), IL = 32 bits
[  193.041252]   SET = 0, FnV = 0
[  193.044365]   EA = 0, S1PTW = 0
[  193.044701] user pgtable: 4k pages, 48-bit VAs, pgdp=00000000b8011000
[  193.046065] [0000000000000000] pgd=0000000000000000
[  193.053332] Internal error: Oops: 86000004 [#2] PREEMPT SMP
[  193.070862] Modules linked in:
[  193.077630] CPU: 0 PID: 0 Comm: swapper/0 Tainted: G      D           5.4.18 #2
[  193.079691] Hardware name: linux,dummy-virt (DT)
[  193.079968] pstate: 80000005 (Nzcv daif -PAN -UAO)
[  193.080286] pc : 0x0
[  193.081990] lr : __nlmsg_put+0x3c/0x88
[  193.082687] sp : ffff800010003c80
[  193.083742] x29: ffff800010003c80 x28: ffff800010003e80 
[  193.084341] x27: 0000000000000000 x26: ffff0000763cd050 
[  193.087148] x25: 000000000000001c x24: 0000000000000000 
[  193.090446] x23: 0000000000000000 x22: 0000000000000000 
[  193.091950] x21: 000000000000001c x20: 000000000000000c 
[  193.092969] x19: ffff0000763cd000 x18: 000000000000000e 
[  193.094286] x17: 0000000000000001 x16: 0000000000000007 
[  193.094639] x15: 000000000000014f x14: 0000000000000000 
[  193.094973] x13: 0000000000003845 x12: 00000000000001cf 
[  193.095262] x11: 0000000000e13b78 x10: 0000000000008000 
[  193.095539] x9 : 0000000000000001 x8 : 0000000000000800 
[  193.095994] x7 : ffff8000117b7000 x6 : 0000000000000000 
[  193.096372] x5 : ffff0000797ea800 x4 : 000000000000001c 
[  193.096802] x3 : 000000000000001c x2 : 00000000000000c0 
[  193.099623] x1 : 000000000000001c x0 : ffff0000797ea800 
[  193.100539] Call trace:
[  193.102192]  0x0
[  193.105596]  neigh_fill_info+0x64/0x298
[  193.109029]  __neigh_notify+0x60/0xe0
[  193.111017]  neigh_timer_handler+0xc8/0x288
[  193.112924]  call_timer_fn.isra.0+0x20/0x78
[  193.119319]  run_timer_softirq+0x1a0/0x410
[  193.123519]  __do_softirq+0x124/0x240
[  193.127031]  irq_exit+0xb8/0xd8
[  193.131429]  __handle_domain_irq+0x64/0xb8
[  193.141808]  gic_handle_irq+0x50/0xa0
[  193.143935]  el1_irq+0xb8/0x180
[  193.147019]  arch_cpu_idle+0x10/0x18
[  193.148502]  do_idle+0x204/0x288
[  193.152432]  cpu_startup_entry+0x20/0x40
[  193.157875]  rest_init+0xd4/0xe0
[  193.159245]  arch_call_rest_init+0xc/0x14
[  193.161227]  start_kernel+0x420/0x450
[  193.168213] Code: bad PC value
[  193.172534] ---[ end trace 5b850409cdfb294e ]---
[  193.179216] Unable to handle kernel execution of user memory at virtual address 0000ffff931832f9
[  193.184724] Mem abort info:
[  193.184845]   ESR = 0x8600000f
[  193.185279] Kernel panic - not syncing: Fatal exception in interrupt
[  193.186418]   EC = 0x21: IABT (current EL), IL = 32 bits
[  193.186525]   SET = 0, FnV = 0
[  193.187999]   EA = 0, S1PTW = 0
[  193.188097] SMP: stopping secondary CPUs
[  193.193423] Kernel Offset: disabled
[  193.194342] CPU features: 0x0002,20006000
[  193.194720] Memory Limit: none
[  193.203413] ---[ end Kernel panic - not syncing: Fatal exception in interrupt ]---
