[  194.274721] kernel BUG at arch/arm64/kernel/traps.c:405!
[  194.281238] Internal error: Oops - BUG: 0 [#1] PREEMPT SMP
[  194.283686] Modules linked in:
[  194.289048] CPU: 4 PID: 495 Comm: python3 Not tainted 5.4.18 #2
[  194.290049] Hardware name: linux,dummy-virt (DT)
[  194.292175] pstate: 00000005 (nzcv daif -PAN -UAO)
[  194.301458] pc : do_undefinstr+0x2ec/0x310
[  194.302323] lr : do_undefinstr+0x1e0/0x310
[  194.303143] sp : ffff800011fb3840
[  194.303774] x29: ffff800011fb3840 x28: ffff00007968e200 
[  194.304886] x27: 000000000000001a x26: 0000000000000000 
[  194.305734] x25: ffff00007b3d5d80 x24: 0000000000000000 
[  194.306550] x23: 0000000080000005 x22: ffff800010afeba0 
[  194.307441] x21: ffff800011fb39e0 x20: ffff00007968e200 
[  194.308262] x19: ffff800011fb38a0 x18: 0000000000000000 
[  194.309641] x17: 0000000000000000 x16: 0000000000000000 
[  194.310628] x15: 0000000000000001 x14: 0000000000000000 
[  194.311934] x13: 0000000000000006 x12: 00000000c0a80164 
[  194.312822] x11: 0000000000000000 x10: 0000000000000068 
[  194.314024] x9 : 0000000000000000 x8 : ffff00007a98d100 
[  194.314955] x7 : 0000000000000001 x6 : ffff800011fb3898 
[  194.315966] x5 : 00000000d5300000 x4 : ffff8000117c51f0 
[  194.316964] x3 : 00000000f6500000 x2 : 0000000000000000 
[  194.318085] x1 : ffff00007968e200 x0 : 0000000080000005 
[  194.320306] Call trace:
[  194.321836]  do_undefinstr+0x2ec/0x310
[  194.323019]  el1_undef+0x10/0x84
[  194.323872]  skb_put+0x38/0x60
[  194.324868]  ip_make_skb+0xec/0x140
[  194.327571]  udp_sendmsg+0x6ec/0x860
[  194.330230]  inet_sendmsg+0x40/0x68
[  194.331999]  __sys_sendto+0xd4/0x150
[  194.332806]  __arm64_sys_sendto+0x24/0x30
[  194.333905]  el0_svc_common.constprop.0+0x68/0x160
[  194.335144]  el0_svc_handler+0x20/0x80
[  194.335934]  el0_svc+0x8/0xc
[  194.338546] Code: f9401bf7 17ffff7c a9025bf5 f9001bf7 (d4210000) 
[  194.343707] ---[ end trace 208fb02e989487e4 ]---
[  194.345802] note: python3[495] exited with preempt_count 1
[  194.456655] ------------[ cut here ]------------
[  194.461388] WARNING: CPU: 4 PID: 0 at kernel/rcu/tree.c:569 rcu_idle_enter+0x74/0x80
[  194.468995] Modules linked in:
[  194.474539] CPU: 4 PID: 0 Comm: swapper/4 Tainted: G      D           5.4.18 #2
[  194.486296] Hardware name: linux,dummy-virt (DT)
[  194.491785] pstate: 20000085 (nzCv daIf -PAN -UAO)
[  194.493387] pc : rcu_idle_enter+0x74/0x80
[  194.503510] lr : do_idle+0x200/0x288
[  194.512289] sp : ffff800011a63f20
[  194.516359] x29: ffff800011a63f20 x28: 0000000000000000 
[  194.522189] x27: 0000000000000000 x26: 0000000000000000 
[  194.530893] x25: 0000000000000000 x24: ffff8000117ba214 
[  194.542201] x23: ffff00007b0c4600 x22: ffff800011404ab8 
[  194.555269] x21: ffff8000117ba1f0 x20: 0000000000000004 
[  194.563582] x19: ffff8000117ba118 x18: 0000000000000010 
[  194.568907] x17: 0000000000000000 x16: 0000000000000000 
[  194.586509] x15: 0000000000000057 x14: 0000000000000000 
[  194.594058] ------------[ cut here ]------------
[  194.597131] x13: 0000000000000002 x12: 0000000000000000 
[  194.597580] kernel BUG at arch/arm64/kernel/traps.c:405!
[  194.599944] Internal error: Oops - BUG: 0 [#2] PREEMPT SMP
[  194.600238] x11: 0000000000000000 x10: 00000000000009c0 
[  194.602902] Modules linked in:
[  194.605000] x9 : ffff800011a63e90 x8 : ffff00007b0c5020 
[  194.609084] CPU: 7 PID: 1 Comm: systemd Tainted: G      D           5.4.18 #2
[  194.610647] x7 : 00000000000003b1 x6 : 0000005459237268 
[  194.610760] x5 : 00ffffffffffffff x4 : ffff80006c799000 
[  194.610858] x3 : 4000000000000002 x2 : 4000000000000000 
[  194.610954] x1 : ffff800011406980 x0 : ffff00007db9f980 
[  194.611060] Call trace:
[  194.611206]  rcu_idle_enter+0x74/0x80
[  194.611279]  do_idle+0x200/0x288
[  194.611468]  cpu_startup_entry+0x20/0x40
[  194.611558]  secondary_start_kernel+0x154/0x190
[  194.611725] ---[ end trace 208fb02e989487e5 ]---
[  194.644591] Hardware name: linux,dummy-virt (DT)
[  194.647576] pstate: 00000005 (nzcv daif -PAN -UAO)
[  194.651368] pc : do_undefinstr+0x2ec/0x310
[  194.656603] lr : do_undefinstr+0x1e0/0x310
[  194.656770] sp : ffff80001005b990
[  194.658572] x29: ffff80001005b990 x28: ffff00007b0a8000 
[  194.660409] x27: ffff000078113c00 x26: ffff80001005be00 
[  194.661278] x25: 0000000000000000 x24: 0000000000000000 
[  194.662911] x23: 0000000080000005 x22: ffff800010afeba0 
[  194.666574] x21: ffff80001005bb30 x20: ffff00007b0a8000 
[  194.674303] x19: ffff80001005b9f0 x18: 0000000000000000 
[  194.679042] x17: 0000000000000000 x16: 0000000000000000 
[  194.679986] x15: 0000000000000000 x14: 0000ffff8e8e92f9 
[  194.683467] x13: 0000000000000010 x12: 0000aaaad9a62840 
[  194.684024] x11: 0000000000000001 x10: 0000000000400100 
[  194.684569] x9 : ffff00007b0a8000 x8 : 0000ffffffffffff 
[  194.687007] x7 : 0000000000000001 x6 : ffff80001005b9e8 
[  194.687215] x5 : 00000000d5300000 x4 : ffff8000117c51f0 
[  194.687693] x3 : 00000000f6500000 x2 : 0000000000000000 
[  194.687917] x1 : ffff00007b0a8000 x0 : 0000000080000005 
[  194.688114] Call trace:
[  194.688247]  do_undefinstr+0x2ec/0x310
[  194.688413]  el1_undef+0x10/0x84
[  194.688557]  skb_put+0x38/0x60
[  194.688687]  ____sys_sendmsg+0x240/0x280
[  194.688857]  ___sys_sendmsg+0x80/0xe0
[  194.689004]  __sys_sendmsg+0x64/0xc0
[  194.689143]  __arm64_sys_sendmsg+0x20/0x28
[  194.689693]  el0_svc_common.constprop.0+0x68/0x160
[  194.691822]  el0_svc_handler+0x20/0x80
[  194.692150]  el0_svc+0x8/0xc
[  194.692929] Code: f9401bf7 17ffff7c a9025bf5 f9001bf7 (d4210000) 
[  194.704602] ---[ end trace 208fb02e989487e6 ]---
[  194.706739] note: systemd[1] exited with preempt_count 1
[  194.712704] Kernel panic - not syncing: Attempted to kill init! exitcode=0x0000000b
[  194.715520] SMP: stopping secondary CPUs
[  194.719084] Kernel Offset: disabled
[  194.719853] CPU features: 0x0002,20006000
[  194.722662] Memory Limit: none
[  194.724643] ---[ end Kernel panic - not syncing: Attempted to kill init! exitcode=0x0000000b ]---
