[  192.955727] Unable to handle kernel NULL pointer dereference at virtual address 0000000000000170
[  192.959650] Mem abort info:
[  192.960266]   ESR = 0x96000046
[  192.960775]   EC = 0x25: DABT (current EL), IL = 32 bits
[  192.961749]   SET = 0, FnV = 0
[  192.967402]   EA = 0, S1PTW = 0
[  192.969823] Data abort info:
[  192.971142]   ISV = 0, ISS = 0x00000046
[  192.971599]   CM = 0, WnR = 1
[  192.972038] user pgtable: 4k pages, 48-bit VAs, pgdp=00000000b1a43000
[  192.972700] [0000000000000170] pgd=00000000b2787003, pud=00000000b279e003, pmd=0000000000000000
[  192.977710] Internal error: Oops: 96000046 [#1] PREEMPT SMP
[  192.980622] Modules linked in:
[  192.984989] CPU: 1 PID: 493 Comm: python3 Not tainted 5.4.18 #2
[  192.987025] Hardware name: linux,dummy-virt (DT)
[  192.989412] pstate: 60000005 (nZCv daif -PAN -UAO)
[  192.996324] pc : skb_put+0x28/0x60
[  192.999015] lr : __ip_append_data.isra.0+0x7e0/0xc30
[  192.999433] sp : ffff800011d7b9e0
[  192.999796] x29: ffff800011d7b9e0 x28: ffff00007a89c130 
[  193.000469] x27: 000000000000001a x26: 0000000000000000 
[  193.000869] x25: ffff00007b22aa80 x24: ffff00007a826180 
[  193.001255] x23: ffff800011d7bd80 x22: 0000000000000000 
[  193.001572] x21: 0000000000000000 x20: 0000000000000000 
[  193.001912] x19: 0000000000000000 x18: 0000000000000000 
[  193.002525] x17: 0000000000000000 x16: 0000000000000000 
[  193.003053] x15: 0000000000000001 x14: 0000000000000000 
[  193.004875] x13: 0000000000000006 x12: 00000000c0a80164 
[  193.005726] x11: 0000000000000000 x10: 0000000000000068 
[  193.008058] x9 : 0000000000000000 x8 : ffff0000797d6d00 
[  193.008880] x7 : 0000000000000001 x6 : 0000000000000000 
[  193.013182] x5 : ffff0000770f8010 x4 : 000000000000002e 
[  193.019485] x3 : 000000000000003e x2 : 00000000000000c0 
[  193.021642] x1 : 000000000000002e x0 : ffff0000797d6d00 
[  193.026090] Call trace:
[  193.027527]  skb_put+0x28/0x60
[  193.027926]  ip_make_skb+0xec/0x140
[  193.028276]  udp_sendmsg+0x6ec/0x860
[  193.028615]  inet_sendmsg+0x40/0x68
[  193.028937]  __sys_sendto+0xd4/0x150
[  193.029265]  __arm64_sys_sendto+0x24/0x30
[  193.029666]  el0_svc_common.constprop.0+0x68/0x160
[  193.031174]  el0_svc_handler+0x20/0x80
[  193.032309]  el0_svc+0x8/0xc
[  193.036014] Code: 0b030023 b940b402 0b0100c4 b9007004 (b900b043) 
[  193.038792] ---[ end trace 3ee803d521f14672 ]---
[  193.145514] Unable to handle kernel NULL pointer dereference at virtual address 0000000000000370
[  193.150051] Mem abort info:
[  193.152094]   ESR = 0x96000044
[  193.152957]   EC = 0x25: DABT (current EL), IL = 32 bits
[  193.156239]   SET = 0, FnV = 0
[  193.156751]   EA = 0, S1PTW = 0
[  193.158843] Data abort info:
[  193.159833]   ISV = 0, ISS = 0x00000044
[  193.160368]   CM = 0, WnR = 1
[  193.160944] user pgtable: 4k pages, 48-bit VAs, pgdp=00000000ba6cb000
[  193.161355] [0000000000000370] pgd=0000000000000000
[  193.161734] Internal error: Oops: 96000044 [#2] PREEMPT SMP
[  193.168283] Modules linked in:
[  193.173720] CPU: 5 PID: 1 Comm: systemd Tainted: G      D           5.4.18 #2
[  193.183476] Hardware name: linux,dummy-virt (DT)
[  193.191343] pstate: 40000005 (nZcv daif -PAN -UAO)
[  193.193445] pc : skb_put+0x28/0x60
[  193.205433] lr : unix_dgram_sendmsg+0x13c/0x568
[  193.207355] sp : ffff80001005bb30
[  193.212105] x29: ffff80001005bb30 x28: 0000000000000000 
[  193.218208] x27: ffff000077171300 x26: ffff80001005be00 
[  193.221351] x25: 0000000000000000 x24: 0000000000000000 
[  193.222102] x23: ffff00007a830800 x22: ffff000079509000 
[  193.224678] x21: 0000000000000164 x20: ffff00007844c600 
[  193.225695] x19: ffff00007b0a8000 x18: 0000000000000000 
[  193.229505] x17: 0000000000000000 x16: 0000000000000000 
[  193.233543] x15: 0000000000000000 x14: 0000ffff9fd1a2f9 
[  193.236987] x13: 0000000000000010 x12: 0000aaaada1d07c0 
[  193.244480] x11: 0000000000000001 x10: 0000000000400100 
[  193.246822] x9 : ffff00007b0a8000 x8 : 0000ffffffffffff 
[  193.255968] x7 : 0000000000000001 x6 : 0000000000000000 
[  193.258025] x5 : ffff00007a66d000 x4 : 0000000000000164 
[  193.261487] x3 : 0000000000000164 x2 : 00000000000002c0 
[  193.268895] x1 : 0000000000000164 x0 : ffff000077171300 
[  193.273235] Call trace:
[  193.274355]  skb_put+0x28/0x60
[  193.281651]  ____sys_sendmsg+0x240/0x280
[  193.283145]  ___sys_sendmsg+0x80/0xe0
[  193.287117]  __sys_sendmsg+0x64/0xc0
[  193.289305]  __arm64_sys_sendmsg+0x20/0x28
[  193.291639]  el0_svc_common.constprop.0+0x68/0x160
[  193.293356]  el0_svc_handler+0x20/0x80
[  193.296468]  el0_svc+0x8/0xc
[  193.299704] Code: 0b030023 b940b402 0b0100c4 b9007004 (b900b043) 
[  193.307066] ---[ end trace 3ee803d521f14673 ]---
[  193.316587] Kernel panic - not syncing: Attempted to kill init! exitcode=0x0000000b
[  193.328302] SMP: stopping secondary CPUs
[  193.332474] Kernel Offset: disabled
[  193.335077] CPU features: 0x0002,20006000
[  193.338751] Memory Limit: none
[  193.341712] ---[ end Kernel panic - not syncing: Attempted to kill init! exitcode=0x0000000b ]---
