[  206.180962] Unable to handle kernel NULL pointer dereference at virtual address 000000000000009e
[  206.185808] Mem abort info:
[  206.186086]   ESR = 0x96000006
[  206.186366]   EC = 0x25: DABT (current EL), IL = 32 bits
[  206.186838]   SET = 0, FnV = 0
[  206.187075]   EA = 0, S1PTW = 0
[  206.187429] Data abort info:
[  206.189936]   ISV = 0, ISS = 0x00000006
[  206.190757]   CM = 0, WnR = 0
[  206.193132] user pgtable: 4k pages, 48-bit VAs, pgdp=00000000b16d2000
[  206.197154] [000000000000009e] pgd=00000000b7006003, pud=00000000b7090003, pmd=0000000000000000
[  206.215338] Internal error: Oops: 96000006 [#1] PREEMPT SMP
[  206.217884] Modules linked in:
[  206.223172] CPU: 6 PID: 494 Comm: python3 Not tainted 5.4.18 #2
[  206.225029] Hardware name: linux,dummy-virt (DT)
[  206.227005] pstate: 60000005 (nZCv daif -PAN -UAO)
[  206.233678] pc : skb_put+0x14/0x60
[  206.234465] lr : __ip_append_data.isra.0+0x7e0/0xc30
[  206.235786] sp : ffff800011f539e0
[  206.237520] x29: ffff800011f539e0 x28: ffff00007b2bb330 
[  206.239110] x27: 000000000000001a x26: 0000000000000000 
[  206.240450] x25: ffff00007a4b9100 x24: ffff00007723f180 
[  206.241350] x23: ffff800011f53d80 x22: 0000000000000000 
[  206.242567] x21: 0000000000000000 x20: 0000000000000000 
[  206.243458] x19: 0000000000000000 x18: 0000000000000000 
[  206.245751] x17: 0000000000000000 x16: 0000000000000000 
[  206.246242] x15: 0000000000000001 x14: 0000000000000000 
[  206.246562] x13: 0000000000000006 x12: 00000000c0a80164 
[  206.246858] x11: 0000000000000000 x10: 0000000000000068 
[  206.247247] x9 : 0000000000000000 x8 : ffff000078315b00 
[  206.247626] x7 : 0000000000000001 x6 : 0000000000000000 
[  206.248035] x5 : ffff000077208410 x4 : 000000000000002e 
[  206.248308] x3 : 0000000000000010 x2 : 0000000000000010 
[  206.248593] x1 : 000000000000002e x0 : ffff000078315b00 
[  206.251817] Call trace:
[  206.253447]  skb_put+0x14/0x60
[  206.257374]  ip_make_skb+0xec/0x140
[  206.257988]  udp_sendmsg+0x6ec/0x860
[  206.258886]  inet_sendmsg+0x40/0x68
[  206.261191]  __sys_sendto+0xd4/0x150
[  206.264592]  __arm64_sys_sendto+0x24/0x30
[  206.265545]  el0_svc_common.constprop.0+0x68/0x160
[  206.267474]  el0_svc_handler+0x20/0x80
[  206.267704]  el0_svc+0x8/0xc
[  206.276101] Code: f9405c05 b940b003 8b2340a5 35000166 (b9407026) 
[  206.278559] ---[ end trace ce179f7527ade0a4 ]---
[  206.412695] Unable to handle kernel NULL pointer dereference at virtual address 00000000000001d4
[  206.418608] Mem abort info:
[  206.418741]   ESR = 0x96000004
[  206.421528]   EC = 0x25: DABT (current EL), IL = 32 bits
[  206.421767]   SET = 0, FnV = 0
[  206.421884]   EA = 0, S1PTW = 0
[  206.422107] Data abort info:
[  206.422499]   ISV = 0, ISS = 0x00000004
[  206.422810]   CM = 0, WnR = 0
[  206.423116] user pgtable: 4k pages, 48-bit VAs, pgdp=00000000ba960000
[  206.425254] [00000000000001d4] pgd=0000000000000000
[  206.427535] Internal error: Oops: 96000004 [#2] PREEMPT SMP
[  206.442938] Modules linked in:
[  206.444983] CPU: 0 PID: 1 Comm: systemd Tainted: G      D           5.4.18 #2
[  206.449776] Hardware name: linux,dummy-virt (DT)
[  206.450200] pstate: 40000005 (nZcv daif -PAN -UAO)
[  206.450678] pc : skb_put+0x14/0x60
[  206.451442] lr : unix_dgram_sendmsg+0x13c/0x568
[  206.452780] sp : ffff80001005bb30
[  206.453907] x29: ffff80001005bb30 x28: 0000000000000000 
[  206.454695] x27: ffff00007b215600 x26: ffff80001005be00 
[  206.457489] x25: 0000000000000000 x24: 0000000000000000 
[  206.458750] x23: ffff00007a8c0c00 x22: ffff000078140800 
[  206.460621] x21: 0000000000000164 x20: ffff000078468900 
[  206.461541] x19: ffff00007b0a8000 x18: 0000000000000000 
[  206.464140] x17: 0000000000000000 x16: 0000000000000000 
[  206.471115] x15: 0000000000000000 x14: 0000ffffa24bf2f9 
[  206.473693] x13: 0000000000000010 x12: 0000aaaaaf88f310 
[  206.475418] x11: 0000000000000001 x10: 0000000000400100 
[  206.479487] x9 : ffff00007b0a8000 x8 : 0000ffffffffffff 
[  206.481306] x7 : 0000000000000001 x6 : 0000000000000000 
[  206.482988] x5 : ffff000071403000 x4 : ffff00007814093c 
[  206.487093] x3 : 0000000000000000 x2 : 00000000ffffffff 
[  206.490122] x1 : 0000000000000164 x0 : ffff00007b215600 
[  206.491099] Call trace:
[  206.491602]  skb_put+0x14/0x60
[  206.494573]  ____sys_sendmsg+0x240/0x280
[  206.495494]  ___sys_sendmsg+0x80/0xe0
[  206.497104]  __sys_sendmsg+0x64/0xc0
[  206.497275]  __arm64_sys_sendmsg+0x20/0x28
[  206.497453]  el0_svc_common.constprop.0+0x68/0x160
[  206.497664]  el0_svc_handler+0x20/0x80
[  206.497820]  el0_svc+0x8/0xc
[  206.497996] Code: f9405c05 b940b003 8b2340a5 35000166 (b9407026) 
[  206.502746] ---[ end trace ce179f7527ade0a5 ]---
[  206.517195] Kernel panic - not syncing: Attempted to kill init! exitcode=0x0000000b
[  206.523044] SMP: stopping secondary CPUs
[  206.529787] Kernel Offset: disabled
[  206.531136] CPU features: 0x0002,20006000
[  206.532632] Memory Limit: none
[  206.536581] ---[ end Kernel panic - not syncing: Attempted to kill init! exitcode=0x0000000b ]---
