[  193.124483] skbuff: skb_over_panic: text:0000000036682d62 len:28 put:28 head:00000000eb47c9e8 data:00000000eb47c9e8 tail:0x1c end:0xc0 dev:<NULL>
[  193.129105] kernel BUG at net/core/skbuff.c:108!
[  193.130159] Internal error: Oops - BUG: 0 [#1] PREEMPT SMP
[  193.133165] Modules linked in:
[  193.162594] CPU: 4 PID: 0 Comm: swapper/4 Not tainted 5.4.18 #2
[  193.164648] Hardware name: linux,dummy-virt (DT)
[  193.168728] pstate: 60000005 (nZCv daif -PAN -UAO)
[  193.172875] pc : skb_panic+0x54/0x58
[  193.173548] lr : skb_panic+0x54/0x58
[  193.174252] sp : ffff800010023c50
[  193.175037] x29: ffff800010023c60 x28: ffff800010023e80 
[  193.179147] x27: 0000000000000000 x26: ffff000078386650 
[  193.188943] x25: 000000000000001c x24: 0000000000000000 
[  193.189464] x23: 0000000000000000 x22: 0000000000000000 
[  193.190053] x21: 000000000000001c x20: 000000000000000c 
[  193.190545] x19: ffff000078386600 x18: 0000000000000010 
[  193.191016] x17: 0000000000000000 x16: 0000000000000000 
[  193.191459] x15: ffff00007b0c4a70 x14: 3c3a766564203063 
[  193.194525] x13: 78303a646e652063 x12: 3178303a6c696174 
[  193.195215] x11: 2038653963373462 x10: 6530303030303030 
[  193.195718] x9 : 303a617461642038 x8 : ffff800011993000 
[  193.197942] x7 : ffff800010691a68 x6 : 000000000000014c 
[  193.199456] x5 : 0000000000000000 x4 : 0000000000000010 
[  193.199959] x3 : ffff8000117bca98 x2 : 0000000000000000 
[  193.200436] x1 : 0000000000000000 x0 : 0000000000000085 
[  193.201264] Call trace:
[  193.201861]  skb_panic+0x54/0x58
[  193.202295]  pskb_put+0x0/0x38
[  193.203239]  __nlmsg_put+0x3c/0x88
[  193.204071]  neigh_fill_info+0x64/0x298
[  193.204531]  __neigh_notify+0x60/0xe0
[  193.204844]  neigh_timer_handler+0xc8/0x288
[  193.205150]  call_timer_fn.isra.0+0x20/0x78
[  193.205428]  run_timer_softirq+0x1a0/0x410
[  193.205781]  __do_softirq+0x124/0x240
[  193.206031]  irq_exit+0xb8/0xd8
[  193.206242]  __handle_domain_irq+0x64/0xb8
[  193.207241]  gic_handle_irq+0x50/0xa0
[  193.208205]  el1_irq+0xb8/0x180
[  193.208635]  arch_cpu_idle+0x10/0x18
[  193.209053]  do_idle+0x204/0x288
[  193.209445]  cpu_startup_entry+0x24/0x40
[  193.210021]  secondary_start_kernel+0x154/0x190
[  193.212776] Code: f90007e9 b940b508 f90003e8 97d8dd19 (d4210000) 
[  193.217380] ---[ end trace eecb98fbed1a1d48 ]---
[  193.219277] Kernel panic - not syncing: Fatal exception in interrupt
[  193.221230] SMP: stopping secondary CPUs
[  193.223523] Kernel Offset: disabled
[  193.224390] CPU features: 0x0002,20006000
[  193.226258] Memory Limit: none
[  193.228488] ---[ end Kernel panic - not syncing: Fatal exception in interrupt ]---
