[  193.699794] Unable to handle kernel NULL pointer dereference at virtual address 0000000000000074
[  193.714705] Mem abort info:
[  193.722547]   ESR = 0x96000006
[  193.728190]   EC = 0x25: DABT (current EL), IL = 32 bits
[  193.729646]   SET = 0, FnV = 0
[  193.730010]   EA = 0, S1PTW = 0
[  193.730349] Data abort info:
[  193.730764]   ISV = 0, ISS = 0x00000006
[  193.731072]   CM = 0, WnR = 0
[  193.761281] user pgtable: 4k pages, 48-bit VAs, pgdp=00000000b36ca000
[  193.762653] [0000000000000074] pgd=00000000b0885003, pud=00000000b36b2003, pmd=0000000000000000
[  193.772792] Internal error: Oops: 96000006 [#1] PREEMPT SMP
[  193.774503] Modules linked in:
[  193.775808] CPU: 7 PID: 494 Comm: python3 Not tainted 5.4.18 #2
[  193.776554] Hardware name: linux,dummy-virt (DT)
[  193.777304] pstate: 60000005 (nZCv daif -PAN -UAO)
[  193.779212] pc : skb_put+0x0/0x60
[  193.779534] lr : __ip_append_data.isra.0+0x7e0/0xc30
[  193.780153] sp : ffff800011fa39e0
[  193.781506] x29: ffff800011fa39e0 x28: ffff00007815dd30 
[  193.782048] x27: 000000000000001a x26: 0000000000000000 
[  193.782565] x25: ffff000078171dc0 x24: ffff00007aa0c000 
[  193.783004] x23: ffff800011fa3d80 x22: 0000000000000000 
[  193.783876] x21: 0000000000000000 x20: 0000000000000000 
[  193.784845] x19: 0000000000000000 x18: 0000000000000000 
[  193.786114] x17: 0000000000000000 x16: 0000000000000000 
[  193.788411] x15: 0000000000000001 x14: 0000000000000000 
[  193.788833] x13: 0000000000000006 x12: 00000000c0a80164 
[  193.789160] x11: 0000000000000000 x10: 0000000000000068 
[  193.790969] x9 : 0000000000000000 x8 : ffff0000771d9900 
[  193.791640] x7 : 0000000000000001 x6 : 0000000000000010 
[  193.792692] x5 : 0000000000000000 x4 : 000000000000002e 
[  193.794262] x3 : 0000000000000060 x2 : 0000000000000010 
[  193.797465] x1 : 000000000000002e x0 : ffff0000771d9900 
[  193.798877] Call trace:
[  193.800932]  skb_put+0x0/0x60
[  193.801693]  ip_make_skb+0xec/0x140
[  193.802786]  udp_sendmsg+0x6ec/0x860
[  193.803302]  inet_sendmsg+0x40/0x68
[  193.803583]  __sys_sendto+0xd4/0x150
[  193.803860]  __arm64_sys_sendto+0x24/0x30
[  193.807247]  el0_svc_common.constprop.0+0x68/0x160
[  193.807655]  el0_svc_handler+0x20/0x80
[  193.808192]  el0_svc+0x8/0xc
[  193.810737] Code: 97e59d5c 72001c1f 54fffd81 17ffffef (b9407606) 
[  193.814469] ---[ end trace a489768812247888 ]---
[  193.881932] Unable to handle kernel NULL pointer dereference at virtual address 0000000000000074
[  193.886932] Mem abort info:
[  193.889856]   ESR = 0x96000004
[  193.890539]   EC = 0x25: DABT (current EL), IL = 32 bits
[  193.890889]   SET = 0, FnV = 0
[  193.891124]   EA = 0, S1PTW = 0
[  193.895765] Data abort info:
[  193.897837]   ISV = 0, ISS = 0x00000004
[  193.901019]   CM = 0, WnR = 0
[  193.903231] user pgtable: 4k pages, 48-bit VAs, pgdp=00000000b9432000
[  193.906433] [0000000000000074] pgd=0000000000000000
[  193.909691] Internal error: Oops: 96000004 [#2] PREEMPT SMP
[  193.910083] Modules linked in:
[  193.910700] CPU: 5 PID: 1 Comm: systemd Tainted: G      D           5.4.18 #2
[  193.913904] Hardware name: linux,dummy-virt (DT)
[  193.914504] pstate: 40000005 (nZcv daif -PAN -UAO)
[  193.915776] pc : skb_put+0x0/0x60
[  193.918297] lr : unix_dgram_sendmsg+0x13c/0x568
[  193.919194] sp : ffff80001005bb30
[  193.920487] x29: ffff80001005bb30 x28: 0000000000000000 
[  193.921489] x27: ffff00007a595900 x26: ffff80001005be00 
[  193.922043] x25: 0000000000000000 x24: 0000000000000000 
[  193.922271] x23: ffff000079778c00 x22: ffff0000797f8800 
[  193.922502] x21: 0000000000000164 x20: ffff00007ac40900 
[  193.922714] x19: ffff00007b0a8000 x18: 0000000000000000 
[  193.924150] x17: 0000000000000000 x16: 0000000000000000 
[  193.925496] x15: 0000000000000000 x14: 0000ffffb450b2f9 
[  193.926242] x13: 0000000000000010 x12: 0000aaaafbf8db90 
[  193.927527] x11: 0000000000000001 x10: 0000000000400100 
[  193.929028] x9 : ffff00007b0a8000 x8 : 0000ffffffffffff 
[  193.929952] x7 : 0000000000000001 x6 : 0000000000000501 
[  193.931257] x5 : 0000000000000500 x4 : ffff0000797f893c 
[  193.931586] x3 : 0000000000000001 x2 : 00000000ffffffff 
[  193.931998] x1 : 0000000000000164 x0 : ffff00007a595900 
[  193.933161] Call trace:
[  193.933911]  skb_put+0x0/0x60
[  193.934253]  ____sys_sendmsg+0x240/0x280
[  193.934541]  ___sys_sendmsg+0x80/0xe0
[  193.934979]  __sys_sendmsg+0x64/0xc0
[  193.941217]  __arm64_sys_sendmsg+0x20/0x28
[  193.942302]  el0_svc_common.constprop.0+0x68/0x160
[  193.944660]  el0_svc_handler+0x20/0x80
[  193.946135]  el0_svc+0x8/0xc
[  193.946476] Code: 97e59d5c 72001c1f 54fffd81 17ffffef (b9407606) 
[  193.949163] ---[ end trace a489768812247889 ]---
[  193.950542] Kernel panic - not syncing: Attempted to kill init! exitcode=0x0000000b
[  193.952963] SMP: stopping secondary CPUs
[  193.954594] Kernel Offset: disabled
[  193.954995] CPU features: 0x0002,20006000
[  193.955297] Memory Limit: none
[  193.956986] ---[ end Kernel panic - not syncing: Attempted to kill init! exitcode=0x0000000b ]---
