[  194.225010] kernel BUG at arch/arm64/kernel/traps.c:405!
[  194.232052] Internal error: Oops - BUG: 0 [#1] PREEMPT SMP
[  194.233174] Modules linked in:
[  194.236533] CPU: 7 PID: 492 Comm: python3 Not tainted 5.4.18 #2
[  194.236982] Hardware name: linux,dummy-virt (DT)
[  194.237908] pstate: 00000005 (nzcv daif -PAN -UAO)
[  194.242023] pc : do_undefinstr+0x2ec/0x310
[  194.242624] lr : do_undefinstr+0x1e0/0x310
[  194.243199] sp : ffff800011eeb840
[  194.243687] x29: ffff800011eeb840 x28: ffff000079697000 
[  194.244484] x27: 000000000000001a x26: 0000000000000000 
[  194.244773] x25: ffff00007b226a40 x24: 0000000000000000 
[  194.245032] x23: 0000000060000005 x22: ffff800010afeb68 
[  194.245279] x21: ffff800011eeb9e0 x20: ffff000079697000 
[  194.245525] x19: ffff800011eeb8a0 x18: 0000000000000000 
[  194.245769] x17: 0000000000000000 x16: 0000000000000000 
[  194.246042] x15: 0000000000000001 x14: 0000000000000000 
[  194.246278] x13: 0000000000000006 x12: 00000000c0a80164 
[  194.246508] x11: 0000000000000000 x10: 0000000000000068 
[  194.246730] x9 : 0000000000000000 x8 : ffff0000797ffe00 
[  194.246951] x7 : 0000000000000001 x6 : ffff800011eeb898 
[  194.247172] x5 : 00000000d5300000 x4 : ffff8000117c51f0 
[  194.247417] x3 : 00000000b9c00000 x2 : 0000000000000000 
[  194.247664] x1 : ffff000079697000 x0 : 0000000060000005 
[  194.248342] Call trace:
[  194.248649]  do_undefinstr+0x2ec/0x310
[  194.249080]  el1_undef+0x10/0x84
[  194.249543]  skb_put+0x0/0x60
[  194.249961]  ip_make_skb+0xec/0x140
[  194.250209]  udp_sendmsg+0x6ec/0x860
[  194.250466]  inet_sendmsg+0x40/0x68
[  194.250837]  __sys_sendto+0xd4/0x150
[  194.251146]  __arm64_sys_sendto+0x24/0x30
[  194.251433]  el0_svc_common.constprop.0+0x68/0x160
[  194.251746]  el0_svc_handler+0x20/0x80
[  194.252016]  el0_svc+0x8/0xc
[  194.253479] Code: f9401bf7 17ffff7c a9025bf5 f9001bf7 (d4210000) 
[  194.257159] ---[ end trace 2f21ace9b273c5d0 ]---
[  194.258856] note: python3[492] exited with preempt_count 1
[  194.355167] ------------[ cut here ]------------
[  194.356580] WARNING: CPU: 7 PID: 0 at kernel/rcu/tree.c:569 rcu_idle_enter+0x74/0x80
[  194.362906] Modules linked in:
[  194.368299] CPU: 7 PID: 0 Comm: swapper/7 Tainted: G      D           5.4.18 #2
[  194.373023] Hardware name: linux,dummy-virt (DT)
[  194.374752] pstate: 200003c5 (nzCv DAIF -PAN -UAO)
[  194.376717] pc : rcu_idle_enter+0x74/0x80
[  194.378040] lr : do_idle+0x200/0x288
[  194.379230] sp : ffff800011a7bf20
[  194.379574] ------------[ cut here ]------------
[  194.381468] x29: ffff800011a7bf20 x28: 0000000000000000 
[  194.381543] kernel BUG at arch/arm64/kernel/traps.c:405!
[  194.381933] Internal error: Oops - BUG: 0 [#2] PREEMPT SMP
[  194.383857] x27: 0000000000000000 x26: 0000000000000000 
[  194.384994] Modules linked in:
[  194.387398] x25: 0000000000000000 x24: ffff8000117ba214 
[  194.387553] x23: ffff00007b0c7000 x22: ffff800011404ab8 
[  194.387614] x21: ffff8000117ba1f0 x20: 0000000000000007 
[  194.392520] CPU: 3 PID: 1 Comm: systemd Tainted: G      D           5.4.18 #2
[  194.393952] x19: ffff8000117ba118 x18: 0000000000000010 
[  194.396112] Hardware name: linux,dummy-virt (DT)
[  194.396186] pstate: 00000005 (nzcv daif -PAN -UAO)
[  194.396610] x17: 0000000000000000 x16: 0000000000000000 
[  194.397583] pc : do_undefinstr+0x2ec/0x310
[  194.397627] lr : do_undefinstr+0x1e0/0x310
[  194.397656] sp : ffff80001005b990
[  194.397847] x29: ffff80001005b990 x28: ffff00007b0a8000 
[  194.398907] x15: ffff000079697470 x14: 0000000000000000 
[  194.400494] x27: ffff0000782ed200 x26: ffff80001005be00 
[  194.401745] x13: 0000000000000001 x12: 0000000000000001 
[  194.402688] x25: 0000000000000000 x24: 0000000000000000 
[  194.405859] x11: 0000000000000400 x10: 00000000000009c0 
[  194.406479] x23: 0000000040000005 x22: ffff800010afeb68 
[  194.407568] x9 : ffff800011a7be90 x8 : ffff00007b0c7a20 
[  194.408312] x21: ffff80001005bb30 x20: ffff00007b0a8000 
[  194.409088] x7 : 0000000000000007 x6 : 0000002e70650131 
[  194.409404] x19: ffff80001005b9f0 x18: 0000000000000000 
[  194.409661] x5 : 00ffffffffffffff x4 : ffff80006c7db000 
[  194.410428] x17: 0000000000000000 x16: 0000000000000000 
[  194.411068] x3 : 4000000000000002 x2 : 4000000000000000 
[  194.414188] x15: 0000000000000000 x14: 0000ffff926082f9 
[  194.417563] x1 : ffff800011406980 x0 : ffff00007dbe1980 
[  194.420160] x13: 0000000000000010 x12: 0000aaab006ca510 
[  194.420751] Call trace:
[  194.421339] x11: 0000000000000001 x10: 0000000000400100 
[  194.422602]  rcu_idle_enter+0x74/0x80
[  194.422952] x9 : ffff00007b0a8000 x8 : 0000ffffffffffff 
[  194.423414]  do_idle+0x200/0x288
[  194.423619] x7 : 0000000000000001 x6 : ffff80001005b9e8 
[  194.423902]  cpu_startup_entry+0x24/0x40
[  194.424488] x5 : 00000000d5300000 x4 : ffff8000117c51f0 
[  194.425134]  secondary_start_kernel+0x154/0x190
[  194.425236] x3 : 00000000b9c00000 x2 : 0000000000000000 
[  194.425570] ---[ end trace 2f21ace9b273c5d1 ]---
[  194.425695] x1 : ffff00007b0a8000 x0 : 0000000040000005 
[  194.430028] Call trace:
[  194.430761]  do_undefinstr+0x2ec/0x310
[  194.435715]  el1_undef+0x10/0x84
[  194.435983]  skb_put+0x0/0x60
[  194.445520]  ____sys_sendmsg+0x240/0x280
[  194.452194]  ___sys_sendmsg+0x80/0xe0
[  194.452849]  __sys_sendmsg+0x64/0xc0
[  194.466038]  __arm64_sys_sendmsg+0x20/0x28
[  194.469993]  el0_svc_common.constprop.0+0x68/0x160
[  194.470551]  el0_svc_handler+0x20/0x80
[  194.470858]  el0_svc+0x8/0xc
[  194.472075] Code: f9401bf7 17ffff7c a9025bf5 f9001bf7 (d4210000) 
[  194.475025] ---[ end trace 2f21ace9b273c5d2 ]---
[  194.475569] note: systemd[1] exited with preempt_count 1
[  194.484457] Kernel panic - not syncing: Attempted to kill init! exitcode=0x0000000b
[  194.486076] SMP: stopping secondary CPUs
[  194.489194] Kernel Offset: disabled
[  194.492636] CPU features: 0x0002,20006000
[  194.495522] Memory Limit: none
[  194.501832] ---[ end Kernel panic - not syncing: Attempted to kill init! exitcode=0x0000000b ]---
