[  195.573181] kernel BUG at arch/arm64/kernel/traps.c:405!
[  195.578335] Internal error: Oops - BUG: 0 [#1] PREEMPT SMP
[  195.580360] Modules linked in:
[  195.584529] CPU: 7 PID: 491 Comm: python3 Not tainted 5.4.18 #2
[  195.585598] Hardware name: linux,dummy-virt (DT)
[  195.589051] pstate: 00000005 (nzcv daif -PAN -UAO)
[  195.593004] pc : do_undefinstr+0x2ec/0x310
[  195.593745] lr : do_undefinstr+0x1e0/0x310
[  195.594466] sp : ffff800011f9b840
[  195.595053] x29: ffff800011f9b840 x28: ffff00007a80b800 
[  195.596030] x27: 000000000000001a x26: 0000000000000000 
[  195.597149] x25: ffff00007aa8a640 x24: 0000000000000000 
[  195.597948] x23: 0000000060000005 x22: ffff800010afeb88 
[  195.598884] x21: ffff800011f9b9e0 x20: ffff00007a80b800 
[  195.599589] x19: ffff800011f9b8a0 x18: 0000000000000000 
[  195.600384] x17: 0000000000000000 x16: 0000000000000000 
[  195.601177] x15: 0000000000000001 x14: 0000000000000000 
[  195.602024] x13: 0000000000000006 x12: 00000000c0a80164 
[  195.603037] x11: 0000000000000000 x10: 0000000000000068 
[  195.603723] x9 : 0000000000000000 x8 : ffff00007aa48600 
[  195.604471] x7 : 0000000000000001 x6 : ffff800011f9b898 
[  195.605218] x5 : 00000000d5300000 x4 : ffff8000117c51f0 
[  195.605986] x3 : 0000000003000000 x2 : 0000000000000000 
[  195.606868] x1 : ffff00007a80b800 x0 : 0000000060000005 
[  195.608973] Call trace:
[  195.609806]  do_undefinstr+0x2ec/0x310
[  195.610476]  el1_undef+0x10/0x84
[  195.611181]  skb_put+0x20/0x60
[  195.611681]  ip_make_skb+0xec/0x140
[  195.612195]  udp_sendmsg+0x6ec/0x860
[  195.612837]  inet_sendmsg+0x40/0x68
[  195.613343]  __sys_sendto+0xd4/0x150
[  195.613836]  __arm64_sys_sendto+0x24/0x30
[  195.614381]  el0_svc_common.constprop.0+0x68/0x160
[  195.615326]  el0_svc_handler+0x20/0x80
[  195.615893]  el0_svc+0x8/0xc
[  195.618223] Code: f9401bf7 17ffff7c a9025bf5 f9001bf7 (d4210000) 
[  195.620255] ---[ end trace 8ed7d6c59c12545d ]---
[  195.620982] note: python3[491] exited with preempt_count 1
[  195.687660] ------------[ cut here ]------------
[  195.694549] WARNING: CPU: 7 PID: 0 at kernel/rcu/tree.c:569 rcu_idle_enter+0x74/0x80
[  195.699206] Modules linked in:
[  195.701448] CPU: 7 PID: 0 Comm: swapper/7 Tainted: G      D           5.4.18 #2
[  195.702062] Hardware name: linux,dummy-virt (DT)
[  195.703112] pstate: 200003c5 (nzCv DAIF -PAN -UAO)
[  195.705615] pc : rcu_idle_enter+0x74/0x80
[  195.705893] lr : do_idle+0x200/0x288
[  195.706208] sp : ffff800011a7bf20
[  195.706428] x29: ffff800011a7bf20 x28: 0000000000000000 
[  195.706787] x27: 0000000000000000 x26: 0000000000000000 
[  195.707276] x25: 0000000000000000 x24: ffff8000117ba214 
[  195.709085] x23: ffff00007b0c7000 x22: ffff800011404ab8 
[  195.709491] x21: ffff8000117ba1f0 x20: 0000000000000007 
[  195.709876] x19: ffff8000117ba118 x18: 0000000000000010 
[  195.710468] x17: 0000000000000000 x16: 0000000000000000 
[  195.712480] x15: 0000000000000127 x14: 0000000000000000 
[  195.713322] x13: 0000000000000001 
[  195.713372] ------------[ cut here ]------------
[  195.713384] x12: 0000000000000000 
[  195.715737] kernel BUG at arch/arm64/kernel/traps.c:405!
[  195.716241] Internal error: Oops - BUG: 0 [#2] PREEMPT SMP
[  195.716782] x11: 0000000000000400 x10: 00000000000009c0 
[  195.718792] Modules linked in:
[  195.719208] x9 : ffff800011a7be90 x8 : ffff00007b0c7a20 
[  195.720366] CPU: 6 PID: 1 Comm: systemd Tainted: G      D           5.4.18 #2
[  195.720851] x7 : 0000000000000000 x6 : 0000001409beb3b6 
[  195.722375] Hardware name: linux,dummy-virt (DT)
[  195.725078] x5 : 00ffffffffffffff x4 : ffff80006c7db000 
[  195.728300] pstate: 00000005 (nzcv daif -PAN -UAO)
[  195.729943] x3 : 4000000000000002 x2 : 4000000000000000 
[  195.732146] pc : do_undefinstr+0x2ec/0x310
[  195.733240] x1 : ffff800011406980 
[  195.734158] lr : do_undefinstr+0x1e0/0x310
[  195.734845] x0 : ffff00007dbe1980 
[  195.736013] sp : ffff80001005b990
[  195.736701] Call trace:
[  195.737143] x29: ffff80001005b990 x28: ffff00007b0a8000 
[  195.737791]  rcu_idle_enter+0x74/0x80
[  195.738432] x27: ffff000076d2dc00 x26: ffff80001005be00 
[  195.738852]  do_idle+0x200/0x288
[  195.741825] x25: 0000000000000000 x24: 0000000000000000 
[  195.742685]  cpu_startup_entry+0x20/0x40
[  195.744610] x23: 0000000040000005 x22: ffff800010afeb88 
[  195.745130]  secondary_start_kernel+0x154/0x190
[  195.745844] x21: ffff80001005bb30 x20: ffff00007b0a8000 
[  195.746857] ---[ end trace 8ed7d6c59c12545e ]---
[  195.746967] x19: ffff80001005b9f0 x18: 0000000000000000 
[  195.751442] x17: 0000000000000000 x16: 0000000000000000 
[  195.753521] ------------[ cut here ]------------
[  195.754942] x15: 0000000000000000 x14: 0000ffff9fe6e2f9 
[  195.758819] kernel BUG at arch/arm64/kernel/traps.c:405!
[  195.759259] x13: 0000000000000010 x12: 0000aaab17314460 
[  195.764007] x11: 0000000000000001 x10: 0000000000400100 
[  195.764410] x9 : ffff00007b0a8000 x8 : 0000ffffffffffff 
[  195.766314] x7 : 0000000000000001 x6 : ffff80001005b9e8 
[  195.767205] x5 : 00000000d5300000 x4 : ffff8000117c51f0 
[  195.769766] x3 : 0000000003000000 x2 : 0000000000000000 
[  195.770686] x1 : ffff00007b0a8000 x0 : 0000000040000005 
[  195.771751] Call trace:
[  195.773797]  do_undefinstr+0x2ec/0x310
[  195.774094]  el1_undef+0x10/0x84
[  195.775382]  skb_put+0x20/0x60
[  195.776308]  ____sys_sendmsg+0x240/0x280
[  195.778021]  ___sys_sendmsg+0x80/0xe0
[  195.778885]  __sys_sendmsg+0x64/0xc0
[  195.779203]  __arm64_sys_sendmsg+0x20/0x28
[  195.782586]  el0_svc_common.constprop.0+0x68/0x160
[  195.784194]  el0_svc_handler+0x20/0x80
[  195.785747]  el0_svc+0x8/0xc
[  195.786899] Code: f9401bf7 17ffff7c a9025bf5 f9001bf7 (d4210000) 
[  195.794331] ---[ end trace 8ed7d6c59c12545f ]---
[  195.796554] note: systemd[1] exited with preempt_count 1
[  195.796581] Internal error: Oops - BUG: 0 [#3] PREEMPT SMP
[  195.796624] Modules linked in:
[  195.799345] CPU: 7 PID: 0 Comm: swapper/7 Tainted: G      D W         5.4.18 #2
[  195.799971] Kernel panic - not syncing: Attempted to kill init! exitcode=0x0000000b
[  195.802127] Hardware name: linux,dummy-virt (DT)
[  195.803221] pstate: 00000005 (nzcv daif -PAN -UAO)
[  195.803569] pc : do_undefinstr+0x2ec/0x310
[  195.803982] lr : do_undefinstr+0x1e0/0x310
[  195.804907] sp : ffff80001003bae0
[  195.805097] x29: ffff80001003bae0 x28: ffff00007b0c7000 
[  195.805269] SMP: stopping secondary CPUs
[  195.805522] x27: 000000006e01a8c0 x26: 000000006401a8c0 
[  195.806260] x25: 0000000000000806 x24: 0000000000000000 
[  195.807195] x23: 0000000060000005 x22: ffff800010afeb88 
[  195.810415] x21: ffff80001003bc80 x20: ffff00007b0c7000 
[  195.813384] x19: ffff80001003bb40 x18: 0000000000000010 
[  195.815612] x17: 0000000000000000 x16: 0000000000000000 
[  195.817350] x15: 0000000000000127 x14: 003d09416b9ff51c 
[  195.819891] x13: 0000000000000000 x12: 0000000000000002 
[  195.820508] x11: 0000000000000000 x10: 0200000000000000 
[  195.821466] x9 : 0000000000000001 x8 : 000000000000000e 
[  195.822818] x7 : 0000000000000000 x6 : ffff80001003bb38 
[  195.824409] x5 : 00000000d5300000 x4 : ffff8000117c51f0 
[  195.825243] x3 : 0000000003000000 x2 : 0000000000000000 
[  195.826509] x1 : ffff00007b0c7000 x0 : 0000000060000005 
[  195.828058] Call trace:
[  195.829158]  do_undefinstr+0x2ec/0x310
[  195.830019]  el1_undef+0x10/0x84
[  195.831155]  skb_put+0x20/0x60
[  195.831742]  arp_send_dst.part.0+0x14/0x88
[  195.833506]  arp_solicit+0x16c/0x220
[  195.834297]  neigh_probe+0x54/0x98
[  195.834891]  neigh_timer_handler+0xa4/0x288
[  195.835290]  call_timer_fn.isra.0+0x20/0x78
[  195.835621]  run_timer_softirq+0x1a0/0x410
[  195.836637]  __do_softirq+0x124/0x240
[  195.838717]  irq_exit+0xb8/0xd8
[  195.839235]  __handle_domain_irq+0x64/0xb8
[  195.839856]  gic_handle_irq+0x50/0xa0
[  195.840887]  el1_irq+0xb8/0x180
[  195.841644]  default_idle_call+0x28/0x30
[  195.842791]  cpu_startup_entry+0x20/0x40
[  195.844141]  secondary_start_kernel+0x154/0x190
[  195.845158] Code: f9401bf7 17ffff7c a9025bf5 f9001bf7 (d4210000) 
[  195.847259] ---[ end trace 8ed7d6c59c125460 ]---
[  195.848830] Kernel Offset: disabled
[  195.850882] CPU features: 0x0002,20006000
[  195.852688] Memory Limit: none
[  195.854672] ---[ end Kernel panic - not syncing: Attempted to kill init! exitcode=0x0000000b ]---
