[  192.441786] kernel BUG at arch/arm64/kernel/traps.c:405!
[  192.444862] Internal error: Oops - BUG: 0 [#1] PREEMPT SMP
[  192.445821] Modules linked in:
[  192.448117] CPU: 7 PID: 494 Comm: python3 Not tainted 5.4.18 #2
[  192.448599] Hardware name: linux,dummy-virt (DT)
[  192.451568] pstate: 00000005 (nzcv daif -PAN -UAO)
[  192.458086] pc : do_undefinstr+0x2ec/0x310
[  192.459006] lr : do_undefinstr+0x1e0/0x310
[  192.459858] sp : ffff800011f5b840
[  192.460704] x29: ffff800011f5b840 x28: ffff000070760000 
[  192.462017] x27: 000000000000001a x26: 0000000000000000 
[  192.463075] x25: ffff000076169980 x24: 0000000000000000 
[  192.464507] x23: 0000000080000005 x22: ffff800010afeba0 
[  192.466584] x21: ffff800011f5b9e0 x20: ffff000070760000 
[  192.467213] x19: ffff800011f5b8a0 x18: 0000000000000000 
[  192.467841] x17: 0000000000000000 x16: 0000000000000000 
[  192.468463] x15: 0000000000000001 x14: 0000000000000000 
[  192.469166] x13: 0000000000000006 x12: 00000000c0a80164 
[  192.470571] x11: 0000000000000000 x10: 0000000000000068 
[  192.471865] x9 : 0000000000000000 x8 : ffff000079b44f00 
[  192.472840] x7 : 0000000000000001 x6 : ffff800011f5b898 
[  192.473837] x5 : 00000000d5300000 x4 : ffff8000117c51f0 
[  192.474733] x3 : 00000000d4500000 x2 : 0000000000000000 
[  192.476056] x1 : ffff000070760000 x0 : 0000000080000005 
[  192.478018] Call trace:
[  192.478880]  do_undefinstr+0x2ec/0x310
[  192.481325]  el1_undef+0x10/0x84
[  192.482439]  skb_put+0x38/0x60
[  192.482877]  ip_make_skb+0xec/0x140
[  192.483354]  udp_sendmsg+0x6ec/0x860
[  192.483851]  inet_sendmsg+0x40/0x68
[  192.484967]  __sys_sendto+0xd4/0x150
[  192.485651]  __arm64_sys_sendto+0x24/0x30
[  192.486415]  el0_svc_common.constprop.0+0x68/0x160
[  192.487288]  el0_svc_handler+0x20/0x80
[  192.487949]  el0_svc+0x8/0xc
[  192.490018] Code: f9401bf7 17ffff7c a9025bf5 f9001bf7 (d4210000) 
[  192.494970] ---[ end trace 56c13a50614ffb4b ]---
[  192.498234] note: python3[494] exited with preempt_count 1
[  192.599150] ------------[ cut here ]------------
[  192.603492] WARNING: CPU: 7 PID: 0 at kernel/rcu/tree.c:569 rcu_idle_enter+0x74/0x80
[  192.608046] Modules linked in:
[  192.613087] CPU: 7 PID: 0 Comm: swapper/7 Tainted: G      D           5.4.18 #2
[  192.623527] Hardware name: linux,dummy-virt (DT)
[  192.628101] pstate: 20000085 (nzCv daIf -PAN -UAO)
[  192.640486] pc : rcu_idle_enter+0x74/0x80
[  192.647341] lr : do_idle+0x200/0x288
[  192.651767] sp : ffff800011a7bf20
[  192.655595] x29: ffff800011a7bf20 x28: 0000000000000000 
[  192.659513] x27: 0000000000000000 x26: 0000000000000000 
[  192.665133] x25: 0000000000000000 x24: ffff8000117ba214 
[  192.668773] x23: ffff00007b0c7000 x22: ffff800011404ab8 
[  192.672508] x21: ffff8000117ba1f0 x20: 0000000000000007 
[  192.677060] x19: ffff8000117ba118 x18: 0000000000000000 
[  192.680115] x17: 0000000000000000 x16: 0000000000000000 
[  192.684538] x15: 0000000000000000 x14: 0000000000000000 
[  192.685586] x13: 0000000000000002 x12: 0000000000000000 
[  192.691429] x11: 0000000000000000 x10: 00000000000009c0 
[  192.697149] x9 : ffff800011a7be90 x8 : ffff00007b0c7a20 
[  192.699937] x7 : 00000000000003c5 x6 : 0000004899b4839f 
[  192.700676] x5 : 00ffffffffffffff x4 : ffff80006c7db000 
[  192.703157] x3 : 4000000000000002 x2 : 4000000000000000 
[  192.704552] x1 : ffff800011406980 x0 : ffff00007dbe1980 
[  192.708099] Call trace:
[  192.710002]  rcu_idle_enter+0x74/0x80
[  192.711025]  do_idle+0x200/0x288
[  192.713819]  cpu_startup_entry+0x20/0x40
[  192.716369]  secondary_start_kernel+0x154/0x190
[  192.718102] ---[ end trace 56c13a50614ffb4c ]---
[  192.782430] ------------[ cut here ]------------
[  192.783213] kernel BUG at arch/arm64/kernel/traps.c:405!
[  192.784105] Internal error: Oops - BUG: 0 [#2] PREEMPT SMP
[  192.786727] Modules linked in:
[  192.787419] CPU: 7 PID: 1 Comm: systemd Tainted: G      D W         5.4.18 #2
[  192.788011] Hardware name: linux,dummy-virt (DT)
[  192.794331] pstate: 00000005 (nzcv daif -PAN -UAO)
[  192.797510] pc : do_undefinstr+0x2ec/0x310
[  192.798556] lr : do_undefinstr+0x1e0/0x310
[  192.799142] sp : ffff80001005b990
[  192.799821] x29: ffff80001005b990 x28: ffff00007b0a8000 
[  192.802005] x27: ffff000079b44d00 x26: ffff80001005be00 
[  192.802619] x25: 0000000000000000 x24: 0000000000000000 
[  192.803194] x23: 0000000080000005 x22: ffff800010afeba0 
[  192.807240] x21: ffff80001005bb30 x20: ffff00007b0a8000 
[  192.808225] x19: ffff80001005b9f0 x18: 0000000000000000 
[  192.809919] x17: 0000000000000000 x16: 0000000000000000 
[  192.811847] x15: 0000000000000000 x14: 0000ffffac99a2f9 
[  192.814171] x13: 0000000000000010 x12: 0000aaaaef39bcf0 
[  192.814605] x11: 0000000000000000 x10: 0000000000400100 
[  192.815013] x9 : ffff00007b0a8000 x8 : 00000000ffffffff 
[  192.815362] x7 : 0000000000000001 x6 : ffff80001005b9e8 
[  192.815764] x5 : 00000000d5300000 x4 : ffff8000117c51f0 
[  192.818257] x3 : 00000000d4500000 x2 : 0000000000000000 
[  192.818969] x1 : ffff00007b0a8000 x0 : 0000000080000005 
[  192.819690] Call trace:
[  192.820207]  do_undefinstr+0x2ec/0x310
[  192.820593]  el1_undef+0x10/0x84
[  192.821781]  skb_put+0x38/0x60
[  192.823410]  ____sys_sendmsg+0x240/0x280
[  192.823836]  ___sys_sendmsg+0x80/0xe0
[  192.824320]  __sys_sendmsg+0x64/0xc0
[  192.825799]  __arm64_sys_sendmsg+0x20/0x28
[  192.828349]  el0_svc_common.constprop.0+0x68/0x160
[  192.831702]  el0_svc_handler+0x20/0x80
[  192.832446]  el0_svc+0x8/0xc
[  192.837161] Code: f9401bf7 17ffff7c a9025bf5 f9001bf7 (d4210000) 
[  192.849633] ---[ end trace 56c13a50614ffb4d ]---
[  192.855543] note: systemd[1] exited with preempt_count 1
[  192.860061] Kernel panic - not syncing: Attempted to kill init! exitcode=0x0000000b
[  192.867356] SMP: stopping secondary CPUs
[  192.869599] Kernel Offset: disabled
[  192.871851] CPU features: 0x0002,20006000
[  192.873847] Memory Limit: none
[  192.875498] ---[ end Kernel panic - not syncing: Attempted to kill init! exitcode=0x0000000b ]---
