[  195.139140] kernel BUG at arch/arm64/kernel/traps.c:405!
[  195.142047] Internal error: Oops - BUG: 0 [#1] PREEMPT SMP
[  195.144636] Modules linked in:
[  195.150255] CPU: 5 PID: 495 Comm: python3 Not tainted 5.4.18 #2
[  195.153671] Hardware name: linux,dummy-virt (DT)
[  195.159155] pstate: 00000005 (nzcv daif -PAN -UAO)
[  195.165822] pc : do_undefinstr+0x2ec/0x310
[  195.166842] lr : do_undefinstr+0x1e0/0x310
[  195.167773] sp : ffff800011e537f0
[  195.168492] x29: ffff800011e537f0 x28: ffff0000781e3800 
[  195.170495] x27: ffff800011e53d80 x26: 0000000000000011 
[  195.171550] x25: 0000000000000012 x24: 0000000000000000 
[  195.172591] x23: 0000000060000005 x22: ffff800010b77d30 
[  195.173631] x21: ffff800011e53990 x20: ffff0000781e3800 
[  195.174764] x19: ffff800011e53850 x18: 0000000000000000 
[  195.175775] x17: 0000000000000000 x16: 0000000000000000 
[  195.176825] x15: 0000000000000001 x14: 0000000000000000 
[  195.177767] x13: 0000000000000006 x12: 00000000c0a80164 
[  195.178786] x11: 0000000000000000 x10: 0000000000000068 
[  195.179741] x9 : ffff0000781e3800 x8 : ffff800011e53c30 
[  195.180735] x7 : 0000000000000003 x6 : ffff800011e53848 
[  195.181683] x5 : 00000000d5300000 x4 : ffff8000117c51f0 
[  195.182701] x3 : 0000000063000000 x2 : 0000000000000000 
[  195.183650] x1 : ffff0000781e3800 x0 : 0000000060000005 
[  195.188059] Call trace:
[  195.190354]  do_undefinstr+0x2ec/0x310
[  195.191820]  el1_undef+0x10/0x84
[  195.192544]  ip_finish_output2+0x420/0x588
[  195.193405]  __ip_finish_output+0x1b0/0x1e0
[  195.194174]  ip_output+0xf4/0x1b0
[  195.194848]  ip_local_out+0x44/0x58
[  195.195539]  ip_send_skb+0x1c/0xa8
[  195.196266]  udp_send_skb.isra.0+0x11c/0x368
[  195.197334]  udp_sendmsg+0x710/0x860
[  195.198102]  inet_sendmsg+0x40/0x68
[  195.198882]  __sys_sendto+0xd4/0x150
[  195.199635]  __arm64_sys_sendto+0x24/0x30
[  195.201062]  el0_svc_common.constprop.0+0x68/0x160
[  195.202495]  el0_svc_handler+0x20/0x80
[  195.203340]  el0_svc+0x8/0xc
[  195.205791] Code: f9401bf7 17ffff7c a9025bf5 f9001bf7 (d4210000) 
[  195.214601] ---[ end trace 94bd9342c8882fdf ]---
[  195.219506] Kernel panic - not syncing: Fatal exception in interrupt
[  195.221126] SMP: stopping secondary CPUs
[  195.224040] Kernel Offset: disabled
[  195.224677] CPU features: 0x0002,20006000
[  195.225115] Memory Limit: none
[  195.227051] ---[ end Kernel panic - not syncing: Fatal exception in interrupt ]---
