[  193.599636] kernel BUG at arch/arm64/kernel/traps.c:405!
[  193.603500] Internal error: Oops - BUG: 0 [#1] PREEMPT SMP
[  193.605676] Modules linked in:
[  193.614557] CPU: 7 PID: 493 Comm: python3 Not tainted 5.4.18 #2
[  193.615704] Hardware name: linux,dummy-virt (DT)
[  193.618044] pstate: 00000005 (nzcv daif -PAN -UAO)
[  193.624255] pc : do_undefinstr+0x2ec/0x310
[  193.625096] lr : do_undefinstr+0x1e0/0x310
[  193.625966] sp : ffff800011ee37f0
[  193.626714] x29: ffff800011ee37f0 x28: ffff00007a946200 
[  193.628183] x27: ffff800011ee3d80 x26: 0000000000000011 
[  193.629021] x25: 0000000000000012 x24: 0000000000000000 
[  193.630188] x23: 0000000080000005 x22: ffff800010b77954 
[  193.631222] x21: ffff800011ee3990 x20: ffff00007a946200 
[  193.632404] x19: ffff800011ee3850 x18: 0000000000000000 
[  193.633366] x17: 0000000000000000 x16: 0000000000000000 
[  193.634647] x15: 0000000000000001 x14: 0000000000000000 
[  193.635805] x13: 0000000000000006 x12: 00000000c0a80164 
[  193.636709] x11: 0000000000000000 x10: 0000000000000068 
[  193.637699] x9 : ffff00007a946200 x8 : ffff800011ee3c30 
[  193.638599] x7 : 000000002ff00000 x6 : ffff800011ee3848 
[  193.639605] x5 : 00000000d5300000 x4 : ffff8000117c51f0 
[  193.640509] x3 : 000000000f000000 x2 : 0000000000000000 
[  193.641832] x1 : ffff00007a946200 x0 : 0000000080000005 
[  193.644449] Call trace:
[  193.645541]  do_undefinstr+0x2ec/0x310
[  193.646488]  el1_undef+0x10/0x84
[  193.647352]  ip_finish_output2+0x44/0x588
[  193.647997]  __ip_finish_output+0x1b0/0x1e0
[  193.648687]  ip_output+0xf4/0x1b0
[  193.649262]  ip_local_out+0x44/0x58
[  193.649841]  ip_send_skb+0x1c/0xa8
[  193.650416]  udp_send_skb.isra.0+0x11c/0x368
[  193.651268]  udp_sendmsg+0x710/0x860
[  193.652043]  inet_sendmsg+0x40/0x68
[  193.653211]  __sys_sendto+0xd4/0x150
[  193.653928]  __arm64_sys_sendto+0x24/0x30
[  193.654461]  el0_svc_common.constprop.0+0x68/0x160
[  193.654762]  el0_svc_handler+0x20/0x80
[  193.655006]  el0_svc+0x8/0xc
[  193.655719] Code: f9401bf7 17ffff7c a9025bf5 f9001bf7 (d4210000) 
[  193.658626] ---[ end trace 8a9b037a9fa32558 ]---
[  193.659478] note: python3[493] exited with preempt_count 1
[  193.762212] ------------[ cut here ]------------
[  193.767884] WARNING: CPU: 7 PID: 0 at kernel/rcu/tree.c:569 rcu_idle_enter+0x74/0x80
[  193.777265] Modules linked in:
[  193.783649] CPU: 7 PID: 0 Comm: swapper/7 Tainted: G      D           5.4.18 #2
[  193.795069] Hardware name: linux,dummy-virt (DT)
[  193.797806] pstate: 200003c5 (nzCv DAIF -PAN -UAO)
[  193.798292] pc : rcu_idle_enter+0x74/0x80
[  193.801370] lr : do_idle+0x200/0x288
[  193.802026] sp : ffff800011a7bf20
[  193.802436] x29: ffff800011a7bf20 x28: 0000000000000000 
[  193.805443] x27: 0000000000000000 x26: 0000000000000000 
[  193.808678] x25: 0000000000000000 x24: ffff8000117ba214 
[  193.811478] x23: ffff00007b0c7000 x22: ffff800011404ab8 
[  193.817240] x21: ffff8000117ba1f0 x20: 0000000000000007 
[  193.818148] x19: ffff8000117ba118 x18: 0000000000000010 
[  193.819983] x17: 0000000000000000 x16: 0000000000000000 
[  193.825653] x15: 0000000000000000 x14: 0000000000000000 
[  193.835316] x13: 0000000000000002 x12: 0000000000000000 
[  193.841152] x11: 0000000000000000 x10: 00000000000009c0 
[  193.844820] x9 : ffff800011a7be90 x8 : ffff00007b0c7a20 
[  193.846228] x7 : 0000000000000400 x6 : 000003458b20515f 
[  193.847471] x5 : 00ffffffffffffff x4 : ffff80006c7db000 
[  193.850928] x3 : 4000000000000002 x2 : 4000000000000000 
[  193.853265] x1 : ffff800011406980 x0 : ffff00007dbe1980 
[  193.854146] Call trace:
[  193.854568]  rcu_idle_enter+0x74/0x80
[  193.859292]  do_idle+0x200/0x288
[  193.861348]  cpu_startup_entry+0x24/0x40
[  193.865933]  secondary_start_kernel+0x154/0x190
[  193.869261] ---[ end trace 8a9b037a9fa32559 ]---
