[  193.638561] Kernel panic - not syncing: stack-protector: Kernel stack is corrupted in: ip_finish_output2+0x574/0x588
[  193.645971] CPU: 6 PID: 496 Comm: python3 Not tainted 5.4.18 #2
[  193.647068] Hardware name: linux,dummy-virt (DT)
[  193.649173] Call trace:
[  193.650495]  dump_backtrace+0x0/0x140
[  193.651339]  show_stack+0x14/0x20
[  193.651993]  dump_stack+0xb4/0xf8
[  193.652660]  panic+0x158/0x324
[  193.653190]  __stack_chk_fail+0x1c/0x20
[  193.653802]  ip_finish_output2+0x574/0x588
[  193.654652]  __ip_finish_output+0x1b0/0x1e0
[  193.655220]  ip_output+0xf4/0x1b0
[  193.655644]  ip_local_out+0x44/0x58
[  193.656257]  ip_send_skb+0x1c/0xa8
[  193.656878]  udp_send_skb.isra.0+0x11c/0x368
[  193.657584]  udp_sendmsg+0x710/0x860
[  193.658298]  inet_sendmsg+0x40/0x68
[  193.658888]  __sys_sendto+0xd4/0x150
[  193.659470]  __arm64_sys_sendto+0x24/0x30
[  193.661771]  el0_svc_common.constprop.0+0x68/0x160
[  193.664385]  el0_svc_handler+0x20/0x80
[  193.665233]  el0_svc+0x8/0xc
[  193.671799] SMP: stopping secondary CPUs
[  193.676611] Kernel Offset: disabled
[  193.679820] CPU features: 0x0002,20006000
[  193.681103] Memory Limit: none
[  193.689967] ---[ end Kernel panic - not syncing: stack-protector: Kernel stack is corrupted in: ip_finish_output2+0x574/0x588 ]---
