[  197.480646] kernel BUG at arch/arm64/kernel/traps.c:405!
[  197.491720] Internal error: Oops - BUG: 0 [#1] PREEMPT SMP
[  197.495498] Modules linked in:
[  197.498920] CPU: 5 PID: 493 Comm: python3 Not tainted 5.4.18 #2
[  197.499485] Hardware name: linux,dummy-virt (DT)
[  197.501293] pstate: 00000005 (nzcv daif -PAN -UAO)
[  197.505837] pc : do_undefinstr+0x2ec/0x310
[  197.506557] lr : do_undefinstr+0x1e0/0x310
[  197.507068] sp : ffff800011f6b7f0
[  197.507631] x29: ffff800011f6b7f0 x28: ffff000070f50e00 
[  197.508505] x27: ffff800011f6bd80 x26: 0000000000000011 
[  197.509751] x25: ffff0000781786c8 x24: 0000000000000000 
[  197.511799] x23: 0000000060000005 x22: ffff800010b77bc4 
[  197.512747] x21: ffff800011f6b990 x20: ffff000070f50e00 
[  197.513197] x19: ffff800011f6b850 x18: 0000000000000000 
[  197.513965] x17: 0000000000000000 x16: 0000000000000000 
[  197.514400] x15: 0000000000000001 x14: 0000000000000000 
[  197.514808] x13: 0000000000000006 x12: 00000000c0a80164 
[  197.515356] x11: 0000000000000000 x10: 0000000000000068 
[  197.515765] x9 : ffff000070f50e00 x8 : ffff800011f6bc30 
[  197.516295] x7 : 0000000000000003 x6 : ffff800011f6b848 
[  197.516711] x5 : 00000000d5300000 x4 : ffff8000117c51f0 
[  197.517321] x3 : 00000000d5000000 x2 : 0000000000000000 
[  197.517761] x1 : ffff000070f50e00 x0 : 0000000060000005 
[  197.518659] Call trace:
[  197.519099]  do_undefinstr+0x2ec/0x310
[  197.519718]  el1_undef+0x10/0x84
[  197.520073]  ip_finish_output2+0x2b4/0x588
[  197.520387]  __ip_finish_output+0x1b0/0x1e0
[  197.520863]  ip_output+0xf4/0x1b0
[  197.521134]  ip_local_out+0x44/0x58
[  197.521445]  ip_send_skb+0x1c/0xa8
[  197.521882]  udp_send_skb.isra.0+0x11c/0x368
[  197.522265]  udp_sendmsg+0x710/0x860
[  197.522907]  inet_sendmsg+0x40/0x68
[  197.523250]  __sys_sendto+0xd4/0x150
[  197.523660]  __arm64_sys_sendto+0x24/0x30
[  197.524043]  el0_svc_common.constprop.0+0x68/0x160
[  197.524497]  el0_svc_handler+0x20/0x80
[  197.524853]  el0_svc+0x8/0xc
[  197.526266] Code: f9401bf7 17ffff7c a9025bf5 f9001bf7 (d4210000) 
[  197.533272] ---[ end trace e24bd8bad7eb03e9 ]---
[  197.535768] Kernel panic - not syncing: Fatal exception in interrupt
[  197.537511] SMP: stopping secondary CPUs
[  197.542075] Kernel Offset: disabled
[  197.542708] CPU features: 0x0002,20006000
[  197.543038] Memory Limit: none
[  197.544476] ---[ end Kernel panic - not syncing: Fatal exception in interrupt ]---
