[  193.976582] kernel BUG at arch/arm64/kernel/traps.c:405!
[  193.978922] Internal error: Oops - BUG: 0 [#1] PREEMPT SMP
[  193.980321] Modules linked in:
[  193.982732] CPU: 5 PID: 494 Comm: python3 Not tainted 5.4.18 #2
[  193.983505] Hardware name: linux,dummy-virt (DT)
[  193.985965] pstate: 00000005 (nzcv daif -PAN -UAO)
[  193.986819] pc : do_undefinstr+0x2ec/0x310
[  193.987288] lr : do_undefinstr+0x1e0/0x310
[  193.987808] sp : ffff800011f7b7f0
[  193.988202] x29: ffff800011f7b7f0 x28: ffff000079424600 
[  193.988892] x27: ffff800011f7bd80 x26: 0000000000000011 
[  193.989470] x25: 0000000000000012 x24: 0000000000000000 
[  193.990136] x23: 0000000080000005 x22: ffff800010b77924 
[  193.990707] x21: ffff800011f7b990 x20: ffff000079424600 
[  193.991274] x19: ffff800011f7b850 x18: 0000000000000000 
[  193.991900] x17: 0000000000000000 x16: 0000000000000000 
[  193.992451] x15: 0000000000000001 x14: 0000000000000000 
[  193.992718] x13: 0000000000000006 x12: 00000000c0a80164 
[  193.992944] x11: 0000000000000000 x10: 0000000000000068 
[  193.993183] x9 : ffff000079424600 x8 : ffff800011f7bc30 
[  193.993410] x7 : 0000000054b00000 x6 : ffff800011f7b848 
[  193.993663] x5 : 00000000d5300000 x4 : ffff8000117c51f0 
[  193.993893] x3 : 00000000d5b00000 x2 : 0000000000000000 
[  193.994119] x1 : ffff000079424600 x0 : 0000000080000005 
[  193.994664] Call trace:
[  193.994913]  do_undefinstr+0x2ec/0x310
[  193.995115]  el1_undef+0x10/0x84
[  193.995281]  ip_finish_output2+0x14/0x588
[  193.995459]  __ip_finish_output+0x1b0/0x1e0
[  193.995941]  ip_output+0xf4/0x1b0
[  193.996340]  ip_local_out+0x44/0x58
[  193.996726]  ip_send_skb+0x1c/0xa8
[  193.997102]  udp_send_skb.isra.0+0x11c/0x368
[  193.997609]  udp_sendmsg+0x710/0x860
[  193.997976]  inet_sendmsg+0x40/0x68
[  193.998330]  __sys_sendto+0xd4/0x150
[  193.998705]  __arm64_sys_sendto+0x24/0x30
[  193.999377]  el0_svc_common.constprop.0+0x68/0x160
[  194.000144]  el0_svc_handler+0x20/0x80
[  194.000604]  el0_svc+0x8/0xc
[  194.002191] Code: f9401bf7 17ffff7c a9025bf5 f9001bf7 (d4210000) 
[  194.005186] ---[ end trace a955cd28ec641179 ]---
[  194.006766] note: python3[494] exited with preempt_count 1
[  194.104985] ------------[ cut here ]------------
[  194.107646] WARNING: CPU: 5 PID: 0 at kernel/rcu/tree.c:569 rcu_idle_enter+0x74/0x80
[  194.111520] Modules linked in:
[  194.112308] CPU: 5 PID: 0 Comm: swapper/5 Tainted: G      D           5.4.18 #2
[  194.115950] Hardware name: linux,dummy-virt (DT)
[  194.118171] pstate: 200003c5 (nzCv DAIF -PAN -UAO)
[  194.120176] pc : rcu_idle_enter+0x74/0x80
[  194.124646] lr : do_idle+0x200/0x288
[  194.125502] sp : ffff800011a6bf20
[  194.125847] x29: ffff800011a6bf20 x28: 0000000000000000 
[  194.128315] x27: 0000000000000000 x26: 0000000000000000 
[  194.131809] x25: 0000000000000000 x24: ffff8000117ba214 
[  194.133886] x23: ffff00007b0c5400 x22: ffff800011404ab8 
[  194.137837] x21: ffff8000117ba1f0 x20: 0000000000000005 
[  194.139783] x19: ffff8000117ba118 x18: 0000000000000010 
[  194.140913] x17: 0000000000000000 x16: 0000000000000000 
[  194.141628] x15: 0000000000000000 x14: 0000000000000000 
[  194.143989] x13: 0000000000000002 x12: 0000000000000000 
[  194.147371] x11: 0000000000000000 x10: 00000000000009c0 
[  194.149391] x9 : ffff800011a6be90 x8 : ffff00007b0c5e20 
[  194.149796] x7 : 00000000000003d0 x6 : 00000112a7a5acb6 
[  194.150187] x5 : 00ffffffffffffff x4 : ffff80006c7af000 
[  194.152062] x3 : 4000000000000002 x2 : 4000000000000000 
[  194.153030] x1 : ffff800011406980 x0 : ffff00007dbb5980 
[  194.154149] Call trace:
[  194.155927]  rcu_idle_enter+0x74/0x80
[  194.158197]  do_idle+0x200/0x288
[  194.159362]  cpu_startup_entry+0x20/0x40
[  194.161469]  secondary_start_kernel+0x154/0x190
[  194.161892] ---[ end trace a955cd28ec64117a ]---
