[  228.864131] kernel BUG at arch/arm64/kernel/traps.c:405!
[  228.873363] Internal error: Oops - BUG: 0 [#1] PREEMPT SMP
[  228.876503] Modules linked in:
[  228.882849] CPU: 6 PID: 492 Comm: python3 Not tainted 5.4.18 #2
[  228.884689] Hardware name: linux,dummy-virt (DT)
[  228.888082] pstate: 00000005 (nzcv daif -PAN -UAO)
[  228.893826] pc : do_undefinstr+0x2ec/0x310
[  228.894718] lr : do_undefinstr+0x1e0/0x310
[  228.896104] sp : ffff8000120ab7f0
[  228.897612] x29: ffff8000120ab7f0 x28: ffff00007a8a9c00 
[  228.900292] x27: ffff8000120abd80 x26: 0000000000000011 
[  228.901938] x25: 0000000000000012 x24: 0000000000000000 
[  228.903281] x23: 0000000080000005 x22: ffff800010b77a50 
[  228.904526] x21: ffff8000120ab990 x20: ffff00007a8a9c00 
[  228.905515] x19: ffff8000120ab850 x18: 0000000000000000 
[  228.906424] x17: 0000000000000000 x16: 0000000000000000 
[  228.907642] x15: 0000000000000001 x14: 0000000000000000 
[  228.908708] x13: 0000000000000006 x12: 00000000c0a80164 
[  228.909578] x11: 0000000000000000 x10: 0000000000000068 
[  228.910652] x9 : ffff00007a8a9c00 x8 : ffff8000120abc30 
[  228.911867] x7 : 0000000000000003 x6 : ffff8000120ab848 
[  228.912755] x5 : 00000000d5300000 x4 : ffff8000117c51f0 
[  228.913587] x3 : 000000006a000000 x2 : 0000000000000000 
[  228.914402] x1 : ffff00007a8a9c00 x0 : 0000000080000005 
[  228.918004] Call trace:
[  228.918883]  do_undefinstr+0x2ec/0x310
[  228.919954]  el1_undef+0x10/0x84
[  228.920564]  ip_finish_output2+0x140/0x588
[  228.921285]  __ip_finish_output+0x1b0/0x1e0
[  228.921954]  ip_output+0xf4/0x1b0
[  228.922515]  ip_local_out+0x44/0x58
[  228.923160]  ip_send_skb+0x1c/0xa8
[  228.923766]  udp_send_skb.isra.0+0x11c/0x368
[  228.924443]  udp_sendmsg+0x710/0x860
[  228.925055]  inet_sendmsg+0x40/0x68
[  228.925701]  __sys_sendto+0xd4/0x150
[  228.926293]  __arm64_sys_sendto+0x24/0x30
[  228.926942]  el0_svc_common.constprop.0+0x68/0x160
[  228.927734]  el0_svc_handler+0x20/0x80
[  228.928359]  el0_svc+0x8/0xc
[  228.930359] Code: f9401bf7 17ffff7c a9025bf5 f9001bf7 (d4210000) 
[  228.940881] ---[ end trace 3339fe92a1f81748 ]---
[  228.943740] Kernel panic - not syncing: Fatal exception in interrupt
[  228.945674] SMP: stopping secondary CPUs
[  228.950239] Kernel Offset: disabled
[  228.951087] CPU features: 0x0002,20006000
[  228.951755] Memory Limit: none
[  228.954768] ---[ end Kernel panic - not syncing: Fatal exception in interrupt ]---
