[  193.420179] kernel BUG at arch/arm64/kernel/traps.c:405!
[  193.431257] Internal error: Oops - BUG: 0 [#1] PREEMPT SMP
[  193.433560] Modules linked in:
[  193.444004] CPU: 6 PID: 492 Comm: python3 Not tainted 5.4.18 #2
[  193.445327] Hardware name: linux,dummy-virt (DT)
[  193.447686] pstate: 00000005 (nzcv daif -PAN -UAO)
[  193.454170] pc : do_undefinstr+0x2ec/0x310
[  193.454705] lr : do_undefinstr+0x1e0/0x310
[  193.455537] sp : ffff800011f037f0
[  193.456218] x29: ffff800011f037f0 x28: ffff0000794c2a00 
[  193.457500] x27: ffff800011f03d80 x26: 0000000000000011 
[  193.458394] x25: 0000000000000012 x24: 0000000000000000 
[  193.459391] x23: 0000000040000005 x22: ffff800010b77d08 
[  193.460225] x21: ffff800011f03990 x20: ffff0000794c2a00 
[  193.461121] x19: ffff800011f03850 x18: 0000000000000000 
[  193.461952] x17: 0000000000000000 x16: 0000000000000000 
[  193.462772] x15: 0000000000000001 x14: 0000000000000000 
[  193.463644] x13: 0000000000000006 x12: 00000000c0a80164 
[  193.464463] x11: 0000000000000000 x10: 0000000000000068 
[  193.465296] x9 : ffff0000794c2a00 x8 : ffff800011f03c30 
[  193.466177] x7 : 0000000000000003 x6 : ffff800011f03848 
[  193.467516] x5 : 00000000d5300000 x4 : ffff8000117c51f0 
[  193.468773] x3 : 000000001ac00000 x2 : 0000000000000000 
[  193.469506] x1 : ffff0000794c2a00 x0 : 0000000040000005 
[  193.470890] Call trace:
[  193.471500]  do_undefinstr+0x2ec/0x310
[  193.472182]  el1_undef+0x10/0x84
[  193.472690]  ip_finish_output2+0x3f8/0x588
[  193.473168]  __ip_finish_output+0x1b0/0x1e0
[  193.473633]  ip_output+0xf4/0x1b0
[  193.474019]  ip_local_out+0x44/0x58
[  193.474422]  ip_send_skb+0x1c/0xa8
[  193.474860]  udp_send_skb.isra.0+0x11c/0x368
[  193.475300]  udp_sendmsg+0x710/0x860
[  193.475678]  inet_sendmsg+0x40/0x68
[  193.476051]  __sys_sendto+0xd4/0x150
[  193.476416]  __arm64_sys_sendto+0x24/0x30
[  193.476918]  el0_svc_common.constprop.0+0x68/0x160
[  193.477388]  el0_svc_handler+0x20/0x80
[  193.477750]  el0_svc+0x8/0xc
[  193.478947] Code: f9401bf7 17ffff7c a9025bf5 f9001bf7 (d4210000) 
[  193.483346] ---[ end trace d3ce358c61bea78f ]---
[  193.484337] Kernel panic - not syncing: Fatal exception in interrupt
[  193.484976] SMP: stopping secondary CPUs
[  193.486581] Kernel Offset: disabled
[  193.487086] CPU features: 0x0002,20006000
[  193.487493] Memory Limit: none
[  193.488893] ---[ end Kernel panic - not syncing: Fatal exception in interrupt ]---
