[  193.093219] Unable to handle kernel NULL pointer dereference at virtual address 0000000000000040
[  193.107107] Mem abort info:
[  193.108002]   ESR = 0x96000006
[  193.109220]   EC = 0x25: DABT (current EL), IL = 32 bits
[  193.113012]   SET = 0, FnV = 0
[  193.117217]   EA = 0, S1PTW = 0
[  193.118580] Data abort info:
[  193.119600]   ISV = 0, ISS = 0x00000006
[  193.119971]   CM = 0, WnR = 0
[  193.120688] user pgtable: 4k pages, 48-bit VAs, pgdp=00000000b597f000
[  193.123309] [0000000000000040] pgd=00000000b250b003, pud=00000000b5981003, pmd=0000000000000000
[  193.152426] Internal error: Oops: 96000006 [#1] PREEMPT SMP
[  193.168817] Modules linked in:
[  193.177947] CPU: 7 PID: 495 Comm: python3 Not tainted 5.4.18 #2
[  193.181958] Hardware name: linux,dummy-virt (DT)
[  193.184094] pstate: 20000005 (nzCv daif -PAN -UAO)
[  193.193275] pc : do_ip_setsockopt.isra.0+0x40/0x15d8
[  193.196477] lr : ip_setsockopt+0x34/0x88
[  193.196997] sp : ffff800011fb3810
[  193.197428] x29: ffff800011fb3810 x28: 000000000000001a 
[  193.198723] x27: ffff800011fb3d80 x26: 0000000000000011 
[  193.199431] x25: ffff0000782e5ec8 x24: 0000000000000010 
[  193.199973] x23: 0000000000000000 x22: 000000000000001d 
[  193.200587] x21: ffff00007a862a10 x20: ffff00007a91b800 
[  193.201126] x19: 00000000782e5e00 x18: 0000000000000000 
[  193.203597] x17: 0000000000000000 x16: 0000000000000000 
[  193.205661] x15: 0000000000000001 x14: 0000000000000000 
[  193.209108] x13: 0000000000000006 x12: 00000000c0a80164 
[  193.212893] x11: 0000000000000000 x10: 0000000000000068 
[  193.214261] x9 : ffff00007a91b800 x8 : ffff800011fb3c30 
[  193.215215] x7 : 0000000000000003 x6 : 00000000df62c73f 
[  193.216129] x5 : 0000000000000000 x4 : 000000000000001d 
[  193.217185] x3 : 000000000000001d x2 : ffff00007a862a10 
[  193.223377] x1 : 00000000782e5ddd x0 : 0000000000000010 
[  193.225501] Call trace:
[  193.226074]  do_ip_setsockopt.isra.0+0x40/0x15d8
[  193.227520]  ip_setsockopt+0x34/0x88
[  193.230213]  __ip_finish_output+0x1b0/0x1e0
[  193.236825]  ip_output+0xf4/0x1b0
[  193.237215]  ip_local_out+0x44/0x58
[  193.238743]  ip_send_skb+0x1c/0xa8
[  193.241226]  udp_send_skb.isra.0+0x11c/0x368
[  193.243738]  udp_sendmsg+0x710/0x860
[  193.245179]  inet_sendmsg+0x40/0x68
[  193.252931]  __sys_sendto+0xd4/0x150
[  193.260161]  __arm64_sys_sendto+0x24/0x30
[  193.262445]  el0_svc_common.constprop.0+0x68/0x160
[  193.270684]  el0_svc_handler+0x20/0x80
[  193.271228]  el0_svc+0x8/0xc
[  193.278440] Code: 7100343f f9423a85 f900bfe5 d2800005 (f9401819) 
[  193.294554] ---[ end trace 73de5744cf78829a ]---
[  193.298623] Kernel panic - not syncing: Fatal exception in interrupt
[  193.306316] SMP: stopping secondary CPUs
[  193.310980] Kernel Offset: disabled
[  193.313729] CPU features: 0x0002,20006000
[  193.316688] Memory Limit: none
[  193.323380] ---[ end Kernel panic - not syncing: Fatal exception in interrupt ]---
