[  193.322087] Unable to handle kernel NULL pointer dereference at virtual address 0000000000000958
[  193.341060] Mem abort info:
[  193.341906]   ESR = 0x96000006
[  193.349360]   EC = 0x25: DABT (current EL), IL = 32 bits
[  193.353023]   SET = 0, FnV = 0
[  193.356240]   EA = 0, S1PTW = 0
[  193.357501] Data abort info:
[  193.358614]   ISV = 0, ISS = 0x00000006
[  193.365264]   CM = 0, WnR = 0
[  193.369632] user pgtable: 4k pages, 48-bit VAs, pgdp=00000000b5ae7000
[  193.380560] [0000000000000958] pgd=00000000b38cd003, pud=00000000b15a6003, pmd=0000000000000000
[  193.392918] Internal error: Oops: 96000006 [#1] PREEMPT SMP
[  193.399128] Modules linked in:
[  193.408234] CPU: 0 PID: 498 Comm: python3 Not tainted 5.4.18 #2
[  193.411085] Hardware name: linux,dummy-virt (DT)
[  193.419499] pstate: 80000005 (Nzcv daif -PAN -UAO)
[  193.425199] pc : ip_finish_output2+0x3cc/0x588
[  193.425855] lr : __ip_finish_output+0x1b0/0x1e0
[  193.428271] sp : ffff8000120eb990
[  193.428949] x29: ffff8000120eb990 x28: 000000000000001a 
[  193.430827] x27: ffff8000120ebd80 x26: 0000000000000011 
[  193.432332] x25: 0000000000000012 x24: ffff00007a872000 
[  193.432878] x23: ffff00007b384c80 x22: ffff00007a885400 
[  193.434731] x21: ffff0000794e2180 x20: ffff00007804b900 
[  193.435890] x19: 0000000000000010 x18: 0000000000000000 
[  193.437166] x17: 0000000000000000 x16: 0000000000000000 
[  193.439331] x15: 0000000000000001 x14: 0000000000000000 
[  193.440080] x13: 0000000000000006 x12: 00000000c0a80164 
[  193.440287] x11: 0000000000000000 x10: 0000000000000068 
[  193.440481] x9 : ffff00007a885400 x8 : ffff8000120ebc30 
[  193.440668] x7 : 00000000f0200000 x6 : 00000000000029bb 
[  193.440845] x5 : 0000000000000010 x4 : 0000000000000020 
[  193.441023] x3 : ffff000076927610 x2 : ffff00007a872000 
[  193.441198] x1 : ffff000085782000 x0 : 0000000000000788 
[  193.442058] Call trace:
[  193.442620]  ip_finish_output2+0x3cc/0x588
[  193.442822]  __ip_finish_output+0x1b0/0x1e0
[  193.443833]  ip_output+0xf4/0x1b0
[  193.444608]  ip_local_out+0x44/0x58
[  193.444741]  ip_send_skb+0x1c/0xa8
[  193.444873]  udp_send_skb.isra.0+0x11c/0x368
[  193.445016]  udp_sendmsg+0x710/0x860
[  193.445145]  inet_sendmsg+0x40/0x68
[  193.445273]  __sys_sendto+0xd4/0x150
[  193.445401]  __arm64_sys_sendto+0x24/0x30
[  193.445547]  el0_svc_common.constprop.0+0x68/0x160
[  193.445702]  el0_svc_handler+0x20/0x80
[  193.445832]  el0_svc+0x8/0xc
[  193.446726] Code: 79415a85 911e2000 52800404 8b050063 (f940e805) 
[  193.449743] ---[ end trace 3acf05d7414390c9 ]---
[  193.451988] Kernel panic - not syncing: Fatal exception in interrupt
[  193.453103] SMP: stopping secondary CPUs
[  193.456289] Kernel Offset: disabled
[  193.457279] CPU features: 0x0002,20006000
[  193.459813] Memory Limit: none
[  193.463001] ---[ end Kernel panic - not syncing: Fatal exception in interrupt ]---
