[  193.786322] Unable to handle kernel NULL pointer dereference at virtual address 000000000000095f
[  193.789307] Mem abort info:
[  193.790247]   ESR = 0x96000006
[  193.791446]   EC = 0x25: DABT (current EL), IL = 32 bits
[  193.791890]   SET = 0, FnV = 0
[  193.792397]   EA = 0, S1PTW = 0
[  193.795871] Data abort info:
[  193.800238]   ISV = 0, ISS = 0x00000006
[  193.801411]   CM = 0, WnR = 0
[  193.803516] user pgtable: 4k pages, 48-bit VAs, pgdp=00000000b24f7000
[  193.806010] [000000000000095f] pgd=00000000b833a003, pud=00000000b95e4003, pmd=0000000000000000
[  193.812539] Internal error: Oops: 96000006 [#1] PREEMPT SMP
[  193.819168] Modules linked in:
[  193.823298] CPU: 3 PID: 492 Comm: python3 Not tainted 5.4.18 #2
[  193.826336] Hardware name: linux,dummy-virt (DT)
[  193.833613] pstate: 80000005 (Nzcv daif -PAN -UAO)
[  193.839799] pc : ip_finish_output2+0x3cc/0x588
[  193.840029] lr : __ip_finish_output+0x1b0/0x1e0
[  193.840222] sp : ffff800011f4b990
[  193.840699] x29: ffff800011f4b990 x28: 000000000000001a 
[  193.840996] x27: ffff800011f4bd80 x26: 0000000000000011 
[  193.841190] x25: 0000000000000012 x24: ffff00007b39a000 
[  193.841382] x23: ffff00007b229100 x22: ffff00007b2b5400 
[  193.841585] x21: ffff00007aba90c0 x20: ffff00007aa2d500 
[  193.841903] x19: 0000000000000010 x18: 0000000000000000 
[  193.842219] x17: 0000000000000000 x16: 0000000000000000 
[  193.842542] x15: 0000000000000001 x14: 0000000000000000 
[  193.842957] x13: 0000000000000006 x12: 00000000c0a80164 
[  193.843454] x11: 0000000000000000 x10: 0000000000000068 
[  193.844011] x9 : ffff00007b2b5400 x8 : ffff800011f4bc30 
[  193.845734] x7 : 0000000022400000 x6 : 00000000000083d0 
[  193.846321] x5 : 0000000000000010 x4 : 0000000000000020 
[  193.846942] x3 : ffff000079bcde10 x2 : ffff00007b39a000 
[  193.847501] x1 : ffff000084c6a000 x0 : 000000000000078f 
[  193.848809] Call trace:
[  193.849663]  ip_finish_output2+0x3cc/0x588
[  193.850286]  __ip_finish_output+0x1b0/0x1e0
[  193.850905]  ip_output+0xf4/0x1b0
[  193.851376]  ip_local_out+0x44/0x58
[  193.853410]  ip_send_skb+0x1c/0xa8
[  193.855214]  udp_send_skb.isra.0+0x11c/0x368
[  193.856277]  udp_sendmsg+0x710/0x860
[  193.859189]  inet_sendmsg+0x40/0x68
[  193.863468]  __sys_sendto+0xd4/0x150
[  193.864415]  __arm64_sys_sendto+0x24/0x30
[  193.866907]  el0_svc_common.constprop.0+0x68/0x160
[  193.869953]  el0_svc_handler+0x20/0x80
[  193.870442]  el0_svc+0x8/0xc
[  193.872834] Code: 79415a85 911e2080 52800404 8b050063 (f940e805) 
[  193.886935] ---[ end trace f153c66408b9c699 ]---
[  193.889428] Kernel panic - not syncing: Fatal exception in interrupt
[  193.890404] SMP: stopping secondary CPUs
[  193.892325] Kernel Offset: disabled
[  193.894157] CPU features: 0x0002,20006000
[  193.895555] Memory Limit: none
[  193.898995] ---[ end Kernel panic - not syncing: Fatal exception in interrupt ]---
