[  199.279464] kernel BUG at arch/arm64/kernel/traps.c:405!
[  199.284557] Internal error: Oops - BUG: 0 [#1] PREEMPT SMP
[  199.286880] Modules linked in:
[  199.294845] CPU: 4 PID: 494 Comm: python3 Not tainted 5.4.18 #2
[  199.296376] Hardware name: linux,dummy-virt (DT)
[  199.299354] pstate: 00000005 (nzcv daif -PAN -UAO)
[  199.306489] pc : do_undefinstr+0x2ec/0x310
[  199.307719] lr : do_undefinstr+0x1e0/0x310
[  199.308600] sp : ffff800011e537f0
[  199.309430] x29: ffff800011e537f0 x28: ffff000075c35400 
[  199.310624] x27: ffff800011e53d80 x26: 0000000000000011 
[  199.311215] x25: ffff000078394ec8 x24: 0000000000000000 
[  199.311784] x23: 0000000060000005 x22: ffff800010b77c20 
[  199.312401] x21: ffff800011e53990 x20: ffff000075c35400 
[  199.313108] x19: ffff800011e53850 x18: 0000000000000000 
[  199.313892] x17: 0000000000000000 x16: 0000000000000000 
[  199.314596] x15: 0000000000000001 x14: 0000000000000000 
[  199.315498] x13: 0000000000000006 x12: 00000000c0a80164 
[  199.316782] x11: 0000000000000000 x10: 0000000000000068 
[  199.318201] x9 : ffff000075c35400 x8 : ffff800011e53c30 
[  199.319352] x7 : 0000000000000003 x6 : ffff800011e53848 
[  199.320424] x5 : 00000000d5300000 x4 : ffff8000117c51f0 
[  199.321569] x3 : 0000000003100000 x2 : 0000000000000000 
[  199.322634] x1 : ffff000075c35400 x0 : 0000000060000005 
[  199.324770] Call trace:
[  199.326290]  do_undefinstr+0x2ec/0x310
[  199.327325]  el1_undef+0x10/0x84
[  199.328080]  ip_finish_output2+0x310/0x588
[  199.328928]  __ip_finish_output+0x1b0/0x1e0
[  199.330115]  ip_output+0xf4/0x1b0
[  199.331056]  ip_local_out+0x44/0x58
[  199.331816]  ip_send_skb+0x1c/0xa8
[  199.332581]  udp_send_skb.isra.0+0x11c/0x368
[  199.333604]  udp_sendmsg+0x710/0x860
[  199.334512]  inet_sendmsg+0x40/0x68
[  199.335489]  __sys_sendto+0xd4/0x150
[  199.336405]  __arm64_sys_sendto+0x24/0x30
[  199.337911]  el0_svc_common.constprop.0+0x68/0x160
[  199.338971]  el0_svc_handler+0x20/0x80
[  199.339907]  el0_svc+0x8/0xc
[  199.345667] Code: f9401bf7 17ffff7c a9025bf5 f9001bf7 (d4210000) 
[  199.359097] ---[ end trace 5a3e58a20913e929 ]---
[  199.362361] Kernel panic - not syncing: Fatal exception in interrupt
[  199.364435] SMP: stopping secondary CPUs
[  199.369682] Kernel Offset: disabled
[  199.370733] CPU features: 0x0002,20006000
[  199.371418] Memory Limit: none
[  199.374022] ---[ end Kernel panic - not syncing: Fatal exception in interrupt ]---
