[  193.543704] Unable to handle kernel NULL pointer dereference at virtual address 0000000000000244
[  193.549954] Mem abort info:
[  193.550814]   ESR = 0x96000006
[  193.551953]   EC = 0x25: DABT (current EL), IL = 32 bits
[  193.552740]   SET = 0, FnV = 0
[  193.556073]   EA = 0, S1PTW = 0
[  193.560162] Data abort info:
[  193.564166]   ISV = 0, ISS = 0x00000006
[  193.568753]   CM = 0, WnR = 0
[  193.594239] user pgtable: 4k pages, 48-bit VAs, pgdp=00000000b8084000
[  193.600325] [0000000000000244] pgd=00000000b1795003, pud=00000000b1659003, pmd=0000000000000000
[  193.625086] Internal error: Oops: 96000006 [#1] PREEMPT SMP
[  193.626232] Modules linked in:
[  193.627901] CPU: 5 PID: 495 Comm: python3 Not tainted 5.4.18 #2
[  193.628445] Hardware name: linux,dummy-virt (DT)
[  193.629442] pstate: 80000005 (Nzcv daif -PAN -UAO)
[  193.631599] pc : ip_finish_output2+0x40/0x588
[  193.631927] lr : __ip_finish_output+0x1b0/0x1e0
[  193.632274] sp : ffff800011f7b990
[  193.632533] x29: ffff800011f7b990 x28: 000000000000001a 
[  193.633248] x27: ffff800011f7bd80 x26: 0000000000000011 
[  193.634070] x25: 0000000000000012 x24: ffff000079b98000 
[  193.634664] x23: ffff00007ab5b740 x22: ffff000078172a00 
[  193.634994] x21: ffff00007a98d180 x20: ffff0000780e5700 
[  193.635293] x19: 000000000000000e x18: 0000000000000000 
[  193.635609] x17: 0000000000000000 x16: 0000000000000000 
[  193.635927] x15: 0000000000000001 x14: 0000000000000000 
[  193.636228] x13: 0000000000000006 x12: 00000000c0a80164 
[  193.636671] x11: 0000000000000000 x10: 0000000000000068 
[  193.637398] x9 : ffff000078172a00 x8 : ffff800011f7bc30 
[  193.637705] x7 : 00000000c4300000 x6 : 0000000000009cd0 
[  193.638002] x5 : 00000000000039c4 x4 : 0000000000000007 
[  193.638302] x3 : 00000000000000c0 x2 : 0000000000000000 
[  193.638617] x1 : 0000000000000001 x0 : ffff800011963ac0 
[  193.639462] Call trace:
[  193.639897]  ip_finish_output2+0x40/0x588
[  193.640314]  __ip_finish_output+0x1b0/0x1e0
[  193.644480]  ip_output+0xf4/0x1b0
[  193.645870]  ip_local_out+0x44/0x58
[  193.646475]  ip_send_skb+0x1c/0xa8
[  193.647177]  udp_send_skb.isra.0+0x11c/0x368
[  193.652011]  udp_sendmsg+0x710/0x860
[  193.653054]  inet_sendmsg+0x40/0x68
[  193.653755]  __sys_sendto+0xd4/0x150
[  193.655293]  __arm64_sys_sendto+0x24/0x30
[  193.657485]  el0_svc_common.constprop.0+0x68/0x160
[  193.659894]  el0_svc_handler+0x20/0x80
[  193.661025]  el0_svc+0x8/0xc
[  193.663787] Code: f94002b8 7940f2a1 79444f13 7100143f (79445782) 
[  193.667845] ---[ end trace f3dc0e8949ba20a3 ]---
