[  195.207125] kernel BUG at arch/arm64/kernel/traps.c:405!
[  195.221823] Internal error: Oops - BUG: 0 [#1] PREEMPT SMP
[  195.225412] Modules linked in:
[  195.238386] CPU: 5 PID: 494 Comm: python3 Not tainted 5.4.18 #2
[  195.240284] Hardware name: linux,dummy-virt (DT)
[  195.243931] pstate: 00000005 (nzcv daif -PAN -UAO)
[  195.250350] pc : do_undefinstr+0x2ec/0x310
[  195.251659] lr : do_undefinstr+0x1e0/0x310
[  195.252618] sp : ffff800011f7b7f0
[  195.253693] x29: ffff800011f7b7f0 x28: ffff00007abe9c00 
[  195.255071] x27: ffff800011f7bd80 x26: 0000000000000011 
[  195.256207] x25: 0000000000000012 x24: 0000000000000000 
[  195.258091] x23: 0000000080000005 x22: ffff800010b77a50 
[  195.260872] x21: ffff800011f7b990 x20: ffff00007abe9c00 
[  195.262730] x19: ffff800011f7b850 x18: 0000000000000000 
[  195.263625] x17: 0000000000000000 x16: 0000000000000000 
[  195.264273] x15: 0000000000000001 x14: 0000000000000000 
[  195.265362] x13: 0000000000000006 x12: 00000000c0a80164 
[  195.266480] x11: 0000000000000000 x10: 0000000000000068 
[  195.267924] x9 : ffff00007abe9c00 x8 : ffff800011f7bc30 
[  195.269011] x7 : 0000000000000003 x6 : ffff800011f7b848 
[  195.270154] x5 : 00000000d5300000 x4 : ffff8000117c51f0 
[  195.271202] x3 : 0000000062000000 x2 : 0000000000000000 
[  195.272582] x1 : ffff00007abe9c00 x0 : 0000000080000005 
[  195.275396] Call trace:
[  195.276084]  do_undefinstr+0x2ec/0x310
[  195.276609]  el1_undef+0x10/0x84
[  195.276910]  ip_finish_output2+0x140/0x588
[  195.277280]  __ip_finish_output+0x1b0/0x1e0
[  195.277772]  ip_output+0xf4/0x1b0
[  195.278156]  ip_local_out+0x44/0x58
[  195.278601]  ip_send_skb+0x1c/0xa8
[  195.278991]  udp_send_skb.isra.0+0x11c/0x368
[  195.279415]  udp_sendmsg+0x710/0x860
[  195.279791]  inet_sendmsg+0x40/0x68
[  195.280160]  __sys_sendto+0xd4/0x150
[  195.280571]  __arm64_sys_sendto+0x24/0x30
[  195.280968]  el0_svc_common.constprop.0+0x68/0x160
[  195.281389]  el0_svc_handler+0x20/0x80
[  195.281745]  el0_svc+0x8/0xc
[  195.282843] Code: f9401bf7 17ffff7c a9025bf5 f9001bf7 (d4210000) 
[  195.286263] ---[ end trace b6aec056aeea76e0 ]---
[  195.287500] Kernel panic - not syncing: Fatal exception in interrupt
[  195.288360] SMP: stopping secondary CPUs
[  195.290687] Kernel Offset: disabled
[  195.290968] CPU features: 0x0002,20006000
[  195.291166] Memory Limit: none
[  195.292043] ---[ end Kernel panic - not syncing: Fatal exception in interrupt ]---
