[  196.976830] Unable to handle kernel paging request at virtual address 000000006401aa20
[  196.983589] Mem abort info:
[  196.984355]   ESR = 0x96000005
[  196.985117]   EC = 0x25: DABT (current EL), IL = 32 bits
[  196.988721]   SET = 0, FnV = 0
[  196.995279]   EA = 0, S1PTW = 0
[  197.002743] Data abort info:
[  197.004078]   ISV = 0, ISS = 0x00000005
[  197.007800]   CM = 0, WnR = 0
[  197.012073] user pgtable: 4k pages, 48-bit VAs, pgdp=00000000b5daf000
[  197.015337] [000000006401aa20] pgd=00000000b9519003, pud=0000000000000000
[  197.029493] Internal error: Oops: 96000005 [#1] PREEMPT SMP
[  197.035430] Modules linked in:
[  197.046299] CPU: 6 PID: 495 Comm: python3 Not tainted 5.4.18 #2
[  197.048050] Hardware name: linux,dummy-virt (DT)
[  197.051064] pstate: 60000005 (nZCv daif -PAN -UAO)
[  197.059463] pc : ip_finish_output2+0x41c/0x588
[  197.059897] lr : __ip_finish_output+0x1b0/0x1e0
[  197.060330] sp : ffff800011dbb990
[  197.060628] x29: ffff800011dbb990 x28: 000000000000001a 
[  197.062121] x27: ffff800011dbbd80 x26: 0000000000000011 
[  197.062595] x25: 0000000000000012 x24: ffff00007b1d4000 
[  197.063144] x23: ffff00007aa5e1c0 x22: ffff00007a874600 
[  197.064167] x21: ffff00007824f000 x20: ffff00007b246800 
[  197.066148] x19: ffff000078066a00 x18: 0000000000000000 
[  197.067268] x17: 0000000000000000 x16: 0000000000000000 
[  197.068186] x15: 0000000000000001 x14: 0000000000000000 
[  197.070264] x13: 0000000000000006 x12: 00000000c0a80164 
[  197.071396] x11: 0000000000000000 x10: 0000000000000068 
[  197.072611] x9 : ffff00007a874600 x8 : ffff800011dbbc30 
[  197.075308] x7 : 0000000000000003 x6 : 000000004e156a89 
[  197.077315] x5 : ffff00007aa8d000 x4 : 000000000000001d 
[  197.082549] x3 : 000000006401a8c0 x2 : ffff00007b1d4000 
[  197.083952] x1 : ffff00007b1d4000 x0 : ffff800011967788 
[  197.086153] Call trace:
[  197.086655]  ip_finish_output2+0x41c/0x588
[  197.087585]  __ip_finish_output+0x1b0/0x1e0
[  197.090494]  ip_output+0xf4/0x1b0
[  197.091488]  ip_local_out+0x44/0x58
[  197.092794]  ip_send_skb+0x1c/0xa8
[  197.095083]  udp_send_skb.isra.0+0x11c/0x368
[  197.097379]  udp_sendmsg+0x710/0x860
[  197.103890]  inet_sendmsg+0x40/0x68
[  197.107402]  __sys_sendto+0xd4/0x150
[  197.117533]  __arm64_sys_sendto+0x24/0x30
[  197.118381]  el0_svc_common.constprop.0+0x68/0x160
[  197.120340]  el0_svc_handler+0x20/0x80
[  197.120609]  el0_svc+0x8/0xc
[  197.124106] Code: b4000213 f940ae61 eb01005f 54ffff81 (b9416061) 
[  197.138726] ---[ end trace a4b22291f2c49d10 ]---
[  197.150519] Kernel panic - not syncing: Fatal exception in interrupt
[  197.152125] SMP: stopping secondary CPUs
[  197.155420] Kernel Offset: disabled
[  197.159221] CPU features: 0x0002,20006000
[  197.163545] Memory Limit: none
[  197.167374] ---[ end Kernel panic - not syncing: Fatal exception in interrupt ]---
