[  194.178469] Unable to handle kernel NULL pointer dereference at virtual address 00000000000005dc
[  194.180928] Mem abort info:
[  194.181334]   ESR = 0x96000006
[  194.181972]   EC = 0x25: DABT (current EL), IL = 32 bits
[  194.184154]   SET = 0, FnV = 0
[  194.184664]   EA = 0, S1PTW = 0
[  194.185334] Data abort info:
[  194.186874]   ISV = 0, ISS = 0x00000006
[  194.193843]   CM = 0, WnR = 0
[  194.203739] user pgtable: 4k pages, 48-bit VAs, pgdp=00000000b5c56000
[  194.205933] [00000000000005dc] pgd=00000000b2537003, pud=00000000b6ffa003, pmd=0000000000000000
[  194.218305] Internal error: Oops: 96000006 [#1] PREEMPT SMP
[  194.221811] Modules linked in:
[  194.227283] CPU: 1 PID: 497 Comm: python3 Not tainted 5.4.18 #2
[  194.229218] Hardware name: linux,dummy-virt (DT)
[  194.233035] pstate: 80000005 (Nzcv daif -PAN -UAO)
[  194.233918] pc : ip_finish_output2+0x30/0x588
[  194.234739] lr : __ip_finish_output+0x1b0/0x1e0
[  194.235688] sp : ffff8000120cb990
[  194.236413] x29: ffff8000120cb990 x28: 000000000000001a 
[  194.237512] x27: ffff8000120cbd80 x26: 0000000000000011 
[  194.238456] x25: 0000000000000012 x24: ffff800011963ac0 
[  194.239992] x23: ffff00007448d0c0 x22: ffff00007abbaa00 
[  194.241078] x21: 00000000000005dc x20: ffff000076e22e00 
[  194.243070] x19: ffff000076e22e00 x18: 0000000000000000 
[  194.248174] x17: 0000000000000000 x16: 0000000000000000 
[  194.248630] x15: 0000000000000001 x14: 0000000000000000 
[  194.252780] x13: 0000000000000006 x12: 00000000c0a80164 
[  194.255235] x11: 0000000000000000 x10: 0000000000000068 
[  194.255759] x9 : ffff00007abbaa00 x8 : ffff8000120cbc30 
[  194.255999] x7 : 00000000c6300000 x6 : 0000000000005c83 
[  194.256225] x5 : 0000000000001543 x4 : 0000000000000007 
[  194.257632] x3 : 00000000000000c0 x2 : 0000000000000000 
[  194.263506] x1 : ffff00007b22b740 x0 : ffff800011963ac0 
[  194.264511] Call trace:
[  194.265013]  ip_finish_output2+0x30/0x588
[  194.265415]  __ip_finish_output+0x1b0/0x1e0
[  194.265691]  ip_output+0xf4/0x1b0
[  194.265850]  ip_local_out+0x44/0x58
[  194.265983]  ip_send_skb+0x1c/0xa8
[  194.266243]  udp_send_skb.isra.0+0x11c/0x368
[  194.266748]  udp_sendmsg+0x710/0x860
[  194.267286]  inet_sendmsg+0x40/0x68
[  194.267600]  __sys_sendto+0xd4/0x150
[  194.267896]  __arm64_sys_sendto+0x24/0x30
[  194.268171]  el0_svc_common.constprop.0+0x68/0x160
[  194.268646]  el0_svc_handler+0x20/0x80
[  194.269227]  el0_svc+0x8/0xc
[  194.272442] Code: f9423ac2 f9002fe2 d2800002 927ffab5 (f94002b8) 
[  194.282738] ---[ end trace 46c5d1ee899369dc ]---
