[  191.503723] Unable to handle kernel NULL pointer dereference at virtual address 0000000000000000
[  191.505376] Mem abort info:
[  191.505819]   ESR = 0x96000006
[  191.509249]   EC = 0x25: DABT (current EL), IL = 32 bits
[  191.516015]   SET = 0, FnV = 0
[  191.519005]   EA = 0, S1PTW = 0
[  191.521210] Data abort info:
[  191.522003]   ISV = 0, ISS = 0x00000006
[  191.525256]   CM = 0, WnR = 0
[  191.529771] user pgtable: 4k pages, 48-bit VAs, pgdp=00000000b14e1000
[  191.545379] [0000000000000000] pgd=00000000b23ee003, pud=00000000b3e82003, pmd=0000000000000000
[  191.549810] Internal error: Oops: 96000006 [#1] PREEMPT SMP
[  191.554209] Modules linked in:
[  191.561145] CPU: 5 PID: 491 Comm: python3 Not tainted 5.4.18 #2
[  191.573616] Hardware name: linux,dummy-virt (DT)
[  191.580996] pstate: 80000005 (Nzcv daif -PAN -UAO)
[  191.589886] pc : __ipv6_addr_type+0x0/0x118
[  191.592667] lr : ipv6_rcv_saddr_equal+0x3c/0x178
[  191.595533] sp : ffff800011f7b930
[  191.598662] x29: ffff800011f7b930 x28: 000000000000001a 
[  191.600520] x27: ffff800011f7bd80 x26: 0000000000000007 
[  191.605639] x25: 00000000000000fe x24: 00000000000000b9 
[  191.610763] x23: 0000000000000000 x22: 00000000000000c0 
[  191.616741] x21: 0000000079bf0000 x20: ffff00007aaf1300 
[  191.621435] x19: ffff00007a473800 x18: 0000000000000000 
[  191.629973] x17: 0000000000000000 x16: 0000000000000000 
[  191.631665] x15: 0000000000000001 x14: 0000000000000000 
[  191.636496] x13: 0000000000000006 x12: 00000000c0a80164 
[  191.638286] x11: 0000000000000000 x10: 0000000000000068 
[  191.639158] x9 : ffff00007a473800 x8 : ffff800011f7bc30 
[  191.640050] x7 : 00000000cd100000 x6 : 000000000000ecb9 
[  191.640897] x5 : 00000000000010fe x4 : 0000000000000007 
[  191.647920] x3 : 00000000000000c0 x2 : ffff000079bf0000 
[  191.655482] x1 : ffff00007a473800 x0 : 0000000000000000 
[  191.658133] Call trace:
[  191.661855]  __ipv6_addr_type+0x0/0x118
[  191.664288]  inet_rcv_saddr_equal+0x7c/0x88
[  191.665613]  __ip_finish_output+0x1b0/0x1e0
[  191.665974]  ip_output+0xf4/0x1b0
[  191.666317]  ip_local_out+0x44/0x58
[  191.668117]  ip_send_skb+0x1c/0xa8
[  191.668463]  udp_send_skb.isra.0+0x11c/0x368
[  191.668778]  udp_sendmsg+0x710/0x860
[  191.669375]  inet_sendmsg+0x40/0x68
[  191.670170]  __sys_sendto+0xd4/0x150
[  191.671268]  __arm64_sys_sendto+0x24/0x30
[  191.671920]  el0_svc_common.constprop.0+0x68/0x160
[  191.672951]  el0_svc_handler+0x20/0x80
[  191.673676]  el0_svc+0x8/0xc
[  191.676600] Code: 97d9a3f8 a94153f3 a8c27bfd d65f03c0 (b9400001) 
[  191.684755] ---[ end trace 7d7781a46e783572 ]---
[  191.692475] Kernel panic - not syncing: Fatal exception in interrupt
[  191.703337] SMP: stopping secondary CPUs
[  191.707291] Kernel Offset: disabled
[  191.708598] CPU features: 0x0002,20006000
[  191.710740] Memory Limit: none
[  191.713953] ---[ end Kernel panic - not syncing: Fatal exception in interrupt ]---
