[  195.046939] Unable to handle kernel paging request at virtual address 000573fb54001a30
[  195.075512] Mem abort info:
[  195.082673]   ESR = 0x96000004
[  195.087242]   EC = 0x25: DABT (current EL), IL = 32 bits
[  195.092104]   SET = 0, FnV = 0
[  195.092659]   EA = 0, S1PTW = 0
[  195.093318] Data abort info:
[  195.094028]   ISV = 0, ISS = 0x00000004
[  195.095109]   CM = 0, WnR = 0
[  195.098378] [000573fb54001a30] address between user and kernel address ranges
[  195.100461] Internal error: Oops: 96000004 [#1] PREEMPT SMP
[  195.104527] Modules linked in:
[  195.116887] CPU: 6 PID: 493 Comm: python3 Not tainted 5.4.18 #2
[  195.120663] Hardware name: linux,dummy-virt (DT)
[  195.124337] pstate: 40000005 (nZcv daif -PAN -UAO)
[  195.128454] pc : ip_finish_output2+0x3e4/0x588
[  195.130536] lr : __ip_finish_output+0x1b0/0x1e0
[  195.131321] sp : ffff800011ffb990
[  195.133479] x29: ffff800011ffb990 x28: 000000000000001a 
[  195.139968] x27: ffff800011ffbd80 x26: 0000000000000011 
[  195.140991] x25: 0000000000000012 x24: ffff00007b20a000 
[  195.143802] x23: ffff00007819a640 x22: ffff000070cb9c00 
[  195.146824] x21: ffff00007a8c5180 x20: ffff00007838d500 
[  195.147507] x19: 0000000000000010 x18: 0000000000000000 
[  195.148357] x17: 0000000000000000 x16: 0000000000000000 
[  195.149864] x15: 0000000000000001 x14: 0000000000000000 
[  195.150296] x13: 0000000000000006 x12: 00000000c0a80164 
[  195.154263] x11: 0000000000000000 x10: 0000000000000068 
[  195.154746] x9 : ffff000070cb9c00 x8 : ffff800011ffbc30 
[  195.155068] x7 : 0000000000001003 x6 : 00000000000089ea 
[  195.157522] x5 : a90573fb54001a28 x4 : 0000000000000020 
[  195.157894] x3 : 000000006401a8c0 x2 : ffff00007b20a000 
[  195.158286] x1 : ffff000084dfa000 x0 : ffff800010b79240 
[  195.159656] Call trace:
[  195.160027]  ip_finish_output2+0x3e4/0x588
[  195.161769]  __ip_finish_output+0x1b0/0x1e0
[  195.167277]  ip_output+0xf4/0x1b0
[  195.170898]  ip_local_out+0x44/0x58
[  195.171198]  ip_send_skb+0x1c/0xa8
[  195.171506]  udp_send_skb.isra.0+0x11c/0x368
[  195.171996]  udp_sendmsg+0x710/0x860
[  195.173333]  inet_sendmsg+0x40/0x68
[  195.174523]  __sys_sendto+0xd4/0x150
[  195.175972]  __arm64_sys_sendto+0x24/0x30
[  195.177421]  el0_svc_common.constprop.0+0x68/0x160
[  195.178774]  el0_svc_handler+0x20/0x80
[  195.179770]  el0_svc+0x8/0xc
[  195.182291] Code: b90057e3 b9420847 721d04ff 1a9f0063 (294118a7) 
[  195.190973] ---[ end trace fc3a4e9e89e06347 ]---
[  195.193352] Kernel panic - not syncing: Fatal exception in interrupt
[  195.194161] SMP: stopping secondary CPUs
[  195.197019] Kernel Offset: disabled
[  195.198541] CPU features: 0x0002,20006000
[  195.199204] Memory Limit: none
[  195.201255] ---[ end Kernel panic - not syncing: Fatal exception in interrupt ]---
