[  198.935381] kernel BUG at arch/arm64/kernel/traps.c:405!
[  198.941355] Internal error: Oops - BUG: 0 [#1] PREEMPT SMP
[  198.942497] Modules linked in:
[  198.948153] CPU: 0 PID: 494 Comm: python3 Not tainted 5.4.18 #2
[  198.949468] Hardware name: linux,dummy-virt (DT)
[  198.951923] pstate: 00000005 (nzcv daif -PAN -UAO)
[  198.957398] pc : do_undefinstr+0x2ec/0x310
[  198.958318] lr : do_undefinstr+0x1e0/0x310
[  198.959207] sp : ffff800011fbb7f0
[  198.960083] x29: ffff800011fbb7f0 x28: ffff00007b2be200 
[  198.961753] x27: ffff800011fbbd80 x26: 0000000000000011 
[  198.963449] x25: ffff0000783810c8 x24: 0000000000000000 
[  198.964653] x23: 0000000020000005 x22: ffff800010b77bf4 
[  198.966839] x21: ffff800011fbb990 x20: ffff00007b2be200 
[  198.968408] x19: ffff800011fbb850 x18: 0000000000000000 
[  198.969391] x17: 0000000000000000 x16: 0000000000000000 
[  198.971469] x15: ffff000079b59900 x14: 0000000000000000 
[  198.972739] x13: 0000000000000006 x12: 00000000c0a80164 
[  198.973356] x11: 0000000000000000 x10: 0000000000000068 
[  198.973868] x9 : ffff00007b2be200 x8 : ffff800011fbbc30 
[  198.974983] x7 : 0000000000000003 x6 : ffff800011fbb848 
[  198.975469] x5 : 00000000d5300000 x4 : ffff8000117c51f0 
[  198.976011] x3 : 0000000099400000 x2 : 0000000000000000 
[  198.976976] x1 : ffff00007b2be200 x0 : 0000000020000005 
[  198.978995] Call trace:
[  198.980172]  do_undefinstr+0x2ec/0x310
[  198.981113]  el1_undef+0x10/0x84
[  198.982123]  ip_finish_output2+0x2e4/0x588
[  198.983001]  __ip_finish_output+0x1b0/0x1e0
[  198.985099]  ip_output+0xf4/0x1b0
[  198.986978]  ip_local_out+0x44/0x58
[  198.987617]  ip_send_skb+0x1c/0xa8
[  198.988063]  udp_send_skb.isra.0+0x11c/0x368
[  198.988536]  udp_sendmsg+0x710/0x860
[  198.989016]  inet_sendmsg+0x40/0x68
[  198.989416]  __sys_sendto+0xd4/0x150
[  198.990185]  __arm64_sys_sendto+0x24/0x30
[  198.991142]  el0_svc_common.constprop.0+0x68/0x160
[  198.992112]  el0_svc_handler+0x20/0x80
[  198.992830]  el0_svc+0x8/0xc
[  198.995427] Code: f9401bf7 17ffff7c a9025bf5 f9001bf7 (d4210000) 
[  199.005959] ---[ end trace a9f9064bc049b9ce ]---
[  199.008816] Kernel panic - not syncing: Fatal exception in interrupt
[  199.011045] SMP: stopping secondary CPUs
[  199.016868] Kernel Offset: disabled
[  199.017266] CPU features: 0x0002,20006000
[  199.017541] Memory Limit: none
[  199.020283] ---[ end Kernel panic - not syncing: Fatal exception in interrupt ]---
