[  370.623655] kernel BUG at arch/arm64/kernel/traps.c:405!
[  370.629231] Internal error: Oops - BUG: 0 [#1] PREEMPT SMP
[  370.630086] Modules linked in:
[  370.632316] CPU: 5 PID: 509 Comm: python3 Not tainted 5.4.18 #2
[  370.632641] Hardware name: linux,dummy-virt (DT)
[  370.633413] pstate: 00000005 (nzcv daif -PAN -UAO)
[  370.637523] pc : do_undefinstr+0x2ec/0x310
[  370.637996] lr : do_undefinstr+0x1e0/0x310
[  370.638411] sp : ffff800011d4b7f0
[  370.638815] x29: ffff800011d4b7f0 x28: ffff00007ab0f000 
[  370.639586] x27: ffff800011d4bd80 x26: 0000000000000011 
[  370.640714] x25: 0000000000000012 x24: 0000000000000000 
[  370.641775] x23: 0000000080000005 x22: ffff800010b77cb8 
[  370.642903] x21: ffff800011d4b990 x20: ffff00007ab0f000 
[  370.643960] x19: ffff800011d4b850 x18: 0000000000000000 
[  370.644975] x17: 0000000000000000 x16: 0000000000000000 
[  370.645952] x15: 0000000000000001 x14: 0000000000000000 
[  370.647165] x13: 0000000000000006 x12: 00000000c0a80164 
[  370.648252] x11: 0000000000000000 x10: 0000000000000068 
[  370.650488] x9 : ffff00007ab0f000 x8 : ffff800011d4bc30 
[  370.653037] x7 : 00000000b4f00000 x6 : ffff800011d4b848 
[  370.654561] x5 : 00000000d5300000 x4 : ffff8000117c51f0 
[  370.655717] x3 : 0000000071800000 x2 : 0000000000000000 
[  370.656789] x1 : ffff00007ab0f000 x0 : 0000000080000005 
[  370.659203] Call trace:
[  370.660221]  do_undefinstr+0x2ec/0x310
[  370.661203]  el1_undef+0x10/0x84
[  370.661964]  ip_finish_output2+0x3a8/0x588
[  370.662806]  __ip_finish_output+0x1b0/0x1e0
[  370.663607]  ip_output+0xf4/0x1b0
[  370.663894]  ip_local_out+0x44/0x58
[  370.664188]  ip_send_skb+0x1c/0xa8
[  370.665208]  udp_send_skb.isra.0+0x11c/0x368
[  370.666045]  udp_sendmsg+0x710/0x860
[  370.666873]  inet_sendmsg+0x40/0x68
[  370.667467]  __sys_sendto+0xd4/0x150
[  370.667838]  __arm64_sys_sendto+0x24/0x30
[  370.668296]  el0_svc_common.constprop.0+0x68/0x160
[  370.668781]  el0_svc_handler+0x20/0x80
[  370.669332]  el0_svc+0x8/0xc
[  370.671993] Code: f9401bf7 17ffff7c a9025bf5 f9001bf7 (d4210000) 
[  370.680848] ---[ end trace 9e8ae6abb280f9be ]---
[  370.685002] Kernel panic - not syncing: Fatal exception in interrupt
[  370.687261] SMP: stopping secondary CPUs
[  370.691955] Kernel Offset: disabled
[  370.693328] CPU features: 0x0002,20006000
[  370.694346] Memory Limit: none
[  370.696363] ---[ end Kernel panic - not syncing: Fatal exception in interrupt ]---
