[  194.886086] Unable to handle kernel paging request at virtual address ffff80001140c288
[  194.895623] Mem abort info:
[  194.895993]   ESR = 0x96000006
[  194.896379]   EC = 0x25: DABT (current EL), IL = 32 bits
[  194.896738]   SET = 0, FnV = 0
[  194.896979]   EA = 0, S1PTW = 0
[  194.897334] Data abort info:
[  194.897685]   ISV = 0, ISS = 0x00000006
[  194.897968]   CM = 0, WnR = 0
[  194.898550] swapper pgtable: 4k pages, 48-bit VAs, pgdp=00000000412a6000
[  194.899302] [ffff80001140c288] pgd=00000000bdfff003, pud=00000000bdffe003, pmd=0000000000000000
[  194.902813] Internal error: Oops: 96000006 [#1] PREEMPT SMP
[  194.904770] Modules linked in:
[  194.906179] CPU: 3 PID: 492 Comm: python3 Not tainted 5.4.18 #2
[  194.907082] Hardware name: linux,dummy-virt (DT)
[  194.908116] pstate: 40000005 (nZcv daif -PAN -UAO)
[  194.912677] pc : ip_finish_output2+0x3e4/0x588
[  194.915705] lr : __ip_finish_output+0x1b0/0x1e0
[  194.916149] sp : ffff800011d63990
[  194.916734] x29: ffff800011d63990 x28: 000000000000001a 
[  194.917290] x27: ffff800011d63d80 x26: 0000000000000011 
[  194.917701] x25: 0000000000000012 x24: ffff000079bb8000 
[  194.918235] x23: ffff00007a803fc0 x22: ffff00007a8e3800 
[  194.920649] x21: ffff0000724c60c0 x20: ffff0000782ee200 
[  194.921094] x19: 0000000000000010 x18: 0000000000000000 
[  194.921635] x17: 0000000000000000 x16: 0000000000000000 
[  194.922057] x15: 0000000000000001 x14: 0000000000000000 
[  194.922574] x13: 0000000000000006 x12: 00000000c0a80164 
[  194.923956] x11: 0000000000000000 x10: 0000000000000068 
[  194.924616] x9 : ffff00007a8e3800 x8 : ffff800011d63c30 
[  194.925042] x7 : 0000000000001003 x6 : 00000000000065d6 
[  194.925589] x5 : ffff80001140c280 x4 : 0000000000000020 
[  194.926018] x3 : 000000006401a8c0 x2 : ffff000079bb8000 
[  194.926429] x1 : ffff000086448000 x0 : ffff800011967780 
[  194.927939] Call trace:
[  194.928732]  ip_finish_output2+0x3e4/0x588
[  194.929126]  __ip_finish_output+0x1b0/0x1e0
[  194.929456]  ip_output+0xf4/0x1b0
[  194.929723]  ip_local_out+0x44/0x58
[  194.929993]  ip_send_skb+0x1c/0xa8
[  194.930261]  udp_send_skb.isra.0+0x11c/0x368
[  194.930571]  udp_sendmsg+0x710/0x860
[  194.931819]  inet_sendmsg+0x40/0x68
[  194.932136]  __sys_sendto+0xd4/0x150
[  194.932474]  __arm64_sys_sendto+0x24/0x30
[  194.932803]  el0_svc_common.constprop.0+0x68/0x160
[  194.933164]  el0_svc_handler+0x20/0x80
[  194.933504]  el0_svc+0x8/0xc
[  194.935385] Code: b90057e3 b9420847 721d04ff 1a9f0063 (294118a7) 
[  194.938607] ---[ end trace 1e9113bbd82eb496 ]---
[  194.940717] Kernel panic - not syncing: Fatal exception in interrupt
[  194.941579] SMP: stopping secondary CPUs
[  194.943761] Kernel Offset: disabled
[  194.945323] CPU features: 0x0002,20006000
[  194.946179] Memory Limit: none
[  194.948037] ---[ end Kernel panic - not syncing: Fatal exception in interrupt ]---
