[  192.196489] kernel BUG at arch/arm64/kernel/traps.c:405!
[  192.204827] Internal error: Oops - BUG: 0 [#1] PREEMPT SMP
[  192.208900] Modules linked in:
[  192.215152] CPU: 6 PID: 494 Comm: python3 Not tainted 5.4.18 #2
[  192.215765] Hardware name: linux,dummy-virt (DT)
[  192.217445] pstate: 00000005 (nzcv daif -PAN -UAO)
[  192.219803] pc : do_undefinstr+0x2ec/0x310
[  192.220215] lr : do_undefinstr+0x1e0/0x310
[  192.220597] sp : ffff800011d4b7f0
[  192.220897] x29: ffff800011d4b7f0 x28: ffff00007b1db800 
[  192.221406] x27: ffff800011d4bd80 x26: 0000000000000011 
[  192.221801] x25: 0000000000000012 x24: 0000000000000000 
[  192.222407] x23: 0000000060000005 x22: ffff800010b77ab4 
[  192.223853] x21: ffff800011d4b990 x20: ffff00007b1db800 
[  192.225546] x19: ffff800011d4b850 x18: 0000000000000000 
[  192.226895] x17: 0000000000000000 x16: 0000000000000000 
[  192.227791] x15: 0000000000000001 x14: 0000000000000000 
[  192.228726] x13: 0000000000000006 x12: 000000000000003c 
[  192.229882] x11: ffff0000783a2000 x10: 0000000000000000 
[  192.231168] x9 : ffff00007a828540 x8 : 0000000000000028 
[  192.232105] x7 : ffff000079bd6000 x6 : ffff800011d4b848 
[  192.233057] x5 : 00000000d5300000 x4 : ffff8000117c51f0 
[  192.233952] x3 : 00000000e8c00000 x2 : 0000000000000000 
[  192.235398] x1 : ffff00007b1db800 x0 : 0000000060000005 
[  192.237379] Call trace:
[  192.240139]  do_undefinstr+0x2ec/0x310
[  192.242137]  el1_undef+0x10/0x84
[  192.242620]  ip_finish_output2+0x1a4/0x588
[  192.243116]  __ip_finish_output+0x1b0/0x1e0
[  192.243748]  ip_output+0xf4/0x1b0
[  192.244347]  ip_local_out+0x44/0x58
[  192.244959]  ip_send_skb+0x1c/0xa8
[  192.245932]  udp_send_skb.isra.0+0x11c/0x368
[  192.246680]  udp_sendmsg+0x710/0x860
[  192.247382]  inet_sendmsg+0x40/0x68
[  192.248122]  __sys_sendto+0xd4/0x150
[  192.249034]  __arm64_sys_sendto+0x24/0x30
[  192.249815]  el0_svc_common.constprop.0+0x68/0x160
[  192.250606]  el0_svc_handler+0x20/0x80
[  192.251253]  el0_svc+0x8/0xc
[  192.255079] Code: f9401bf7 17ffff7c a9025bf5 f9001bf7 (d4210000) 
[  192.260268] ---[ end trace 2a3679084fb0aeb0 ]---
[  192.262629] note: python3[494] exited with preempt_count 1
[  192.365641] ------------[ cut here ]------------
[  192.379804] WARNING: CPU: 6 PID: 0 at kernel/rcu/tree.c:569 rcu_idle_enter+0x74/0x80
[  192.396467] Modules linked in:
[  192.400420] CPU: 6 PID: 0 Comm: swapper/6 Tainted: G      D           5.4.18 #2
[  192.409618] Hardware name: linux,dummy-virt (DT)
[  192.410089] pstate: 200003c5 (nzCv DAIF -PAN -UAO)
[  192.412987] pc : rcu_idle_enter+0x74/0x80
[  192.413795] lr : do_idle+0x200/0x288
[  192.414536] sp : ffff800011a73f20
[  192.416009] x29: ffff800011a73f20 x28: 0000000000000000 
[  192.418503] x27: 0000000000000000 x26: 0000000000000000 
[  192.422270] x25: 0000000000000000 x24: ffff8000117ba214 
[  192.427858] x23: ffff00007b0c6200 x22: ffff800011404ab8 
[  192.440725] x21: ffff8000117ba1f0 x20: 0000000000000006 
[  192.445937] x19: ffff8000117ba118 x18: 0000000000000010 
[  192.456898] x17: 0000000000000000 x16: 0000000000000000 
[  192.458434] x15: 0000000000000000 x14: 0000000000000000 
[  192.460965] x13: 0000000000000002 x12: 0000000000000000 
[  192.461760] x11: 0000000000000000 x10: 00000000000009c0 
[  192.462829] x9 : ffff800011a73e90 x8 : ffff00007b0c6c20 
[  192.465571] x7 : 00000000000003d4 x6 : 00000a7a1fdc177b 
[  192.466840] x5 : 00ffffffffffffff x4 : ffff80006c7c5000 
[  192.469471] x3 : 4000000000000002 x2 : 4000000000000000 
[  192.475444] x1 : ffff800011406980 x0 : ffff00007dbcb980 
[  192.479448] Call trace:
[  192.482999]  rcu_idle_enter+0x74/0x80
[  192.486445]  do_idle+0x200/0x288
[  192.491421]  cpu_startup_entry+0x24/0x40
[  192.499231]  secondary_start_kernel+0x154/0x190
[  192.502326] ---[ end trace 2a3679084fb0aeb1 ]---
