[  195.992418] Unable to handle kernel paging request at virtual address ffff00018317cd80
[  196.003827] Mem abort info:
[  196.004875]   ESR = 0x96000005
[  196.005832]   EC = 0x25: DABT (current EL), IL = 32 bits
[  196.006899]   SET = 0, FnV = 0
[  196.012755]   EA = 0, S1PTW = 0
[  196.013338] Data abort info:
[  196.014650]   ISV = 0, ISS = 0x00000005
[  196.025463]   CM = 0, WnR = 0
[  196.033537] swapper pgtable: 4k pages, 48-bit VAs, pgdp=00000000412a6000
[  196.044745] [ffff00018317cd80] pgd=00000000bdff8003, pud=0000000000000000
[  196.056993] Internal error: Oops: 96000005 [#1] PREEMPT SMP
[  196.059853] Modules linked in:
[  196.063497] CPU: 2 PID: 496 Comm: python3 Not tainted 5.4.18 #2
[  196.063906] Hardware name: linux,dummy-virt (DT)
[  196.064630] pstate: 40000005 (nZcv daif -PAN -UAO)
[  196.068100] pc : ip_finish_output2+0x3fc/0x588
[  196.069909] lr : __ip_finish_output+0x1b0/0x1e0
[  196.070674] sp : ffff800011d2b990
[  196.071189] x29: ffff800011d2b990 x28: 000000000000001a 
[  196.071959] x27: ffff800011d2bd80 x26: 0000000000000011 
[  196.073774] x25: 0000000000000012 x24: ffff00007aa2c000 
[  196.074386] x23: ffff00007b22bfc0 x22: ffff00007b1db800 
[  196.076290] x21: ffff000078149000 x20: ffff000076dac600 
[  196.077007] x19: 0000000000000010 x18: 0000000000000000 
[  196.077834] x17: 0000000000000000 x16: 0000000000000000 
[  196.081781] x15: 0000000000000001 x14: 0000000000000000 
[  196.082329] x13: 0000000000000006 x12: 00000000c0a80164 
[  196.084473] x11: 0000000000000000 x10: 0000000000000068 
[  196.087750] x9 : ffff00007b1db800 x8 : ffff800011d2bc30 
[  196.090073] x7 : 0000000000000003 x6 : 00000000edc8e501 
[  196.095469] x5 : ffff00007a968780 x4 : 000000000000001d 
[  196.097018] x3 : 000000006401a8c0 x2 : ffff00007aa2c000 
[  196.101185] x1 : 00000000211028c0 x0 : 0000000000000001 
[  196.105144] Call trace:
[  196.106082]  ip_finish_output2+0x3fc/0x588
[  196.109482]  __ip_finish_output+0x1b0/0x1e0
[  196.111801]  ip_output+0xf4/0x1b0
[  196.112977]  ip_local_out+0x44/0x58
[  196.116834]  ip_send_skb+0x1c/0xa8
[  196.120560]  udp_send_skb.isra.0+0x11c/0x368
[  196.123481]  udp_sendmsg+0x710/0x860
[  196.125407]  inet_sendmsg+0x40/0x68
[  196.127004]  __sys_sendto+0xd4/0x150
[  196.127903]  __arm64_sys_sendto+0x24/0x30
[  196.128176]  el0_svc_common.constprop.0+0x68/0x160
[  196.128422]  el0_svc_handler+0x20/0x80
[  196.128630]  el0_svc+0x8/0xc
[  196.133566] Code: f94000a5 4b070084 1b067c21 1ac42420 (f86178b3) 
[  196.143684] ---[ end trace 249f54b195b5f9ce ]---
[  196.155518] Kernel panic - not syncing: Fatal exception in interrupt
[  196.166158] SMP: stopping secondary CPUs
[  196.175377] Kernel Offset: disabled
[  196.177674] CPU features: 0x0002,20006000
[  196.179844] Memory Limit: none
[  196.184277] ---[ end Kernel panic - not syncing: Fatal exception in interrupt ]---
