[  206.855769] kernel BUG at arch/arm64/kernel/traps.c:405!
[  206.861773] Internal error: Oops - BUG: 0 [#1] PREEMPT SMP
[  206.864344] Modules linked in:
[  206.869308] CPU: 5 PID: 493 Comm: python3 Not tainted 5.4.18 #2
[  206.870162] Hardware name: linux,dummy-virt (DT)
[  206.871421] pstate: 00000005 (nzcv daif -PAN -UAO)
[  206.876946] pc : do_undefinstr+0x2ec/0x310
[  206.877937] lr : do_undefinstr+0x1e0/0x310
[  206.878799] sp : ffff800011d8b7f0
[  206.879541] x29: ffff800011d8b7f0 x28: ffff00007b1daa00 
[  206.881140] x27: ffff800011d8bd80 x26: 0000000000000011 
[  206.882361] x25: ffff0000780b9ec8 x24: 0000000000000000 
[  206.883268] x23: 0000000060000005 x22: ffff800010b77bfc 
[  206.885341] x21: ffff800011d8b990 x20: ffff00007b1daa00 
[  206.887076] x19: ffff800011d8b850 x18: 0000000000000000 
[  206.888700] x17: 0000000000000000 x16: 0000000000000000 
[  206.889391] x15: 0000000000000001 x14: 0000000000000000 
[  206.889936] x13: 0000000000000006 x12: 00000000c0a80164 
[  206.890434] x11: 0000000000000000 x10: 0000000000000068 
[  206.891011] x9 : ffff00007b1daa00 x8 : ffff800011d8bc30 
[  206.891477] x7 : 0000000000000003 x6 : ffff800011d8b848 
[  206.892277] x5 : 00000000d5300000 x4 : ffff8000117c51f0 
[  206.893232] x3 : 0000000054f00000 x2 : 0000000000000000 
[  206.894132] x1 : ffff00007b1daa00 x0 : 0000000060000005 
[  206.896138] Call trace:
[  206.897244]  do_undefinstr+0x2ec/0x310
[  206.898082]  el1_undef+0x10/0x84
[  206.898673]  ip_finish_output2+0x2ec/0x588
[  206.899558]  __ip_finish_output+0x1b0/0x1e0
[  206.901362]  ip_output+0xf4/0x1b0
[  206.902381]  ip_local_out+0x44/0x58
[  206.903188]  ip_send_skb+0x1c/0xa8
[  206.903955]  udp_send_skb.isra.0+0x11c/0x368
[  206.904564]  udp_sendmsg+0x710/0x860
[  206.905452]  inet_sendmsg+0x40/0x68
[  206.906788]  __sys_sendto+0xd4/0x150
[  206.907384]  __arm64_sys_sendto+0x24/0x30
[  206.908222]  el0_svc_common.constprop.0+0x68/0x160
[  206.908967]  el0_svc_handler+0x20/0x80
[  206.909645]  el0_svc+0x8/0xc
[  206.912253] Code: f9401bf7 17ffff7c a9025bf5 f9001bf7 (d4210000) 
[  206.922201] ---[ end trace d091f97967d540aa ]---
[  206.924727] Kernel panic - not syncing: Fatal exception in interrupt
[  206.926714] SMP: stopping secondary CPUs
[  206.930339] Kernel Offset: disabled
[  206.932670] CPU features: 0x0002,20006000
[  206.933357] Memory Limit: none
[  206.934951] ---[ end Kernel panic - not syncing: Fatal exception in interrupt ]---
