[  194.988101] Unable to handle kernel NULL pointer dereference at virtual address 00000000000005dc
[  195.016735] Mem abort info:
[  195.020613]   ESR = 0x96000006
[  195.022137]   EC = 0x25: DABT (current EL), IL = 32 bits
[  195.027089]   SET = 0, FnV = 0
[  195.030957]   EA = 0, S1PTW = 0
[  195.032894] Data abort info:
[  195.037019]   ISV = 0, ISS = 0x00000006
[  195.038594]   CM = 0, WnR = 0
[  195.041552] user pgtable: 4k pages, 48-bit VAs, pgdp=00000000b0971000
[  195.049006] [00000000000005dc] pgd=00000000b1669003, pud=00000000b2540003, pmd=0000000000000000
[  195.056924] Internal error: Oops: 96000006 [#1] PREEMPT SMP
[  195.060115] Modules linked in:
[  195.066753] CPU: 3 PID: 495 Comm: python3 Not tainted 5.4.18 #2
[  195.070262] Hardware name: linux,dummy-virt (DT)
[  195.073897] pstate: 80000005 (Nzcv daif -PAN -UAO)
[  195.079861] pc : ip_finish_output2+0x30/0x588
[  195.082082] lr : __ip_finish_output+0x1b0/0x1e0
[  195.082877] sp : ffff800011ef3990
[  195.083561] x29: ffff800011ef3990 x28: 000000000000001a 
[  195.086330] x27: ffff800011ef3d80 x26: 0000000000000011 
[  195.086530] x25: 0000000000000012 x24: ffff800011963ac0 
[  195.086735] x23: ffff00007a9de600 x22: ffff0000794db800 
[  195.087340] x21: 00000000000005dc x20: ffff0000780c20c0 
[  195.087536] x19: ffff00007954c600 x18: 0000000000000000 
[  195.087714] x17: 0000000000000000 x16: 0000000000000000 
[  195.087886] x15: 0000000000000001 x14: 0000000000000000 
[  195.088079] x13: 0000000000000006 x12: 00000000c0a80164 
[  195.088283] x11: 0000000000000000 x10: 0000000000000068 
[  195.088484] x9 : ffff0000794db800 x8 : ffff800011ef3c30 
[  195.088934] x7 : 0000000029000000 x6 : 0000000000005eca 
[  195.089177] x5 : 0000000000002004 x4 : 0000000000000007 
[  195.089475] x3 : 00000000000000c0 x2 : 0000000000000000 
[  195.089713] x1 : ffff00007a9de600 x0 : ffff800011963ac0 
[  195.090773] Call trace:
[  195.096398]  ip_finish_output2+0x30/0x588
[  195.097216]  __ip_finish_output+0x1b0/0x1e0
[  195.101448]  ip_output+0xf4/0x1b0
[  195.102073]  ip_local_out+0x44/0x58
[  195.104390]  ip_send_skb+0x1c/0xa8
[  195.106544]  udp_send_skb.isra.0+0x11c/0x368
[  195.113055]  udp_sendmsg+0x710/0x860
[  195.114961]  inet_sendmsg+0x40/0x68
[  195.121290]  __sys_sendto+0xd4/0x150
[  195.126499]  __arm64_sys_sendto+0x24/0x30
[  195.131128]  el0_svc_common.constprop.0+0x68/0x160
[  195.136827]  el0_svc_handler+0x20/0x80
[  195.138556]  el0_svc+0x8/0xc
[  195.141687] Code: f9423ac2 f9002fe2 d2800002 927ffab5 (f94002b8) 
[  195.148466] ---[ end trace 8b1d4a235b9e809e ]---
