[  192.283662] Unable to handle kernel NULL pointer dereference at virtual address 0000000000000208
[  192.298711] Mem abort info:
[  192.299630]   ESR = 0x96000006
[  192.300896]   EC = 0x25: DABT (current EL), IL = 32 bits
[  192.301959]   SET = 0, FnV = 0
[  192.302963]   EA = 0, S1PTW = 0
[  192.303934] Data abort info:
[  192.310425]   ISV = 0, ISS = 0x00000006
[  192.311748]   CM = 0, WnR = 0
[  192.314860] user pgtable: 4k pages, 48-bit VAs, pgdp=00000000b7132000
[  192.323552] [0000000000000208] pgd=00000000afc80003, pud=00000000b70e8003, pmd=0000000000000000
[  192.346062] Internal error: Oops: 96000006 [#1] PREEMPT SMP
[  192.354442] Modules linked in:
[  192.364822] CPU: 3 PID: 495 Comm: python3 Not tainted 5.4.18 #2
[  192.371199] Hardware name: linux,dummy-virt (DT)
[  192.374155] pstate: 80000005 (Nzcv daif -PAN -UAO)
[  192.379412] pc : ip_finish_output2+0x3d8/0x588
[  192.380994] lr : __ip_finish_output+0x1b0/0x1e0
[  192.382687] sp : ffff800011f53990
[  192.383368] x29: ffff800011f53990 x28: 000000000000001a 
[  192.395478] x27: ffff800011f53d80 x26: 0000000000000011 
[  192.402564] x25: 0000000000000012 x24: ffff00007a5be000 
[  192.411030] x23: ffff00007b22c400 x22: ffff00007964c600 
[  192.414140] x21: ffff000071250180 x20: ffff0000797c7c00 
[  192.417624] x19: 0000000000000010 x18: 0000000000000000 
[  192.422610] x17: 0000000000000000 x16: 0000000000000000 
[  192.431112] x15: 0000000000000001 x14: 0000000000000000 
[  192.441648] x13: 0000000000000006 x12: 00000000c0a80164 
[  192.450788] x11: 0000000000000000 x10: 0000000000000068 
[  192.455795] x9 : ffff00007964c600 x8 : ffff800011f53c30 
[  192.460488] x7 : 000000007f600000 x6 : 0000000000000380 
[  192.470889] x5 : ffff00007b309e80 x4 : 0000000000000020 
[  192.480615] x3 : 000000006401a8c0 x2 : 0000000000000000 
[  192.487085] x1 : 0000000000000000 x0 : ffff800011967788 
[  192.495263] Call trace:
[  192.504189]  ip_finish_output2+0x3d8/0x588
[  192.507373]  __ip_finish_output+0x1b0/0x1e0
[  192.508240]  ip_output+0xf4/0x1b0
[  192.508696]  ip_local_out+0x44/0x58
[  192.509649]  ip_send_skb+0x1c/0xa8
[  192.511815]  udp_send_skb.isra.0+0x11c/0x368
[  192.512943]  udp_sendmsg+0x710/0x860
[  192.514628]  inet_sendmsg+0x40/0x68
[  192.515716]  __sys_sendto+0xd4/0x150
[  192.518108]  __arm64_sys_sendto+0x24/0x30
[  192.522232]  el0_svc_common.constprop.0+0x68/0x160
[  192.530022]  el0_svc_handler+0x20/0x80
[  192.532987]  el0_svc+0x8/0xc
[  192.557483] Code: 8b050063 f940e805 b9401063 b90057e3 (b9420847) 
[  192.581466] ---[ end trace cb214a29730f2853 ]---
[  192.587724] Kernel panic - not syncing: Fatal exception in interrupt
[  192.606434] SMP: stopping secondary CPUs
[  192.614552] Kernel Offset: disabled
[  192.617191] CPU features: 0x0002,20006000
[  192.618835] Memory Limit: none
[  192.621686] ---[ end Kernel panic - not syncing: Fatal exception in interrupt ]---
