[  194.912603] Unable to handle kernel NULL pointer dereference at virtual address 0000000000000008
[  194.919075] Mem abort info:
[  194.924179]   ESR = 0x96000006
[  194.931327]   EC = 0x25: DABT (current EL), IL = 32 bits
[  194.932532]   SET = 0, FnV = 0
[  194.937691]   EA = 0, S1PTW = 0
[  194.947675] Data abort info:
[  194.958213]   ISV = 0, ISS = 0x00000006
[  194.966410]   CM = 0, WnR = 0
[  194.971671] user pgtable: 4k pages, 48-bit VAs, pgdp=00000000b8275000
[  194.974492] [0000000000000008] pgd=00000000b6c9e003, pud=00000000b10aa003, pmd=0000000000000000
[  194.978201] Internal error: Oops: 96000006 [#1] PREEMPT SMP
[  194.981012] Modules linked in:
[  194.982925] CPU: 3 PID: 494 Comm: python3 Not tainted 5.4.18 #2
[  194.983600] Hardware name: linux,dummy-virt (DT)
[  194.985082] pstate: 40000005 (nZcv daif -PAN -UAO)
[  194.986883] pc : ip_finish_output2+0x3e4/0x588
[  194.989990] lr : __ip_finish_output+0x1b0/0x1e0
[  194.991801] sp : ffff800011f3b990
[  194.994102] x29: ffff800011f3b990 x28: 000000000000001a 
[  194.995905] x27: ffff800011f3bd80 x26: 0000000000000011 
[  194.998748] x25: 0000000000000012 x24: ffff000079b78000 
[  194.999461] x23: ffff00007b2cd500 x22: ffff00007801e200 
[  195.002028] x21: ffff000078174000 x20: ffff000076d49900 
[  195.007430] x19: 0000000000000010 x18: 0000000000000000 
[  195.009020] x17: 0000000000000000 x16: 0000000000000000 
[  195.009995] x15: 0000000000000001 x14: 0000000000000000 
[  195.011193] x13: 0000000000000006 x12: 00000000c0a80164 
[  195.013072] x11: 0000000000000000 x10: 0000000000000068 
[  195.015023] x9 : ffff00007801e200 x8 : ffff800011f3bc30 
[  195.016123] x7 : 0000000000001003 x6 : 0000000000003aa9 
[  195.016697] x5 : 0000000000000000 x4 : 0000000000000020 
[  195.018539] x3 : 000000006401a8c0 x2 : ffff000079b78000 
[  195.021072] x1 : ffff000086488000 x0 : ffff8000118e7788 
[  195.023535] Call trace:
[  195.025080]  ip_finish_output2+0x3e4/0x588
[  195.025959]  __ip_finish_output+0x1b0/0x1e0
[  195.026262]  ip_output+0xf4/0x1b0
[  195.026466]  ip_local_out+0x44/0x58
[  195.026674]  ip_send_skb+0x1c/0xa8
[  195.026943]  udp_send_skb.isra.0+0x11c/0x368
[  195.029355]  udp_sendmsg+0x710/0x860
[  195.029736]  inet_sendmsg+0x40/0x68
[  195.030174]  __sys_sendto+0xd4/0x150
[  195.033722]  __arm64_sys_sendto+0x24/0x30
[  195.037963]  el0_svc_common.constprop.0+0x68/0x160
[  195.038468]  el0_svc_handler+0x20/0x80
[  195.038733]  el0_svc+0x8/0xc
[  195.041189] Code: b90057e3 b9420847 721d04ff 1a9f0063 (294118a7) 
[  195.046843] ---[ end trace 0d57cbbba86abfc5 ]---
[  195.050175] Kernel panic - not syncing: Fatal exception in interrupt
[  195.051170] SMP: stopping secondary CPUs
[  195.054751] Kernel Offset: disabled
[  195.055148] CPU features: 0x0002,20006000
[  195.055461] Memory Limit: none
[  195.056914] ---[ end Kernel panic - not syncing: Fatal exception in interrupt ]---
