[  193.941323] Unable to handle kernel paging request at virtual address 00420c21b9407012
[  193.949751] Mem abort info:
[  193.954316]   ESR = 0x96000004
[  193.956017]   EC = 0x25: DABT (current EL), IL = 32 bits
[  193.960675]   SET = 0, FnV = 0
[  193.961616]   EA = 0, S1PTW = 0
[  193.964562] Data abort info:
[  193.967984]   ISV = 0, ISS = 0x00000004
[  193.974767]   CM = 0, WnR = 0
[  193.977496] [00420c21b9407012] address between user and kernel address ranges
[  193.987414] Internal error: Oops: 96000004 [#1] PREEMPT SMP
[  193.991424] Modules linked in:
[  193.998787] CPU: 6 PID: 495 Comm: python3 Not tainted 5.4.18 #2
[  194.003980] Hardware name: linux,dummy-virt (DT)
[  194.008385] pstate: 80000005 (Nzcv daif -PAN -UAO)
[  194.017274] pc : rb_next+0x1c/0x50
[  194.021798] lr : tcp_send_loss_probe+0x1b8/0x210
[  194.023772] sp : ffff800011f8b990
[  194.025540] x29: ffff800011f8b990 x28: 000000000000001a 
[  194.041197] x27: ffff800011f8bd80 x26: 0000000000000011 
[  194.047006] x25: 0000000000000012 x24: ffff000079b70000 
[  194.051342] x23: ffff00007b3c5500 x22: ffff000078125400 
[  194.056732] x21: ffff0000717640c0 x20: ffff0000780bea00 
[  194.066664] x19: ffff0000781bde00 x18: 0000000000000000 
[  194.073172] x17: 0000000000000000 x16: 0000000000000000 
[  194.083602] x15: 0000000000000001 x14: 0000000000000000 
[  194.088391] x13: 0000000000000006 x12: 00000000c0a80164 
[  194.093517] x11: 0000000000000000 x10: 0000000000000068 
[  194.096606] x9 : ffff000078125400 x8 : ffff800011f8bc30 
[  194.100342] x7 : 0000000000000003 x6 : 000000005fadbd1f 
[  194.100720] x5 : ffff00007a93dd00 x4 : 000000000000001d 
[  194.101241] x3 : 000000006401a8c0 x2 : ffff0000717640c0 
[  194.101655] x1 : f9420c21b9407002 x0 : f9420c21b9407002 
[  194.106202] Call trace:
[  194.112636]  rb_next+0x1c/0x50
[  194.115245]  __ip_finish_output+0x1b0/0x1e0
[  194.115818]  ip_output+0xf4/0x1b0
[  194.116339]  ip_local_out+0x44/0x58
[  194.116970]  ip_send_skb+0x1c/0xa8
[  194.117525]  udp_send_skb.isra.0+0x11c/0x368
[  194.118051]  udp_sendmsg+0x710/0x860
[  194.118488]  inet_sendmsg+0x40/0x68
[  194.119770]  __sys_sendto+0xd4/0x150
[  194.120550]  __arm64_sys_sendto+0x24/0x30
[  194.121070]  el0_svc_common.constprop.0+0x68/0x160
[  194.124199]  el0_svc_handler+0x20/0x80
[  194.127545]  el0_svc+0x8/0xc
[  194.134018] Code: 540001e0 f9400441 b4000141 aa0103e0 (f9400821) 
[  194.160615] ---[ end trace abef9356df50a16a ]---
[  194.165920] Kernel panic - not syncing: Fatal exception in interrupt
[  194.172263] SMP: stopping secondary CPUs
[  194.178457] Kernel Offset: disabled
[  194.180143] CPU features: 0x0002,20006000
[  194.182649] Memory Limit: none
[  194.187612] ---[ end Kernel panic - not syncing: Fatal exception in interrupt ]---
