[  219.323942] kernel BUG at arch/arm64/kernel/traps.c:405!
[  219.327518] Internal error: Oops - BUG: 0 [#1] PREEMPT SMP
[  219.330624] Modules linked in:
[  219.339838] CPU: 6 PID: 494 Comm: python3 Not tainted 5.4.18 #2
[  219.341220] Hardware name: linux,dummy-virt (DT)
[  219.343892] pstate: 00000005 (nzcv daif -PAN -UAO)
[  219.345297] pc : do_undefinstr+0x2ec/0x310
[  219.346321] lr : do_undefinstr+0x1e0/0x310
[  219.347264] sp : ffff8000121537f0
[  219.348680] x29: ffff8000121537f0 x28: ffff000070dc0000 
[  219.349975] x27: ffff800012153d80 x26: 0000000000000011 
[  219.350755] x25: ffff00007a8bbac8 x24: 0000000000000000 
[  219.351491] x23: 0000000060000005 x22: ffff800010b77bbc 
[  219.352246] x21: ffff800012153990 x20: ffff000070dc0000 
[  219.353231] x19: ffff800012153850 x18: 0000000000000000 
[  219.354844] x17: 0000000000000000 x16: 0000000000000000 
[  219.356325] x15: 0000000000000001 x14: 0000000000000000 
[  219.357489] x13: 0000000000000006 x12: 00000000c0a80164 
[  219.358703] x11: 0000000000000000 x10: 0000000000000068 
[  219.360166] x9 : ffff000070dc0000 x8 : ffff800012153c30 
[  219.361230] x7 : 0000000000000003 x6 : ffff800012153848 
[  219.363127] x5 : 00000000d5300000 x4 : ffff8000117c51f0 
[  219.365266] x3 : 00000000b9c00000 x2 : 0000000000000000 
[  219.365857] x1 : ffff000070dc0000 x0 : 0000000060000005 
[  219.368081] Call trace:
[  219.368703]  do_undefinstr+0x2ec/0x310
[  219.369207]  el1_undef+0x10/0x84
[  219.369610]  ip_finish_output2+0x2ac/0x588
[  219.370155]  __ip_finish_output+0x1b0/0x1e0
[  219.370669]  ip_output+0xf4/0x1b0
[  219.371248]  ip_local_out+0x44/0x58
[  219.371676]  ip_send_skb+0x1c/0xa8
[  219.372695]  udp_send_skb.isra.0+0x11c/0x368
[  219.373162]  udp_sendmsg+0x710/0x860
[  219.373443]  inet_sendmsg+0x40/0x68
[  219.373735]  __sys_sendto+0xd4/0x150
[  219.374013]  __arm64_sys_sendto+0x24/0x30
[  219.374311]  el0_svc_common.constprop.0+0x68/0x160
[  219.374788]  el0_svc_handler+0x20/0x80
[  219.375081]  el0_svc+0x8/0xc
[  219.376032] Code: f9401bf7 17ffff7c a9025bf5 f9001bf7 (d4210000) 
[  219.381577] ---[ end trace 5afc14f46ad4756a ]---
[  219.383307] Kernel panic - not syncing: Fatal exception in interrupt
[  219.384056] SMP: stopping secondary CPUs
[  219.385973] Kernel Offset: disabled
[  219.386521] CPU features: 0x0002,20006000
[  219.386871] Memory Limit: none
[  219.387978] ---[ end Kernel panic - not syncing: Fatal exception in interrupt ]---
