[  193.788812] Unable to handle kernel NULL pointer dereference at virtual address 0000000000000141
[  193.790412] Mem abort info:
[  193.790723]   ESR = 0x96000006
[  193.791133]   EC = 0x25: DABT (current EL), IL = 32 bits
[  193.791621]   SET = 0, FnV = 0
[  193.791930]   EA = 0, S1PTW = 0
[  193.792257] Data abort info:
[  193.792563]   ISV = 0, ISS = 0x00000006
[  193.793849]   CM = 0, WnR = 0
[  193.794643] user pgtable: 4k pages, 48-bit VAs, pgdp=00000000b16df000
[  193.800340] [0000000000000141] pgd=00000000b25fb003, pud=00000000b365d003, pmd=0000000000000000
[  193.811751] Internal error: Oops: 96000006 [#1] PREEMPT SMP
[  193.814330] Modules linked in:
[  193.830433] CPU: 7 PID: 495 Comm: python3 Not tainted 5.4.18 #2
[  193.834131] Hardware name: linux,dummy-virt (DT)
[  193.838966] pstate: 60000005 (nZCv daif -PAN -UAO)
[  193.843035] pc : ip_finish_output2+0x70/0x588
[  193.843349] lr : __ip_finish_output+0x1b0/0x1e0
[  193.843719] sp : ffff800011f8b990
[  193.845888] x29: ffff800011f8b990 x28: 000000000000001a 
[  193.846696] x27: ffff800011f8bd80 x26: 0000000000000011 
[  193.851249] x25: 0000000000000012 x24: ffff00007ab34000 
[  193.854044] x23: ffff000078153740 x22: ffff000078168e00 
[  193.856813] x21: ffff00007b3b3240 x20: ffff00007a817400 
[  193.864553] x19: 0000000000000010 x18: 0000000000000000 
[  193.877395] x17: 0000000000000000 x16: 0000000000000000 
[  193.882882] x15: 0000000000000001 x14: 0000000000000000 
[  193.883621] x13: 0000000000000006 x12: 00000000c0a80164 
[  193.889834] x11: 0000000000000000 x10: 0000000000000068 
[  193.897083] x9 : ffff000078168e00 x8 : ffff800011f8bc30 
[  193.899603] x7 : 00000000c9c00000 x6 : 000000000000fc8f 
[  193.901842] x5 : 0000000000000c68 x4 : 0000000000000007 
[  193.903422] x3 : 00000000000000c0 x2 : 0000000000000000 
[  193.904452] x1 : 0000000000000131 x0 : 0000000000000010 
[  193.906091] Call trace:
[  193.907586]  ip_finish_output2+0x70/0x588
[  193.908159]  __ip_finish_output+0x1b0/0x1e0
[  193.908603]  ip_output+0xf4/0x1b0
[  193.908887]  ip_local_out+0x44/0x58
[  193.909146]  ip_send_skb+0x1c/0xa8
[  193.909733]  udp_send_skb.isra.0+0x11c/0x368
[  193.911392]  udp_sendmsg+0x710/0x860
[  193.914962]  inet_sendmsg+0x40/0x68
[  193.917629]  __sys_sendto+0xd4/0x150
[  193.925672]  __arm64_sys_sendto+0x24/0x30
[  193.927366]  el0_svc_common.constprop.0+0x68/0x160
[  193.934031]  el0_svc_handler+0x20/0x80
[  193.938018]  el0_svc+0x8/0xc
[  193.947751] Code: cb010000 6b00027f 54000f68 d5380101 (b9401020) 
[  193.960389] ---[ end trace f268858695877883 ]---
