[  255.244395] kernel BUG at arch/arm64/kernel/traps.c:405!
[  255.252046] Internal error: Oops - BUG: 0 [#1] PREEMPT SMP
[  255.253250] Modules linked in:
[  255.255554] CPU: 7 PID: 257 Comm: systemd-timesyn Not tainted 5.4.18 #2
[  255.256063] Hardware name: linux,dummy-virt (DT)
[  255.256961] pstate: 00000005 (nzcv daif -PAN -UAO)
[  255.260009] pc : do_undefinstr+0x2ec/0x310
[  255.260639] lr : do_undefinstr+0x1e0/0x310
[  255.262273] sp : ffff800011d6b7f0
[  255.263011] x29: ffff800011d6b7f0 x28: ffff000079635400 
[  255.264135] x27: ffff800011d6bd80 x26: 0000000000000011 
[  255.265045] x25: 0000000000000030 x24: 0000000000000000 
[  255.265896] x23: 0000000060000005 x22: ffff800010b779b8 
[  255.266739] x21: ffff800011d6b990 x20: ffff000079635400 
[  255.267691] x19: ffff800011d6b850 x18: 0000000000000000 
[  255.268540] x17: 0000000000000000 x16: 0000000000000000 
[  255.269433] x15: 0000000000000001 x14: 0000000000000000 
[  255.270279] x13: 0000000000000000 x12: 00000000b97dbe39 
[  255.271441] x11: 0000000000000000 x10: 0000000000000068 
[  255.272310] x9 : ffff000079635400 x8 : ffff800011d6bc30 
[  255.273210] x7 : 000000005f700000 x6 : ffff800011d6b848 
[  255.274062] x5 : 00000000d5300000 x4 : ffff8000117c51f0 
[  255.275148] x3 : 0000000099400000 x2 : 0000000000000000 
[  255.277159] x1 : ffff000079635400 x0 : 0000000060000005 
[  255.278617] Call trace:
[  255.279674]  do_undefinstr+0x2ec/0x310
[  255.280416]  el1_undef+0x10/0x84
[  255.281465]  ip_finish_output2+0xa8/0x588
[  255.282124]  __ip_finish_output+0x1b0/0x1e0
[  255.283025]  ip_output+0xf4/0x1b0
[  255.283622]  ip_local_out+0x44/0x58
[  255.284390]  ip_send_skb+0x1c/0xa8
[  255.285056]  udp_send_skb.isra.0+0x11c/0x368
[  255.285745]  udp_sendmsg+0x710/0x860
[  255.286365]  inet_sendmsg+0x40/0x68
[  255.287045]  __sys_sendto+0xd4/0x150
[  255.287649]  __arm64_sys_sendto+0x24/0x30
[  255.288313]  el0_svc_common.constprop.0+0x68/0x160
[  255.289112]  el0_svc_handler+0x20/0x80
[  255.289743]  el0_svc+0x8/0xc
[  255.293405] Code: f9401bf7 17ffff7c a9025bf5 f9001bf7 (d4210000) 
[  255.299213] ---[ end trace 7f3549250c65a7e5 ]---
[  255.300452] Kernel panic - not syncing: Fatal exception in interrupt
[  255.301347] SMP: stopping secondary CPUs
[  255.303590] Kernel Offset: disabled
[  255.304779] CPU features: 0x0002,20006000
[  255.305660] Memory Limit: none
[  255.310454] ---[ end Kernel panic - not syncing: Fatal exception in interrupt ]---
