[  194.014131] Unable to handle kernel NULL pointer dereference at virtual address 0000000000000058
[  194.017535] Mem abort info:
[  194.018431]   ESR = 0x96000006
[  194.019394]   EC = 0x25: DABT (current EL), IL = 32 bits
[  194.026768]   SET = 0, FnV = 0
[  194.031315]   EA = 0, S1PTW = 0
[  194.036577] Data abort info:
[  194.042480]   ISV = 0, ISS = 0x00000006
[  194.043747]   CM = 0, WnR = 0
[  194.057313] user pgtable: 4k pages, 48-bit VAs, pgdp=00000000b6fdd000
[  194.062278] [0000000000000058] pgd=00000000b214d003, pud=00000000baa2c003, pmd=0000000000000000
[  194.074517] Internal error: Oops: 96000006 [#1] PREEMPT SMP
[  194.080280] Modules linked in:
[  194.088848] CPU: 2 PID: 495 Comm: python3 Not tainted 5.4.18 #2
[  194.090958] Hardware name: linux,dummy-virt (DT)
[  194.093217] pstate: 40000005 (nZcv daif -PAN -UAO)
[  194.093700] pc : ip_finish_output2+0x180/0x588
[  194.094118] lr : ip_finish_output2+0x17c/0x588
[  194.094755] sp : ffff800011edb990
[  194.095179] x29: ffff800011edb990 x28: 000000000000001a 
[  194.096104] x27: ffff800011edbd80 x26: 0000000000000011 
[  194.100822] x25: 0000000000000012 x24: 0000000000000010 
[  194.103195] x23: 0000000000000000 x22: ffff00007b373c70 
[  194.105832] x21: 000000000000003c x20: ffff000079b3bd00 
[  194.113750] x19: 0000000000000000 x18: 0000000000000000 
[  194.122135] x17: 0000000000000000 x16: 0000000000000000 
[  194.124301] x15: 0000000000000001 x14: 0000000000000000 
[  194.126689] x13: 0000000000000006 x12: 000000000000003c 
[  194.132489] x11: ffff000079756000 x10: 0000000000000000 
[  194.137674] x9 : ffff00007821ed40 x8 : 0000000000000028 
[  194.144593] x7 : ffff000073e40000 x6 : 0000000022100000 
[  194.150492] x5 : 0000000000000000 x4 : ffff000073e40000 
[  194.153151] x3 : 00000000000003e8 x2 : ffff00007b373800 
[  194.154814] x1 : 0000000000000000 x0 : 0000000100000000 
[  194.158478] Call trace:
[  194.159258]  ip_finish_output2+0x180/0x588
[  194.162104]  __ip_finish_output+0x1b0/0x1e0
[  194.163402]  ip_output+0xf4/0x1b0
[  194.166157]  ip_local_out+0x44/0x58
[  194.166773]  ip_send_skb+0x1c/0xa8
[  194.169737]  udp_send_skb.isra.0+0x11c/0x368
[  194.170303]  udp_sendmsg+0x710/0x860
[  194.170908]  inet_sendmsg+0x40/0x68
[  194.171167]  __sys_sendto+0xd4/0x150
[  194.172988]  __arm64_sys_sendto+0x24/0x30
[  194.173628]  el0_svc_common.constprop.0+0x68/0x160
[  194.173883]  el0_svc_handler+0x20/0x80
[  194.174328]  el0_svc+0x8/0xc
[  194.177427] Code: 52804001 9129f000 97d5c412 9111c2d6 (f9402ee0) 
[  194.180348] ---[ end trace 998bbe9bee9b1f0d ]---
