[  197.992656] kernel BUG at arch/arm64/kernel/traps.c:405!
[  197.994820] Internal error: Oops - BUG: 0 [#1] PREEMPT SMP
[  197.996583] Modules linked in:
[  197.998927] CPU: 5 PID: 496 Comm: python3 Not tainted 5.4.18 #2
[  197.999752] Hardware name: linux,dummy-virt (DT)
[  198.001312] pstate: 00000005 (nzcv daif -PAN -UAO)
[  198.002397] pc : do_undefinstr+0x2ec/0x310
[  198.002854] lr : do_undefinstr+0x1e0/0x310
[  198.003373] sp : ffff800011fcb7f0
[  198.003790] x29: ffff800011fcb7f0 x28: ffff000079688000 
[  198.004516] x27: ffff800011fcbd80 x26: 0000000000000011 
[  198.005047] x25: 0000000000000012 x24: 0000000000000000 
[  198.005588] x23: 0000000060000005 x22: ffff800010b77978 
[  198.006083] x21: ffff800011fcb990 x20: ffff000079688000 
[  198.006569] x19: ffff800011fcb850 x18: 0000000000000000 
[  198.007056] x17: 0000000000000000 x16: 0000000000000000 
[  198.007608] x15: 0000000000000001 x14: 0000000000000000 
[  198.008103] x13: 0000000000000006 x12: 00000000c0a80164 
[  198.008591] x11: 0000000000000000 x10: 0000000000000068 
[  198.009231] x9 : ffff000079688000 x8 : ffff800011fcbc30 
[  198.009841] x7 : 00000000d9c00000 x6 : ffff800011fcb848 
[  198.010343] x5 : 00000000d5300000 x4 : ffff8000117c51f0 
[  198.011855] x3 : 0000000044000000 x2 : 0000000000000000 
[  198.014661] x1 : ffff000079688000 x0 : 0000000060000005 
[  198.016597] Call trace:
[  198.017388]  do_undefinstr+0x2ec/0x310
[  198.018223]  el1_undef+0x10/0x84
[  198.018844]  ip_finish_output2+0x68/0x588
[  198.019430]  __ip_finish_output+0x1b0/0x1e0
[  198.019748]  ip_output+0xf4/0x1b0
[  198.020046]  ip_local_out+0x44/0x58
[  198.020332]  ip_send_skb+0x1c/0xa8
[  198.020610]  udp_send_skb.isra.0+0x11c/0x368
[  198.020928]  udp_sendmsg+0x710/0x860
[  198.021212]  inet_sendmsg+0x40/0x68
[  198.021496]  __sys_sendto+0xd4/0x150
[  198.021778]  __arm64_sys_sendto+0x24/0x30
[  198.022114]  el0_svc_common.constprop.0+0x68/0x160
[  198.022465]  el0_svc_handler+0x20/0x80
[  198.022758]  el0_svc+0x8/0xc
[  198.023579] Code: f9401bf7 17ffff7c a9025bf5 f9001bf7 (d4210000) 
[  198.025215] ---[ end trace 3cd43492507b9818 ]---
[  198.026010] note: python3[496] exited with preempt_count 1
[  198.102603] ------------[ cut here ]------------
[  198.107140] WARNING: CPU: 5 PID: 0 at kernel/rcu/tree.c:569 rcu_idle_enter+0x74/0x80
[  198.108355] Modules linked in:
[  198.108706] CPU: 5 PID: 0 Comm: swapper/5 Tainted: G      D           5.4.18 #2
[  198.109184] Hardware name: linux,dummy-virt (DT)
[  198.110644] pstate: 200003c5 (nzCv DAIF -PAN -UAO)
[  198.111580] pc : rcu_idle_enter+0x74/0x80
[  198.112467] lr : do_idle+0x200/0x288
[  198.113616] sp : ffff800011a6bf20
[  198.114561] x29: ffff800011a6bf20 x28: 0000000000000000 
[  198.117304] x27: 0000000000000000 x26: 0000000000000000 
[  198.118675] x25: 0000000000000000 x24: ffff8000117ba214 
[  198.119259] x23: ffff00007b0c5400 x22: ffff800011404ab8 
[  198.120025] x21: ffff8000117ba1f0 x20: 0000000000000005 
[  198.126443] x19: ffff8000117ba118 x18: 0000000000000010 
[  198.137374] x17: 0000000000000000 x16: 0000000000000000 
[  198.141883] x15: 0000000000000000 x14: 0000000000000000 
[  198.144704] x13: 0000000000000003 x12: 0000000000000000 
[  198.150531] x11: 0000000000000000 x10: 00000000000009c0 
[  198.151041] x9 : ffff800011a6be90 x8 : ffff00007b0c5e20 
[  198.153025] x7 : 00000000000003c6 x6 : 000003e500742c2f 
[  198.155053] x5 : 00ffffffffffffff x4 : ffff80006c7af000 
[  198.156419] x3 : 4000000000000002 x2 : 4000000000000000 
[  198.156795] x1 : ffff800011406980 x0 : ffff00007dbb5980 
[  198.157134] Call trace:
[  198.157528]  rcu_idle_enter+0x74/0x80
[  198.157769]  do_idle+0x200/0x288
[  198.158024]  cpu_startup_entry+0x20/0x40
[  198.158527]  secondary_start_kernel+0x154/0x190
[  198.158940] ---[ end trace 3cd43492507b9819 ]---
