[  239.006016] kernel BUG at arch/arm64/kernel/traps.c:405!
[  239.016419] Internal error: Oops - BUG: 0 [#1] PREEMPT SMP
[  239.021090] Modules linked in:
[  239.028711] CPU: 1 PID: 492 Comm: python3 Not tainted 5.4.18 #2
[  239.032511] Hardware name: linux,dummy-virt (DT)
[  239.037847] pstate: 00000005 (nzcv daif -PAN -UAO)
[  239.046483] pc : do_undefinstr+0x2ec/0x310
[  239.047572] lr : do_undefinstr+0x1e0/0x310
[  239.048502] sp : ffff800011d537f0
[  239.049296] x29: ffff800011d537f0 x28: ffff0000796f8000 
[  239.050779] x27: ffff800011d53d80 x26: 0000000000000011 
[  239.052278] x25: 0000000000000012 x24: 0000000000000000 
[  239.053411] x23: 0000000080000005 x22: ffff800010b77914 
[  239.054599] x21: ffff800011d53990 x20: ffff0000796f8000 
[  239.055724] x19: ffff800011d53850 x18: 0000000000000000 
[  239.057764] x17: 0000000000000000 x16: 0000000000000000 
[  239.059835] x15: 0000000000000001 x14: 0000000000000000 
[  239.061628] x13: 0000000000000006 x12: 00000000c0a80164 
[  239.062867] x11: 0000000000000000 x10: 0000000000000068 
[  239.063959] x9 : ffff0000796f8000 x8 : ffff800011d53c30 
[  239.065031] x7 : 00000000dda00000 x6 : ffff800011d53848 
[  239.065658] x5 : 00000000d5300000 x4 : ffff8000117c51f0 
[  239.066058] x3 : 0000000091800000 x2 : 0000000000000000 
[  239.066466] x1 : ffff0000796f8000 x0 : 0000000080000005 
[  239.067304] Call trace:
[  239.067692]  do_undefinstr+0x2ec/0x310
[  239.068036]  el1_undef+0x10/0x84
[  239.068418]  ip_finish_output2+0x4/0x588
[  239.068798]  ip_output+0xf4/0x1b0
[  239.069063]  ip_local_out+0x44/0x58
[  239.069336]  ip_send_skb+0x1c/0xa8
[  239.069605]  udp_send_skb.isra.0+0x11c/0x368
[  239.069915]  udp_sendmsg+0x710/0x860
[  239.070192]  inet_sendmsg+0x40/0x68
[  239.070467]  __sys_sendto+0xd4/0x150
[  239.070770]  __arm64_sys_sendto+0x24/0x30
[  239.071079]  el0_svc_common.constprop.0+0x68/0x160
[  239.071422]  el0_svc_handler+0x20/0x80
[  239.071705]  el0_svc+0x8/0xc
[  239.073065] Code: f9401bf7 17ffff7c a9025bf5 f9001bf7 (d4210000) 
[  239.077360] ---[ end trace 0e85c949167742fa ]---
[  239.079750] note: python3[492] exited with preempt_count 1
[  239.225444] ------------[ cut here ]------------
[  239.228546] WARNING: CPU: 1 PID: 0 at kernel/rcu/tree.c:569 rcu_idle_enter+0x74/0x80
[  239.235825] Modules linked in:
[  239.237000] CPU: 1 PID: 0 Comm: swapper/1 Tainted: G      D           5.4.18 #2
[  239.238268] Hardware name: linux,dummy-virt (DT)
[  239.238508] pstate: 20000085 (nzCv daIf -PAN -UAO)
[  239.238860] pc : rcu_idle_enter+0x74/0x80
[  239.239347] lr : do_idle+0x200/0x288
[  239.240234] sp : ffff800011a4bf20
[  239.241257] x29: ffff800011a4bf20 x28: 0000000000000000 
[  239.241925] x27: 0000000000000000 x26: 0000000000000000 
[  239.248237] x25: 0000000000000000 x24: ffff8000117ba214 
[  239.249720] x23: ffff00007b0c1c00 x22: ffff800011404ab8 
[  239.250870] x21: ffff8000117ba1f0 x20: 0000000000000001 
[  239.254954] x19: ffff8000117ba118 x18: 0000000000000000 
[  239.257626] x17: 0000000000000000 x16: 0000000000000000 
[  239.262203] x15: 0000000000000025 x14: 0000000000000000 
[  239.263089] x13: 0000000000000002 x12: 0000000000000025 
[  239.266819] x11: 0000000000000001 x10: 00000000000009c0 
[  239.270684] x9 : ffff800011a4be90 x8 : ffff00007b0c2620 
[  239.278687] x7 : 0000000000000400 x6 : 0000005234cc0836 
[  239.278998] x5 : 00ffffffffffffff x4 : ffff80006c757000 
[  239.280430] x3 : 4000000000000002 x2 : 4000000000000000 
[  239.280970] x1 : ffff800011406980 x0 : ffff00007db5d980 
[  239.281889] Call trace:
[  239.282294]  rcu_idle_enter+0x74/0x80
[  239.282586]  do_idle+0x200/0x288
[  239.282998]  cpu_startup_entry+0x24/0x40
[  239.283719]  secondary_start_kernel+0x154/0x190
[  239.284692] ---[ end trace 0e85c949167742fb ]---
