[  196.087914] Unable to handle kernel paging request at virtual address ffff00011efa6640
[  196.097083] Mem abort info:
[  196.097640]   ESR = 0x96000005
[  196.099194]   EC = 0x25: DABT (current EL), IL = 32 bits
[  196.099956]   SET = 0, FnV = 0
[  196.100624]   EA = 0, S1PTW = 0
[  196.110443] Data abort info:
[  196.112778]   ISV = 0, ISS = 0x00000005
[  196.113507]   CM = 0, WnR = 0
[  196.118119] swapper pgtable: 4k pages, 48-bit VAs, pgdp=00000000412a6000
[  196.132458] [ffff00011efa6640] pgd=00000000bdff8003, pud=0000000000000000
[  196.152953] Internal error: Oops: 96000005 [#1] PREEMPT SMP
[  196.160027] Modules linked in:
[  196.164420] CPU: 7 PID: 496 Comm: python3 Not tainted 5.4.18 #2
[  196.165549] Hardware name: linux,dummy-virt (DT)
[  196.168449] pstate: 40000005 (nZcv daif -PAN -UAO)
[  196.179878] pc : ip_finish_output2+0x3fc/0x588
[  196.182373] lr : __ip_finish_output+0x1b0/0x1e0
[  196.183607] sp : ffff800011f53990
[  196.187629] x29: ffff800011f53990 x28: 000000000000001a 
[  196.193788] x27: ffff800011f53d80 x26: 0000000000000011 
[  196.195295] x25: 0000000000000012 x24: ffff000079b60000 
[  196.204124] x23: ffff00007973b740 x22: ffff000079585400 
[  196.207650] x21: ffff000076d0d000 x20: ffff000079552e00 
[  196.208120] x19: 0000000000000010 x18: 0000000000000000 
[  196.211120] x17: 0000000000000000 x16: 0000000000000000 
[  196.218269] x15: 0000000000000001 x14: 0000000000000000 
[  196.219112] x13: 0000000000000006 x12: 00000000c0a80164 
[  196.220490] x11: 0000000000000000 x10: 0000000000000068 
[  196.222620] x9 : ffff000079585400 x8 : ffff800011f53c30 
[  196.234910] x7 : 0000000000000003 x6 : 00000000d5a756ff 
[  196.237291] x5 : ffff00007aa9cf00 x4 : 0000000000000023 
[  196.240115] x3 : 000000006401a8c0 x2 : ffff000079b60000 
[  196.245566] x1 : 00000000148a12e8 x0 : ffff800011967788 
[  196.250872] Call trace:
[  196.255081]  ip_finish_output2+0x3fc/0x588
[  196.257534]  __ip_finish_output+0x1b0/0x1e0
[  196.260401]  ip_output+0xf4/0x1b0
[  196.261217]  ip_local_out+0x44/0x58
[  196.264564]  ip_send_skb+0x1c/0xa8
[  196.267288]  udp_send_skb.isra.0+0x11c/0x368
[  196.272417]  udp_sendmsg+0x710/0x860
[  196.277901]  inet_sendmsg+0x40/0x68
[  196.281362]  __sys_sendto+0xd4/0x150
[  196.285583]  __arm64_sys_sendto+0x24/0x30
[  196.288393]  el0_svc_common.constprop.0+0x68/0x160
[  196.290879]  el0_svc_handler+0x20/0x80
[  196.293473]  el0_svc+0x8/0xc
[  196.307349] Code: f94000a5 0b070084 1b067c21 1ac42421 (f86178b3) 
[  196.333438] ---[ end trace 03390bd9c460bea6 ]---
[  196.340560] Kernel panic - not syncing: Fatal exception in interrupt
[  196.350018] SMP: stopping secondary CPUs
[  196.356670] Kernel Offset: disabled
[  196.359297] CPU features: 0x0002,20006000
[  196.360252] Memory Limit: none
[  196.364878] ---[ end Kernel panic - not syncing: Fatal exception in interrupt ]---
