[  195.264951] kernel BUG at arch/arm64/kernel/traps.c:405!
[  195.278094] Internal error: Oops - BUG: 0 [#1] PREEMPT SMP
[  195.280010] Modules linked in:
[  195.285891] CPU: 1 PID: 495 Comm: python3 Not tainted 5.4.18 #2
[  195.287297] Hardware name: linux,dummy-virt (DT)
[  195.289029] pstate: 00000005 (nzcv daif -PAN -UAO)
[  195.294678] pc : do_undefinstr+0x2ec/0x310
[  195.294976] lr : do_undefinstr+0x1e0/0x310
[  195.295241] sp : ffff800011d837f0
[  195.295463] x29: ffff800011d837f0 x28: ffff000076b66200 
[  195.295841] x27: ffff800011d83d80 x26: 0000000000000011 
[  195.296160] x25: 0000000000000012 x24: 0000000000000000 
[  195.296479] x23: 0000000080000005 x22: ffff800010b77ccc 
[  195.296772] x21: ffff800011d83990 x20: ffff000076b66200 
[  195.297270] x19: ffff800011d83850 x18: 0000000000000000 
[  195.297572] x17: 0000000000000000 x16: 0000000000000000 
[  195.297949] x15: 0000000000000001 x14: 0000000000000000 
[  195.298246] x13: 0000000000000006 x12: 00000000c0a80164 
[  195.298755] x11: 0000000000000000 x10: 0000000000000068 
[  195.299322] x9 : ffff000076b66200 x8 : ffff800011d83c30 
[  195.299883] x7 : 00000000a4e00000 x6 : ffff800011d83848 
[  195.300561] x5 : 00000000d5300000 x4 : ffff8000117c51f0 
[  195.302038] x3 : 0000000059400000 x2 : 0000000000000000 
[  195.304054] x1 : ffff000076b66200 x0 : 0000000080000005 
[  195.306354] Call trace:
[  195.307124]  do_undefinstr+0x2ec/0x310
[  195.307695]  el1_undef+0x10/0x84
[  195.308290]  ip_finish_output2+0x3bc/0x588
[  195.308773]  __ip_finish_output+0x1b0/0x1e0
[  195.309504]  ip_output+0xf4/0x1b0
[  195.310749]  ip_local_out+0x44/0x58
[  195.310976]  ip_send_skb+0x1c/0xa8
[  195.311189]  udp_send_skb.isra.0+0x11c/0x368
[  195.311461]  udp_sendmsg+0x710/0x860
[  195.311724]  inet_sendmsg+0x40/0x68
[  195.311936]  __sys_sendto+0xd4/0x150
[  195.312203]  __arm64_sys_sendto+0x24/0x30
[  195.312437]  el0_svc_common.constprop.0+0x68/0x160
[  195.312694]  el0_svc_handler+0x20/0x80
[  195.313065]  el0_svc+0x8/0xc
[  195.314520] Code: f9401bf7 17ffff7c a9025bf5 f9001bf7 (d4210000) 
[  195.319245] ---[ end trace 685fe8a2aab35de8 ]---
[  195.320275] Kernel panic - not syncing: Fatal exception in interrupt
[  195.320981] SMP: stopping secondary CPUs
[  195.322433] Kernel Offset: disabled
[  195.322781] CPU features: 0x0002,20006000
[  195.323061] Memory Limit: none
[  195.324428] ---[ end Kernel panic - not syncing: Fatal exception in interrupt ]---
