[  193.113734] Unable to handle kernel NULL pointer dereference at virtual address 000000000000001a
[  193.124952] Mem abort info:
[  193.125671]   ESR = 0x86000006
[  193.129698]   EC = 0x21: IABT (current EL), IL = 32 bits
[  193.134908]   SET = 0, FnV = 0
[  193.141352]   EA = 0, S1PTW = 0
[  193.145780] user pgtable: 4k pages, 48-bit VAs, pgdp=00000000b3e9b000
[  193.153331] [000000000000001a] pgd=00000000b24f6003, pud=00000000b3c7f003, pmd=0000000000000000
[  193.174195] Internal error: Oops: 86000006 [#1] PREEMPT SMP
[  193.181842] Modules linked in:
[  193.186007] CPU: 7 PID: 493 Comm: python3 Not tainted 5.4.18 #2
[  193.186449] Hardware name: linux,dummy-virt (DT)
[  193.188006] pstate: 60000005 (nZCv daif -PAN -UAO)
[  193.191314] pc : 0x1a
[  193.193915] lr : __ip_finish_output+0x1b0/0x1e0
[  193.198095] sp : ffff800011f839f0
[  193.202857] x29: ffff800011f839f0 x28: 000000000000001a 
[  193.205384] x27: ffff800011f83d80 x26: 0000000000000011 
[  193.216126] x25: 0000000000000012 x24: ffff800011963ac0 
[  193.218738] x23: ffff00007abf3b80 x22: ffff000075d06200 
[  193.219042] x21: 00000000000005dc x20: ffff0000780d5a00 
[  193.219338] x19: ffff0000780d5a00 x18: 0000000000000000 
[  193.220255] x17: 0000000000000000 x16: 0000000000000000 
[  193.223309] x15: 0000000000000001 x14: 0000000000000000 
[  193.226420] x13: 0000000000000006 x12: 000000000000003c 
[  193.228683] x11: ffff000076d59000 x10: 0000000000000000 
[  193.232808] x9 : ffff000076dd7540 x8 : 0000000000000028 
[  193.233379] x7 : ffff00007253c000 x6 : 0000000022100000 
[  193.233989] x5 : 0000000000000000 x4 : ffff00007253c000 
[  193.234933] x3 : 00000000000003e8 x2 : ffff000075d06200 
[  193.235370] x1 : 0000000000000000 x0 : 0000000000000000 
[  193.236012] Call trace:
[  193.236602]  0x1a
[  193.237575]  ip_output+0xf4/0x1b0
[  193.238332]  ip_local_out+0x44/0x58
[  193.238649]  ip_send_skb+0x1c/0xa8
[  193.239162]  udp_send_skb.isra.0+0x11c/0x368
[  193.240837]  udp_sendmsg+0x710/0x860
[  193.241612]  inet_sendmsg+0x40/0x68
[  193.245795]  __sys_sendto+0xd4/0x150
[  193.247030]  __arm64_sys_sendto+0x24/0x30
[  193.249590]  el0_svc_common.constprop.0+0x68/0x160
[  193.250583]  el0_svc_handler+0x20/0x80
[  193.252595]  el0_svc+0x8/0xc
[  193.256189] Code: bad PC value
[  193.264562] ---[ end trace f89ca71be4422b96 ]---
