[  194.542457] Unable to handle kernel NULL pointer dereference at virtual address 00000000000000e0
[  194.552578] Mem abort info:
[  194.552977]   ESR = 0x96000006
[  194.553260]   EC = 0x25: DABT (current EL), IL = 32 bits
[  194.553560]   SET = 0, FnV = 0
[  194.553769]   EA = 0, S1PTW = 0
[  194.554143] Data abort info:
[  194.555276]   ISV = 0, ISS = 0x00000006
[  194.555666]   CM = 0, WnR = 0
[  194.559099] user pgtable: 4k pages, 48-bit VAs, pgdp=00000000b09bb000
[  194.563370] [00000000000000e0] pgd=00000000b6c49003, pud=00000000b3966003, pmd=0000000000000000
[  194.577985] Internal error: Oops: 96000006 [#1] PREEMPT SMP
[  194.587604] Modules linked in:
[  194.596327] CPU: 2 PID: 493 Comm: python3 Not tainted 5.4.18 #2
[  194.603268] Hardware name: linux,dummy-virt (DT)
[  194.609225] pstate: 80000005 (Nzcv daif -PAN -UAO)
[  194.613782] pc : ip_finish_output2+0x3d0/0x588
[  194.614312] lr : __ip_finish_output+0x1b0/0x1e0
[  194.614757] sp : ffff800011f43990
[  194.615107] x29: ffff800011f43990 x28: 000000000000001a 
[  194.616290] x27: ffff800011f43d80 x26: 0000000000000011 
[  194.618348] x25: 0000000000000012 x24: ffff00007b1ca000 
[  194.618916] x23: ffff00007b2c0cc0 x22: ffff000075d22a00 
[  194.623028] x21: ffff000073b1a000 x20: ffff000079b6e500 
[  194.624135] x19: 0000000000000010 x18: 0000000000000000 
[  194.626846] x17: 0000000000000000 x16: 0000000000000000 
[  194.630106] x15: 0000000000000001 x14: 0000000000000000 
[  194.631851] x13: 0000000000000006 x12: 00000000c0a80164 
[  194.634198] x11: 0000000000000000 x10: 0000000000000068 
[  194.638294] x9 : ffff000075d22a00 x8 : ffff800011f43c30 
[  194.639043] x7 : 00000000bc900000 x6 : 00000000000078c9 
[  194.639936] x5 : ffff00007ab00d00 x4 : 0000000000000020 
[  194.640277] x3 : 00000000000000d0 x2 : ffff00007b1ca000 
[  194.642551] x1 : ffff0000797efe00 x0 : ffff800011967788 
[  194.644156] Call trace:
[  194.644684]  ip_finish_output2+0x3d0/0x588
[  194.645353]  __ip_finish_output+0x1b0/0x1e0
[  194.645981]  ip_output+0xf4/0x1b0
[  194.647244]  ip_local_out+0x44/0x58
[  194.647668]  ip_send_skb+0x1c/0xa8
[  194.649048]  udp_send_skb.isra.0+0x11c/0x368
[  194.650735]  udp_sendmsg+0x710/0x860
[  194.650930]  inet_sendmsg+0x40/0x68
[  194.651078]  __sys_sendto+0xd4/0x150
[  194.651221]  __arm64_sys_sendto+0x24/0x30
[  194.651385]  el0_svc_common.constprop.0+0x68/0x160
[  194.651559]  el0_svc_handler+0x20/0x80
[  194.651707]  el0_svc+0x8/0xc
[  194.653383] Code: 911e2000 52800404 8b050063 f940e805 (b9401063) 
[  194.659216] ---[ end trace 587c1c788e984868 ]---
[  194.660274] Kernel panic - not syncing: Fatal exception in interrupt
[  194.662178] SMP: stopping secondary CPUs
[  194.663943] Kernel Offset: disabled
[  194.664305] CPU features: 0x0002,20006000
[  194.665421] Memory Limit: none
[  194.667740] ---[ end Kernel panic - not syncing: Fatal exception in interrupt ]---
