[  192.941988] Insufficient stack space to handle exception!
[  192.942717] ESR: 0x96000046 -- DABT (current EL)
[  192.947495] FAR: 0x000000000000011b
[  192.948320] Task stack:     [0xffff800011f00000..0xffff800011f04000]
[  192.949591] IRQ stack:      [0xffff800010028000..0xffff80001002c000]
[  192.950688] Overflow stack: [0xffff00007dba92a0..0xffff00007dbaa2a0]
[  192.955553] CPU: 5 PID: 495 Comm: python3 Not tainted 5.4.18 #2
[  192.956588] Hardware name: linux,dummy-virt (DT)
[  192.957667] pstate: 000003c5 (nzcv DAIF -PAN -UAO)
[  192.962364] pc : el1_sync+0x0/0xb0
[  192.963113] lr : ip_finish_output2+0x458/0x588
[  192.963806] sp : 000000000000011b
[  192.964455] x29: ffff800011f03990 x28: 000000000000001a 
[  192.965851] x27: ffff800011f03d80 x26: 0000000000000011 
[  192.966748] x25: 0000000000000012 x24: ffff00007b1ca000 
[  192.967469] x23: ffff000079152ec0 x22: ffff00007b1d7000 
[  192.968284] x21: ffff000076eec000 x20: ffff000079377100 
[  192.968965] x19: 0000000000000000 x18: 0000000000000000 
[  192.969709] x17: 0000000000000000 x16: 0000000000000000 
[  192.970508] x15: 0000000000000001 x14: 0000000000000000 
[  192.971262] x13: 0000000000000006 x12: 00000000c0a80164 
[  192.972178] x11: 0000000000000000 x10: 0000000000000068 
[  192.972771] x9 : ffff00007b1d7000 x8 : ffff800011f03c30 
[  192.973294] x7 : 0000000000000003 x6 : 000000007aefbf59 
[  192.973875] x5 : ffff00007a916600 x4 : 000000000000001d 
[  192.974459] x3 : 0000000000000000 x2 : ffff00007b1ca000 
[  192.975110] x1 : 000000000000106f x0 : ffff800011967788 
[  192.976736] Kernel panic - not syncing: kernel stack overflow
[  192.977715] CPU: 5 PID: 495 Comm: python3 Not tainted 5.4.18 #2
[  192.978231] Hardware name: linux,dummy-virt (DT)
[  192.979056] Call trace:
[  192.979393]  dump_backtrace+0x0/0x140
[  192.979997]  show_stack+0x14/0x20
[  192.980349]  dump_stack+0xb4/0xf8
[  192.980704]  panic+0x158/0x324
[  192.981078]  nmi_panic+0x84/0x88
[  192.981426]  handle_bad_stack+0x108/0x130
[  192.981790]  __bad_stack+0x90/0x94
[  192.982104]  el1_sync+0x0/0xb0
[  192.982431]  __ip_finish_output+0x1b0/0x1e0
[  192.982777]  ip_output+0xf4/0x1b0
[  192.983091]  ip_local_out+0x44/0x58
[  192.983384]  ip_send_skb+0x1c/0xa8
[  192.983656]  udp_send_skb.isra.0+0x11c/0x368
[  192.983990]  udp_sendmsg+0x710/0x860
[  192.984359]  inet_sendmsg+0x40/0x68
[  192.984680]  __sys_sendto+0xd4/0x150
[  192.984958]  __arm64_sys_sendto+0x24/0x30
[  192.985291]  el0_svc_common.constprop.0+0x68/0x160
[  192.985641]  el0_svc_handler+0x20/0x80
[  192.985954]  el0_svc+0x8/0xc
[  192.988237] SMP: stopping secondary CPUs
[  192.990292] Kernel Offset: disabled
[  192.990921] CPU features: 0x0002,20006000
[  192.991363] Memory Limit: none
[  192.993721] ---[ end Kernel panic - not syncing: kernel stack overflow ]---
