[  193.715261] kernel BUG at arch/arm64/kernel/traps.c:405!
[  193.739982] Internal error: Oops - BUG: 0 [#1] PREEMPT SMP
[  193.747427] Modules linked in:
[  193.760467] CPU: 7 PID: 494 Comm: python3 Not tainted 5.4.18 #2
[  193.765373] Hardware name: linux,dummy-virt (DT)
[  193.771334] pstate: 00000005 (nzcv daif -PAN -UAO)
[  193.780681] pc : do_undefinstr+0x2ec/0x310
[  193.783871] lr : do_undefinstr+0x1e0/0x310
[  193.785556] sp : ffff80001210b7f0
[  193.790302] x29: ffff80001210b7f0 x28: ffff00007a980000 
[  193.792919] x27: ffff80001210bd80 x26: 0000000000000011 
[  193.794349] x25: 0000000000000012 x24: 0000000000000000 
[  193.798341] x23: 0000000060000005 x22: ffff800010b77990 
[  193.798821] x21: ffff80001210b990 x20: ffff00007a980000 
[  193.801532] x19: ffff80001210b850 x18: 0000000000000000 
[  193.803413] x17: 0000000000000000 x16: 0000000000000000 
[  193.804835] x15: 0000000000000001 x14: 0000000000000000 
[  193.806246] x13: 0000000000000006 x12: 00000000c0a80164 
[  193.808849] x11: 0000000000000000 x10: 0000000000000068 
[  193.810256] x9 : ffff00007a980000 x8 : ffff80001210bc30 
[  193.811330] x7 : 00000000bb100000 x6 : ffff80001210b848 
[  193.812218] x5 : 00000000d5300000 x4 : ffff8000117c51f0 
[  193.814272] x3 : 00000000d9400000 x2 : 0000000000000000 
[  193.817425] x1 : ffff00007a980000 x0 : 0000000060000005 
[  193.819205] Call trace:
[  193.820084]  do_undefinstr+0x2ec/0x310
[  193.820714]  el1_undef+0x10/0x84
[  193.821371]  ip_finish_output2+0x80/0x588
[  193.821849]  __ip_finish_output+0x1b0/0x1e0
[  193.822264]  ip_output+0xf4/0x1b0
[  193.822708]  ip_local_out+0x44/0x58
[  193.823315]  ip_send_skb+0x1c/0xa8
[  193.823844]  udp_send_skb.isra.0+0x11c/0x368
[  193.824302]  udp_sendmsg+0x710/0x860
[  193.824712]  inet_sendmsg+0x40/0x68
[  193.825131]  __sys_sendto+0xd4/0x150
[  193.825543]  __arm64_sys_sendto+0x24/0x30
[  193.827968]  el0_svc_common.constprop.0+0x68/0x160
[  193.829334]  el0_svc_handler+0x20/0x80
[  193.829826]  el0_svc+0x8/0xc
[  193.831695] Code: f9401bf7 17ffff7c a9025bf5 f9001bf7 (d4210000) 
[  193.847036] ---[ end trace f90f2a802cd6d771 ]---
[  193.850069] Kernel panic - not syncing: Fatal exception in interrupt
[  193.856181] SMP: stopping secondary CPUs
[  193.862535] Kernel Offset: disabled
[  193.864120] CPU features: 0x0002,20006000
[  193.865320] Memory Limit: none
[  193.867924] ---[ end Kernel panic - not syncing: Fatal exception in interrupt ]---
