[  193.814846] kernel BUG at arch/arm64/kernel/traps.c:405!
[  193.835830] Internal error: Oops - BUG: 0 [#1] PREEMPT SMP
[  193.839943] Modules linked in:
[  193.851334] CPU: 7 PID: 493 Comm: python3 Not tainted 5.4.18 #2
[  193.853031] Hardware name: linux,dummy-virt (DT)
[  193.856198] pstate: 00000005 (nzcv daif -PAN -UAO)
[  193.865216] pc : do_undefinstr+0x2ec/0x310
[  193.866398] lr : do_undefinstr+0x1e0/0x310
[  193.867213] sp : ffff800011f5b850
[  193.868057] x29: ffff800011f5b850 x28: ffff000079758000 
[  193.870581] x27: ffff800011f5bd80 x26: 0000000000000011 
[  193.871146] x25: 0000000000000012 x24: 0000000000000000 
[  193.871555] x23: 0000000060000005 x22: ffff800010b77ab8 
[  193.872101] x21: ffff800011f5b9f0 x20: ffff000079758000 
[  193.872516] x19: ffff800011f5b8b0 x18: 0000000000000000 
[  193.872922] x17: 0000000000000000 x16: 0000000000000000 
[  193.873331] x15: 0000000000000001 x14: 0000000000000000 
[  193.873740] x13: 0000000000000006 x12: 000000000000003c 
[  193.874173] x11: ffff000079414000 x10: 0000000000000000 
[  193.874583] x9 : ffff000074147540 x8 : 0000000000000028 
[  193.874988] x7 : ffff00007943e000 x6 : ffff800011f5b8a8 
[  193.875386] x5 : 00000000d5300000 x4 : ffff8000117c51f0 
[  193.875778] x3 : 00000000d6500000 x2 : 0000000000000000 
[  193.876205] x1 : ffff000079758000 x0 : 0000000060000005 
[  193.877960] Call trace:
[  193.879216]  do_undefinstr+0x2ec/0x310
[  193.880465]  el1_undef+0x10/0x84
[  193.881874]  ip_finish_output2+0x1a8/0x588
[  193.882838]  ip_output+0xf4/0x1b0
[  193.883558]  ip_local_out+0x44/0x58
[  193.884288]  ip_send_skb+0x1c/0xa8
[  193.885344]  udp_send_skb.isra.0+0x11c/0x368
[  193.886199]  udp_sendmsg+0x710/0x860
[  193.887021]  inet_sendmsg+0x40/0x68
[  193.887770]  __sys_sendto+0xd4/0x150
[  193.888596]  __arm64_sys_sendto+0x24/0x30
[  193.889438]  el0_svc_common.constprop.0+0x68/0x160
[  193.890365]  el0_svc_handler+0x20/0x80
[  193.891128]  el0_svc+0x8/0xc
[  193.894722] Code: f9401bf7 17ffff7c a9025bf5 f9001bf7 (d4210000) 
[  193.900477] ---[ end trace e8181e4dd0eeca09 ]---
[  193.902710] note: python3[493] exited with preempt_count 1
[  193.995756] ------------[ cut here ]------------
[  193.997336] WARNING: CPU: 7 PID: 0 at kernel/rcu/tree.c:569 rcu_idle_enter+0x74/0x80
[  194.001287] Modules linked in:
[  194.006613] CPU: 7 PID: 0 Comm: swapper/7 Tainted: G      D           5.4.18 #2
[  194.015650] Hardware name: linux,dummy-virt (DT)
[  194.017671] pstate: 200003c5 (nzCv DAIF -PAN -UAO)
[  194.019964] pc : rcu_idle_enter+0x74/0x80
[  194.021595] lr : do_idle+0x200/0x288
[  194.028050] sp : ffff800011a7bf20
[  194.033559] x29: ffff800011a7bf20 x28: 0000000000000000 
[  194.035234] x27: 0000000000000000 x26: 0000000000000000 
[  194.043682] x25: 0000000000000000 x24: ffff8000117ba214 
[  194.049474] x23: ffff00007b0c7000 x22: ffff800011404ab8 
[  194.052429] x21: ffff8000117ba1f0 x20: 0000000000000007 
[  194.052735] x19: ffff8000117ba118 x18: 0000000000000010 
[  194.053030] x17: 0000000000000000 x16: 0000000000000000 
[  194.053348] x15: 0000000000000001 x14: 0000000000000000 
[  194.054604] x13: 0000000000000002 x12: 0000000000000001 
[  194.057502] x11: 0000000000000001 x10: 00000000000009c0 
[  194.060057] x9 : ffff800011a7be90 x8 : ffff00007b0c7a20 
[  194.060980] x7 : 00000000000003f7 x6 : 00000a8bb9177c63 
[  194.064244] x5 : 00ffffffffffffff x4 : ffff80006c7db000 
[  194.065787] x3 : 4000000000000002 x2 : 4000000000000000 
[  194.067664] x1 : ffff800011406980 x0 : ffff00007dbe1980 
[  194.067920] Call trace:
[  194.069458]  rcu_idle_enter+0x74/0x80
[  194.076726]  do_idle+0x200/0x288
[  194.079634]  cpu_startup_entry+0x20/0x40
[  194.081793]  secondary_start_kernel+0x154/0x190
[  194.085887] ---[ end trace e8181e4dd0eeca0a ]---
