[  194.166794] Unable to handle kernel NULL pointer dereference at virtual address 00000000000000b8
[  194.172745] Mem abort info:
[  194.173549]   ESR = 0x96000006
[  194.178108]   EC = 0x25: DABT (current EL), IL = 32 bits
[  194.180131]   SET = 0, FnV = 0
[  194.181028]   EA = 0, S1PTW = 0
[  194.186408] Data abort info:
[  194.187558]   ISV = 0, ISS = 0x00000006
[  194.187898]   CM = 0, WnR = 0
[  194.188517] user pgtable: 4k pages, 48-bit VAs, pgdp=00000000b6c18000
[  194.189771] [00000000000000b8] pgd=00000000b19cd003, pud=00000000b0cf1003, pmd=0000000000000000
[  194.218940] Internal error: Oops: 96000006 [#1] PREEMPT SMP
[  194.227611] Modules linked in:
[  194.230469] CPU: 6 PID: 492 Comm: python3 Not tainted 5.4.18 #2
[  194.230907] Hardware name: linux,dummy-virt (DT)
[  194.234142] pstate: 80000005 (Nzcv daif -PAN -UAO)
[  194.241338] pc : ip_finish_output2+0x3b4/0x588
[  194.242626] lr : __ip_finish_output+0x1b0/0x1e0
[  194.243710] sp : ffff8000120fb990
[  194.248961] x29: ffff8000120fb990 x28: 000000000000001a 
[  194.252174] x27: ffff8000120fbd80 x26: 0000000000000011 
[  194.257710] x25: 0000000000000012 x24: ffff00007a856000 
[  194.258766] x23: ffff00007aa82640 x22: ffff000078165400 
[  194.262441] x21: ffff0000781a20c0 x20: ffff00007aa63a00 
[  194.263418] x19: 0000000000000010 x18: 0000000000000000 
[  194.265168] x17: 0000000000000000 x16: 0000000000000000 
[  194.269154] x15: 0000000000000001 x14: 0000000000000000 
[  194.270633] x13: 0000000000000006 x12: 00000000c0a80164 
[  194.271899] x11: 0000000000000000 x10: 0000000000000068 
[  194.273924] x9 : ffff000078165400 x8 : ffff8000120fbc30 
[  194.274379] x7 : 000000002e800000 x6 : 0000000000005fbc 
[  194.278548] x5 : 0000000000001588 x4 : 0000000000000007 
[  194.283725] x3 : 00000000000000c0 x2 : ffff00007a856000 
[  194.287378] x1 : ffff0000857a6000 x0 : 0000000000000000 
[  194.290302] Call trace:
[  194.291340]  ip_finish_output2+0x3b4/0x588
[  194.293144]  __ip_finish_output+0x1b0/0x1e0
[  194.296116]  ip_output+0xf4/0x1b0
[  194.297687]  ip_local_out+0x44/0x58
[  194.298502]  ip_send_skb+0x1c/0xa8
[  194.299260]  udp_send_skb.isra.0+0x11c/0x368
[  194.299600]  udp_sendmsg+0x710/0x860
[  194.299854]  inet_sendmsg+0x40/0x68
[  194.300073]  __sys_sendto+0xd4/0x150
[  194.301170]  __arm64_sys_sendto+0x24/0x30
[  194.301746]  el0_svc_common.constprop.0+0x68/0x160
[  194.302364]  el0_svc_handler+0x20/0x80
[  194.303286]  el0_svc+0x8/0xc
[  194.308001] Code: 17fffff7 7100281f ca428041 54000580 (f9405e03) 
[  194.313695] ---[ end trace df2401525a3b2fab ]---
[  194.320773] Kernel panic - not syncing: Fatal exception in interrupt
[  194.324591] SMP: stopping secondary CPUs
[  194.329119] Kernel Offset: disabled
[  194.330561] CPU features: 0x0002,20006000
[  194.331521] Memory Limit: none
[  194.334125] ---[ end Kernel panic - not syncing: Fatal exception in interrupt ]---
