[  193.988285] Unable to handle kernel NULL pointer dereference at virtual address 0000000000000226
[  193.996045] Mem abort info:
[  193.996861]   ESR = 0x96000006
[  193.999961]   EC = 0x25: DABT (current EL), IL = 32 bits
[  194.000620]   SET = 0, FnV = 0
[  194.011341]   EA = 0, S1PTW = 0
[  194.017001] Data abort info:
[  194.048059]   ISV = 0, ISS = 0x00000006
[  194.055671]   CM = 0, WnR = 0
[  194.072182] user pgtable: 4k pages, 48-bit VAs, pgdp=00000000b593a000
[  194.075823] [0000000000000226] pgd=00000000b82f4003, pud=00000000b82f2003, pmd=0000000000000000
[  194.090722] Internal error: Oops: 96000006 [#1] PREEMPT SMP
[  194.098013] Modules linked in:
[  194.102508] CPU: 3 PID: 493 Comm: python3 Not tainted 5.4.18 #2
[  194.108284] Hardware name: linux,dummy-virt (DT)
[  194.116946] pstate: a0000005 (NzCv daif -PAN -UAO)
[  194.120931] pc : ip_finish_output2+0x38/0x588
[  194.123972] lr : __ip_finish_output+0x1b0/0x1e0
[  194.132082] sp : ffff800011fb3990
[  194.133917] x29: ffff800011fb3990 x28: 000000000000001a 
[  194.135226] x27: ffff800011fb3d80 x26: 0000000000000011 
[  194.135699] x25: 0000000000000012 x24: 0000000000000000 
[  194.136178] x23: ffff00007b3ddd80 x22: ffff0000759bd400 
[  194.137708] x21: ffff0000797a1900 x20: ffff0000797ac900 
[  194.139382] x19: ffff0000797ac900 x18: 0000000000000000 
[  194.140262] x17: 0000000000000000 x16: 0000000000000000 
[  194.141246] x15: 0000000000000001 x14: 0000000000000000 
[  194.142330] x13: 0000000000000006 x12: 00000000c0a80164 
[  194.143931] x11: 0000000000000000 x10: 0000000000000068 
[  194.145346] x9 : ffff0000759bd400 x8 : ffff800011fb3c30 
[  194.148858] x7 : 000000003d800000 x6 : 0000000000004c8f 
[  194.152263] x5 : 0000000000001488 x4 : 0000000000000007 
[  194.155058] x3 : 00000000000000c0 x2 : 0000000000000000 
[  194.158055] x1 : 0000000000000000 x0 : ffff800011963ac0 
[  194.164059] Call trace:
[  194.164873]  ip_finish_output2+0x38/0x588
[  194.166505]  __ip_finish_output+0x1b0/0x1e0
[  194.167279]  ip_output+0xf4/0x1b0
[  194.167844]  ip_local_out+0x44/0x58
[  194.168565]  ip_send_skb+0x1c/0xa8
[  194.168887]  udp_send_skb.isra.0+0x11c/0x368
[  194.169219]  udp_sendmsg+0x710/0x860
[  194.169523]  inet_sendmsg+0x40/0x68
[  194.170207]  __sys_sendto+0xd4/0x150
[  194.171760]  __arm64_sys_sendto+0x24/0x30
[  194.172586]  el0_svc_common.constprop.0+0x68/0x160
[  194.180253]  el0_svc_handler+0x20/0x80
[  194.183640]  el0_svc+0x8/0xc
[  194.186929] Code: d2800002 927ffab5 f94002b8 7940f2a1 (79444f13) 
[  194.196586] ---[ end trace 106439b2bcfda499 ]---
