[  192.763033] Unable to handle kernel NULL pointer dereference at virtual address 0000000000000008
[  192.765554] Mem abort info:
[  192.766052]   ESR = 0x96000006
[  192.766596]   EC = 0x25: DABT (current EL), IL = 32 bits
[  192.767099]   SET = 0, FnV = 0
[  192.768757]   EA = 0, S1PTW = 0
[  192.769555] Data abort info:
[  192.770005]   ISV = 0, ISS = 0x00000006
[  192.770475]   CM = 0, WnR = 0
[  192.772337] user pgtable: 4k pages, 48-bit VAs, pgdp=00000000ba88b000
[  192.774441] [0000000000000008] pgd=00000000b38be003, pud=00000000b83ac003, pmd=0000000000000000
[  192.783135] Internal error: Oops: 96000006 [#1] PREEMPT SMP
[  192.798249] Modules linked in:
[  192.804679] CPU: 1 PID: 494 Comm: python3 Not tainted 5.4.18 #2
[  192.806633] Hardware name: linux,dummy-virt (DT)
[  192.810281] pstate: 40000005 (nZcv daif -PAN -UAO)
[  192.814191] pc : ip_finish_output2+0x3fc/0x588
[  192.817177] lr : __ip_finish_output+0x1b0/0x1e0
[  192.819814] sp : ffff800011ffb990
[  192.821165] x29: ffff800011ffb990 x28: 000000000000001a 
[  192.825085] x27: ffff800011ffbd80 x26: 0000000000000011 
[  192.825410] x25: 0000000000000012 x24: ffff000079b50000 
[  192.825761] x23: ffff00007b243300 x22: ffff00007a40f000 
[  192.826116] x21: ffff000072678000 x20: ffff0000780ae300 
[  192.827168] x19: 0000000000000010 x18: 0000000000000000 
[  192.828203] x17: 0000000000000000 x16: 0000000000000000 
[  192.829542] x15: 0000000000000001 x14: 0000000000000000 
[  192.830239] x13: 0000000000000006 x12: 00000000c0a80164 
[  192.833011] x11: 0000000000000000 x10: 0000000000000068 
[  192.833748] x9 : ffff00007a40f000 x8 : ffff800011ffbc30 
[  192.839697] x7 : 0000000000000003 x6 : 00000000fff81679 
[  192.841635] x5 : 0000000000000000 x4 : 000000000000001d 
[  192.843879] x3 : 000000006401a8c0 x2 : ffff000079b50000 
[  192.844431] x1 : 0000000000000001 x0 : ffff800011967788 
[  192.849265] Call trace:
[  192.852257]  ip_finish_output2+0x3fc/0x588
[  192.853269]  __ip_finish_output+0x1b0/0x1e0
[  192.858471]  ip_output+0xf4/0x1b0
[  192.862435]  ip_local_out+0x44/0x58
[  192.865343]  ip_send_skb+0x1c/0xa8
[  192.869451]  udp_send_skb.isra.0+0x11c/0x368
[  192.870093]  udp_sendmsg+0x710/0x860
[  192.872039]  inet_sendmsg+0x40/0x68
[  192.875239]  __sys_sendto+0xd4/0x150
[  192.876693]  __arm64_sys_sendto+0x24/0x30
[  192.878860]  el0_svc_common.constprop.0+0x68/0x160
[  192.880229]  el0_svc_handler+0x20/0x80
[  192.883339]  el0_svc+0x8/0xc
[  192.889668] Code: f94020a5 4b070084 1b067c21 1ac42421 (f86178b3) 
[  192.911169] ---[ end trace aea96f3fcca3dbef ]---
[  192.930566] Kernel panic - not syncing: Fatal exception in interrupt
[  192.936424] SMP: stopping secondary CPUs
[  192.945509] Kernel Offset: disabled
[  192.948637] CPU features: 0x0002,20006000
[  192.949521] Memory Limit: none
[  192.952953] ---[ end Kernel panic - not syncing: Fatal exception in interrupt ]---
