[  193.679296] Kernel panic - not syncing: stack-protector: Kernel stack is corrupted in: ip_finish_output2+0x574/0x588
[  193.693423] CPU: 0 PID: 492 Comm: python3 Not tainted 5.4.18 #2
[  193.695042] Hardware name: linux,dummy-virt (DT)
[  193.698761] Call trace:
[  193.700496]  dump_backtrace+0x0/0x140
[  193.701559]  show_stack+0x14/0x20
[  193.702340]  dump_stack+0xb4/0xf8
[  193.703185]  panic+0x158/0x324
[  193.704216]  __stack_chk_fail+0x1c/0x20
[  193.705143]  ip_finish_output2+0x574/0x588
[  193.706023]  __ip_finish_output+0x1b0/0x1e0
[  193.706800]  ip_output+0xf4/0x1b0
[  193.707451]  ip_local_out+0x44/0x58
[  193.708189]  ip_send_skb+0x1c/0xa8
[  193.709792]  udp_send_skb.isra.0+0x11c/0x368
[  193.710610]  udp_sendmsg+0x710/0x860
[  193.711609]  inet_sendmsg+0x40/0x68
[  193.712403]  __sys_sendto+0xd4/0x150
[  193.713099]  __arm64_sys_sendto+0x24/0x30
[  193.714470]  el0_svc_common.constprop.0+0x68/0x160
[  193.716123]  el0_svc_handler+0x20/0x80
[  193.717086]  el0_svc+0x8/0xc
[  193.726004] SMP: stopping secondary CPUs
[  193.732758] Kernel Offset: disabled
[  193.734688] CPU features: 0x0002,20006000
[  193.735817] Memory Limit: none
[  193.742012] ---[ end Kernel panic - not syncing: stack-protector: Kernel stack is corrupted in: ip_finish_output2+0x574/0x588 ]---
