[  193.275087] Unable to handle kernel NULL pointer dereference at virtual address 000000000000022a
[  193.288805] Mem abort info:
[  193.290473]   ESR = 0x96000006
[  193.291124]   EC = 0x25: DABT (current EL), IL = 32 bits
[  193.291726]   SET = 0, FnV = 0
[  193.292232]   EA = 0, S1PTW = 0
[  193.295245] Data abort info:
[  193.295545]   ISV = 0, ISS = 0x00000006
[  193.295932]   CM = 0, WnR = 0
[  193.296563] user pgtable: 4k pages, 48-bit VAs, pgdp=00000000b8040000
[  193.297968] [000000000000022a] pgd=00000000b14b8003, pud=00000000b6cfc003, pmd=0000000000000000
[  193.303795] Internal error: Oops: 96000006 [#1] PREEMPT SMP
[  193.307401] Modules linked in:
[  193.313431] CPU: 6 PID: 494 Comm: python3 Not tainted 5.4.18 #2
[  193.318142] Hardware name: linux,dummy-virt (DT)
[  193.322920] pstate: 80000005 (Nzcv daif -PAN -UAO)
[  193.336825] pc : ip_finish_output2+0x40/0x588
[  193.337775] lr : __ip_finish_output+0x1b0/0x1e0
[  193.338096] sp : ffff800011f93990
[  193.338375] x29: ffff800011f93990 x28: 000000000000001a 
[  193.338880] x27: ffff800011f93d80 x26: 0000000000000011 
[  193.339261] x25: 0000000000000012 x24: ffff000079b98000 
[  193.339940] x23: ffff0000794e9980 x22: ffff000072695400 
[  193.340442] x21: ffff0000725ca000 x20: ffff00007aa58200 
[  193.342538] x19: 000000000000000e x18: 0000000000000000 
[  193.343184] x17: 0000000000000000 x16: 0000000000000000 
[  193.343694] x15: 0000000000000001 x14: 0000000000000000 
[  193.344277] x13: 0000000000000006 x12: 00000000c0a80164 
[  193.344807] x11: 0000000000000000 x10: 0000000000000068 
[  193.346130] x9 : ffff000072695400 x8 : ffff800011f93c30 
[  193.346631] x7 : 000000001ad00000 x6 : 00000000000063d0 
[  193.347188] x5 : 0000000000000730 x4 : 0000000000000007 
[  193.347687] x3 : 00000000000000c0 x2 : 0000000000000000 
[  193.348966] x1 : 0000000000000001 x0 : ffff800011963ac0 
[  193.353874] Call trace:
[  193.354954]  ip_finish_output2+0x40/0x588
[  193.355736]  __ip_finish_output+0x1b0/0x1e0
[  193.357625]  ip_output+0xf4/0x1b0
[  193.358204]  ip_local_out+0x44/0x58
[  193.358953]  ip_send_skb+0x1c/0xa8
[  193.359545]  udp_send_skb.isra.0+0x11c/0x368
[  193.360219]  udp_sendmsg+0x710/0x860
[  193.362743]  inet_sendmsg+0x40/0x68
[  193.363609]  __sys_sendto+0xd4/0x150
[  193.364990]  __arm64_sys_sendto+0x24/0x30
[  193.367351]  el0_svc_common.constprop.0+0x68/0x160
[  193.367863]  el0_svc_handler+0x20/0x80
[  193.368116]  el0_svc+0x8/0xc
[  193.369491] Code: f94002b8 7940f2a1 79444f13 7100143f (79445602) 
[  193.373517] ---[ end trace cd08f7aab0fc46b1 ]---
