[  195.352633] kernel BUG at arch/arm64/kernel/traps.c:405!
[  195.360454] Internal error: Oops - BUG: 0 [#1] PREEMPT SMP
[  195.365553] Modules linked in:
[  195.370684] CPU: 6 PID: 492 Comm: python3 Not tainted 5.4.18 #2
[  195.371895] Hardware name: linux,dummy-virt (DT)
[  195.374000] pstate: 00000005 (nzcv daif -PAN -UAO)
[  195.380057] pc : do_undefinstr+0x2ec/0x310
[  195.380604] lr : do_undefinstr+0x1e0/0x310
[  195.381111] sp : ffff8000120db7f0
[  195.381785] x29: ffff8000120db7f0 x28: ffff00007b3b7000 
[  195.382834] x27: ffff8000120dbd80 x26: 0000000000000011 
[  195.383735] x25: 0000000000000012 x24: 0000000000000000 
[  195.384563] x23: 0000000080000005 x22: ffff800010b77968 
[  195.385491] x21: ffff8000120db990 x20: ffff00007b3b7000 
[  195.386377] x19: ffff8000120db850 x18: 0000000000000000 
[  195.387187] x17: 0000000000000000 x16: 0000000000000000 
[  195.388063] x15: 0000000000000001 x14: 0000000000000000 
[  195.388874] x13: 0000000000000006 x12: 00000000c0a80164 
[  195.389729] x11: 0000000000000000 x10: 0000000000000068 
[  195.390548] x9 : ffff00007b3b7000 x8 : ffff8000120dbc30 
[  195.391360] x7 : 00000000b0100000 x6 : ffff8000120db848 
[  195.392815] x5 : 00000000d5300000 x4 : ffff8000117c51f0 
[  195.394499] x3 : 0000000074000000 x2 : 0000000000000000 
[  195.394825] x1 : ffff00007b3b7000 x0 : 0000000080000005 
[  195.395570] Call trace:
[  195.395906]  do_undefinstr+0x2ec/0x310
[  195.396222]  el1_undef+0x10/0x84
[  195.396459]  ip_finish_output2+0x58/0x588
[  195.396712]  __ip_finish_output+0x1b0/0x1e0
[  195.396961]  ip_output+0xf4/0x1b0
[  195.397158]  ip_local_out+0x44/0x58
[  195.397362]  ip_send_skb+0x1c/0xa8
[  195.397633]  udp_send_skb.isra.0+0x11c/0x368
[  195.398210]  udp_sendmsg+0x710/0x860
[  195.398668]  inet_sendmsg+0x40/0x68
[  195.399095]  __sys_sendto+0xd4/0x150
[  195.399525]  __arm64_sys_sendto+0x24/0x30
[  195.399986]  el0_svc_common.constprop.0+0x68/0x160
[  195.400532]  el0_svc_handler+0x20/0x80
[  195.400955]  el0_svc+0x8/0xc
[  195.402255] Code: f9401bf7 17ffff7c a9025bf5 f9001bf7 (d4210000) 
[  195.404497] ---[ end trace 299daf95af33f7b2 ]---
[  195.405452] note: python3[492] exited with preempt_count 1
[  195.461245] ------------[ cut here ]------------
[  195.462734] WARNING: CPU: 6 PID: 0 at kernel/rcu/tree.c:569 rcu_idle_enter+0x74/0x80
[  195.469750] Modules linked in:
[  195.472461] CPU: 6 PID: 0 Comm: swapper/6 Tainted: G      D           5.4.18 #2
[  195.475014] Hardware name: linux,dummy-virt (DT)
[  195.483905] pstate: 200003c5 (nzCv DAIF -PAN -UAO)
[  195.488341] pc : rcu_idle_enter+0x74/0x80
[  195.489186] lr : do_idle+0x200/0x288
[  195.489777] sp : ffff800011a73f20
[  195.490651] x29: ffff800011a73f20 x28: 0000000000000000 
[  195.493911] x27: 0000000000000000 x26: 0000000000000000 
[  195.506239] x25: 0000000000000000 x24: ffff8000117ba214 
[  195.514250] x23: ffff00007b0c6200 x22: ffff800011404ab8 
[  195.523885] x21: ffff8000117ba1f0 x20: 0000000000000006 
[  195.529228] x19: ffff8000117ba118 x18: 0000000000000010 
[  195.532026] x17: 0000000000000000 x16: 0000000000000000 
[  195.536643] x15: 0000000000000195 x14: 0000000000000000 
[  195.537898] x13: 0000000000000001 x12: 0000000000000000 
[  195.539846] x11: 0000000000000400 x10: 00000000000009c0 
[  195.540678] x9 : ffff800011a73e90 x8 : ffff00007b0c6c20 
[  195.541746] x7 : 0000000000000000 x6 : 0000039e835b0977 
[  195.544651] x5 : 00ffffffffffffff x4 : ffff80006c7c5000 
[  195.546766] x3 : 4000000000000002 x2 : 4000000000000000 
[  195.547934] x1 : ffff800011406980 x0 : ffff00007dbcb980 
[  195.549225] Call trace:
[  195.549563]  rcu_idle_enter+0x74/0x80
[  195.549983]  do_idle+0x200/0x288
[  195.551755]  cpu_startup_entry+0x24/0x40
[  195.552273]  secondary_start_kernel+0x154/0x190
[  195.552958] ---[ end trace 299daf95af33f7b3 ]---
