[  193.110579] Kernel panic - not syncing: stack-protector: Kernel stack is corrupted in: ip_finish_output2+0x574/0x588
[  193.114722] CPU: 3 PID: 491 Comm: python3 Not tainted 5.4.18 #2
[  193.115645] Hardware name: linux,dummy-virt (DT)
[  193.118102] Call trace:
[  193.121122]  dump_backtrace+0x0/0x140
[  193.124000]  show_stack+0x14/0x20
[  193.124723]  dump_stack+0xb4/0xf8
[  193.125330]  panic+0x158/0x324
[  193.125864]  __stack_chk_fail+0x1c/0x20
[  193.126519]  ip_finish_output2+0x574/0x588
[  193.127295]  __ip_finish_output+0x1b0/0x1e0
[  193.128096]  ip_output+0xf4/0x1b0
[  193.128877]  ip_local_out+0x44/0x58
[  193.129595]  ip_send_skb+0x1c/0xa8
[  193.130530]  udp_send_skb.isra.0+0x11c/0x368
[  193.131587]  udp_sendmsg+0x710/0x860
[  193.133089]  inet_sendmsg+0x40/0x68
[  193.134252]  __sys_sendto+0xd4/0x150
[  193.136119]  __arm64_sys_sendto+0x24/0x30
[  193.137654]  el0_svc_common.constprop.0+0x68/0x160
[  193.139845]  el0_svc_handler+0x20/0x80
[  193.140351]  el0_svc+0x8/0xc
[  193.145617] SMP: stopping secondary CPUs
[  193.153267] Kernel Offset: disabled
[  193.154539] CPU features: 0x0002,20006000
[  193.155306] Memory Limit: none
[  193.161400] ---[ end Kernel panic - not syncing: stack-protector: Kernel stack is corrupted in: ip_finish_output2+0x574/0x588 ]---
