[  193.823794] Unable to handle kernel NULL pointer dereference at virtual address 0000000000000000
[  193.844811] Mem abort info:
[  193.845868]   ESR = 0x96000006
[  193.851718]   EC = 0x25: DABT (current EL), IL = 32 bits
[  193.857395]   SET = 0, FnV = 0
[  193.858739]   EA = 0, S1PTW = 0
[  193.859211] Data abort info:
[  193.859609]   ISV = 0, ISS = 0x00000006
[  193.860079]   CM = 0, WnR = 0
[  193.861755] user pgtable: 4k pages, 48-bit VAs, pgdp=00000000b6d26000
[  193.867053] [0000000000000000] pgd=00000000b181c003, pud=00000000b4288003, pmd=0000000000000000
[  193.875907] Internal error: Oops: 96000006 [#1] PREEMPT SMP
[  193.877300] Modules linked in:
[  193.879613] CPU: 2 PID: 493 Comm: python3 Not tainted 5.4.18 #2
[  193.879906] Hardware name: linux,dummy-virt (DT)
[  193.880773] pstate: 80000005 (Nzcv daif -PAN -UAO)
[  193.886986] pc : ip_finish_output2+0x30/0x588
[  193.888608] lr : __ip_finish_output+0x1b0/0x1e0
[  193.889000] sp : ffff800011f43990
[  193.891383] x29: ffff800011f43990 x28: 000000000000001a 
[  193.892063] x27: ffff800011f43d80 x26: 0000000000000011 
[  193.892558] x25: 0000000000000012 x24: ffff800011963ac0 
[  193.895273] x23: ffff00007a933740 x22: ffff0000780b9c00 
[  193.897996] x21: ffff0000782520c0 x20: ffff00007ab42900 
[  193.899719] x19: ffff00007ab42900 x18: 0000000000000000 
[  193.900672] x17: 0000000000000000 x16: 0000000000000000 
[  193.904022] x15: 0000000000000001 x14: 0000000000000000 
[  193.905621] x13: 0000000000000006 x12: 00000000c0a80164 
[  193.908506] x11: 0000000000000000 x10: 0000000000000068 
[  193.909025] x9 : ffff0000780b9c00 x8 : ffff800011f43c30 
[  193.911258] x7 : 0000000000900000 x6 : 0000000000001283 
[  193.912380] x5 : 00000000000017be x4 : 0000000000000007 
[  193.913742] x3 : 00000000000000c0 x2 : 0000000000000000 
[  193.917822] x1 : ffff00007a933740 x0 : ffff800011963ac0 
[  193.921542] Call trace:
[  193.924442]  ip_finish_output2+0x30/0x588
[  193.926842]  __ip_finish_output+0x1b0/0x1e0
[  193.928095]  ip_output+0xf4/0x1b0
[  193.932352]  ip_local_out+0x44/0x58
[  193.934040]  ip_send_skb+0x1c/0xa8
[  193.940531]  udp_send_skb.isra.0+0x11c/0x368
[  193.942339]  udp_sendmsg+0x710/0x860
[  193.944082]  inet_sendmsg+0x40/0x68
[  193.945197]  __sys_sendto+0xd4/0x150
[  193.946948]  __arm64_sys_sendto+0x24/0x30
[  193.948924]  el0_svc_common.constprop.0+0x68/0x160
[  193.950002]  el0_svc_handler+0x20/0x80
[  193.954665]  el0_svc+0x8/0xc
[  193.962266] Code: f9423ac2 f9002fe2 d2800002 927ffab5 (f9400238) 
[  193.971196] ---[ end trace 359f0ff55fbe983b ]---
