[  205.539033] kernel BUG at arch/arm64/kernel/traps.c:405!
[  205.545650] Internal error: Oops - BUG: 0 [#1] PREEMPT SMP
[  205.547484] Modules linked in:
[  205.553508] CPU: 4 PID: 263 Comm: systemd-timesyn Not tainted 5.4.18 #2
[  205.554487] Hardware name: linux,dummy-virt (DT)
[  205.556624] pstate: 00000005 (nzcv daif -PAN -UAO)
[  205.564932] pc : do_undefinstr+0x2ec/0x310
[  205.566227] lr : do_undefinstr+0x1e0/0x310
[  205.567383] sp : ffff800011e3b7f0
[  205.568038] x29: ffff800011e3b7f0 x28: ffff000078093800 
[  205.570145] x27: ffff800011e3bd80 x26: 0000000000000011 
[  205.571134] x25: 0000000000000030 x24: 0000000000000000 
[  205.571963] x23: 0000000040000005 x22: ffff800010b779d8 
[  205.572832] x21: ffff800011e3b990 x20: ffff000078093800 
[  205.576299] x19: ffff800011e3b850 x18: 0000000000000000 
[  205.576991] x17: 0000000000000000 x16: 0000000000000000 
[  205.577441] x15: 0000000000000001 x14: 0000000000000000 
[  205.577873] x13: 0000000000000000 x12: 00000000b97dbe38 
[  205.578326] x11: 0000000000000000 x10: 0000000000000068 
[  205.578816] x9 : ffff000078093800 x8 : ffff800011e3bc30 
[  205.579383] x7 : 0000000000000003 x6 : ffff800011e3b848 
[  205.580319] x5 : 00000000d5300000 x4 : ffff8000117c51f0 
[  205.581065] x3 : 000000005ac00000 x2 : 0000000000000000 
[  205.581573] x1 : ffff000078093800 x0 : 0000000040000005 
[  205.582830] Call trace:
[  205.583091]  do_undefinstr+0x2ec/0x310
[  205.583297]  el1_undef+0x10/0x84
[  205.583466]  ip_finish_output2+0xc8/0x588
[  205.583648]  __ip_finish_output+0x1b0/0x1e0
[  205.584607]  ip_output+0xf4/0x1b0
[  205.585052]  ip_local_out+0x44/0x58
[  205.585407]  ip_send_skb+0x1c/0xa8
[  205.585824]  udp_send_skb.isra.0+0x11c/0x368
[  205.586320]  udp_sendmsg+0x710/0x860
[  205.586694]  inet_sendmsg+0x40/0x68
[  205.587057]  __sys_sendto+0xd4/0x150
[  205.587414]  __arm64_sys_sendto+0x24/0x30
[  205.587807]  el0_svc_common.constprop.0+0x68/0x160
[  205.589913]  el0_svc_handler+0x20/0x80
[  205.590318]  el0_svc+0x8/0xc
[  205.593228] Code: f9401bf7 17ffff7c a9025bf5 f9001bf7 (d4210000) 
[  205.604013] ---[ end trace 3720348d4da17c8d ]---
[  205.606734] Kernel panic - not syncing: Fatal exception in interrupt
[  205.608107] SMP: stopping secondary CPUs
[  205.614323] Kernel Offset: disabled
[  205.617515] CPU features: 0x0002,20006000
[  205.621707] Memory Limit: none
[  205.625465] ---[ end Kernel panic - not syncing: Fatal exception in interrupt ]---
