[  192.959204] Unable to handle kernel paging request at virtual address 0000000000005d00
[  192.970951] Mem abort info:
[  192.975264]   ESR = 0x96000006
[  192.986617]   EC = 0x25: DABT (current EL), IL = 32 bits
[  192.990413]   SET = 0, FnV = 0
[  192.991511]   EA = 0, S1PTW = 0
[  192.997201] Data abort info:
[  193.000413]   ISV = 0, ISS = 0x00000006
[  193.002643]   CM = 0, WnR = 0
[  193.006791] user pgtable: 4k pages, 48-bit VAs, pgdp=00000000b95b0000
[  193.018877] [0000000000005d00] pgd=00000000b960a003, pud=00000000b963d003, pmd=0000000000000000
[  193.035387] Internal error: Oops: 96000006 [#1] PREEMPT SMP
[  193.036723] Modules linked in:
[  193.039082] CPU: 4 PID: 494 Comm: python3 Not tainted 5.4.18 #2
[  193.039919] Hardware name: linux,dummy-virt (DT)
[  193.042117] pstate: 40000005 (nZcv daif -PAN -UAO)
[  193.045781] pc : ip_finish_output2+0x3fc/0x588
[  193.046319] lr : __ip_finish_output+0x1b0/0x1e0
[  193.046764] sp : ffff800011f5b990
[  193.047137] x29: ffff800011f5b990 x28: 000000000000001a 
[  193.047711] x27: ffff800011f5bd80 x26: 0000000000000011 
[  193.048219] x25: 0000000000000012 x24: ffff00007b1d4000 
[  193.048661] x23: ffff00007a835500 x22: ffff00007b2b2a00 
[  193.050173] x21: ffff0000781240c0 x20: ffff000079474c00 
[  193.050510] x19: 0000000000000010 x18: 0000000000000000 
[  193.050863] x17: 0000000000000000 x16: 0000000000000000 
[  193.051158] x15: 0000000000000001 x14: 0000000000000000 
[  193.051834] x13: 0000000000000006 x12: 00000000c0a80164 
[  193.052405] x11: 0000000000000000 x10: 0000000000000068 
[  193.052926] x9 : ffff00007b2b2a00 x8 : ffff800011f5bc30 
[  193.053484] x7 : 0000000011179df0 x6 : 00000000ffff8000 
[  193.054010] x5 : 0000000000000000 x4 : 00000000eee86230 
[  193.055469] x3 : 000000006401a8c0 x2 : ffff00007b1d4000 
[  193.056038] x1 : 0000000000000ba0 x0 : ffff800011967788 
[  193.058991] Call trace:
[  193.060639]  ip_finish_output2+0x3fc/0x588
[  193.065914]  __ip_finish_output+0x1b0/0x1e0
[  193.067387]  ip_output+0xf4/0x1b0
[  193.068031]  ip_local_out+0x44/0x58
[  193.069990]  ip_send_skb+0x1c/0xa8
[  193.073405]  udp_send_skb.isra.0+0x11c/0x368
[  193.075730]  udp_sendmsg+0x710/0x860
[  193.076718]  inet_sendmsg+0x40/0x68
[  193.077140]  __sys_sendto+0xd4/0x150
[  193.078917]  __arm64_sys_sendto+0x24/0x30
[  193.079306]  el0_svc_common.constprop.0+0x68/0x160
[  193.079535]  el0_svc_handler+0x20/0x80
[  193.079688]  el0_svc+0x8/0xc
[  193.080592] Code: f94000a5 4b070084 1b067c21 1ac42421 (f86178b3) 
[  193.087850] ---[ end trace e35d870e3863580c ]---
[  193.091903] Kernel panic - not syncing: Fatal exception in interrupt
[  193.095005] SMP: stopping secondary CPUs
[  193.096709] Kernel Offset: disabled
[  193.097732] CPU features: 0x0002,20006000
[  193.098450] Memory Limit: none
[  193.099961] ---[ end Kernel panic - not syncing: Fatal exception in interrupt ]---
