[  192.283914] kernel BUG at arch/arm64/kernel/traps.c:405!
[  192.286220] Internal error: Oops - BUG: 0 [#1] PREEMPT SMP
[  192.287461] Modules linked in:
[  192.292738] CPU: 3 PID: 493 Comm: python3 Not tainted 5.4.18 #2
[  192.293979] Hardware name: linux,dummy-virt (DT)
[  192.296169] pstate: 00000005 (nzcv daif -PAN -UAO)
[  192.300870] pc : do_undefinstr+0x2ec/0x310
[  192.301327] lr : do_undefinstr+0x1e0/0x310
[  192.301714] sp : ffff8000121337f0
[  192.302028] x29: ffff8000121337f0 x28: ffff00007b385400 
[  192.302522] x27: ffff800012133d80 x26: 0000000000000011 
[  192.303090] x25: 0000000000000012 x24: 0000000000000000 
[  192.304608] x23: 0000000060000005 x22: ffff800010b7797c 
[  192.305542] x21: ffff800012133990 x20: ffff00007b385400 
[  192.306432] x19: ffff800012133850 x18: 0000000000000000 
[  192.307315] x17: 0000000000000000 x16: 0000000000000000 
[  192.308245] x15: 0000000000000001 x14: 0000000000000000 
[  192.310012] x13: 0000000000000006 x12: 00000000c0a80164 
[  192.310962] x11: 0000000000000000 x10: 0000000000000068 
[  192.311980] x9 : ffff00007b385400 x8 : ffff800012133c30 
[  192.314691] x7 : 0000000082300000 x6 : 000000000000001f 
[  192.316171] x5 : 0000000000000000 x4 : ffff8000117c51f0 
[  192.317000] x3 : 0000000000000005 x2 : 0000000000000000 
[  192.317664] x1 : ffff00007b385400 x0 : 0000000060000005 
[  192.319310] Call trace:
[  192.320402]  do_undefinstr+0x2ec/0x310
[  192.321524]  el1_undef+0x10/0x84
[  192.322184]  ip_finish_output2+0x6c/0x588
[  192.322934]  __ip_finish_output+0x1b0/0x1e0
[  192.323647]  ip_output+0xf4/0x1b0
[  192.324252]  ip_local_out+0x44/0x58
[  192.325256]  ip_send_skb+0x1c/0xa8
[  192.325897]  udp_send_skb.isra.0+0x11c/0x368
[  192.326572]  udp_sendmsg+0x710/0x860
[  192.327220]  inet_sendmsg+0x40/0x68
[  192.327829]  __sys_sendto+0xd4/0x150
[  192.329322]  __arm64_sys_sendto+0x24/0x30
[  192.330657]  el0_svc_common.constprop.0+0x68/0x160
[  192.331919]  el0_svc_handler+0x20/0x80
[  192.333151]  el0_svc+0x8/0xc
[  192.334630] Code: f9401bf7 17ffff7c a9025bf5 f9001bf7 (d4210000) 
[  192.338490] ---[ end trace 3b2745b40dc536e3 ]---
[  192.340363] note: python3[493] exited with preempt_count 1
[  192.426967] ------------[ cut here ]------------
[  192.430691] WARNING: CPU: 3 PID: 0 at kernel/rcu/tree.c:569 rcu_idle_enter+0x74/0x80
[  192.445609] Modules linked in:
[  192.448970] CPU: 3 PID: 0 Comm: swapper/3 Tainted: G      D           5.4.18 #2
[  192.450975] Hardware name: linux,dummy-virt (DT)
[  192.455688] pstate: 200003c5 (nzCv DAIF -PAN -UAO)
[  192.465627] pc : rcu_idle_enter+0x74/0x80
[  192.466313] lr : do_idle+0x200/0x288
[  192.471097] sp : ffff800011a5bf20
[  192.474707] x29: ffff800011a5bf20 x28: 0000000000000000 
[  192.481097] x27: 0000000000000000 x26: 0000000000000000 
[  192.500710] x25: 0000000000000000 x24: ffff8000117ba214 
[  192.502608] x23: ffff00007b0c3800 x22: ffff800011404ab8 
[  192.509540] x21: ffff8000117ba1f0 x20: 0000000000000003 
[  192.511243] x19: ffff8000117ba118 x18: 0000000000000010 
[  192.517121] x17: 0000000000000000 x16: 0000000000000000 
[  192.518524] x15: ffff00007b385870 x14: 0000000000000001 
[  192.519856] x13: 0000000000000001 x12: 0000000000000000 
[  192.521490] x11: 0000000000000400 x10: 00000000000009c0 
[  192.522947] x9 : ffff800011a5be90 x8 : ffff00007b0c4220 
[  192.530459] x7 : 0000000000000000 x6 : 000004024b896fcb 
[  192.534316] x5 : 00ffffffffffffff x4 : ffff80006c783000 
[  192.535172] x3 : 4000000000000002 x2 : 4000000000000000 
[  192.536650] x1 : ffff800011406980 x0 : ffff00007db89980 
[  192.537094] Call trace:
[  192.537345]  rcu_idle_enter+0x74/0x80
[  192.538245]  do_idle+0x200/0x288
[  192.538664]  cpu_startup_entry+0x24/0x40
[  192.539104]  secondary_start_kernel+0x154/0x190
[  192.541696] ---[ end trace 3b2745b40dc536e4 ]---
[  194.105911] ------------[ cut here ]------------
[  194.106751] kernel BUG at arch/arm64/kernel/traps.c:405!
[  194.107804] Internal error: Oops - BUG: 0 [#2] PREEMPT SMP
[  194.110641] Modules linked in:
[  194.112713] CPU: 7 PID: 261 Comm: systemd-timesyn Tainted: G      D W         5.4.18 #2
[  194.114761] Hardware name: linux,dummy-virt (DT)
[  194.117465] pstate: 00000005 (nzcv daif -PAN -UAO)
[  194.118827] pc : do_undefinstr+0x2ec/0x310
[  194.122374] lr : do_undefinstr+0x1e0/0x310
[  194.126629] sp : ffff800011e337f0
[  194.127258] x29: ffff800011e337f0 x28: ffff00007923d400 
[  194.129078] x27: ffff800011e33d80 x26: 0000000000000011 
[  194.130440] x25: 0000000000000030 x24: 0000000000000000 
[  194.131621] x23: 0000000060000005 x22: ffff800010b7797c 
[  194.132523] x21: ffff800011e33990 x20: ffff00007923d400 
[  194.135666] x19: ffff800011e33850 x18: 0000000000000000 
[  194.139690] x17: 0000000000000000 x16: 0000000000000000 
[  194.141582] x15: 0000000000000001 x14: 0000000000000000 
[  194.142585] x13: 0000000000000000 x12: 00000000b97dbe39 
[  194.143469] x11: 0000000000000000 x10: 0000000000000068 
[  194.146008] x9 : ffff00007923d400 x8 : ffff800011e33c30 
[  194.147239] x7 : 0000000079c00000 x6 : 000000000000001f 
[  194.148962] x5 : 0000000000000000 x4 : ffff8000117c51f0 
[  194.151501] x3 : 0000000000000005 x2 : 0000000000000000 
[  194.156152] x1 : ffff00007923d400 x0 : 0000000060000005 
[  194.157912] Call trace:
[  194.158404]  do_undefinstr+0x2ec/0x310
[  194.159079]  el1_undef+0x10/0x84
[  194.160812]  ip_finish_output2+0x6c/0x588
[  194.161667]  __ip_finish_output+0x1b0/0x1e0
[  194.162407]  ip_output+0xf4/0x1b0
[  194.162974]  ip_local_out+0x44/0x58
[  194.163916]  ip_send_skb+0x1c/0xa8
[  194.164748]  udp_send_skb.isra.0+0x11c/0x368
[  194.166372]  udp_sendmsg+0x710/0x860
[  194.168517]  inet_sendmsg+0x40/0x68
[  194.169907]  __sys_sendto+0xd4/0x150
[  194.171401]  __arm64_sys_sendto+0x24/0x30
[  194.171982]  el0_svc_common.constprop.0+0x68/0x160
[  194.172392]  el0_svc_handler+0x20/0x80
[  194.172645]  el0_svc+0x8/0xc
[  194.172872] Code: f9401bf7 17ffff7c a9025bf5 f9001bf7 (d4210000) 
[  194.173205] ---[ end trace 3b2745b40dc536e5 ]---
[  194.174880] note: systemd-timesyn[261] exited with preempt_count 1
