[  193.451296] kernel BUG at arch/arm64/kernel/traps.c:405!
[  193.459268] Internal error: Oops - BUG: 0 [#1] PREEMPT SMP
[  193.461386] Modules linked in:
[  193.470201] CPU: 7 PID: 493 Comm: python3 Not tainted 5.4.18 #2
[  193.471659] Hardware name: linux,dummy-virt (DT)
[  193.473756] pstate: 00000005 (nzcv daif -PAN -UAO)
[  193.481320] pc : do_undefinstr+0x2ec/0x310
[  193.482304] lr : do_undefinstr+0x1e0/0x310
[  193.483078] sp : ffff800011f8b7f0
[  193.483882] x29: ffff800011f8b7f0 x28: ffff00007905d400 
[  193.485022] x27: ffff800011f8bd80 x26: 0000000000000011 
[  193.486241] x25: 0000000000000012 x24: 0000000000000000 
[  193.487137] x23: 0000000080000005 x22: ffff800010b77924 
[  193.488072] x21: ffff800011f8b990 x20: ffff00007905d400 
[  193.488956] x19: ffff800011f8b850 x18: 0000000000000000 
[  193.489893] x17: 0000000000000000 x16: 0000000000000000 
[  193.490774] x15: 0000000000000001 x14: 0000000000000000 
[  193.491752] x13: 0000000000000006 x12: 00000000c0a80164 
[  193.492635] x11: 0000000000000000 x10: 0000000000000068 
[  193.493751] x9 : ffff00007905d400 x8 : ffff800011f8bc30 
[  193.494633] x7 : 0000000009b00000 x6 : ffff800011f8b848 
[  193.496392] x5 : 00000000d5300000 x4 : ffff8000117c51f0 
[  193.497240] x3 : 00000000d7300000 x2 : 0000000000000000 
[  193.498552] x1 : ffff00007905d400 x0 : 0000000080000005 
[  193.500104] Call trace:
[  193.500607]  do_undefinstr+0x2ec/0x310
[  193.501057]  el1_undef+0x10/0x84
[  193.501626]  ip_finish_output2+0x14/0x588
[  193.502332]  __ip_finish_output+0x1b0/0x1e0
[  193.502840]  ip_output+0xf4/0x1b0
[  193.503422]  ip_local_out+0x44/0x58
[  193.503897]  ip_send_skb+0x1c/0xa8
[  193.504591]  udp_send_skb.isra.0+0x11c/0x368
[  193.505312]  udp_sendmsg+0x710/0x860
[  193.506032]  inet_sendmsg+0x40/0x68
[  193.506870]  __sys_sendto+0xd4/0x150
[  193.507598]  __arm64_sys_sendto+0x24/0x30
[  193.508629]  el0_svc_common.constprop.0+0x68/0x160
[  193.509400]  el0_svc_handler+0x20/0x80
[  193.510011]  el0_svc+0x8/0xc
[  193.511948] Code: f9401bf7 17ffff7c a9025bf5 f9001bf7 (d4210000) 
[  193.515929] ---[ end trace df1c0a61bc7622e6 ]---
[  193.517835] note: python3[493] exited with preempt_count 1
[  193.602368] ------------[ cut here ]------------
[  193.611234] WARNING: CPU: 7 PID: 0 at kernel/rcu/tree.c:569 rcu_idle_enter+0x74/0x80
[  193.625775] Modules linked in:
[  193.634303] CPU: 7 PID: 0 Comm: swapper/7 Tainted: G      D           5.4.18 #2
[  193.640978] Hardware name: linux,dummy-virt (DT)
[  193.649124] pstate: 200003c5 (nzCv DAIF -PAN -UAO)
[  193.651289] pc : rcu_idle_enter+0x74/0x80
[  193.652518] lr : do_idle+0x200/0x288
[  193.657493] sp : ffff800011a7bf20
[  193.663236] x29: ffff800011a7bf20 x28: 0000000000000000 
[  193.666819] x27: 0000000000000000 x26: 0000000000000000 
[  193.672595] x25: 0000000000000000 x24: ffff8000117ba214 
[  193.680112] x23: ffff00007b0c7000 x22: ffff800011404ab8 
[  193.683101] x21: ffff8000117ba1f0 x20: 0000000000000007 
[  193.683540] x19: ffff8000117ba118 x18: 0000000000000010 
[  193.685028] x17: 0000000000000000 x16: 0000000000000000 
[  193.687972] x15: 00000000000000c3 x14: 0000000000000000 
[  193.692856] x13: 0000000000000002 x12: 00000000000000c3 
[  193.697053] x11: 0000000000000001 x10: 00000000000009c0 
[  193.699092] x9 : ffff800011a7be90 x8 : ffff00007b0c7a20 
[  193.701610] x7 : 00000000000003b4 x6 : 00000118841c9010 
[  193.703517] x5 : 00ffffffffffffff x4 : ffff80006c7db000 
[  193.704786] x3 : 4000000000000002 x2 : 4000000000000000 
[  193.716250] x1 : ffff800011406980 x0 : ffff00007dbe1980 
[  193.719277] Call trace:
[  193.720030]  rcu_idle_enter+0x74/0x80
[  193.721499]  do_idle+0x200/0x288
[  193.728039]  cpu_startup_entry+0x20/0x40
[  193.729814]  secondary_start_kernel+0x154/0x190
[  193.732174] ---[ end trace df1c0a61bc7622e7 ]---
