[  193.706767] Unable to handle kernel paging request at virtual address 58908ecd8e9f6d00
[  193.720473] Mem abort info:
[  193.721354]   ESR = 0x86000004
[  193.724324]   EC = 0x21: IABT (current EL), IL = 32 bits
[  193.727097]   SET = 0, FnV = 0
[  193.733142]   EA = 0, S1PTW = 0
[  193.739084] [58908ecd8e9f6d00] address between user and kernel address ranges
[  193.745456] Internal error: Oops: 86000004 [#1] PREEMPT SMP
[  193.752207] Modules linked in:
[  193.774419] CPU: 7 PID: 495 Comm: python3 Not tainted 5.4.18 #2
[  193.776462] Hardware name: linux,dummy-virt (DT)
[  193.778786] pstate: 80000005 (Nzcv daif -PAN -UAO)
[  193.784129] pc : 0x58908ecd8e9f6d00
[  193.784662] lr : 0x58908ecd8e9f6d00
[  193.786010] sp : ffff800011d63a10
[  193.786516] x29: ffff800011d639e0 x28: 000000000000001a 
[  193.787294] x27: ffff800011d63d80 x26: 0000000000000011 
[  193.788371] x25: 0000000000000012 x24: ffff000078333a00 
[  193.790330] x23: ffff80001140c380 x22: ffff800010b79234 
[  193.792309] x21: ffff800011d63a30 x20: 58908ecd8e9f6d00 
[  193.793247] x19: ffff800011d63ae0 x18: 0000000000000000 
[  193.796268] x17: 0000000000000000 x16: 0000000000000000 
[  193.799539] x15: 0000000000000001 x14: 0000000000000000 
[  193.800742] x13: 0000000000000006 x12: 00000000c0a80164 
[  193.801716] x11: 0000000000000000 x10: 0000000000000068 
[  193.802732] x9 : ffff000073ce9c00 x8 : ffff800011d63c30 
[  193.806004] x7 : 0000000083600000 x6 : 000000000000e4ad 
[  193.806556] x5 : 00000000000002d0 x4 : 0000000000000007 
[  193.807172] x3 : 00000000000000c0 x2 : ffff000079b60000 
[  193.807867] x1 : ffff000073ce9c00 x0 : 0000000000000000 
[  193.810058] Call trace:
[  193.810928]  0x58908ecd8e9f6d00
[  193.814640] Code: bad PC value
[  193.823823] ---[ end trace f4de207241ef718b ]---
[  193.828131] Kernel panic - not syncing: Fatal exception in interrupt
[  193.837015] SMP: stopping secondary CPUs
[  193.842035] Kernel Offset: disabled
[  193.844654] CPU features: 0x0002,20006000
[  193.846106] Memory Limit: none
[  193.851765] ---[ end Kernel panic - not syncing: Fatal exception in interrupt ]---
