[  195.284115] kernel BUG at arch/arm64/kernel/traps.c:405!
[  195.289308] Internal error: Oops - BUG: 0 [#1] PREEMPT SMP
[  195.290428] Modules linked in:
[  195.294586] CPU: 6 PID: 493 Comm: python3 Not tainted 5.4.18 #2
[  195.295327] Hardware name: linux,dummy-virt (DT)
[  195.296077] pstate: 00000005 (nzcv daif -PAN -UAO)
[  195.298526] pc : do_undefinstr+0x2ec/0x310
[  195.298935] lr : do_undefinstr+0x1e0/0x310
[  195.299395] sp : ffff800011f3b7f0
[  195.299760] x29: ffff800011f3b7f0 x28: ffff00007b2bb800 
[  195.300364] x27: ffff800011f3bd80 x26: 0000000000000011 
[  195.301610] x25: 0000000000000012 x24: 0000000000000000 
[  195.302333] x23: 0000000060000005 x22: ffff800010b77c34 
[  195.302827] x21: ffff800011f3b990 x20: ffff00007b2bb800 
[  195.303129] x19: ffff800011f3b850 x18: 0000000000000000 
[  195.303424] x17: 0000000000000000 x16: 0000000000000000 
[  195.303717] x15: 0000000000000001 x14: 0000000000000000 
[  195.304011] x13: 0000000000000006 x12: 000000000000003c 
[  195.304306] x11: ffff0000796bb000 x10: 0000000000000000 
[  195.304624] x9 : ffff000079b57d40 x8 : 0000000000000028 
[  195.304959] x7 : ffff000070b22000 x6 : ffff800011f3b848 
[  195.305326] x5 : 00000000d5300000 x4 : ffff8000117c51f0 
[  195.305723] x3 : 0000000007f00000 x2 : 0000000000000000 
[  195.306119] x1 : ffff00007b2bb800 x0 : 0000000060000005 
[  195.306939] Call trace:
[  195.307314]  do_undefinstr+0x2ec/0x310
[  195.307653]  el1_undef+0x10/0x84
[  195.307934]  ip_finish_output2+0x324/0x588
[  195.308247]  __ip_finish_output+0x1b0/0x1e0
[  195.308587]  ip_output+0xf4/0x1b0
[  195.308857]  ip_local_out+0x44/0x58
[  195.309137]  ip_send_skb+0x1c/0xa8
[  195.309410]  udp_send_skb.isra.0+0x11c/0x368
[  195.309722]  udp_sendmsg+0x710/0x860
[  195.310003]  inet_sendmsg+0x40/0x68
[  195.310280]  __sys_sendto+0xd4/0x150
[  195.310602]  __arm64_sys_sendto+0x24/0x30
[  195.310909]  el0_svc_common.constprop.0+0x68/0x160
[  195.311253]  el0_svc_handler+0x20/0x80
[  195.311548]  el0_svc+0x8/0xc
[  195.312624] Code: f9401bf7 17ffff7c a9025bf5 f9001bf7 (d4210000) 
[  195.317147] ---[ end trace b04dd478b79413d7 ]---
[  195.318406] Kernel panic - not syncing: Fatal exception in interrupt
[  195.319863] SMP: stopping secondary CPUs
[  195.321776] Kernel Offset: disabled
[  195.322664] CPU features: 0x0002,20006000
[  195.323278] Memory Limit: none
[  195.324728] ---[ end Kernel panic - not syncing: Fatal exception in interrupt ]---
