[  194.215788] kernel BUG at arch/arm64/kernel/traps.c:405!
[  194.223293] Internal error: Oops - BUG: 0 [#1] PREEMPT SMP
[  194.226581] Modules linked in:
[  194.228978] CPU: 6 PID: 495 Comm: python3 Not tainted 5.4.18 #2
[  194.229455] Hardware name: linux,dummy-virt (DT)
[  194.232322] pstate: 00000005 (nzcv daif -PAN -UAO)
[  194.242771] pc : do_undefinstr+0x2ec/0x310
[  194.243627] lr : do_undefinstr+0x1e0/0x310
[  194.244441] sp : ffff800011f937f0
[  194.245798] x29: ffff800011f937f0 x28: ffff000078014600 
[  194.247497] x27: ffff800011f93d80 x26: 0000000000000011 
[  194.248495] x25: 0000000000000012 x24: 0000000000000000 
[  194.249526] x23: 0000000080000005 x22: ffff800010b77ce4 
[  194.250510] x21: ffff800011f93990 x20: ffff000078014600 
[  194.251516] x19: ffff800011f93850 x18: 0000000000000000 
[  194.253453] x17: 0000000000000000 x16: 0000000000000000 
[  194.254461] x15: 0000000000000001 x14: 0000000000000000 
[  194.255012] x13: 0000000000000006 x12: 00000000c0a80164 
[  194.255489] x11: 0000000000000000 x10: 0000000000000068 
[  194.255984] x9 : ffff000078014600 x8 : ffff800011f93c30 
[  194.256430] x7 : 000000003ed00000 x6 : ffff800011f93848 
[  194.256842] x5 : 00000000d5300000 x4 : ffff8000117c51f0 
[  194.257459] x3 : 0000000099000000 x2 : 0000000000000000 
[  194.258412] x1 : ffff000078014600 x0 : 0000000080000005 
[  194.260135] Call trace:
[  194.260955]  do_undefinstr+0x2ec/0x310
[  194.261789]  el1_undef+0x10/0x84
[  194.262658]  ip_finish_output2+0x3d4/0x588
[  194.263284]  __ip_finish_output+0x1b0/0x1e0
[  194.263987]  ip_output+0xf4/0x1b0
[  194.264546]  ip_local_out+0x44/0x58
[  194.265171]  ip_send_skb+0x1c/0xa8
[  194.265892]  udp_send_skb.isra.0+0x11c/0x368
[  194.266607]  udp_sendmsg+0x710/0x860
[  194.267804]  inet_sendmsg+0x40/0x68
[  194.268251]  __sys_sendto+0xd4/0x150
[  194.268793]  __arm64_sys_sendto+0x24/0x30
[  194.269765]  el0_svc_common.constprop.0+0x68/0x160
[  194.270571]  el0_svc_handler+0x20/0x80
[  194.271233]  el0_svc+0x8/0xc
[  194.273271] Code: f9401bf7 17ffff7c a9025bf5 f9001bf7 (d4210000) 
[  194.280396] ---[ end trace 6257f89bb254dee8 ]---
[  194.284277] Kernel panic - not syncing: Fatal exception in interrupt
[  194.289784] SMP: stopping secondary CPUs
[  194.293983] Kernel Offset: disabled
[  194.295168] CPU features: 0x0002,20006000
[  194.296058] Memory Limit: none
[  194.302240] ---[ end Kernel panic - not syncing: Fatal exception in interrupt ]---
