[  194.459482] Kernel panic - not syncing: stack-protector: Kernel stack is corrupted in: ip_finish_output2+0x574/0x588
[  194.472132] CPU: 5 PID: 494 Comm: python3 Not tainted 5.4.18 #2
[  194.474689] Hardware name: linux,dummy-virt (DT)
[  194.478949] Call trace:
[  194.480658]  dump_backtrace+0x0/0x140
[  194.481774]  show_stack+0x14/0x20
[  194.482956]  dump_stack+0xb4/0xf8
[  194.483724]  panic+0x158/0x324
[  194.484616]  __stack_chk_fail+0x1c/0x20
[  194.485434]  ip_finish_output2+0x574/0x588
[  194.486371]  __ip_finish_output+0x1b0/0x1e0
[  194.487421]  ip_output+0xf4/0x1b0
[  194.488653]  ip_local_out+0x44/0x58
[  194.490660]  ip_send_skb+0x1c/0xa8
[  194.492462]  udp_send_skb.isra.0+0x11c/0x368
[  194.493975]  udp_sendmsg+0x710/0x860
[  194.494728]  inet_sendmsg+0x40/0x68
[  194.495712]  __sys_sendto+0xd4/0x150
[  194.496632]  __arm64_sys_sendto+0x24/0x30
[  194.497498]  el0_svc_common.constprop.0+0x68/0x160
[  194.498402]  el0_svc_handler+0x20/0x80
[  194.499107]  el0_svc+0x8/0xc
[  194.506155] SMP: stopping secondary CPUs
[  194.514132] Kernel Offset: disabled
[  194.515504] CPU features: 0x0002,20006000
[  194.516644] Memory Limit: none
[  194.523442] ---[ end Kernel panic - not syncing: stack-protector: Kernel stack is corrupted in: ip_finish_output2+0x574/0x588 ]---
