[  195.166346] Unable to handle kernel NULL pointer dereference at virtual address 0000000000000b9a
[  195.172324] Mem abort info:
[  195.177754]   ESR = 0x96000006
[  195.179237]   EC = 0x25: DABT (current EL), IL = 32 bits
[  195.180435]   SET = 0, FnV = 0
[  195.181310]   EA = 0, S1PTW = 0
[  195.186463] Data abort info:
[  195.190738]   ISV = 0, ISS = 0x00000006
[  195.212168]   CM = 0, WnR = 0
[  195.220594] user pgtable: 4k pages, 48-bit VAs, pgdp=00000000b812c000
[  195.225969] [0000000000000b9a] pgd=00000000b839e003, pud=00000000b6f58003, pmd=0000000000000000
[  195.240902] Internal error: Oops: 96000006 [#1] PREEMPT SMP
[  195.242737] Modules linked in:
[  195.245875] CPU: 5 PID: 493 Comm: python3 Not tainted 5.4.18 #2
[  195.246614] Hardware name: linux,dummy-virt (DT)
[  195.248204] pstate: 80000005 (Nzcv daif -PAN -UAO)
[  195.255156] pc : ip_finish_output2+0x34/0x588
[  195.256068] lr : __ip_finish_output+0x1b0/0x1e0
[  195.256936] sp : ffff800011fdb990
[  195.258715] x29: ffff800011fdb990 x28: 000000000000001a 
[  195.259795] x27: ffff800011fdbd80 x26: 0000000000000011 
[  195.261061] x25: 0000000000000012 x24: ffff00007a7bc000 
[  195.262194] x23: ffff00007abac400 x22: ffff000078338000 
[  195.263302] x21: ffff000073a7c000 x20: ffff000078080100 
[  195.264465] x19: ffff000078080100 x18: 0000000000000000 
[  195.265716] x17: 0000000000000000 x16: 0000000000000000 
[  195.268122] x15: 0000000000000001 x14: 0000000000000000 
[  195.270770] x13: 0000000000000006 x12: 00000000c0a80164 
[  195.271545] x11: 0000000000000000 x10: 0000000000000068 
[  195.272357] x9 : ffff000078338000 x8 : ffff800011fdbc30 
[  195.273139] x7 : 00000000faa00000 x6 : 00000000000069ba 
[  195.274852] x5 : 0000000000000b22 x4 : 0000000000000007 
[  195.276588] x3 : 00000000000000c0 x2 : 0000000000000000 
[  195.279597] x1 : ffff00007abac400 x0 : ffff800011963ac0 
[  195.280488] Call trace:
[  195.281210]  ip_finish_output2+0x34/0x588
[  195.281586]  __ip_finish_output+0x1b0/0x1e0
[  195.281953]  ip_output+0xf4/0x1b0
[  195.282320]  ip_local_out+0x44/0x58
[  195.285436]  ip_send_skb+0x1c/0xa8
[  195.286197]  udp_send_skb.isra.0+0x11c/0x368
[  195.289145]  udp_sendmsg+0x710/0x860
[  195.290258]  inet_sendmsg+0x40/0x68
[  195.291341]  __sys_sendto+0xd4/0x150
[  195.292069]  __arm64_sys_sendto+0x24/0x30
[  195.292439]  el0_svc_common.constprop.0+0x68/0x160
[  195.295710]  el0_svc_handler+0x20/0x80
[  195.297154]  el0_svc+0x8/0xc
[  195.301304] Code: f9002fe2 d2800002 927ffab5 f94002b8 (7940f0a1) 
[  195.303942] ---[ end trace f9a173bc56f7200b ]---
