[  194.456085] Unable to handle kernel read from unreadable memory at virtual address ffff00007806640b
[  194.461681] Mem abort info:
[  194.461968]   ESR = 0x9600000f
[  194.462258]   EC = 0x25: DABT (current EL), IL = 32 bits
[  194.462591]   SET = 0, FnV = 0
[  194.462821]   EA = 0, S1PTW = 0
[  194.463101] Data abort info:
[  194.463392]   ISV = 0, ISS = 0x0000000f
[  194.463873]   CM = 0, WnR = 0
[  194.464476] swapper pgtable: 4k pages, 48-bit VAs, pgdp=00000000412a6000
[  194.465160] [ffff00007806640b] pgd=00000000bdff8003, pud=00000000bddfe003, pmd=00000000bdc3d003, pte=00680000b8066713
[  194.469078] Internal error: Oops: 9600000f [#1] PREEMPT SMP
[  194.470101] Modules linked in:
[  194.474800] CPU: 4 PID: 496 Comm: python3 Not tainted 5.4.18 #2
[  194.476990] Hardware name: linux,dummy-virt (DT)
[  194.479542] pstate: 60000005 (nZCv daif -PAN -UAO)
[  194.484219] pc : ip_finish_output2+0x2b8/0x588
[  194.485489] lr : __ip_finish_output+0x1b0/0x1e0
[  194.486301] sp : ffff800012153990
[  194.491640] x29: ffff800012153990 x28: 000000000000001a 
[  194.492204] x27: ffff800012153d80 x26: 0000000000000011 
[  194.493949] x25: ffff0000780664c8 x24: ffff000079ba8000 
[  194.498594] x23: 0000000000000000 x22: ffff00007a44c600 
[  194.501900] x21: ffff000075879000 x20: ffff0000782ee600 
[  194.503970] x19: ffff000078066400 x18: 0000000000000000 
[  194.508784] x17: 0000000000000000 x16: 0000000000000000 
[  194.509144] x15: 0000000000000001 x14: 0000000000000000 
[  194.511573] x13: 0000000000000006 x12: 00000000c0a80164 
[  194.512399] x11: 0000000000000000 x10: 0000000000000068 
[  194.516095] x9 : ffff00007a44c600 x8 : ffff800012153c30 
[  194.516853] x7 : 0000000000000003 x6 : 00000000292b2919 
[  194.517722] x5 : ffff00007aa97a80 x4 : 000000000000001d 
[  194.521265] x3 : 000000006401a8c0 x2 : 0000000000000000 
[  194.522331] x1 : 00000000000000c2 x0 : 000000000000000e 
[  194.524599] Call trace:
[  194.525102]  ip_finish_output2+0x2b8/0x588
[  194.525544]  __ip_finish_output+0x1b0/0x1e0
[  194.526990]  ip_output+0xf4/0x1b0
[  194.528523]  ip_local_out+0x44/0x58
[  194.528907]  ip_send_skb+0x1c/0xa8
[  194.530052]  udp_send_skb.isra.0+0x11c/0x368
[  194.530550]  udp_sendmsg+0x710/0x860
[  194.530780]  inet_sendmsg+0x40/0x68
[  194.530994]  __sys_sendto+0xd4/0x150
[  194.531204]  __arm64_sys_sendto+0x24/0x30
[  194.532860]  el0_svc_common.constprop.0+0x68/0x160
[  194.533858]  el0_svc_handler+0x20/0x80
[  194.536883]  el0_svc+0x8/0xc
[  194.539848] Code: 91032279 b940be77 37001297 d50339bf (b840ba75) 
[  194.548664] ---[ end trace e4903e6a48e13cb3 ]---
[  194.550729] Kernel panic - not syncing: Fatal exception in interrupt
[  194.553448] SMP: stopping secondary CPUs
[  194.555830] Kernel Offset: disabled
[  194.557509] CPU features: 0x0002,20006000
[  194.559881] Memory Limit: none
[  194.562763] ---[ end Kernel panic - not syncing: Fatal exception in interrupt ]---
