[  196.852802] kernel BUG at arch/arm64/kernel/traps.c:405!
[  196.856467] Internal error: Oops - BUG: 0 [#1] PREEMPT SMP
[  196.857558] Modules linked in:
[  196.859978] CPU: 6 PID: 494 Comm: python3 Not tainted 5.4.18 #2
[  196.860355] Hardware name: linux,dummy-virt (DT)
[  196.861073] pstate: 00000005 (nzcv daif -PAN -UAO)
[  196.863562] pc : do_undefinstr+0x2ec/0x310
[  196.863915] lr : do_undefinstr+0x1e0/0x310
[  196.864261] sp : ffff800011f937f0
[  196.864575] x29: ffff800011f937f0 x28: ffff000077219c00 
[  196.865072] x27: ffff800011f93d80 x26: 0000000000000011 
[  196.865466] x25: 0000000000000012 x24: 0000000000000000 
[  196.865851] x23: 0000000080000005 x22: ffff800010b77cb8 
[  196.866233] x21: ffff800011f93990 x20: ffff000077219c00 
[  196.866750] x19: ffff800011f93850 x18: 0000000000000000 
[  196.867138] x17: 0000000000000000 x16: 0000000000000000 
[  196.867610] x15: 0000000000000001 x14: 0000000000000000 
[  196.868002] x13: 0000000000000006 x12: 00000000c0a80164 
[  196.868409] x11: 0000000000000000 x10: 0000000000000068 
[  196.868800] x9 : ffff000077219c00 x8 : ffff800011f93c30 
[  196.869185] x7 : 0000000059200000 x6 : ffff800011f93848 
[  196.869578] x5 : 00000000d5300000 x4 : ffff8000117c51f0 
[  196.869973] x3 : 0000000073000000 x2 : 0000000000000000 
[  196.870365] x1 : ffff000077219c00 x0 : 0000000080000005 
[  196.871154] Call trace:
[  196.871516]  do_undefinstr+0x2ec/0x310
[  196.871851]  el1_undef+0x10/0x84
[  196.872127]  ip_finish_output2+0x3a8/0x588
[  196.872634]  __ip_finish_output+0x1b0/0x1e0
[  196.873182]  ip_output+0xf4/0x1b0
[  196.874184]  ip_local_out+0x44/0x58
[  196.874802]  ip_send_skb+0x1c/0xa8
[  196.875179]  udp_send_skb.isra.0+0x11c/0x368
[  196.875671]  udp_sendmsg+0x710/0x860
[  196.875958]  inet_sendmsg+0x40/0x68
[  196.876235]  __sys_sendto+0xd4/0x150
[  196.876452]  __arm64_sys_sendto+0x24/0x30
[  196.876690]  el0_svc_common.constprop.0+0x68/0x160
[  196.876957]  el0_svc_handler+0x20/0x80
[  196.877227]  el0_svc+0x8/0xc
[  196.877982] Code: f9401bf7 17ffff7c a9025bf5 f9001bf7 (d4210000) 
[  196.885592] ---[ end trace f8768c1770e7810f ]---
[  196.889212] Kernel panic - not syncing: Fatal exception in interrupt
[  196.891928] SMP: stopping secondary CPUs
[  196.897765] Kernel Offset: disabled
[  196.899134] CPU features: 0x0002,20006000
[  196.900158] Memory Limit: none
[  196.904053] ---[ end Kernel panic - not syncing: Fatal exception in interrupt ]---
