[  194.661400] Unable to handle kernel NULL pointer dereference at virtual address 000000000000003e
[  194.671289] Mem abort info:
[  194.672087]   ESR = 0x96000046
[  194.673077]   EC = 0x25: DABT (current EL), IL = 32 bits
[  194.674158]   SET = 0, FnV = 0
[  194.676883]   EA = 0, S1PTW = 0
[  194.677711] Data abort info:
[  194.681912]   ISV = 0, ISS = 0x00000046
[  194.682825]   CM = 0, WnR = 1
[  194.693272] user pgtable: 4k pages, 48-bit VAs, pgdp=00000000b1b4d000
[  194.697944] [000000000000003e] pgd=00000000b2bb4003, pud=00000000b3fd6003, pmd=0000000000000000
[  194.716609] Internal error: Oops: 96000046 [#1] PREEMPT SMP
[  194.720417] Modules linked in:
[  194.731619] CPU: 2 PID: 495 Comm: python3 Not tainted 5.4.18 #2
[  194.733118] Hardware name: linux,dummy-virt (DT)
[  194.735057] pstate: 00000005 (nzcv daif -PAN -UAO)
[  194.742688] pc : __memset+0x4c/0x188
[  194.744518] lr : __skb_pad+0xb0/0x120
[  194.744992] sp : ffff800012123730
[  194.745410] x29: ffff800012123730 x28: ffff00007a42d080 
[  194.746213] x27: ffff0000782d5600 x26: ffff00007ab0e090 
[  194.748162] x25: ffff8000117b7000 x24: 0000000000000000 
[  194.749195] x23: ffff8000117bf958 x22: 0000000000000001 
[  194.750147] x21: 0000000000000000 x20: 000000000000001e 
[  194.751558] x19: ffff0000782d5600 x18: 0000000000000000 
[  194.752395] x17: 0000000000000000 x16: 0000000000000000 
[  194.754708] x15: 0000000000000001 x14: 0000000000000000 
[  194.756054] x13: 0000000000000006 x12: 00000000c0a80164 
[  194.757803] x11: 0000000000000000 x10: 0000000000000068 
[  194.762001] x9 : ffff00007a451c00 x8 : 000000000000003e 
[  194.762629] x7 : 0000000000000000 x6 : 0000000000000010 
[  194.765767] x5 : 0000000000000000 x4 : 0000000000000002 
[  194.766807] x3 : 0000000000000020 x2 : 000000000000001e 
[  194.768790] x1 : 0000000000000000 x0 : 000000000000003e 
[  194.772289] Call trace:
[  194.773307]  __memset+0x4c/0x188
[  194.774051]  e1000_xmit_frame+0xa18/0xf80
[  194.775345]  dev_hard_start_xmit+0x94/0x158
[  194.777318]  sch_direct_xmit+0x120/0x340
[  194.779081]  __dev_queue_xmit+0x67c/0x7f0
[  194.780538]  dev_queue_xmit+0x10/0x18
[  194.781037]  ip_finish_output2+0x31c/0x588
[  194.786924]  __ip_finish_output+0x1b0/0x1e0
[  194.792006]  ip_output+0xf4/0x1b0
[  194.792671]  ip_local_out+0x44/0x58
[  194.794036]  ip_send_skb+0x1c/0xa8
[  194.795171]  udp_send_skb.isra.0+0x11c/0x368
[  194.796082]  udp_sendmsg+0x710/0x860
[  194.796336]  inet_sendmsg+0x40/0x68
[  194.797045]  __sys_sendto+0xd4/0x150
[  194.800655]  __arm64_sys_sendto+0x24/0x30
[  194.802740]  el0_svc_common.constprop.0+0x68/0x160
[  194.805073]  el0_svc_handler+0x20/0x80
[  194.806653]  el0_svc+0x8/0xc
[  194.808680] Code: d65f03c0 cb0803e4 f2400c84 54000080 (a9001d07) 
[  194.813238] ---[ end trace aa48ed9e713da48e ]---
[  194.817320] Kernel panic - not syncing: Fatal exception in interrupt
[  194.822164] SMP: stopping secondary CPUs
[  194.831065] Kernel Offset: disabled
[  194.832645] CPU features: 0x0002,20006000
[  194.835572] Memory Limit: none
[  194.842334] ---[ end Kernel panic - not syncing: Fatal exception in interrupt ]---
