[  192.282091] Kernel panic - not syncing: stack-protector: Kernel stack is corrupted in: ip_finish_output2+0x574/0x588
[  192.293856] CPU: 7 PID: 493 Comm: python3 Not tainted 5.4.18 #2
[  192.295196] Hardware name: linux,dummy-virt (DT)
[  192.297874] Call trace:
[  192.298936]  dump_backtrace+0x0/0x140
[  192.299744]  show_stack+0x14/0x20
[  192.300880]  dump_stack+0xb4/0xf8
[  192.301549]  panic+0x158/0x324
[  192.302575]  __stack_chk_fail+0x1c/0x20
[  192.303307]  ip_finish_output2+0x574/0x588
[  192.304141]  __ip_finish_output+0x1b0/0x1e0
[  192.305133]  ip_output+0xf4/0x1b0
[  192.307372]  ip_local_out+0x44/0x58
[  192.308626]  ip_send_skb+0x1c/0xa8
[  192.309708]  udp_send_skb.isra.0+0x11c/0x368
[  192.310220]  udp_sendmsg+0x710/0x860
[  192.310597]  inet_sendmsg+0x40/0x68
[  192.310972]  __sys_sendto+0xd4/0x150
[  192.311366]  __arm64_sys_sendto+0x24/0x30
[  192.311815]  el0_svc_common.constprop.0+0x68/0x160
[  192.312433]  el0_svc_handler+0x20/0x80
[  192.313132]  el0_svc+0x8/0xc
[  192.321284] SMP: stopping secondary CPUs
[  192.323440] Kernel Offset: disabled
[  192.323860] CPU features: 0x0002,20006000
[  192.324162] Memory Limit: none
[  192.326041] ---[ end Kernel panic - not syncing: stack-protector: Kernel stack is corrupted in: ip_finish_output2+0x574/0x588 ]---
