[  194.645775] kernel BUG at arch/arm64/kernel/traps.c:405!
[  194.656503] Internal error: Oops - BUG: 0 [#1] PREEMPT SMP
[  194.658310] Modules linked in:
[  194.662748] CPU: 0 PID: 498 Comm: python3 Not tainted 5.4.18 #2
[  194.663471] Hardware name: linux,dummy-virt (DT)
[  194.667322] pstate: 00000005 (nzcv daif -PAN -UAO)
[  194.672661] pc : do_undefinstr+0x2ec/0x310
[  194.673772] lr : do_undefinstr+0x1e0/0x310
[  194.674580] sp : ffff800011d9b7f0
[  194.675243] x29: ffff800011d9b7f0 x28: ffff00007a90aa00 
[  194.676378] x27: ffff800011d9bd80 x26: 0000000000000011 
[  194.677272] x25: 0000000000000012 x24: 0000000000000000 
[  194.678184] x23: 0000000080000005 x22: ffff800010b77960 
[  194.679278] x21: ffff800011d9b990 x20: ffff00007a90aa00 
[  194.680125] x19: ffff800011d9b850 x18: 0000000000000000 
[  194.681566] x17: 0000000000000000 x16: 0000000000000000 
[  194.682453] x15: 0000000000000001 x14: 0000000000000000 
[  194.683301] x13: 0000000000000006 x12: 00000000c0a80164 
[  194.684257] x11: 0000000000000000 x10: 0000000000000068 
[  194.685134] x9 : ffff00007a90aa00 x8 : ffff800011d9bc30 
[  194.686062] x7 : 0000000052b00000 x6 : ffff800011d9b848 
[  194.686914] x5 : 00000000d5300000 x4 : ffff8000117c51f0 
[  194.687808] x3 : 00000000d4000000 x2 : 0000000000000000 
[  194.688664] x1 : ffff00007a90aa00 x0 : 0000000080000005 
[  194.690403] Call trace:
[  194.691188]  do_undefinstr+0x2ec/0x310
[  194.692122]  el1_undef+0x10/0x84
[  194.692724]  ip_finish_output2+0x50/0x588
[  194.693370]  __ip_finish_output+0x1b0/0x1e0
[  194.694108]  ip_output+0xf4/0x1b0
[  194.695194]  ip_local_out+0x44/0x58
[  194.696966]  ip_send_skb+0x1c/0xa8
[  194.698313]  udp_send_skb.isra.0+0x11c/0x368
[  194.699069]  udp_sendmsg+0x710/0x860
[  194.699686]  inet_sendmsg+0x40/0x68
[  194.700509]  __sys_sendto+0xd4/0x150
[  194.701327]  __arm64_sys_sendto+0x24/0x30
[  194.702000]  el0_svc_common.constprop.0+0x68/0x160
[  194.702890]  el0_svc_handler+0x20/0x80
[  194.703551]  el0_svc+0x8/0xc
[  194.705651] Code: f9401bf7 17ffff7c a9025bf5 f9001bf7 (d4210000) 
[  194.709440] ---[ end trace 285901b932cf5f02 ]---
[  194.712720] note: python3[498] exited with preempt_count 1
[  194.770547] ------------[ cut here ]------------
[  194.776102] WARNING: CPU: 0 PID: 0 at kernel/rcu/tree.c:569 rcu_idle_enter+0x74/0x80
[  194.778338] Modules linked in:
[  194.779762] CPU: 0 PID: 0 Comm: swapper/0 Tainted: G      D           5.4.18 #2
[  194.789114] Hardware name: linux,dummy-virt (DT)
[  194.791118] pstate: 200003c5 (nzCv DAIF -PAN -UAO)
[  194.797093] pc : rcu_idle_enter+0x74/0x80
[  194.802428] lr : do_idle+0x200/0x288
[  194.803075] sp : ffff8000117b3eb0
[  194.803703] x29: ffff8000117b3eb0 x28: 00000000412b0018 
[  194.806548] x27: 0000000000000000 x26: 0000000000000000 
[  194.807613] x25: 0000000000000000 x24: ffff8000117ba214 
[  194.808340] x23: ffff8000117c2d80 x22: ffff800011404ab8 
[  194.813075] x21: ffff8000117ba1f0 x20: 0000000000000000 
[  194.815639] x19: ffff8000117ba118 x18: 00000000000040e4 
[  194.818016] x17: 00000000000040e0 x16: 00000000000040dc 
[  194.822420] x15: 00000000000040d8 x14: 0000000000000002 
[  194.822865] x13: 0000000000000001 x12: 0000000000000000 
[  194.823116] x11: 0000000000000400 x10: 00000000000009c0 
[  194.823342] x9 : ffff8000117b3e20 x8 : ffff8000117c37a0 
[  194.823556] x7 : ffff80006c741000 x6 : 0000037cc2b310fd 
[  194.823765] x5 : 00ffffffffffffff x4 : 000073d0031e607b 
[  194.824442] x3 : 4000000000000002 x2 : 4000000000000000 
[  194.824743] x1 : ffff800011406980 x0 : ffff00007db47980 
[  194.825007] Call trace:
[  194.825195]  rcu_idle_enter+0x74/0x80
[  194.825605]  do_idle+0x200/0x288
[  194.825961]  cpu_startup_entry+0x24/0x40
[  194.826575]  rest_init+0xd4/0xe0
[  194.827049]  arch_call_rest_init+0xc/0x14
[  194.827467]  start_kernel+0x420/0x450
[  194.828019] ---[ end trace 285901b932cf5f03 ]---
