[  197.633311] Unable to handle kernel NULL pointer dereference at virtual address 000000000000024e
[  197.636084] Mem abort info:
[  197.636641]   ESR = 0x96000006
[  197.637387]   EC = 0x25: DABT (current EL), IL = 32 bits
[  197.638152]   SET = 0, FnV = 0
[  197.640593]   EA = 0, S1PTW = 0
[  197.641537] Data abort info:
[  197.645930]   ISV = 0, ISS = 0x00000006
[  197.648527]   CM = 0, WnR = 0
[  197.666023] user pgtable: 4k pages, 48-bit VAs, pgdp=00000000b83ca000
[  197.674367] [000000000000024e] pgd=00000000b83eb003, pud=00000000b963a003, pmd=0000000000000000
[  197.685102] Internal error: Oops: 96000006 [#1] PREEMPT SMP
[  197.693177] Modules linked in:
[  197.704045] CPU: 4 PID: 492 Comm: python3 Not tainted 5.4.18 #2
[  197.711082] Hardware name: linux,dummy-virt (DT)
[  197.715236] pstate: 80000005 (Nzcv daif -PAN -UAO)
[  197.717376] pc : ip_finish_output2+0x38/0x588
[  197.720193] lr : __ip_finish_output+0x1b0/0x1e0
[  197.722399] sp : ffff800011f13990
[  197.723668] x29: ffff800011f13990 x28: 000000000000001a 
[  197.724416] x27: ffff800011f13d80 x26: 0000000000000011 
[  197.724787] x25: 0000000000000012 x24: 0000000000000028 
[  197.727728] x23: ffff0000795b1100 x22: ffff00007a424600 
[  197.729477] x21: ffff00007b0c0000 x20: ffff00007a424600 
[  197.733239] x19: ffff00007800cb00 x18: 0000000000000000 
[  197.735038] x17: 0000000000000000 x16: 0000000000000000 
[  197.741124] x15: 0000000000000001 x14: 0000000000000000 
[  197.744970] x13: 0000000000000006 x12: 00000000c0a80164 
[  197.746708] x11: 0000000000000000 x10: 0000000000000068 
[  197.747806] x9 : ffff00007a424600 x8 : ffff800011f13c30 
[  197.748201] x7 : 000000002ba00000 x6 : 000000000000e18d 
[  197.748556] x5 : 0000000000003db2 x4 : 0000000000000007 
[  197.749438] x3 : 00000000000000c0 x2 : 0000000000000000 
[  197.751444] x1 : 0000000000000000 x0 : ffff800011963ac0 
[  197.753748] Call trace:
[  197.755234]  ip_finish_output2+0x38/0x588
[  197.755696]  __ip_finish_output+0x1b0/0x1e0
[  197.756021]  ip_output+0xf4/0x1b0
[  197.756353]  ip_local_out+0x44/0x58
[  197.756773]  ip_send_skb+0x1c/0xa8
[  197.756924]  udp_send_skb.isra.0+0x11c/0x368
[  197.757426]  udp_sendmsg+0x710/0x860
[  197.757644]  inet_sendmsg+0x40/0x68
[  197.757833]  __sys_sendto+0xd4/0x150
[  197.758352]  __arm64_sys_sendto+0x24/0x30
[  197.762844]  el0_svc_common.constprop.0+0x68/0x160
[  197.768495]  el0_svc_handler+0x20/0x80
[  197.770995]  el0_svc+0x8/0xc
[  197.776668] Code: d2800002 927ffab5 f94002b8 7940f2a1 (79444f13) 
[  197.797440] ---[ end trace 0b918040399f110f ]---
