[  193.247891] kernel BUG at arch/arm64/kernel/traps.c:405!
[  193.250038] Internal error: Oops - BUG: 0 [#1] PREEMPT SMP
[  193.251821] Modules linked in:
[  193.254061] CPU: 3 PID: 493 Comm: python3 Not tainted 5.4.18 #2
[  193.254775] Hardware name: linux,dummy-virt (DT)
[  193.256400] pstate: 00000005 (nzcv daif -PAN -UAO)
[  193.257258] pc : do_undefinstr+0x2ec/0x310
[  193.257988] lr : do_undefinstr+0x1e0/0x310
[  193.258530] sp : ffff800011f5b7f0
[  193.258954] x29: ffff800011f5b7f0 x28: ffff000071718e00 
[  193.259718] x27: ffff800011f5bd80 x26: 0000000000000011 
[  193.260222] x25: 0000000000000012 x24: 0000000000000000 
[  193.260711] x23: 0000000080000005 x22: ffff800010b7793c 
[  193.261203] x21: ffff800011f5b990 x20: ffff000071718e00 
[  193.261771] x19: ffff800011f5b850 x18: 0000000000000000 
[  193.262269] x17: 0000000000000000 x16: 0000000000000000 
[  193.262773] x15: 0000000000000001 x14: 0000000000000000 
[  193.263261] x13: 0000000000000006 x12: 00000000c0a80164 
[  193.263805] x11: 0000000000000000 x10: 0000000000000068 
[  193.264299] x9 : ffff000071718e00 x8 : ffff800011f5bc30 
[  193.264785] x7 : 0000000033f00000 x6 : ffff800011f5b848 
[  193.265269] x5 : 00000000d5300000 x4 : ffff8000117c51f0 
[  193.268319] x3 : 000000009a700000 x2 : 0000000000000000 
[  193.270216] x1 : ffff000071718e00 x0 : 0000000080000005 
[  193.272245] Call trace:
[  193.273445]  do_undefinstr+0x2ec/0x310
[  193.274529]  el1_undef+0x10/0x84
[  193.274861]  ip_finish_output2+0x2c/0x588
[  193.275283]  __ip_finish_output+0x1b0/0x1e0
[  193.275602]  ip_output+0xf4/0x1b0
[  193.275887]  ip_local_out+0x44/0x58
[  193.276174]  ip_send_skb+0x1c/0xa8
[  193.276452]  udp_send_skb.isra.0+0x11c/0x368
[  193.276768]  udp_sendmsg+0x710/0x860
[  193.277043]  inet_sendmsg+0x40/0x68
[  193.277548]  __sys_sendto+0xd4/0x150
[  193.277829]  __arm64_sys_sendto+0x24/0x30
[  193.278179]  el0_svc_common.constprop.0+0x68/0x160
[  193.278524]  el0_svc_handler+0x20/0x80
[  193.278804]  el0_svc+0x8/0xc
[  193.281985] Code: f9401bf7 17ffff7c a9025bf5 f9001bf7 (d4210000) 
[  193.288568] ---[ end trace e9d6d3fecd4b74e4 ]---
[  193.290644] note: python3[493] exited with preempt_count 1
[  193.419914] ------------[ cut here ]------------
[  193.420962] WARNING: CPU: 3 PID: 0 at kernel/rcu/tree.c:569 rcu_idle_enter+0x74/0x80
[  193.428293] Modules linked in:
[  193.433583] CPU: 3 PID: 0 Comm: swapper/3 Tainted: G      D           5.4.18 #2
[  193.436995] Hardware name: linux,dummy-virt (DT)
[  193.440686] pstate: 200003c5 (nzCv DAIF -PAN -UAO)
[  193.446226] pc : rcu_idle_enter+0x74/0x80
[  193.449344] lr : do_idle+0x200/0x288
[  193.450112] sp : ffff800011a5bf20
[  193.450787] x29: ffff800011a5bf20 x28: 0000000000000000 
[  193.455911] x27: 0000000000000000 x26: 0000000000000000 
[  193.456393] x25: 0000000000000000 x24: ffff8000117ba214 
[  193.456802] x23: ffff00007b0c3800 x22: ffff800011404ab8 
[  193.457496] x21: ffff8000117ba1f0 x20: 0000000000000003 
[  193.460758] x19: ffff8000117ba118 x18: 0000000000000010 
[  193.461605] x17: 0000000000000000 x16: 0000000000000000 
[  193.463524] x15: 0000000000000359 x14: 0000000000000000 
[  193.465113] x13: 0000000000000002 x12: 0000000000000000 
[  193.467337] x11: 0000000000000000 x10: 00000000000009c0 
[  193.468494] x9 : ffff800011a5be90 x8 : ffff00007b0c4220 
[  193.469406] x7 : 000000000000033b x6 : 00000297925996c7 
[  193.473377] x5 : 00ffffffffffffff x4 : ffff80006c783000 
[  193.474984] x3 : 4000000000000002 x2 : 4000000000000000 
[  193.476331] x1 : ffff800011406980 x0 : ffff00007db89980 
[  193.476746] Call trace:
[  193.477013]  rcu_idle_enter+0x74/0x80
[  193.477247]  do_idle+0x200/0x288
[  193.477423]  cpu_startup_entry+0x24/0x40
[  193.477596]  secondary_start_kernel+0x154/0x190
[  193.477804] ---[ end trace e9d6d3fecd4b74e5 ]---
