[  193.803036] kernel BUG at arch/arm64/kernel/traps.c:405!
[  193.812885] Internal error: Oops - BUG: 0 [#1] PREEMPT SMP
[  193.815008] Modules linked in:
[  193.821929] CPU: 4 PID: 495 Comm: python3 Not tainted 5.4.18 #2
[  193.823704] Hardware name: linux,dummy-virt (DT)
[  193.825731] pstate: 00000005 (nzcv daif -PAN -UAO)
[  193.831304] pc : do_undefinstr+0x2ec/0x310
[  193.832121] lr : do_undefinstr+0x1e0/0x310
[  193.832872] sp : ffff800011f5b7f0
[  193.833490] x29: ffff800011f5b7f0 x28: ffff0000792caa00 
[  193.834602] x27: ffff800011f5bd80 x26: 0000000000000011 
[  193.836762] x25: 0000000000000012 x24: 0000000000000000 
[  193.838798] x23: 0000000080000005 x22: ffff800010b77cdc 
[  193.840999] x21: ffff800011f5b990 x20: ffff0000792caa00 
[  193.843177] x19: ffff800011f5b850 x18: 0000000000000000 
[  193.843929] x17: 0000000000000000 x16: 0000000000000000 
[  193.844763] x15: 0000000000000001 x14: 0000000000000000 
[  193.845554] x13: 0000000000000006 x12: 00000000c0a80164 
[  193.846414] x11: 0000000000000000 x10: 0000000000000068 
[  193.847243] x9 : ffff0000792caa00 x8 : ffff800011f5bc30 
[  193.848058] x7 : 0000000093b00000 x6 : ffff800011f5b848 
[  193.848940] x5 : 00000000d5300000 x4 : ffff8000117c51f0 
[  193.849752] x3 : 00000000f9c00000 x2 : 0000000000000000 
[  193.850924] x1 : ffff0000792caa00 x0 : 0000000080000005 
[  193.852737] Call trace:
[  193.853556]  do_undefinstr+0x2ec/0x310
[  193.854219]  el1_undef+0x10/0x84
[  193.854795]  ip_finish_output2+0x3cc/0x588
[  193.855706]  __ip_finish_output+0x1b0/0x1e0
[  193.857188]  ip_output+0xf4/0x1b0
[  193.857832]  ip_local_out+0x44/0x58
[  193.858422]  ip_send_skb+0x1c/0xa8
[  193.858995]  udp_send_skb.isra.0+0x11c/0x368
[  193.859665]  udp_sendmsg+0x710/0x860
[  193.860437]  inet_sendmsg+0x40/0x68
[  193.861078]  __sys_sendto+0xd4/0x150
[  193.861673]  __arm64_sys_sendto+0x24/0x30
[  193.862383]  el0_svc_common.constprop.0+0x68/0x160
[  193.863109]  el0_svc_handler+0x20/0x80
[  193.863719]  el0_svc+0x8/0xc
[  193.867032] Code: f9401bf7 17ffff7c a9025bf5 f9001bf7 (d4210000) 
[  193.877430] ---[ end trace 8ec5876aed5d979c ]---
[  193.880377] Kernel panic - not syncing: Fatal exception in interrupt
[  193.883903] SMP: stopping secondary CPUs
[  193.887734] Kernel Offset: disabled
[  193.888932] CPU features: 0x0002,20006000
[  193.889912] Memory Limit: none
[  193.892968] ---[ end Kernel panic - not syncing: Fatal exception in interrupt ]---
