[  194.411709] kernel BUG at arch/arm64/kernel/traps.c:405!
[  194.424715] Internal error: Oops - BUG: 0 [#1] PREEMPT SMP
[  194.427622] Modules linked in:
[  194.436525] CPU: 1 PID: 491 Comm: python3 Not tainted 5.4.18 #2
[  194.437532] Hardware name: linux,dummy-virt (DT)
[  194.439486] pstate: 00000005 (nzcv daif -PAN -UAO)
[  194.446320] pc : do_undefinstr+0x2ec/0x310
[  194.447742] lr : do_undefinstr+0x1e0/0x310
[  194.448895] sp : ffff800011fdb7f0
[  194.449720] x29: ffff800011fdb7f0 x28: ffff00007abfb800 
[  194.450976] x27: ffff800011fdbd80 x26: 0000000000000011 
[  194.452107] x25: 0000000000000012 x24: 0000000000000000 
[  194.453164] x23: 0000000040000005 x22: ffff800010b77a94 
[  194.454786] x21: ffff800011fdb990 x20: ffff00007abfb800 
[  194.456326] x19: ffff800011fdb850 x18: 0000000000000000 
[  194.459058] x17: 0000000000000000 x16: 0000000000000000 
[  194.459781] x15: 0000000000000001 x14: 0000000000000000 
[  194.460812] x13: 0000000000000006 x12: 000000000000003c 
[  194.461765] x11: ffff000071bbe000 x10: 0000000000000000 
[  194.463271] x9 : ffff00007ab77d40 x8 : 0000000000000028 
[  194.465937] x7 : ffff000070d02000 x6 : ffff800011fdb848 
[  194.467365] x5 : 00000000d5300000 x4 : ffff8000117c51f0 
[  194.468515] x3 : 00000000f9c00000 x2 : 0000000000000000 
[  194.470235] x1 : ffff00007abfb800 x0 : 0000000040000005 
[  194.472309] Call trace:
[  194.473661]  do_undefinstr+0x2ec/0x310
[  194.474743]  el1_undef+0x10/0x84
[  194.475970]  ip_finish_output2+0x184/0x588
[  194.476781]  __ip_finish_output+0x1b0/0x1e0
[  194.477843]  ip_output+0xf4/0x1b0
[  194.478518]  ip_local_out+0x44/0x58
[  194.481487]  ip_send_skb+0x1c/0xa8
[  194.482305]  udp_send_skb.isra.0+0x11c/0x368
[  194.483377]  udp_sendmsg+0x710/0x860
[  194.484125]  inet_sendmsg+0x40/0x68
[  194.484816]  __sys_sendto+0xd4/0x150
[  194.485564]  __arm64_sys_sendto+0x24/0x30
[  194.486521]  el0_svc_common.constprop.0+0x68/0x160
[  194.487682]  el0_svc_handler+0x20/0x80
[  194.488436]  el0_svc+0x8/0xc
[  194.490938] Code: f9401bf7 17ffff7c a9025bf5 f9001bf7 (d4210000) 
[  194.497350] ---[ end trace 5a07dadf14f65259 ]---
[  194.498753] note: python3[491] exited with preempt_count 1
[  194.610531] ------------[ cut here ]------------
[  194.612261] WARNING: CPU: 1 PID: 0 at kernel/rcu/tree.c:569 rcu_idle_enter+0x74/0x80
[  194.615093] Modules linked in:
[  194.616171] CPU: 1 PID: 0 Comm: swapper/1 Tainted: G      D           5.4.18 #2
[  194.618677] Hardware name: linux,dummy-virt (DT)
[  194.620418] pstate: 200003c5 (nzCv DAIF -PAN -UAO)
[  194.621344] pc : rcu_idle_enter+0x74/0x80
[  194.622944] lr : do_idle+0x200/0x288
[  194.623229] sp : ffff800011a4bf20
[  194.623427] x29: ffff800011a4bf20 x28: 0000000000000000 
[  194.623721] x27: 0000000000000000 x26: 0000000000000000 
[  194.624193] x25: 0000000000000000 x24: ffff8000117ba214 
[  194.626208] x23: ffff00007b0c1c00 x22: ffff800011404ab8 
[  194.626732] x21: ffff8000117ba1f0 x20: 0000000000000001 
[  194.627874] x19: ffff8000117ba118 x18: 0000000000000010 
[  194.630424] x17: 0000000000000000 x16: 0000000000000000 
[  194.630834] x15: 0000000000000000 x14: 0000000000000000 
[  194.631347] x13: 0000000000000002 x12: 0000000000000000 
[  194.631902] x11: 0000000000000000 x10: 00000000000009c0 
[  194.632440] x9 : ffff800011a4be90 x8 : ffff00007b0c2620 
[  194.634123] x7 : 0000000000000355 x6 : 00000973005053c3 
[  194.634730] x5 : 00ffffffffffffff x4 : ffff80006c757000 
[  194.635281] x3 : 4000000000000002 x2 : 4000000000000000 
[  194.635917] x1 : ffff800011406980 x0 : ffff00007db5d980 
[  194.638604] Call trace:
[  194.638942]  rcu_idle_enter+0x74/0x80
[  194.639297]  do_idle+0x200/0x288
[  194.639519]  cpu_startup_entry+0x24/0x40
[  194.639848]  secondary_start_kernel+0x154/0x190
[  194.640208] ---[ end trace 5a07dadf14f6525a ]---
