[  195.072641] Unable to handle kernel NULL pointer dereference at virtual address 0000000000000020
[  195.081906] Mem abort info:
[  195.082186]   ESR = 0x96000006
[  195.082710]   EC = 0x25: DABT (current EL), IL = 32 bits
[  195.083375]   SET = 0, FnV = 0
[  195.084053]   EA = 0, S1PTW = 0
[  195.084541] Data abort info:
[  195.084988]   ISV = 0, ISS = 0x00000006
[  195.085498]   CM = 0, WnR = 0
[  195.088155] user pgtable: 4k pages, 48-bit VAs, pgdp=00000000b2be4000
[  195.089167] [0000000000000020] pgd=00000000b1b1c003, pud=00000000b580c003, pmd=0000000000000000
[  195.094095] Internal error: Oops: 96000006 [#1] PREEMPT SMP
[  195.094829] Modules linked in:
[  195.098954] CPU: 5 PID: 494 Comm: python3 Not tainted 5.4.18 #2
[  195.106281] Hardware name: linux,dummy-virt (DT)
[  195.108970] pstate: 80000005 (Nzcv daif -PAN -UAO)
[  195.115032] pc : ip_finish_output2+0x3d0/0x588
[  195.116203] lr : __ip_finish_output+0x1b0/0x1e0
[  195.117047] sp : ffff800011f7b990
[  195.117364] x29: ffff800011f7b990 x28: 000000000000001a 
[  195.118328] x27: ffff800011f7bd80 x26: 0000000000000011 
[  195.119943] x25: 0000000000000012 x24: ffff000079bc8000 
[  195.120927] x23: ffff00007b2861c0 x22: ffff000079416200 
[  195.126438] x21: ffff00007580f000 x20: ffff00007a8f8300 
[  195.130080] x19: 0000000000000010 x18: 0000000000000000 
[  195.130937] x17: 0000000000000000 x16: 0000000000000000 
[  195.131756] x15: 0000000000000001 x14: 0000000000000000 
[  195.133320] x13: 0000000000000006 x12: 00000000c0a80164 
[  195.134282] x11: 0000000000000000 x10: 0000000000000068 
[  195.135830] x9 : ffff000079416200 x8 : ffff800011f7bc30 
[  195.136990] x7 : 00000000b4c00000 x6 : 000000000000cec8 
[  195.137804] x5 : ffff00007aaf2500 x4 : 0000000000000020 
[  195.139758] x3 : 0000000000000010 x2 : ffff000079bc8000 
[  195.140653] x1 : ffff000086438000 x0 : ffff800011967788 
[  195.142933] Call trace:
[  195.144658]  ip_finish_output2+0x3d0/0x588
[  195.145199]  __ip_finish_output+0x1b0/0x1e0
[  195.145846]  ip_output+0xf4/0x1b0
[  195.146547]  ip_local_out+0x44/0x58
[  195.148157]  ip_send_skb+0x1c/0xa8
[  195.150290]  udp_send_skb.isra.0+0x11c/0x368
[  195.151381]  udp_sendmsg+0x710/0x860
[  195.153298]  inet_sendmsg+0x40/0x68
[  195.153947]  __sys_sendto+0xd4/0x150
[  195.156220]  __arm64_sys_sendto+0x24/0x30
[  195.156994]  el0_svc_common.constprop.0+0x68/0x160
[  195.158015]  el0_svc_handler+0x20/0x80
[  195.158389]  el0_svc+0x8/0xc
[  195.160386] Code: 911e2000 52800404 8b050063 f940e805 (b9401063) 
[  195.165488] ---[ end trace a116bc654b264eba ]---
[  195.168406] Kernel panic - not syncing: Fatal exception in interrupt
[  195.169506] SMP: stopping secondary CPUs
[  195.171429] Kernel Offset: disabled
[  195.173039] CPU features: 0x0002,20006000
[  195.175056] Memory Limit: none
[  195.178019] ---[ end Kernel panic - not syncing: Fatal exception in interrupt ]---
