[  192.274010] kernel BUG at arch/arm64/kernel/traps.c:405!
[  192.282223] Internal error: Oops - BUG: 0 [#1] PREEMPT SMP
[  192.285501] Modules linked in:
[  192.293483] CPU: 5 PID: 494 Comm: python3 Not tainted 5.4.18 #2
[  192.294709] Hardware name: linux,dummy-virt (DT)
[  192.297143] pstate: 00000005 (nzcv daif -PAN -UAO)
[  192.305471] pc : do_undefinstr+0x2ec/0x310
[  192.305902] lr : do_undefinstr+0x1e0/0x310
[  192.306280] sp : ffff800011f037f0
[  192.310380] x29: ffff800011f037f0 x28: ffff000076ab8e00 
[  192.311621] x27: ffff800011f03d80 x26: 0000000000000011 
[  192.312514] x25: 0000000000000012 x24: 0000000000000000 
[  192.313571] x23: 0000000060000005 x22: ffff800010b7797c 
[  192.314479] x21: ffff800011f03990 x20: ffff000076ab8e00 
[  192.315989] x19: ffff800011f03850 x18: 0000000000000000 
[  192.318872] x17: 0000000000000000 x16: 0000000000000000 
[  192.319899] x15: 0000000000000001 x14: 0000000000000000 
[  192.320995] x13: 0000000000000006 x12: 00000000c0a80164 
[  192.322061] x11: 0000000000000000 x10: 0000000000000068 
[  192.322901] x9 : ffff000076ab8e00 x8 : ffff800011f03c30 
[  192.323894] x7 : 00000000c2e00000 x6 : 000000000000001f 
[  192.324768] x5 : 0000000000000000 x4 : ffff8000117c51f0 
[  192.325670] x3 : 0000000000000005 x2 : 0000000000000000 
[  192.326513] x1 : ffff000076ab8e00 x0 : 0000000060000005 
[  192.328264] Call trace:
[  192.329204]  do_undefinstr+0x2ec/0x310
[  192.329946]  el1_undef+0x10/0x84
[  192.330535]  ip_finish_output2+0x6c/0x588
[  192.332106]  __ip_finish_output+0x1b0/0x1e0
[  192.333838]  ip_output+0xf4/0x1b0
[  192.334593]  ip_local_out+0x44/0x58
[  192.335193]  ip_send_skb+0x1c/0xa8
[  192.335855]  udp_send_skb.isra.0+0x11c/0x368
[  192.336544]  udp_sendmsg+0x710/0x860
[  192.337271]  inet_sendmsg+0x40/0x68
[  192.337921]  __sys_sendto+0xd4/0x150
[  192.338518]  __arm64_sys_sendto+0x24/0x30
[  192.339175]  el0_svc_common.constprop.0+0x68/0x160
[  192.339974]  el0_svc_handler+0x20/0x80
[  192.340848]  el0_svc+0x8/0xc
[  192.342742] Code: f9401bf7 17ffff7c a9025bf5 f9001bf7 (d4210000) 
[  192.347602] ---[ end trace b51e1ebe293fbae3 ]---
[  192.350829] note: python3[494] exited with preempt_count 1
[  192.466087] ------------[ cut here ]------------
[  192.470062] WARNING: CPU: 5 PID: 0 at kernel/rcu/tree.c:569 rcu_idle_enter+0x74/0x80
[  192.473450] Modules linked in:
[  192.477235] CPU: 5 PID: 0 Comm: swapper/5 Tainted: G      D           5.4.18 #2
[  192.490761] Hardware name: linux,dummy-virt (DT)
[  192.491788] pstate: 200003c5 (nzCv DAIF -PAN -UAO)
[  192.492742] pc : rcu_idle_enter+0x74/0x80
[  192.493989] lr : do_idle+0x200/0x288
[  192.502253] sp : ffff800011a6bf20
[  192.509675] x29: ffff800011a6bf20 x28: 0000000000000000 
[  192.521077] x27: 0000000000000000 x26: 0000000000000000 
[  192.524149] x25: 0000000000000000 x24: ffff8000117ba214 
[  192.531432] x23: ffff00007b0c5400 x22: ffff800011404ab8 
[  192.536505] x21: ffff8000117ba1f0 x20: 0000000000000005 
[  192.547367] x19: ffff8000117ba118 x18: 0000000000000010 
[  192.552744] x17: 0000000000000000 x16: 0000000000000000 
[  192.555087] x15: 0000000000000001 x14: 0000000000000000 
[  192.565065] x13: 0000000000000003 x12: 0000000000000000 
[  192.572147] x11: 0000000000000000 x10: 00000000000009c0 
[  192.578691] x9 : ffff800011a6be90 x8 : ffff00007b0c5e20 
[  192.583474] x7 : 0000000000000400 x6 : 00000410f45dabce 
[  192.595639] x5 : 00ffffffffffffff x4 : ffff80006c7af000 
[  192.601111] x3 : 4000000000000002 x2 : 4000000000000000 
[  192.611825] x1 : ffff800011406980 x0 : ffff00007dbb5980 
[  192.615787] Call trace:
[  192.619407]  rcu_idle_enter+0x74/0x80
[  192.623120]  do_idle+0x200/0x288
[  192.623757]  cpu_startup_entry+0x24/0x40
[  192.632407]  secondary_start_kernel+0x154/0x190
[  192.633061] ---[ end trace b51e1ebe293fbae4 ]---
