[  211.445725] kernel BUG at arch/arm64/kernel/traps.c:405!
[  211.451895] Internal error: Oops - BUG: 0 [#1] PREEMPT SMP
[  211.453525] Modules linked in:
[  211.458488] CPU: 6 PID: 494 Comm: python3 Not tainted 5.4.18 #2
[  211.459648] Hardware name: linux,dummy-virt (DT)
[  211.461817] pstate: 00000005 (nzcv daif -PAN -UAO)
[  211.467239] pc : do_undefinstr+0x2ec/0x310
[  211.468168] lr : do_undefinstr+0x1e0/0x310
[  211.468980] sp : ffff800011f6b7f0
[  211.469707] x29: ffff800011f6b7f0 x28: ffff000075e63800 
[  211.471260] x27: ffff800011f6bd80 x26: 0000000000000011 
[  211.472371] x25: 0000000000000012 x24: 0000000000000000 
[  211.473357] x23: 0000000040000005 x22: ffff800010b77cf0 
[  211.475250] x21: ffff800011f6b990 x20: ffff000075e63800 
[  211.476364] x19: ffff800011f6b850 x18: 0000000000000000 
[  211.477361] x17: 0000000000000000 x16: 0000000000000000 
[  211.478413] x15: 0000000000000001 x14: 0000000000000000 
[  211.479460] x13: 0000000000000006 x12: 00000000c0a80164 
[  211.482043] x11: 0000000000000000 x10: 0000000000000068 
[  211.483162] x9 : ffff000075e63800 x8 : ffff800011f6bc30 
[  211.484060] x7 : 0000000000001003 x6 : ffff800011f6b848 
[  211.485171] x5 : 00000000d5300000 x4 : ffff8000117c51f0 
[  211.486507] x3 : 000000001ab00000 x2 : 0000000000000000 
[  211.489576] x1 : ffff000075e63800 x0 : 0000000040000005 
[  211.491590] Call trace:
[  211.492660]  do_undefinstr+0x2ec/0x310
[  211.493546]  el1_undef+0x10/0x84
[  211.494223]  ip_finish_output2+0x3e0/0x588
[  211.494973]  __ip_finish_output+0x1b0/0x1e0
[  211.495697]  ip_output+0xf4/0x1b0
[  211.496459]  ip_local_out+0x44/0x58
[  211.497114]  ip_send_skb+0x1c/0xa8
[  211.497695]  udp_send_skb.isra.0+0x11c/0x368
[  211.498363]  udp_sendmsg+0x710/0x860
[  211.499182]  inet_sendmsg+0x40/0x68
[  211.499788]  __sys_sendto+0xd4/0x150
[  211.500533]  __arm64_sys_sendto+0x24/0x30
[  211.501393]  el0_svc_common.constprop.0+0x68/0x160
[  211.502510]  el0_svc_handler+0x20/0x80
[  211.504432]  el0_svc+0x8/0xc
[  211.507025] Code: f9401bf7 17ffff7c a9025bf5 f9001bf7 (d4210000) 
[  211.513513] ---[ end trace 58c65895a9aec5a4 ]---
[  211.515507] Kernel panic - not syncing: Fatal exception in interrupt
[  211.517496] SMP: stopping secondary CPUs
[  211.519848] Kernel Offset: disabled
[  211.520305] CPU features: 0x0002,20006000
[  211.520647] Memory Limit: none
[  211.521762] ---[ end Kernel panic - not syncing: Fatal exception in interrupt ]---
