[  197.617484] Unable to handle kernel paging request at virtual address 0000000000001bfe
[  197.624959] Mem abort info:
[  197.625697]   ESR = 0x96000006
[  197.628665]   EC = 0x25: DABT (current EL), IL = 32 bits
[  197.632533]   SET = 0, FnV = 0
[  197.635590]   EA = 0, S1PTW = 0
[  197.639280] Data abort info:
[  197.639975]   ISV = 0, ISS = 0x00000006
[  197.642321]   CM = 0, WnR = 0
[  197.644174] user pgtable: 4k pages, 48-bit VAs, pgdp=00000000b91d9000
[  197.652805] [0000000000001bfe] pgd=00000000b5c55003, pud=00000000b9363003, pmd=0000000000000000
[  197.674705] Internal error: Oops: 96000006 [#1] PREEMPT SMP
[  197.679800] Modules linked in:
[  197.681786] CPU: 0 PID: 494 Comm: python3 Not tainted 5.4.18 #2
[  197.683530] Hardware name: linux,dummy-virt (DT)
[  197.687461] pstate: 60000005 (nZCv daif -PAN -UAO)
[  197.695389] pc : ms_event+0x10/0x1d0
[  197.696131] lr : __ip_finish_output+0x1b0/0x1e0
[  197.696726] sp : ffff800011e4b990
[  197.697245] x29: ffff800011e4b990 x28: 000000000000001a 
[  197.700005] x27: ffff800011e4bd80 x26: 0000000000000011 
[  197.702577] x25: 0000000000000012 x24: ffff000079b08000 
[  197.708545] x23: ffff00007b3b1980 x22: ffff000079b3b800 
[  197.708841] x21: ffff00007818a240 x20: ffff000078163d00 
[  197.709109] x19: 000000006401a8c0 x18: 0000000000000000 
[  197.710739] x17: 0000000000000000 x16: 0000000000000000 
[  197.717157] x15: 0000000000000001 x14: 0000000000000000 
[  197.721140] x13: 0000000000000006 x12: 00000000c0a80164 
[  197.724023] x11: 0000000000000000 x10: 0000000000000068 
[  197.725400] x9 : ffff000079b3b800 x8 : ffff800011e4bc30 
[  197.728423] x7 : 0000000000000003 x6 : 000000005bdee959 
[  197.733437] x5 : ffff00007a94ad80 x4 : 000000000000001d 
[  197.740964] x3 : 000000006401a8c0 x2 : 0000000000000000 
[  197.755851] x1 : 00000000000000c2 x0 : 000000000000000e 
[  197.773292] Call trace:
[  197.775193]  ms_event+0x10/0x1d0
[  197.776397]  __ip_finish_output+0x1b0/0x1e0
[  197.777360]  ip_output+0xf4/0x1b0
[  197.779112]  ip_local_out+0x44/0x58
[  197.779974]  ip_send_skb+0x1c/0xa8
[  197.780537]  udp_send_skb.isra.0+0x11c/0x368
[  197.780835]  udp_sendmsg+0x710/0x860
[  197.784745]  inet_sendmsg+0x40/0x68
[  197.785009]  __sys_sendto+0xd4/0x150
[  197.785352]  __arm64_sys_sendto+0x24/0x30
[  197.785856]  el0_svc_common.constprop.0+0x68/0x160
[  197.788320]  el0_svc_handler+0x20/0x80
[  197.788991]  el0_svc+0x8/0xc
[  197.792192] Code: a9bd7bfd 910003fd a90153f3 2a0303f3 (b95bf003) 
[  197.796046] ---[ end trace 995e063806218d4e ]---
[  197.797758] Kernel panic - not syncing: Fatal exception in interrupt
[  197.800476] SMP: stopping secondary CPUs
[  197.802030] Kernel Offset: disabled
[  197.802583] CPU features: 0x0002,20006000
[  197.803297] Memory Limit: none
[  197.804796] ---[ end Kernel panic - not syncing: Fatal exception in interrupt ]---
