[  196.025786] kernel BUG at arch/arm64/kernel/traps.c:405!
[  196.034972] Internal error: Oops - BUG: 0 [#1] PREEMPT SMP
[  196.041145] Modules linked in:
[  196.048904] CPU: 3 PID: 494 Comm: python3 Not tainted 5.4.18 #2
[  196.050764] Hardware name: linux,dummy-virt (DT)
[  196.054096] pstate: 00000005 (nzcv daif -PAN -UAO)
[  196.057922] pc : do_undefinstr+0x2ec/0x310
[  196.059084] lr : do_undefinstr+0x1e0/0x310
[  196.060089] sp : ffff800011fb37f0
[  196.061487] x29: ffff800011fb37f0 x28: ffff0000781b7000 
[  196.064074] x27: ffff800011fb3d80 x26: 0000000000000011 
[  196.065550] x25: 0000000000000012 x24: 0000000000000000 
[  196.067364] x23: 0000000060000005 x22: ffff800010b77c34 
[  196.069837] x21: ffff800011fb3990 x20: ffff0000781b7000 
[  196.070511] x19: ffff800011fb3850 x18: 0000000000000000 
[  196.072171] x17: 0000000000000000 x16: 0000000000000000 
[  196.073331] x15: 0000000000000001 x14: 0000000000000000 
[  196.074398] x13: 0000000000000006 x12: 000000000000003c 
[  196.078046] x11: ffff000076c46000 x10: 0000000000000000 
[  196.079402] x9 : ffff00007aa9f540 x8 : 0000000000000028 
[  196.080499] x7 : ffff000070a94000 x6 : ffff800011fb3848 
[  196.081626] x5 : 00000000d5300000 x4 : ffff8000117c51f0 
[  196.084794] x3 : 0000000057f00000 x2 : 0000000000000000 
[  196.086282] x1 : ffff0000781b7000 x0 : 0000000060000005 
[  196.088605] Call trace:
[  196.089648]  do_undefinstr+0x2ec/0x310
[  196.090663]  el1_undef+0x10/0x84
[  196.091423]  ip_finish_output2+0x324/0x588
[  196.092316]  __ip_finish_output+0x1b0/0x1e0
[  196.093160]  ip_output+0xf4/0x1b0
[  196.094006]  ip_local_out+0x44/0x58
[  196.094986]  ip_send_skb+0x1c/0xa8
[  196.095960]  udp_send_skb.isra.0+0x11c/0x368
[  196.096784]  udp_sendmsg+0x710/0x860
[  196.097634]  inet_sendmsg+0x40/0x68
[  196.099278]  __sys_sendto+0xd4/0x150
[  196.101944]  __arm64_sys_sendto+0x24/0x30
[  196.102351]  el0_svc_common.constprop.0+0x68/0x160
[  196.102772]  el0_svc_handler+0x20/0x80
[  196.103138]  el0_svc+0x8/0xc
[  196.105457] Code: f9401bf7 17ffff7c a9025bf5 f9001bf7 (d4210000) 
[  196.116233] ---[ end trace efc8c188102a355f ]---
[  196.118030] Kernel panic - not syncing: Fatal exception in interrupt
[  196.119315] SMP: stopping secondary CPUs
[  196.122719] Kernel Offset: disabled
[  196.123863] CPU features: 0x0002,20006000
[  196.124831] Memory Limit: none
[  196.128803] ---[ end Kernel panic - not syncing: Fatal exception in interrupt ]---
