[  194.436761] Unable to handle kernel paging request at virtual address ffff80007a4ebde8
[  194.452891] Mem abort info:
[  194.453229]   ESR = 0x96000005
[  194.453582]   EC = 0x25: DABT (current EL), IL = 32 bits
[  194.456439]   SET = 0, FnV = 0
[  194.459457]   EA = 0, S1PTW = 0
[  194.466436] Data abort info:
[  194.467270]   ISV = 0, ISS = 0x00000005
[  194.468014]   CM = 0, WnR = 0
[  194.470357] swapper pgtable: 4k pages, 48-bit VAs, pgdp=00000000412a6000
[  194.474601] [ffff80007a4ebde8] pgd=00000000bdfff003, pud=0000000000000000
[  194.479782] Internal error: Oops: 96000005 [#1] PREEMPT SMP
[  194.488161] Modules linked in:
[  194.491952] CPU: 6 PID: 495 Comm: python3 Not tainted 5.4.18 #2
[  194.500316] Hardware name: linux,dummy-virt (DT)
[  194.503591] pstate: 80000005 (Nzcv daif -PAN -UAO)
[  194.511548] pc : ip_finish_output2+0x1c/0x588
[  194.514864] lr : __ip_finish_output+0x1b0/0x1e0
[  194.518326] sp : ffff8000120cb990
[  194.519598] x29: ffff8000120cb990 x28: 000000000000001a 
[  194.520316] x27: ffff8000120cbd80 x26: 0000000000000011 
[  194.522157] x25: 0000000000000012 x24: ffff800011963ac0 
[  194.522591] x23: ffff00007aa05d80 x22: ffff0000781b9c00 
[  194.523082] x21: 00000000000005dc x20: ffff80007a4ebd90 
[  194.523770] x19: ffff00007a4e1400 x18: 0000000000000000 
[  194.524872] x17: 0000000000000000 x16: 0000000000000000 
[  194.525414] x15: 0000000000000001 x14: 0000000000000000 
[  194.526574] x13: 0000000000000006 x12: 00000000c0a80164 
[  194.527424] x11: 0000000000000000 x10: 0000000000000068 
[  194.528288] x9 : ffff0000781b9c00 x8 : ffff8000120cbc30 
[  194.529125] x7 : 0000000084a00000 x6 : 0000000000003cee 
[  194.530862] x5 : 00000000000017f7 x4 : 0000000000000007 
[  194.532277] x3 : 00000000000000c0 x2 : ffff00007a4e1400 
[  194.532787] x1 : ffff00007aa05d80 x0 : ffff800011963ac0 
[  194.536968] Call trace:
[  194.538135]  ip_finish_output2+0x1c/0x588
[  194.539414]  __ip_finish_output+0x1b0/0x1e0
[  194.540098]  ip_output+0xf4/0x1b0
[  194.540718]  ip_local_out+0x44/0x58
[  194.541917]  ip_send_skb+0x1c/0xa8
[  194.542941]  udp_send_skb.isra.0+0x11c/0x368
[  194.544580]  udp_sendmsg+0x710/0x860
[  194.546393]  inet_sendmsg+0x40/0x68
[  194.547209]  __sys_sendto+0xd4/0x150
[  194.549580]  __arm64_sys_sendto+0x24/0x30
[  194.549796]  el0_svc_common.constprop.0+0x68/0x160
[  194.550128]  el0_svc_handler+0x20/0x80
[  194.550304]  el0_svc+0x8/0xc
[  194.551386] Code: aa0203b4 a9025bf5 d5384116 a90363f7 (f9402e95) 
[  194.553900] ---[ end trace 13108daa9a006a4a ]---
