[  192.869375] Unable to handle kernel paging request at virtual address ffff80006c76d000
[  192.875147] Mem abort info:
[  192.875716]   ESR = 0x96000005
[  192.878146]   EC = 0x25: DABT (current EL), IL = 32 bits
[  192.879205]   SET = 0, FnV = 0
[  192.879751]   EA = 0, S1PTW = 0
[  192.881818] Data abort info:
[  192.882817]   ISV = 0, ISS = 0x00000005
[  192.883534]   CM = 0, WnR = 0
[  192.887056] swapper pgtable: 4k pages, 48-bit VAs, pgdp=00000000412a6000
[  192.894972] [ffff80006c76d000] pgd=00000000bdfff003, pud=0000000000000000
[  192.911031] Internal error: Oops: 96000005 [#1] PREEMPT SMP
[  192.925028] Modules linked in:
[  192.929935] CPU: 2 PID: 494 Comm: python3 Not tainted 5.4.18 #2
[  192.933262] Hardware name: linux,dummy-virt (DT)
[  192.936060] pstate: 80000005 (Nzcv daif -PAN -UAO)
[  192.939523] pc : ___neigh_create+0x180/0x7b8
[  192.939966] lr : ___neigh_create+0x15c/0x7b8
[  192.940825] sp : ffff800011fab8f0
[  192.941305] x29: ffff800011fab8f0 x28: ffff800011967788 
[  192.941936] x27: ffff0000782be600 x26: ffff800011fab9e4 
[  192.942538] x25: 0000000000000012 x24: 0000000000000004 
[  192.943218] x23: ffff00007b2caec0 x22: ffff0000782be760 
[  192.944480] x21: ffff8000117b7000 x20: ffff8000119677d8 
[  192.947180] x19: ffff00007386d000 x18: 0000000000000000 
[  192.948689] x17: 0000000000000000 x16: 0000000000000000 
[  192.949614] x15: 0000000000000001 x14: 0000000000000000 
[  192.950181] x13: 0000000000000006 x12: 00000000c0a80164 
[  192.953251] x11: 0000000000000000 x10: 0000000000000068 
[  192.953959] x9 : 0000000000000000 x8 : ffff0000782be800 
[  192.954325] x7 : 0000000000000002 x6 : ffff0000782be764 
[  192.955040] x5 : 0000000000000000 x4 : 0000000000000000 
[  192.955643] x3 : 0000000000000001 x2 : ffff80006c76d000 
[  192.956495] x1 : ffff00007a8ff000 x0 : ffff80006c76d000 
[  192.958362] Call trace:
[  192.958821]  ___neigh_create+0x180/0x7b8
[  192.963703]  __neigh_create+0x14/0x20
[  192.966725]  ip_finish_output2+0x458/0x588
[  192.969486]  __ip_finish_output+0x1b0/0x1e0
[  192.970171]  ip_output+0xf4/0x1b0
[  192.971080]  ip_local_out+0x44/0x58
[  192.974270]  ip_send_skb+0x1c/0xa8
[  192.978945]  udp_send_skb.isra.0+0x11c/0x368
[  192.983578]  udp_sendmsg+0x710/0x860
[  192.984008]  inet_sendmsg+0x40/0x68
[  192.985841]  __sys_sendto+0xd4/0x150
[  192.989311]  __arm64_sys_sendto+0x24/0x30
[  192.991545]  el0_svc_common.constprop.0+0x68/0x160
[  192.995652]  el0_svc_handler+0x20/0x80
[  193.001263]  el0_svc+0x8/0xc
[  193.005160] Code: 52800023 d538d082 f941f260 8b020000 (885f7c07) 
[  193.025131] ---[ end trace e581b70a5440db5b ]---
[  193.034075] Kernel panic - not syncing: Fatal exception in interrupt
[  193.036469] SMP: stopping secondary CPUs
[  193.039122] Kernel Offset: disabled
[  193.040990] CPU features: 0x0002,20006000
[  193.044505] Memory Limit: none
[  193.051869] ---[ end Kernel panic - not syncing: Fatal exception in interrupt ]---
