[  193.302031] Unable to handle kernel NULL pointer dereference at virtual address 0000000000000021
[  193.314606] Mem abort info:
[  193.315565]   ESR = 0x96000006
[  193.319298]   EC = 0x25: DABT (current EL), IL = 32 bits
[  193.323691]   SET = 0, FnV = 0
[  193.333075]   EA = 0, S1PTW = 0
[  193.336324] Data abort info:
[  193.339274]   ISV = 0, ISS = 0x00000006
[  193.342691]   CM = 0, WnR = 0
[  193.346009] user pgtable: 4k pages, 48-bit VAs, pgdp=00000000b960e000
[  193.353257] [0000000000000021] pgd=00000000b15a3003, pud=00000000b6ead003, pmd=0000000000000000
[  193.361227] Internal error: Oops: 96000006 [#1] PREEMPT SMP
[  193.362070] Modules linked in:
[  193.365637] CPU: 1 PID: 494 Comm: python3 Not tainted 5.4.18 #2
[  193.366245] Hardware name: linux,dummy-virt (DT)
[  193.367756] pstate: 60000005 (nZCv daif -PAN -UAO)
[  193.372277] pc : ip_finish_output2+0x19c/0x588
[  193.372625] lr : ip_finish_output2+0x17c/0x588
[  193.373032] sp : ffff800011f3b990
[  193.373291] x29: ffff800011f3b990 x28: 000000000000001a 
[  193.373770] x27: ffff800011f3bd80 x26: 0000000000000011 
[  193.374100] x25: 0000000000000012 x24: 0000000000000010 
[  193.374397] x23: 0000000000000000 x22: ffff00007a435870 
[  193.375487] x21: 000000000000003c x20: ffff00007a92e600 
[  193.377964] x19: ffff00007a92e600 x18: 0000000000000000 
[  193.380180] x17: 0000000000000000 x16: 0000000000000000 
[  193.381627] x15: 0000000000000001 x14: 0000000000000000 
[  193.384196] x13: 0000000000000006 x12: 000000000000003c 
[  193.389109] x11: ffff00007082e000 x10: 0000000000000000 
[  193.389998] x9 : ffff0000723e1540 x8 : 0000000000000028 
[  193.391512] x7 : ffff00007a626000 x6 : 0000000022100000 
[  193.392300] x5 : 0000000000000000 x4 : ffff00007a626000 
[  193.395722] x3 : 00000000000003e8 x2 : ffff00007a435400 
[  193.397494] x1 : 0000000000000000 x0 : 0000000000000000 
[  193.405521] Call trace:
[  193.413447]  ip_finish_output2+0x19c/0x588
[  193.416320]  __ip_finish_output+0x1b0/0x1e0
[  193.419729]  ip_output+0xf4/0x1b0
[  193.419991]  ip_local_out+0x44/0x58
[  193.423458]  ip_send_skb+0x1c/0xa8
[  193.425830]  udp_send_skb.isra.0+0x11c/0x368
[  193.429005]  udp_sendmsg+0x710/0x860
[  193.430506]  inet_sendmsg+0x40/0x68
[  193.432555]  __sys_sendto+0xd4/0x150
[  193.434530]  __arm64_sys_sendto+0x24/0x30
[  193.435500]  el0_svc_common.constprop.0+0x68/0x160
[  193.435874]  el0_svc_handler+0x20/0x80
[  193.436306]  el0_svc+0x8/0xc
[  193.437610] Code: d2800001 54001ee1 2a1303e0 a94153f3 (a94259f5) 
[  193.443517] ---[ end trace 750d3a0376d761d6 ]---
