[  198.223909] kernel BUG at arch/arm64/kernel/traps.c:405!
[  198.229460] Internal error: Oops - BUG: 0 [#1] PREEMPT SMP
[  198.230375] Modules linked in:
[  198.232570] CPU: 0 PID: 496 Comm: python3 Not tainted 5.4.18 #2
[  198.233040] Hardware name: linux,dummy-virt (DT)
[  198.234141] pstate: 00000005 (nzcv daif -PAN -UAO)
[  198.236701] pc : do_undefinstr+0x2ec/0x310
[  198.236964] lr : do_undefinstr+0x1e0/0x310
[  198.237251] sp : ffff800011f837f0
[  198.237469] x29: ffff800011f837f0 x28: ffff000079468e00 
[  198.237840] x27: ffff800011f83d80 x26: 0000000000000011 
[  198.238131] x25: 0000000000000012 x24: 0000000000000000 
[  198.238420] x23: 0000000080000005 x22: ffff800010b77a14 
[  198.238798] x21: ffff800011f83990 x20: ffff000079468e00 
[  198.239204] x19: ffff800011f83850 x18: 0000000000000000 
[  198.239598] x17: 0000000000000000 x16: 0000000000000000 
[  198.239980] x15: 0000000000000001 x14: 0000000000000000 
[  198.240363] x13: 0000000000000006 x12: 00000000c0a80164 
[  198.240754] x11: 0000000000000000 x10: 0000000000000068 
[  198.241133] x9 : ffff000079468e00 x8 : ffff800011f83c30 
[  198.241555] x7 : 0000000000000003 x6 : ffff800011f83848 
[  198.241938] x5 : 00000000d5300000 x4 : ffff8000117c51f0 
[  198.242321] x3 : 0000000019400000 x2 : 0000000000000000 
[  198.242703] x1 : ffff000079468e00 x0 : 0000000080000005 
[  198.243444] Call trace:
[  198.243804]  do_undefinstr+0x2ec/0x310
[  198.244132]  el1_undef+0x10/0x84
[  198.244405]  ip_finish_output2+0x104/0x588
[  198.244704]  __ip_finish_output+0x1b0/0x1e0
[  198.245012]  ip_output+0xf4/0x1b0
[  198.245304]  ip_local_out+0x44/0x58
[  198.245577]  ip_send_skb+0x1c/0xa8
[  198.245843]  udp_send_skb.isra.0+0x11c/0x368
[  198.246155]  udp_sendmsg+0x710/0x860
[  198.246430]  inet_sendmsg+0x40/0x68
[  198.246703]  __sys_sendto+0xd4/0x150
[  198.246977]  __arm64_sys_sendto+0x24/0x30
[  198.247305]  el0_svc_common.constprop.0+0x68/0x160
[  198.247642]  el0_svc_handler+0x20/0x80
[  198.247924]  el0_svc+0x8/0xc
[  198.248820] Code: f9401bf7 17ffff7c a9025bf5 f9001bf7 (d4210000) 
[  198.253588] ---[ end trace e955a94e541e96e7 ]---
[  198.255546] Kernel panic - not syncing: Fatal exception in interrupt
[  198.257484] SMP: stopping secondary CPUs
[  198.260364] Kernel Offset: disabled
[  198.261171] CPU features: 0x0002,20006000
[  198.261720] Memory Limit: none
[  198.265402] ---[ end Kernel panic - not syncing: Fatal exception in interrupt ]---
