[  192.973932] Unable to handle kernel NULL pointer dereference at virtual address 0000000000000481
[  192.982432] Mem abort info:
[  192.985437]   ESR = 0x96000006
[  192.990627]   EC = 0x25: DABT (current EL), IL = 32 bits
[  192.995985]   SET = 0, FnV = 0
[  192.997384]   EA = 0, S1PTW = 0
[  193.002762] Data abort info:
[  193.005104]   ISV = 0, ISS = 0x00000006
[  193.010340]   CM = 0, WnR = 0
[  193.014063] user pgtable: 4k pages, 48-bit VAs, pgdp=00000000b17b0000
[  193.017058] [0000000000000481] pgd=00000000b821c003, pud=00000000b1569003, pmd=0000000000000000
[  193.030547] Internal error: Oops: 96000006 [#1] PREEMPT SMP
[  193.038011] Modules linked in:
[  193.049148] CPU: 6 PID: 493 Comm: python3 Not tainted 5.4.18 #2
[  193.050653] Hardware name: linux,dummy-virt (DT)
[  193.051804] pstate: 60000005 (nZCv daif -PAN -UAO)
[  193.055276] pc : xts_decrypt+0xfc/0x258
[  193.056612] lr : ip_finish_output2+0x17c/0x588
[  193.057252] sp : ffff800011d93990
[  193.058160] x29: ffff800011d93990 x28: 000000000000001a 
[  193.058914] x27: ffff800011d93d80 x26: 0000000000000481 
[  193.059432] x25: 0000000000000012 x24: 0000000010b77a7c 
[  193.059900] x23: 0000000000000000 x22: ffff00007b2bc600 
[  193.060465] x21: 000000000000003c x20: ffff0000782ba400 
[  193.060966] x19: ffff0000782ba400 x18: 0000000000000000 
[  193.061439] x17: 0000000000000000 x16: 0000000000000000 
[  193.062154] x15: 0000000000000001 x14: 0000000000000000 
[  193.062515] x13: 0000000000000006 x12: 000000000000003c 
[  193.062898] x11: ffff00007171f000 x10: 0000000000000000 
[  193.063241] x9 : ffff00007240cd40 x8 : 0000000000000028 
[  193.063891] x7 : ffff000076de4000 x6 : 0000000022100000 
[  193.064780] x5 : 0000000000000000 x4 : ffff000076de4000 
[  193.065256] x3 : 00000000000003e8 x2 : 0000000000000000 
[  193.066157] x1 : 0000000000000200 x0 : 0000000000000000 
[  193.067000] Call trace:
[  193.067544]  xts_decrypt+0xfc/0x258
[  193.067883]  __ip_finish_output+0x1b0/0x1e0
[  193.068282]  ip_output+0xf4/0x1b0
[  193.068625]  ip_local_out+0x44/0x58
[  193.069025]  ip_send_skb+0x1c/0xa8
[  193.070306]  udp_send_skb.isra.0+0x11c/0x368
[  193.070629]  udp_sendmsg+0x710/0x860
[  193.070909]  inet_sendmsg+0x40/0x68
[  193.072113]  __sys_sendto+0xd4/0x150
[  193.072449]  __arm64_sys_sendto+0x24/0x30
[  193.073322]  el0_svc_common.constprop.0+0x68/0x160
[  193.074238]  el0_svc_handler+0x20/0x80
[  193.075848]  el0_svc+0x8/0xc
[  193.076759] Code: 35000278 a94153f3 9111c35a f9413fe0 (f9400341) 
[  193.085982] ---[ end trace ebf571a2ff30f302 ]---
[  193.091965] Kernel panic - not syncing: Fatal exception in interrupt
[  193.093792] SMP: stopping secondary CPUs
[  193.095948] Kernel Offset: disabled
[  193.096828] CPU features: 0x0002,20006000
[  193.097899] Memory Limit: none
[  193.100885] ---[ end Kernel panic - not syncing: Fatal exception in interrupt ]---
