[  194.026934] Kernel panic - not syncing: stack-protector: Kernel stack is corrupted in: __rtnl_newlink+0x6e4/0x6e8
[  194.042443] CPU: 6 PID: 501 Comm: python3 Not tainted 5.4.18 #2
[  194.044120] Hardware name: linux,dummy-virt (DT)
[  194.047219] Call trace:
[  194.048629]  dump_backtrace+0x0/0x140
[  194.049558]  show_stack+0x14/0x20
[  194.050402]  dump_stack+0xb4/0xf8
[  194.051337]  panic+0x158/0x324
[  194.055179]  __stack_chk_fail+0x1c/0x20
[  194.058184]  __rtnl_newlink+0x6e4/0x6e8
[  194.059114]  __ip_finish_output+0x1b0/0x1e0
[  194.060149]  ip_output+0xf4/0x1b0
[  194.060874]  ip_local_out+0x44/0x58
[  194.061600]  ip_send_skb+0x1c/0xa8
[  194.062397]  udp_send_skb.isra.0+0x11c/0x368
[  194.063247]  udp_sendmsg+0x710/0x860
[  194.064228]  inet_sendmsg+0x40/0x68
[  194.064991]  __sys_sendto+0xd4/0x150
[  194.066084]  __arm64_sys_sendto+0x24/0x30
[  194.066997]  el0_svc_common.constprop.0+0x68/0x160
[  194.068009]  el0_svc_handler+0x20/0x80
[  194.071134]  el0_svc+0x8/0xc
[  194.078195] SMP: stopping secondary CPUs
[  194.083899] Kernel Offset: disabled
[  194.087160] CPU features: 0x0002,20006000
[  194.088289] Memory Limit: none
[  194.095259] ---[ end Kernel panic - not syncing: stack-protector: Kernel stack is corrupted in: __rtnl_newlink+0x6e4/0x6e8 ]---
