[  194.091735] Unable to handle kernel paging request at virtual address 005f03c03c6ab040
[  194.092335] Mem abort info:
[  194.092483]   ESR = 0x96000004
[  194.092717]   EC = 0x25: DABT (current EL), IL = 32 bits
[  194.092929]   SET = 0, FnV = 0
[  194.093073]   EA = 0, S1PTW = 0
[  194.093287] Data abort info:
[  194.093469]   ISV = 0, ISS = 0x00000004
[  194.093636]   CM = 0, WnR = 0
[  194.093930] [005f03c03c6ab040] address between user and kernel address ranges
[  194.094503] Internal error: Oops: 96000004 [#1] PREEMPT SMP
[  194.094912] Modules linked in:
[  194.095647] CPU: 6 PID: 494 Comm: python3 Not tainted 5.4.18 #2
[  194.096046] Hardware name: linux,dummy-virt (DT)
[  194.098097] pstate: 40000005 (nZcv daif -PAN -UAO)
[  194.098913] pc : ip_finish_output2+0x3fc/0x588
[  194.100215] lr : __ip_finish_output+0x1b0/0x1e0
[  194.101545] sp : ffff800011d9b990
[  194.101867] x29: ffff800011d9b990 x28: 000000000000001a 
[  194.102473] x27: ffff800011d9bd80 x26: 0000000000000011 
[  194.102860] x25: 0000000000000012 x24: ffff000079bb0000 
[  194.103188] x23: ffff00007b2c4c80 x22: ffff00007a9b0000 
[  194.103511] x21: ffff0000709ee000 x20: ffff0000796a7f00 
[  194.103867] x19: 0000000000000010 x18: 0000000000000000 
[  194.104264] x17: 0000000000000000 x16: 0000000000000000 
[  194.104609] x15: 0000000000000001 x14: 0000000000000000 
[  194.104982] x13: 0000000000000006 x12: 00000000c0a80164 
[  194.105309] x11: 0000000000000000 x10: 0000000000000068 
[  194.105632] x9 : ffff00007a9b0000 x8 : ffff800011d9bc30 
[  194.106014] x7 : 0000000052800000 x6 : 00000000d65f03c0 
[  194.107175] x5 : d65f03c012804040 x4 : 00000000ad800020 
[  194.108278] x3 : 000000006401a8c0 x2 : ffff000079bb0000 
[  194.109663] x1 : 00000000053d4e00 x0 : ffff800011967000 
[  194.112101] Call trace:
[  194.113295]  ip_finish_output2+0x3fc/0x588
[  194.114309]  __ip_finish_output+0x1b0/0x1e0
[  194.115266]  ip_output+0xf4/0x1b0
[  194.116312]  ip_local_out+0x44/0x58
[  194.117998]  ip_send_skb+0x1c/0xa8
[  194.118987]  udp_send_skb.isra.0+0x11c/0x368
[  194.119644]  udp_sendmsg+0x710/0x860
[  194.120087]  inet_sendmsg+0x40/0x68
[  194.120516]  __sys_sendto+0xd4/0x150
[  194.120897]  __arm64_sys_sendto+0x24/0x30
[  194.121318]  el0_svc_common.constprop.0+0x68/0x160
[  194.121841]  el0_svc_handler+0x20/0x80
[  194.122760]  el0_svc+0x8/0xc
[  194.125251] Code: f94000a5 4b070084 1b067c21 1ac42421 (f86178b3) 
[  194.128205] ---[ end trace ee7cf8588f379039 ]---
[  194.129529] Kernel panic - not syncing: Fatal exception in interrupt
[  194.130445] SMP: stopping secondary CPUs
[  194.134164] Kernel Offset: disabled
[  194.134849] CPU features: 0x0002,20006000
[  194.135400] Memory Limit: none
[  194.137082] ---[ end Kernel panic - not syncing: Fatal exception in interrupt ]---
