[  193.049954] Kernel panic - not syncing: stack-protector: Kernel stack is corrupted in: ip_finish_output2+0x574/0x588
[  193.054989] CPU: 2 PID: 496 Comm: python3 Not tainted 5.4.18 #2
[  193.056311] Hardware name: linux,dummy-virt (DT)
[  193.060189] Call trace:
[  193.063026]  dump_backtrace+0x0/0x140
[  193.064858]  show_stack+0x14/0x20
[  193.067518]  dump_stack+0xb4/0xf8
[  193.068363]  panic+0x158/0x324
[  193.069050]  __stack_chk_fail+0x1c/0x20
[  193.070164]  ip_finish_output2+0x574/0x588
[  193.070947]  __ip_finish_output+0x1b0/0x1e0
[  193.074806]  ip_output+0xf4/0x1b0
[  193.075571]  ip_local_out+0x44/0x58
[  193.079551]  ip_send_skb+0x1c/0xa8
[  193.080301]  udp_send_skb.isra.0+0x11c/0x368
[  193.081913]  udp_sendmsg+0x710/0x860
[  193.082711]  inet_sendmsg+0x40/0x68
[  193.083536]  __sys_sendto+0xd4/0x150
[  193.084282]  __arm64_sys_sendto+0x24/0x30
[  193.085162]  el0_svc_common.constprop.0+0x68/0x160
[  193.086077]  el0_svc_handler+0x20/0x80
[  193.086840]  el0_svc+0x8/0xc
[  193.091986] SMP: stopping secondary CPUs
[  193.097021] Kernel Offset: disabled
[  193.098767] CPU features: 0x0002,20006000
[  193.100244] Memory Limit: none
[  193.110900] ---[ end Kernel panic - not syncing: stack-protector: Kernel stack is corrupted in: ip_finish_output2+0x574/0x588 ]---
