[  199.471222] Unable to handle kernel NULL pointer dereference at virtual address 0000000000000010
[  199.475633] Mem abort info:
[  199.477747]   ESR = 0x96000006
[  199.480096]   EC = 0x25: DABT (current EL), IL = 32 bits
[  199.484594]   SET = 0, FnV = 0
[  199.485410]   EA = 0, S1PTW = 0
[  199.485755] Data abort info:
[  199.487461]   ISV = 0, ISS = 0x00000006
[  199.487808]   CM = 0, WnR = 0
[  199.489346] user pgtable: 4k pages, 48-bit VAs, pgdp=00000000b082e000
[  199.490500] [0000000000000010] pgd=00000000b3404003, pud=00000000b11a0003, pmd=0000000000000000
[  199.495597] Internal error: Oops: 96000006 [#1] PREEMPT SMP
[  199.500021] Modules linked in:
[  199.503753] CPU: 3 PID: 493 Comm: python3 Not tainted 5.4.18 #2
[  199.511131] Hardware name: linux,dummy-virt (DT)
[  199.515508] pstate: 80000005 (Nzcv daif -PAN -UAO)
[  199.525623] pc : ip_finish_output2+0x3d0/0x588
[  199.534456] lr : __ip_finish_output+0x1b0/0x1e0
[  199.545825] sp : ffff800011d83990
[  199.552330] x29: ffff800011d83990 x28: 000000000000001a 
[  199.558521] x27: ffff800011d83d80 x26: 0000000000000011 
[  199.561432] x25: 0000000000000012 x24: ffff00007a5ea000 
[  199.565875] x23: ffff00007b22bfc0 x22: ffff000078095400 
[  199.570504] x21: ffff00007a829240 x20: ffff000076de3b00 
[  199.576070] x19: 0000000000000010 x18: 0000000000000000 
[  199.579996] x17: 0000000000000000 x16: 0000000000000000 
[  199.582285] x15: 0000000000000001 x14: 0000000000000000 
[  199.585438] x13: 0000000000000006 x12: 00000000c0a80164 
[  199.590501] x11: 0000000000000000 x10: 0000000000000068 
[  199.597030] x9 : ffff000078095400 x8 : ffff800011d83c30 
[  199.599613] x7 : 0000000018400000 x6 : 000000000000d4b3 
[  199.601240] x5 : ffff00007aa87a80 x4 : 0000000000000020 
[  199.611215] x3 : 0000000000000000 x2 : ffff00007a5ea000 
[  199.616430] x1 : ffff000085a1a000 x0 : ffff800011967788 
[  199.621047] Call trace:
[  199.631961]  ip_finish_output2+0x3d0/0x588
[  199.636429]  __ip_finish_output+0x1b0/0x1e0
[  199.641221]  ip_output+0xf4/0x1b0
[  199.641405]  ip_local_out+0x44/0x58
[  199.641663]  ip_send_skb+0x1c/0xa8
[  199.642050]  udp_send_skb.isra.0+0x11c/0x368
[  199.642616]  udp_sendmsg+0x710/0x860
[  199.643019]  inet_sendmsg+0x40/0x68
[  199.643815]  __sys_sendto+0xd4/0x150
[  199.644791]  __arm64_sys_sendto+0x24/0x30
[  199.650404]  el0_svc_common.constprop.0+0x68/0x160
[  199.651002]  el0_svc_handler+0x20/0x80
[  199.651448]  el0_svc+0x8/0xc
[  199.658080] Code: 911e2000 52800404 8a050063 f940e805 (b9401063) 
[  199.670412] ---[ end trace 04a68213b867fdf6 ]---
[  199.674125] Kernel panic - not syncing: Fatal exception in interrupt
[  199.675584] SMP: stopping secondary CPUs
[  199.678536] Kernel Offset: disabled
[  199.683014] CPU features: 0x0002,20006000
[  199.687178] Memory Limit: none
[  199.691882] ---[ end Kernel panic - not syncing: Fatal exception in interrupt ]---
