[  206.285316] Unable to handle kernel paging request at virtual address ffff000089f1ce10
[  206.288459] Mem abort info:
[  206.289635]   ESR = 0x96000005
[  206.290571]   EC = 0x25: DABT (current EL), IL = 32 bits
[  206.291876]   SET = 0, FnV = 0
[  206.294790]   EA = 0, S1PTW = 0
[  206.298128] Data abort info:
[  206.299018]   ISV = 0, ISS = 0x00000005
[  206.307732]   CM = 0, WnR = 0
[  206.314641] swapper pgtable: 4k pages, 48-bit VAs, pgdp=00000000412a6000
[  206.316111] [ffff000089f1ce10] pgd=00000000bdff8003, pud=0000000000000000
[  206.328896] Internal error: Oops: 96000005 [#1] PREEMPT SMP
[  206.336798] Modules linked in:
[  206.347583] CPU: 4 PID: 504 Comm: python3 Not tainted 5.4.18 #2
[  206.350373] Hardware name: linux,dummy-virt (DT)
[  206.353802] pstate: 40000005 (nZcv daif -PAN -UAO)
[  206.355851] pc : ip_finish_output2+0x3fc/0x588
[  206.356852] lr : __ip_finish_output+0x1b0/0x1e0
[  206.359409] sp : ffff800011d83990
[  206.362208] x29: ffff800011d83990 x28: 000000000000001a 
[  206.367989] x27: ffff800011d83d80 x26: 0000000000000011 
[  206.369380] x25: 0000000000000012 x24: ffff00007b1d4000 
[  206.370234] x23: ffff00007aa6bfc0 x22: ffff00007abbe200 
[  206.371683] x21: ffff000076203000 x20: ffff0000782c6900 
[  206.372929] x19: 0000000000000010 x18: 0000000000000000 
[  206.374273] x17: 0000000000000000 x16: 0000000000000000 
[  206.374989] x15: 0000000000000001 x14: 0000000000000000 
[  206.376917] x13: 0000000000000006 x12: 00000000c0a80164 
[  206.377279] x11: 0000000000000000 x10: 0000000000000068 
[  206.378568] x9 : ffff00007abbe200 x8 : ffff800011d83c30 
[  206.379353] x7 : 0000000000000003 x6 : 000000005c3c4d07 
[  206.380558] x5 : ffff00007aaa7e00 x4 : 000000000000001d 
[  206.386969] x3 : 000000006401a8c0 x2 : ffff00007b1d4000 
[  206.387832] x1 : 0000000001e8ea02 x0 : ffff800011967788 
[  206.393576] Call trace:
[  206.398983]  ip_finish_output2+0x3fc/0x588
[  206.404006]  __ip_finish_output+0x1b0/0x1e0
[  206.409343]  ip_output+0xf4/0x1b0
[  206.412835]  ip_local_out+0x44/0x58
[  206.416626]  ip_send_skb+0x1c/0xa8
[  206.420844]  udp_send_skb.isra.0+0x11c/0x368
[  206.424709]  udp_sendmsg+0x710/0x860
[  206.425437]  inet_sendmsg+0x40/0x68
[  206.426496]  __sys_sendto+0xd4/0x150
[  206.431487]  __arm64_sys_sendto+0x24/0x30
[  206.435036]  el0_svc_common.constprop.0+0x68/0x160
[  206.437431]  el0_svc_handler+0x20/0x80
[  206.437627]  el0_svc+0x8/0xc
[  206.438711] Code: f94000a5 4b070084 1b067c21 1ac42c21 (f86178b3) 
[  206.447425] ---[ end trace 104c071270858663 ]---
[  206.454550] Kernel panic - not syncing: Fatal exception in interrupt
[  206.456562] SMP: stopping secondary CPUs
[  206.460751] Kernel Offset: disabled
[  206.462495] CPU features: 0x0002,20006000
[  206.465324] Memory Limit: none
[  206.470396] ---[ end Kernel panic - not syncing: Fatal exception in interrupt ]---
