[  193.514299] Kernel panic - not syncing: stack-protector: Kernel stack is corrupted in: ip_finish_output2+0x574/0x588
[  193.519974] CPU: 5 PID: 495 Comm: python3 Not tainted 5.4.18 #2
[  193.521549] Hardware name: linux,dummy-virt (DT)
[  193.525401] Call trace:
[  193.526384]  dump_backtrace+0x0/0x140
[  193.527180]  show_stack+0x14/0x20
[  193.527867]  dump_stack+0xb4/0xf8
[  193.530808]  panic+0x158/0x324
[  193.531527]  __stack_chk_fail+0x1c/0x20
[  193.532315]  ip_finish_output2+0x574/0x588
[  193.533058]  __ip_finish_output+0x1b0/0x1e0
[  193.533809]  ip_output+0xf4/0x1b0
[  193.534538]  ip_local_out+0x44/0x58
[  193.535206]  ip_send_skb+0x1c/0xa8
[  193.535871]  udp_send_skb.isra.0+0x11c/0x368
[  193.536764]  udp_sendmsg+0x710/0x860
[  193.538522]  inet_sendmsg+0x40/0x68
[  193.540539]  __sys_sendto+0xd4/0x150
[  193.541780]  __arm64_sys_sendto+0x24/0x30
[  193.543186]  el0_svc_common.constprop.0+0x68/0x160
[  193.544330]  el0_svc_handler+0x20/0x80
[  193.545463]  el0_svc+0x8/0xc
[  193.549502] SMP: stopping secondary CPUs
[  193.554789] Kernel Offset: disabled
[  193.556168] CPU features: 0x0002,20006000
[  193.557372] Memory Limit: none
[  193.565181] ---[ end Kernel panic - not syncing: stack-protector: Kernel stack is corrupted in: ip_finish_output2+0x574/0x588 ]---
