[  193.320277] kernel BUG at arch/arm64/kernel/traps.c:405!
[  193.323286] Internal error: Oops - BUG: 0 [#1] PREEMPT SMP
[  193.324013] Modules linked in:
[  193.326934] CPU: 3 PID: 496 Comm: python3 Not tainted 5.4.18 #2
[  193.328142] Hardware name: linux,dummy-virt (DT)
[  193.330836] pstate: 00000005 (nzcv daif -PAN -UAO)
[  193.332213] pc : do_undefinstr+0x2ec/0x310
[  193.333395] lr : do_undefinstr+0x1e0/0x310
[  193.334485] sp : ffff800011eab7f0
[  193.335303] x29: ffff800011eab7f0 x28: ffff00007a439c00 
[  193.337277] x27: ffff800011eabd80 x26: 0000000000000011 
[  193.338869] x25: 0000000000000012 x24: 0000000000000000 
[  193.339971] x23: 0000000060000005 x22: ffff800010b77a64 
[  193.340641] x21: ffff800011eab990 x20: ffff00007a439c00 
[  193.341279] x19: ffff800011eab850 x18: 0000000000000000 
[  193.342134] x17: 0000000000000000 x16: 0000000000000000 
[  193.343100] x15: 0000000000000001 x14: 0000000000000000 
[  193.344107] x13: 0000000000000006 x12: 00000000c0a80164 
[  193.345061] x11: 0000000000000000 x10: 0000000000000068 
[  193.346103] x9 : ffff00007a439c00 x8 : ffff800011eabc30 
[  193.347036] x7 : 0000000000000003 x6 : ffff800011eab848 
[  193.348003] x5 : 00000000d5300000 x4 : ffff8000117c51f0 
[  193.348909] x3 : 0000000056000000 x2 : 0000000000000000 
[  193.349972] x1 : ffff00007a439c00 x0 : 0000000060000005 
[  193.352165] Call trace:
[  193.352937]  do_undefinstr+0x2ec/0x310
[  193.354353]  el1_undef+0x10/0x84
[  193.355008]  ip_finish_output2+0x154/0x588
[  193.355750]  __ip_finish_output+0x1b0/0x1e0
[  193.356426]  ip_output+0xf4/0x1b0
[  193.357015]  ip_local_out+0x44/0x58
[  193.357628]  ip_send_skb+0x1c/0xa8
[  193.358288]  udp_send_skb.isra.0+0x11c/0x368
[  193.358945]  udp_sendmsg+0x710/0x860
[  193.359528]  inet_sendmsg+0x40/0x68
[  193.360234]  __sys_sendto+0xd4/0x150
[  193.360835]  __arm64_sys_sendto+0x24/0x30
[  193.361479]  el0_svc_common.constprop.0+0x68/0x160
[  193.362271]  el0_svc_handler+0x20/0x80
[  193.362877]  el0_svc+0x8/0xc
[  193.364727] Code: f9401bf7 17ffff7c a9025bf5 f9001bf7 (d4210000) 
[  193.372378] ---[ end trace a3f075c892a2c902 ]---
[  193.375076] Kernel panic - not syncing: Fatal exception in interrupt
[  193.377016] SMP: stopping secondary CPUs
[  193.380608] Kernel Offset: disabled
[  193.382071] CPU features: 0x0002,20006000
[  193.382951] Memory Limit: none
[  193.389149] ---[ end Kernel panic - not syncing: Fatal exception in interrupt ]---
