[  193.957357] Unable to handle kernel paging request at virtual address 0000ffff00007a9f
[  193.962317] Mem abort info:
[  193.962655]   ESR = 0x96000005
[  193.963213]   EC = 0x25: DABT (current EL), IL = 32 bits
[  193.964505]   SET = 0, FnV = 0
[  193.964982]   EA = 0, S1PTW = 0
[  193.965326] Data abort info:
[  193.965725]   ISV = 0, ISS = 0x00000005
[  193.969535]   CM = 0, WnR = 0
[  193.981407] user pgtable: 4k pages, 48-bit VAs, pgdp=00000000b83d2000
[  193.983321] [0000ffff00007a9f] pgd=00000000b050e003, pud=0000000000000000
[  194.007881] Internal error: Oops: 96000005 [#1] PREEMPT SMP
[  194.012131] Modules linked in:
[  194.022221] CPU: 2 PID: 494 Comm: python3 Not tainted 5.4.18 #2
[  194.022882] Hardware name: linux,dummy-virt (DT)
[  194.024845] pstate: 40000005 (nZcv daif -PAN -UAO)
[  194.033408] pc : ip_finish_output2+0x3e4/0x588
[  194.039164] lr : __ip_finish_output+0x1b0/0x1e0
[  194.043241] sp : ffff800011f93990
[  194.048443] x29: ffff800011f93990 x28: 000000000000001a 
[  194.055508] x27: ffff800011f93d80 x26: 0000000000000011 
[  194.058605] x25: 0000000000000012 x24: ffff00007aa84000 
[  194.063072] x23: ffff00007b22c400 x22: ffff000079481c00 
[  194.067682] x21: ffff0000795bb000 x20: ffff00007692de00 
[  194.071088] x19: 0000000000000010 x18: 0000000000000000 
[  194.072784] x17: 0000000000000000 x16: 0000000000000000 
[  194.078876] x15: 0000000000000001 x14: 0000000000000000 
[  194.083384] x13: 0000000000000006 x12: 00000000c0a80164 
[  194.084442] x11: 0000000000000000 x10: 0000000000000068 
[  194.085545] x9 : ffff000079481c00 x8 : ffff800011f93c30 
[  194.085893] x7 : 0000000000001003 x6 : 000000000000e885 
[  194.086147] x5 : 7a00ffff00007a97 x4 : 0000000000000020 
[  194.086467] x3 : 000000006401a8c0 x2 : ffff00007aa84000 
[  194.087127] x1 : ffff000085574000 x0 : ffff80001196778a 
[  194.088891] Call trace:
[  194.089905]  ip_finish_output2+0x3e4/0x588
[  194.090388]  __ip_finish_output+0x1b0/0x1e0
[  194.090724]  ip_output+0xf4/0x1b0
[  194.091977]  ip_local_out+0x44/0x58
[  194.092473]  ip_send_skb+0x1c/0xa8
[  194.093762]  udp_send_skb.isra.0+0x11c/0x368
[  194.094008]  udp_sendmsg+0x710/0x860
[  194.094227]  inet_sendmsg+0x40/0x68
[  194.094389]  __sys_sendto+0xd4/0x150
[  194.094546]  __arm64_sys_sendto+0x24/0x30
[  194.096314]  el0_svc_common.constprop.0+0x68/0x160
[  194.096850]  el0_svc_handler+0x20/0x80
[  194.097379]  el0_svc+0x8/0xc
[  194.101500] Code: b90057e3 b9420847 721d04ff 1a9f0063 (294118a7) 
[  194.104590] ---[ end trace 57e61c69723ae227 ]---
[  194.106007] Kernel panic - not syncing: Fatal exception in interrupt
[  194.109996] SMP: stopping secondary CPUs
[  194.116470] Kernel Offset: disabled
[  194.117287] CPU features: 0x0002,20006000
[  194.118160] Memory Limit: none
[  194.124906] ---[ end Kernel panic - not syncing: Fatal exception in interrupt ]---
