[  193.221315] kernel BUG at arch/arm64/kernel/traps.c:405!
[  193.229976] Internal error: Oops - BUG: 0 [#1] PREEMPT SMP
[  193.231860] Modules linked in:
[  193.236251] CPU: 6 PID: 494 Comm: python3 Not tainted 5.4.18 #2
[  193.236742] Hardware name: linux,dummy-virt (DT)
[  193.237940] pstate: 00000005 (nzcv daif -PAN -UAO)
[  193.241005] pc : do_undefinstr+0x2ec/0x310
[  193.241799] lr : do_undefinstr+0x1e0/0x310
[  193.242746] sp : ffff800011e337f0
[  193.243292] x29: ffff800011e337f0 x28: ffff0000796a0000 
[  193.243905] x27: ffff800011e33d80 x26: 0000000000000011 
[  193.245489] x25: ffff0000771680c8 x24: 0000000000000000 
[  193.245962] x23: 0000000060000005 x22: ffff800010b77bc4 
[  193.246383] x21: ffff800011e33990 x20: ffff0000796a0000 
[  193.246793] x19: ffff800011e33850 x18: 0000000000000000 
[  193.247385] x17: 0000000000000000 x16: 0000000000000000 
[  193.248362] x15: 0000000000000001 x14: 0000000000000000 
[  193.249242] x13: 0000000000000006 x12: 00000000c0a80164 
[  193.250129] x11: 0000000000000000 x10: 0000000000000068 
[  193.251015] x9 : ffff0000796a0000 x8 : ffff800011e33c30 
[  193.252173] x7 : 0000000000000003 x6 : ffff800011e33848 
[  193.253178] x5 : 00000000d5300000 x4 : ffff8000117c51f0 
[  193.254586] x3 : 00000000d5000000 x2 : 0000000000000000 
[  193.255522] x1 : ffff0000796a0000 x0 : 0000000060000005 
[  193.257978] Call trace:
[  193.259533]  do_undefinstr+0x2ec/0x310
[  193.261623]  el1_undef+0x10/0x84
[  193.262206]  ip_finish_output2+0x2b4/0x588
[  193.262538]  __ip_finish_output+0x1b0/0x1e0
[  193.262982]  ip_output+0xf4/0x1b0
[  193.263268]  ip_local_out+0x44/0x58
[  193.264121]  ip_send_skb+0x1c/0xa8
[  193.264559]  udp_send_skb.isra.0+0x11c/0x368
[  193.266097]  udp_sendmsg+0x710/0x860
[  193.269970]  inet_sendmsg+0x40/0x68
[  193.270569]  __sys_sendto+0xd4/0x150
[  193.271499]  __arm64_sys_sendto+0x24/0x30
[  193.272074]  el0_svc_common.constprop.0+0x68/0x160
[  193.272967]  el0_svc_handler+0x20/0x80
[  193.273502]  el0_svc+0x8/0xc
[  193.275537] Code: f9401bf7 17ffff7c a9025bf5 f9001bf7 (d4210000) 
[  193.283275] ---[ end trace bb6241d7f370e37f ]---
[  193.285601] Kernel panic - not syncing: Fatal exception in interrupt
[  193.289800] SMP: stopping secondary CPUs
[  193.291944] Kernel Offset: disabled
[  193.292285] CPU features: 0x0002,20006000
[  193.292488] Memory Limit: none
[  193.293819] ---[ end Kernel panic - not syncing: Fatal exception in interrupt ]---
