[  196.478780] Unable to handle kernel NULL pointer dereference at virtual address 0000000000000021
[  196.483799] Mem abort info:
[  196.485030]   ESR = 0x96000046
[  196.486242]   EC = 0x25: DABT (current EL), IL = 32 bits
[  196.487351]   SET = 0, FnV = 0
[  196.491168]   EA = 0, S1PTW = 0
[  196.492868] Data abort info:
[  196.498207]   ISV = 0, ISS = 0x00000046
[  196.500018]   CM = 0, WnR = 1
[  196.506191] user pgtable: 4k pages, 48-bit VAs, pgdp=00000000b90fc000
[  196.511198] [0000000000000021] pgd=00000000b92dd003, pud=00000000b6c7b003, pmd=0000000000000000
[  196.525042] Internal error: Oops: 96000046 [#1] PREEMPT SMP
[  196.536469] Modules linked in:
[  196.545379] CPU: 1 PID: 491 Comm: python3 Not tainted 5.4.18 #2
[  196.546569] Hardware name: linux,dummy-virt (DT)
[  196.548581] pstate: 80000005 (Nzcv daif -PAN -UAO)
[  196.550010] pc : ip_finish_output2+0x10/0x588
[  196.550742] lr : __ip_finish_output+0x1b0/0x1e0
[  196.551404] sp : ffff800011efb990
[  196.553274] x29: ffff800011efb990 x28: 000000000000001a 
[  196.554506] x27: ffff800011efbd80 x26: 0000000000000011 
[  196.555185] x25: 0000000000000012 x24: ffff800011963ac0 
[  196.556644] x23: ffff00007b22c400 x22: ffff00007b3fe200 
[  196.557449] x21: 00000000000005dc x20: ffff0000793e7300 
[  196.558083] x19: ffff0000793e7300 x18: 0000000000000000 
[  196.562931] x17: 0000000000000000 x16: 0000000000000000 
[  196.565207] x15: 0000000000000001 x14: 0000000000000000 
[  196.566606] x13: 0000000000000006 x12: 00000000c0a80164 
[  196.569969] x11: 0000000000000000 x10: 0000000000000068 
[  196.574504] x9 : ffff00007b3fe200 x8 : ffff800011efbc30 
[  196.579025] x7 : 00000000f3600000 x6 : 000000000000c3b0 
[  196.585614] x5 : 0000000000000f18 x4 : 0000000000000007 
[  196.590811] x3 : 00000000000000c0 x2 : ffff0000793e7300 
[  196.593382] x1 : ffff00007b22c400 x0 : ffff800011963ac0 
[  196.596241] Call trace:
[  196.597178]  ip_finish_output2+0x10/0x588
[  196.598241]  __ip_finish_output+0x1b0/0x1e0
[  196.598938]  ip_output+0xf4/0x1b0
[  196.600207]  ip_local_out+0x44/0x58
[  196.601269]  ip_send_skb+0x1c/0xa8
[  196.601694]  udp_send_skb.isra.0+0x11c/0x368
[  196.602830]  udp_sendmsg+0x710/0x860
[  196.603493]  inet_sendmsg+0x40/0x68
[  196.604899]  __sys_sendto+0xd4/0x150
[  196.605220]  __arm64_sys_sendto+0x24/0x30
[  196.605672]  el0_svc_common.constprop.0+0x68/0x160
[  196.606155]  el0_svc_handler+0x20/0x80
[  196.606503]  el0_svc+0x8/0xc
[  196.609850] Code: a9ba7bfd 910003fd a90153f3 aa0203f4 (a90259f5) 
[  196.618538] ---[ end trace e32bc599d2f60675 ]---
