[  197.015344] Unable to handle kernel read from unreadable memory at virtual address ffff00007aba6000
[  197.023650] Mem abort info:
[  197.034558]   ESR = 0x8600000f
[  197.041654]   EC = 0x21: IABT (current EL), IL = 32 bits
[  197.050569]   SET = 0, FnV = 0
[  197.056972]   EA = 0, S1PTW = 0
[  197.062757] swapper pgtable: 4k pages, 48-bit VAs, pgdp=00000000412a6000
[  197.063573] [ffff00007aba6000] pgd=00000000bdff8003, pud=00000000bddfe003, pmd=00000000bdc28003, pte=00680000baba6713
[  197.074979] Internal error: Oops: 8600000f [#1] PREEMPT SMP
[  197.078533] Modules linked in:
[  197.083832] CPU: 5 PID: 491 Comm: python3 Not tainted 5.4.18 #2
[  197.085658] Hardware name: linux,dummy-virt (DT)
[  197.088071] pstate: 60000005 (nZCv daif -PAN -UAO)
[  197.094682] pc : 0xffff00007aba6000
[  197.101446] lr : 0xffff00007aba6000
[  197.102130] sp : ffff800011f039f0
[  197.104906] x29: 000000006401a8c0 x28: 000000000000001a 
[  197.108695] x27: ffff800011f03d80 x26: 0000000000000011 
[  197.110912] x25: 0000000000000012 x24: ffff800011963ac0 
[  197.113229] x23: ffff00007a884840 x22: ffff00007a89c600 
[  197.115756] x21: 00000000000005dc x20: ffff00007b2ad800 
[  197.122095] x19: ffff00007b2ad800 x18: 0000000000000000 
[  197.123885] x17: 0000000000000000 x16: 0000000000000000 
[  197.134628] x15: 0000000000000000 x14: 0000000000000000 
[  197.137581] x13: 0000000000000002 x12: 0000000000000000 
[  197.144265] x11: 0000000000000000 x10: ffff80006c7af000 
[  197.156951] x9 : 0000000000000000 x8 : ffff8000117b9000 
[  197.172274] x7 : 00000000003d7508 x6 : 00000203af862a40 
[  197.174508] x5 : 00ffffffffffffff x4 : 0000000000000015 
[  197.179727] x3 : 0000000006f7f070 x2 : ffff00007a89c600 
[  197.187768] x1 : 0000000000000000 x0 : 0000000000000000 
[  197.188949] Call trace:
[  197.198775]  0xffff00007aba6000
[  197.215884] Code: 00000000 00000000 00000000 00000000 (79b40000) 
[  197.239384] ---[ end trace 8808d5ffa811cbfa ]---
