[  193.076996] kernel BUG at arch/arm64/kernel/traps.c:405!
[  193.087190] Internal error: Oops - BUG: 0 [#1] PREEMPT SMP
[  193.090530] Modules linked in:
[  193.096701] CPU: 3 PID: 491 Comm: python3 Not tainted 5.4.18 #2
[  193.097288] Hardware name: linux,dummy-virt (DT)
[  193.098192] pstate: 00000005 (nzcv daif -PAN -UAO)
[  193.101142] pc : do_undefinstr+0x2ec/0x310
[  193.101507] lr : do_undefinstr+0x1e0/0x310
[  193.101859] sp : ffff800011ecb7f0
[  193.102156] x29: ffff800011ecb7f0 x28: ffff00007182b800 
[  193.102690] x27: ffff800011ecbd80 x26: 0000000000000011 
[  193.103101] x25: 0000000000000012 x24: 0000000000000000 
[  193.103503] x23: 0000000060000005 x22: ffff800010b77a88 
[  193.103900] x21: ffff800011ecb990 x20: ffff00007182b800 
[  193.104283] x19: ffff800011ecb850 x18: 0000000000000000 
[  193.104701] x17: 0000000000000000 x16: 0000000000000000 
[  193.105090] x15: 0000000000000001 x14: 0000000000000000 
[  193.105474] x13: 0000000000000006 x12: 000000000000003c 
[  193.105856] x11: ffff000075d7b000 x10: 0000000000000000 
[  193.106382] x9 : ffff00007248e540 x8 : 0000000000000028 
[  193.107261] x7 : ffff00007b32e000 x6 : ffff800011ecb848 
[  193.109310] x5 : 00000000d5300000 x4 : ffff8000117c51f0 
[  193.111196] x3 : 000000009fd00000 x2 : 0000000000000000 
[  193.112265] x1 : ffff00007182b800 x0 : 0000000060000005 
[  193.114185] Call trace:
[  193.115036]  do_undefinstr+0x2ec/0x310
[  193.115878]  el1_undef+0x10/0x84
[  193.116579]  ip_finish_output2+0x178/0x588
[  193.117333]  __ip_finish_output+0x1b0/0x1e0
[  193.118165]  ip_output+0xf4/0x1b0
[  193.118823]  ip_local_out+0x44/0x58
[  193.119499]  ip_send_skb+0x1c/0xa8
[  193.120283]  udp_send_skb.isra.0+0x11c/0x368
[  193.121059]  udp_sendmsg+0x710/0x860
[  193.122011]  inet_sendmsg+0x40/0x68
[  193.124686]  __sys_sendto+0xd4/0x150
[  193.125593]  __arm64_sys_sendto+0x24/0x30
[  193.127108]  el0_svc_common.constprop.0+0x68/0x160
[  193.127909]  el0_svc_handler+0x20/0x80
[  193.128557]  el0_svc+0x8/0xc
[  193.132021] Code: f9401bf7 17ffff7c a9025bf5 f9001bf7 (d4210000) 
[  193.144665] ---[ end trace 4aa76872f9899c02 ]---
[  193.147954] Kernel panic - not syncing: Fatal exception in interrupt
[  193.150283] SMP: stopping secondary CPUs
[  193.157798] Kernel Offset: disabled
[  193.158583] CPU features: 0x0002,20006000
[  193.159145] Memory Limit: none
[  193.162076] ---[ end Kernel panic - not syncing: Fatal exception in interrupt ]---
