[  211.016991] kernel BUG at arch/arm64/kernel/traps.c:405!
[  211.025004] Internal error: Oops - BUG: 0 [#1] PREEMPT SMP
[  211.027726] Modules linked in:
[  211.034265] CPU: 2 PID: 494 Comm: python3 Not tainted 5.4.18 #2
[  211.035397] Hardware name: linux,dummy-virt (DT)
[  211.037643] pstate: 00000005 (nzcv daif -PAN -UAO)
[  211.043886] pc : do_undefinstr+0x2ec/0x310
[  211.045577] lr : do_undefinstr+0x1e0/0x310
[  211.048271] sp : ffff800011d337f0
[  211.049037] x29: ffff800011d337f0 x28: ffff0000781cc600 
[  211.050532] x27: ffff800011d33d80 x26: 0000000000000011 
[  211.051599] x25: ffff000078168ac8 x24: 0000000000000000 
[  211.052606] x23: 0000000020000005 x22: ffff800010b77bf8 
[  211.053686] x21: ffff800011d33990 x20: ffff0000781cc600 
[  211.054663] x19: ffff800011d33850 x18: 0000000000000000 
[  211.055675] x17: 0000000000000000 x16: 0000000000000000 
[  211.056643] x15: 0000000000000001 x14: 0000000000000000 
[  211.057774] x13: 0000000000000006 x12: 00000000c0a80164 
[  211.059024] x11: 0000000000000000 x10: 0000000000000068 
[  211.061755] x9 : ffff0000781cc600 x8 : ffff800011d33c30 
[  211.062794] x7 : 0000000000000003 x6 : ffff800011d33848 
[  211.063563] x5 : 00000000d5300000 x4 : ffff8000117c51f0 
[  211.064694] x3 : 0000000069000000 x2 : 0000000000000000 
[  211.065333] x1 : ffff0000781cc600 x0 : 0000000020000005 
[  211.066639] Call trace:
[  211.067490]  do_undefinstr+0x2ec/0x310
[  211.068514]  el1_undef+0x10/0x84
[  211.069200]  ip_finish_output2+0x2e8/0x588
[  211.069515]  __ip_finish_output+0x1b0/0x1e0
[  211.069838]  ip_output+0xf4/0x1b0
[  211.070144]  ip_local_out+0x44/0x58
[  211.070449]  ip_send_skb+0x1c/0xa8
[  211.070733]  udp_send_skb.isra.0+0x11c/0x368
[  211.071055]  udp_sendmsg+0x710/0x860
[  211.071343]  inet_sendmsg+0x40/0x68
[  211.071641]  __sys_sendto+0xd4/0x150
[  211.071924]  __arm64_sys_sendto+0x24/0x30
[  211.072409]  el0_svc_common.constprop.0+0x68/0x160
[  211.072891]  el0_svc_handler+0x20/0x80
[  211.073194]  el0_svc+0x8/0xc
[  211.074854] Code: f9401bf7 17ffff7c a9025bf5 f9001bf7 (d4210000) 
[  211.080504] ---[ end trace 46e598435adf3c1c ]---
[  211.083301] Kernel panic - not syncing: Fatal exception in interrupt
[  211.085063] SMP: stopping secondary CPUs
[  211.088340] Kernel Offset: disabled
[  211.089198] CPU features: 0x0002,20006000
[  211.089859] Memory Limit: none
[  211.092223] ---[ end Kernel panic - not syncing: Fatal exception in interrupt ]---
