[  194.036245] kernel BUG at arch/arm64/kernel/traps.c:405!
[  194.042746] Internal error: Oops - BUG: 0 [#1] PREEMPT SMP
[  194.043539] Modules linked in:
[  194.044431] CPU: 3 PID: 499 Comm: python3 Not tainted 5.4.18 #2
[  194.044805] Hardware name: linux,dummy-virt (DT)
[  194.045529] pstate: 00000005 (nzcv daif -PAN -UAO)
[  194.046764] pc : do_undefinstr+0x2ec/0x310
[  194.047524] lr : do_undefinstr+0x1e0/0x310
[  194.048104] sp : ffff800011dab7f0
[  194.048372] x29: ffff800011dab7f0 x28: ffff00007955e200 
[  194.048777] x27: ffff800011dabd80 x26: 0000000000000011 
[  194.049089] x25: 0000000000000012 x24: 0000000000000000 
[  194.049398] x23: 0000000000000005 x22: ffff800010b77a58 
[  194.049708] x21: ffff800011dab990 x20: ffff00007955e200 
[  194.050009] x19: ffff800011dab850 x18: 0000000000000000 
[  194.050327] x17: 0000000000000000 x16: 0000000000000000 
[  194.050631] x15: 0000000000000001 x14: 0000000000000000 
[  194.050930] x13: 0000000000000006 x12: 00000000c0a80164 
[  194.051305] x11: 0000000000000000 x10: 0000000000000068 
[  194.051712] x9 : ffff00007955e200 x8 : ffff800011dabc30 
[  194.052110] x7 : 0000000000000003 x6 : ffff800011dab848 
[  194.052624] x5 : 00000000d5300000 x4 : ffff8000117c51f0 
[  194.053031] x3 : 00000000bb400000 x2 : 0000000000000000 
[  194.053426] x1 : ffff00007955e200 x0 : 0000000000000005 
[  194.054195] Call trace:
[  194.054607]  do_undefinstr+0x2ec/0x310
[  194.054950]  el1_undef+0x10/0x84
[  194.055232]  ip_finish_output2+0x148/0x588
[  194.055545]  __ip_finish_output+0x1b0/0x1e0
[  194.055865]  ip_output+0xf4/0x1b0
[  194.056132]  ip_local_out+0x44/0x58
[  194.056691]  ip_send_skb+0x1c/0xa8
[  194.057001]  udp_send_skb.isra.0+0x11c/0x368
[  194.057334]  udp_sendmsg+0x710/0x860
[  194.057627]  inet_sendmsg+0x40/0x68
[  194.058197]  __sys_sendto+0xd4/0x150
[  194.058883]  __arm64_sys_sendto+0x24/0x30
[  194.059630]  el0_svc_common.constprop.0+0x68/0x160
[  194.060408]  el0_svc_handler+0x20/0x80
[  194.061050]  el0_svc+0x8/0xc
[  194.064955] Code: f9401bf7 17ffff7c a9025bf5 f9001bf7 (d4210000) 
[  194.070236] ---[ end trace cb9e372f87cc38f1 ]---
[  194.071476] Kernel panic - not syncing: Fatal exception in interrupt
[  194.072342] SMP: stopping secondary CPUs
[  194.073950] Kernel Offset: disabled
[  194.074518] CPU features: 0x0002,20006000
[  194.075098] Memory Limit: none
[  194.080565] ---[ end Kernel panic - not syncing: Fatal exception in interrupt ]---
