[  195.017069] Unable to handle kernel NULL pointer dereference at virtual address 0000000000000470
[  195.022166] Mem abort info:
[  195.023120]   ESR = 0x96000006
[  195.024505]   EC = 0x25: DABT (current EL), IL = 32 bits
[  195.028772]   SET = 0, FnV = 0
[  195.031551]   EA = 0, S1PTW = 0
[  195.035031] Data abort info:
[  195.037900]   ISV = 0, ISS = 0x00000006
[  195.039412]   CM = 0, WnR = 0
[  195.043545] user pgtable: 4k pages, 48-bit VAs, pgdp=00000000b24cb000
[  195.047169] [0000000000000470] pgd=00000000b9558003, pud=00000000b14ef003, pmd=0000000000000000
[  195.059191] Internal error: Oops: 96000006 [#1] PREEMPT SMP
[  195.064631] Modules linked in:
[  195.071366] CPU: 6 PID: 494 Comm: python3 Not tainted 5.4.18 #2
[  195.077662] Hardware name: linux,dummy-virt (DT)
[  195.082766] pstate: 60000005 (nZCv daif -PAN -UAO)
[  195.084075] pc : sunxi_musb_enable+0x3c/0x98
[  195.087652] lr : ip_finish_output2+0x31c/0x588
[  195.089018] sp : ffff800011fcb990
[  195.091502] x29: ffff800011fcb990 x28: 000000000000001a 
[  195.096722] x27: ffff800011fcbd80 x26: 0000000000000011 
[  195.097637] x25: 0000000000000012 x24: 0000000000000010 
[  195.099381] x23: 0000000000000000 x22: ffff00007957c600 
[  195.107750] x21: 000000000000003c x20: ffff00007a9eba00 
[  195.112625] x19: 0000000000000470 x18: 0000000000000000 
[  195.122004] x17: 0000000000000000 x16: 0000000000000000 
[  195.123757] x15: 0000000000000001 x14: 0000000000000000 
[  195.130918] x13: 0000000000000006 x12: 000000000000003c 
[  195.139693] x11: ffff000076c64000 x10: 0000000000000000 
[  195.141481] x9 : ffff000076d7e140 x8 : 0000000000000028 
[  195.142396] x7 : ffff00007156c000 x6 : 0000000022100000 
[  195.143440] x5 : 0000000000000000 x4 : ffff00007156c000 
[  195.144799] x3 : 00000000000003e8 x2 : 0000000000000000 
[  195.145443] x1 : 0000000000000000 x0 : ffff00007957c600 
[  195.149845] Call trace:
[  195.150665]  sunxi_musb_enable+0x3c/0x98
[  195.154746]  __ip_finish_output+0x1b0/0x1e0
[  195.156025]  ip_output+0xf4/0x1b0
[  195.156705]  ip_local_out+0x44/0x58
[  195.157752]  ip_send_skb+0x1c/0xa8
[  195.158495]  udp_send_skb.isra.0+0x11c/0x368
[  195.159179]  udp_sendmsg+0x710/0x860
[  195.159429]  inet_sendmsg+0x40/0x68
[  195.160138]  __sys_sendto+0xd4/0x150
[  195.162342]  __arm64_sys_sendto+0x24/0x30
[  195.163893]  el0_svc_common.constprop.0+0x68/0x160
[  195.164732]  el0_svc_handler+0x20/0x80
[  195.166856]  el0_svc+0x8/0xc
[  195.170562] Code: f9000440 36000141 9111c273 f94017e0 (f9400261) 
[  195.178139] ---[ end trace 9c60f26fe258b3c9 ]---
[  195.182748] Kernel panic - not syncing: Fatal exception in interrupt
[  195.187612] SMP: stopping secondary CPUs
[  195.191184] Kernel Offset: disabled
[  195.192476] CPU features: 0x0002,20006000
[  195.196260] Memory Limit: none
[  195.201059] ---[ end Kernel panic - not syncing: Fatal exception in interrupt ]---
