[  193.243858] kernel BUG at arch/arm64/kernel/traps.c:405!
[  193.256461] Internal error: Oops - BUG: 0 [#1] PREEMPT SMP
[  193.257558] Modules linked in:
[  193.260008] CPU: 0 PID: 499 Comm: python3 Not tainted 5.4.18 #2
[  193.260531] Hardware name: linux,dummy-virt (DT)
[  193.261477] pstate: 00000005 (nzcv daif -PAN -UAO)
[  193.264156] pc : do_undefinstr+0x2ec/0x310
[  193.264731] lr : do_undefinstr+0x1e0/0x310
[  193.265063] sp : ffff800011f3b7f0
[  193.265303] x29: ffff800011f3b7f0 x28: ffff00007b277000 
[  193.265726] x27: ffff800011f3bd80 x26: 0000000000000011 
[  193.266127] x25: ffff00007a846ac8 x24: 0000000000000000 
[  193.266445] x23: 0000000060000005 x22: ffff800010b77bcc 
[  193.266752] x21: ffff800011f3b990 x20: ffff00007b277000 
[  193.267483] x19: ffff800011f3b850 x18: 0000000000000000 
[  193.267875] x17: 0000000000000000 x16: 0000000000000000 
[  193.268585] x15: 0000000000000001 x14: 0000000000000000 
[  193.269627] x13: 0000000000000006 x12: 00000000c0a80164 
[  193.270589] x11: 0000000000000000 x10: 0000000000000068 
[  193.271629] x9 : ffff00007b277000 x8 : ffff800011f3bc30 
[  193.272582] x7 : 0000000000000003 x6 : ffff800011f3b848 
[  193.273613] x5 : 00000000d5300000 x4 : ffff8000117c51f0 
[  193.274576] x3 : 0000000061000000 x2 : 0000000000000000 
[  193.275609] x1 : ffff00007b277000 x0 : 0000000060000005 
[  193.277504] Call trace:
[  193.278370]  do_undefinstr+0x2ec/0x310
[  193.280645]  el1_undef+0x10/0x84
[  193.283536]  ip_finish_output2+0x2bc/0x588
[  193.284380]  __ip_finish_output+0x1b0/0x1e0
[  193.285119]  ip_output+0xf4/0x1b0
[  193.285769]  ip_local_out+0x44/0x58
[  193.287225]  ip_send_skb+0x1c/0xa8
[  193.287966]  udp_send_skb.isra.0+0x11c/0x368
[  193.288776]  udp_sendmsg+0x710/0x860
[  193.289490]  inet_sendmsg+0x40/0x68
[  193.290242]  __sys_sendto+0xd4/0x150
[  193.290935]  __arm64_sys_sendto+0x24/0x30
[  193.291698]  el0_svc_common.constprop.0+0x68/0x160
[  193.292591]  el0_svc_handler+0x20/0x80
[  193.293265]  el0_svc+0x8/0xc
[  193.295765] Code: f9401bf7 17ffff7c a9025bf5 f9001bf7 (d4210000) 
[  193.302653] ---[ end trace 54807929e1858567 ]---
[  193.306908] Kernel panic - not syncing: Fatal exception in interrupt
[  193.309217] SMP: stopping secondary CPUs
[  193.313698] Kernel Offset: disabled
[  193.314252] CPU features: 0x0002,20006000
[  193.314701] Memory Limit: none
[  193.317811] ---[ end Kernel panic - not syncing: Fatal exception in interrupt ]---
