[  193.237465] kernel BUG at arch/arm64/kernel/traps.c:405!
[  193.240376] Internal error: Oops - BUG: 0 [#1] PREEMPT SMP
[  193.241849] Modules linked in:
[  193.244368] CPU: 6 PID: 495 Comm: python3 Not tainted 5.4.18 #2
[  193.245093] Hardware name: linux,dummy-virt (DT)
[  193.246906] pstate: 00000005 (nzcv daif -PAN -UAO)
[  193.250564] pc : do_undefinstr+0x2ec/0x310
[  193.251758] lr : do_undefinstr+0x1e0/0x310
[  193.253095] sp : ffff8000121037f0
[  193.253632] x29: ffff8000121037f0 x28: ffff00007a907000 
[  193.254023] x27: ffff800012103d80 x26: 0000000000000011 
[  193.254318] x25: 0000000000000012 x24: 0000000000000000 
[  193.254607] x23: 0000000040000005 x22: ffff800010b77a74 
[  193.254957] x21: ffff800012103990 x20: ffff00007a907000 
[  193.255264] x19: ffff800012103850 x18: 0000000000000000 
[  193.255562] x17: 0000000000000000 x16: 0000000000000000 
[  193.255951] x15: 0000000000000001 x14: 0000000000000000 
[  193.256461] x13: 0000000000000006 x12: 00000000c0a80164 
[  193.256960] x11: 0000000000000000 x10: 0000000000000068 
[  193.257718] x9 : ffff00007a907000 x8 : ffff800012103c30 
[  193.258685] x7 : 0000000000000003 x6 : ffff800012103848 
[  193.259104] x5 : 00000000d5300000 x4 : ffff8000117c51f0 
[  193.259506] x3 : 00000000d6300000 x2 : 0000000000000000 
[  193.259919] x1 : ffff00007a907000 x0 : 0000000040000005 
[  193.260743] Call trace:
[  193.261130]  do_undefinstr+0x2ec/0x310
[  193.261474]  el1_undef+0x10/0x84
[  193.261815]  ip_finish_output2+0x164/0x588
[  193.262272]  __ip_finish_output+0x1b0/0x1e0
[  193.263299]  ip_output+0xf4/0x1b0
[  193.263605]  ip_local_out+0x44/0x58
[  193.263906]  ip_send_skb+0x1c/0xa8
[  193.264229]  udp_send_skb.isra.0+0x11c/0x368
[  193.264582]  udp_sendmsg+0x710/0x860
[  193.266373]  inet_sendmsg+0x40/0x68
[  193.266734]  __sys_sendto+0xd4/0x150
[  193.266977]  __arm64_sys_sendto+0x24/0x30
[  193.267211]  el0_svc_common.constprop.0+0x68/0x160
[  193.267469]  el0_svc_handler+0x20/0x80
[  193.267683]  el0_svc+0x8/0xc
[  193.268356] Code: f9401bf7 17ffff7c a9025bf5 f9001bf7 (d4210000) 
[  193.272306] ---[ end trace 5ff641095238478a ]---
[  193.274129] Kernel panic - not syncing: Fatal exception in interrupt
[  193.275163] SMP: stopping secondary CPUs
[  193.277430] Kernel Offset: disabled
[  193.278130] CPU features: 0x0002,20006000
[  193.278573] Memory Limit: none
[  193.282043] ---[ end Kernel panic - not syncing: Fatal exception in interrupt ]---
