[  197.577123] kernel BUG at arch/arm64/kernel/traps.c:405!
[  197.580635] Internal error: Oops - BUG: 0 [#1] PREEMPT SMP
[  197.584117] Modules linked in:
[  197.587847] CPU: 4 PID: 493 Comm: python3 Not tainted 5.4.18 #2
[  197.588647] Hardware name: linux,dummy-virt (DT)
[  197.589905] pstate: 00000005 (nzcv daif -PAN -UAO)
[  197.590896] pc : do_undefinstr+0x2ec/0x310
[  197.591857] lr : do_undefinstr+0x1e0/0x310
[  197.592802] sp : ffff800011f4b7f0
[  197.593557] x29: ffff800011f4b7f0 x28: ffff00007a949c00 
[  197.595060] x27: ffff800011f4bd80 x26: 0000000000000011 
[  197.596105] x25: ffff00007a9292c8 x24: 0000000000000000 
[  197.597332] x23: 0000000020000005 x22: ffff800010b77be0 
[  197.599104] x21: ffff800011f4b990 x20: ffff00007a949c00 
[  197.599627] x19: ffff800011f4b850 x18: 0000000000000000 
[  197.600305] x17: 0000000000000000 x16: 0000000000000000 
[  197.601238] x15: 0000000000000001 x14: 0000000000000000 
[  197.601667] x13: 0000000000000006 x12: 00000000c0a80164 
[  197.602055] x11: 0000000000000000 x10: 0000000000000068 
[  197.602542] x9 : ffff00007a949c00 x8 : ffff800011f4bc30 
[  197.602947] x7 : 0000000000000003 x6 : ffff800011f4b848 
[  197.603558] x5 : 00000000d5300000 x4 : ffff8000117c51f0 
[  197.604045] x3 : 0000000044000000 x2 : 0000000000000000 
[  197.605423] x1 : ffff00007a949c00 x0 : 0000000020000005 
[  197.608148] Call trace:
[  197.609351]  do_undefinstr+0x2ec/0x310
[  197.611181]  el1_undef+0x10/0x84
[  197.612158]  ip_finish_output2+0x2d0/0x588
[  197.613760]  __ip_finish_output+0x1b0/0x1e0
[  197.616825]  ip_output+0xf4/0x1b0
[  197.619206]  ip_local_out+0x44/0x58
[  197.619797]  ip_send_skb+0x1c/0xa8
[  197.620464]  udp_send_skb.isra.0+0x11c/0x368
[  197.621278]  udp_sendmsg+0x710/0x860
[  197.622110]  inet_sendmsg+0x40/0x68
[  197.623324]  __sys_sendto+0xd4/0x150
[  197.624260]  __arm64_sys_sendto+0x24/0x30
[  197.625644]  el0_svc_common.constprop.0+0x68/0x160
[  197.626787]  el0_svc_handler+0x20/0x80
[  197.628036]  el0_svc+0x8/0xc
[  197.633035] Code: f9401bf7 17ffff7c a9025bf5 f9001bf7 (d4210000) 
[  197.641097] ---[ end trace aa837b2bd59980ae ]---
[  197.645650] Kernel panic - not syncing: Fatal exception in interrupt
[  197.648674] SMP: stopping secondary CPUs
[  197.652090] Kernel Offset: disabled
[  197.653540] CPU features: 0x0002,20006000
[  197.654968] Memory Limit: none
[  197.659492] ---[ end Kernel panic - not syncing: Fatal exception in interrupt ]---
