[  195.842912] Unable to handle kernel paging request at virtual address ffff8000d3a8e158
[  195.845692] Mem abort info:
[  195.846410]   ESR = 0x96000005
[  195.851723]   EC = 0x25: DABT (current EL), IL = 32 bits
[  195.860773]   SET = 0, FnV = 0
[  195.868226]   EA = 0, S1PTW = 0
[  195.880076] Data abort info:
[  195.888560]   ISV = 0, ISS = 0x00000005
[  195.888929]   CM = 0, WnR = 0
[  195.893437] swapper pgtable: 4k pages, 48-bit VAs, pgdp=00000000412a6000
[  195.903894] [ffff8000d3a8e158] pgd=00000000bdfff003, pud=0000000000000000
[  195.907929] Internal error: Oops: 96000005 [#1] PREEMPT SMP
[  195.911440] Modules linked in:
[  195.916423] CPU: 1 PID: 493 Comm: python3 Not tainted 5.4.18 #2
[  195.921469] Hardware name: linux,dummy-virt (DT)
[  195.925217] pstate: 40000005 (nZcv daif -PAN -UAO)
[  195.934559] pc : ip_finish_output2+0x410/0x588
[  195.939429] lr : __ip_finish_output+0x1b0/0x1e0
[  195.949417] sp : ffff80001209b990
[  195.959596] x29: ffff80001209b990 x28: 000000000000001a 
[  195.965594] x27: ffff80001209bd80 x26: 0000000000000011 
[  195.965883] x25: 0000000000000012 x24: ffff00007aaf4000 
[  195.966132] x23: ffff00007b222ec0 x22: ffff000075b9aa00 
[  195.969407] x21: ffff0000770990c0 x20: ffff00007aaec100 
[  195.972108] x19: ffff8000d3a8e000 x18: 0000000000000000 
[  195.980420] x17: 0000000000000000 x16: 0000000000000000 
[  195.985161] x15: 0000000000000001 x14: 0000000000000000 
[  195.991659] x13: 0000000000000006 x12: 00000000c0a80164 
[  195.994953] x11: 0000000000000000 x10: 0000000000000068 
[  195.997143] x9 : ffff000075b9aa00 x8 : ffff80001209bc30 
[  195.998860] x7 : 0000000000000003 x6 : 00000000f3a631f1 
[  196.005549] x5 : ffff00007aaaaf00 x4 : 000000000000001d 
[  196.013518] x3 : 000000006401a8c0 x2 : ffff00007aaf4000 
[  196.014755] x1 : 0000000000000007 x0 : ffff800011967788 
[  196.020675] Call trace:
[  196.023487]  ip_finish_output2+0x410/0x588
[  196.025300]  __ip_finish_output+0x1b0/0x1e0
[  196.028158]  ip_output+0xf4/0x1b0
[  196.029720]  ip_local_out+0x44/0x58
[  196.030350]  ip_send_skb+0x1c/0xa8
[  196.031078]  udp_send_skb.isra.0+0x11c/0x368
[  196.033449]  udp_sendmsg+0x710/0x860
[  196.037238]  inet_sendmsg+0x40/0x68
[  196.041192]  __sys_sendto+0xd4/0x150
[  196.047379]  __arm64_sys_sendto+0x24/0x30
[  196.048763]  el0_svc_common.constprop.0+0x68/0x160
[  196.049602]  el0_svc_handler+0x20/0x80
[  196.052132]  el0_svc+0x8/0xc
[  196.058046] Code: b5000093 14000012 f9400273 b4000213 (f940ae61) 
[  196.076515] ---[ end trace f8bcd6bbfb300ced ]---
[  196.087398] Kernel panic - not syncing: Fatal exception in interrupt
[  196.092743] SMP: stopping secondary CPUs
[  196.097362] Kernel Offset: disabled
[  196.099846] CPU features: 0x0002,20006000
[  196.102604] Memory Limit: none
[  196.110074] ---[ end Kernel panic - not syncing: Fatal exception in interrupt ]---
