[  199.800747] Unable to handle kernel paging request at virtual address ffff80006c76d000
[  199.808774] Mem abort info:
[  199.809222]   ESR = 0x96000005
[  199.813043]   EC = 0x25: DABT (current EL), IL = 32 bits
[  199.816476]   SET = 0, FnV = 0
[  199.817454]   EA = 0, S1PTW = 0
[  199.821135] Data abort info:
[  199.826733]   ISV = 0, ISS = 0x00000005
[  199.828228]   CM = 0, WnR = 0
[  199.828903] swapper pgtable: 4k pages, 48-bit VAs, pgdp=00000000412a6000
[  199.831226] [ffff80006c76d000] pgd=00000000bdfff003, pud=0000000000000000
[  199.849760] Internal error: Oops: 96000005 [#1] PREEMPT SMP
[  199.856407] Modules linked in:
[  199.863872] CPU: 2 PID: 492 Comm: python3 Not tainted 5.4.18 #2
[  199.864309] Hardware name: linux,dummy-virt (DT)
[  199.865539] pstate: 80000005 (Nzcv daif -PAN -UAO)
[  199.872371] pc : ___neigh_create+0x180/0x7b8
[  199.874177] lr : ___neigh_create+0x15c/0x7b8
[  199.874626] sp : ffff800011f9b8f0
[  199.874949] x29: ffff800011f9b8f0 x28: ffff800011967788 
[  199.875488] x27: ffff000076e41400 x26: ffff800011f9b9e4 
[  199.875719] x25: 0000000000000012 x24: 0000000000000004 
[  199.876214] x23: ffff00007b221dc0 x22: ffff000076e41560 
[  199.878245] x21: ffff8000117b7000 x20: ffff8000119677d8 
[  199.878984] x19: ffff000076e41e10 x18: 0000000000000000 
[  199.879788] x17: 0000000000000000 x16: 0000000000000000 
[  199.881948] x15: 0000000000000001 x14: 0000000000000000 
[  199.883435] x13: 0000000000000006 x12: 00000000c0a80164 
[  199.883884] x11: 0000000000000000 x10: 0000000000000068 
[  199.884770] x9 : 0000000000000000 x8 : ffff000076e41600 
[  199.885922] x7 : 0000000000000003 x6 : ffff000076e41564 
[  199.887352] x5 : 0000000000000000 x4 : 0000000000000000 
[  199.887958] x3 : 0000000000000001 x2 : ffff80006c76d000 
[  199.889482] x1 : ffff00007b1d5400 x0 : ffff80006c76d000 
[  199.890271] Call trace:
[  199.890575]  ___neigh_create+0x180/0x7b8
[  199.891116]  __neigh_create+0x14/0x20
[  199.891694]  ip_finish_output2+0x458/0x588
[  199.891942]  __ip_finish_output+0x1b0/0x1e0
[  199.892966]  ip_output+0xf4/0x1b0
[  199.894601]  ip_local_out+0x44/0x58
[  199.895203]  ip_send_skb+0x1c/0xa8
[  199.895993]  udp_send_skb.isra.0+0x11c/0x368
[  199.896620]  udp_sendmsg+0x710/0x860
[  199.897378]  inet_sendmsg+0x40/0x68
[  199.898041]  __sys_sendto+0xd4/0x150
[  199.898592]  __arm64_sys_sendto+0x24/0x30
[  199.900031]  el0_svc_common.constprop.0+0x68/0x160
[  199.903960]  el0_svc_handler+0x20/0x80
[  199.904245]  el0_svc+0x8/0xc
[  199.907608] Code: 52800023 d538d082 f941f260 8b020000 (885f7c07) 
[  199.911609] ---[ end trace 7aac4343344a2735 ]---
[  199.913142] Kernel panic - not syncing: Fatal exception in interrupt
[  199.914835] SMP: stopping secondary CPUs
[  199.916055] Kernel Offset: disabled
[  199.916426] CPU features: 0x0002,20006000
[  199.916688] Memory Limit: none
[  199.917802] ---[ end Kernel panic - not syncing: Fatal exception in interrupt ]---
