[  193.888629] Unable to handle kernel NULL pointer dereference at virtual address 0000000000000650
[  193.915815] Mem abort info:
[  193.917090]   ESR = 0x96000006
[  193.920626]   EC = 0x25: DABT (current EL), IL = 32 bits
[  193.928947]   SET = 0, FnV = 0
[  193.931200]   EA = 0, S1PTW = 0
[  193.931945] Data abort info:
[  193.932684]   ISV = 0, ISS = 0x00000006
[  193.934874]   CM = 0, WnR = 0
[  193.939856] user pgtable: 4k pages, 48-bit VAs, pgdp=00000000b2fda000
[  193.941343] [0000000000000650] pgd=00000000b8147003, pud=00000000b2d2a003, pmd=0000000000000000
[  193.952616] Internal error: Oops: 96000006 [#1] PREEMPT SMP
[  193.955387] Modules linked in:
[  193.960044] CPU: 1 PID: 494 Comm: python3 Not tainted 5.4.18 #2
[  193.968384] Hardware name: linux,dummy-virt (DT)
[  193.975390] pstate: 60000005 (nZCv daif -PAN -UAO)
[  193.987737] pc : exit_fs+0xc/0x80
[  193.990098] lr : do_exit+0x648/0x980
[  193.991187] sp : ffff800012103960
[  193.992009] x29: ffff800012103960 x28: 000000000000001a 
[  193.993814] x27: ffff800012103d80 x26: 0000000000000011 
[  193.994504] x25: 0000000000000012 x24: 0000000000000010 
[  193.995251] x23: 0000000000000000 x22: ffff000075f5b800 
[  193.995994] x21: 000000000000003c x20: ffff00007aad3300 
[  193.996894] x19: 0000000000000000 x18: 0000000000000000 
[  193.998457] x17: 0000000000000000 x16: 0000000000000000 
[  194.000480] x15: 0000000000000001 x14: 0000000000000000 
[  194.001112] x13: 0000000000000006 x12: 000000000000003c 
[  194.003030] x11: ffff00007746d000 x10: 0000000000000000 
[  194.004059] x9 : ffff00007510d540 x8 : 0000000000000028 
[  194.004314] x7 : ffff00007a616000 x6 : 0000000022100000 
[  194.004559] x5 : 0000000000000000 x4 : ffff00007a616000 
[  194.005038] x3 : 00000000000003e8 x2 : 0000000000000000 
[  194.005852] x1 : 0000000000000200 x0 : 0000000000000000 
[  194.010015] Call trace:
[  194.012076]  exit_fs+0xc/0x80
[  194.013287]  do_exit+0x648/0x980
[  194.013873]  __ip_finish_output+0x1b0/0x1e0
[  194.014608]  ip_output+0xf4/0x1b0
[  194.016412]  ip_local_out+0x44/0x58
[  194.017001]  ip_send_skb+0x1c/0xa8
[  194.017628]  udp_send_skb.isra.0+0x11c/0x368
[  194.021426]  udp_sendmsg+0x710/0x860
[  194.022816]  inet_sendmsg+0x40/0x68
[  194.023986]  __sys_sendto+0xd4/0x150
[  194.025281]  __arm64_sys_sendto+0x24/0x30
[  194.029109]  el0_svc_common.constprop.0+0x68/0x160
[  194.036431]  el0_svc_handler+0x20/0x80
[  194.037925]  el0_svc+0x8/0xc
[  194.048333] Code: d503201f a9bd7bfd 910003fd a90153f3 (f9432814) 
[  194.059322] ---[ end trace 800b0b29b7498da8 ]---
[  194.067300] Kernel panic - not syncing: Fatal exception in interrupt
[  194.072699] SMP: stopping secondary CPUs
[  194.079730] Kernel Offset: disabled
[  194.082354] CPU features: 0x0002,20006000
[  194.083029] Memory Limit: none
[  194.090059] ---[ end Kernel panic - not syncing: Fatal exception in interrupt ]---
