[  192.942710] Unable to handle kernel paging request at virtual address ffff000393ff0480
[  192.954844] Mem abort info:
[  192.955731]   ESR = 0x96000005
[  192.958460]   EC = 0x25: DABT (current EL), IL = 32 bits
[  192.959662]   SET = 0, FnV = 0
[  192.963762]   EA = 0, S1PTW = 0
[  192.967433] Data abort info:
[  192.968645]   ISV = 0, ISS = 0x00000005
[  192.971216]   CM = 0, WnR = 0
[  192.973223] swapper pgtable: 4k pages, 48-bit VAs, pgdp=00000000412a6000
[  192.979551] [ffff000393ff0480] pgd=00000000bdff8003, pud=0000000000000000
[  192.998654] Internal error: Oops: 96000005 [#1] PREEMPT SMP
[  193.004803] Modules linked in:
[  193.012676] CPU: 4 PID: 495 Comm: python3 Not tainted 5.4.18 #2
[  193.017461] Hardware name: linux,dummy-virt (DT)
[  193.022463] pstate: 40000005 (nZcv daif -PAN -UAO)
[  193.027037] pc : ip_finish_output2+0x3fc/0x588
[  193.027884] lr : __ip_finish_output+0x1b0/0x1e0
[  193.028933] sp : ffff80001210b990
[  193.030896] x29: ffff80001210b990 x28: 000000000000001a 
[  193.032376] x27: ffff80001210bd80 x26: 0000000000000011 
[  193.034276] x25: 0000000000000012 x24: ffff00007b206000 
[  193.037306] x23: ffff000078009980 x22: ffff00007b1cc600 
[  193.040587] x21: ffff000073c00000 x20: ffff000076d7ba00 
[  193.042054] x19: 0000000000000010 x18: 0000000000000000 
[  193.042600] x17: 0000000000000000 x16: 0000000000000000 
[  193.043151] x15: 0000000000000001 x14: 0000000000000000 
[  193.043617] x13: 0000000000000006 x12: 00000000c0a80164 
[  193.044082] x11: 0000000000000000 x10: 0000000000000068 
[  193.044515] x9 : 0000000000000003 x8 : ffff80001210bc30 
[  193.044965] x7 : 0000000000000003 x6 : 00000000750abe5f 
[  193.046462] x5 : ffff00007aa70a80 x4 : 000000000000001d 
[  193.047450] x3 : 000000006401a8c0 x2 : ffff00007b206000 
[  193.048450] x1 : 00000000632aff40 x0 : ffff800011967788 
[  193.050773] Call trace:
[  193.052650]  ip_finish_output2+0x3fc/0x588
[  193.055256]  __ip_finish_output+0x1b0/0x1e0
[  193.055418]  ip_output+0xf4/0x1b0
[  193.055568]  ip_local_out+0x44/0x58
[  193.055722]  ip_send_skb+0x1c/0xa8
[  193.058022]  udp_send_skb.isra.0+0x11c/0x368
[  193.059207]  udp_sendmsg+0x710/0x860
[  193.060157]  inet_sendmsg+0x40/0x68
[  193.065188]  __sys_sendto+0xd4/0x150
[  193.067822]  __arm64_sys_sendto+0x24/0x30
[  193.071263]  el0_svc_common.constprop.0+0x68/0x160
[  193.078061]  el0_svc_handler+0x20/0x80
[  193.086860]  el0_svc+0x8/0xc
[  193.098144] Code: f94000a5 4b070084 1b067c21 1ac42429 (f86178b3) 
[  193.123493] ---[ end trace b63d6e9baa5f5187 ]---
[  193.139299] Kernel panic - not syncing: Fatal exception in interrupt
[  193.142791] SMP: stopping secondary CPUs
[  193.151300] Kernel Offset: disabled
[  193.154449] CPU features: 0x0002,20006000
[  193.157425] Memory Limit: none
[  193.164598] ---[ end Kernel panic - not syncing: Fatal exception in interrupt ]---
