[  193.675809] kernel BUG at arch/arm64/kernel/traps.c:405!
[  193.678655] Internal error: Oops - BUG: 0 [#1] PREEMPT SMP
[  193.681510] Modules linked in:
[  193.684877] CPU: 5 PID: 495 Comm: python3 Not tainted 5.4.18 #2
[  193.685657] Hardware name: linux,dummy-virt (DT)
[  193.687625] pstate: 00000005 (nzcv daif -PAN -UAO)
[  193.688650] pc : do_undefinstr+0x2ec/0x310
[  193.689207] lr : do_undefinstr+0x1e0/0x310
[  193.689826] sp : ffff800011e937f0
[  193.690330] x29: ffff800011e937f0 x28: ffff00007a9a7000 
[  193.691125] x27: ffff800011e93d80 x26: 0000000000000011 
[  193.691704] x25: 0000000000000012 x24: 0000000000000000 
[  193.692360] x23: 0000000080000005 x22: ffff800010b77924 
[  193.692931] x21: ffff800011e93990 x20: ffff00007a9a7000 
[  193.693501] x19: ffff800011e93850 x18: 0000000000000000 
[  193.694207] x17: 0000000000000000 x16: 0000000000000000 
[  193.694894] x15: 0000000000000001 x14: 0000000000000000 
[  193.695521] x13: 0000000000000006 x12: 00000000c0a80164 
[  193.698988] x11: 0000000000000000 x10: 0000000000000068 
[  193.699978] x9 : ffff00007a9a7000 x8 : ffff800011e93c30 
[  193.700991] x7 : 000000004ef00000 x6 : 000000000000001f 
[  193.701938] x5 : 0000000000000000 x4 : ffff8000117c51f0 
[  193.703012] x3 : 0000000000000005 x2 : 0000000000000000 
[  193.703956] x1 : ffff00007a9a7000 x0 : 0000000080000005 
[  193.705933] Call trace:
[  193.706918]  do_undefinstr+0x2ec/0x310
[  193.707748]  el1_undef+0x10/0x84
[  193.708457]  ip_finish_output2+0x14/0x588
[  193.709434]  __ip_finish_output+0x1b0/0x1e0
[  193.710146]  ip_output+0xf4/0x1b0
[  193.710874]  ip_local_out+0x44/0x58
[  193.712258]  ip_send_skb+0x1c/0xa8
[  193.713478]  udp_send_skb.isra.0+0x11c/0x368
[  193.714312]  udp_sendmsg+0x710/0x860
[  193.715005]  inet_sendmsg+0x40/0x68
[  193.715763]  __sys_sendto+0xd4/0x150
[  193.716461]  __arm64_sys_sendto+0x24/0x30
[  193.717213]  el0_svc_common.constprop.0+0x68/0x160
[  193.718237]  el0_svc_handler+0x20/0x80
[  193.718918]  el0_svc+0x8/0xc
[  193.721237] Code: f9401bf7 17ffff7c a9025bf5 f9001bf7 (d4210000) 
[  193.725135] ---[ end trace f2600629c2a9f6e4 ]---
[  193.727634] note: python3[495] exited with preempt_count 1
[  193.882259] ------------[ cut here ]------------
[  193.887858] WARNING: CPU: 5 PID: 0 at kernel/rcu/tree.c:569 rcu_idle_enter+0x74/0x80
[  193.893998] Modules linked in:
[  193.899475] CPU: 5 PID: 0 Comm: swapper/5 Tainted: G      D           5.4.18 #2
[  193.900212] Hardware name: linux,dummy-virt (DT)
[  193.902576] pstate: 200003c5 (nzCv DAIF -PAN -UAO)
[  193.908562] pc : rcu_idle_enter+0x74/0x80
[  193.912475] lr : do_idle+0x200/0x288
[  193.913655] sp : ffff800011a6bf20
[  193.914391] x29: ffff800011a6bf20 x28: 0000000000000000 
[  193.917158] x27: 0000000000000000 x26: 0000000000000000 
[  193.917673] x25: 0000000000000000 x24: ffff8000117ba214 
[  193.920175] x23: ffff00007b0c5400 x22: ffff800011404ab8 
[  193.924302] x21: ffff8000117ba1f0 x20: 0000000000000005 
[  193.926350] x19: ffff8000117ba118 x18: 0000000000000010 
[  193.928248] x17: 0000000000000000 x16: 0000000000000000 
[  193.929461] x15: ffff00007a9a7470 x14: 0000000000000000 
[  193.930469] x13: 0000000000002ef9 x12: 00000000000003d4 
[  193.930711] x11: 0000000000bc00b3 x10: 00000000000009c0 
[  193.930940] x9 : ffff800011a6be90 x8 : ffff00007b0c5e20 
[  193.935710] x7 : 0000000000000005 x6 : 000000ec805e8c6a 
[  193.937937] x5 : 00ffffffffffffff x4 : ffff80006c7af000 
[  193.938983] x3 : 4000000000000002 x2 : 4000000000000000 
[  193.940112] x1 : ffff800011406980 x0 : ffff00007dbb5980 
[  193.941954] Call trace:
[  193.942205]  rcu_idle_enter+0x74/0x80
[  193.943193]  do_idle+0x200/0x288
[  193.944360]  cpu_startup_entry+0x20/0x40
[  193.945643]  secondary_start_kernel+0x154/0x190
[  193.946596] ---[ end trace f2600629c2a9f6e5 ]---
