[  194.322335] Unable to handle kernel paging request at virtual address ffff8000180e8ad0
[  194.325662] Mem abort info:
[  194.326863]   ESR = 0x86000006
[  194.330246]   EC = 0x21: IABT (current EL), IL = 32 bits
[  194.335928]   SET = 0, FnV = 0
[  194.339929]   EA = 0, S1PTW = 0
[  194.346466] swapper pgtable: 4k pages, 48-bit VAs, pgdp=00000000412a6000
[  194.353588] [ffff8000180e8ad0] pgd=00000000bdfff003, pud=00000000bdffe003, pmd=0000000000000000
[  194.366212] Internal error: Oops: 86000006 [#1] PREEMPT SMP
[  194.371030] Modules linked in:
[  194.382113] CPU: 6 PID: 494 Comm: python3 Not tainted 5.4.18 #2
[  194.384970] Hardware name: linux,dummy-virt (DT)
[  194.388597] pstate: 60000005 (nZCv daif -PAN -UAO)
[  194.394343] pc : 0xffff8000180e8ad0
[  194.396151] lr : ip_finish_output2+0x17c/0x588
[  194.401327] sp : ffff800011f4b990
[  194.406885] x29: ffff800011f4b990 x28: 000000000000001a 
[  194.408816] x27: ffff800011f4bd80 x26: 0000000000000011 
[  194.409570] x25: 0000000000000012 x24: ffff00007a5c2000 
[  194.410476] x23: ffff00007aaaa640 x22: ffff00007ab53800 
[  194.413481] x21: ffff00007ab7a000 x20: ffff00007b396900 
[  194.416390] x19: 0000000000000000 x18: 0000000000000000 
[  194.423996] x17: 0000000000000000 x16: 0000000000000000 
[  194.428176] x15: 0000000000000001 x14: 0000000000000000 
[  194.428465] x13: 0000000000000006 x12: 000000000000003c 
[  194.428750] x11: ffff00007389c000 x10: 0000000000000000 
[  194.429063] x9 : ffff00007274f140 x8 : 0000000000000028 
[  194.429356] x7 : ffff000071b5c000 x6 : 0000000022100000 
[  194.429653] x5 : 0000000000000000 x4 : ffff000071b5c000 
[  194.429949] x3 : 00000000000003e8 x2 : 0000000000000000 
[  194.430315] x1 : 0000000000000200 x0 : ffff800010b77a7c 
[  194.431234] Call trace:
[  194.431805]  0xffff8000180e8ad0
[  194.435689]  __ip_finish_output+0x1b0/0x1e0
[  194.440448]  ip_output+0xf4/0x1b0
[  194.444867]  ip_local_out+0x44/0x58
[  194.445213]  ip_send_skb+0x1c/0xa8
[  194.445658]  udp_send_skb.isra.0+0x11c/0x368
[  194.450764]  udp_sendmsg+0x710/0x860
[  194.452397]  inet_sendmsg+0x40/0x68
[  194.453458]  __sys_sendto+0xd4/0x150
[  194.455206]  __arm64_sys_sendto+0x24/0x30
[  194.459398]  el0_svc_common.constprop.0+0x68/0x160
[  194.461993]  el0_svc_handler+0x20/0x80
[  194.462679]  el0_svc+0x8/0xc
[  194.468011] Code: bad PC value
[  194.481150] ---[ end trace 48e40fce274a5dd1 ]---
[  194.490943] Kernel panic - not syncing: Fatal exception in interrupt
[  194.496843] SMP: stopping secondary CPUs
[  194.503832] Kernel Offset: disabled
[  194.507288] CPU features: 0x0002,20006000
[  194.509405] Memory Limit: none
[  194.515885] ---[ end Kernel panic - not syncing: Fatal exception in interrupt ]---
