[  225.548089] kernel BUG at arch/arm64/kernel/traps.c:405!
[  225.555736] Internal error: Oops - BUG: 0 [#1] PREEMPT SMP
[  225.558133] Modules linked in:
[  225.564161] CPU: 7 PID: 492 Comm: python3 Not tainted 5.4.18 #2
[  225.565411] Hardware name: linux,dummy-virt (DT)
[  225.567998] pstate: 00000005 (nzcv daif -PAN -UAO)
[  225.571704] pc : do_undefinstr+0x2ec/0x310
[  225.572443] lr : do_undefinstr+0x1e0/0x310
[  225.573296] sp : ffff800011e937f0
[  225.573952] x29: ffff800011e937f0 x28: ffff000071b38000 
[  225.575068] x27: ffff800011e93d80 x26: 0000000000000011 
[  225.575924] x25: 0000000000000012 x24: 0000000000000000 
[  225.576748] x23: 0000000060000005 x22: ffff800010b77d30 
[  225.577622] x21: ffff800011e93990 x20: ffff000071b38000 
[  225.578450] x19: ffff800011e93850 x18: 0000000000000000 
[  225.579344] x17: 0000000000000000 x16: 0000000000000000 
[  225.580172] x15: 0000000000000001 x14: 0000000000000000 
[  225.580988] x13: 0000000000000006 x12: 00000000c0a80164 
[  225.581861] x11: 0000000000000000 x10: 0000000000000068 
[  225.582640] x9 : ffff000071b38000 x8 : ffff800011e93c30 
[  225.583368] x7 : 0000000000000003 x6 : ffff800011e93848 
[  225.584024] x5 : 00000000d5300000 x4 : ffff8000117c51f0 
[  225.584622] x3 : 000000006b000000 x2 : 0000000000000000 
[  225.585211] x1 : ffff000071b38000 x0 : 0000000060000005 
[  225.586557] Call trace:
[  225.587335]  do_undefinstr+0x2ec/0x310
[  225.587972]  el1_undef+0x10/0x84
[  225.588480]  ip_finish_output2+0x420/0x588
[  225.589037]  __ip_finish_output+0x1b0/0x1e0
[  225.589646]  ip_output+0xf4/0x1b0
[  225.590115]  ip_local_out+0x44/0x58
[  225.590594]  ip_send_skb+0x1c/0xa8
[  225.591046]  udp_send_skb.isra.0+0x11c/0x368
[  225.591608]  udp_sendmsg+0x710/0x860
[  225.592045]  inet_sendmsg+0x40/0x68
[  225.592475]  __sys_sendto+0xd4/0x150
[  225.592905]  __arm64_sys_sendto+0x24/0x30
[  225.593396]  el0_svc_common.constprop.0+0x68/0x160
[  225.593905]  el0_svc_handler+0x20/0x80
[  225.594315]  el0_svc+0x8/0xc
[  225.595482] Code: f9401bf7 17ffff7c a9025bf5 f9001bf7 (d4210000) 
[  225.600655] ---[ end trace 48f5ab31d2eeb12e ]---
[  225.602035] Kernel panic - not syncing: Fatal exception in interrupt
[  225.602707] SMP: stopping secondary CPUs
[  225.604867] Kernel Offset: disabled
[  225.606105] CPU features: 0x0002,20006000
[  225.607303] Memory Limit: none
[  225.610303] ---[ end Kernel panic - not syncing: Fatal exception in interrupt ]---
