[  197.291370] Unable to handle kernel paging request at virtual address ffff00c07aa0704e
[  197.296356] Mem abort info:
[  197.296647]   ESR = 0x96000004
[  197.296928]   EC = 0x25: DABT (current EL), IL = 32 bits
[  197.297267]   SET = 0, FnV = 0
[  197.297482]   EA = 0, S1PTW = 0
[  197.297726] Data abort info:
[  197.298048]   ISV = 0, ISS = 0x00000004
[  197.298391]   CM = 0, WnR = 0
[  197.299262] swapper pgtable: 4k pages, 48-bit VAs, pgdp=00000000412a6000
[  197.301334] [ffff00c07aa0704e] pgd=0000000000000000
[  197.305149] Internal error: Oops: 96000004 [#1] PREEMPT SMP
[  197.306773] Modules linked in:
[  197.310515] CPU: 6 PID: 493 Comm: python3 Not tainted 5.4.18 #2
[  197.312073] Hardware name: linux,dummy-virt (DT)
[  197.314623] pstate: 80000005 (Nzcv daif -PAN -UAO)
[  197.322320] pc : ip_finish_output2+0x3d0/0x588
[  197.323304] lr : __ip_finish_output+0x1b0/0x1e0
[  197.324181] sp : ffff800011d3b990
[  197.324517] x29: ffff800011d3b990 x28: 000000000000001a 
[  197.325040] x27: ffff800011d3bd80 x26: 0000000000000011 
[  197.325551] x25: 0000000000000012 x24: ffff000079b98000 
[  197.325984] x23: ffff000076d98440 x22: ffff00007b312a00 
[  197.326415] x21: ffff0000716f3000 x20: ffff00007a810c00 
[  197.327076] x19: 0000000000000010 x18: 0000000000000000 
[  197.327401] x17: 0000000000000000 x16: 0000000000000000 
[  197.327707] x15: 0000000000000001 x14: 0000000000000000 
[  197.328012] x13: 0000000000000006 x12: 00000000c0a80164 
[  197.328317] x11: 0000000000000000 x10: 0000000000000068 
[  197.328623] x9 : ffff00007b312a00 x8 : ffff800011d3bc30 
[  197.329075] x7 : 0000000061c00000 x6 : 0000000000002ea0 
[  197.329495] x5 : ffff00007aa62a80 x4 : 0000000000000020 
[  197.329922] x3 : ffff00c07aa0703e x2 : ffff000079b98000 
[  197.330321] x1 : ffff000086468000 x0 : ffff800011967788 
[  197.331716] Call trace:
[  197.332185]  ip_finish_output2+0x3d0/0x588
[  197.332555]  __ip_finish_output+0x1b0/0x1e0
[  197.332915]  ip_output+0xf4/0x1b0
[  197.333274]  ip_local_out+0x44/0x58
[  197.333596]  ip_send_skb+0x1c/0xa8
[  197.334148]  udp_send_skb.isra.0+0x11c/0x368
[  197.335359]  udp_sendmsg+0x710/0x860
[  197.335744]  inet_sendmsg+0x40/0x68
[  197.336042]  __sys_sendto+0xd4/0x150
[  197.336539]  __arm64_sys_sendto+0x24/0x30
[  197.337065]  el0_svc_common.constprop.0+0x68/0x160
[  197.337468]  el0_svc_handler+0x20/0x80
[  197.341000]  el0_svc+0x8/0xc
[  197.343479] Code: 911e2000 52800404 8b050063 f940e805 (b9401063) 
[  197.350064] ---[ end trace 71f9fdc81b49fd11 ]---
[  197.358189] Kernel panic - not syncing: Fatal exception in interrupt
[  197.360001] SMP: stopping secondary CPUs
[  197.362522] Kernel Offset: disabled
[  197.363610] CPU features: 0x0002,20006000
[  197.364912] Memory Limit: none
[  197.369029] ---[ end Kernel panic - not syncing: Fatal exception in interrupt ]---
