[  194.104310] kernel BUG at arch/arm64/kernel/traps.c:405!
[  194.109805] Internal error: Oops - BUG: 0 [#1] PREEMPT SMP
[  194.111703] Modules linked in:
[  194.114074] CPU: 2 PID: 494 Comm: python3 Not tainted 5.4.18 #2
[  194.114336] Hardware name: linux,dummy-virt (DT)
[  194.114940] pstate: 00000005 (nzcv daif -PAN -UAO)
[  194.116544] pc : do_undefinstr+0x2ec/0x310
[  194.116721] lr : do_undefinstr+0x1e0/0x310
[  194.117135] sp : ffff800011d737f0
[  194.117636] x29: ffff800011d737f0 x28: ffff000079750e00 
[  194.118460] x27: ffff800011d73d80 x26: 0000000000000011 
[  194.119041] x25: 0000000000000012 x24: 0000000000000000 
[  194.119593] x23: 0000000060000005 x22: ffff800010b77d30 
[  194.120077] x21: ffff800011d73990 x20: ffff000079750e00 
[  194.120534] x19: ffff800011d73850 x18: 0000000000000000 
[  194.121019] x17: 0000000000000000 x16: 0000000000000000 
[  194.121508] x15: 0000000000000001 x14: 0000000000000000 
[  194.122088] x13: 0000000000000006 x12: 00000000c0a80164 
[  194.122619] x11: 0000000000000000 x10: 0000000000000068 
[  194.123145] x9 : ffff000079750e00 x8 : ffff800011d73c30 
[  194.124008] x7 : 0000000000000003 x6 : ffff800011d73848 
[  194.124649] x5 : 00000000d5300000 x4 : ffff8000117c51f0 
[  194.125198] x3 : 000000007b000000 x2 : 0000000000000000 
[  194.125560] x1 : ffff000079750e00 x0 : 0000000060000005 
[  194.126953] Call trace:
[  194.128842]  do_undefinstr+0x2ec/0x310
[  194.129831]  el1_undef+0x10/0x84
[  194.130331]  ip_finish_output2+0x420/0x588
[  194.130864]  __ip_finish_output+0x1b0/0x1e0
[  194.132393]  ip_output+0xf4/0x1b0
[  194.133022]  ip_local_out+0x44/0x58
[  194.133438]  ip_send_skb+0x1c/0xa8
[  194.133814]  udp_send_skb.isra.0+0x11c/0x368
[  194.134220]  udp_sendmsg+0x710/0x860
[  194.134577]  inet_sendmsg+0x40/0x68
[  194.134934]  __sys_sendto+0xd4/0x150
[  194.135442]  __arm64_sys_sendto+0x24/0x30
[  194.135969]  el0_svc_common.constprop.0+0x68/0x160
[  194.136838]  el0_svc_handler+0x20/0x80
[  194.137618]  el0_svc+0x8/0xc
[  194.139751] Code: f9401bf7 17ffff7c a9025bf5 f9001bf7 (d4210000) 
[  194.149470] ---[ end trace 71bdabfffe73f9e8 ]---
[  194.152744] Kernel panic - not syncing: Fatal exception in interrupt
[  194.155158] SMP: stopping secondary CPUs
[  194.159924] Kernel Offset: disabled
[  194.161952] CPU features: 0x0002,20006000
[  194.164543] Memory Limit: none
[  194.169268] ---[ end Kernel panic - not syncing: Fatal exception in interrupt ]---
