[  193.454594] Kernel panic - not syncing: stack-protector: Kernel stack is corrupted in: ip_finish_output2+0x574/0x588
[  193.469811] CPU: 1 PID: 492 Comm: python3 Not tainted 5.4.18 #2
[  193.471536] Hardware name: linux,dummy-virt (DT)
[  193.475012] Call trace:
[  193.476512]  dump_backtrace+0x0/0x140
[  193.477496]  show_stack+0x14/0x20
[  193.478260]  dump_stack+0xb4/0xf8
[  193.479595]  panic+0x158/0x324
[  193.480661]  __stack_chk_fail+0x1c/0x20
[  193.481556]  ip_finish_output2+0x574/0x588
[  193.482370]  __ip_finish_output+0x1b0/0x1e0
[  193.483273]  ip_output+0xf4/0x1b0
[  193.483986]  ip_local_out+0x44/0x58
[  193.484712]  ip_send_skb+0x1c/0xa8
[  193.485535]  udp_send_skb.isra.0+0x11c/0x368
[  193.486765]  udp_sendmsg+0x710/0x860
[  193.487972]  inet_sendmsg+0x40/0x68
[  193.488686]  __sys_sendto+0xd4/0x150
[  193.489628]  __arm64_sys_sendto+0x24/0x30
[  193.490822]  el0_svc_common.constprop.0+0x68/0x160
[  193.491781]  el0_svc_handler+0x20/0x80
[  193.492321]  el0_svc+0x8/0xc
[  193.496456] SMP: stopping secondary CPUs
[  193.502007] Kernel Offset: disabled
[  193.504050] CPU features: 0x0002,20006000
[  193.507255] Memory Limit: none
[  193.511886] ---[ end Kernel panic - not syncing: stack-protector: Kernel stack is corrupted in: ip_finish_output2+0x574/0x588 ]---
