[  193.387870] kernel BUG at arch/arm64/kernel/traps.c:405!
[  193.395311] Internal error: Oops - BUG: 0 [#1] PREEMPT SMP
[  193.397577] Modules linked in:
[  193.400590] CPU: 5 PID: 494 Comm: python3 Not tainted 5.4.18 #2
[  193.401862] Hardware name: linux,dummy-virt (DT)
[  193.404072] pstate: 00000005 (nzcv daif -PAN -UAO)
[  193.405348] pc : do_undefinstr+0x2ec/0x310
[  193.406235] lr : do_undefinstr+0x1e0/0x310
[  193.407444] sp : ffff800011e8b7f0
[  193.409000] x29: ffff800011e8b7f0 x28: ffff000075d5aa00 
[  193.411278] x27: ffff800011e8bd80 x26: 0000000000000011 
[  193.412379] x25: 0000000000000012 x24: 0000000000000000 
[  193.413287] x23: 0000000040000005 x22: ffff800010b77d24 
[  193.414215] x21: ffff800011e8b990 x20: ffff000075d5aa00 
[  193.415102] x19: ffff800011e8b850 x18: 0000000000000000 
[  193.416052] x17: 0000000000000000 x16: 0000000000000000 
[  193.416938] x15: 0000000000000001 x14: 0000000000000000 
[  193.417815] x13: 0000000000000006 x12: 00000000c0a80164 
[  193.418748] x11: 0000000000000000 x10: 0000000000000068 
[  193.419609] x9 : ffff000075d5aa00 x8 : ffff800011e8bc30 
[  193.420490] x7 : 0000000000000003 x6 : ffff800011e8b848 
[  193.421310] x5 : 00000000d5300000 x4 : ffff8000117c51f0 
[  193.422171] x3 : 00000000ef000000 x2 : 0000000000000000 
[  193.425314] x1 : ffff000075d5aa00 x0 : 0000000040000005 
[  193.427105] Call trace:
[  193.427974]  do_undefinstr+0x2ec/0x310
[  193.428686]  el1_undef+0x10/0x84
[  193.429720]  ip_finish_output2+0x414/0x588
[  193.430371]  __ip_finish_output+0x1b0/0x1e0
[  193.431116]  ip_output+0xf4/0x1b0
[  193.431693]  ip_local_out+0x44/0x58
[  193.432305]  ip_send_skb+0x1c/0xa8
[  193.432969]  udp_send_skb.isra.0+0x11c/0x368
[  193.433646]  udp_sendmsg+0x710/0x860
[  193.434231]  inet_sendmsg+0x40/0x68
[  193.434863]  __sys_sendto+0xd4/0x150
[  193.435459]  __arm64_sys_sendto+0x24/0x30
[  193.436116]  el0_svc_common.constprop.0+0x68/0x160
[  193.436867]  el0_svc_handler+0x20/0x80
[  193.437484]  el0_svc+0x8/0xc
[  193.442291] Code: f9401bf7 17ffff7c a9025bf5 f9001bf7 (d4210000) 
[  193.448454] ---[ end trace 1978e644715a3529 ]---
[  193.450987] Kernel panic - not syncing: Fatal exception in interrupt
[  193.452873] SMP: stopping secondary CPUs
[  193.458527] Kernel Offset: disabled
[  193.459210] CPU features: 0x0002,20006000
[  193.459701] Memory Limit: none
[  193.462515] ---[ end Kernel panic - not syncing: Fatal exception in interrupt ]---
