[  194.379137] kernel BUG at arch/arm64/kernel/traps.c:405!
[  194.384534] Internal error: Oops - BUG: 0 [#1] PREEMPT SMP
[  194.386060] Modules linked in:
[  194.390334] CPU: 0 PID: 494 Comm: python3 Not tainted 5.4.18 #2
[  194.393407] Hardware name: linux,dummy-virt (DT)
[  194.395410] pstate: 00000005 (nzcv daif -PAN -UAO)
[  194.399872] pc : do_undefinstr+0x2ec/0x310
[  194.400147] lr : do_undefinstr+0x1e0/0x310
[  194.400428] sp : ffff800011e2b7f0
[  194.400654] x29: ffff800011e2b7f0 x28: ffff00007b1de200 
[  194.401024] x27: ffff800011e2bd80 x26: 0000000000000011 
[  194.401314] x25: 0000000000000012 x24: 0000000000000000 
[  194.401602] x23: 0000000080000005 x22: ffff800010b77940 
[  194.401891] x21: ffff800011e2b990 x20: ffff00007b1de200 
[  194.402225] x19: ffff800011e2b850 x18: 0000000000000000 
[  194.402642] x17: 0000000000000000 x16: 0000000000000000 
[  194.403029] x15: 0000000000000001 x14: 0000000000000000 
[  194.403416] x13: 0000000000000006 x12: 00000000c0a80164 
[  194.403801] x11: 0000000000000000 x10: 0000000000000068 
[  194.404183] x9 : ffff00007b1de200 x8 : ffff800011e2bc30 
[  194.404591] x7 : 000000003d700000 x6 : ffff800011e2b848 
[  194.404981] x5 : 00000000d5300000 x4 : ffff8000117c51f0 
[  194.405368] x3 : 00000000e9400000 x2 : 0000000000000000 
[  194.406120] x1 : ffff00007b1de200 x0 : 0000000080000005 
[  194.408431] Call trace:
[  194.409294]  do_undefinstr+0x2ec/0x310
[  194.410023]  el1_undef+0x10/0x84
[  194.410679]  ip_finish_output2+0x30/0x588
[  194.411412]  __ip_finish_output+0x1b0/0x1e0
[  194.412075]  ip_output+0xf4/0x1b0
[  194.412635]  ip_local_out+0x44/0x58
[  194.413476]  ip_send_skb+0x1c/0xa8
[  194.414089]  udp_send_skb.isra.0+0x11c/0x368
[  194.415016]  udp_sendmsg+0x710/0x860
[  194.415918]  inet_sendmsg+0x40/0x68
[  194.416586]  __sys_sendto+0xd4/0x150
[  194.417185]  __arm64_sys_sendto+0x24/0x30
[  194.418026]  el0_svc_common.constprop.0+0x68/0x160
[  194.418825]  el0_svc_handler+0x20/0x80
[  194.419447]  el0_svc+0x8/0xc
[  194.421285] Code: f9401bf7 17ffff7c a9025bf5 f9001bf7 (d4210000) 
[  194.425838] ---[ end trace 59cc8d1a99171607 ]---
[  194.427948] note: python3[494] exited with preempt_count 1
[  194.554562] ------------[ cut here ]------------
[  194.556060] WARNING: CPU: 0 PID: 0 at kernel/rcu/tree.c:569 rcu_idle_enter+0x74/0x80
[  194.558081] Modules linked in:
[  194.561072] CPU: 0 PID: 0 Comm: swapper/0 Tainted: G      D           5.4.18 #2
[  194.569341] Hardware name: linux,dummy-virt (DT)
[  194.573909] pstate: 200003c5 (nzCv DAIF -PAN -UAO)
[  194.580968] pc : rcu_idle_enter+0x74/0x80
[  194.582101] lr : do_idle+0x200/0x288
[  194.582400] sp : ffff8000117b3eb0
[  194.587340] x29: ffff8000117b3eb0 x28: 00000000412b0018 
[  194.594692] x27: 0000000000000000 x26: 0000000000000000 
[  194.595066] x25: 0000000000000000 x24: ffff8000117ba214 
[  194.595295] x23: ffff8000117c2d80 x22: ffff800011404ab8 
[  194.596760] x21: ffff8000117ba1f0 x20: 0000000000000000 
[  194.597395] x19: ffff8000117ba118 x18: 0000000000000010 
[  194.599565] x17: 0000000000000000 x16: 0000000000000000 
[  194.600858] x15: 0000000000000000 x14: 0000000000000000 
[  194.604631] x13: 0000000000000002 x12: 0000000000000000 
[  194.606043] x11: 0000000000000000 x10: 00000000000009c0 
[  194.609747] x9 : ffff8000117b3e20 x8 : ffff8000117c37a0 
[  194.611678] x7 : 000000000000034c x6 : 000002e9d761ad3c 
[  194.613264] x5 : 00ffffffffffffff x4 : ffff80006c741000 
[  194.616149] x3 : 4000000000000002 x2 : 4000000000000000 
[  194.616503] x1 : ffff800011406980 x0 : ffff00007db47980 
[  194.616877] Call trace:
[  194.617234]  rcu_idle_enter+0x74/0x80
[  194.617537]  do_idle+0x200/0x288
[  194.617929]  cpu_startup_entry+0x24/0x40
[  194.618317]  rest_init+0xd4/0xe0
[  194.618638]  arch_call_rest_init+0xc/0x14
[  194.619641]  start_kernel+0x420/0x450
[  194.620242] ---[ end trace 59cc8d1a99171608 ]---
