[  194.581734] kernel BUG at arch/arm64/kernel/traps.c:405!
[  194.586119] Internal error: Oops - BUG: 0 [#1] PREEMPT SMP
[  194.587135] Modules linked in:
[  194.593531] CPU: 3 PID: 493 Comm: python3 Not tainted 5.4.18 #2
[  194.594798] Hardware name: linux,dummy-virt (DT)
[  194.597892] pstate: 00000005 (nzcv daif -PAN -UAO)
[  194.608229] pc : do_undefinstr+0x2ec/0x310
[  194.609258] lr : do_undefinstr+0x1e0/0x310
[  194.610261] sp : ffff800011f3b7f0
[  194.611062] x29: ffff800011f3b7f0 x28: ffff000077050000 
[  194.612657] x27: ffff800011f3bd80 x26: 0000000000000011 
[  194.613675] x25: 0000000000000012 x24: 0000000000000000 
[  194.615146] x23: 0000000080000005 x22: ffff800010b77cc0 
[  194.617250] x21: ffff800011f3b990 x20: ffff000077050000 
[  194.618697] x19: ffff800011f3b850 x18: 0000000000000000 
[  194.620078] x17: 0000000000000000 x16: 0000000000000000 
[  194.623171] x15: 0000000000000001 x14: 0000000000000000 
[  194.624118] x13: 0000000000000006 x12: 00000000c0a80164 
[  194.625180] x11: 0000000000000000 x10: 0000000000000068 
[  194.626424] x9 : ffff000077050000 x8 : ffff800011f3bc30 
[  194.627591] x7 : 000000003b100000 x6 : ffff800011f3b848 
[  194.628635] x5 : 00000000d5300000 x4 : ffff8000117c51f0 
[  194.629670] x3 : 0000000056000000 x2 : 0000000000000000 
[  194.632469] x1 : ffff000077050000 x0 : 0000000080000005 
[  194.636620] Call trace:
[  194.637864]  do_undefinstr+0x2ec/0x310
[  194.639897]  el1_undef+0x10/0x84
[  194.640572]  ip_finish_output2+0x3b0/0x588
[  194.641225]  __ip_finish_output+0x1b0/0x1e0
[  194.641877]  ip_output+0xf4/0x1b0
[  194.642689]  ip_local_out+0x44/0x58
[  194.643430]  ip_send_skb+0x1c/0xa8
[  194.644208]  udp_send_skb.isra.0+0x11c/0x368
[  194.645075]  udp_sendmsg+0x710/0x860
[  194.645827]  inet_sendmsg+0x40/0x68
[  194.647299]  __sys_sendto+0xd4/0x150
[  194.648748]  __arm64_sys_sendto+0x24/0x30
[  194.649514]  el0_svc_common.constprop.0+0x68/0x160
[  194.650755]  el0_svc_handler+0x20/0x80
[  194.651825]  el0_svc+0x8/0xc
[  194.654010] Code: f9401bf7 17ffff7c a9025bf5 f9001bf7 (d4210000) 
[  194.663839] ---[ end trace a86d848fb27c4dd1 ]---
[  194.669517] Kernel panic - not syncing: Fatal exception in interrupt
[  194.672742] SMP: stopping secondary CPUs
[  194.677652] Kernel Offset: disabled
[  194.679675] CPU features: 0x0002,20006000
[  194.680800] Memory Limit: none
[  194.686008] ---[ end Kernel panic - not syncing: Fatal exception in interrupt ]---
