[  192.879615] Kernel panic - not syncing: stack-protector: Kernel stack is corrupted in: ip_finish_output2+0x574/0x588
[  192.892395] CPU: 5 PID: 494 Comm: python3 Not tainted 5.4.18 #2
[  192.893776] Hardware name: linux,dummy-virt (DT)
[  192.895772] Call trace:
[  192.900778]  dump_backtrace+0x0/0x140
[  192.901721]  show_stack+0x14/0x20
[  192.902614]  dump_stack+0xb4/0xf8
[  192.904726]  panic+0x158/0x324
[  192.905973]  __stack_chk_fail+0x1c/0x20
[  192.907440]  ip_finish_output2+0x574/0x588
[  192.907906]  __ip_finish_output+0x1b0/0x1e0
[  192.908702]  ip_output+0xf4/0x1b0
[  192.909178]  ip_local_out+0x44/0x58
[  192.909619]  ip_send_skb+0x1c/0xa8
[  192.910059]  udp_send_skb.isra.0+0x11c/0x368
[  192.910613]  udp_sendmsg+0x710/0x860
[  192.911023]  inet_sendmsg+0x40/0x68
[  192.912548]  __sys_sendto+0xd4/0x150
[  192.913554]  __arm64_sys_sendto+0x24/0x30
[  192.914483]  el0_svc_common.constprop.0+0x68/0x160
[  192.915559]  el0_svc_handler+0x20/0x80
[  192.916679]  el0_svc+0x8/0xc
[  192.923857] SMP: stopping secondary CPUs
[  192.929465] Kernel Offset: disabled
[  192.930973] CPU features: 0x0002,20006000
[  192.932875] Memory Limit: none
[  192.943928] ---[ end Kernel panic - not syncing: stack-protector: Kernel stack is corrupted in: ip_finish_output2+0x574/0x588 ]---
