[  199.423063] Unable to handle kernel NULL pointer dereference at virtual address 000000000000001d
[  199.424413] Mem abort info:
[  199.424801]   ESR = 0x96000046
[  199.425461]   EC = 0x25: DABT (current EL), IL = 32 bits
[  199.427559]   SET = 0, FnV = 0
[  199.428221]   EA = 0, S1PTW = 0
[  199.428707] Data abort info:
[  199.429185]   ISV = 0, ISS = 0x00000046
[  199.431373]   CM = 0, WnR = 1
[  199.436122] user pgtable: 4k pages, 48-bit VAs, pgdp=00000000b25a7000
[  199.439877] [000000000000001d] pgd=00000000b1aa5003, pud=00000000b6e27003, pmd=0000000000000000
[  199.445580] Internal error: Oops: 96000046 [#1] PREEMPT SMP
[  199.447432] Modules linked in:
[  199.448708] CPU: 6 PID: 492 Comm: python3 Not tainted 5.4.18 #2
[  199.450150] Hardware name: linux,dummy-virt (DT)
[  199.451657] pstate: 40000005 (nZcv daif -PAN -UAO)
[  199.452405] pc : ip_finish_output2+0x400/0x588
[  199.454555] lr : __ip_finish_output+0x1b0/0x1e0
[  199.455963] sp : ffff800011f73990
[  199.457263] x29: ffff800011f73990 x28: 000000000000001a 
[  199.460361] x27: ffff800011f73d80 x26: 0000000000000011 
[  199.465564] x25: 0000000000000012 x24: ffff00007b206000 
[  199.469076] x23: ffff00007b3a9980 x22: ffff00007819e200 
[  199.471367] x21: ffff00007262d0c0 x20: ffff0000781fb400 
[  199.472713] x19: ffff000078217800 x18: 0000000000000000 
[  199.473929] x17: 0000000000000000 x16: 0000000000000000 
[  199.474919] x15: 0000000000000001 x14: 0000000000000000 
[  199.475680] x13: 0000000000000006 x12: 00000000c0a80164 
[  199.476233] x11: 0000000000000000 x10: 0000000000000068 
[  199.478307] x9 : ffff00007819e200 x8 : ffff800011f73c30 
[  199.479296] x7 : 0000000000000003 x6 : 000000002a344bd3 
[  199.480171] x5 : ffff00007aab8780 x4 : 000000000000001d 
[  199.480692] x3 : 000000006401a8c0 x2 : ffff00007b206000 
[  199.481159] x1 : 0000000000000007 x0 : ffff800011967788 
[  199.482659] Call trace:
[  199.483150]  ip_finish_output2+0x400/0x588
[  199.483477]  __ip_finish_output+0x1b0/0x1e0
[  199.484128]  ip_output+0xf4/0x1b0
[  199.484645]  ip_local_out+0x44/0x58
[  199.486381]  ip_send_skb+0x1c/0xa8
[  199.488921]  udp_send_skb.isra.0+0x11c/0x368
[  199.490555]  udp_sendmsg+0x710/0x860
[  199.490907]  inet_sendmsg+0x40/0x68
[  199.491206]  __sys_sendto+0xd4/0x150
[  199.491500]  __arm64_sys_sendto+0x24/0x30
[  199.492206]  el0_svc_common.constprop.0+0x68/0x160
[  199.492958]  el0_svc_handler+0x20/0x80
[  199.497328]  el0_svc+0x8/0xc
[  199.502134] Code: 4b070084 1b067c21 1ac42421 f86178b3 (bd000093) 
[  199.510736] ---[ end trace 9b87e1bf2c99c300 ]---
[  199.512336] Kernel panic - not syncing: Fatal exception in interrupt
[  199.514925] SMP: stopping secondary CPUs
[  199.516774] Kernel Offset: disabled
[  199.517682] CPU features: 0x0002,20006000
[  199.519231] Memory Limit: none
[  199.522870] ---[ end Kernel panic - not syncing: Fatal exception in interrupt ]---
