[  193.318695] kernel BUG at arch/arm64/kernel/traps.c:405!
[  193.323546] Internal error: Oops - BUG: 0 [#1] PREEMPT SMP
[  193.325126] Modules linked in:
[  193.328533] CPU: 2 PID: 493 Comm: python3 Not tainted 5.4.18 #2
[  193.329585] Hardware name: linux,dummy-virt (DT)
[  193.331314] pstate: 00000005 (nzcv daif -PAN -UAO)
[  193.335089] pc : do_undefinstr+0x2ec/0x310
[  193.335690] lr : do_undefinstr+0x1e0/0x310
[  193.336199] sp : ffff800011e3b850
[  193.336603] x29: ffff800011e3b850 x28: ffff00007a80f000 
[  193.337320] x27: ffff800011e3bd80 x26: 0000000000000011 
[  193.337859] x25: 0000000000000012 x24: 0000000000000000 
[  193.338341] x23: 0000000060000005 x22: ffff800010b77ab8 
[  193.339014] x21: ffff800011e3b9f0 x20: ffff00007a80f000 
[  193.339695] x19: ffff800011e3b8b0 x18: 0000000000000000 
[  193.340131] x17: 0000000000000000 x16: 0000000000000000 
[  193.341218] x15: 0000000000000001 x14: 0000000000000000 
[  193.341821] x13: 0000000000000006 x12: 000000000000003c 
[  193.342365] x11: ffff000071a79000 x10: 0000000000000000 
[  193.342766] x9 : ffff000071828140 x8 : 0000000000000028 
[  193.343310] x7 : ffff000076e74000 x6 : ffff800011e3b8a8 
[  193.343900] x5 : 00000000d5300000 x4 : ffff8000117c51f0 
[  193.345006] x3 : 00000000d6500000 x2 : 0000000000000000 
[  193.345535] x1 : ffff00007a80f000 x0 : 0000000060000005 
[  193.346731] Call trace:
[  193.347335]  do_undefinstr+0x2ec/0x310
[  193.347721]  el1_undef+0x10/0x84
[  193.348020]  ip_finish_output2+0x1a8/0x588
[  193.348335]  ip_output+0xf4/0x1b0
[  193.348690]  ip_local_out+0x44/0x58
[  193.348969]  ip_send_skb+0x1c/0xa8
[  193.349399]  udp_send_skb.isra.0+0x11c/0x368
[  193.349734]  udp_sendmsg+0x710/0x860
[  193.350028]  inet_sendmsg+0x40/0x68
[  193.350318]  __sys_sendto+0xd4/0x150
[  193.350677]  __arm64_sys_sendto+0x24/0x30
[  193.351206]  el0_svc_common.constprop.0+0x68/0x160
[  193.351607]  el0_svc_handler+0x20/0x80
[  193.351936]  el0_svc+0x8/0xc
[  193.353332] Code: f9401bf7 17ffff7c a9025bf5 f9001bf7 (d4210000) 
[  193.356036] ---[ end trace 374ac0990a3857a4 ]---
[  193.357416] note: python3[493] exited with preempt_count 1
[  193.412854] ------------[ cut here ]------------
[  193.414158] WARNING: CPU: 2 PID: 0 at kernel/rcu/tree.c:569 rcu_idle_enter+0x74/0x80
[  193.415537] Modules linked in:
[  193.416471] CPU: 2 PID: 0 Comm: swapper/2 Tainted: G      D           5.4.18 #2
[  193.419913] Hardware name: linux,dummy-virt (DT)
[  193.425672] pstate: 200003c5 (nzCv DAIF -PAN -UAO)
[  193.427670] pc : rcu_idle_enter+0x74/0x80
[  193.428631] lr : do_idle+0x200/0x288
[  193.429231] sp : ffff800011a53f20
[  193.430038] x29: ffff800011a53f20 x28: 0000000000000000 
[  193.434875] x27: 0000000000000000 x26: 0000000000000000 
[  193.436303] x25: 0000000000000000 x24: ffff8000117ba214 
[  193.441132] x23: ffff00007b0c2a00 x22: ffff800011404ab8 
[  193.442132] x21: ffff8000117ba1f0 x20: 0000000000000002 
[  193.443872] x19: ffff8000117ba118 x18: 0000000000000010 
[  193.447948] x17: 0000000000000000 x16: 0000000000000000 
[  193.454836] x15: 0000000000000111 x14: 0000000000000000 
[  193.459146] x13: 0000000000000001 x12: 0000000000000000 
[  193.460389] x11: 0000000000000400 x10: 00000000000009c0 
[  193.461858] x9 : ffff800011a53e90 x8 : ffff00007b0c3420 
[  193.462245] x7 : 0000000000000000 x6 : 00000aabfdbaac41 
[  193.462791] x5 : 00ffffffffffffff x4 : ffff80006c76d000 
[  193.463303] x3 : 4000000000000002 x2 : 4000000000000000 
[  193.464120] x1 : ffff800011406980 x0 : ffff00007db73980 
[  193.466539] Call trace:
[  193.466970]  rcu_idle_enter+0x74/0x80
[  193.467900]  do_idle+0x200/0x288
[  193.468328]  cpu_startup_entry+0x20/0x40
[  193.468855]  secondary_start_kernel+0x154/0x190
[  193.471136] ---[ end trace 374ac0990a3857a5 ]---
