[  192.984633] Unable to handle kernel paging request at virtual address ffff800011d441e8
[  192.992089] Mem abort info:
[  192.995584]   ESR = 0x96000047
[  192.999081]   EC = 0x25: DABT (current EL), IL = 32 bits
[  192.999780]   SET = 0, FnV = 0
[  193.000143]   EA = 0, S1PTW = 0
[  193.002203] Data abort info:
[  193.003772]   ISV = 0, ISS = 0x00000047
[  193.009926]   CM = 0, WnR = 1
[  193.012176] swapper pgtable: 4k pages, 48-bit VAs, pgdp=00000000412a6000
[  193.027162] [ffff800011d441e8] pgd=00000000bdfff003, pud=00000000bdffe003, pmd=00000000ba85c003, pte=0000000000000000
[  193.044481] Internal error: Oops: 96000047 [#1] PREEMPT SMP
[  193.049473] Modules linked in:
[  193.064285] CPU: 1 PID: 502 Comm: python3 Not tainted 5.4.18 #2
[  193.065706] Hardware name: linux,dummy-virt (DT)
[  193.068364] pstate: 80000005 (Nzcv daif -PAN -UAO)
[  193.073516] pc : ip_finish_output2+0x24/0x588
[  193.074125] lr : __ip_finish_output+0x1b0/0x1e0
[  193.074624] sp : ffff800011d43990
[  193.075274] x29: ffff800011d43990 x28: 000000000000001a 
[  193.078303] x27: ffff800011d43d80 x26: 0000000000000011 
[  193.079962] x25: 0000000000000012 x24: ffff800011963ac0 
[  193.087086] x23: ffff00007b228440 x22: ffff00007978aa00 
[  193.090017] x21: ffff0000780bf000 x20: ffff0000796d5800 
[  193.093560] x19: ffff0000796d5800 x18: 0000000000000000 
[  193.100498] x17: 0000000000000000 x16: 0000000000000000 
[  193.103773] x15: 0000000000000001 x14: 0000000000000000 
[  193.107798] x13: 0000000000000006 x12: 00000000c0a80164 
[  193.113038] x11: 0000000000000000 x10: 0000000000000068 
[  193.119759] x9 : ffff00007978aa00 x8 : ffff800011d43c30 
[  193.122567] x7 : 00000000c8500000 x6 : 0000000000007d94 
[  193.128450] x5 : 0000000000000b14 x4 : 0000000000000007 
[  193.131553] x3 : 00000000000000c0 x2 : d91e626e8d0e1000 
[  193.134289] x1 : ffff00007b228440 x0 : ffff800011963ac0 
[  193.138582] Call trace:
[  193.140081]  ip_finish_output2+0x24/0x588
[  193.143845]  __ip_finish_output+0x1b0/0x1e0
[  193.146822]  ip_output+0xf4/0x1b0
[  193.147417]  ip_local_out+0x44/0x58
[  193.148000]  ip_send_skb+0x1c/0xa8
[  193.150194]  udp_send_skb.isra.0+0x11c/0x368
[  193.152087]  udp_sendmsg+0x710/0x860
[  193.152502]  inet_sendmsg+0x40/0x68
[  193.155546]  __sys_sendto+0xd4/0x150
[  193.159615]  __arm64_sys_sendto+0x24/0x30
[  193.162391]  el0_svc_common.constprop.0+0x68/0x160
[  193.162731]  el0_svc_handler+0x20/0x80
[  193.170107]  el0_svc+0x8/0xc
[  193.175113] Code: d5384116 a90363f7 f9402e95 f9423ac2 (f9042fe2) 
[  193.182970] ---[ end trace 971fe9582e85550e ]---
