[  196.126506] Unable to handle kernel paging request at virtual address 000000006401ab12
[  196.135996] Mem abort info:
[  196.136329]   ESR = 0x96000005
[  196.136715]   EC = 0x25: DABT (current EL), IL = 32 bits
[  196.137118]   SET = 0, FnV = 0
[  196.137391]   EA = 0, S1PTW = 0
[  196.137687] Data abort info:
[  196.137964]   ISV = 0, ISS = 0x00000005
[  196.139408]   CM = 0, WnR = 0
[  196.140557] user pgtable: 4k pages, 48-bit VAs, pgdp=00000000b1a5d000
[  196.143492] [000000006401ab12] pgd=00000000b6eab003, pud=0000000000000000
[  196.149556] Internal error: Oops: 96000005 [#1] PREEMPT SMP
[  196.154980] Modules linked in:
[  196.175197] CPU: 5 PID: 496 Comm: python3 Not tainted 5.4.18 #2
[  196.177042] Hardware name: linux,dummy-virt (DT)
[  196.182165] pstate: 80000005 (Nzcv daif -PAN -UAO)
[  196.197001] pc : ___neigh_create+0x3b8/0x7b8
[  196.197868] lr : __neigh_create+0x14/0x20
[  196.200575] sp : ffff800011e438f0
[  196.201197] x29: ffff800011e438f0 x28: ffff800011967788 
[  196.202063] x27: ffff800011e43d80 x26: ffff800011e439e4 
[  196.203502] x25: 0000000000000012 x24: ffff00007b3de000 
[  196.204018] x23: ffff00007b3961c0 x22: 00000000ffff9942 
[  196.205050] x21: ffff8000117b7000 x20: 0000000000000004 
[  196.208868] x19: 000000006401a8c0 x18: 0000000000000000 
[  196.212199] x17: 0000000000000000 x16: 0000000000000000 
[  196.213063] x15: 0000000000000001 x14: 0000000000000000 
[  196.214831] x13: 0000000000000006 x12: 00000000c0a80164 
[  196.219805] x11: 0000000000000000 x10: 0000000000000068 
[  196.221214] x9 : ffff00007b2bf000 x8 : ffff800011e43c30 
[  196.222074] x7 : 0000000000000003 x6 : 00000000c282f711 
[  196.223389] x5 : ffff00007aab3480 x4 : 0000000000000000 
[  196.224113] x3 : 0000000000000000 x2 : 000000006401a8c0 
[  196.224734] x1 : 0000000000000400 x0 : 0000000000000200 
[  196.226218] Call trace:
[  196.231131]  ___neigh_create+0x3b8/0x7b8
[  196.232125]  __neigh_create+0x14/0x20
[  196.232887]  ip_finish_output2+0x458/0x588
[  196.233620]  __ip_finish_output+0x1b0/0x1e0
[  196.234273]  ip_output+0xf4/0x1b0
[  196.237498]  ip_local_out+0x44/0x58
[  196.240270]  ip_send_skb+0x1c/0xa8
[  196.240730]  udp_send_skb.isra.0+0x11c/0x368
[  196.241145]  udp_sendmsg+0x710/0x860
[  196.241567]  inet_sendmsg+0x40/0x68
[  196.241876]  __sys_sendto+0xd4/0x150
[  196.243413]  __arm64_sys_sendto+0x24/0x30
[  196.244727]  el0_svc_common.constprop.0+0x68/0x160
[  196.245421]  el0_svc_handler+0x20/0x80
[  196.248041]  el0_svc+0x8/0xc
[  196.254069] Code: d2809c41 cb160021 ab02003f 54000544 (7944a662) 
[  196.271753] ---[ end trace c9ff87ca1eba2eec ]---
[  196.278150] Kernel panic - not syncing: Fatal exception in interrupt
[  196.286137] SMP: stopping secondary CPUs
[  196.289030] Kernel Offset: disabled
[  196.291978] CPU features: 0x0002,20006000
[  196.294295] Memory Limit: none
[  196.299267] ---[ end Kernel panic - not syncing: Fatal exception in interrupt ]---
