[  196.266592] kernel BUG at arch/arm64/kernel/traps.c:405!
[  196.272042] Internal error: Oops - BUG: 0 [#1] PREEMPT SMP
[  196.274285] Modules linked in:
[  196.276917] CPU: 4 PID: 497 Comm: python3 Not tainted 5.4.18 #2
[  196.278097] Hardware name: linux,dummy-virt (DT)
[  196.282403] pstate: 00000005 (nzcv daif -PAN -UAO)
[  196.283736] pc : do_undefinstr+0x2ec/0x310
[  196.284849] lr : do_undefinstr+0x1e0/0x310
[  196.285682] sp : ffff800011ff37f0
[  196.286355] x29: ffff800011ff37f0 x28: ffff00007819c600 
[  196.287499] x27: ffff800011ff3d80 x26: 0000000000000011 
[  196.288339] x25: 0000000000000012 x24: 0000000000000000 
[  196.289210] x23: 0000000080000005 x22: ffff800010b77938 
[  196.290039] x21: ffff800011ff3990 x20: ffff00007819c600 
[  196.290905] x19: ffff800011ff3850 x18: 0000000000000000 
[  196.291752] x17: 0000000000000000 x16: 0000000000000000 
[  196.292564] x15: 0000000000000001 x14: 0000000000000000 
[  196.293431] x13: 0000000000000006 x12: 00000000c0a80164 
[  196.294260] x11: 0000000000000000 x10: 0000000000000068 
[  196.296293] x9 : ffff00007819c600 x8 : ffff800011ff3c30 
[  196.298057] x7 : 00000000a4800000 x6 : ffff800011ff3848 
[  196.299011] x5 : 00000000d5300000 x4 : ffff8000117c51f0 
[  196.299829] x3 : 00000000c2800000 x2 : 0000000000000000 
[  196.300740] x1 : ffff00007819c600 x0 : 0000000080000005 
[  196.302467] Call trace:
[  196.303552]  do_undefinstr+0x2ec/0x310
[  196.304279]  el1_undef+0x10/0x84
[  196.304925]  ip_finish_output2+0x28/0x588
[  196.305578]  __ip_finish_output+0x1b0/0x1e0
[  196.306225]  ip_output+0xf4/0x1b0
[  196.306838]  ip_local_out+0x44/0x58
[  196.307426]  ip_send_skb+0x1c/0xa8
[  196.307999]  udp_send_skb.isra.0+0x11c/0x368
[  196.308661]  udp_sendmsg+0x710/0x860
[  196.309304]  inet_sendmsg+0x40/0x68
[  196.309899]  __sys_sendto+0xd4/0x150
[  196.311538]  __arm64_sys_sendto+0x24/0x30
[  196.312482]  el0_svc_common.constprop.0+0x68/0x160
[  196.312959]  el0_svc_handler+0x20/0x80
[  196.313332]  el0_svc+0x8/0xc
[  196.314285] Code: f9401bf7 17ffff7c a9025bf5 f9001bf7 (d4210000) 
[  196.317472] ---[ end trace 8733a86547085080 ]---
[  196.319055] note: python3[497] exited with preempt_count 1
[  196.418540] ------------[ cut here ]------------
[  196.422343] WARNING: CPU: 4 PID: 0 at kernel/rcu/tree.c:569 rcu_idle_enter+0x74/0x80
[  196.424190] Modules linked in:
[  196.425751] CPU: 4 PID: 0 Comm: swapper/4 Tainted: G      D           5.4.18 #2
[  196.436101] Hardware name: linux,dummy-virt (DT)
[  196.437604] pstate: 200003c5 (nzCv DAIF -PAN -UAO)
[  196.437973] pc : rcu_idle_enter+0x74/0x80
[  196.438486] lr : do_idle+0x200/0x288
[  196.439066] sp : ffff800011a63f20
[  196.439336] x29: ffff800011a63f20 x28: 0000000000000000 
[  196.439916] x27: 0000000000000000 x26: 0000000000000000 
[  196.440306] x25: 0000000000000000 x24: ffff8000117ba214 
[  196.441222] x23: ffff00007b0c4600 x22: ffff800011404ab8 
[  196.442778] x21: ffff8000117ba1f0 x20: 0000000000000004 
[  196.444786] x19: ffff8000117ba118 x18: 0000000000000010 
[  196.450532] x17: 0000000000000000 x16: 0000000000000000 
[  196.453893] x15: 00000000000002ed x14: 0000000000000000 
[  196.455303] x13: 00000000000021ff x12: 00000000000003b6 
[  196.456651] x11: 0000000000881637 x10: 00000000000009c0 
[  196.467396] x9 : ffff800011a63e90 x8 : ffff00007b0c5020 
[  196.468098] x7 : ffff00007dbb5800 x6 : 0000026267c39222 
[  196.470066] x5 : 00ffffffffffffff x4 : ffff80006c799000 
[  196.471989] x3 : 4000000000000002 x2 : 4000000000000000 
[  196.473466] x1 : ffff800011406980 x0 : ffff00007db9f980 
[  196.477279] Call trace:
[  196.479976]  rcu_idle_enter+0x74/0x80
[  196.481199]  do_idle+0x200/0x288
[  196.485262]  cpu_startup_entry+0x20/0x40
[  196.486453]  secondary_start_kernel+0x154/0x190
[  196.495462] ---[ end trace 8733a86547085081 ]---
