[  194.072990] Unable to handle kernel paging request at virtual address ffff800011ee4b00
[  194.079579] Mem abort info:
[  194.079998]   ESR = 0x96000007
[  194.084286]   EC = 0x25: DABT (current EL), IL = 32 bits
[  194.092241]   SET = 0, FnV = 0
[  194.102073]   EA = 0, S1PTW = 0
[  194.113752] Data abort info:
[  194.114710]   ISV = 0, ISS = 0x00000007
[  194.118796]   CM = 0, WnR = 0
[  194.123571] swapper pgtable: 4k pages, 48-bit VAs, pgdp=00000000412a6000
[  194.126945] [ffff800011ee4b00] pgd=00000000bdfff003, pud=00000000bdffe003, pmd=00000000baa44003, pte=0000000000000000
[  194.131316] Internal error: Oops: 96000007 [#1] PREEMPT SMP
[  194.132251] Modules linked in:
[  194.134264] CPU: 2 PID: 493 Comm: python3 Not tainted 5.4.18 #2
[  194.137225] Hardware name: linux,dummy-virt (DT)
[  194.140695] pstate: 60000005 (nZCv daif -PAN -UAO)
[  194.145708] pc : ip_send_skb+0x8c/0xa8
[  194.146016] lr : ip_send_skb+0x1c/0xa8
[  194.146268] sp : ffff800011ee3af0
[  194.146568] x29: ffff800011ee3af0 x28: 000000000000001a 
[  194.147021] x27: ffff800011ee3d80 x26: 0000000000000011 
[  194.147667] x25: 0000000000000012 x24: ffff0000711f3a24 
[  194.148224] x23: ffff800011ee3c30 x22: ffff00007abfcc80 
[  194.149698] x21: 0000000000000011 x20: 000000000000001a 
[  194.150176] x19: ffff800011963ac0 x18: 0000000000000000 
[  194.150679] x17: 0000000000000000 x16: 0000000000000000 
[  194.151033] x15: 0000000000000001 x14: 0000000000000000 
[  194.152844] x13: 0000000000000006 x12: 000000000000003c 
[  194.154639] x11: ffff0000722c4000 x10: 0000000000000000 
[  194.155030] x9 : ffff00007b395140 x8 : 0000000000000028 
[  194.155409] x7 : ffff000070980000 x6 : 0000000022100000 
[  194.156116] x5 : 0000000000000000 x4 : ffff000070980000 
[  194.156626] x3 : 00000000000003e8 x2 : 0000000000000000 
[  194.156925] x1 : 0000000000000000 x0 : 0000000000000000 
[  194.157512] Call trace:
[  194.157793]  ip_send_skb+0x8c/0xa8
[  194.158033]  udp_send_skb.isra.0+0x11c/0x368
[  194.159821]  udp_sendmsg+0x710/0x860
[  194.160612]  inet_sendmsg+0x40/0x68
[  194.160829]  __sys_sendto+0xd4/0x150
[  194.161041]  __arm64_sys_sendto+0x24/0x30
[  194.161282]  el0_svc_common.constprop.0+0x68/0x160
[  194.163113]  el0_svc_handler+0x20/0x80
[  194.164765]  el0_svc+0x8/0xc
[  194.167576] Code: b5000081 b9002fe0 9402d92f b9402fe0 (f9480bf3) 
[  194.172085] ---[ end trace 0311eac44c0827cb ]---
