[  193.890939] Unable to handle kernel NULL pointer dereference at virtual address 00000000000000bd
[  193.893028] Mem abort info:
[  193.893406]   ESR = 0x96000006
[  193.893917]   EC = 0x25: DABT (current EL), IL = 32 bits
[  193.894512]   SET = 0, FnV = 0
[  193.894896]   EA = 0, S1PTW = 0
[  193.895298] Data abort info:
[  193.895661]   ISV = 0, ISS = 0x00000006
[  193.896061]   CM = 0, WnR = 0
[  193.899562] user pgtable: 4k pages, 48-bit VAs, pgdp=00000000b809f000
[  193.906901] [00000000000000bd] pgd=00000000b2abb003, pud=00000000b9540003, pmd=0000000000000000
[  193.917656] Internal error: Oops: 96000006 [#1] PREEMPT SMP
[  193.924782] Modules linked in:
[  193.935427] CPU: 4 PID: 493 Comm: python3 Not tainted 5.4.18 #2
[  193.941661] Hardware name: linux,dummy-virt (DT)
[  193.946402] pstate: 60000005 (nZCv daif -PAN -UAO)
[  193.946793] pc : __ip_local_out+0x30/0x158
[  193.948420] lr : ip_local_out+0x20/0x58
[  193.953222] sp : ffff800011faba40
[  193.955138] x29: ffff800011faba40 x28: 000000000000001a 
[  193.965034] x27: ffff800011fabd80 x26: 0000000000000011 
[  193.967085] x25: 0000000000000012 x24: ffff000075e18a24 
[  193.970449] x23: ffff800011fabc30 x22: ffff800011963ac0 
[  193.972322] x21: 0000000000000011 x20: ffff00007974bfc0 
[  193.974179] x19: ffff000075e72a00 x18: 0000000000000000 
[  193.975510] x17: 0000000000000000 x16: 0000000000000000 
[  193.982319] x15: 0000000000000001 x14: 0000000000000000 
[  193.984605] x13: 0000000000000006 x12: 00000000c0a80164 
[  193.987896] x11: 0000000000000000 x10: 0000000000000068 
[  193.990405] x9 : ffff000075e72a00 x8 : ffff800011fabc30 
[  193.996761] x7 : 0000000019a00000 x6 : 000000000000bc92 
[  194.001555] x5 : 0000000000000024 x4 : 0000000000000000 
[  194.002881] x3 : 0000000000000000 x2 : 0000000000000011 
[  194.005038] x1 : ffff00007974bfc0 x0 : ffff800011963ac0 
[  194.010063] Call trace:
[  194.012079]  __ip_local_out+0x30/0x158
[  194.012819]  ip_local_out+0x20/0x58
[  194.013276]  ip_send_skb+0x1c/0xa8
[  194.015201]  udp_send_skb.isra.0+0x11c/0x368
[  194.015870]  udp_sendmsg+0x710/0x860
[  194.020467]  inet_sendmsg+0x40/0x68
[  194.022014]  __sys_sendto+0xd4/0x150
[  194.024295]  __arm64_sys_sendto+0x24/0x30
[  194.025792]  el0_svc_common.constprop.0+0x68/0x160
[  194.026473]  el0_svc_handler+0x20/0x80
[  194.027091]  el0_svc+0x8/0xc
[  194.030164] Code: a90363f7 f9423a63 f9003fe3 d2800003 (79415840) 
[  194.033160] ---[ end trace ede26130fa380591 ]---
