[  193.055295] kernel BUG at arch/arm64/kernel/traps.c:405!
[  193.062311] Internal error: Oops - BUG: 0 [#1] PREEMPT SMP
[  193.064594] Modules linked in:
[  193.071431] CPU: 5 PID: 491 Comm: python3 Not tainted 5.4.18 #2
[  193.072223] Hardware name: linux,dummy-virt (DT)
[  193.074162] pstate: 00000005 (nzcv daif -PAN -UAO)
[  193.079476] pc : do_undefinstr+0x2ec/0x310
[  193.080094] lr : do_undefinstr+0x1e0/0x310
[  193.080630] sp : ffff8000120cb980
[  193.081083] x29: ffff8000120cb980 x28: ffff00007ab55400 
[  193.082187] x27: ffff8000120cbd80 x26: 0000000000000011 
[  193.082559] x25: 0000000000000012 x24: 0000000000000000 
[  193.082906] x23: 0000000060000005 x22: ffff800010b79b48 
[  193.083296] x21: ffff8000120cbb20 x20: ffff00007ab55400 
[  193.083648] x19: ffff8000120cb9e0 x18: 0000000000000000 
[  193.085344] x17: 0000000000000000 x16: 0000000000000000 
[  193.086896] x15: 0000000000000001 x14: 0000000000000000 
[  193.087876] x13: 0000000000000006 x12: 00000000c0a80164 
[  193.088916] x11: 0000000000000000 x10: 0000000000000068 
[  193.090084] x9 : ffff00007ab55400 x8 : ffff8000120cbc30 
[  193.091126] x7 : 00000000cdd00000 x6 : ffff8000120cb9d8 
[  193.092110] x5 : 00000000d5300000 x4 : ffff8000117c51f0 
[  193.093103] x3 : 00000000abb00000 x2 : 0000000000000000 
[  193.096084] x1 : ffff00007ab55400 x0 : 0000000060000005 
[  193.098792] Call trace:
[  193.099571]  do_undefinstr+0x2ec/0x310
[  193.099877]  el1_undef+0x10/0x84
[  193.100113]  ip_send_skb+0x0/0xa8
[  193.100325]  udp_sendmsg+0x710/0x860
[  193.100546]  inet_sendmsg+0x40/0x68
[  193.100877]  __sys_sendto+0xd4/0x150
[  193.101145]  __arm64_sys_sendto+0x24/0x30
[  193.101401]  el0_svc_common.constprop.0+0x68/0x160
[  193.101764]  el0_svc_handler+0x20/0x80
[  193.102001]  el0_svc+0x8/0xc
[  193.102686] Code: f9401bf7 17ffff7c a9025bf5 f9001bf7 (d4210000) 
[  193.104345] ---[ end trace 0f89c2efd1b9f05f ]---
[  193.106759] note: python3[491] exited with preempt_count 1
[  193.175872] ------------[ cut here ]------------
[  193.184783] WARNING: CPU: 5 PID: 0 at kernel/rcu/tree.c:569 rcu_idle_enter+0x74/0x80
[  193.193511] Modules linked in:
[  193.197854] CPU: 5 PID: 0 Comm: swapper/5 Tainted: G      D           5.4.18 #2
[  193.202645] Hardware name: linux,dummy-virt (DT)
[  193.203247] pstate: 200003c5 (nzCv DAIF -PAN -UAO)
[  193.205532] pc : rcu_idle_enter+0x74/0x80
[  193.206137] lr : do_idle+0x200/0x288
[  193.206525] sp : ffff800011a6bf20
[  193.206892] x29: ffff800011a6bf20 x28: 0000000000000000 
[  193.208460] x27: 0000000000000000 x26: 0000000000000000 
[  193.210848] x25: 0000000000000000 x24: ffff8000117ba214 
[  193.211744] x23: ffff00007b0c5400 x22: ffff800011404ab8 
[  193.212505] x21: ffff8000117ba1f0 x20: 0000000000000005 
[  193.216657] x19: ffff8000117ba118 x18: 0000000000000010 
[  193.218629] x17: 0000000000000000 x16: 0000000000000000 
[  193.220902] x15: 0000000000000000 x14: 0000000000000000 
[  193.221938] x13: 0000000000000002 x12: 0000000000000000 
[  193.222804] x11: 0000000000000000 x10: 00000000000009c0 
[  193.226679] x9 : ffff800011a6be90 x8 : ffff00007b0c5e20 
[  193.229165] x7 : 00000000000003f5 x6 : 0000003d032d62a8 
[  193.230507] x5 : 00ffffffffffffff x4 : ffff80006c7af000 
[  193.231953] x3 : 4000000000000002 x2 : 4000000000000000 
[  193.235662] x1 : ffff800011406980 x0 : ffff00007dbb5980 
[  193.239030] Call trace:
[  193.241397]  rcu_idle_enter+0x74/0x80
[  193.242031]  do_idle+0x200/0x288
[  193.243084]  cpu_startup_entry+0x20/0x40
[  193.244953]  secondary_start_kernel+0x154/0x190
[  193.246501] ---[ end trace 0f89c2efd1b9f060 ]---
