[  198.613782] Unable to handle kernel NULL pointer dereference at virtual address 0000000000000000
[  198.617177] Mem abort info:
[  198.624987]   ESR = 0x86000006
[  198.627469]   EC = 0x21: IABT (current EL), IL = 32 bits
[  198.631514]   SET = 0, FnV = 0
[  198.638168]   EA = 0, S1PTW = 0
[  198.644615] user pgtable: 4k pages, 48-bit VAs, pgdp=00000000b1780000
[  198.650386] [0000000000000000] pgd=00000000b95b2003, pud=00000000b3436003, pmd=0000000000000000
[  198.655308] Internal error: Oops: 86000006 [#1] PREEMPT SMP
[  198.658053] Modules linked in:
[  198.660831] CPU: 1 PID: 494 Comm: python3 Not tainted 5.4.18 #2
[  198.662090] Hardware name: linux,dummy-virt (DT)
[  198.663644] pstate: 00000005 (nzcv daif -PAN -UAO)
[  198.672453] pc : 0x0
[  198.681310] lr : 0x0
[  198.690816] sp : ffff800012103be0
[  198.694784] x29: 0000000056000000 x28: 000000000000001a 
[  198.703330] x27: ffff800012103d80 x26: 0000000000000011 
[  198.710285] x25: 0000000000000012 x24: ffff800012103dd8 
[  198.718655] x23: 0000fffff5eb0d68 x22: 0000000000000010 
[  198.720539] x21: ffff800012103cd8 x20: ffff000075e4b800 
[  198.726044] x19: 0000000000000000 x18: 0000000000000000 
[  198.729093] x17: 0000000000000000 x16: 0000000000000000 
[  198.730593] x15: 0000000000000001 x14: 0000000000000000 
[  198.731840] x13: 0000000000000006 x12: 00000000c0a80164 
[  198.736282] x11: 0000000000000000 x10: 0000000000000068 
[  198.738781] x9 : ffff000075e4b800 x8 : ffff800012103c30 
[  198.741774] x7 : 00000000c4800000 x6 : 0000000000004faf 
[  198.743850] x5 : 0000000000000024 x4 : 0000000000000000 
[  198.745867] x3 : 0000000000000011 x2 : ffff00007b3d7c00 
[  198.749683] x1 : 0000000000000000 x0 : 0000000012103c30 
[  198.752394] Call trace:
[  198.753605]  0x0
[  198.761214] Code: bad PC value
[  198.769625] ---[ end trace 7004b9e845bfed67 ]---
