[  194.326872] Unable to handle kernel paging request at virtual address ffff800011f44010
[  194.338082] Mem abort info:
[  194.338983]   ESR = 0x96000007
[  194.339799]   EC = 0x25: DABT (current EL), IL = 32 bits
[  194.344141]   SET = 0, FnV = 0
[  194.349730]   EA = 0, S1PTW = 0
[  194.351292] Data abort info:
[  194.352432]   ISV = 0, ISS = 0x00000007
[  194.353288]   CM = 0, WnR = 0
[  194.356269] swapper pgtable: 4k pages, 48-bit VAs, pgdp=00000000412a6000
[  194.361659] [ffff800011f44010] pgd=00000000bdfff003, pud=00000000bdffe003, pmd=00000000baa89003, pte=0000000000000000
[  194.370600] Internal error: Oops: 96000007 [#1] PREEMPT SMP
[  194.371477] Modules linked in:
[  194.373041] CPU: 1 PID: 493 Comm: python3 Not tainted 5.4.18 #2
[  194.373500] Hardware name: linux,dummy-virt (DT)
[  194.374432] pstate: 60000005 (nZCv daif -PAN -UAO)
[  194.377260] pc : ip_send_skb+0x8c/0xa8
[  194.377599] lr : ip_send_skb+0x1c/0xa8
[  194.377995] sp : ffff800011f44000
[  194.378311] x29: 0000000000000003 x28: 000000000000001a 
[  194.378868] x27: ffff800011f43d80 x26: 00000000000000ce 
[  194.379623] x25: 0000000000000012 x24: ffff000078261e24 
[  194.380126] x23: ffff800011f43c30 x22: ffff00007b2cbb80 
[  194.380554] x21: 0000000000000011 x20: 000000000000001a 
[  194.381945] x19: 0000000000000000 x18: 0000000000000000 
[  194.382432] x17: 0000000000000000 x16: 0000000000000000 
[  194.386125] x15: 0000000000000001 x14: 0000000000000000 
[  194.387441] x13: 0000000000000006 x12: 000000000000003c 
[  194.388871] x11: ffff0000759ac000 x10: 0000000000000000 
[  194.390001] x9 : ffff0000771c5140 x8 : 0000000000000028 
[  194.391726] x7 : ffff000070e30000 x6 : 0000000022100000 
[  194.393925] x5 : 0000000000000000 x4 : ffff000070e30000 
[  194.397581] x3 : 00000000000003e8 x2 : 0000000000000000 
[  194.398536] x1 : 0000000000000000 x0 : 0000000000000000 
[  194.400228] Call trace:
[  194.401163]  ip_send_skb+0x8c/0xa8
[  194.402828] Code: b5000081 b9002fe0 9402d92f b9402fe0 (f9400bf3) 
[  194.404978] ---[ end trace 88ae472bec03b044 ]---
