[  193.763177] kernel BUG at arch/arm64/kernel/traps.c:405!
[  193.766276] Internal error: Oops - BUG: 0 [#1] PREEMPT SMP
[  193.767880] Modules linked in:
[  193.771925] CPU: 4 PID: 493 Comm: python3 Not tainted 5.4.18 #2
[  193.773265] Hardware name: linux,dummy-virt (DT)
[  193.776261] pstate: 00000005 (nzcv daif -PAN -UAO)
[  193.778012] pc : do_undefinstr+0x2ec/0x310
[  193.779079] lr : do_undefinstr+0x1e0/0x310
[  193.780020] sp : ffff800012113980
[  193.780867] x29: ffff800012113980 x28: ffff00007b2be200 
[  193.782814] x27: ffff800012113d80 x26: 0000000000000011 
[  193.784238] x25: 0000000000000012 x24: 0000000000000000 
[  193.786069] x23: 0000000060000005 x22: ffff800010b79b48 
[  193.787160] x21: ffff800012113b20 x20: ffff00007b2be200 
[  193.788258] x19: ffff8000121139e0 x18: 0000000000000000 
[  193.789305] x17: 0000000000000000 x16: 0000000000000000 
[  193.791291] x15: 0000000000000001 x14: 0000000000000000 
[  193.792812] x13: 0000000000000006 x12: 00000000c0a80164 
[  193.794330] x11: 0000000000000000 x10: 0000000000000068 
[  193.795300] x9 : ffff00007b2be200 x8 : ffff800012113c30 
[  193.796370] x7 : 0000000089b00000 x6 : ffff8000121139d8 
[  193.797380] x5 : 00000000d5300000 x4 : ffff8000117c51f0 
[  193.798944] x3 : 00000000a1b00000 x2 : 0000000000000000 
[  193.799926] x1 : ffff00007b2be200 x0 : 0000000060000005 
[  193.801699] Call trace:
[  193.802141]  do_undefinstr+0x2ec/0x310
[  193.802410]  el1_undef+0x10/0x84
[  193.802644]  ip_send_skb+0x0/0xa8
[  193.802853]  udp_sendmsg+0x710/0x860
[  193.803074]  inet_sendmsg+0x40/0x68
[  193.803575]  __sys_sendto+0xd4/0x150
[  193.804262]  __arm64_sys_sendto+0x24/0x30
[  193.805431]  el0_svc_common.constprop.0+0x68/0x160
[  193.806805]  el0_svc_handler+0x20/0x80
[  193.807553]  el0_svc+0x8/0xc
[  193.810435] Code: f9401bf7 17ffff7c a9025bf5 f9001bf7 (d4210000) 
[  193.815110] ---[ end trace bafcd827fa8b8839 ]---
[  193.817144] note: python3[493] exited with preempt_count 1
[  193.894862] ------------[ cut here ]------------
[  193.899137] WARNING: CPU: 4 PID: 0 at kernel/rcu/tree.c:569 rcu_idle_enter+0x74/0x80
[  193.901725] Modules linked in:
[  193.904206] CPU: 4 PID: 0 Comm: swapper/4 Tainted: G      D           5.4.18 #2
[  193.906243] Hardware name: linux,dummy-virt (DT)
[  193.908534] pstate: 200003c5 (nzCv DAIF -PAN -UAO)
[  193.910910] pc : rcu_idle_enter+0x74/0x80
[  193.914777] lr : do_idle+0x200/0x288
[  193.916653] sp : ffff800011a63f20
[  193.918404] x29: ffff800011a63f20 x28: 0000000000000000 
[  193.920336] x27: 0000000000000000 x26: 0000000000000000 
[  193.921777] x25: 0000000000000000 x24: ffff8000117ba214 
[  193.923620] x23: ffff00007b0c4600 x22: ffff800011404ab8 
[  193.924871] x21: ffff8000117ba1f0 x20: 0000000000000004 
[  193.927923] x19: ffff8000117ba118 x18: 0000000000000010 
[  193.930245] x17: 0000000000000000 x16: 0000000000000000 
[  193.930753] x15: 00000000000000f7 x14: 0000000000000000 
[  193.931226] x13: 0000000000000002 x12: 0000000000000000 
[  193.931769] x11: 0000000000000000 x10: 00000000000009c0 
[  193.932161] x9 : ffff800011a63e90 x8 : ffff00007b0c5020 
[  193.933010] x7 : 00000000000003ef x6 : 00000042e3966541 
[  193.936875] x5 : 00ffffffffffffff x4 : ffff80006c799000 
[  193.943144] x3 : 4000000000000002 x2 : 4000000000000000 
[  193.946628] x1 : ffff800011406980 x0 : ffff00007db9f980 
[  193.947209] Call trace:
[  193.947398]  rcu_idle_enter+0x74/0x80
[  193.947611]  do_idle+0x200/0x288
[  193.947829]  cpu_startup_entry+0x24/0x40
[  193.948507]  secondary_start_kernel+0x154/0x190
[  193.949243] ---[ end trace bafcd827fa8b883a ]---
