[  194.233090] kernel BUG at arch/arm64/kernel/traps.c:405!
[  194.236173] Internal error: Oops - BUG: 0 [#1] PREEMPT SMP
[  194.239619] Modules linked in:
[  194.244172] CPU: 1 PID: 496 Comm: python3 Not tainted 5.4.18 #2
[  194.247668] Hardware name: linux,dummy-virt (DT)
[  194.250632] pstate: 00000005 (nzcv daif -PAN -UAO)
[  194.252092] pc : do_undefinstr+0x2ec/0x310
[  194.253001] lr : do_undefinstr+0x1e0/0x310
[  194.253929] sp : ffff800011d5b980
[  194.254670] x29: ffff800011d5b980 x28: ffff000078104600 
[  194.257116] x27: ffff800011d5bd80 x26: 0000000000000011 
[  194.258778] x25: 0000000000000012 x24: 0000000000000000 
[  194.260334] x23: 0000000060000005 x22: ffff800010b79bdc 
[  194.261811] x21: ffff800011d5bb20 x20: ffff000078104600 
[  194.262985] x19: ffff800011d5b9e0 x18: 0000000000000000 
[  194.264034] x17: 0000000000000000 x16: 0000000000000000 
[  194.265348] x15: 0000000000000000 x14: 0000000000000000 
[  194.266491] x13: 0000000000000002 x12: 0000000000000000 
[  194.267720] x11: 0000000000000000 x10: 0000000000000000 
[  194.268822] x9 : 0000000000000000 x8 : ffff8000117b9000 
[  194.269913] x7 : 00000000008b875b x6 : ffff800011d5b9d8 
[  194.273479] x5 : 00000000d5300000 x4 : ffff8000117c51f0 
[  194.274884] x3 : 00000000d6500000 x2 : 0000000000000000 
[  194.275795] x1 : ffff000078104600 x0 : 0000000060000005 
[  194.279243] Call trace:
[  194.280901]  do_undefinstr+0x2ec/0x310
[  194.283362]  el1_undef+0x10/0x84
[  194.284141]  ip_send_skb+0x94/0xa8
[  194.284943]  udp_sendmsg+0x710/0x860
[  194.285696]  inet_sendmsg+0x40/0x68
[  194.287092]  __sys_sendto+0xd4/0x150
[  194.288821]  __arm64_sys_sendto+0x24/0x30
[  194.289980]  el0_svc_common.constprop.0+0x68/0x160
[  194.290817]  el0_svc_handler+0x20/0x80
[  194.291905]  el0_svc+0x8/0xc
[  194.295267] Code: f9401bf7 17ffff7c a9025bf5 f9001bf7 (d4210000) 
[  194.300187] ---[ end trace 7665e7d17dc79932 ]---
[  194.305153] note: python3[496] exited with preempt_count 1
[  194.450321] ------------[ cut here ]------------
[  194.454476] WARNING: CPU: 1 PID: 0 at kernel/rcu/tree.c:569 rcu_idle_enter+0x74/0x80
[  194.463179] Modules linked in:
[  194.471542] CPU: 1 PID: 0 Comm: swapper/1 Tainted: G      D           5.4.18 #2
[  194.480369] Hardware name: linux,dummy-virt (DT)
[  194.482119] pstate: 200003c5 (nzCv DAIF -PAN -UAO)
[  194.486422] pc : rcu_idle_enter+0x74/0x80
[  194.489840] lr : do_idle+0x200/0x288
[  194.490190] sp : ffff800011a4bf20
[  194.491224] x29: ffff800011a4bf20 x28: 0000000000000000 
[  194.502001] x27: 0000000000000000 x26: 0000000000000000 
[  194.508012] x25: 0000000000000000 x24: ffff8000117ba214 
[  194.508774] x23: ffff00007b0c1c00 x22: ffff800011404ab8 
[  194.509220] x21: ffff8000117ba1f0 x20: 0000000000000001 
[  194.509627] x19: ffff8000117ba118 x18: 0000000000000010 
[  194.511215] x17: 0000000000000000 x16: 0000000000000000 
[  194.512253] x15: 0000000000000000 x14: 0000000000000000 
[  194.512758] x13: 0000000000000002 x12: 0000000000000000 
[  194.513385] x11: 0000000000000000 x10: 00000000000009c0 
[  194.513960] x9 : ffff800011a4be90 x8 : ffff00007b0c2620 
[  194.514491] x7 : 0000000000000400 x6 : 000000de80bf238d 
[  194.516651] x5 : 00ffffffffffffff x4 : ffff80006c757000 
[  194.517354] x3 : 4000000000000002 x2 : 4000000000000000 
[  194.518030] x1 : ffff800011406980 x0 : ffff00007db5d980 
[  194.520687] Call trace:
[  194.524513]  rcu_idle_enter+0x74/0x80
[  194.527628]  do_idle+0x200/0x288
[  194.528575]  cpu_startup_entry+0x20/0x40
[  194.529611]  secondary_start_kernel+0x154/0x190
[  194.531844] ---[ end trace 7665e7d17dc79933 ]---
