[  194.147738] kernel BUG at arch/arm64/kernel/traps.c:405!
[  194.151076] Internal error: Oops - BUG: 0 [#1] PREEMPT SMP
[  194.153790] Modules linked in:
[  194.157549] CPU: 4 PID: 493 Comm: python3 Not tainted 5.4.18 #2
[  194.161791] Hardware name: linux,dummy-virt (DT)
[  194.164824] pstate: 00000005 (nzcv daif -PAN -UAO)
[  194.166314] pc : do_undefinstr+0x2ec/0x310
[  194.167514] lr : do_undefinstr+0x1e0/0x310
[  194.168549] sp : ffff800011d93950
[  194.169481] x29: ffff800011d93950 x28: ffff0000780ef000 
[  194.171427] x27: ffff800011d93d80 x26: 0000000000000011 
[  194.172623] x25: 0000000000000012 x24: 0000000000000000 
[  194.174615] x23: 0000000060000005 x22: ffff800010b79bd8 
[  194.176224] x21: ffff800011d93af0 x20: ffff0000780ef000 
[  194.177545] x19: ffff800011d939b0 x18: 0000000000000000 
[  194.178409] x17: 0000000000000000 x16: 0000000000000000 
[  194.179046] x15: 0000000000000001 x14: 0000000000000000 
[  194.179541] x13: 0000000000000006 x12: 000000000000003c 
[  194.180609] x11: ffff0000729e7000 x10: 0000000000000000 
[  194.181268] x9 : ffff0000781b2140 x8 : 0000000000000028 
[  194.182879] x7 : ffff000070ef0000 x6 : ffff800011d939a8 
[  194.184702] x5 : 00000000d5300000 x4 : ffff8000117c51f0 
[  194.186034] x3 : 00000000b8c00000 x2 : 0000000000000000 
[  194.187549] x1 : ffff0000780ef000 x0 : 0000000060000005 
[  194.189882] Call trace:
[  194.191215]  do_undefinstr+0x2ec/0x310
[  194.191620]  el1_undef+0x10/0x84
[  194.191946]  ip_send_skb+0x90/0xa8
[  194.192272]  udp_send_skb.isra.0+0x11c/0x368
[  194.192610]  udp_sendmsg+0x710/0x860
[  194.192926]  inet_sendmsg+0x40/0x68
[  194.193229]  __sys_sendto+0xd4/0x150
[  194.193487]  __arm64_sys_sendto+0x24/0x30
[  194.193769]  el0_svc_common.constprop.0+0x68/0x160
[  194.194701]  el0_svc_handler+0x20/0x80
[  194.195267]  el0_svc+0x8/0xc
[  194.197076] Code: f9401bf7 17ffff7c a9025bf5 f9001bf7 (d4210000) 
[  194.201857] ---[ end trace 6eb135c925aa4dcf ]---
[  194.203789] note: python3[493] exited with preempt_count 1
[  194.303811] ------------[ cut here ]------------
[  194.304825] WARNING: CPU: 4 PID: 0 at kernel/rcu/tree.c:569 rcu_idle_enter+0x74/0x80
[  194.306610] Modules linked in:
[  194.308133] CPU: 4 PID: 0 Comm: swapper/4 Tainted: G      D           5.4.18 #2
[  194.308781] Hardware name: linux,dummy-virt (DT)
[  194.310647] pstate: 200003c5 (nzCv DAIF -PAN -UAO)
[  194.312168] pc : rcu_idle_enter+0x74/0x80
[  194.313371] lr : do_idle+0x200/0x288
[  194.315213] sp : ffff800011a63f20
[  194.316651] x29: ffff800011a63f20 x28: 0000000000000000 
[  194.317759] x27: 0000000000000000 x26: 0000000000000000 
[  194.319178] x25: 0000000000000000 x24: ffff8000117ba214 
[  194.320157] x23: ffff00007b0c4600 x22: ffff800011404ab8 
[  194.320992] x21: ffff8000117ba1f0 x20: 0000000000000004 
[  194.323193] x19: ffff8000117ba118 x18: 0000000000000010 
[  194.325179] x17: 0000000000000000 x16: 0000000000000000 
[  194.327310] x15: 0000000000000075 x14: 0000000000000000 
[  194.329437] x13: 0000000000000002 x12: 0000000000000075 
[  194.330008] x11: 0000000000000001 x10: 00000000000009c0 
[  194.331339] x9 : ffff800011a63e90 x8 : ffff00007b0c5020 
[  194.332265] x7 : 00000000000003b2 x6 : 0000009df184a652 
[  194.332752] x5 : 00ffffffffffffff x4 : ffff80006c799000 
[  194.335478] x3 : 4000000000000002 x2 : 4000000000000000 
[  194.336904] x1 : ffff800011406980 x0 : ffff00007db9f980 
[  194.340800] Call trace:
[  194.344905]  rcu_idle_enter+0x74/0x80
[  194.347184]  do_idle+0x200/0x288
[  194.347861]  cpu_startup_entry+0x20/0x40
[  194.348556]  secondary_start_kernel+0x154/0x190
[  194.349402] ---[ end trace 6eb135c925aa4dd0 ]---
