[  193.114231] Unable to handle kernel NULL pointer dereference at virtual address 00000000000000ac
[  193.127198] Mem abort info:
[  193.132240]   ESR = 0x96000006
[  193.133573]   EC = 0x25: DABT (current EL), IL = 32 bits
[  193.134613]   SET = 0, FnV = 0
[  193.135352]   EA = 0, S1PTW = 0
[  193.139564] Data abort info:
[  193.141924]   ISV = 0, ISS = 0x00000006
[  193.142951]   CM = 0, WnR = 0
[  193.147396] user pgtable: 4k pages, 48-bit VAs, pgdp=00000000b1976000
[  193.150658] [00000000000000ac] pgd=00000000b1b88003, pud=00000000b6f46003, pmd=0000000000000000
[  193.162023] Internal error: Oops: 96000006 [#1] PREEMPT SMP
[  193.163875] Modules linked in:
[  193.173022] CPU: 6 PID: 490 Comm: python3 Not tainted 5.4.18 #2
[  193.174100] Hardware name: linux,dummy-virt (DT)
[  193.178479] pstate: 60000005 (nZCv daif -PAN -UAO)
[  193.183701] pc : __ip_local_out+0x30/0x158
[  193.186135] lr : ip_local_out+0x20/0x58
[  193.191583] sp : ffff800011f3ba40
[  193.195173] x29: ffff800011f3ba40 x28: 000000000000001a 
[  193.198066] x27: ffff800011f3bd80 x26: 0000000000000011 
[  193.202721] x25: 0000000000000012 x24: ffff000076dbe024 
[  193.209470] x23: ffff800011f3bc30 x22: ffff800011963ac0 
[  193.210551] x21: 0000000000000000 x20: ffff000079553300 
[  193.213201] x19: ffff00007a838e00 x18: 0000000000000000 
[  193.216747] x17: 0000000000000000 x16: 0000000000000000 
[  193.219022] x15: 0000000000000001 x14: 0000000000000000 
[  193.220063] x13: 0000000000000006 x12: 00000000c0a80164 
[  193.225604] x11: 0000000000000000 x10: 0000000000000068 
[  193.226858] x9 : ffff00007a838e00 x8 : ffff800011f3bc30 
[  193.233214] x7 : 000000000ed00000 x6 : 000000000000aa8c 
[  193.236870] x5 : 0000000000000024 x4 : 0000000000000000 
[  193.241027] x3 : 0000000000000000 x2 : 0000000000000000 
[  193.243524] x1 : ffff000079553300 x0 : ffff800011963ac0 
[  193.251463] Call trace:
[  193.254897]  __ip_local_out+0x30/0x158
[  193.256683]  ip_local_out+0x20/0x58
[  193.257482]  ip_send_skb+0x1c/0xa8
[  193.258148]  udp_send_skb.isra.0+0x11c/0x368
[  193.268185]  udp_sendmsg+0x710/0x860
[  193.270793]  inet_sendmsg+0x40/0x68
[  193.293429]  __sys_sendto+0xd4/0x150
[  193.305012]  __arm64_sys_sendto+0x24/0x30
[  193.306524]  el0_svc_common.constprop.0+0x68/0x160
[  193.310967]  el0_svc_handler+0x20/0x80
[  193.314934]  el0_svc+0x8/0xc
[  193.327857] Code: a90363f7 f9423a63 f9003fe3 d2800003 (79415840) 
[  193.345544] ---[ end trace 0f5f64309260cf52 ]---
