[  193.977585] Unable to handle kernel NULL pointer dereference at virtual address 0000000000000000
[  193.983973] Mem abort info:
[  193.984955]   ESR = 0x86000006
[  193.985851]   EC = 0x21: IABT (current EL), IL = 32 bits
[  193.986261]   SET = 0, FnV = 0
[  193.986547]   EA = 0, S1PTW = 0
[  193.989728] user pgtable: 4k pages, 48-bit VAs, pgdp=00000000b83ac000
[  193.993965] [0000000000000000] pgd=00000000b17b1003, pud=00000000b5bc7003, pmd=0000000000000000
[  194.013908] Internal error: Oops: 86000006 [#1] PREEMPT SMP
[  194.022678] Modules linked in:
[  194.032968] CPU: 4 PID: 493 Comm: python3 Not tainted 5.4.18 #2
[  194.035123] Hardware name: linux,dummy-virt (DT)
[  194.041912] pstate: 60000005 (nZCv daif -PAN -UAO)
[  194.044633] pc : 0x0
[  194.045156] lr : udp_send_skb.isra.0+0x11c/0x368
[  194.047783] sp : ffff800011f83b20
[  194.049464] x29: ffff800011f83b20 x28: 000000000000001a 
[  194.053425] x27: ffff800011f83d80 x26: 0000000000000011 
[  194.055422] x25: 0000000000000012 x24: ffff0000782a8424 
[  194.056707] x23: ffff800011f83c30 x22: ffff00007aa4ea40 
[  194.057003] x21: 0000000000000011 x20: 000000000000001a 
[  194.057340] x19: ffff000079486800 x18: 0000000000000000 
[  194.057875] x17: 0000000000000000 x16: 0000000000000000 
[  194.058328] x15: 0000000000000001 x14: 0000000000000000 
[  194.058679] x13: 0000000000000006 x12: 000000000000003c 
[  194.059668] x11: ffff0000714c0000 x10: 0000000000000000 
[  194.060066] x9 : ffff000078087d40 x8 : 0000000000000028 
[  194.060921] x7 : ffff00007949e000 x6 : 0000000022100000 
[  194.062743] x5 : 0000000000000000 x4 : ffff00007949e000 
[  194.064453] x3 : 00000000000003e8 x2 : 0000000000000000 
[  194.067141] x1 : 0000000000000000 x0 : 0000000000000000 
[  194.070594] Call trace:
[  194.071789]  0x0
[  194.074635]  udp_sendmsg+0x710/0x860
[  194.074871]  inet_sendmsg+0x40/0x68
[  194.075077]  __sys_sendto+0xd4/0x150
[  194.078510]  __arm64_sys_sendto+0x24/0x30
[  194.081225]  el0_svc_common.constprop.0+0x68/0x160
[  194.082378]  el0_svc_handler+0x20/0x80
[  194.082694]  el0_svc+0x8/0xc
[  194.084576] Code: bad PC value
[  194.087306] ---[ end trace fc29717e3fd77fbc ]---
