[  193.055153] Unable to handle kernel NULL pointer dereference at virtual address 0000000000000010
[  193.067603] Mem abort info:
[  193.068683]   ESR = 0x96000006
[  193.069612]   EC = 0x25: DABT (current EL), IL = 32 bits
[  193.070514]   SET = 0, FnV = 0
[  193.073874]   EA = 0, S1PTW = 0
[  193.075285] Data abort info:
[  193.075994]   ISV = 0, ISS = 0x00000006
[  193.080898]   CM = 0, WnR = 0
[  193.087776] user pgtable: 4k pages, 48-bit VAs, pgdp=00000000b963c000
[  193.092579] [0000000000000010] pgd=00000000b108f003, pud=00000000b95af003, pmd=0000000000000000
[  193.107673] Internal error: Oops: 96000006 [#1] PREEMPT SMP
[  193.111793] Modules linked in:
[  193.115718] CPU: 4 PID: 491 Comm: python3 Not tainted 5.4.18 #2
[  193.117340] Hardware name: linux,dummy-virt (DT)
[  193.124258] pstate: 00000005 (nzcv daif -PAN -UAO)
[  193.130219] pc : __qdisc_run+0x38/0x5f0
[  193.132528] lr : __dev_queue_xmit+0x7ac/0x7f0
[  193.133928] sp : ffff800011f13880
[  193.134998] x29: ffff800011f13880 x28: 000000000000001a 
[  193.135854] x27: ffff00007958b728 x26: 0000000000000011 
[  193.136421] x25: ffff00007a8d2a00 x24: ffff00007a8d2a00 
[  193.137018] x23: 00000000000000e8 x22: 0000000000000080 
[  193.141822] x21: 0000000000000040 x20: 0000000000000000 
[  193.143770] x19: 0000000000000000 x18: 0000000000000000 
[  193.146119] x17: 0000000000000000 x16: 0000000000000000 
[  193.147961] x15: 0000000000000001 x14: 0000000000000000 
[  193.150875] x13: 0000000000000006 x12: 000000000000003c 
[  193.161431] x11: ffff000075e85000 x10: 0000000000000000 
[  193.170236] x9 : ffff00007a8d2a00 x8 : 0000000000000028 
[  193.175188] x7 : 0000000000000200 x6 : 0000000022100000 
[  193.178567] x5 : 00000000b8316802 x4 : 0000000000000100 
[  193.186999] x3 : 000000000000004f x2 : ffff8000117bf000 
[  193.195662] x1 : 0000000000000000 x0 : 0000000000000000 
[  193.205932] Call trace:
[  193.230161]  __qdisc_run+0x38/0x5f0
[  193.232648]  __dev_queue_xmit+0x7ac/0x7f0
[  193.234488]  dev_queue_xmit+0x10/0x18
[  193.235587]  ip_finish_output2+0x31c/0x588
[  193.236164]  __ip_finish_output+0x1b0/0x1e0
[  193.237999]  ip_output+0xf4/0x1b0
[  193.243650]  ip_local_out+0x44/0x58
[  193.251213]  ip_send_skb+0x1c/0xa8
[  193.262296]  udp_send_skb.isra.0+0x11c/0x368
[  193.277264]  udp_sendmsg+0x710/0x860
[  193.293804]  inet_sendmsg+0x40/0x68
[  193.299689]  __sys_sendto+0xd4/0x150
[  193.310343]  __arm64_sys_sendto+0x24/0x30
[  193.319129]  el0_svc_common.constprop.0+0x68/0x160
[  193.324381]  el0_svc_handler+0x20/0x80
[  193.328488]  el0_svc+0x8/0xc
[  193.345928] Code: d5384118 a9046bf9 aa1803f9 a90573fb (b9401261) 
[  193.381460] ---[ end trace c331ba1d00632296 ]---
[  193.402946] Kernel panic - not syncing: Fatal exception in interrupt
[  193.412950] SMP: stopping secondary CPUs
[  193.425024] Kernel Offset: disabled
[  193.427528] CPU features: 0x0002,20006000
[  193.430274] Memory Limit: none
[  193.433657] ---[ end Kernel panic - not syncing: Fatal exception in interrupt ]---
