[  197.833298] Kernel panic - not syncing: stack-protector: Kernel stack is corrupted in: sch_direct_xmit+0x33c/0x340
[  197.841474] CPU: 6 PID: 494 Comm: python3 Not tainted 5.4.18 #2
[  197.843069] Hardware name: linux,dummy-virt (DT)
[  197.845206] Call trace:
[  197.846234]  dump_backtrace+0x0/0x140
[  197.847203]  show_stack+0x14/0x20
[  197.848021]  dump_stack+0xb4/0xf8
[  197.848680]  panic+0x158/0x324
[  197.848962]  __stack_chk_fail+0x1c/0x20
[  197.849264]  sch_direct_xmit+0x33c/0x340
[  197.849573]  __dev_queue_xmit+0x67c/0x7f0
[  197.849880]  dev_queue_xmit+0x10/0x18
[  197.850248]  ip_finish_output2+0x31c/0x588
[  197.850727]  __ip_finish_output+0x1b0/0x1e0
[  197.851069]  ip_output+0xf4/0x1b0
[  197.851347]  ip_local_out+0x44/0x58
[  197.851891]  ip_send_skb+0x1c/0xa8
[  197.852220]  udp_send_skb.isra.0+0x11c/0x368
[  197.852676]  udp_sendmsg+0x710/0x860
[  197.853322]  inet_sendmsg+0x40/0x68
[  197.854192]  __sys_sendto+0xd4/0x150
[  197.855053]  __arm64_sys_sendto+0x24/0x30
[  197.856035]  el0_svc_common.constprop.0+0x68/0x160
[  197.857672]  el0_svc_handler+0x20/0x80
[  197.858586]  el0_svc+0x8/0xc
[  197.864571] SMP: stopping secondary CPUs
[  197.869922] Kernel Offset: disabled
[  197.871933] CPU features: 0x0002,20006000
[  197.873939] Memory Limit: none
[  197.877681] ---[ end Kernel panic - not syncing: stack-protector: Kernel stack is corrupted in: sch_direct_xmit+0x33c/0x340 ]---
