[  193.165881] Kernel panic - not syncing: stack-protector: Kernel stack is corrupted in: __dev_queue_xmit+0x7d8/0x7f0
[  193.179634] CPU: 5 PID: 488 Comm: python3 Not tainted 5.4.18 #2
[  193.183686] Hardware name: linux,dummy-virt (DT)
[  193.187362] Call trace:
[  193.191266]  dump_backtrace+0x0/0x140
[  193.193183]  show_stack+0x14/0x20
[  193.194533]  dump_stack+0xb4/0xf8
[  193.196034]  panic+0x158/0x324
[  193.196581]  __stack_chk_fail+0x1c/0x20
[  193.197652]  __dev_queue_xmit+0x7d8/0x7f0
[  193.198624]  dev_queue_xmit+0x10/0x18
[  193.200015]  neigh_resolve_output+0xec/0x198
[  193.202515]  ip_finish_output2+0x168/0x588
[  193.202866]  __ip_finish_output+0x1b0/0x1e0
[  193.203179]  ip_output+0xf4/0x1b0
[  193.203440]  ip_local_out+0x44/0x58
[  193.203893]  ip_send_skb+0x1c/0xa8
[  193.205108]  udp_send_skb.isra.0+0x11c/0x368
[  193.206120]  udp_sendmsg+0x710/0x860
[  193.206417]  inet_sendmsg+0x40/0x68
[  193.206698]  __sys_sendto+0xd4/0x150
[  193.206976]  __arm64_sys_sendto+0x24/0x30
[  193.207569]  el0_svc_common.constprop.0+0x68/0x160
[  193.208205]  el0_svc_handler+0x20/0x80
[  193.208632]  el0_svc+0x8/0xc
[  193.211569] SMP: stopping secondary CPUs
[  193.213502] Kernel Offset: disabled
[  193.214003] CPU features: 0x0002,20006000
[  193.214403] Memory Limit: none
[  193.216804] ---[ end Kernel panic - not syncing: stack-protector: Kernel stack is corrupted in: __dev_queue_xmit+0x7d8/0x7f0 ]---
