[  193.032489] Unable to handle kernel NULL pointer dereference at virtual address 0000000000000090
[  193.049695] Mem abort info:
[  193.050533]   ESR = 0x96000006
[  193.051038]   EC = 0x25: DABT (current EL), IL = 32 bits
[  193.051642]   SET = 0, FnV = 0
[  193.052961]   EA = 0, S1PTW = 0
[  193.056018] Data abort info:
[  193.061206]   ISV = 0, ISS = 0x00000006
[  193.063183]   CM = 0, WnR = 0
[  193.071491] user pgtable: 4k pages, 48-bit VAs, pgdp=00000000b242e000
[  193.075688] [0000000000000090] pgd=00000000b273a003, pud=00000000b273b003, pmd=0000000000000000
[  193.098267] Internal error: Oops: 96000006 [#1] PREEMPT SMP
[  193.101970] Modules linked in:
[  193.112159] CPU: 4 PID: 491 Comm: python3 Not tainted 5.4.18 #2
[  193.122559] Hardware name: linux,dummy-virt (DT)
[  193.128064] pstate: 60000005 (nZCv daif -PAN -UAO)
[  193.148443] pc : dev_hard_start_xmit+0xec/0x158
[  193.154926] lr : sch_direct_xmit+0x120/0x340
[  193.155758] sp : ffff800011f93810
[  193.156590] x29: ffff800011f93810 x28: 0000000000000000 
[  193.158944] x27: 0000000000000000 x26: 0000000000000090 
[  193.163341] x25: ffff8000117b7000 x24: 0000000000000000 
[  193.164362] x23: ffff8000117bf958 x22: ffff8000117bf148 
[  193.173545] x21: ffff00007a703200 x20: ffff800011406c62 
[  193.176667] x19: ffff000076d4d000 x18: 0000000000000000 
[  193.179713] x17: 0000000000000000 x16: 0000000000000000 
[  193.183300] x15: 0000000000000001 x14: 0000000000000000 
[  193.185712] x13: 0000000000000006 x12: 00000000c0a80164 
[  193.186433] x11: 0000000000000000 x10: 0000000000000068 
[  193.187009] x9 : ffff00007b2bb800 x8 : 0000000000000000 
[  193.187681] x7 : fffffdffbfef3080 x6 : 0000000000000010 
[  193.188371] x5 : 0000000000000001 x4 : 0000000000000000 
[  193.191928] x3 : ffff8000117bf958 x2 : ffff00007a703200 
[  193.193213] x1 : 0000000000000000 x0 : ffff000076d4d000 
[  193.195368] Call trace:
[  193.195768]  dev_hard_start_xmit+0xec/0x158
[  193.196123]  sch_direct_xmit+0x120/0x340
[  193.197650]  __dev_queue_xmit+0x67c/0x7f0
[  193.201547]  dev_queue_xmit+0x10/0x18
[  193.205341]  ip_finish_output2+0x31c/0x588
[  193.207699]  __ip_finish_output+0x1b0/0x1e0
[  193.210087]  ip_output+0xf4/0x1b0
[  193.211531]  ip_local_out+0x44/0x58
[  193.213304]  ip_send_skb+0x1c/0xa8
[  193.215824]  udp_send_skb.isra.0+0x11c/0x368
[  193.217160]  udp_sendmsg+0x710/0x860
[  193.218609]  inet_sendmsg+0x40/0x68
[  193.219366]  __sys_sendto+0xd4/0x150
[  193.220012]  __arm64_sys_sendto+0x24/0x30
[  193.220433]  el0_svc_common.constprop.0+0x68/0x160
[  193.221824]  el0_svc_handler+0x20/0x80
[  193.225028]  el0_svc+0x8/0xc
[  193.234162] Code: aa1b03e0 a94573fb a8c77bfd d65f03c0 (f9404b83) 
[  193.248364] ---[ end trace 8124728654a9d9f3 ]---
[  193.253931] Kernel panic - not syncing: Fatal exception in interrupt
[  193.261841] SMP: stopping secondary CPUs
[  193.280837] Kernel Offset: disabled
[  193.281869] CPU features: 0x0002,20006000
[  193.283453] Memory Limit: none
[  193.287104] ---[ end Kernel panic - not syncing: Fatal exception in interrupt ]---
