[  194.098130] Unable to handle kernel NULL pointer dereference at virtual address 0000000000000472
[  194.108778] Mem abort info:
[  194.112979]   ESR = 0x96000006
[  194.119835]   EC = 0x25: DABT (current EL), IL = 32 bits
[  194.126164]   SET = 0, FnV = 0
[  194.131892]   EA = 0, S1PTW = 0
[  194.138380] Data abort info:
[  194.140608]   ISV = 0, ISS = 0x00000006
[  194.147061]   CM = 0, WnR = 0
[  194.150912] user pgtable: 4k pages, 48-bit VAs, pgdp=00000000b1b98000
[  194.151568] [0000000000000472] pgd=00000000b93b8003, pud=00000000b90f0003, pmd=0000000000000000
[  194.153552] Internal error: Oops: 96000006 [#1] PREEMPT SMP
[  194.154481] Modules linked in:
[  194.156896] CPU: 2 PID: 495 Comm: python3 Not tainted 5.4.18 #2
[  194.158309] Hardware name: linux,dummy-virt (DT)
[  194.160094] pstate: 80000005 (Nzcv daif -PAN -UAO)
[  194.164954] pc : sch_direct_xmit+0x94/0x340
[  194.165624] lr : sch_direct_xmit+0x13c/0x340
[  194.165924] sp : ffff800011ef3880
[  194.166164] x29: ffff800011ef3880 x28: 000000000000001a 
[  194.166652] x27: ffff000079afdf28 x26: 0000000000000011 
[  194.166959] x25: 0000000000000002 x24: ffff00007383b800 
[  194.167304] x23: ffff00007a57a000 x22: ffff00007989c400 
[  194.167645] x21: 0000000000000000 x20: 0000000000000000 
[  194.167986] x19: ffff00007186e800 x18: 0000000000000000 
[  194.168322] x17: 0000000000000000 x16: 0000000000000000 
[  194.168647] x15: 0000000000000001 x14: 0000000000000000 
[  194.168944] x13: 0000000000000006 x12: 000000000000003c 
[  194.169546] x11: ffff000076fc7000 x10: 0000000000000000 
[  194.171860] x9 : ffff00007383b800 x8 : 0000000000000028 
[  194.176295] x7 : 0000000000000200 x6 : 0000000022100000 
[  194.181303] x5 : 00000000b830b802 x4 : 0000000000000100 
[  194.184268] x3 : 0000000000000045 x2 : 0000000000003818 
[  194.199432] x1 : 736e028c8d2e3d00 x0 : 0000000000000001 
[  194.208209] Call trace:
[  194.215189]  sch_direct_xmit+0x94/0x340
[  194.216473]  __dev_queue_xmit+0x67c/0x7f0
[  194.218460]  dev_queue_xmit+0x10/0x18
[  194.219665]  ip_finish_output2+0x31c/0x588
[  194.220525]  __ip_finish_output+0x1b0/0x1e0
[  194.227626]  ip_output+0xf4/0x1b0
[  194.228055]  ip_local_out+0x44/0x58
[  194.230930]  ip_send_skb+0x1c/0xa8
[  194.231444]  udp_send_skb.isra.0+0x11c/0x368
[  194.239719]  udp_sendmsg+0x710/0x860
[  194.246433]  inet_sendmsg+0x40/0x68
[  194.247888]  __sys_sendto+0xd4/0x150
[  194.251535]  __arm64_sys_sendto+0x24/0x30
[  194.263084]  el0_svc_common.constprop.0+0x68/0x160
[  194.273603]  el0_svc_handler+0x20/0x80
[  194.274030]  el0_svc+0x8/0xc
[  194.295062] Code: 7100381f 540005ec 52800020 f94037e1 (f9423b22) 
[  194.323477] ---[ end trace 5230ed156734eb9b ]---
[  194.335328] Kernel panic - not syncing: Fatal exception in interrupt
[  194.351344] SMP: stopping secondary CPUs
[  194.362509] Kernel Offset: disabled
[  194.365526] CPU features: 0x0002,20006000
[  194.368603] Memory Limit: none
[  194.374197] ---[ end Kernel panic - not syncing: Fatal exception in interrupt ]---
