[  192.776755] Kernel panic - not syncing: stack-protector: Kernel stack is corrupted in: sch_direct_xmit+0x33c/0x340
[  192.783585] CPU: 6 PID: 495 Comm: python3 Not tainted 5.4.18 #2
[  192.786665] Hardware name: linux,dummy-virt (DT)
[  192.790764] Call trace:
[  192.793215]  dump_backtrace+0x0/0x140
[  192.794272]  show_stack+0x14/0x20
[  192.795058]  dump_stack+0xb4/0xf8
[  192.796006]  panic+0x158/0x324
[  192.796727]  __stack_chk_fail+0x1c/0x20
[  192.797760]  sch_direct_xmit+0x33c/0x340
[  192.798774]  __dev_queue_xmit+0x67c/0x7f0
[  192.800248]  dev_queue_xmit+0x10/0x18
[  192.801048]  neigh_resolve_output+0xec/0x198
[  192.802054]  ip_finish_output2+0x168/0x588
[  192.802897]  __ip_finish_output+0x1b0/0x1e0
[  192.803802]  ip_output+0xf4/0x1b0
[  192.804524]  ip_local_out+0x44/0x58
[  192.805328]  ip_send_skb+0x1c/0xa8
[  192.807594]  udp_send_skb.isra.0+0x11c/0x368
[  192.808919]  udp_sendmsg+0x710/0x860
[  192.809633]  inet_sendmsg+0x40/0x68
[  192.810484]  __sys_sendto+0xd4/0x150
[  192.811245]  __arm64_sys_sendto+0x24/0x30
[  192.812089]  el0_svc_common.constprop.0+0x68/0x160
[  192.812954]  el0_svc_handler+0x20/0x80
[  192.814659]  el0_svc+0x8/0xc
[  192.821174] SMP: stopping secondary CPUs
[  192.827721] Kernel Offset: disabled
[  192.829200] CPU features: 0x0002,20006000
[  192.831161] Memory Limit: none
[  192.836923] ---[ end Kernel panic - not syncing: stack-protector: Kernel stack is corrupted in: sch_direct_xmit+0x33c/0x340 ]---
