[  193.531324] Kernel panic - not syncing: stack-protector: Kernel stack is corrupted in: sch_direct_xmit+0x33c/0x340
[  193.540775] CPU: 2 PID: 493 Comm: python3 Not tainted 5.4.18 #2
[  193.542080] Hardware name: linux,dummy-virt (DT)
[  193.544527] Call trace:
[  193.546491]  dump_backtrace+0x0/0x140
[  193.547409]  show_stack+0x14/0x20
[  193.548055]  dump_stack+0xb4/0xf8
[  193.548658]  panic+0x158/0x324
[  193.549306]  __stack_chk_fail+0x1c/0x20
[  193.549979]  sch_direct_xmit+0x33c/0x340
[  193.550665]  __dev_queue_xmit+0x67c/0x7f0
[  193.551410]  dev_queue_xmit+0x10/0x18
[  193.552022]  ip_finish_output2+0x31c/0x588
[  193.552674]  __ip_finish_output+0x1b0/0x1e0
[  193.553395]  ip_output+0xf4/0x1b0
[  193.553968]  ip_local_out+0x44/0x58
[  193.554591]  ip_send_skb+0x1c/0xa8
[  193.555350]  udp_send_skb.isra.0+0x11c/0x368
[  193.556098]  udp_sendmsg+0x710/0x860
[  193.556743]  inet_sendmsg+0x40/0x68
[  193.557475]  __sys_sendto+0xd4/0x150
[  193.558380]  __arm64_sys_sendto+0x24/0x30
[  193.559175]  el0_svc_common.constprop.0+0x68/0x160
[  193.559989]  el0_svc_handler+0x20/0x80
[  193.560791]  el0_svc+0x8/0xc
[  193.565454] SMP: stopping secondary CPUs
[  193.569532] Kernel Offset: disabled
[  193.570737] CPU features: 0x0002,20006000
[  193.572039] Memory Limit: none
[  193.578005] ---[ end Kernel panic - not syncing: stack-protector: Kernel stack is corrupted in: sch_direct_xmit+0x33c/0x340 ]---
