[  192.714612] Unable to handle kernel NULL pointer dereference at virtual address 0000000000000010
[  192.725512] Mem abort info:
[  192.729211]   ESR = 0x96000006
[  192.735924]   EC = 0x25: DABT (current EL), IL = 32 bits
[  192.737621]   SET = 0, FnV = 0
[  192.738033]   EA = 0, S1PTW = 0
[  192.742408] Data abort info:
[  192.744724]   ISV = 0, ISS = 0x00000006
[  192.745960]   CM = 0, WnR = 0
[  192.749727] user pgtable: 4k pages, 48-bit VAs, pgdp=00000000b1701000
[  192.754833] [0000000000000010] pgd=00000000b1dbb003, pud=00000000b144f003, pmd=0000000000000000
[  192.762198] Internal error: Oops: 96000006 [#1] PREEMPT SMP
[  192.765529] Modules linked in:
[  192.768138] CPU: 7 PID: 494 Comm: python3 Not tainted 5.4.18 #2
[  192.772375] Hardware name: linux,dummy-virt (DT)
[  192.776011] pstate: 00000005 (nzcv daif -PAN -UAO)
[  192.782371] pc : __qdisc_run+0x38/0x5f0
[  192.783112] lr : __dev_queue_xmit+0x7ac/0x7f0
[  192.783482] sp : ffff800011fc3880
[  192.783787] x29: ffff800011fc3880 x28: 000000000000001a 
[  192.784643] x27: ffff0000782fcc28 x26: 0000000000000011 
[  192.785605] x25: ffff000079b46200 x24: ffff000079b46200 
[  192.791890] x23: 00000000000000e8 x22: 0000000000000080 
[  192.792490] x21: 0000000000000040 x20: 0000000000000000 
[  192.792987] x19: 0000000000000000 x18: 0000000000000000 
[  192.793533] x17: 0000000000000000 x16: 0000000000000000 
[  192.794129] x15: 0000000000000001 x14: 0000000000000000 
[  192.794640] x13: 0000000000000006 x12: 000000000000003c 
[  192.795019] x11: ffff000071645000 x10: 0000000000000000 
[  192.798145] x9 : ffff000079b46200 x8 : 0000000000000028 
[  192.799250] x7 : 0000000000000200 x6 : 0000000022100000 
[  192.800192] x5 : 00000000b82f8002 x4 : 0000000000000100 
[  192.808821] x3 : 000000000000004f x2 : ffff8000117bf000 
[  192.815486] x1 : 0000000000000000 x0 : 0000000000000000 
[  192.818612] Call trace:
[  192.820551]  __qdisc_run+0x38/0x5f0
[  192.828331]  __dev_queue_xmit+0x7ac/0x7f0
[  192.831593]  dev_queue_xmit+0x10/0x18
[  192.832238]  ip_finish_output2+0x31c/0x588
[  192.847251]  __ip_finish_output+0x1b0/0x1e0
[  192.851864]  ip_output+0xf4/0x1b0
[  192.854559]  ip_local_out+0x44/0x58
[  192.859427]  ip_send_skb+0x1c/0xa8
[  192.860578]  udp_send_skb.isra.0+0x11c/0x368
[  192.861443]  udp_sendmsg+0x710/0x860
[  192.863220]  inet_sendmsg+0x40/0x68
[  192.863800]  __sys_sendto+0xd4/0x150
[  192.865111]  __arm64_sys_sendto+0x24/0x30
[  192.865799]  el0_svc_common.constprop.0+0x68/0x160
[  192.866490]  el0_svc_handler+0x20/0x80
[  192.867011]  el0_svc+0x8/0xc
[  192.875404] Code: d5384118 a9046bf9 aa1803f9 a90573fb (b9401261) 
[  192.902783] ---[ end trace 907b9e584b536eff ]---
[  192.910400] Kernel panic - not syncing: Fatal exception in interrupt
[  192.925128] SMP: stopping secondary CPUs
[  192.929890] Kernel Offset: disabled
[  192.930908] CPU features: 0x0002,20006000
[  192.932752] Memory Limit: none
[  192.937809] ---[ end Kernel panic - not syncing: Fatal exception in interrupt ]---
