[  194.845801] Unable to handle kernel paging request at virtual address ffff800014b60e54
[  194.848218] Mem abort info:
[  194.849055]   ESR = 0x86000006
[  194.850434]   EC = 0x21: IABT (current EL), IL = 32 bits
[  194.855030]   SET = 0, FnV = 0
[  194.861954]   EA = 0, S1PTW = 0
[  194.867663] swapper pgtable: 4k pages, 48-bit VAs, pgdp=00000000412a6000
[  194.881807] [ffff800014b60e54] pgd=00000000bdfff003, pud=00000000bdffe003, pmd=0000000000000000
[  194.899436] Internal error: Oops: 86000006 [#1] PREEMPT SMP
[  194.906055] Modules linked in:
[  194.910752] CPU: 4 PID: 491 Comm: python3 Not tainted 5.4.18 #2
[  194.912580] Hardware name: linux,dummy-virt (DT)
[  194.915245] pstate: 00000005 (nzcv daif -PAN -UAO)
[  194.916860] pc : 0xffff800014b60e54
[  194.917215] lr : sch_direct_xmit+0xc/0x340
[  194.917598] sp : ffff800011f63880
[  194.917983] x29: ffff800011f638f0 x28: 000000000000001a 
[  194.918571] x27: ffff00007abd0e28 x26: 0000000000000011 
[  194.919447] x25: ffff000078064ec8 x24: ffff000071c83504 
[  194.920579] x23: ffff0000798e9000 x22: ffff00007abfb800 
[  194.921386] x21: ffff000071c83400 x20: 0000000000000000 
[  194.922514] x19: ffff00007abd0e00 x18: 0000000000000000 
[  194.922911] x17: 0000000000000000 x16: 0000000000000000 
[  194.923592] x15: 0000000000000001 x14: 0000000000000000 
[  194.925972] x13: 0000000000000006 x12: 00000000c0a80164 
[  194.928478] x11: 0000000000000000 x10: 0000000000000068 
[  194.930744] x9 : ffff00007abfb800 x8 : 0000000000000001 
[  194.932931] x7 : fffffdffbfee8580 x6 : 0000000000000010 
[  194.935379] x5 : 0000000000000001 x4 : 0000000000000000 
[  194.938169] x3 : ffff0000798e9000 x2 : ffff00007a7ac000 
[  194.939696] x1 : ffff000071c83400 x0 : ffff00007abd0e00 
[  194.941810] Call trace:
[  194.942278]  0xffff800014b60e54
[  194.944000]  dev_queue_xmit+0x10/0x18
[  194.944918]  ip_finish_output2+0x31c/0x588
[  194.945985]  __ip_finish_output+0x1b0/0x1e0
[  194.946631]  ip_output+0xf4/0x1b0
[  194.947600]  ip_local_out+0x44/0x58
[  194.948516]  ip_send_skb+0x1c/0xa8
[  194.949000]  udp_send_skb.isra.0+0x11c/0x368
[  194.949549]  udp_sendmsg+0x710/0x860
[  194.949840]  inet_sendmsg+0x40/0x68
[  194.953089]  __sys_sendto+0xd4/0x150
[  194.954411]  __arm64_sys_sendto+0x24/0x30
[  194.954953]  el0_svc_common.constprop.0+0x68/0x160
[  194.955303]  el0_svc_handler+0x20/0x80
[  194.955584]  el0_svc+0x8/0xc
[  194.957253] Code: bad PC value
[  194.963333] ---[ end trace c2b6caacd0b50067 ]---
[  194.966140] Kernel panic - not syncing: Fatal exception in interrupt
[  194.967401] SMP: stopping secondary CPUs
[  194.969779] Kernel Offset: disabled
[  194.970481] CPU features: 0x0002,20006000
[  194.971109] Memory Limit: none
[  194.973785] ---[ end Kernel panic - not syncing: Fatal exception in interrupt ]---
