[  193.297094] Kernel panic - not syncing: stack-protector: Kernel stack is corrupted in: sch_direct_xmit+0x33c/0x340
[  193.300472] CPU: 2 PID: 499 Comm: python3 Not tainted 5.4.18 #2
[  193.301039] Hardware name: linux,dummy-virt (DT)
[  193.302042] Call trace:
[  193.302516]  dump_backtrace+0x0/0x140
[  193.303085]  show_stack+0x14/0x20
[  193.303625]  dump_stack+0xb4/0xf8
[  193.304072]  panic+0x158/0x324
[  193.304289]  __stack_chk_fail+0x1c/0x20
[  193.304521]  sch_direct_xmit+0x33c/0x340
[  193.304754]  __dev_queue_xmit+0x67c/0x7f0
[  193.304986]  dev_queue_xmit+0x10/0x18
[  193.305207]  ip_finish_output2+0x31c/0x588
[  193.305442]  __ip_finish_output+0x1b0/0x1e0
[  193.305678]  ip_output+0xf4/0x1b0
[  193.305880]  ip_local_out+0x44/0x58
[  193.306089]  ip_send_skb+0x1c/0xa8
[  193.306327]  udp_send_skb.isra.0+0x11c/0x368
[  193.306567]  udp_sendmsg+0x710/0x860
[  193.306798]  inet_sendmsg+0x40/0x68
[  193.307070]  __sys_sendto+0xd4/0x150
[  193.307463]  __arm64_sys_sendto+0x24/0x30
[  193.307797]  el0_svc_common.constprop.0+0x68/0x160
[  193.308465]  el0_svc_handler+0x20/0x80
[  193.308951]  el0_svc+0x8/0xc
[  193.311808] SMP: stopping secondary CPUs
[  193.313514] Kernel Offset: disabled
[  193.313898] CPU features: 0x0002,20006000
[  193.314201] Memory Limit: none
[  193.315960] ---[ end Kernel panic - not syncing: stack-protector: Kernel stack is corrupted in: sch_direct_xmit+0x33c/0x340 ]---
