[  193.114957] kernel BUG at arch/arm64/kernel/traps.c:405!
[  193.120505] Internal error: Oops - BUG: 0 [#1] PREEMPT SMP
[  193.121390] Modules linked in:
[  193.123533] CPU: 5 PID: 493 Comm: python3 Not tainted 5.4.18 #2
[  193.123996] Hardware name: linux,dummy-virt (DT)
[  193.124867] pstate: 00000005 (nzcv daif -PAN -UAO)
[  193.127896] pc : do_undefinstr+0x2ec/0x310
[  193.128325] lr : do_undefinstr+0x1e0/0x310
[  193.128583] sp : ffff800011d7b6a0
[  193.128802] x29: ffff800011d7b6a0 x28: ffff00007a917000 
[  193.129263] x27: ffff00007abfc628 x26: 0000000000000011 
[  193.129939] x25: 0000000000000012 x24: 0000000000000000 
[  193.130529] x23: 0000000000000005 x22: ffff800010b5fe84 
[  193.131225] x21: ffff800011d7b840 x20: ffff00007a917000 
[  193.132172] x19: ffff800011d7b700 x18: 0000000000000000 
[  193.132999] x17: 0000000000000000 x16: 0000000000000000 
[  193.133870] x15: 0000000000000001 x14: 0000000000000000 
[  193.134696] x13: 0000000000000006 x12: 00000000c0a80164 
[  193.135582] x11: 0000000000000000 x10: 0000000000000068 
[  193.136415] x9 : ffff00007a917000 x8 : 0000000000000001 
[  193.137431] x7 : fffffdffbfefe8c0 x6 : ffff800011d7b6f8 
[  193.138610] x5 : 00000000d5300000 x4 : ffff8000117c51f0 
[  193.139440] x3 : 00000000ae000000 x2 : 0000000000000000 
[  193.140307] x1 : ffff00007a917000 x0 : 0000000000000005 
[  193.141931] Call trace:
[  193.143419]  do_undefinstr+0x2ec/0x310
[  193.144376]  el1_undef+0x10/0x84
[  193.144632]  sch_direct_xmit+0x2c/0x340
[  193.144898]  __dev_queue_xmit+0x67c/0x7f0
[  193.145172]  dev_queue_xmit+0x10/0x18
[  193.145435]  neigh_resolve_output+0xec/0x198
[  193.145723]  ip_finish_output2+0x168/0x588
[  193.146005]  __ip_finish_output+0x1b0/0x1e0
[  193.146271]  ip_output+0xf4/0x1b0
[  193.146492]  ip_local_out+0x44/0x58
[  193.146699]  ip_send_skb+0x1c/0xa8
[  193.147054]  udp_send_skb.isra.0+0x11c/0x368
[  193.147603]  udp_sendmsg+0x710/0x860
[  193.150154]  inet_sendmsg+0x40/0x68
[  193.150595]  __sys_sendto+0xd4/0x150
[  193.151012]  __arm64_sys_sendto+0x24/0x30
[  193.151469]  el0_svc_common.constprop.0+0x68/0x160
[  193.152014]  el0_svc_handler+0x20/0x80
[  193.152591]  el0_svc+0x8/0xc
[  193.153753] Code: f9401bf7 17ffff7c a9025bf5 f9001bf7 (d4210000) 
[  193.157827] ---[ end trace 55115620fb9c660c ]---
[  193.159398] Kernel panic - not syncing: Fatal exception in interrupt
[  193.160186] SMP: stopping secondary CPUs
[  193.161700] Kernel Offset: disabled
[  193.162065] CPU features: 0x0002,20006000
[  193.162361] Memory Limit: none
[  193.163769] ---[ end Kernel panic - not syncing: Fatal exception in interrupt ]---
