[  196.251841] Unable to handle kernel NULL pointer dereference at virtual address 0000000000000470
[  196.282141] Mem abort info:
[  196.285580]   ESR = 0x96000006
[  196.288485]   EC = 0x25: DABT (current EL), IL = 32 bits
[  196.292765]   SET = 0, FnV = 0
[  196.295243]   EA = 0, S1PTW = 0
[  196.296563] Data abort info:
[  196.299855]   ISV = 0, ISS = 0x00000006
[  196.300577]   CM = 0, WnR = 0
[  196.302718] user pgtable: 4k pages, 48-bit VAs, pgdp=00000000b7140000
[  196.306511] [0000000000000470] pgd=00000000b13f9003, pud=00000000b1310003, pmd=0000000000000000
[  196.311843] Internal error: Oops: 96000006 [#1] PREEMPT SMP
[  196.314060] Modules linked in:
[  196.317837] CPU: 1 PID: 493 Comm: python3 Not tainted 5.4.18 #2
[  196.318877] Hardware name: linux,dummy-virt (DT)
[  196.320281] pstate: 40000005 (nZcv daif -PAN -UAO)
[  196.324704] pc : ip_finish_output2+0x184/0x588
[  196.325156] lr : ip_finish_output2+0x17c/0x588
[  196.326327] sp : ffff80001200b990
[  196.326829] x29: ffff80001200b990 x28: 000000000000001a 
[  196.328931] x27: ffff80001200bd80 x26: 0000000000000011 
[  196.329339] x25: 0000000000000012 x24: 0000000000000010 
[  196.329728] x23: 0000000000000000 x22: 0000000000000470 
[  196.330106] x21: ffff000078357b00 x20: ffff000078357b00 
[  196.330482] x19: 00000000101271d8 x18: 0000000000000000 
[  196.332610] x17: 0000000000000000 x16: 0000000000000000 
[  196.333002] x15: 0000000000000001 x14: 0000000000000000 
[  196.333550] x13: 0000000000000006 x12: 000000000000003c 
[  196.333952] x11: ffff000071191000 x10: 0000000000000000 
[  196.334330] x9 : ffff0000797be540 x8 : 0000000000000028 
[  196.335499] x7 : ffff00007abd4000 x6 : 0000000022100000 
[  196.336185] x5 : 0000000000000000 x4 : ffff00007abd4000 
[  196.336615] x3 : 00000000000003e8 x2 : ffff00007725b800 
[  196.337966] x1 : 0000000000000000 x0 : 9a7db4e127801500 
[  196.339787] Call trace:
[  196.339984]  ip_finish_output2+0x184/0x588
[  196.340146]  __ip_finish_output+0x1b0/0x1e0
[  196.340286]  ip_output+0xf4/0x1b0
[  196.340405]  ip_local_out+0x44/0x58
[  196.340527]  ip_send_skb+0x1c/0xa8
[  196.340664]  udp_send_skb.isra.0+0x11c/0x368
[  196.340811]  udp_sendmsg+0x710/0x860
[  196.341141]  inet_sendmsg+0x40/0x68
[  196.341495]  __sys_sendto+0xd4/0x150
[  196.341846]  __arm64_sys_sendto+0x24/0x30
[  196.342854]  el0_svc_common.constprop.0+0x68/0x160
[  196.343068]  el0_svc_handler+0x20/0x80
[  196.343247]  el0_svc+0x8/0xc
[  196.344336] Code: 9129f000 97d5c412 9111c2d6 f9402fe0 (f94002c1) 
[  196.345844] ---[ end trace 3f07751bb6fc083f ]---
