[  239.526309] kernel BUG at arch/arm64/kernel/traps.c:405!
[  239.531411] Internal error: Oops - BUG: 0 [#1] PREEMPT SMP
[  239.533076] Modules linked in:
[  239.538470] CPU: 6 PID: 0 Comm: swapper/6 Not tainted 5.4.18 #2
[  239.539111] Hardware name: linux,dummy-virt (DT)
[  239.541204] pstate: 00000005 (nzcv daif -PAN -UAO)
[  239.544676] pc : do_undefinstr+0x2ec/0x310
[  239.546236] lr : do_undefinstr+0x1e0/0x310
[  239.548614] sp : ffff800010033a10
[  239.549001] x29: ffff800010033a10 x28: ffff00007b0c6200 
[  239.549580] x27: ffff000076837b28 x26: 000000000f02000a 
[  239.550012] x25: 000000000202000a x24: 0000000000000000 
[  239.550507] x23: 0000000000000005 x22: ffff800010b5fe80 
[  239.550949] x21: ffff800010033bb0 x20: ffff00007b0c6200 
[  239.551777] x19: ffff800010033a70 x18: 0000000000000000 
[  239.552182] x17: 0000000000000000 x16: 0000000000000000 
[  239.552661] x15: 0000000000000000 x14: 003d090000000000 
[  239.553509] x13: 00001e8480000000 x12: 0000000000000000 
[  239.554164] x11: 00001e8480000000 x10: 0000000000024000 
[  239.554651] x9 : 0000000000000001 x8 : 0000000000000001 
[  239.555244] x7 : fffffdffbff149b0 x6 : 000000000000001f 
[  239.555769] x5 : 0000000000000000 x4 : ffff8000117c51f0 
[  239.556544] x3 : 0000000000000005 x2 : 0000000000000000 
[  239.556874] x1 : ffff00007b0c6200 x0 : 0000000000000005 
[  239.557512] Call trace:
[  239.557927]  do_undefinstr+0x2ec/0x310
[  239.558230]  el1_undef+0x10/0x84
[  239.558452]  sch_direct_xmit+0x28/0x340
[  239.560292]  __dev_queue_xmit+0x67c/0x7f0
[  239.560672]  dev_queue_xmit+0x10/0x18
[  239.561112]  arp_xmit+0x1c/0x48
[  239.561466]  arp_send_dst.part.0+0x60/0x88
[  239.561895]  arp_solicit+0x16c/0x220
[  239.562315]  neigh_probe+0x54/0x98
[  239.562805]  neigh_timer_handler+0xa4/0x288
[  239.563346]  call_timer_fn.isra.0+0x20/0x78
[  239.564093]  run_timer_softirq+0x1a0/0x410
[  239.564702]  __do_softirq+0x124/0x240
[  239.565239]  irq_exit+0xb8/0xd8
[  239.565621]  __handle_domain_irq+0x64/0xb8
[  239.566037]  gic_handle_irq+0x50/0xa0
[  239.566562]  el1_irq+0xb8/0x180
[  239.566998]  arch_cpu_idle+0x10/0x18
[  239.567339]  do_idle+0x204/0x288
[  239.567722]  cpu_startup_entry+0x24/0x40
[  239.568210]  secondary_start_kernel+0x154/0x190
[  239.569505] Code: f9401bf7 17ffff7c a9025bf5 f9001bf7 (d4210000) 
[  239.574944] ---[ end trace 799e932b3942ac07 ]---
[  239.575878] Kernel panic - not syncing: Fatal exception in interrupt
[  239.576512] SMP: stopping secondary CPUs
[  239.578157] Kernel Offset: disabled
[  239.578723] CPU features: 0x0002,20006000
[  239.579191] Memory Limit: none
[  239.580621] ---[ end Kernel panic - not syncing: Fatal exception in interrupt ]---
