[  193.283157] Kernel panic - not syncing: stack-protector: Kernel stack is corrupted in: sch_direct_xmit+0x33c/0x340
[  193.293634] CPU: 3 PID: 494 Comm: python3 Not tainted 5.4.18 #2
[  193.295250] Hardware name: linux,dummy-virt (DT)
[  193.297293] Call trace:
[  193.298274]  dump_backtrace+0x0/0x140
[  193.299412]  show_stack+0x14/0x20
[  193.300107]  dump_stack+0xb4/0xf8
[  193.301061]  panic+0x158/0x324
[  193.301627]  __stack_chk_fail+0x1c/0x20
[  193.302397]  sch_direct_xmit+0x33c/0x340
[  193.303673]  __dev_queue_xmit+0x67c/0x7f0
[  193.305470]  dev_queue_xmit+0x10/0x18
[  193.306545]  neigh_resolve_output+0xec/0x198
[  193.309339]  ip_finish_output2+0x168/0x588
[  193.310082]  __ip_finish_output+0x1b0/0x1e0
[  193.310779]  ip_output+0xf4/0x1b0
[  193.311440]  ip_local_out+0x44/0x58
[  193.312060]  ip_send_skb+0x1c/0xa8
[  193.312670]  udp_send_skb.isra.0+0x11c/0x368
[  193.313692]  udp_sendmsg+0x710/0x860
[  193.314487]  inet_sendmsg+0x40/0x68
[  193.315214]  __sys_sendto+0xd4/0x150
[  193.316242]  __arm64_sys_sendto+0x24/0x30
[  193.316970]  el0_svc_common.constprop.0+0x68/0x160
[  193.318040]  el0_svc_handler+0x20/0x80
[  193.318702]  el0_svc+0x8/0xc
[  193.327006] SMP: stopping secondary CPUs
[  193.332656] Kernel Offset: disabled
[  193.335232] CPU features: 0x0002,20006000
[  193.336278] Memory Limit: none
[  193.341711] ---[ end Kernel panic - not syncing: stack-protector: Kernel stack is corrupted in: sch_direct_xmit+0x33c/0x340 ]---
