[  192.947063] Unable to handle kernel paging request at virtual address 0000000300000001
[  192.965218] Mem abort info:
[  192.966259]   ESR = 0x96000005
[  192.967257]   EC = 0x25: DABT (current EL), IL = 32 bits
[  192.974450]   SET = 0, FnV = 0
[  192.975561]   EA = 0, S1PTW = 0
[  192.977485] Data abort info:
[  192.979643]   ISV = 0, ISS = 0x00000005
[  192.981536]   CM = 0, WnR = 0
[  192.984725] user pgtable: 4k pages, 48-bit VAs, pgdp=00000000b93c9000
[  192.987462] [0000000300000001] pgd=00000000b247e003, pud=0000000000000000
[  192.992800] Internal error: Oops: 96000005 [#1] PREEMPT SMP
[  192.994440] Modules linked in:
[  192.999877] CPU: 3 PID: 494 Comm: python3 Not tainted 5.4.18 #2
[  193.004987] Hardware name: linux,dummy-virt (DT)
[  193.007622] pstate: 20000005 (nzCv daif -PAN -UAO)
[  193.010356] pc : __qdisc_run+0x168/0x5f0
[  193.010758] lr : __dev_queue_xmit+0x7ac/0x7f0
[  193.011129] sp : ffff800011da3880
[  193.011502] x29: ffff800011da3880 x28: 0000000300000001 
[  193.012010] x27: 0000000000000000 x26: 0000000000000011 
[  193.013245] x25: ffff00007b1cd400 x24: ffff00007b1cd400 
[  193.013933] x23: ffff00007b1cd4e8 x22: ffff00007b1cd480 
[  193.014453] x21: 0000000000000040 x20: ffff800010c660b8 
[  193.014965] x19: ffff00007b1cd400 x18: 0000000000000000 
[  193.016146] x17: 0000000000000000 x16: 0000000000000000 
[  193.017274] x15: 0000000000000001 x14: 0000000000000000 
[  193.017839] x13: 0000000000000006 x12: 000000000000003c 
[  193.018146] x11: ffff00007a869000 x10: 0000000000000000 
[  193.018583] x9 : ffff00007b1cd400 x8 : 0000000000000028 
[  193.018888] x7 : 0000000000000200 x6 : 0000000022100000 
[  193.019521] x5 : 00000000ba95a802 x4 : 0000000000000100 
[  193.019811] x3 : 0000000000000054 x2 : ffff8000117bf000 
[  193.020117] x1 : 0000000000000401 x0 : ffff00007b1cd400 
[  193.021788] Call trace:
[  193.025158]  __qdisc_run+0x168/0x5f0
[  193.025331]  __dev_queue_xmit+0x7ac/0x7f0
[  193.025477]  dev_queue_xmit+0x10/0x18
[  193.025638]  ip_finish_output2+0x31c/0x588
[  193.025857]  __ip_finish_output+0x1b0/0x1e0
[  193.026594]  ip_output+0xf4/0x1b0
[  193.027237]  ip_local_out+0x44/0x58
[  193.027555]  ip_send_skb+0x1c/0xa8
[  193.027767]  udp_send_skb.isra.0+0x11c/0x368
[  193.028213]  udp_sendmsg+0x710/0x860
[  193.029539]  inet_sendmsg+0x40/0x68
[  193.029876]  __sys_sendto+0xd4/0x150
[  193.030171]  __arm64_sys_sendto+0x24/0x30
[  193.030911]  el0_svc_common.constprop.0+0x68/0x160
[  193.031440]  el0_svc_handler+0x20/0x80
[  193.033758]  el0_svc+0x8/0xc
[  193.039668] Code: d65f03c0 374006c1 d280001b b4fff754 (f9400380) 
[  193.049364] ---[ end trace ac8e788269aa8d09 ]---
[  193.051516] Kernel panic - not syncing: Fatal exception in interrupt
[  193.056788] SMP: stopping secondary CPUs
[  193.066333] Kernel Offset: disabled
[  193.067519] CPU features: 0x0002,20006000
[  193.068630] Memory Limit: none
[  193.071239] ---[ end Kernel panic - not syncing: Fatal exception in interrupt ]---
