[  194.313213] kernel BUG at arch/arm64/kernel/traps.c:405!
[  194.321296] Internal error: Oops - BUG: 0 [#1] PREEMPT SMP
[  194.323821] Modules linked in:
[  194.330400] CPU: 6 PID: 492 Comm: python3 Not tainted 5.4.18 #2
[  194.331499] Hardware name: linux,dummy-virt (DT)
[  194.332687] pstate: 00000005 (nzcv daif -PAN -UAO)
[  194.335043] pc : do_undefinstr+0x2ec/0x310
[  194.335386] lr : do_undefinstr+0x1e0/0x310
[  194.335723] sp : ffff800011d436e0
[  194.336033] x29: ffff800011d436e0 x28: ffff00007a8f7000 
[  194.336531] x27: ffff0000797e9828 x26: 0000000000000011 
[  194.336918] x25: 0000000000000001 x24: 0000000000000000 
[  194.337306] x23: 0000000000000005 x22: ffff800010b5fea0 
[  194.337692] x21: ffff800011d43880 x20: ffff00007a8f7000 
[  194.338108] x19: ffff800011d43740 x18: 0000000000000000 
[  194.338576] x17: 0000000000000000 x16: 0000000000000000 
[  194.338959] x15: 0000000000000001 x14: 0000000000000000 
[  194.339659] x13: 0000000000000006 x12: 00000000c0a80164 
[  194.340988] x11: 0000000000000000 x10: 0000000000000068 
[  194.341932] x9 : ffff00007a8f7000 x8 : 0000000000000000 
[  194.342833] x7 : fffffdffbff1efe0 x6 : ffff800011d43738 
[  194.343757] x5 : 00000000d5300000 x4 : ffff8000117c51f0 
[  194.344691] x3 : 00000000bb000000 x2 : 0000000000000000 
[  194.345659] x1 : ffff00007a8f7000 x0 : 0000000000000005 
[  194.347463] Call trace:
[  194.347866]  do_undefinstr+0x2ec/0x310
[  194.348211]  el1_undef+0x10/0x84
[  194.348495]  sch_direct_xmit+0x48/0x340
[  194.348800]  __dev_queue_xmit+0x67c/0x7f0
[  194.349127]  dev_queue_xmit+0x10/0x18
[  194.349447]  ip_finish_output2+0x31c/0x588
[  194.349761]  __ip_finish_output+0x1b0/0x1e0
[  194.350076]  ip_output+0xf4/0x1b0
[  194.350342]  ip_local_out+0x44/0x58
[  194.350642]  ip_send_skb+0x1c/0xa8
[  194.350932]  udp_send_skb.isra.0+0x11c/0x368
[  194.351259]  udp_sendmsg+0x710/0x860
[  194.351572]  inet_sendmsg+0x40/0x68
[  194.351855]  __sys_sendto+0xd4/0x150
[  194.352138]  __arm64_sys_sendto+0x24/0x30
[  194.352464]  el0_svc_common.constprop.0+0x68/0x160
[  194.352937]  el0_svc_handler+0x20/0x80
[  194.353234]  el0_svc+0x8/0xc
[  194.354117] Code: f9401bf7 17ffff7c a9025bf5 f9001bf7 (d4210000) 
[  194.362043] ---[ end trace da726a52a1fc2fb4 ]---
[  194.364031] Kernel panic - not syncing: Fatal exception in interrupt
[  194.364905] SMP: stopping secondary CPUs
[  194.366649] Kernel Offset: disabled
[  194.367178] CPU features: 0x0002,20006000
[  194.367629] Memory Limit: none
[  194.369099] ---[ end Kernel panic - not syncing: Fatal exception in interrupt ]---
