[  192.536753] Unable to handle kernel paging request at virtual address ffff800011406960
[  192.546450] Mem abort info:
[  192.551337]   ESR = 0x96000046
[  192.552483]   EC = 0x25: DABT (current EL), IL = 32 bits
[  192.558189]   SET = 0, FnV = 0
[  192.559884]   EA = 0, S1PTW = 0
[  192.564215] Data abort info:
[  192.567380]   ISV = 0, ISS = 0x00000046
[  192.568226]   CM = 0, WnR = 1
[  192.571196] swapper pgtable: 4k pages, 48-bit VAs, pgdp=00000000412a6000
[  192.576577] [ffff800011406960] pgd=00000000bdfff003, pud=00000000bdffe003, pmd=0000000000000000
[  192.586235] Internal error: Oops: 96000046 [#1] PREEMPT SMP
[  192.595800] Modules linked in:
[  192.607828] CPU: 7 PID: 494 Comm: python3 Not tainted 5.4.18 #2
[  192.610489] Hardware name: linux,dummy-virt (DT)
[  192.618112] pstate: 00000005 (nzcv daif -PAN -UAO)
[  192.630129] pc : queued_spin_lock_slowpath+0x270/0x3b8
[  192.631366] lr : _raw_spin_lock+0x5c/0x68
[  192.632133] sp : ffff800011f2b850
[  192.634309] x29: ffff800011f2b850 x28: 000000000000001a 
[  192.635698] x27: ffff000076d95f28 x26: 0000000000000011 
[  192.636799] x25: 0000000000000007 x24: ffff00007a46d400 
[  192.638467] x23: ffff00007b3f2000 x22: ffff00007b3e7e00 
[  192.639825] x21: 0000000000000000 x20: ffff000076d95f00 
[  192.641455] x19: ffff00007146dc00 x18: 0000000000000000 
[  192.643164] x17: 0000000000000000 x16: 0000000000000000 
[  192.644232] x15: 0000000000000001 x14: 0000000000000000 
[  192.645979] x13: 0000000000000006 x12: 00000000c0a80164 
[  192.647166] x11: 0000000000000000 x10: 0000000000000000 
[  192.648573] x9 : 0000000000000000 x8 : ffff00007dbe1940 
[  192.651413] x7 : ffff00007a46d400 x6 : ffff800011406940 
[  192.653075] x5 : ffff00007dbe1940 x4 : ffff800011406960 
[  192.655259] x3 : ffff00007b467e00 x2 : ffff800011406960 
[  192.656099] x1 : 0000000000200000 x0 : ffff00007dbe1948 
[  192.663185] Call trace:
[  192.666263]  queued_spin_lock_slowpath+0x270/0x3b8
[  192.670363]  _raw_spin_lock+0x5c/0x68
[  192.674228]  sch_direct_xmit+0xfc/0x340
[  192.675092]  __dev_queue_xmit+0x67c/0x7f0
[  192.676134]  dev_queue_xmit+0x10/0x18
[  192.680461]  ip_finish_output2+0x31c/0x588
[  192.688650]  __ip_finish_output+0x1b0/0x1e0
[  192.692074]  ip_output+0xf4/0x1b0
[  192.694959]  ip_local_out+0x44/0x58
[  192.695383]  ip_send_skb+0x1c/0xa8
[  192.695905]  udp_send_skb.isra.0+0x11c/0x368
[  192.696553]  udp_sendmsg+0x710/0x860
[  192.699158]  inet_sendmsg+0x40/0x68
[  192.704131]  __sys_sendto+0xd4/0x150
[  192.713215]  __arm64_sys_sendto+0x24/0x30
[  192.717364]  el0_svc_common.constprop.0+0x68/0x160
[  192.718469]  el0_svc_handler+0x20/0x80
[  192.718870]  el0_svc+0x8/0xc
[  192.723278] Code: 91002100 8b0400c4 f862d94a aa0403e2 (f82a6848) 
[  192.741224] ---[ end trace a390f221141bbaf9 ]---
[  192.750134] Kernel panic - not syncing: Fatal exception in interrupt
[  192.755523] SMP: stopping secondary CPUs
[  192.761121] Kernel Offset: disabled
[  192.764185] CPU features: 0x0002,20006000
[  192.765416] Memory Limit: none
[  192.767327] ---[ end Kernel panic - not syncing: Fatal exception in interrupt ]---
