[  194.821605] Unable to handle kernel paging request at virtual address 0000000000014c61
[  194.827714] Mem abort info:
[  194.828300]   ESR = 0x96000006
[  194.829191]   EC = 0x25: DABT (current EL), IL = 32 bits
[  194.829807]   SET = 0, FnV = 0
[  194.831518]   EA = 0, S1PTW = 0
[  194.831870] Data abort info:
[  194.832204]   ISV = 0, ISS = 0x00000006
[  194.832476]   CM = 0, WnR = 0
[  194.833156] user pgtable: 4k pages, 48-bit VAs, pgdp=00000000b3e77000
[  194.835713] [0000000000014c61] pgd=00000000b1b89003, pud=00000000b1a46003, pmd=0000000000000000
[  194.845583] Internal error: Oops: 96000006 [#1] PREEMPT SMP
[  194.851537] Modules linked in:
[  194.878507] CPU: 2 PID: 494 Comm: python3 Not tainted 5.4.18 #2
[  194.880316] Hardware name: linux,dummy-virt (DT)
[  194.884281] pstate: 00000005 (nzcv daif -PAN -UAO)
[  194.892395] pc : __netif_schedule+0x20/0xc8
[  194.894164] lr : sch_direct_xmit+0x1e8/0x340
[  194.897649] sp : ffff800011f3b850
[  194.898790] x29: ffff800011f3b850 x28: 000000000000001a 
[  194.902090] x27: ffff00007b246428 x26: 0000000000000011 
[  194.904540] x25: 0000000000000001 x24: ffff00007a8e8000 
[  194.908094] x23: ffff00007aafc000 x22: ffff00007a8df000 
[  194.909975] x21: 0000000000000000 x20: ffff00007b246400 
[  194.910916] x19: ffff00007a8e8000 x18: 0000000000000000 
[  194.913249] x17: 0000000000000000 x16: 0000000000000000 
[  194.913841] x15: 0000000000000001 x14: 0000000000000000 
[  194.914754] x13: 0000000000000006 x12: 00000000c0a80164 
[  194.915714] x11: 0000000000000000 x10: 0000000000000068 
[  194.916368] x9 : ffff00007a8e8000 x8 : 0000000000000000 
[  194.917036] x7 : fffffdffbfec7320 x6 : 0000000000000010 
[  194.917783] x5 : 0000000000000001 x4 : 0000000000000000 
[  194.918439] x3 : 000000000000001a x2 : 0000000000000000 
[  194.920270] x1 : 0000000000014b89 x0 : 0000000000000000 
[  194.924678] Call trace:
[  194.925262]  __netif_schedule+0x20/0xc8
[  194.925902]  sch_direct_xmit+0x1e8/0x340
[  194.927253]  __dev_queue_xmit+0x67c/0x7f0
[  194.931374]  dev_queue_xmit+0x10/0x18
[  194.933634]  ip_finish_output2+0x31c/0x588
[  194.939512]  __ip_finish_output+0x1b0/0x1e0
[  194.940210]  ip_output+0xf4/0x1b0
[  194.942654]  ip_local_out+0x44/0x58
[  194.946199]  ip_send_skb+0x1c/0xa8
[  194.950223]  udp_send_skb.isra.0+0x11c/0x368
[  194.951749]  udp_sendmsg+0x710/0x860
[  194.953918]  inet_sendmsg+0x40/0x68
[  194.954193]  __sys_sendto+0xd4/0x150
[  194.954381]  __arm64_sys_sendto+0x24/0x30
[  194.958300]  el0_svc_common.constprop.0+0x68/0x160
[  194.962822]  el0_svc_handler+0x20/0x80
[  194.963435]  el0_svc+0x8/0xc
[  194.966173] Code: d5384113 f9423a60 f90017e0 d2800000 (f9406c20) 
[  194.996338] ---[ end trace 9b0c75c0aed2ced0 ]---
[  195.000791] Kernel panic - not syncing: Fatal exception in interrupt
[  195.004206] SMP: stopping secondary CPUs
[  195.006433] Kernel Offset: disabled
[  195.009010] CPU features: 0x0002,20006000
[  195.009895] Memory Limit: none
[  195.013136] ---[ end Kernel panic - not syncing: Fatal exception in interrupt ]---
