[  196.024958] Unable to handle kernel NULL pointer dereference at virtual address 0000000000000080
[  196.037423] Mem abort info:
[  196.037972]   ESR = 0x96000006
[  196.041682]   EC = 0x25: DABT (current EL), IL = 32 bits
[  196.043585]   SET = 0, FnV = 0
[  196.047816]   EA = 0, S1PTW = 0
[  196.049654] Data abort info:
[  196.052934]   ISV = 0, ISS = 0x00000006
[  196.053743]   CM = 0, WnR = 0
[  196.055246] user pgtable: 4k pages, 48-bit VAs, pgdp=00000000b22ad000
[  196.056692] [0000000000000080] pgd=00000000b16be003, pud=00000000b16bd003, pmd=0000000000000000
[  196.070543] Internal error: Oops: 96000006 [#1] PREEMPT SMP
[  196.077507] Modules linked in:
[  196.081162] CPU: 4 PID: 492 Comm: python3 Not tainted 5.4.18 #2
[  196.084734] Hardware name: linux,dummy-virt (DT)
[  196.089836] pstate: 00000005 (nzcv daif -PAN -UAO)
[  196.098068] pc : _raw_spin_lock_irqsave+0x198/0x2bc
[  196.100324] lr : sch_direct_xmit+0xfc/0x340
[  196.105541] sp : ffff800012123880
[  196.107691] x29: ffff800012123880 x28: 000000000000001a 
[  196.108270] x27: ffff00007ab4cb28 x26: 0000000000000011 
[  196.108451] x25: 0000000000000004 x24: ffff00007b2baa00 
[  196.108664] x23: ffff000079bd8000 x22: 0000000000000000 
[  196.108922] x21: 0000000000000000 x20: ffff00007ab4cb00 
[  196.109097] x19: ffff00007a6d3c00 x18: 0000000000000000 
[  196.109370] x17: 0000000000000000 x16: 0000000000000000 
[  196.109600] x15: 0000000000000001 x14: 0000000000000000 
[  196.109823] x13: 0000000000000006 x12: 00000000c0a80164 
[  196.110000] x11: 0000000000000000 x10: 0000000000000068 
[  196.110171] x9 : ffff00007b2baa00 x8 : 0000000000000000 
[  196.110342] x7 : fffffdffbfee8820 x6 : 0000000000000010 
[  196.110513] x5 : 0000000000000001 x4 : 0000000000000000 
[  196.110684] x3 : 0000000000000080 x2 : 0000000000000001 
[  196.111969] x1 : 0000000000000000 x0 : 0000000000000080 
[  196.114986] Call trace:
[  196.116727]  _raw_spin_lock_irqsave+0x198/0x2bc
[  196.118300]  __dev_queue_xmit+0x67c/0x7f0
[  196.119091]  dev_queue_xmit+0x10/0x18
[  196.121732]  ip_finish_output2+0x31c/0x588
[  196.123685]  __ip_finish_output+0x1b0/0x1e0
[  196.124133]  ip_output+0xf4/0x1b0
[  196.124561]  ip_local_out+0x44/0x58
[  196.124809]  ip_send_skb+0x1c/0xa8
[  196.125035]  udp_send_skb.isra.0+0x11c/0x368
[  196.125199]  udp_sendmsg+0x710/0x860
[  196.125339]  inet_sendmsg+0x40/0x68
[  196.125519]  __sys_sendto+0xd4/0x150
[  196.125675]  __arm64_sys_sendto+0x24/0x30
[  196.125883]  el0_svc_common.constprop.0+0x68/0x160
[  196.126045]  el0_svc_handler+0x20/0x80
[  196.126739]  el0_svc+0x8/0xc
[  196.128834] Code: 88027c01 35ffffa2 17fffe5d f9800071 (885ffc60) 
[  196.141312] ---[ end trace 42eac16009904162 ]---
[  196.145704] Kernel panic - not syncing: Fatal exception in interrupt
[  196.147480] SMP: stopping secondary CPUs
[  196.150269] Kernel Offset: disabled
[  196.150795] CPU features: 0x0002,20006000
[  196.151309] Memory Limit: none
[  196.154905] ---[ end Kernel panic - not syncing: Fatal exception in interrupt ]---
