[  225.646453] kernel BUG at arch/arm64/kernel/traps.c:405!
[  225.654655] Internal error: Oops - BUG: 0 [#1] PREEMPT SMP
[  225.656460] Modules linked in:
[  225.660311] CPU: 3 PID: 494 Comm: python3 Not tainted 5.4.18 #2
[  225.660649] Hardware name: linux,dummy-virt (DT)
[  225.661348] pstate: 00000005 (nzcv daif -PAN -UAO)
[  225.663324] pc : do_undefinstr+0x2ec/0x310
[  225.663541] lr : do_undefinstr+0x1e0/0x310
[  225.663776] sp : ffff80001212b6a0
[  225.664018] x29: ffff80001212b6a0 x28: ffff00007b2d7000 
[  225.664923] x27: ffff000076e57828 x26: 0000000000000011 
[  225.665166] x25: 0000000000000001 x24: 0000000000000000 
[  225.665616] x23: 0000000000000005 x22: ffff800010b5fe98 
[  225.666180] x21: ffff80001212b840 x20: ffff00007b2d7000 
[  225.666714] x19: ffff80001212b700 x18: 0000000000000000 
[  225.667240] x17: 0000000000000000 x16: 0000000000000000 
[  225.667764] x15: 0000000000000001 x14: 0000000000000000 
[  225.668420] x13: 0000000000000006 x12: 00000000c0a80164 
[  225.668948] x11: 0000000000000000 x10: 0000000000000068 
[  225.669673] x9 : ffff00007b2d7000 x8 : 54755cf7886ae600 
[  225.670230] x7 : fffffdffbfedd080 x6 : ffff80001212b6f8 
[  225.670729] x5 : 00000000d5300000 x4 : ffff8000117c51f0 
[  225.671216] x3 : 00000000d3800000 x2 : 0000000000000000 
[  225.671702] x1 : ffff00007b2d7000 x0 : 0000000000000005 
[  225.672934] Call trace:
[  225.674332]  do_undefinstr+0x2ec/0x310
[  225.674792]  el1_undef+0x10/0x84
[  225.675159]  sch_direct_xmit+0x40/0x340
[  225.675539]  __dev_queue_xmit+0x67c/0x7f0
[  225.675980]  dev_queue_xmit+0x10/0x18
[  225.676563]  neigh_resolve_output+0xec/0x198
[  225.677050]  ip_finish_output2+0x168/0x588
[  225.677442]  __ip_finish_output+0x1b0/0x1e0
[  225.677879]  ip_output+0xf4/0x1b0
[  225.678239]  ip_local_out+0x44/0x58
[  225.678588]  ip_send_skb+0x1c/0xa8
[  225.678935]  udp_send_skb.isra.0+0x11c/0x368
[  225.679331]  udp_sendmsg+0x710/0x860
[  225.679687]  inet_sendmsg+0x40/0x68
[  225.680256]  __sys_sendto+0xd4/0x150
[  225.680640]  __arm64_sys_sendto+0x24/0x30
[  225.681040]  el0_svc_common.constprop.0+0x68/0x160
[  225.681472]  el0_svc_handler+0x20/0x80
[  225.681908]  el0_svc+0x8/0xc
[  225.683500] Code: f9401bf7 17ffff7c a9025bf5 f9001bf7 (d4210000) 
[  225.689447] ---[ end trace d2b2270149b6ccc9 ]---
[  225.693255] Kernel panic - not syncing: Fatal exception in interrupt
[  225.695840] SMP: stopping secondary CPUs
[  225.700581] Kernel Offset: disabled
[  225.701659] CPU features: 0x0002,20006000
[  225.702585] Memory Limit: none
[  225.705687] ---[ end Kernel panic - not syncing: Fatal exception in interrupt ]---
