[  193.817103] Unable to handle kernel NULL pointer dereference at virtual address 0000000000000010
[  193.825546] Mem abort info:
[  193.829093]   ESR = 0x96000006
[  193.832744]   EC = 0x25: DABT (current EL), IL = 32 bits
[  193.838506]   SET = 0, FnV = 0
[  193.848344]   EA = 0, S1PTW = 0
[  193.854878] Data abort info:
[  193.856135]   ISV = 0, ISS = 0x00000006
[  193.856499]   CM = 0, WnR = 0
[  193.857276] user pgtable: 4k pages, 48-bit VAs, pgdp=00000000b6d8a000
[  193.864177] [0000000000000010] pgd=00000000b5cd7003, pud=00000000b39ef003, pmd=0000000000000000
[  193.886907] Internal error: Oops: 96000006 [#1] PREEMPT SMP
[  193.888369] Modules linked in:
[  193.894254] CPU: 7 PID: 496 Comm: python3 Not tainted 5.4.18 #2
[  193.900458] Hardware name: linux,dummy-virt (DT)
[  193.911858] pstate: 00000005 (nzcv daif -PAN -UAO)
[  193.923826] pc : __qdisc_run+0x38/0x5f0
[  193.929659] lr : __dev_queue_xmit+0x7ac/0x7f0
[  193.934045] sp : ffff800011f8b880
[  193.935716] x29: ffff800011f8b880 x28: 000000000000001a 
[  193.940013] x27: ffff000076e5a228 x26: 0000000000000011 
[  193.944212] x25: ffff000071784600 x24: ffff000071784600 
[  193.951135] x23: 00000000000000e8 x22: 0000000000000080 
[  193.952310] x21: 0000000000000040 x20: 0000000000000000 
[  193.953778] x19: 0000000000000000 x18: 0000000000000000 
[  193.954418] x17: 0000000000000000 x16: 0000000000000000 
[  193.955436] x15: 0000000000000001 x14: 0000000000000000 
[  193.955896] x13: 0000000000000006 x12: 000000000000003c 
[  193.956321] x11: ffff000075c52000 x10: 0000000000000000 
[  193.957172] x9 : ffff000071784600 x8 : 0000000000000028 
[  193.958132] x7 : 0000000000000200 x6 : 0000000022100000 
[  193.959617] x5 : 00000000b8728802 x4 : 0000000000000100 
[  193.961862] x3 : 0000000000000052 x2 : ffff8000117bf000 
[  193.964919] x1 : 0000000000000000 x0 : 0000000000000000 
[  193.965798] Call trace:
[  193.966193]  __qdisc_run+0x38/0x5f0
[  193.967124]  __dev_queue_xmit+0x7ac/0x7f0
[  193.967531]  dev_queue_xmit+0x10/0x18
[  193.967828]  ip_finish_output2+0x31c/0x588
[  193.968274]  __ip_finish_output+0x1b0/0x1e0
[  193.968691]  ip_output+0xf4/0x1b0
[  193.969040]  ip_local_out+0x44/0x58
[  193.969313]  ip_send_skb+0x1c/0xa8
[  193.969674]  udp_send_skb.isra.0+0x11c/0x368
[  193.970155]  udp_sendmsg+0x710/0x860
[  193.973705]  inet_sendmsg+0x40/0x68
[  193.977603]  __sys_sendto+0xd4/0x150
[  193.980865]  __arm64_sys_sendto+0x24/0x30
[  193.981240]  el0_svc_common.constprop.0+0x68/0x160
[  193.981767]  el0_svc_handler+0x20/0x80
[  193.982110]  el0_svc+0x8/0xc
[  193.983721] Code: d5384118 a9046bf9 aa1803f9 a90573fb (b9401261) 
[  194.003045] ---[ end trace 210ccf9512fe53a4 ]---
[  194.011946] Kernel panic - not syncing: Fatal exception in interrupt
[  194.013596] SMP: stopping secondary CPUs
[  194.017450] Kernel Offset: disabled
[  194.018824] CPU features: 0x0002,20006000
[  194.022121] Memory Limit: none
[  194.027908] ---[ end Kernel panic - not syncing: Fatal exception in interrupt ]---
