[  195.054434] Unable to handle kernel paging request at virtual address 00007996ca000080
[  195.069726] Mem abort info:
[  195.071055]   ESR = 0x96000004
[  195.073965]   EC = 0x25: DABT (current EL), IL = 32 bits
[  195.079067]   SET = 0, FnV = 0
[  195.082816]   EA = 0, S1PTW = 0
[  195.083396] Data abort info:
[  195.083782]   ISV = 0, ISS = 0x00000004
[  195.084036]   CM = 0, WnR = 0
[  195.084565] user pgtable: 4k pages, 48-bit VAs, pgdp=00000000b6d76000
[  195.084956] [00007996ca000080] pgd=0000000000000000
[  195.086004] Internal error: Oops: 96000004 [#1] PREEMPT SMP
[  195.086491] Modules linked in:
[  195.088220] CPU: 5 PID: 491 Comm: python3 Not tainted 5.4.18 #2
[  195.092895] Hardware name: linux,dummy-virt (DT)
[  195.101981] pstate: 00000005 (nzcv daif -PAN -UAO)
[  195.118424] pc : _raw_spin_lock_irqsave+0x198/0x2bc
[  195.126327] lr : sch_direct_xmit+0xfc/0x340
[  195.129441] sp : ffff800011f8b880
[  195.129700] x29: ffff800011f8b880 x28: 000000000000001a 
[  195.131082] x27: ffff000079577028 x26: 0000000000000011 
[  195.133297] x25: 0000000000000005 x24: ffff00007966d400 
[  195.134431] x23: ffff00007b242000 x22: 00007996ca000000 
[  195.136605] x21: 0000000000000000 x20: ffff000079577000 
[  195.138472] x19: ffff000075f9f000 x18: 0000000000000000 
[  195.141163] x17: 0000000000000000 x16: 0000000000000000 
[  195.144799] x15: 0000000000000001 x14: 0000000000000000 
[  195.145361] x13: 0000000000000006 x12: 00000000c0a80164 
[  195.145585] x11: 0000000000000000 x10: 0000000000000068 
[  195.145801] x9 : ffff00007966d400 x8 : 0000000000000000 
[  195.146015] x7 : fffffdffbff09200 x6 : 0000000000000010 
[  195.146230] x5 : 0000000000000001 x4 : 0000000000000000 
[  195.146443] x3 : 00007996ca000080 x2 : 0000000000000001 
[  195.146655] x1 : 0000000000000000 x0 : 00007996ca000080 
[  195.147323] Call trace:
[  195.147817]  _raw_spin_lock_irqsave+0x198/0x2bc
[  195.148193]  __dev_queue_xmit+0x67c/0x7f0
[  195.149843]  dev_queue_xmit+0x10/0x18
[  195.150456]  ip_finish_output2+0x31c/0x588
[  195.151065]  __ip_finish_output+0x1b0/0x1e0
[  195.151672]  ip_output+0xf4/0x1b0
[  195.152140]  ip_local_out+0x44/0x58
[  195.152843]  ip_send_skb+0x1c/0xa8
[  195.156029]  udp_send_skb.isra.0+0x11c/0x368
[  195.156609]  udp_sendmsg+0x710/0x860
[  195.157138]  inet_sendmsg+0x40/0x68
[  195.159064]  __sys_sendto+0xd4/0x150
[  195.161277]  __arm64_sys_sendto+0x24/0x30
[  195.161600]  el0_svc_common.constprop.0+0x68/0x160
[  195.161918]  el0_svc_handler+0x20/0x80
[  195.162053]  el0_svc+0x8/0xc
[  195.162881] Code: 88027c01 35ffffa2 17fffe5d f9800071 (885ffc60) 
[  195.171018] ---[ end trace 8ac952fd8bb19356 ]---
[  195.178568] Kernel panic - not syncing: Fatal exception in interrupt
[  195.179227] SMP: stopping secondary CPUs
[  195.182036] Kernel Offset: disabled
[  195.183327] CPU features: 0x0002,20006000
[  195.184111] Memory Limit: none
[  195.186597] ---[ end Kernel panic - not syncing: Fatal exception in interrupt ]---
