[  192.474067] Kernel panic - not syncing: stack-protector: Kernel stack is corrupted in: sch_direct_xmit+0x33c/0x340
[  192.486081] CPU: 6 PID: 495 Comm: python3 Not tainted 5.4.18 #2
[  192.488071] Hardware name: linux,dummy-virt (DT)
[  192.492471] Call trace:
[  192.493478]  dump_backtrace+0x0/0x140
[  192.494983]  show_stack+0x14/0x20
[  192.495757]  dump_stack+0xb4/0xf8
[  192.496753]  panic+0x158/0x324
[  192.497457]  __stack_chk_fail+0x1c/0x20
[  192.499382]  sch_direct_xmit+0x33c/0x340
[  192.501677]  __dev_queue_xmit+0x67c/0x7f0
[  192.502898]  dev_queue_xmit+0x10/0x18
[  192.503933]  ip_finish_output2+0x31c/0x588
[  192.504838]  __ip_finish_output+0x1b0/0x1e0
[  192.505808]  ip_output+0xf4/0x1b0
[  192.506536]  ip_local_out+0x44/0x58
[  192.507275]  ip_send_skb+0x1c/0xa8
[  192.508217]  udp_send_skb.isra.0+0x11c/0x368
[  192.509102]  udp_sendmsg+0x710/0x860
[  192.510173]  inet_sendmsg+0x40/0x68
[  192.510936]  __sys_sendto+0xd4/0x150
[  192.511764]  __arm64_sys_sendto+0x24/0x30
[  192.512613]  el0_svc_common.constprop.0+0x68/0x160
[  192.513637]  el0_svc_handler+0x20/0x80
[  192.514452]  el0_svc+0x8/0xc
[  192.522248] SMP: stopping secondary CPUs
[  192.525676] Kernel Offset: disabled
[  192.527849] CPU features: 0x0002,20006000
[  192.529581] Memory Limit: none
[  192.536873] ---[ end Kernel panic - not syncing: stack-protector: Kernel stack is corrupted in: sch_direct_xmit+0x33c/0x340 ]---
