[  195.047960] Unable to handle kernel NULL pointer dereference at virtual address 0000000000000010
[  195.055903] Mem abort info:
[  195.056287]   ESR = 0x96000006
[  195.056668]   EC = 0x25: DABT (current EL), IL = 32 bits
[  195.057078]   SET = 0, FnV = 0
[  195.057359]   EA = 0, S1PTW = 0
[  195.057661] Data abort info:
[  195.057941]   ISV = 0, ISS = 0x00000006
[  195.059387]   CM = 0, WnR = 0
[  195.060347] user pgtable: 4k pages, 48-bit VAs, pgdp=00000000b1880000
[  195.067381] [0000000000000010] pgd=00000000b1870003, pud=00000000b6d34003, pmd=0000000000000000
[  195.078056] Internal error: Oops: 96000006 [#1] PREEMPT SMP
[  195.084029] Modules linked in:
[  195.091577] CPU: 7 PID: 495 Comm: python3 Not tainted 5.4.18 #2
[  195.097462] Hardware name: linux,dummy-virt (DT)
[  195.101088] pstate: 00000005 (nzcv daif -PAN -UAO)
[  195.115685] pc : __qdisc_run+0x38/0x5f0
[  195.116277] lr : __dev_queue_xmit+0x7ac/0x7f0
[  195.116792] sp : ffff800011f83880
[  195.117322] x29: ffff800011f83880 x28: 000000000000001a 
[  195.118544] x27: ffff00007973d928 x26: 0000000000000011 
[  195.119091] x25: ffff000079569c00 x24: ffff000079569c00 
[  195.119724] x23: 00000000000000e8 x22: 0000000000000080 
[  195.120262] x21: 0000000000000040 x20: 0000000000000000 
[  195.121419] x19: 0000000000000000 x18: 0000000000000000 
[  195.123177] x17: 0000000000000000 x16: 0000000000000000 
[  195.123719] x15: 0000000000000001 x14: 0000000000000000 
[  195.124261] x13: 0000000000000006 x12: 000000000000003c 
[  195.124760] x11: ffff000078042000 x10: 0000000000000000 
[  195.125249] x9 : ffff000079569c00 x8 : 0000000000000028 
[  195.128376] x7 : 0000000000000200 x6 : 0000000022100000 
[  195.129311] x5 : 00000000b82b5002 x4 : 0000000000000100 
[  195.130181] x3 : 000000000000006c x2 : ffff8000117bf000 
[  195.132706] x1 : 0000000000000000 x0 : 0000000000000000 
[  195.136602] Call trace:
[  195.137393]  __qdisc_run+0x38/0x5f0
[  195.138642]  __dev_queue_xmit+0x7ac/0x7f0
[  195.139368]  dev_queue_xmit+0x10/0x18
[  195.140093]  ip_finish_output2+0x31c/0x588
[  195.140753]  __ip_finish_output+0x1b0/0x1e0
[  195.142556]  ip_output+0xf4/0x1b0
[  195.142927]  ip_local_out+0x44/0x58
[  195.143440]  ip_send_skb+0x1c/0xa8
[  195.144019]  udp_send_skb.isra.0+0x11c/0x368
[  195.144375]  udp_sendmsg+0x710/0x860
[  195.145382]  inet_sendmsg+0x40/0x68
[  195.146985]  __sys_sendto+0xd4/0x150
[  195.147599]  __arm64_sys_sendto+0x24/0x30
[  195.148387]  el0_svc_common.constprop.0+0x68/0x160
[  195.152345]  el0_svc_handler+0x20/0x80
[  195.155297]  el0_svc+0x8/0xc
[  195.163653] Code: d5384118 a9046bf9 aa1803f9 a90573fb (b9401261) 
[  195.181594] ---[ end trace 14a180d7304f6ba0 ]---
[  195.187208] Kernel panic - not syncing: Fatal exception in interrupt
[  195.192742] SMP: stopping secondary CPUs
[  195.200406] Kernel Offset: disabled
[  195.207616] CPU features: 0x0002,20006000
[  195.210104] Memory Limit: none
[  195.216355] ---[ end Kernel panic - not syncing: Fatal exception in interrupt ]---
