[  194.873142] kernel BUG at arch/arm64/kernel/traps.c:405!
[  194.879947] Internal error: Oops - BUG: 0 [#1] PREEMPT SMP
[  194.882003] Modules linked in:
[  194.885571] CPU: 6 PID: 492 Comm: python3 Not tainted 5.4.18 #2
[  194.887472] Hardware name: linux,dummy-virt (DT)
[  194.891376] pstate: 00000005 (nzcv daif -PAN -UAO)
[  194.898823] pc : do_undefinstr+0x2ec/0x310
[  194.901618] lr : do_undefinstr+0x1e0/0x310
[  194.902389] sp : ffff800011fd36e0
[  194.903454] x29: ffff800011fd36e0 x28: ffff0000796e4600 
[  194.905373] x27: ffff0000797bc528 x26: 0000000000000011 
[  194.906277] x25: ffff00007811dec8 x24: 0000000000000000 
[  194.911402] x23: 0000000000000005 x22: ffff800010b5fe5c 
[  194.912484] x21: ffff800011fd3880 x20: ffff0000796e4600 
[  194.913394] x19: ffff800011fd3740 x18: 0000000000000000 
[  194.914332] x17: 0000000000000000 x16: 0000000000000000 
[  194.918495] x15: 0000000000000001 x14: 0000000000000000 
[  194.921299] x13: 0000000000000006 x12: 00000000c0a80164 
[  194.921740] x11: 0000000000000000 x10: 0000000000000068 
[  194.922090] x9 : ffff0000796e4600 x8 : 0000000000000001 
[  194.923243] x7 : fffffdffbff194d0 x6 : ffff800011fd3738 
[  194.925572] x5 : 00000000d5300000 x4 : ffff8000117c51f0 
[  194.928650] x3 : 0000000042800000 x2 : 0000000000000000 
[  194.929957] x1 : ffff0000796e4600 x0 : 0000000000000005 
[  194.932781] Call trace:
[  194.933717]  do_undefinstr+0x2ec/0x310
[  194.934433]  el1_undef+0x10/0x84
[  194.937133]  sch_direct_xmit+0x4/0x340
[  194.937812]  dev_queue_xmit+0x10/0x18
[  194.938886]  ip_finish_output2+0x31c/0x588
[  194.939570]  __ip_finish_output+0x1b0/0x1e0
[  194.940231]  ip_output+0xf4/0x1b0
[  194.941778]  ip_local_out+0x44/0x58
[  194.943135]  ip_send_skb+0x1c/0xa8
[  194.946361]  udp_send_skb.isra.0+0x11c/0x368
[  194.949234]  udp_sendmsg+0x710/0x860
[  194.949990]  inet_sendmsg+0x40/0x68
[  194.952306]  __sys_sendto+0xd4/0x150
[  194.952560]  __arm64_sys_sendto+0x24/0x30
[  194.952808]  el0_svc_common.constprop.0+0x68/0x160
[  194.953123]  el0_svc_handler+0x20/0x80
[  194.953346]  el0_svc+0x8/0xc
[  194.954239] Code: f9401bf7 17ffff7c a9025bf5 f9001bf7 (d4210000) 
[  194.962254] ---[ end trace 5d448f85d6506bea ]---
[  194.965707] Kernel panic - not syncing: Fatal exception in interrupt
[  194.969165] SMP: stopping secondary CPUs
[  194.971866] Kernel Offset: disabled
[  194.973429] CPU features: 0x0002,20006000
[  194.974670] Memory Limit: none
[  194.979425] ---[ end Kernel panic - not syncing: Fatal exception in interrupt ]---
