[  192.737895] Kernel panic - not syncing: stack-protector: Kernel stack is corrupted in: sch_direct_xmit+0x33c/0x340
[  192.758606] CPU: 4 PID: 495 Comm: python3 Not tainted 5.4.18 #2
[  192.759772] Hardware name: linux,dummy-virt (DT)
[  192.762427] Call trace:
[  192.768207]  dump_backtrace+0x0/0x140
[  192.770151]  show_stack+0x14/0x20
[  192.772240]  dump_stack+0xb4/0xf8
[  192.774386]  panic+0x158/0x324
[  192.775967]  __stack_chk_fail+0x1c/0x20
[  192.776441]  sch_direct_xmit+0x33c/0x340
[  192.776901]  __dev_queue_xmit+0x67c/0x7f0
[  192.777349]  dev_queue_xmit+0x10/0x18
[  192.777833]  neigh_resolve_output+0xec/0x198
[  192.778330]  ip_finish_output2+0x168/0x588
[  192.778780]  __ip_finish_output+0x1b0/0x1e0
[  192.779385]  ip_output+0xf4/0x1b0
[  192.779884]  ip_local_out+0x44/0x58
[  192.780333]  ip_send_skb+0x1c/0xa8
[  192.780775]  udp_send_skb.isra.0+0x11c/0x368
[  192.781278]  udp_sendmsg+0x710/0x860
[  192.781815]  inet_sendmsg+0x40/0x68
[  192.782029]  __sys_sendto+0xd4/0x150
[  192.782200]  __arm64_sys_sendto+0x24/0x30
[  192.782390]  el0_svc_common.constprop.0+0x68/0x160
[  192.782599]  el0_svc_handler+0x20/0x80
[  192.782775]  el0_svc+0x8/0xc
[  192.784678] SMP: stopping secondary CPUs
[  192.788879] Kernel Offset: disabled
[  192.791231] CPU features: 0x0002,20006000
[  192.792395] Memory Limit: none
[  192.797826] ---[ end Kernel panic - not syncing: stack-protector: Kernel stack is corrupted in: sch_direct_xmit+0x33c/0x340 ]---
