[  192.566829] Kernel panic - not syncing: stack-protector: Kernel stack is corrupted in: __dev_queue_xmit+0x7d8/0x7f0
[  192.585922] CPU: 7 PID: 493 Comm: python3 Not tainted 5.4.18 #2
[  192.587165] Hardware name: linux,dummy-virt (DT)
[  192.589775] Call trace:
[  192.590774]  dump_backtrace+0x0/0x140
[  192.593595]  show_stack+0x14/0x20
[  192.594534]  dump_stack+0xb4/0xf8
[  192.595152]  panic+0x158/0x324
[  192.596176]  __stack_chk_fail+0x1c/0x20
[  192.597010]  __dev_queue_xmit+0x7d8/0x7f0
[  192.597649]  dev_queue_xmit+0x10/0x18
[  192.598916]  ip_finish_output2+0x31c/0x588
[  192.599681]  __ip_finish_output+0x1b0/0x1e0
[  192.600506]  ip_output+0xf4/0x1b0
[  192.601598]  ip_local_out+0x44/0x58
[  192.602190]  ip_send_skb+0x1c/0xa8
[  192.602762]  udp_send_skb.isra.0+0x11c/0x368
[  192.604537]  udp_sendmsg+0x710/0x860
[  192.605289]  inet_sendmsg+0x40/0x68
[  192.605978]  __sys_sendto+0xd4/0x150
[  192.606716]  __arm64_sys_sendto+0x24/0x30
[  192.608092]  el0_svc_common.constprop.0+0x68/0x160
[  192.608832]  el0_svc_handler+0x20/0x80
[  192.609518]  el0_svc+0x8/0xc
[  192.614674] SMP: stopping secondary CPUs
[  192.619531] Kernel Offset: disabled
[  192.620124] CPU features: 0x0002,20006000
[  192.620752] Memory Limit: none
[  192.625344] ---[ end Kernel panic - not syncing: stack-protector: Kernel stack is corrupted in: __dev_queue_xmit+0x7d8/0x7f0 ]---
