[  197.077662] Unable to handle kernel paging request at virtual address 00000010795c2810
[  197.084419] Mem abort info:
[  197.085332]   ESR = 0x96000005
[  197.088551]   EC = 0x25: DABT (current EL), IL = 32 bits
[  197.099957]   SET = 0, FnV = 0
[  197.107809]   EA = 0, S1PTW = 0
[  197.113558] Data abort info:
[  197.117672]   ISV = 0, ISS = 0x00000005
[  197.120359]   CM = 0, WnR = 0
[  197.125042] user pgtable: 4k pages, 48-bit VAs, pgdp=00000000ba86d000
[  197.133388] [00000010795c2810] pgd=00000000b2006003, pud=0000000000000000
[  197.145496] Internal error: Oops: 96000005 [#1] PREEMPT SMP
[  197.148364] Modules linked in:
[  197.151444] CPU: 7 PID: 494 Comm: python3 Not tainted 5.4.18 #2
[  197.152374] Hardware name: linux,dummy-virt (DT)
[  197.155594] pstate: 00000005 (nzcv daif -PAN -UAO)
[  197.166175] pc : __qdisc_run+0x38/0x5f0
[  197.171056] lr : __dev_queue_xmit+0x7ac/0x7f0
[  197.173486] sp : ffff80001212b880
[  197.180406] x29: ffff80001212b880 x28: 000000000000001a 
[  197.192193] x27: ffff0000782bed28 x26: 0000000000000011 
[  197.193461] x25: ffff00007a8d4600 x24: ffff00007a8d4600 
[  197.196029] x23: 00000010795c28e8 x22: 00000010795c2880 
[  197.196854] x21: 0000000000000040 x20: 0000000000000000 
[  197.198240] x19: 00000010795c2800 x18: 0000000000000000 
[  197.201433] x17: 0000000000000000 x16: 0000000000000000 
[  197.204008] x15: 0000000000000001 x14: 0000000000000000 
[  197.207458] x13: 0000000000000006 x12: 000000000000003c 
[  197.211728] x11: ffff00007171c000 x10: 0000000000000000 
[  197.215887] x9 : ffff00007a8d4600 x8 : 0000000000000028 
[  197.218213] x7 : 0000000000000200 x6 : 0000000022100000 
[  197.223678] x5 : 00000000b817a002 x4 : 0000000000000100 
[  197.226842] x3 : 0000000000000088 x2 : ffff8000117bf000 
[  197.227350] x1 : 0000000000000000 x0 : 00000010795c2800 
[  197.228473] Call trace:
[  197.229090]  __qdisc_run+0x38/0x5f0
[  197.229360]  __dev_queue_xmit+0x7ac/0x7f0
[  197.229658]  dev_queue_xmit+0x10/0x18
[  197.229874]  ip_finish_output2+0x31c/0x588
[  197.230100]  __ip_finish_output+0x1b0/0x1e0
[  197.231912]  ip_output+0xf4/0x1b0
[  197.232149]  ip_local_out+0x44/0x58
[  197.232667]  ip_send_skb+0x1c/0xa8
[  197.233261]  udp_send_skb.isra.0+0x11c/0x368
[  197.234283]  udp_sendmsg+0x710/0x860
[  197.236638]  inet_sendmsg+0x40/0x68
[  197.239356]  __sys_sendto+0xd4/0x150
[  197.240384]  __arm64_sys_sendto+0x24/0x30
[  197.242920]  el0_svc_common.constprop.0+0x68/0x160
[  197.243630]  el0_svc_handler+0x20/0x80
[  197.243867]  el0_svc+0x8/0xc
[  197.245888] Code: d5384118 a9046bf9 aa1803f9 a90573fb (b9401261) 
[  197.252555] ---[ end trace a906d46947681e6c ]---
[  197.256909] Kernel panic - not syncing: Fatal exception in interrupt
[  197.258101] SMP: stopping secondary CPUs
[  197.259273] Kernel Offset: disabled
[  197.259559] CPU features: 0x0002,20006000
[  197.259762] Memory Limit: none
[  197.260591] ---[ end Kernel panic - not syncing: Fatal exception in interrupt ]---
