[  192.947121] Kernel panic - not syncing: stack-protector: Kernel stack is corrupted in: __dev_queue_xmit+0x7d8/0x7f0
[  192.963721] CPU: 1 PID: 495 Comm: python3 Tainted: G        W         5.4.18 #2
[  192.966609] Hardware name: linux,dummy-virt (DT)
[  192.968928] Call trace:
[  192.973907]  dump_backtrace+0x0/0x140
[  192.981036]  show_stack+0x14/0x20
[  192.990683]  dump_stack+0xb4/0xf8
[  192.992474]  panic+0x158/0x324
[  192.994748]  __stack_chk_fail+0x1c/0x20
[  192.997448]  __dev_queue_xmit+0x7d8/0x7f0
[  193.003651]  dev_queue_xmit+0x10/0x18
[  193.006332]  ip_finish_output2+0x31c/0x588
[  193.010963]  __ip_finish_output+0x1b0/0x1e0
[  193.016690]  ip_output+0xf4/0x1b0
[  193.020174]  ip_local_out+0x44/0x58
[  193.025004]  ip_send_skb+0x1c/0xa8
[  193.032906]  udp_send_skb.isra.0+0x11c/0x368
[  193.033834]  udp_sendmsg+0x710/0x860
[  193.036011]  inet_sendmsg+0x40/0x68
[  193.036877]  __sys_sendto+0xd4/0x150
[  193.042519]  __arm64_sys_sendto+0x24/0x30
[  193.045005]  el0_svc_common.constprop.0+0x68/0x160
[  193.046001]  el0_svc_handler+0x20/0x80
[  193.048480]  el0_svc+0x8/0xc
[  193.060584] SMP: stopping secondary CPUs
[  193.064725] Kernel Offset: disabled
[  193.065420] CPU features: 0x0002,20006000
[  193.066342] Memory Limit: none
[  193.072131] ---[ end Kernel panic - not syncing: stack-protector: Kernel stack is corrupted in: __dev_queue_xmit+0x7d8/0x7f0 ]---
