[  194.498452] Unable to handle kernel paging request at virtual address 00000000c0a80164
[  194.511169] Mem abort info:
[  194.512192]   ESR = 0x96000005
[  194.514989]   EC = 0x25: DABT (current EL), IL = 32 bits
[  194.518075]   SET = 0, FnV = 0
[  194.520524]   EA = 0, S1PTW = 0
[  194.523887] Data abort info:
[  194.525569]   ISV = 0, ISS = 0x00000005
[  194.526633]   CM = 0, WnR = 0
[  194.531122] user pgtable: 4k pages, 48-bit VAs, pgdp=00000000b5f06000
[  194.541133] [00000000c0a80164] pgd=00000000b1a52003, pud=0000000000000000
[  194.550835] Internal error: Oops: 96000005 [#1] PREEMPT SMP
[  194.552097] Modules linked in:
[  194.555170] CPU: 5 PID: 493 Comm: python3 Not tainted 5.4.18 #2
[  194.557758] Hardware name: linux,dummy-virt (DT)
[  194.560374] pstate: 00000005 (nzcv daif -PAN -UAO)
[  194.566836] pc : _raw_spin_lock_irqsave+0x198/0x2bc
[  194.567525] lr : sch_direct_xmit+0x80/0x340
[  194.568023] sp : ffff800011eeb880
[  194.568462] x29: ffff800011eeb880 x28: 000000000000001a 
[  194.570988] x27: ffff00007990e528 x26: 0000000000000011 
[  194.571481] x25: 0000000000000005 x24: ffff00007b1df000 
[  194.571801] x23: ffff000079b78000 x22: ffff00007b245800 
[  194.572159] x21: 00000000c0a80164 x20: 0000000000000000 
[  194.572571] x19: ffff000076d97800 x18: 0000000000000000 
[  194.572912] x17: 0000000000000000 x16: 0000000000000000 
[  194.573201] x15: 0000000000000001 x14: 0000000000000000 
[  194.574047] x13: 0000000000000006 x12: 000000000000003c 
[  194.574607] x11: ffff000070a62000 x10: 0000000000000000 
[  194.574859] x9 : ffff00007b1df000 x8 : 0000000000000028 
[  194.575115] x7 : 0000000000000200 x6 : 0000000022100000 
[  194.575700] x5 : 00000000b82b6802 x4 : 0000000000000100 
[  194.576374] x3 : 00000000c0a80164 x2 : 0000000000000001 
[  194.577562] x1 : 0000000000000000 x0 : 00000000c0a80164 
[  194.579029] Call trace:
[  194.579685]  _raw_spin_lock_irqsave+0x198/0x2bc
[  194.580313]  __dev_queue_xmit+0x67c/0x7f0
[  194.580735]  dev_queue_xmit+0x10/0x18
[  194.582658]  ip_finish_output2+0x31c/0x588
[  194.583180]  __ip_finish_output+0x1b0/0x1e0
[  194.583398]  ip_output+0xf4/0x1b0
[  194.583555]  ip_local_out+0x44/0x58
[  194.583713]  ip_send_skb+0x1c/0xa8
[  194.583871]  udp_send_skb.isra.0+0x11c/0x368
[  194.584083]  udp_sendmsg+0x710/0x860
[  194.584252]  inet_sendmsg+0x40/0x68
[  194.584448]  __sys_sendto+0xd4/0x150
[  194.584609]  __arm64_sys_sendto+0x24/0x30
[  194.584817]  el0_svc_common.constprop.0+0x68/0x160
[  194.585803]  el0_svc_handler+0x20/0x80
[  194.586086]  el0_svc+0x8/0xc
[  194.591405] Code: 88027c01 35ffffa2 17fffe5d f9800071 (885ffc60) 
[  194.605722] ---[ end trace ce01ba3a4b51be2e ]---
[  194.610576] Kernel panic - not syncing: Fatal exception in interrupt
[  194.618221] SMP: stopping secondary CPUs
[  194.622504] Kernel Offset: disabled
[  194.625035] CPU features: 0x0002,20006000
[  194.626705] Memory Limit: none
[  194.632009] ---[ end Kernel panic - not syncing: Fatal exception in interrupt ]---
