[  192.772342] Unable to handle kernel NULL pointer dereference at virtual address 0000000000000085
[  192.781286] Mem abort info:
[  192.783719]   ESR = 0x96000006
[  192.785197]   EC = 0x25: DABT (current EL), IL = 32 bits
[  192.788820]   SET = 0, FnV = 0
[  192.790273]   EA = 0, S1PTW = 0
[  192.791732] Data abort info:
[  192.795720]   ISV = 0, ISS = 0x00000006
[  192.796144]   CM = 0, WnR = 0
[  192.801226] user pgtable: 4k pages, 48-bit VAs, pgdp=00000000b1856000
[  192.809139] [0000000000000085] pgd=00000000b5a92003, pud=00000000b185c003, pmd=0000000000000000
[  192.814329] Internal error: Oops: 96000006 [#1] PREEMPT SMP
[  192.816790] Modules linked in:
[  192.819906] CPU: 2 PID: 0 Comm: swapper/2 Not tainted 5.4.18 #2
[  192.820424] Hardware name: linux,dummy-virt (DT)
[  192.821937] pstate: 20000005 (nzCv daif -PAN -UAO)
[  192.824404] pc : dev_hard_start_xmit+0x98/0x158
[  192.824789] lr : dev_hard_start_xmit+0x94/0x158
[  192.827104] sp : ffff800010013b40
[  192.827599] x29: ffff800010013b40 x28: ffff000079b80000 
[  192.828508] x27: 0000000000000000 x26: ffff000079b80090 
[  192.829315] x25: ffff8000117b7000 x24: 0000000000000000 
[  192.830642] x23: ffff8000117bf958 x22: ffff8000117bf148 
[  192.831073] x21: 0000000000000001 x20: ffff800011406c62 
[  192.831551] x19: ffff00007aabb200 x18: 0000000000000000 
[  192.832322] x17: 0000000000000000 x16: 0000000000000000 
[  192.834636] x15: 0000000000000000 x14: 0000000000000000 
[  192.835630] x13: 0000000000000ceb x12: 000000000000003c 
[  192.836596] x11: 000000000033bbbd x10: 0000000000000000 
[  192.840222] x9 : 0000000000000001 x8 : 0000000000000028 
[  192.841360] x7 : 0000000000000000 x6 : 0000000002000000 
[  192.841569] x5 : 00000000b5b65602 x4 : 0000000000000100 
[  192.845242] x3 : 0000000000000082 x2 : 0000000000003818 
[  192.846241] x1 : 0000000000000083 x0 : 0000000000000000 
[  192.847478] Call trace:
[  192.847850]  dev_hard_start_xmit+0x98/0x158
[  192.848915]  sch_direct_xmit+0x120/0x340
[  192.849565]  __dev_queue_xmit+0x67c/0x7f0
[  192.850191]  dev_queue_xmit+0x10/0x18
[  192.850421]  arp_xmit+0x1c/0x48
[  192.850668]  arp_send_dst.part.0+0x60/0x88
[  192.850953]  arp_solicit+0x16c/0x220
[  192.851554]  neigh_probe+0x54/0x98
[  192.852089]  neigh_timer_handler+0xa4/0x288
[  192.853802]  call_timer_fn.isra.0+0x20/0x78
[  192.854971]  run_timer_softirq+0x1a0/0x410
[  192.856998]  __do_softirq+0x124/0x240
[  192.857718]  irq_exit+0xb8/0xd8
[  192.857853]  __handle_domain_irq+0x64/0xb8
[  192.858453]  gic_handle_irq+0x50/0xa0
[  192.858944]  el1_irq+0xb8/0x180
[  192.859293]  arch_cpu_idle+0x10/0x18
[  192.859699]  do_idle+0x204/0x288
[  192.860066]  cpu_startup_entry+0x24/0x40
[  192.861968]  secondary_start_kernel+0x154/0x190
[  192.867786] Code: aa1303e0 f9401062 d63f0040 35000340 (b94086a1) 
[  192.882607] ---[ end trace 2aa30d3a17d000f5 ]---
[  192.889307] Kernel panic - not syncing: Fatal exception in interrupt
[  192.891958] SMP: stopping secondary CPUs
[  192.893864] Kernel Offset: disabled
[  192.895771] CPU features: 0x0002,20006000
[  192.898304] Memory Limit: none
[  192.902067] ---[ end Kernel panic - not syncing: Fatal exception in interrupt ]---
