[  193.344498] Unable to handle kernel NULL pointer dereference at virtual address 0000000000000010
[  193.348108] Mem abort info:
[  193.348800]   ESR = 0x96000006
[  193.349779]   EC = 0x25: DABT (current EL), IL = 32 bits
[  193.353358]   SET = 0, FnV = 0
[  193.356501]   EA = 0, S1PTW = 0
[  193.361318] Data abort info:
[  193.361988]   ISV = 0, ISS = 0x00000006
[  193.364564]   CM = 0, WnR = 0
[  193.366282] user pgtable: 4k pages, 48-bit VAs, pgdp=00000000b95ca000
[  193.368052] [0000000000000010] pgd=00000000b9555003, pud=00000000b5eaf003, pmd=0000000000000000
[  193.380308] Internal error: Oops: 96000006 [#1] PREEMPT SMP
[  193.394734] Modules linked in:
[  193.401036] CPU: 5 PID: 499 Comm: python3 Not tainted 5.4.18 #2
[  193.405796] Hardware name: linux,dummy-virt (DT)
[  193.411612] pstate: 00000005 (nzcv daif -PAN -UAO)
[  193.413448] pc : __qdisc_run+0x38/0x5f0
[  193.416598] lr : __dev_queue_xmit+0x7ac/0x7f0
[  193.420603] sp : ffff800011f83880
[  193.423971] x29: ffff800011f83880 x28: 000000000000001a 
[  193.427013] x27: ffff00007a8c0628 x26: 0000000000000011 
[  193.428184] x25: ffff00007b313800 x24: ffff00007b313800 
[  193.432337] x23: 00000000000000e8 x22: 0000000000000080 
[  193.435595] x21: 0000000000000040 x20: 0000000000000000 
[  193.438170] x19: 0000000000000000 x18: 0000000000000000 
[  193.440513] x17: 0000000000000000 x16: 0000000000000000 
[  193.447017] x15: 0000000000000001 x14: 0000000000000000 
[  193.449050] x13: 0000000000000006 x12: 000000000000003c 
[  193.458535] x11: ffff0000780bd000 x10: 0000000000000000 
[  193.463537] x9 : ffff00007b313800 x8 : 0000000000000028 
[  193.465349] x7 : 0000000000000200 x6 : 0000000022100000 
[  193.470816] x5 : ffff00007a577000 x4 : 0000000000000100 
[  193.474016] x3 : 0000000000000058 x2 : ffff8000117bf000 
[  193.488648] x1 : 0000000000000000 x0 : 0000000000000000 
[  193.509226] Call trace:
[  193.521307]  __qdisc_run+0x38/0x5f0
[  193.529374]  __dev_queue_xmit+0x7ac/0x7f0
[  193.540858]  dev_queue_xmit+0x10/0x18
[  193.547397]  ip_finish_output2+0x31c/0x588
[  193.550013]  __ip_finish_output+0x1b0/0x1e0
[  193.556976]  ip_output+0xf4/0x1b0
[  193.563133]  ip_local_out+0x44/0x58
[  193.564508]  ip_send_skb+0x1c/0xa8
[  193.565838]  udp_send_skb.isra.0+0x11c/0x368
[  193.567214]  udp_sendmsg+0x710/0x860
[  193.567651]  inet_sendmsg+0x40/0x68
[  193.568194]  __sys_sendto+0xd4/0x150
[  193.569045]  __arm64_sys_sendto+0x24/0x30
[  193.571550]  el0_svc_common.constprop.0+0x68/0x160
[  193.572753]  el0_svc_handler+0x20/0x80
[  193.576788]  el0_svc+0x8/0xc
[  193.586144] Code: d5384118 a9046bf9 aa1803f9 a90573fb (b9401261) 
[  193.606343] ---[ end trace 17855c1f1e48936e ]---
[  193.615836] Kernel panic - not syncing: Fatal exception in interrupt
[  193.632932] SMP: stopping secondary CPUs
[  193.643557] Kernel Offset: disabled
[  193.644951] CPU features: 0x0002,20006000
[  193.647413] Memory Limit: none
[  193.652906] ---[ end Kernel panic - not syncing: Fatal exception in interrupt ]---
