[  194.642286] Unable to handle kernel NULL pointer dereference at virtual address 0000000000000001
[  194.644097] Mem abort info:
[  194.644565]   ESR = 0x96000006
[  194.645194]   EC = 0x25: DABT (current EL), IL = 32 bits
[  194.648711]   SET = 0, FnV = 0
[  194.651668]   EA = 0, S1PTW = 0
[  194.653308] Data abort info:
[  194.654174]   ISV = 0, ISS = 0x00000006
[  194.659002]   CM = 0, WnR = 0
[  194.662129] user pgtable: 4k pages, 48-bit VAs, pgdp=00000000b6d42000
[  194.678352] [0000000000000001] pgd=00000000b81e5003, pud=00000000b82e5003, pmd=0000000000000000
[  194.700878] Internal error: Oops: 96000006 [#1] PREEMPT SMP
[  194.702048] Modules linked in:
[  194.703213] CPU: 2 PID: 496 Comm: python3 Not tainted 5.4.18 #2
[  194.703485] Hardware name: linux,dummy-virt (DT)
[  194.704183] pstate: 60000005 (nZCv daif -PAN -UAO)
[  194.710030] pc : ip_local_out+0x4c/0x58
[  194.713593] lr : ip_local_out+0x44/0x58
[  194.716913] sp : ffff800011f73ac0
[  194.717377] x29: ffff800011f73ac0 x28: 000000000000001a 
[  194.717956] x27: ffff800011f73d80 x26: 0000000000000011 
[  194.720676] x25: 0000000000000012 x24: ffff00007828e824 
[  194.723304] x23: ffff800011f73c30 x22: ffff00007b2ccc80 
[  194.726242] x21: 0000000000000011 x20: 000000000000001a 
[  194.728202] x19: ffff800011963ac0 x18: 0000000000000000 
[  194.729228] x17: 0000000000000000 x16: 0000000000000000 
[  194.730449] x15: 0000000000000001 x14: 0000000000000000 
[  194.734092] x13: 0000000000000006 x12: 000000000000003c 
[  194.739669] x11: ffff000071813000 x10: 0000000000000000 
[  194.751451] x9 : ffff000076c68940 x8 : 0000000000000028 
[  194.754423] x7 : ffff00007b1d4000 x6 : 0000000022100000 
[  194.755425] x5 : 0000000000000000 x4 : ffff00007b1d4000 
[  194.756688] x3 : 00000000000003e8 x2 : 0000000000000000 
[  194.760777] x1 : 0000000000000000 x0 : 0000000000000000 
[  194.766476] Call trace:
[  194.771436]  ip_local_out+0x4c/0x58
[  194.773046]  ip_send_skb+0x1c/0xa8
[  194.775536]  udp_send_skb.isra.0+0x11c/0x368
[  194.783994]  udp_sendmsg+0x710/0x860
[  194.787225]  inet_sendmsg+0x40/0x68
[  194.788707]  __sys_sendto+0xd4/0x150
[  194.792728]  __arm64_sys_sendto+0x24/0x30
[  194.797825]  el0_svc_common.constprop.0+0x68/0x160
[  194.802694]  el0_svc_handler+0x20/0x80
[  194.804746]  el0_svc+0x8/0xc
[  194.814547] Code: f9401863 d63f0060 a94153f3 f94013f5 (a8c379fd) 
[  194.828271] ---[ end trace 63702a729a88df49 ]---
