[  195.332081] Unable to handle kernel paging request at virtual address ffff800011d34010
[  195.349142] Mem abort info:
[  195.349717]   ESR = 0x96000007
[  195.350275]   EC = 0x25: DABT (current EL), IL = 32 bits
[  195.357424]   SET = 0, FnV = 0
[  195.358231]   EA = 0, S1PTW = 0
[  195.361606] Data abort info:
[  195.362007]   ISV = 0, ISS = 0x00000007
[  195.362436]   CM = 0, WnR = 0
[  195.366478] swapper pgtable: 4k pages, 48-bit VAs, pgdp=00000000412a6000
[  195.369338] [ffff800011d34010] pgd=00000000bdfff003, pud=00000000bdffe003, pmd=00000000bb3b6003, pte=0000000000000000
[  195.375849] Internal error: Oops: 96000007 [#1] PREEMPT SMP
[  195.377329] Modules linked in:
[  195.381196] CPU: 1 PID: 494 Comm: python3 Not tainted 5.4.18 #2
[  195.382760] Hardware name: linux,dummy-virt (DT)
[  195.387999] pstate: 60000005 (nZCv daif -PAN -UAO)
[  195.404176] pc : ip_local_out+0x44/0x58
[  195.404720] lr : ip_local_out+0x44/0x58
[  195.405493] sp : ffff800011d34000
[  195.406072] x29: 00000fa000000000 x28: 000000000000001a 
[  195.407159] x27: ffff800011d33d80 x26: 0000000000000011 
[  195.408789] x25: 0000000000000012 x24: ffff0000770f0024 
[  195.409528] x23: ffff800011d33c30 x22: ffff000079632ec0 
[  195.410529] x21: 0000ffffb7e60860 x20: 0000ffffd14f0d10 
[  195.412058] x19: 00000000004355f4 x18: 0000000000000000 
[  195.413615] x17: 0000000000000000 x16: 0000000000000000 
[  195.414272] x15: 0000000000000001 x14: 0000000000000000 
[  195.414863] x13: 0000000000000006 x12: 000000000000003c 
[  195.417412] x11: ffff000073c7a000 x10: 0000000000000000 
[  195.418297] x9 : ffff00007819b940 x8 : 0000000000000028 
[  195.419023] x7 : ffff000070e58000 x6 : 0000000022100000 
[  195.421156] x5 : 0000000000000000 x4 : ffff000070e58000 
[  195.422326] x3 : 00000000000003e8 x2 : 0000000000000000 
[  195.423218] x1 : 0000000000000000 x0 : 0000000000000000 
[  195.425150] Call trace:
[  195.427682]  ip_local_out+0x44/0x58
[  195.433331] Code: aa1303e2 927ff863 f9401863 d63f0060 (a94153f3) 
[  195.442406] ---[ end trace 4c4ff843f4df76a8 ]---
