[  194.248025] Unable to handle kernel paging request at virtual address a0ffff0000791650
[  194.271254] Mem abort info:
[  194.275223]   ESR = 0x96000004
[  194.276478]   EC = 0x25: DABT (current EL), IL = 32 bits
[  194.277983]   SET = 0, FnV = 0
[  194.281941]   EA = 0, S1PTW = 0
[  194.285960] Data abort info:
[  194.288608]   ISV = 0, ISS = 0x00000004
[  194.290154]   CM = 0, WnR = 0
[  194.294234] [a0ffff0000791650] address between user and kernel address ranges
[  194.300370] Internal error: Oops: 96000004 [#1] PREEMPT SMP
[  194.303653] Modules linked in:
[  194.313407] CPU: 5 PID: 493 Comm: python3 Not tainted 5.4.18 #2
[  194.322184] Hardware name: linux,dummy-virt (DT)
[  194.325093] pstate: 60000005 (nZCv daif -PAN -UAO)
[  194.332930] pc : ip_output+0x48/0x1b0
[  194.333843] lr : ip_local_out+0x44/0x58
[  194.336281] sp : ffff800011f0ba30
[  194.337919] x29: ffff800011f0ba30 x28: 000000000000001a 
[  194.340673] x27: ffff800011f0bd80 x26: 0000000000000011 
[  194.341335] x25: 0000000000000012 x24: ffff000078257224 
[  194.342226] x23: ffff00007aa28cc0 x22: ffff000079354600 
[  194.345565] x21: ffff800011963ac0 x20: ffff00007824af01 
[  194.346456] x19: ffff80001140c380 x18: 0000000000000000 
[  194.349508] x17: 0000000000000000 x16: 0000000000000000 
[  194.350991] x15: 0000000000000001 x14: 0000000000000000 
[  194.352789] x13: 0000000000000006 x12: 00000000c0a80164 
[  194.353019] x11: 0000000000000000 x10: 0000000000000068 
[  194.353235] x9 : ffff000079354600 x8 : ffff800011f0bc30 
[  194.353449] x7 : 000000008f900000 x6 : 000000000000e58a 
[  194.353663] x5 : ffff000078257224 x4 : ffff000078257224 
[  194.353876] x3 : a0ffff0000791650 x2 : ffff000079354600 
[  194.354090] x1 : ffff00007aa28cc0 x0 : 0000000000000001 
[  194.355661] Call trace:
[  194.356480]  ip_output+0x48/0x1b0
[  194.356834]  ip_local_out+0x44/0x58
[  194.357094]  ip_send_skb+0x1c/0xa8
[  194.357346]  udp_send_skb.isra.0+0x11c/0x368
[  194.357992]  udp_sendmsg+0x710/0x860
[  194.358653]  inet_sendmsg+0x40/0x68
[  194.360159]  __sys_sendto+0xd4/0x150
[  194.360824]  __arm64_sys_sendto+0x24/0x30
[  194.362138]  el0_svc_common.constprop.0+0x68/0x160
[  194.362979]  el0_svc_handler+0x20/0x80
[  194.365037]  el0_svc+0x8/0xc
[  194.369170] Code: b9401040 927ff863 11000400 f940c2b3 (f9400078) 
[  194.371735] ---[ end trace 0506507fd62bfc72 ]---
