[  194.930013] Unable to handle kernel NULL pointer dereference at virtual address 0000000000000023
[  194.932054] Mem abort info:
[  194.932689]   ESR = 0x96000006
[  194.935376]   EC = 0x25: DABT (current EL), IL = 32 bits
[  194.936156]   SET = 0, FnV = 0
[  194.937996]   EA = 0, S1PTW = 0
[  194.943063] Data abort info:
[  194.952075]   ISV = 0, ISS = 0x00000006
[  194.952709]   CM = 0, WnR = 0
[  194.971606] user pgtable: 4k pages, 48-bit VAs, pgdp=00000000b9708000
[  194.980504] [0000000000000023] pgd=00000000b17e3003, pud=00000000b0809003, pmd=0000000000000000
[  195.004960] Internal error: Oops: 96000006 [#1] PREEMPT SMP
[  195.011971] Modules linked in:
[  195.017049] CPU: 3 PID: 492 Comm: python3 Not tainted 5.4.18 #2
[  195.023019] Hardware name: linux,dummy-virt (DT)
[  195.027649] pstate: 60000005 (nZCv daif -PAN -UAO)
[  195.042014] pc : __ip_finish_output+0x30/0x1e0
[  195.047046] lr : ip_output+0xf4/0x1b0
[  195.051418] sp : ffff800011f4b9f0
[  195.052117] x29: ffff800011f4b9f0 x28: 000000000000001a 
[  195.058121] x27: ffff800011f4bd80 x26: 0000000000000011 
[  195.065521] x25: 0000000000000012 x24: ffff800011963ac0 
[  195.067381] x23: 0000000000000011 x22: ffff000075b84600 
[  195.074275] x21: ffff800011963ac0 x20: ffff000073b0a800 
[  195.077684] x19: ffff000073b0a800 x18: 0000000000000000 
[  195.078973] x17: 0000000000000000 x16: 0000000000000000 
[  195.081553] x15: 0000000000000001 x14: 0000000000000000 
[  195.083455] x13: 0000000000000006 x12: 00000000c0a80164 
[  195.091575] x11: 0000000000000000 x10: 0000000000000068 
[  195.094434] x9 : ffff000075b84600 x8 : ffff800011f4bc30 
[  195.095827] x7 : 00000000c8600000 x6 : 00000000000061df 
[  195.097950] x5 : 0000000000000962 x4 : 000000000000002e 
[  195.104389] x3 : ffff00007b1fe000 x2 : ffff000073888240 
[  195.110184] x1 : 0000000000000011 x0 : ffff000073888240 
[  195.113215] Call trace:
[  195.114308]  __ip_finish_output+0x30/0x1e0
[  195.114785]  ip_output+0xf4/0x1b0
[  195.115130]  ip_local_out+0x44/0x58
[  195.116324]  ip_send_skb+0x1c/0xa8
[  195.118860]  udp_send_skb.isra.0+0x11c/0x368
[  195.119704]  udp_sendmsg+0x710/0x860
[  195.128014]  inet_sendmsg+0x40/0x68
[  195.129281]  __sys_sendto+0xd4/0x150
[  195.130075]  __arm64_sys_sendto+0x24/0x30
[  195.130364]  el0_svc_common.constprop.0+0x68/0x160
[  195.130645]  el0_svc_handler+0x20/0x80
[  195.130917]  el0_svc+0x8/0xc
[  195.134632] Code: f9402c42 927ff840 f9400003 b40006c1 (39404824) 
[  195.142274] ---[ end trace a5fedfccc26e0cd0 ]---
