[  191.954822] Unable to handle kernel NULL pointer dereference at virtual address 0000000000000000
[  191.963268] Mem abort info:
[  191.964114]   ESR = 0x86000006
[  191.965313]   EC = 0x21: IABT (current EL), IL = 32 bits
[  191.966816]   SET = 0, FnV = 0
[  191.969782]   EA = 0, S1PTW = 0
[  191.972257] user pgtable: 4k pages, 48-bit VAs, pgdp=00000000b10b8000
[  191.975256] [0000000000000000] pgd=00000000b6f02003, pud=00000000b3e07003, pmd=0000000000000000
[  191.988971] Internal error: Oops: 86000006 [#1] PREEMPT SMP
[  191.994530] Modules linked in:
[  192.006577] CPU: 3 PID: 495 Comm: python3 Not tainted 5.4.18 #2
[  192.013739] Hardware name: linux,dummy-virt (DT)
[  192.016370] pstate: 60000005 (nZCv daif -PAN -UAO)
[  192.018864] pc : 0x0
[  192.021537] lr : ip_send_skb+0x1c/0xa8
[  192.024476] sp : ffff800011f8baf0
[  192.025618] x29: ffff800011f8baf0 x28: 000000000000001a 
[  192.027633] x27: ffff800011f8bd80 x26: 0000000000000011 
[  192.028478] x25: 0000000000000012 x24: ffff000078306424 
[  192.031795] x23: ffff800011f8bc30 x22: ffff000079553fc0 
[  192.032341] x21: 0000000000000011 x20: 000000000000001a 
[  192.032833] x19: ffff800011963ac0 x18: 0000000000000000 
[  192.033417] x17: 0000000000000000 x16: 0000000000000000 
[  192.033862] x15: 0000000000000001 x14: 0000000000000000 
[  192.034646] x13: 0000000000000006 x12: 000000000000003c 
[  192.036802] x11: ffff000078216000 x10: 0000000000000000 
[  192.037789] x9 : ffff0000780fc140 x8 : 0000000000000028 
[  192.041042] x7 : ffff000079bbe000 x6 : 0000000022100000 
[  192.041977] x5 : 0000000000000000 x4 : ffff000079bbe000 
[  192.043452] x3 : 00000000000003e8 x2 : 0000000000000000 
[  192.045506] x1 : 0000000000000000 x0 : 0000000000000000 
[  192.048040] Call trace:
[  192.048472]  0x0
[  192.048807]  udp_send_skb.isra.0+0x11c/0x368
[  192.049154]  udp_sendmsg+0x710/0x860
[  192.049599]  inet_sendmsg+0x40/0x68
[  192.051043]  __sys_sendto+0xd4/0x150
[  192.051913]  __arm64_sys_sendto+0x24/0x30
[  192.052439]  el0_svc_common.constprop.0+0x68/0x160
[  192.053176]  el0_svc_handler+0x20/0x80
[  192.056606]  el0_svc+0x8/0xc
[  192.068151] Code: bad PC value
[  192.083493] ---[ end trace e308c73718bad946 ]---
