[  192.715834] Unable to handle kernel paging request at virtual address ffff800210b79bbc
[  192.751556] Mem abort info:
[  192.752206]   ESR = 0x96000005
[  192.753994]   EC = 0x25: DABT (current EL), IL = 32 bits
[  192.759940]   SET = 0, FnV = 0
[  192.763174]   EA = 0, S1PTW = 0
[  192.763987] Data abort info:
[  192.764675]   ISV = 0, ISS = 0x00000005
[  192.767899]   CM = 0, WnR = 0
[  192.768456] swapper pgtable: 4k pages, 48-bit VAs, pgdp=00000000412a6000
[  192.770975] [ffff800210b79bbc] pgd=00000000bdfff003, pud=0000000000000000
[  192.778788] Internal error: Oops: 96000005 [#1] PREEMPT SMP
[  192.784244] Modules linked in:
[  192.789774] CPU: 6 PID: 493 Comm: python3 Not tainted 5.4.18 #2
[  192.790226] Hardware name: linux,dummy-virt (DT)
[  192.792089] pstate: 60000005 (nZCv daif -PAN -UAO)
[  192.802785] pc : ip_build_and_send_pkt+0x30/0x1b8
[  192.803303] lr : ip_send_skb+0x1c/0xa8
[  192.803724] sp : ffff800011f2ba90
[  192.803984] x29: ffff800011f2ba90 x28: 000000000000001a 
[  192.804440] x27: ffff800011f2bd80 x26: 0000000000000011 
[  192.805633] x25: 0000000000000000 x24: ffff000078384224 
[  192.806545] x23: ffff800011f2bc30 x22: 00000000044c5600 
[  192.807063] x21: 0000000000000015 x20: 0000000000000000 
[  192.807627] x19: ffff800210b79b64 x18: 0000000000000000 
[  192.808205] x17: 0000000000000000 x16: 0000000000000000 
[  192.808812] x15: 0000000000000000 x14: 0000000000000000 
[  192.811284] x13: 0000000000000002 x12: 0000000000000000 
[  192.811890] x11: 0000000000000000 x10: 0000000000000000 
[  192.814503] x9 : 0000000000000000 x8 : ffff8000117b9000 
[  192.815891] x7 : 000000000063e5b9 x6 : 000004ed8cd95d58 
[  192.816970] x5 : 00ffffffffffffff x4 : 0000000000000015 
[  192.819405] x3 : 00000000044c5600 x2 : 0000000000000000 
[  192.820267] x1 : 0000000000000000 x0 : ffff800210b79b64 
[  192.823314] Call trace:
[  192.825150]  ip_build_and_send_pkt+0x30/0x1b8
[  192.828641]  ip_send_skb+0x1c/0xa8
[  192.829316]  udp_send_skb.isra.0+0x11c/0x368
[  192.832267]  udp_sendmsg+0x710/0x860
[  192.832680]  inet_sendmsg+0x40/0x68
[  192.833101]  __sys_sendto+0xd4/0x150
[  192.833905]  __arm64_sys_sendto+0x24/0x30
[  192.835930]  el0_svc_common.constprop.0+0x68/0x160
[  192.836864]  el0_svc_handler+0x20/0x80
[  192.839992]  el0_svc+0x8/0xc
[  192.844123] Code: a90363f7 a9046bf9 2a0203f9 f9002bfb (f9402c17) 
[  192.847672] ---[ end trace 7b5245ef739c3f62 ]---
