[  194.000315] Unable to handle kernel read from unreadable memory at virtual address ffff00007aa50ab8
[  194.007257] Mem abort info:
[  194.007822]   ESR = 0x8600000f
[  194.016426]   EC = 0x21: IABT (current EL), IL = 32 bits
[  194.019246]   SET = 0, FnV = 0
[  194.020804]   EA = 0, S1PTW = 0
[  194.028038] swapper pgtable: 4k pages, 48-bit VAs, pgdp=00000000412a6000
[  194.035426] [ffff00007aa50ab8] pgd=00000000bdff8003, pud=00000000bddfe003, pmd=00000000bdc28003, pte=00680000baa50713
[  194.068686] Internal error: Oops: 8600000f [#1] PREEMPT SMP
[  194.075193] Modules linked in:
[  194.079022] CPU: 7 PID: 492 Comm: python3 Not tainted 5.4.18 #2
[  194.079740] Hardware name: linux,dummy-virt (DT)
[  194.081791] pstate: a0000005 (NzCv daif -PAN -UAO)
[  194.085872] pc : 0xffff00007aa50ab8
[  194.089182] lr : ip_local_out+0x44/0x58
[  194.090570] sp : ffff800011fc3ac0
[  194.091050] x29: ffff800011fc3ac0 x28: 000000000000001a 
[  194.091575] x27: ffff800011fc3d80 x26: 0000000000000011 
[  194.091942] x25: 0000000000000012 x24: ffff000072079424 
[  194.092303] x23: ffff800011fc3c30 x22: ffff00007b229dc0 
[  194.092664] x21: ffff00007b229dc0 x20: ffff800011963ac0 
[  194.093294] x19: ffff00007aa5ba00 x18: 0000000000000000 
[  194.094298] x17: 0000000000000000 x16: 0000000000000000 
[  194.094800] x15: 0000000000000001 x14: 0000000000000000 
[  194.095331] x13: 0000000000000006 x12: 00000000c0a80164 
[  194.095841] x11: 0000000000000000 x10: 0000000000000068 
[  194.096330] x9 : ffff00007a827000 x8 : ffff800011fc3c30 
[  194.096819] x7 : 00000000fb500000 x6 : 000000000000e8d4 
[  194.098425] x5 : ffff000072079424 x4 : ffff000072079424 
[  194.099370] x3 : ffff00007aa50ab8 x2 : ffff00007aa5ba00 
[  194.099924] x1 : ffff00007b229dc0 x0 : ffff800011963ac0 
[  194.101987] Call trace:
[  194.103662]  0xffff00007aa50ab8
[  194.105801]  ip_send_skb+0x1c/0xa8
[  194.109195]  udp_send_skb.isra.0+0x11c/0x368
[  194.110710]  udp_sendmsg+0x710/0x860
[  194.112534]  inet_sendmsg+0x40/0x68
[  194.115791]  __sys_sendto+0xd4/0x150
[  194.116655]  __arm64_sys_sendto+0x24/0x30
[  194.119363]  el0_svc_common.constprop.0+0x68/0x160
[  194.124822]  el0_svc_handler+0x20/0x80
[  194.128710]  el0_svc+0x8/0xc
[  194.137663] Code: 7aa50908 ffff0000 110d1030 ffff8000 (00000001) 
[  194.148316] ---[ end trace 88eec7de70d5feb8 ]---
