[  194.674042] Unable to handle kernel NULL pointer dereference at virtual address 0000000000000023
[  194.682707] Mem abort info:
[  194.684682]   ESR = 0x96000006
[  194.686112]   EC = 0x25: DABT (current EL), IL = 32 bits
[  194.686851]   SET = 0, FnV = 0
[  194.697170]   EA = 0, S1PTW = 0
[  194.704475] Data abort info:
[  194.710196]   ISV = 0, ISS = 0x00000006
[  194.720125]   CM = 0, WnR = 0
[  194.737187] user pgtable: 4k pages, 48-bit VAs, pgdp=00000000b9421000
[  194.752581] [0000000000000023] pgd=00000000b16bf003, pud=00000000b2a4b003, pmd=0000000000000000
[  194.762360] Internal error: Oops: 96000006 [#1] PREEMPT SMP
[  194.765491] Modules linked in:
[  194.767175] CPU: 6 PID: 494 Comm: python3 Not tainted 5.4.18 #2
[  194.769412] Hardware name: linux,dummy-virt (DT)
[  194.770111] pstate: 60000005 (nZCv daif -PAN -UAO)
[  194.772802] pc : __ip_finish_output+0x30/0x1e0
[  194.773207] lr : ip_output+0xf4/0x1b0
[  194.773510] sp : ffff800011f6b9f0
[  194.773771] x29: ffff800011f6b9f0 x28: 000000000000001a 
[  194.774302] x27: ffff800011f6bd80 x26: 0000000000000011 
[  194.776053] x25: 0000000000000012 x24: ffff800011963ac0 
[  194.777588] x23: 0000000000000011 x22: ffff000075dff000 
[  194.779579] x21: ffff800011963ac0 x20: ffff0000782a7700 
[  194.781378] x19: ffff0000782a7700 x18: 0000000000000000 
[  194.781914] x17: ffff00007a679100 x16: 0000000000000000 
[  194.782325] x15: 0000000000000001 x14: 0000000000000000 
[  194.783935] x13: 0000000000000006 x12: 00000000c0a80164 
[  194.787855] x11: 0000000000000000 x10: 0000000000000068 
[  194.790337] x9 : ffff000075dff000 x8 : ffff800011f6bc30 
[  194.792715] x7 : 00000000b4a00000 x6 : 000000000000598e 
[  194.794356] x5 : 0000000000000e24 x4 : 000000000000002e 
[  194.797716] x3 : ffff00007a82a000 x2 : ffff00007b2ed0c0 
[  194.800536] x1 : 0000000000000011 x0 : ffff00007b2ed0c0 
[  194.801124] Call trace:
[  194.801402]  __ip_finish_output+0x30/0x1e0
[  194.801668]  ip_output+0xf4/0x1b0
[  194.801868]  ip_local_out+0x44/0x58
[  194.803307]  ip_send_skb+0x1c/0xa8
[  194.804284]  udp_send_skb.isra.0+0x11c/0x368
[  194.805915]  udp_sendmsg+0x710/0x860
[  194.806252]  inet_sendmsg+0x40/0x68
[  194.807454]  __sys_sendto+0xd4/0x150
[  194.808209]  __arm64_sys_sendto+0x24/0x30
[  194.808919]  el0_svc_common.constprop.0+0x68/0x160
[  194.809574]  el0_svc_handler+0x20/0x80
[  194.810294]  el0_svc+0x8/0xc
[  194.812068] Code: f9402c42 927ff840 f9400003 b40006c1 (39404824) 
[  194.814873] ---[ end trace 11f2d00a9f0d2e9f ]---
