[  194.097442] Unable to handle kernel paging request at virtual address 000000007050e0f0
[  194.101342] Mem abort info:
[  194.102264]   ESR = 0x96000005
[  194.108619]   EC = 0x25: DABT (current EL), IL = 32 bits
[  194.111930]   SET = 0, FnV = 0
[  194.113699]   EA = 0, S1PTW = 0
[  194.116021] Data abort info:
[  194.125014]   ISV = 0, ISS = 0x00000005
[  194.140227]   CM = 0, WnR = 0
[  194.145985] user pgtable: 4k pages, 48-bit VAs, pgdp=00000000babf3000
[  194.155498] [000000007050e0f0] pgd=00000000b1b4c003, pud=0000000000000000
[  194.162125] Internal error: Oops: 96000005 [#1] PREEMPT SMP
[  194.168742] Modules linked in:
[  194.172393] CPU: 1 PID: 493 Comm: python3 Not tainted 5.4.18 #2
[  194.173993] Hardware name: linux,dummy-virt (DT)
[  194.177583] pstate: 60000005 (nZCv daif -PAN -UAO)
[  194.186224] pc : ip_local_out+0x3c/0x58
[  194.189629] lr : ip_local_out+0x20/0x58
[  194.197229] sp : ffff800011ebbac0
[  194.206539] x29: ffff800011ebbac0 x28: 000000000000001a 
[  194.214300] x27: ffff800011ebbd80 x26: 0000000000000011 
[  194.220416] x25: 0000000000000012 x24: ffff000076c30824 
[  194.226003] x23: ffff800011ebbc30 x22: ffff00007b228880 
[  194.234077] x21: ffff00007b228880 x20: ffff800011963ac0 
[  194.241666] x19: ffff0000783ee100 x18: 0000000000000000 
[  194.244210] x17: 0000000000000000 x16: 0000000000000000 
[  194.244946] x15: 0000000000000001 x14: 0000000000000000 
[  194.245888] x13: 0000000000000006 x12: 00000000c0a80164 
[  194.246330] x11: 0000000000000000 x10: 0000000000000068 
[  194.247248] x9 : ffff00007814f000 x8 : ffff800011ebbc30 
[  194.247759] x7 : 0000000093600000 x6 : 000000000000c1c7 
[  194.248210] x5 : ffff000076c30824 x4 : ffff000076c30824 
[  194.248862] x3 : 000000007050e0c0 x2 : ffff0000783ee100 
[  194.249564] x1 : ffff00007b228880 x0 : ffff800011963ac0 
[  194.253140] Call trace:
[  194.253763]  ip_local_out+0x3c/0x58
[  194.254207]  ip_send_skb+0x1c/0xa8
[  194.256785]  udp_send_skb.isra.0+0x11c/0x368
[  194.259476]  udp_sendmsg+0x710/0x860
[  194.259939]  inet_sendmsg+0x40/0x68
[  194.260242]  __sys_sendto+0xd4/0x150
[  194.266044]  __arm64_sys_sendto+0x24/0x30
[  194.268824]  el0_svc_common.constprop.0+0x68/0x160
[  194.272136]  el0_svc_handler+0x20/0x80
[  194.273035]  el0_svc+0x8/0xc
[  194.279933] Code: aa1503e1 aa1403e0 aa1303e2 927f7863 (f9401863) 
[  194.293339] ---[ end trace 9e0ba33fd5616dd6 ]---
