[  194.375531] Unable to handle kernel paging request at virtual address 11963ac000000180
[  194.377663] Mem abort info:
[  194.378364]   ESR = 0x96000004
[  194.379284]   EC = 0x25: DABT (current EL), IL = 32 bits
[  194.382598]   SET = 0, FnV = 0
[  194.386979]   EA = 0, S1PTW = 0
[  194.391653] Data abort info:
[  194.394921]   ISV = 0, ISS = 0x00000004
[  194.404711]   CM = 0, WnR = 0
[  194.408104] [11963ac000000180] address between user and kernel address ranges
[  194.419735] Internal error: Oops: 96000004 [#1] PREEMPT SMP
[  194.429947] Modules linked in:
[  194.456007] CPU: 3 PID: 493 Comm: python3 Not tainted 5.4.18 #2
[  194.458440] Hardware name: linux,dummy-virt (DT)
[  194.465637] pstate: 60000005 (nZCv daif -PAN -UAO)
[  194.468709] pc : ip_output+0x44/0x1b0
[  194.469171] lr : ip_local_out+0x44/0x58
[  194.470975] sp : ffff800011f3ba30
[  194.473775] x29: ffff800011f3ba30 x28: 000000000000001a 
[  194.476279] x27: ffff800011f3bd80 x26: 0000000000000011 
[  194.479152] x25: 0000000000000012 x24: ffff0000782a4c24 
[  194.483706] x23: ffff00007b22ea40 x22: ffff0000795c6200 
[  194.485914] x21: 11963ac000000000 x20: ffff00007a546300 
[  194.486366] x19: ffff00007a546300 x18: 0000000000000000 
[  194.495037] x17: 0000000000000000 x16: 0000000000000000 
[  194.496182] x15: 0000000000000001 x14: 0000000000000000 
[  194.502408] x13: 0000000000000006 x12: 00000000c0a80164 
[  194.506277] x11: 0000000000000000 x10: 0000000000000068 
[  194.511720] x9 : ffff0000795c6200 x8 : ffff800011f3bc30 
[  194.512219] x7 : 0000000074800000 x6 : 0000000000002fac 
[  194.513557] x5 : ffff0000782a4c24 x4 : ffff0000782a4c24 
[  194.514199] x3 : ffff0000771f9000 x2 : ffff0000795c6200 
[  194.515970] x1 : ffff00007b22ea40 x0 : 0000000000000001 
[  194.518110] Call trace:
[  194.518748]  ip_output+0x44/0x1b0
[  194.520235]  ip_local_out+0x44/0x58
[  194.521437]  ip_send_skb+0x1c/0xa8
[  194.521772]  udp_send_skb.isra.0+0x11c/0x368
[  194.522323]  udp_sendmsg+0x710/0x860
[  194.525394]  inet_sendmsg+0x40/0x68
[  194.526284]  __sys_sendto+0xd4/0x150
[  194.526864]  __arm64_sys_sendto+0x24/0x30
[  194.528685]  el0_svc_common.constprop.0+0x68/0x160
[  194.529400]  el0_svc_handler+0x20/0x80
[  194.529657]  el0_svc+0x8/0xc
[  194.532737] Code: f9402e83 b9401040 927ff863 11000400 (f940c2b3) 
[  194.534210] ---[ end trace c39561df202bb8c3 ]---
