[  196.043791] kernel BUG at arch/arm64/kernel/traps.c:405!
[  196.047288] Internal error: Oops - BUG: 0 [#1] PREEMPT SMP
[  196.049582] Modules linked in:
[  196.053098] CPU: 7 PID: 493 Comm: python3 Not tainted 5.4.18 #2
[  196.053499] Hardware name: linux,dummy-virt (DT)
[  196.055362] pstate: 00000005 (nzcv daif -PAN -UAO)
[  196.059121] pc : do_undefinstr+0x2ec/0x310
[  196.059456] lr : do_undefinstr+0x1e0/0x310
[  196.059742] sp : ffff800011f3b920
[  196.059963] x29: ffff800011f3b920 x28: ffff00007aaf3800 
[  196.060778] x27: ffff800011f3bd80 x26: 0000000000000011 
[  196.061705] x25: 0000000000000012 x24: 0000000000000000 
[  196.062804] x23: 0000000060000005 x22: ffff800010b7888c 
[  196.063841] x21: ffff800011f3bac0 x20: ffff00007aaf3800 
[  196.065058] x19: ffff800011f3b980 x18: 0000000000000000 
[  196.066389] x17: 0000000000000000 x16: 0000000000000000 
[  196.068250] x15: 0000000000000001 x14: 0000000000000000 
[  196.068810] x13: 0000000000000006 x12: 00000000c0a80164 
[  196.069267] x11: 0000000000000000 x10: 0000000000000068 
[  196.069564] x9 : ffff00007aaf3800 x8 : ffff800011f3bc30 
[  196.069847] x7 : 0000000051400000 x6 : ffff800011f3b978 
[  196.070238] x5 : 00000000d5300000 x4 : ffff8000117c51f0 
[  196.070529] x3 : 0000000093000000 x2 : 0000000000000000 
[  196.070811] x1 : ffff00007aaf3800 x0 : 0000000060000005 
[  196.071398] Call trace:
[  196.072179]  do_undefinstr+0x2ec/0x310
[  196.072954]  el1_undef+0x10/0x84
[  196.073544]  ip_local_out+0x4/0x58
[  196.074244]  udp_send_skb.isra.0+0x11c/0x368
[  196.075016]  udp_sendmsg+0x710/0x860
[  196.075706]  inet_sendmsg+0x40/0x68
[  196.076294]  __sys_sendto+0xd4/0x150
[  196.076938]  __arm64_sys_sendto+0x24/0x30
[  196.077606]  el0_svc_common.constprop.0+0x68/0x160
[  196.078516]  el0_svc_handler+0x20/0x80
[  196.079185]  el0_svc+0x8/0xc
[  196.081052] Code: f9401bf7 17ffff7c a9025bf5 f9001bf7 (d4210000) 
[  196.084440] ---[ end trace d9cacaf2c23ac7d5 ]---
[  196.085070] note: python3[493] exited with preempt_count 1
[  196.161897] ------------[ cut here ]------------
[  196.163813] WARNING: CPU: 7 PID: 0 at kernel/rcu/tree.c:569 rcu_idle_enter+0x74/0x80
[  196.171345] Modules linked in:
[  196.173541] CPU: 7 PID: 0 Comm: swapper/7 Tainted: G      D           5.4.18 #2
[  196.174445] Hardware name: linux,dummy-virt (DT)
[  196.176525] pstate: 200003c5 (nzCv DAIF -PAN -UAO)
[  196.179041] pc : rcu_idle_enter+0x74/0x80
[  196.179441] lr : do_idle+0x200/0x288
[  196.179802] sp : ffff800011a7bf20
[  196.180540] x29: ffff800011a7bf20 x28: 0000000000000000 
[  196.183150] x27: 0000000000000000 x26: 0000000000000000 
[  196.184064] x25: 0000000000000000 x24: ffff8000117ba214 
[  196.186743] x23: ffff00007b0c7000 x22: ffff800011404ab8 
[  196.187768] x21: ffff8000117ba1f0 x20: 0000000000000007 
[  196.189000] x19: ffff8000117ba118 x18: 0000000000000010 
[  196.191255] x17: 0000000000000000 x16: 0000000000000000 
[  196.192040] x15: 00000000000000af x14: 0000000000000000 
[  196.192365] x13: 0000000000000002 x12: 00000000000000af 
[  196.194472] x11: 0000000000000001 x10: 00000000000009c0 
[  196.195444] x9 : ffff800011a7be90 x8 : ffff00007b0c7a20 
[  196.196761] x7 : 00000000000003cb x6 : 0000004986b158b5 
[  196.199224] x5 : 00ffffffffffffff x4 : ffff80006c7db000 
[  196.200085] x3 : 4000000000000002 x2 : 4000000000000000 
[  196.202525] x1 : ffff800011406980 x0 : ffff00007dbe1980 
[  196.203026] Call trace:
[  196.203425]  rcu_idle_enter+0x74/0x80
[  196.203799]  do_idle+0x200/0x288
[  196.206636]  cpu_startup_entry+0x24/0x40
[  196.207048]  secondary_start_kernel+0x154/0x190
[  196.207351] ---[ end trace d9cacaf2c23ac7d6 ]---
