[  193.743438] kernel BUG at arch/arm64/kernel/traps.c:405!
[  193.754546] Internal error: Oops - BUG: 0 [#1] PREEMPT SMP
[  193.757432] Modules linked in:
[  193.764687] CPU: 1 PID: 495 Comm: python3 Not tainted 5.4.18 #2
[  193.765974] Hardware name: linux,dummy-virt (DT)
[  193.768755] pstate: 00000005 (nzcv daif -PAN -UAO)
[  193.779701] pc : do_undefinstr+0x2ec/0x310
[  193.781297] lr : do_undefinstr+0x1e0/0x310
[  193.782290] sp : ffff800011e3b920
[  193.783109] x29: ffff800011e3b920 x28: ffff0000781f0e00 
[  193.784666] x27: ffff800011e3bd80 x26: 0000000000000011 
[  193.786039] x25: 0000000000000012 x24: 0000000000000000 
[  193.787035] x23: 0000000060000005 x22: ffff800010b788d4 
[  193.788057] x21: ffff800011e3bac0 x20: ffff0000781f0e00 
[  193.789450] x19: ffff800011e3b980 x18: 0000000000000000 
[  193.791322] x17: 0000000000000000 x16: 0000000000000000 
[  193.794261] x15: 0000000000000001 x14: 0000000000000000 
[  193.795265] x13: 0000000000000006 x12: 000000000000003c 
[  193.796856] x11: ffff000075d62000 x10: 0000000000000000 
[  193.797842] x9 : ffff00007a5f8940 x8 : 0000000000000028 
[  193.798948] x7 : ffff000075e7c000 x6 : ffff800011e3b978 
[  193.799907] x5 : 00000000d5300000 x4 : ffff8000117c51f0 
[  193.801030] x3 : 00000000e8c00000 x2 : 0000000000000000 
[  193.801983] x1 : ffff0000781f0e00 x0 : 0000000060000005 
[  193.803844] Call trace:
[  193.804879]  do_undefinstr+0x2ec/0x310
[  193.805789]  el1_undef+0x10/0x84
[  193.807409]  ip_local_out+0x4c/0x58
[  193.809365]  ip_send_skb+0x1c/0xa8
[  193.810126]  udp_send_skb.isra.0+0x11c/0x368
[  193.810781]  udp_sendmsg+0x710/0x860
[  193.811440]  inet_sendmsg+0x40/0x68
[  193.812123]  __sys_sendto+0xd4/0x150
[  193.812720]  __arm64_sys_sendto+0x24/0x30
[  193.813586]  el0_svc_common.constprop.0+0x68/0x160
[  193.814340]  el0_svc_handler+0x20/0x80
[  193.815002]  el0_svc+0x8/0xc
[  193.816871] Code: f9401bf7 17ffff7c a9025bf5 f9001bf7 (d4210000) 
[  193.821416] ---[ end trace ed66b4dfd4af6848 ]---
[  193.824423] note: python3[495] exited with preempt_count 1
[  193.951138] ------------[ cut here ]------------
[  193.952053] WARNING: CPU: 1 PID: 0 at kernel/rcu/tree.c:569 rcu_idle_enter+0x74/0x80
[  193.959964] Modules linked in:
[  193.964935] CPU: 1 PID: 0 Comm: swapper/1 Tainted: G      D           5.4.18 #2
[  193.967896] Hardware name: linux,dummy-virt (DT)
[  193.976908] pstate: 200003c5 (nzCv DAIF -PAN -UAO)
[  193.981405] pc : rcu_idle_enter+0x74/0x80
[  193.982218] lr : do_idle+0x200/0x288
[  193.982389] sp : ffff800011a4bf20
[  193.982853] x29: ffff800011a4bf20 x28: 0000000000000000 
[  193.983928] x27: 0000000000000000 x26: 0000000000000000 
[  193.990462] x25: 0000000000000000 x24: ffff8000117ba214 
[  193.998717] x23: ffff00007b0c1c00 x22: ffff800011404ab8 
[  194.001324] x21: ffff8000117ba1f0 x20: 0000000000000001 
[  194.002231] x19: ffff8000117ba118 x18: 0000000000000010 
[  194.003061] x17: 0000000000000000 x16: 0000000000000000 
[  194.006547] x15: 000000000000024d x14: 0000000000000000 
[  194.010875] x13: 0000000000000002 x12: 0000000000000000 
[  194.014495] x11: 0000000000000000 x10: 00000000000009c0 
[  194.015935] x9 : ffff800011a4be90 x8 : ffff00007b0c2620 
[  194.019221] x7 : 00000000000003f4 x6 : 000004a12c1efff8 
[  194.026472] x5 : 00ffffffffffffff x4 : ffff80006c757000 
[  194.029536] x3 : 4000000000000002 x2 : 4000000000000000 
[  194.030118] x1 : ffff800011406980 x0 : ffff00007db5d980 
[  194.030715] Call trace:
[  194.031298]  rcu_idle_enter+0x74/0x80
[  194.031963]  do_idle+0x200/0x288
[  194.032366]  cpu_startup_entry+0x20/0x40
[  194.033534]  secondary_start_kernel+0x154/0x190
[  194.038490] ---[ end trace ed66b4dfd4af6849 ]---
