[  194.230528] Unable to handle kernel read from unreadable memory at virtual address ffff00007817d0c0
[  194.260524] Mem abort info:
[  194.262368]   ESR = 0x8600000f
[  194.268632]   EC = 0x21: IABT (current EL), IL = 32 bits
[  194.269878]   SET = 0, FnV = 0
[  194.270532]   EA = 0, S1PTW = 0
[  194.273583] swapper pgtable: 4k pages, 48-bit VAs, pgdp=00000000412a6000
[  194.275243] [ffff00007817d0c0] pgd=00000000bdff8003, pud=00000000bddfe003, pmd=00000000bdc3d003, pte=00680000b817d713
[  194.293676] Internal error: Oops: 8600000f [#1] PREEMPT SMP
[  194.301419] Modules linked in:
[  194.312127] CPU: 7 PID: 495 Comm: python3 Not tainted 5.4.18 #2
[  194.314884] Hardware name: linux,dummy-virt (DT)
[  194.322279] pstate: 60000005 (nZCv daif -PAN -UAO)
[  194.330631] pc : 0xffff00007817d0c0
[  194.337527] lr : ip_local_out+0x44/0x58
[  194.338316] sp : ffff800011d5bac0
[  194.340999] x29: ffff800011d5bac0 x28: 000000000000001a 
[  194.342902] x27: ffff800011d5bd80 x26: 0000000000000011 
[  194.345953] x25: 0000000000000012 x24: ffff00007696f024 
[  194.346438] x23: ffff800011d5bc30 x22: ffff00007974b740 
[  194.346745] x21: ffff00007974b740 x20: ffff800011963ac0 
[  194.347046] x19: ffff000079bd9f00 x18: 0000000000000000 
[  194.347343] x17: 0000000000000000 x16: 0000000000000000 
[  194.347891] x15: 0000000000000001 x14: 0000000000000000 
[  194.348818] x13: 0000000000000006 x12: 00000000c0a80164 
[  194.349647] x11: 0000000000000000 x10: 0000000000000068 
[  194.353315] x9 : ffff000078217000 x8 : ffff800011d5bc30 
[  194.354448] x7 : 00000000c4c00000 x6 : 000000000000b3cd 
[  194.356198] x5 : ffff00007696f024 x4 : ffff00007696f024 
[  194.357249] x3 : ffff00007817d0c0 x2 : ffff000079bd9f00 
[  194.358253] x1 : ffff00007974b740 x0 : ffff800011963ac0 
[  194.359883] Call trace:
[  194.360360]  0xffff00007817d0c0
[  194.360547]  ip_send_skb+0x1c/0xa8
[  194.360726]  udp_send_skb.isra.0+0x11c/0x368
[  194.360964]  udp_sendmsg+0x710/0x860
[  194.361147]  inet_sendmsg+0x40/0x68
[  194.361278]  __sys_sendto+0xd4/0x150
[  194.361633]  __arm64_sys_sendto+0x24/0x30
[  194.362034]  el0_svc_common.constprop.0+0x68/0x160
[  194.364020]  el0_svc_handler+0x20/0x80
[  194.366321]  el0_svc+0x8/0xc
[  194.377470] Code: 00000000 00000000 00000000 00000000 (79bc8000) 
[  194.384285] ---[ end trace f9c3a96ba14c1f4c ]---
