[  193.149854] Unable to handle kernel NULL pointer dereference at virtual address 0000000000000036
[  193.160025] Mem abort info:
[  193.161223]   ESR = 0x96000006
[  193.162787]   EC = 0x25: DABT (current EL), IL = 32 bits
[  193.163384]   SET = 0, FnV = 0
[  193.163871]   EA = 0, S1PTW = 0
[  193.164597] Data abort info:
[  193.165157]   ISV = 0, ISS = 0x00000006
[  193.165610]   CM = 0, WnR = 0
[  193.172433] user pgtable: 4k pages, 48-bit VAs, pgdp=00000000b1bc8000
[  193.178421] [0000000000000036] pgd=00000000b9101003, pud=00000000b3eb0003, pmd=0000000000000000
[  193.199274] Internal error: Oops: 96000006 [#1] PREEMPT SMP
[  193.202351] Modules linked in:
[  193.216241] CPU: 7 PID: 494 Comm: python3 Not tainted 5.4.18 #2
[  193.217350] Hardware name: linux,dummy-virt (DT)
[  193.221981] pstate: 60000005 (nZCv daif -PAN -UAO)
[  193.232043] pc : __ip_finish_output+0x30/0x1e0
[  193.232916] lr : ip_output+0xf4/0x1b0
[  193.233692] sp : ffff800011fd39f0
[  193.235873] x29: ffff800011fd39f0 x28: 000000000000001a 
[  193.237327] x27: ffff800011fd3d80 x26: 0000000000000011 
[  193.242892] x25: 0000000000000012 x24: ffff800011963ac0 
[  193.244034] x23: 0000000000000024 x22: ffff000073d0c600 
[  193.245068] x21: ffff800011963ac0 x20: ffff0000780f7a00 
[  193.246792] x19: ffff0000780f7a00 x18: 0000000000000000 
[  193.247682] x17: 0000000000000000 x16: 0000000000000000 
[  193.249748] x15: 0000000000000001 x14: 0000000000000000 
[  193.252386] x13: 0000000000000006 x12: 00000000c0a80164 
[  193.252598] x11: 0000000000000000 x10: 0000000000000068 
[  193.253403] x9 : ffff000073d0c600 x8 : ffff800011fd3c30 
[  193.253923] x7 : 000000006fe00000 x6 : 000000000000c5d1 
[  193.254965] x5 : 0000000000002789 x4 : 000000000000002e 
[  193.255466] x3 : ffff000079b90000 x2 : ffff0000790720c0 
[  193.255878] x1 : 0000000000000024 x0 : ffff0000790720c0 
[  193.257501] Call trace:
[  193.258648]  __ip_finish_output+0x30/0x1e0
[  193.259851]  ip_output+0xf4/0x1b0
[  193.261309]  ip_local_out+0x44/0x58
[  193.263594]  ip_send_skb+0x1c/0xa8
[  193.265133]  udp_send_skb.isra.0+0x11c/0x368
[  193.271141]  udp_sendmsg+0x710/0x860
[  193.272505]  inet_sendmsg+0x40/0x68
[  193.272885]  __sys_sendto+0xd4/0x150
[  193.274793]  __arm64_sys_sendto+0x24/0x30
[  193.275915]  el0_svc_common.constprop.0+0x68/0x160
[  193.277077]  el0_svc_handler+0x20/0x80
[  193.279397]  el0_svc+0x8/0xc
[  193.286463] Code: f9402c42 927ff840 f9400003 b40006c1 (39404824) 
[  193.301651] ---[ end trace fed768e68eed2541 ]---
