[  193.835467] Unable to handle kernel paging request at virtual address fff00007b22bfc12
[  193.848794] Mem abort info:
[  193.850001]   ESR = 0x96000004
[  193.852352]   EC = 0x25: DABT (current EL), IL = 32 bits
[  193.859263]   SET = 0, FnV = 0
[  193.866591]   EA = 0, S1PTW = 0
[  193.872599] Data abort info:
[  193.875187]   ISV = 0, ISS = 0x00000004
[  193.884874]   CM = 0, WnR = 0
[  193.886557] [fff00007b22bfc12] address between user and kernel address ranges
[  193.897573] Internal error: Oops: 96000004 [#1] PREEMPT SMP
[  193.898897] Modules linked in:
[  193.909183] CPU: 1 PID: 493 Comm: python3 Not tainted 5.4.18 #2
[  193.910570] Hardware name: linux,dummy-virt (DT)
[  193.911579] pstate: 60000005 (nZCv daif -PAN -UAO)
[  193.918531] pc : __ip_finish_output+0x30/0x1e0
[  193.921380] lr : ip_output+0xf4/0x1b0
[  193.922417] sp : ffff800011f939f0
[  193.923977] x29: ffff800011f939f0 x28: 000000000000001a 
[  193.927291] x27: ffff800011f93d80 x26: 0000000000000011 
[  193.930652] x25: 0000000000000012 x24: ffff800011963ac0 
[  193.934839] x23: fff00007b22bfc00 x22: ffff00007aa3d400 
[  193.940740] x21: ffff800011963ac0 x20: ffff0000783bb900 
[  193.941736] x19: ffff0000783bb900 x18: 0000000000000000 
[  193.942106] x17: 0000000000000000 x16: 0000000000000000 
[  193.942348] x15: 0000000000000001 x14: 0000000000000000 
[  193.942684] x13: 0000000000000006 x12: 00000000c0a80164 
[  193.943175] x11: 0000000000000000 x10: 0000000000000068 
[  193.944568] x9 : ffff00007aa3d400 x8 : ffff800011f93c30 
[  193.944856] x7 : 0000000074700000 x6 : 0000000000003886 
[  193.945255] x5 : 0000000000003662 x4 : 000000000000002e 
[  193.952588] x3 : ffff000079b50000 x2 : ffff000076cf3000 
[  193.955862] x1 : fff00007b22bfc00 x0 : ffff000076cf3000 
[  193.964215] Call trace:
[  193.968679]  __ip_finish_output+0x30/0x1e0
[  193.970496]  ip_output+0xf4/0x1b0
[  193.970796]  ip_local_out+0x44/0x58
[  193.973794]  ip_send_skb+0x1c/0xa8
[  193.974596]  udp_send_skb.isra.0+0x11c/0x368
[  193.982734]  udp_sendmsg+0x710/0x860
[  193.984837]  inet_sendmsg+0x40/0x68
[  193.987486]  __sys_sendto+0xd4/0x150
[  193.992519]  __arm64_sys_sendto+0x24/0x30
[  193.998845]  el0_svc_common.constprop.0+0x68/0x160
[  194.001704]  el0_svc_handler+0x20/0x80
[  194.006928]  el0_svc+0x8/0xc
[  194.011800] Code: f9402c42 927ff840 f9400003 b40006c1 (39404824) 
[  194.023421] ---[ end trace a2d0acb8bde80184 ]---
