[  194.405098] Unable to handle kernel paging request at virtual address 7fff80006c7af027
[  194.411815] Mem abort info:
[  194.412673]   ESR = 0x96000021
[  194.414063]   EC = 0x25: DABT (current EL), IL = 32 bits
[  194.421077]   SET = 0, FnV = 0
[  194.423421]   EA = 0, S1PTW = 0
[  194.424130] Data abort info:
[  194.424510]   ISV = 0, ISS = 0x00000021
[  194.425124]   CM = 0, WnR = 0
[  194.425908] [7fff80006c7af027] address between user and kernel address ranges
[  194.436985] Internal error: Oops: 96000021 [#1] PREEMPT SMP
[  194.449007] Modules linked in:
[  194.463229] CPU: 5 PID: 492 Comm: python3 Not tainted 5.4.18 #2
[  194.465576] Hardware name: linux,dummy-virt (DT)
[  194.469406] pstate: 60000005 (nZCv daif -PAN -UAO)
[  194.479764] pc : ip_output+0x60/0x1b0
[  194.481070] lr : ip_local_out+0x44/0x58
[  194.481923] sp : ffff800011faba30
[  194.482888] x29: ffff800011faba30 x28: 000000000000001a 
[  194.488339] x27: ffff800011fabd80 x26: 0000000000000011 
[  194.489298] x25: 0000000000000012 x24: ffff000079ba0000 
[  194.491611] x23: ffff00007b2cc400 x22: ffff0000796ce200 
[  194.493176] x21: ffff00007b2cc400 x20: ffff000078263a00 
[  194.493558] x19: 7fffffffffffffff x18: 0000000000000000 
[  194.493814] x17: 0000000000000000 x16: 0000000000000000 
[  194.494066] x15: 0000000000000001 x14: 0000000000000000 
[  194.494334] x13: 0000000000000006 x12: 00000000c0a80164 
[  194.494894] x11: 0000000000000000 x10: 0000000000000068 
[  194.495923] x9 : ffff0000796ce200 x8 : ffff800011fabc30 
[  194.497648] x7 : 0000000077a00000 x6 : 00000000000024e8 
[  194.500952] x5 : ffff000078233e24 x4 : 0000000000000001 
[  194.504106] x3 : 8000000000000027 x2 : ffff0000796ce200 
[  194.508010] x1 : ffff00007b2cc400 x0 : 7fff80006c7af027 
[  194.516071] Call trace:
[  194.524678]  ip_output+0x60/0x1b0
[  194.528640]  ip_local_out+0x44/0x58
[  194.529291]  ip_send_skb+0x1c/0xa8
[  194.532818]  udp_send_skb.isra.0+0x11c/0x368
[  194.535952]  udp_sendmsg+0x710/0x860
[  194.541950]  inet_sendmsg+0x40/0x68
[  194.543910]  __sys_sendto+0xd4/0x150
[  194.544671]  __arm64_sys_sendto+0x24/0x30
[  194.545168]  el0_svc_common.constprop.0+0x68/0x160
[  194.546595]  el0_svc_handler+0x20/0x80
[  194.549981]  el0_svc+0x8/0xc
[  194.556915] Code: d2800024 9100a263 d538d080 8b000060 (c85f7c05) 
[  194.561112] ---[ end trace 4af68adfa8de45e1 ]---
[  194.564318] note: python3[492] exited with preempt_count 1
