[  194.397412] Unable to handle kernel NULL pointer dereference at virtual address 0000000000000190
[  194.406334] Mem abort info:
[  194.407544]   ESR = 0x96000006
[  194.410721]   EC = 0x25: DABT (current EL), IL = 32 bits
[  194.414198]   SET = 0, FnV = 0
[  194.416341]   EA = 0, S1PTW = 0
[  194.420056] Data abort info:
[  194.422585]   ISV = 0, ISS = 0x00000006
[  194.424087]   CM = 0, WnR = 0
[  194.425918] user pgtable: 4k pages, 48-bit VAs, pgdp=00000000b4174000
[  194.434150] [0000000000000190] pgd=00000000b2b3b003, pud=00000000b80ca003, pmd=0000000000000000
[  194.453444] Internal error: Oops: 96000006 [#1] PREEMPT SMP
[  194.458487] Modules linked in:
[  194.465741] CPU: 6 PID: 495 Comm: python3 Not tainted 5.4.18 #2
[  194.466396] Hardware name: linux,dummy-virt (DT)
[  194.467260] pstate: 20000005 (nzCv daif -PAN -UAO)
[  194.470969] pc : udp_send_skb.isra.0+0x144/0x368
[  194.471479] lr : udp_send_skb.isra.0+0x11c/0x368
[  194.471964] sp : ffff800011fc3b30
[  194.472347] x29: ffff800011fc3b20 x28: 000000000000001a 
[  194.473931] x27: ffff800011fc3d80 x26: 0000000000000011 
[  194.474659] x25: 0000000000000012 x24: ffff800010baab90 
[  194.475227] x23: ffff800011fc3b70 x22: ffff0000781c9cc8 
[  194.475730] x21: ffff800011fc3c30 x20: ffff0000781c9980 
[  194.476950] x19: ffff0000782a5d00 x18: 0000000000000000 
[  194.478243] x17: 0000000000000000 x16: 0000000000000000 
[  194.478743] x15: 0000000000000001 x14: 0000000000000000 
[  194.479176] x13: 0000000000000006 x12: 000000000000003c 
[  194.479825] x11: ffff000071ad1000 x10: 0000000000000000 
[  194.480237] x9 : ffff00007a8e7140 x8 : 0000000000000028 
[  194.481661] x7 : ffff000070f5a000 x6 : 0000000022100000 
[  194.482535] x5 : 0000000000000043 x4 : 0000000000000000 
[  194.483038] x3 : 0000000000000001 x2 : ffff80006c7c5000 
[  194.483598] x1 : ffff000075fac600 x0 : 0000000000000000 
[  194.485129] Call trace:
[  194.485710]  udp_send_skb.isra.0+0x144/0x368
[  194.486182]  udp_send_skb.isra.0+0x144/0x368
[  194.488545] Code: b9001020 f9401ac0 d2800023 d538d082 (f940c800) 
[  194.492909] ---[ end trace 14b915e4a5ee44f2 ]---
[  194.495710] note: python3[495] exited with preempt_count 1
