[  193.272424] kernel BUG at arch/arm64/kernel/traps.c:405!
[  193.279391] Internal error: Oops - BUG: 0 [#1] PREEMPT SMP
[  193.281463] Modules linked in:
[  193.287242] CPU: 4 PID: 497 Comm: python3 Not tainted 5.4.18 #2
[  193.287957] Hardware name: linux,dummy-virt (DT)
[  193.289932] pstate: 00000005 (nzcv daif -PAN -UAO)
[  193.295376] pc : do_undefinstr+0x2ec/0x310
[  193.295950] lr : do_undefinstr+0x1e0/0x310
[  193.296482] sp : ffff800011f5b920
[  193.297070] x29: ffff800011f5b920 x28: ffff000079630e00 
[  193.297963] x27: ffff800011f5bd80 x26: 0000000000000011 
[  193.298504] x25: 0000000000000012 x24: 0000000000000000 
[  193.299371] x23: 0000000060000005 x22: ffff800010b788a0 
[  193.300027] x21: ffff800011f5bac0 x20: ffff000079630e00 
[  193.300606] x19: ffff800011f5b980 x18: 0000000000000000 
[  193.302139] x17: 0000000000000000 x16: 0000000000000000 
[  193.305441] x15: 0000000000000001 x14: 0000000000000000 
[  193.306394] x13: 0000000000000006 x12: 00000000c0a80164 
[  193.307362] x11: 0000000000000000 x10: 0000000000000068 
[  193.308258] x9 : ffff000079630e00 x8 : ffff800011f5bc30 
[  193.309199] x7 : 00000000c6300000 x6 : ffff800011f5b978 
[  193.310435] x5 : 00000000d5300000 x4 : ffff8000117c51f0 
[  193.311681] x3 : 00000000a2000000 x2 : 0000000000000000 
[  193.312594] x1 : ffff000079630e00 x0 : 0000000060000005 
[  193.314682] Call trace:
[  193.315556]  do_undefinstr+0x2ec/0x310
[  193.316523]  el1_undef+0x10/0x84
[  193.318944]  ip_local_out+0x18/0x58
[  193.320937]  ip_send_skb+0x1c/0xa8
[  193.321587]  udp_send_skb.isra.0+0x11c/0x368
[  193.322310]  udp_sendmsg+0x710/0x860
[  193.323054]  inet_sendmsg+0x40/0x68
[  193.323698]  __sys_sendto+0xd4/0x150
[  193.324324]  __arm64_sys_sendto+0x24/0x30
[  193.325072]  el0_svc_common.constprop.0+0x68/0x160
[  193.325848]  el0_svc_handler+0x20/0x80
[  193.326498]  el0_svc+0x8/0xc
[  193.328662] Code: f9401bf7 17ffff7c a9025bf5 f9001bf7 (d4210000) 
[  193.332474] ---[ end trace 475d35a0c3071942 ]---
[  193.336721] note: python3[497] exited with preempt_count 1
[  193.429425] ------------[ cut here ]------------
[  193.432740] WARNING: CPU: 4 PID: 0 at kernel/rcu/tree.c:569 rcu_idle_enter+0x74/0x80
[  193.435137] Modules linked in:
[  193.438412] CPU: 4 PID: 0 Comm: swapper/4 Tainted: G      D           5.4.18 #2
[  193.439678] Hardware name: linux,dummy-virt (DT)
[  193.440021] pstate: 200003c5 (nzCv DAIF -PAN -UAO)
[  193.440367] pc : rcu_idle_enter+0x74/0x80
[  193.443656] lr : do_idle+0x200/0x288
[  193.445478] sp : ffff800011a63f20
[  193.446223] x29: ffff800011a63f20 x28: 0000000000000000 
[  193.447507] x27: 0000000000000000 x26: 0000000000000000 
[  193.448430] x25: 0000000000000000 x24: ffff8000117ba214 
[  193.448939] x23: ffff00007b0c4600 x22: ffff800011404ab8 
[  193.449592] x21: ffff8000117ba1f0 x20: 0000000000000004 
[  193.450920] x19: ffff8000117ba118 x18: 0000000000000010 
[  193.451497] x17: 0000000000000000 x16: 0000000000000000 
[  193.452142] x15: 0000000000000000 x14: 0000000000000000 
[  193.453487] x13: 0000000000000002 x12: 0000000000000000 
[  193.455429] x11: 0000000000000000 x10: 00000000000009c0 
[  193.457537] x9 : ffff800011a63e90 x8 : ffff00007b0c5020 
[  193.459696] x7 : 00000000000003e8 x6 : 0000017951dd0721 
[  193.465970] x5 : 00ffffffffffffff x4 : ffff80006c799000 
[  193.469172] x3 : 4000000000000002 x2 : 4000000000000000 
[  193.475028] x1 : ffff800011406980 x0 : ffff00007db9f980 
[  193.476511] Call trace:
[  193.477086]  rcu_idle_enter+0x74/0x80
[  193.478414]  do_idle+0x200/0x288
[  193.481244]  cpu_startup_entry+0x24/0x40
[  193.482263]  secondary_start_kernel+0x154/0x190
[  193.484533] ---[ end trace 475d35a0c3071943 ]---
