[  195.074763] Unable to handle kernel read from unreadable memory at virtual address ffff800011f6bb40
[  195.078955] Mem abort info:
[  195.079851]   ESR = 0x8600000f
[  195.083566]   EC = 0x21: IABT (current EL), IL = 32 bits
[  195.085385]   SET = 0, FnV = 0
[  195.089702]   EA = 0, S1PTW = 0
[  195.090366] swapper pgtable: 4k pages, 48-bit VAs, pgdp=00000000412a6000
[  195.090998] [ffff800011f6bb40] pgd=00000000bdfff003, pud=00000000bdffe003, pmd=00000000baa3d003, pte=00680000babde713
[  195.116257] Internal error: Oops: 8600000f [#1] PREEMPT SMP
[  195.124960] Modules linked in:
[  195.132766] CPU: 7 PID: 491 Comm: python3 Not tainted 5.4.18 #2
[  195.137499] Hardware name: linux,dummy-virt (DT)
[  195.138992] pstate: 60000005 (nZCv daif -PAN -UAO)
[  195.142978] pc : 0xffff800011f6bb40
[  195.143974] lr : 0xffff800011f6bb40
[  195.144819] sp : ffff800011f6baf0
[  195.146752] x29: 000000000000001a x28: 000000000000001a 
[  195.151422] x27: ffff800011f6bd80 x26: 0000000000000011 
[  195.153388] x25: 0000000000000012 x24: ffff000078357624 
[  195.154600] x23: ffff800011f6bc30 x22: ffff00007b30fb40 
[  195.155399] x21: 0000000000000011 x20: 000000000000001a 
[  195.157504] x19: ffff800011963ac0 x18: 0000000000000000 
[  195.158346] x17: 0000000000000000 x16: 0000000000000000 
[  195.159030] x15: 0000000000000001 x14: 0000000000000000 
[  195.159239] x13: 0000000000000006 x12: 000000000000003c 
[  195.159492] x11: ffff0000729e0000 x10: 0000000000000000 
[  195.159710] x9 : ffff000075f26d40 x8 : 0000000000000028 
[  195.159999] x7 : ffff000070a30000 x6 : 0000000022100000 
[  195.161181] x5 : 0000000000000000 x4 : ffff000070a30000 
[  195.162304] x3 : 00000000000003e8 x2 : 0000000000000000 
[  195.164988] x1 : 0000000000000000 x0 : 0000000000000000 
[  195.168377] Call trace:
[  195.168670]  0xffff800011f6bb40
[  195.169629] Code: 7b30fb40 ffff0000 78375a00 00000000 (79331c00) 
[  195.178796] ---[ end trace 6694d788084c7b6b ]---
