[  197.664390] kernel BUG at arch/arm64/kernel/traps.c:405!
[  197.673279] Internal error: Oops - BUG: 0 [#1] PREEMPT SMP
[  197.674084] Modules linked in:
[  197.678243] CPU: 1 PID: 497 Comm: python3 Not tainted 5.4.18 #2
[  197.678891] Hardware name: linux,dummy-virt (DT)
[  197.681125] pstate: 00000005 (nzcv daif -PAN -UAO)
[  197.684950] pc : do_undefinstr+0x2ec/0x310
[  197.685158] lr : do_undefinstr+0x1e0/0x310
[  197.685379] sp : ffff800011fb3920
[  197.685627] x29: ffff800011fb3920 x28: ffff00007aa24600 
[  197.685910] x27: ffff800011fb3d80 x26: 0000000000000011 
[  197.686097] x25: 0000000000000012 x24: 0000000000000000 
[  197.686274] x23: 0000000060000005 x22: ffff800010b788d0 
[  197.686450] x21: ffff800011fb3ac0 x20: ffff00007aa24600 
[  197.686626] x19: ffff800011fb3980 x18: 0000000000000000 
[  197.686800] x17: 0000000000000000 x16: 0000000000000000 
[  197.687016] x15: 0000000000000001 x14: 0000000000000000 
[  197.687279] x13: 0000000000000006 x12: 000000000000003c 
[  197.687536] x11: ffff0000715be000 x10: 0000000000000000 
[  197.687972] x9 : ffff00007a7df140 x8 : 0000000000000028 
[  197.688233] x7 : ffff00007943e000 x6 : ffff800011fb3978 
[  197.688483] x5 : 00000000d5300000 x4 : ffff8000117c51f0 
[  197.688783] x3 : 00000000e9400000 x2 : 0000000000000000 
[  197.689029] x1 : ffff00007aa24600 x0 : 0000000060000005 
[  197.689595] Call trace:
[  197.690195]  do_undefinstr+0x2ec/0x310
[  197.690412]  el1_undef+0x10/0x84
[  197.690584]  ip_local_out+0x48/0x58
[  197.690753]  ip_send_skb+0x1c/0xa8
[  197.690922]  udp_send_skb.isra.0+0x11c/0x368
[  197.691113]  udp_sendmsg+0x710/0x860
[  197.691286]  inet_sendmsg+0x40/0x68
[  197.691456]  __sys_sendto+0xd4/0x150
[  197.691625]  __arm64_sys_sendto+0x24/0x30
[  197.691848]  el0_svc_common.constprop.0+0x68/0x160
[  197.692058]  el0_svc_handler+0x20/0x80
[  197.692235]  el0_svc+0x8/0xc
[  197.692925] Code: f9401bf7 17ffff7c a9025bf5 f9001bf7 (d4210000) 
[  197.694254] ---[ end trace f79137627107eae9 ]---
[  197.694842] note: python3[497] exited with preempt_count 1
[  197.786529] ------------[ cut here ]------------
[  197.790421] WARNING: CPU: 1 PID: 0 at kernel/rcu/tree.c:569 rcu_idle_enter+0x74/0x80
[  197.790933] Modules linked in:
[  197.792684] CPU: 1 PID: 0 Comm: swapper/1 Tainted: G      D           5.4.18 #2
[  197.793402] Hardware name: linux,dummy-virt (DT)
[  197.793765] pstate: 200003c5 (nzCv DAIF -PAN -UAO)
[  197.794749] pc : rcu_idle_enter+0x74/0x80
[  197.795070] lr : do_idle+0x200/0x288
[  197.795332] sp : ffff800011a4bf20
[  197.795581] x29: ffff800011a4bf20 x28: 0000000000000000 
[  197.796062] x27: 0000000000000000 x26: 0000000000000000 
[  197.798271] x25: 0000000000000000 x24: ffff8000117ba214 
[  197.798784] x23: ffff00007b0c1c00 x22: ffff800011404ab8 
[  197.801623] x21: ffff8000117ba1f0 x20: 0000000000000001 
[  197.802015] x19: ffff8000117ba118 x18: 0000000000000010 
[  197.802397] x17: 0000000000000000 x16: 0000000000000000 
[  197.802777] x15: ffff00007aa24a70 x14: 0000000000000000 
[  197.803160] x13: 0000000000000001 x12: 0000000000000002 
[  197.806427] x11: 0000000000000400 x10: 00000000000009c0 
[  197.806711] x9 : ffff800011a4be90 x8 : ffff00007b0c2620 
[  197.807623] x7 : 0000000000000001 x6 : 00000454a7e5f65c 
[  197.807824] x5 : 00ffffffffffffff x4 : ffff80006c757000 
[  197.808563] x3 : 4000000000000002 x2 : 4000000000000000 
[  197.809117] x1 : ffff800011406980 x0 : ffff00007db5d980 
[  197.809903] Call trace:
[  197.810024]  rcu_idle_enter+0x74/0x80
[  197.810158]  do_idle+0x200/0x288
[  197.810280]  cpu_startup_entry+0x24/0x40
[  197.810420]  secondary_start_kernel+0x154/0x190
[  197.810592] ---[ end trace f79137627107eaea ]---
