[  193.187947] kernel BUG at arch/arm64/kernel/traps.c:405!
[  193.190911] Internal error: Oops - BUG: 0 [#1] PREEMPT SMP
[  193.193096] Modules linked in:
[  193.196392] CPU: 0 PID: 499 Comm: python3 Not tainted 5.4.18 #2
[  193.197436] Hardware name: linux,dummy-virt (DT)
[  193.199348] pstate: 00000005 (nzcv daif -PAN -UAO)
[  193.200464] pc : do_undefinstr+0x2ec/0x310
[  193.201313] lr : do_undefinstr+0x1e0/0x310
[  193.202044] sp : ffff80001213b920
[  193.202709] x29: ffff80001213b920 x28: ffff00007a898e00 
[  193.203789] x27: ffff80001213bd80 x26: 0000000000000011 
[  193.204880] x25: 0000000000000012 x24: 0000000000000000 
[  193.205727] x23: 0000000060000005 x22: ffff800010b788c8 
[  193.206566] x21: ffff80001213bac0 x20: ffff00007a898e00 
[  193.207467] x19: ffff80001213b980 x18: 0000000000000000 
[  193.208902] x17: 0000000000000000 x16: 0000000000000000 
[  193.209612] x15: 0000000000000001 x14: 0000000000000000 
[  193.210282] x13: 0000000000000006 x12: 00000000c0a80164 
[  193.211324] x11: 0000000000000000 x10: 0000000000000068 
[  193.212098] x9 : ffff00007a898e00 x8 : ffff80001213bc30 
[  193.212888] x7 : 00000000dc400000 x6 : ffff80001213b978 
[  193.213525] x5 : 00000000d5300000 x4 : ffff8000117c51f0 
[  193.214206] x3 : 00000000d6300000 x2 : 0000000000000000 
[  193.214746] x1 : ffff00007a898e00 x0 : 0000000060000005 
[  193.216006] Call trace:
[  193.216830]  do_undefinstr+0x2ec/0x310
[  193.217582]  el1_undef+0x10/0x84
[  193.218187]  ip_local_out+0x40/0x58
[  193.218787]  ip_send_skb+0x1c/0xa8
[  193.219371]  udp_send_skb.isra.0+0x11c/0x368
[  193.220109]  udp_sendmsg+0x710/0x860
[  193.220713]  inet_sendmsg+0x40/0x68
[  193.221302]  __sys_sendto+0xd4/0x150
[  193.221957]  __arm64_sys_sendto+0x24/0x30
[  193.222615]  el0_svc_common.constprop.0+0x68/0x160
[  193.223341]  el0_svc_handler+0x20/0x80
[  193.224254]  el0_svc+0x8/0xc
[  193.229009] Code: f9401bf7 17ffff7c a9025bf5 f9001bf7 (d4210000) 
[  193.230960] ---[ end trace 540652e5b78cd263 ]---
[  193.232349] note: python3[499] exited with preempt_count 1
[  193.296355] ------------[ cut here ]------------
[  193.300471] WARNING: CPU: 0 PID: 0 at kernel/rcu/tree.c:569 rcu_idle_enter+0x74/0x80
[  193.305526] Modules linked in:
[  193.306881] CPU: 0 PID: 0 Comm: swapper/0 Tainted: G      D           5.4.18 #2
[  193.307999] Hardware name: linux,dummy-virt (DT)
[  193.309044] pstate: 200003c5 (nzCv DAIF -PAN -UAO)
[  193.311913] pc : rcu_idle_enter+0x74/0x80
[  193.314153] lr : do_idle+0x200/0x288
[  193.316965] sp : ffff8000117b3eb0
[  193.319775] x29: ffff8000117b3eb0 x28: 00000000412b0018 
[  193.321289] x27: 0000000000000000 x26: 0000000000000000 
[  193.321489] x25: 0000000000000000 x24: ffff8000117ba214 
[  193.322101] x23: ffff8000117c2d80 x22: ffff800011404ab8 
[  193.322823] x21: ffff8000117ba1f0 x20: 0000000000000000 
[  193.323047] x19: ffff8000117ba118 x18: 0000000000000010 
[  193.323230] x17: 0000000000000000 x16: 0000000000000000 
[  193.323494] x15: 0000000000000241 x14: 0000000000000000 
[  193.323719] x13: 0000000000000001 x12: 0000000000000000 
[  193.323982] x11: 0000000000000400 x10: 00000000000009c0 
[  193.324264] x9 : ffff8000117b3e20 x8 : ffff8000117c37a0 
[  193.324530] x7 : 0000000000000000 x6 : 000003f850d7a076 
[  193.324838] x5 : 00ffffffffffffff x4 : ffff80006c741000 
[  193.325127] x3 : 4000000000000002 x2 : 4000000000000000 
[  193.325448] x1 : ffff800011406980 x0 : ffff00007db47980 
[  193.325961] Call trace:
[  193.326915]  rcu_idle_enter+0x74/0x80
[  193.327104]  do_idle+0x200/0x288
[  193.327234]  cpu_startup_entry+0x20/0x40
[  193.327571]  rest_init+0xd4/0xe0
[  193.327859]  arch_call_rest_init+0xc/0x14
[  193.328147]  start_kernel+0x420/0x450
[  193.328446] ---[ end trace 540652e5b78cd264 ]---
