[  200.101492] Unable to handle kernel NULL pointer dereference at virtual address 0000000000000023
[  200.111794] Mem abort info:
[  200.114723]   ESR = 0x96000006
[  200.121819]   EC = 0x25: DABT (current EL), IL = 32 bits
[  200.127683]   SET = 0, FnV = 0
[  200.130074]   EA = 0, S1PTW = 0
[  200.133107] Data abort info:
[  200.135094]   ISV = 0, ISS = 0x00000006
[  200.135937]   CM = 0, WnR = 0
[  200.143865] user pgtable: 4k pages, 48-bit VAs, pgdp=00000000b241e000
[  200.151716] [0000000000000023] pgd=00000000b26c0003, pud=00000000b8124003, pmd=0000000000000000
[  200.169984] Internal error: Oops: 96000006 [#1] PREEMPT SMP
[  200.177794] Modules linked in:
[  200.181839] CPU: 6 PID: 493 Comm: python3 Not tainted 5.4.18 #2
[  200.182523] Hardware name: linux,dummy-virt (DT)
[  200.183169] pstate: 60000005 (nZCv daif -PAN -UAO)
[  200.183491] pc : __ip_finish_output+0x30/0x1e0
[  200.183711] lr : ip_output+0xf4/0x1b0
[  200.183919] sp : ffff800011f739f0
[  200.184108] x29: ffff800011f739f0 x28: 000000000000001a 
[  200.186349] x27: ffff800011f73d80 x26: 0000000000000011 
[  200.187400] x25: 0000000000000012 x24: ffff800011963ac0 
[  200.189226] x23: 0000000000000011 x22: ffff0000781de200 
[  200.190185] x21: ffff800011963ac0 x20: ffff00007b396f00 
[  200.191366] x19: ffff00007b396f00 x18: 0000000000000000 
[  200.194106] x17: 0000000000000000 x16: 0000000000000000 
[  200.202684] x15: 0000000000000001 x14: 0000000000000000 
[  200.209636] x13: 0000000000000006 x12: 00000000c0a80164 
[  200.213795] x11: 0000000000000000 x10: 0000000000000068 
[  200.216607] x9 : ffff0000781de200 x8 : ffff800011f73c30 
[  200.221856] x7 : 0000000068c00000 x6 : 0000000000006ae5 
[  200.223929] x5 : 0000000000002511 x4 : 000000000000002e 
[  200.226701] x3 : ffff000079b98000 x2 : ffff000072793000 
[  200.228140] x1 : 0000000000000011 x0 : ffff000072793000 
[  200.229900] Call trace:
[  200.230730]  __ip_finish_output+0x30/0x1e0
[  200.234495]  ip_output+0xf4/0x1b0
[  200.235937]  ip_local_out+0x44/0x58
[  200.238102]  ip_send_skb+0x1c/0xa8
[  200.239014]  udp_send_skb.isra.0+0x11c/0x368
[  200.242547]  udp_sendmsg+0x710/0x860
[  200.242911]  inet_sendmsg+0x40/0x68
[  200.243245]  __sys_sendto+0xd4/0x150
[  200.243575]  __arm64_sys_sendto+0x24/0x30
[  200.244768]  el0_svc_common.constprop.0+0x68/0x160
[  200.246392]  el0_svc_handler+0x20/0x80
[  200.247368]  el0_svc+0x8/0xc
[  200.254105] Code: f9402c42 927ff840 f9400003 b40006c1 (39404824) 
[  200.260125] ---[ end trace 500dc16b3079c0dc ]---
