[  194.141380] Unable to handle kernel paging request at virtual address ffff80007bf7fed2
[  194.143943] Mem abort info:
[  194.144387]   ESR = 0x96000005
[  194.145068]   EC = 0x25: DABT (current EL), IL = 32 bits
[  194.145668]   SET = 0, FnV = 0
[  194.146089]   EA = 0, S1PTW = 0
[  194.146562] Data abort info:
[  194.148781]   ISV = 0, ISS = 0x00000005
[  194.150647]   CM = 0, WnR = 0
[  194.154013] swapper pgtable: 4k pages, 48-bit VAs, pgdp=00000000412a6000
[  194.161638] [ffff80007bf7fed2] pgd=00000000bdfff003, pud=0000000000000000
[  194.172197] Internal error: Oops: 96000005 [#1] PREEMPT SMP
[  194.176220] Modules linked in:
[  194.186834] CPU: 4 PID: 493 Comm: python3 Not tainted 5.4.18 #2
[  194.189305] Hardware name: linux,dummy-virt (DT)
[  194.192240] pstate: 60000005 (nZCv daif -PAN -UAO)
[  194.195349] pc : __ip_finish_output+0x30/0x1e0
[  194.196454] lr : ip_output+0xf4/0x1b0
[  194.197316] sp : ffff800011f739f0
[  194.198054] x29: ffff800011f739f0 x28: 000000000000001a 
[  194.199601] x27: ffff800011f73d80 x26: 0000000000000011 
[  194.207988] x25: 0000000000000012 x24: ffff800011963ac0 
[  194.216182] x23: ffff80007bf7fec0 x22: ffff00007b1de200 
[  194.227487] x21: ffff800011963ac0 x20: ffff0000772f8500 
[  194.231717] x19: ffff0000772f8500 x18: 0000000000000000 
[  194.233936] x17: 0000000000000000 x16: 0000000000000000 
[  194.238153] x15: 0000000000000001 x14: 0000000000000000 
[  194.244678] x13: 0000000000000006 x12: 00000000c0a80164 
[  194.253667] x11: 0000000000000000 x10: 0000000000000068 
[  194.256544] x9 : ffff00007b1de200 x8 : ffff800011f73c30 
[  194.257558] x7 : 000000007a700000 x6 : 0000000000008097 
[  194.267918] x5 : 00000000000010a2 x4 : 000000000000002e 
[  194.273874] x3 : ffff000079b68000 x2 : ffff00007976e0c0 
[  194.275409] x1 : ffff80007bf7fec0 x0 : ffff00007976e0c0 
[  194.280403] Call trace:
[  194.282989]  __ip_finish_output+0x30/0x1e0
[  194.289740]  ip_output+0xf4/0x1b0
[  194.289990]  ip_local_out+0x44/0x58
[  194.290176]  ip_send_skb+0x1c/0xa8
[  194.292772]  udp_send_skb.isra.0+0x11c/0x368
[  194.293544]  udp_sendmsg+0x710/0x860
[  194.296438]  inet_sendmsg+0x40/0x68
[  194.298392]  __sys_sendto+0xd4/0x150
[  194.302642]  __arm64_sys_sendto+0x24/0x30
[  194.305707]  el0_svc_common.constprop.0+0x68/0x160
[  194.306196]  el0_svc_handler+0x20/0x80
[  194.306912]  el0_svc+0x8/0xc
[  194.308324] Code: f9402c42 927ff840 f9400003 b40006c1 (39404824) 
[  194.315033] ---[ end trace bca4085299a502a4 ]---
