[  193.572423] Unable to handle kernel paging request at virtual address 0000000075d0f030
[  193.587234] Mem abort info:
[  193.587586]   ESR = 0x96000005
[  193.587965]   EC = 0x25: DABT (current EL), IL = 32 bits
[  193.588312]   SET = 0, FnV = 0
[  193.588817]   EA = 0, S1PTW = 0
[  193.589382] Data abort info:
[  193.593992]   ISV = 0, ISS = 0x00000005
[  193.599338]   CM = 0, WnR = 0
[  193.601531] user pgtable: 4k pages, 48-bit VAs, pgdp=00000000b5c9c000
[  193.605870] [0000000075d0f030] pgd=00000000afd5b003, pud=0000000000000000
[  193.609073] Internal error: Oops: 96000005 [#1] PREEMPT SMP
[  193.610185] Modules linked in:
[  193.617742] CPU: 2 PID: 495 Comm: python3 Not tainted 5.4.18 #2
[  193.621112] Hardware name: linux,dummy-virt (DT)
[  193.625523] pstate: 60000005 (nZCv daif -PAN -UAO)
[  193.628913] pc : ip_local_out+0x3c/0x58
[  193.629266] lr : ip_local_out+0x20/0x58
[  193.629600] sp : ffff800011da3ac0
[  193.631224] x29: ffff800011da3ac0 x28: 000000000000001a 
[  193.632004] x27: ffff800011da3d80 x26: 0000000000000011 
[  193.632674] x25: 0000000000000012 x24: ffff00007832ae24 
[  193.633364] x23: ffff800011da3c30 x22: ffff00007821aec0 
[  193.633844] x21: ffff00007821aec0 x20: ffff800011963ac0 
[  193.634180] x19: ffff00007943f100 x18: 0000000000000000 
[  193.635588] x17: 0000000000000000 x16: 0000000000000000 
[  193.635922] x15: 0000000000000001 x14: 0000000000000000 
[  193.636400] x13: 0000000000000006 x12: 00000000c0a80164 
[  193.636949] x11: 0000000000000000 x10: 0000000000000068 
[  193.637379] x9 : ffff00007807b800 x8 : ffff800011da3c30 
[  193.637909] x7 : 0000000040200000 x6 : 0000000000003fec 
[  193.638306] x5 : ffff00007832ae24 x4 : ffff00007832ae24 
[  193.639675] x3 : 0000000075d0f000 x2 : ffff00007943f100 
[  193.640166] x1 : ffff00007821aec0 x0 : ffff800011963ac0 
[  193.641154] Call trace:
[  193.641625]  ip_local_out+0x3c/0x58
[  193.642943]  ip_send_skb+0x1c/0xa8
[  193.643698]  udp_send_skb.isra.0+0x11c/0x368
[  193.644417]  udp_sendmsg+0x710/0x860
[  193.644891]  inet_sendmsg+0x40/0x68
[  193.645262]  __sys_sendto+0xd4/0x150
[  193.645682]  __arm64_sys_sendto+0x24/0x30
[  193.646355]  el0_svc_common.constprop.0+0x68/0x160
[  193.648064]  el0_svc_handler+0x20/0x80
[  193.648923]  el0_svc+0x8/0xc
[  193.651553] Code: aa1503e1 aa1403e0 aa1303e2 927fb863 (f9401863) 
[  193.654792] ---[ end trace 0816bc57be16129d ]---
