[  194.293549] kernel BUG at arch/arm64/kernel/traps.c:405!
[  194.295711] Internal error: Oops - BUG: 0 [#1] PREEMPT SMP
[  194.298877] Modules linked in:
[  194.300081] CPU: 1 PID: 494 Comm: python3 Not tainted 5.4.18 #2
[  194.300851] Hardware name: linux,dummy-virt (DT)
[  194.303541] pstate: 00000005 (nzcv daif -PAN -UAO)
[  194.305975] pc : do_undefinstr+0x2ec/0x310
[  194.306538] lr : do_undefinstr+0x1e0/0x310
[  194.307542] sp : ffff800011d73950
[  194.307866] x29: ffff800011d73950 x28: ffff00007955b800 
[  194.308266] x27: ffff800011d73d80 x26: 0000000000000011 
[  194.308529] x25: 0000000000000012 x24: 0000000000000000 
[  194.308808] x23: 0000000060000005 x22: ffff800010b788d8 
[  194.309117] x21: ffff800011d73af0 x20: ffff00007955b800 
[  194.309395] x19: ffff800011d739b0 x18: 0000000000000000 
[  194.309669] x17: 0000000000000000 x16: 0000000000000000 
[  194.309942] x15: 0000000000000001 x14: 0000000000000000 
[  194.310216] x13: 0000000000000006 x12: 000000000000003c 
[  194.310500] x11: ffff0000726dd000 x10: 0000000000000000 
[  194.312081] x9 : ffff000076bfe140 x8 : 0000000000000028 
[  194.313176] x7 : ffff0000706b2000 x6 : ffff800011d739a8 
[  194.314069] x5 : 00000000d5300000 x4 : ffff8000117c51f0 
[  194.314945] x3 : 00000000de500000 x2 : 0000000000000000 
[  194.316524] x1 : ffff00007955b800 x0 : 0000000060000005 
[  194.318832] Call trace:
[  194.320064]  do_undefinstr+0x2ec/0x310
[  194.321523]  el1_undef+0x10/0x84
[  194.322242]  ip_local_out+0x50/0x58
[  194.322831]  udp_send_skb.isra.0+0x11c/0x368
[  194.323312]  udp_sendmsg+0x710/0x860
[  194.323700]  inet_sendmsg+0x40/0x68
[  194.324571]  __sys_sendto+0xd4/0x150
[  194.326489]  __arm64_sys_sendto+0x24/0x30
[  194.326838]  el0_svc_common.constprop.0+0x68/0x160
[  194.327229]  el0_svc_handler+0x20/0x80
[  194.327551]  el0_svc+0x8/0xc
[  194.328590] Code: f9401bf7 17ffff7c a9025bf5 f9001bf7 (d4210000) 
[  194.331757] ---[ end trace 62fad774ad02bf95 ]---
[  194.335801] note: python3[494] exited with preempt_count 1
[  194.440761] ------------[ cut here ]------------
[  194.446054] WARNING: CPU: 1 PID: 0 at kernel/rcu/tree.c:569 rcu_idle_enter+0x74/0x80
[  194.452423] Modules linked in:
[  194.453862] CPU: 1 PID: 0 Comm: swapper/1 Tainted: G      D           5.4.18 #2
[  194.454534] Hardware name: linux,dummy-virt (DT)
[  194.456491] pstate: 200003c5 (nzCv DAIF -PAN -UAO)
[  194.457927] pc : rcu_idle_enter+0x74/0x80
[  194.461196] lr : do_idle+0x200/0x288
[  194.466288] sp : ffff800011a4bf20
[  194.468354] x29: ffff800011a4bf20 x28: 0000000000000000 
[  194.473637] x27: 0000000000000000 x26: 0000000000000000 
[  194.481152] x25: 0000000000000000 x24: ffff8000117ba214 
[  194.482010] x23: ffff00007b0c1c00 x22: ffff800011404ab8 
[  194.485862] x21: ffff8000117ba1f0 x20: 0000000000000001 
[  194.491319] x19: ffff8000117ba118 x18: 0000000000000010 
[  194.495198] x17: 0000000000000000 x16: 0000000000000000 
[  194.499438] x15: 0000000000000000 x14: 0000000000000000 
[  194.501211] x13: 0000000000000002 x12: 0000000000000000 
[  194.502897] x11: 0000000000000000 x10: 00000000000009c0 
[  194.507565] x9 : ffff800011a4be90 x8 : ffff00007b0c2620 
[  194.508777] x7 : 00000000000003b9 x6 : 000004f34e784bd5 
[  194.512053] x5 : 00ffffffffffffff x4 : ffff80006c757000 
[  194.516816] x3 : 4000000000000002 x2 : 4000000000000000 
[  194.528622] x1 : ffff800011406980 x0 : ffff00007db5d980 
[  194.537011] Call trace:
[  194.537405]  rcu_idle_enter+0x74/0x80
[  194.540784]  do_idle+0x200/0x288
[  194.548034]  cpu_startup_entry+0x24/0x40
[  194.552373]  secondary_start_kernel+0x154/0x190
[  194.553966] ---[ end trace 62fad774ad02bf96 ]---
