[  192.508188] Unable to handle kernel paging request at virtual address 00000000000053c9
[  192.519052] Mem abort info:
[  192.525667]   ESR = 0x96000021
[  192.530829]   EC = 0x25: DABT (current EL), IL = 32 bits
[  192.538606]   SET = 0, FnV = 0
[  192.542294]   EA = 0, S1PTW = 0
[  192.548729] Data abort info:
[  192.549612]   ISV = 0, ISS = 0x00000021
[  192.558964]   CM = 0, WnR = 0
[  192.562815] user pgtable: 4k pages, 48-bit VAs, pgdp=00000000b1765000
[  192.563999] [00000000000053c9] pgd=00000000b806d003, pud=00000000b45b1003, pmd=0000000000000000
[  192.570104] Internal error: Oops: 96000021 [#1] PREEMPT SMP
[  192.572068] Modules linked in:
[  192.576069] CPU: 5 PID: 492 Comm: python3 Not tainted 5.4.18 #2
[  192.578085] Hardware name: linux,dummy-virt (DT)
[  192.580194] pstate: 60000005 (nZCv daif -PAN -UAO)
[  192.587427] pc : ms_input_mapping+0x85c/0x888
[  192.588411] lr : ip_local_out+0x20/0x58
[  192.589567] sp : ffff800011fcbac0
[  192.590805] x29: ffff800011fcbac0 x28: 000000000000001a 
[  192.593274] x27: ffff800011fcbd80 x26: 0000000000000011 
[  192.596310] x25: 0000000000000012 x24: ffff000070fbd424 
[  192.596513] x23: ffff800011fcbc30 x22: ffff00007a9ce1c0 
[  192.598963] x21: ffff00007a9ce1c0 x20: ffff800011963ac0 
[  192.600695] x19: ffff0000772ed500 x18: 0000000000000000 
[  192.603129] x17: 0000000000000000 x16: 0000000000000000 
[  192.604245] x15: 0000000000000001 x14: 0000000000000000 
[  192.605242] x13: 0000000000000006 x12: 00000000c0a80164 
[  192.606238] x11: 0000000000000000 x10: 0000000000000068 
[  192.607836] x9 : ffff00007808e200 x8 : ffff800011fcbc30 
[  192.609488] x7 : 000000006f600000 x6 : 0000000000005389 
[  192.612449] x5 : 0000000000000024 x4 : 0000000000000000 
[  192.615093] x3 : 0000000000000011 x2 : 00000000000053c9 
[  192.616586] x1 : ffff00007a9ce1c0 x0 : ffff800011963ac0 
[  192.618444] Call trace:
[  192.619859]  ms_input_mapping+0x85c/0x888
[  192.622150]  ip_send_skb+0x1c/0xa8
[  192.625296]  udp_send_skb.isra.0+0x11c/0x368
[  192.628422]  udp_sendmsg+0x710/0x860
[  192.629379]  inet_sendmsg+0x40/0x68
[  192.629537]  __sys_sendto+0xd4/0x150
[  192.629684]  __arm64_sys_sendto+0x24/0x30
[  192.629871]  el0_svc_common.constprop.0+0x68/0x160
[  192.630049]  el0_svc_handler+0x20/0x80
[  192.630192]  el0_svc+0x8/0xc
[  192.632828] Code: c8027c61 35ffffa2 17ffff80 f9800051 (c85f7c40) 
[  192.637234] ---[ end trace 833a462c4e79b184 ]---
