[  193.746269] Unable to handle kernel NULL pointer dereference at virtual address 0000000000000000
[  193.749344] Mem abort info:
[  193.750279]   ESR = 0x86000006
[  193.750802]   EC = 0x21: IABT (current EL), IL = 32 bits
[  193.751233]   SET = 0, FnV = 0
[  193.751559]   EA = 0, S1PTW = 0
[  193.752611] user pgtable: 4k pages, 48-bit VAs, pgdp=00000000b085e000
[  193.754022] [0000000000000000] pgd=00000000b145b003, pud=00000000b0a2d003, pmd=0000000000000000
[  193.759954] Internal error: Oops: 86000006 [#1] PREEMPT SMP
[  193.762077] Modules linked in:
[  193.764099] CPU: 7 PID: 494 Comm: python3 Not tainted 5.4.18 #2
[  193.764582] Hardware name: linux,dummy-virt (DT)
[  193.765332] pstate: 60000005 (nZCv daif -PAN -UAO)
[  193.767615] pc : 0x0
[  193.769759] lr : fat_parse_short+0x114/0x658
[  193.771294] sp : ffff800011d43ac0
[  193.772576] x29: ffff800011d43ac0 x28: 000000000000001a 
[  193.775027] x27: 0000000000000000 x26: 0000000000000001 
[  193.777054] x25: ffff800011d43bbd x24: 0000000000000000 
[  193.782888] x23: 0000000000000008 x22: ffff00007b23b740 
[  193.784897] x21: 0000000000000000 x20: ffff800011d43ba0 
[  193.786892] x19: 0000000000000000 x18: 0000000000000000 
[  193.788579] x17: 0000000000000000 x16: 0000000000000000 
[  193.789664] x15: 0000000000000001 x14: 0000000000000000 
[  193.790474] x13: 0000000000000006 x12: 00000000c0a80164 
[  193.792642] x11: 0000000000000000 x10: 0000000000000000 
[  193.793496] x9 : ffff800011d43ba0 x8 : 0000000000000008 
[  193.794308] x7 : 000000005aa00000 x6 : 00000000000075ec 
[  193.796742] x5 : 0000000000000000 x4 : 0000000000000000 
[  193.797578] x3 : 0000000000000011 x2 : ffff800011d43ba0 
[  193.798035] x1 : 0000000000000008 x0 : ffff800011d43bbd 
[  193.798691] Call trace:
[  193.801283]  0x0
[  193.801841]  ip_send_skb+0x1c/0xa8
[  193.802290]  udp_send_skb.isra.0+0x11c/0x368
[  193.802949]  0xffff800011d43c30
[  193.804410]  inet_sendmsg+0x40/0x68
[  193.805077]  __sys_sendto+0xd4/0x150
[  193.806812]  __arm64_sys_sendto+0x24/0x30
[  193.807201]  el0_svc_common.constprop.0+0x68/0x160
[  193.809936]  el0_svc_handler+0x20/0x80
[  193.811517]  el0_svc+0x8/0xc
[  193.813982] Code: bad PC value
[  193.815908] ---[ end trace 549d961ae44862ce ]---
