[  194.085205] Unable to handle kernel NULL pointer dereference at virtual address 0000000000000000
[  194.099655] Mem abort info:
[  194.100644]   ESR = 0x86000006
[  194.101601]   EC = 0x21: IABT (current EL), IL = 32 bits
[  194.108293]   SET = 0, FnV = 0
[  194.108865]   EA = 0, S1PTW = 0
[  194.114741] user pgtable: 4k pages, 48-bit VAs, pgdp=00000000b83f4000
[  194.123468] [0000000000000000] pgd=00000000baa35003, pud=00000000ba8e0003, pmd=0000000000000000
[  194.130644] Internal error: Oops: 86000006 [#1] PREEMPT SMP
[  194.137380] Modules linked in:
[  194.140582] CPU: 7 PID: 494 Comm: python3 Not tainted 5.4.18 #2
[  194.140929] Hardware name: linux,dummy-virt (DT)
[  194.141887] pstate: 60000005 (nZCv daif -PAN -UAO)
[  194.146713] pc : 0x0
[  194.149748] lr : ip_send_skb+0x1c/0xa8
[  194.150267] sp : ffff800011f8baf0
[  194.151676] x29: ffff800011f8baf0 x28: 000000000000001a 
[  194.152807] x27: ffff800011f8bd80 x26: 0000000000000011 
[  194.153509] x25: 0000000000000012 x24: ffff000078239e24 
[  194.154186] x23: ffff800011f8bc30 x22: ffff0000794a4c80 
[  194.155118] x21: 0000000000000011 x20: 000000000000001a 
[  194.155677] x19: ffff800011963ac0 x18: 0000000000000000 
[  194.156185] x17: 0000000000000000 x16: 0000000000000000 
[  194.156743] x15: 0000000000000001 x14: 0000000000000000 
[  194.157275] x13: 0000000000000006 x12: 000000000000003c 
[  194.157805] x11: ffff000070801000 x10: 0000000000000000 
[  194.158403] x9 : ffff000076e17940 x8 : 0000000000000028 
[  194.160106] x7 : ffff000072462000 x6 : 0000000022100000 
[  194.160879] x5 : 0000000000000000 x4 : ffff000072462000 
[  194.161419] x3 : 00000000000003e8 x2 : 0000000000000000 
[  194.162431] x1 : 0000000000000000 x0 : 0000000000000000 
[  194.164051] Call trace:
[  194.164659]  0x0
[  194.165017]  udp_send_skb.isra.0+0x11c/0x368
[  194.165530]  udp_sendmsg+0x710/0x860
[  194.165929]  inet_sendmsg+0x40/0x68
[  194.167828]  __sys_sendto+0xd4/0x150
[  194.168450]  __arm64_sys_sendto+0x24/0x30
[  194.168762]  el0_svc_common.constprop.0+0x68/0x160
[  194.169148]  el0_svc_handler+0x20/0x80
[  194.169452]  el0_svc+0x8/0xc
[  194.171916] Code: bad PC value
[  194.177882] ---[ end trace d801cc3775fc5b8a ]---
