[  195.316167] kernel BUG at arch/arm64/kernel/traps.c:405!
[  195.323412] Internal error: Oops - BUG: 0 [#1] PREEMPT SMP
[  195.327853] Modules linked in:
[  195.331025] CPU: 1 PID: 495 Comm: python3 Not tainted 5.4.18 #2
[  195.333266] Hardware name: linux,dummy-virt (DT)
[  195.336148] pstate: 00000005 (nzcv daif -PAN -UAO)
[  195.338784] pc : do_undefinstr+0x2ec/0x310
[  195.339894] lr : do_undefinstr+0x1e0/0x310
[  195.341136] sp : ffff800011d63920
[  195.342345] x29: ffff800011d63920 x28: ffff000076cb5400 
[  195.344450] x27: ffff800011d63d80 x26: 0000000000000011 
[  195.345968] x25: 0000000000000012 x24: 0000000000000000 
[  195.347399] x23: 0000000060000005 x22: ffff800010b78890 
[  195.348410] x21: ffff800011d63ac0 x20: ffff000076cb5400 
[  195.349444] x19: ffff800011d63980 x18: 0000000000000000 
[  195.351566] x17: 0000000000000000 x16: 0000000000000000 
[  195.353370] x15: 0000000000000001 x14: 0000000000000000 
[  195.354232] x13: 0000000000000006 x12: 00000000c0a80164 
[  195.354903] x11: 0000000000000000 x10: 0000000000000068 
[  195.355898] x9 : ffff000076cb5400 x8 : ffff800011d63c30 
[  195.356860] x7 : 0000000076d00000 x6 : ffff800011d63978 
[  195.357866] x5 : 00000000d5300000 x4 : ffff8000117c51f0 
[  195.358773] x3 : 0000000089000000 x2 : 0000000000000000 
[  195.360088] x1 : ffff000076cb5400 x0 : 0000000060000005 
[  195.362065] Call trace:
[  195.363334]  do_undefinstr+0x2ec/0x310
[  195.364292]  el1_undef+0x10/0x84
[  195.365107]  ip_local_out+0x8/0x58
[  195.367222]  ip_send_skb+0x1c/0xa8
[  195.368276]  udp_send_skb.isra.0+0x11c/0x368
[  195.369017]  udp_sendmsg+0x710/0x860
[  195.369725]  inet_sendmsg+0x40/0x68
[  195.370361]  __sys_sendto+0xd4/0x150
[  195.370943]  __arm64_sys_sendto+0x24/0x30
[  195.371681]  el0_svc_common.constprop.0+0x68/0x160
[  195.372406]  el0_svc_handler+0x20/0x80
[  195.373006]  el0_svc+0x8/0xc
[  195.375056] Code: f9401bf7 17ffff7c a9025bf5 f9001bf7 (d4210000) 
[  195.379026] ---[ end trace d4c499cf92880732 ]---
[  195.382959] note: python3[495] exited with preempt_count 1
[  195.516528] ------------[ cut here ]------------
[  195.535569] WARNING: CPU: 1 PID: 0 at kernel/rcu/tree.c:569 rcu_idle_enter+0x74/0x80
[  195.542937] Modules linked in:
[  195.544190] CPU: 1 PID: 0 Comm: swapper/1 Tainted: G      D           5.4.18 #2
[  195.548047] Hardware name: linux,dummy-virt (DT)
[  195.553145] pstate: 200003c5 (nzCv DAIF -PAN -UAO)
[  195.572436] pc : rcu_idle_enter+0x74/0x80
[  195.578195] lr : do_idle+0x200/0x288
[  195.583693] sp : ffff800011a4bf20
[  195.590358] x29: ffff800011a4bf20 x28: 0000000000000000 
[  195.599398] x27: 0000000000000000 x26: 0000000000000000 
[  195.603572] x25: 0000000000000000 x24: ffff8000117ba214 
[  195.610284] x23: ffff00007b0c1c00 x22: ffff800011404ab8 
[  195.611789] x21: ffff8000117ba1f0 x20: 0000000000000001 
[  195.618138] x19: ffff8000117ba118 x18: 0000000000000010 
[  195.620448] x17: 0000000000000000 x16: 0000000000000000 
[  195.623807] x15: ffff000076cb5870 x14: 0000000000000000 
[  195.626131] x13: 000000000000386b x12: 00000000000002d5 
[  195.628764] x11: 0000000000e1c9b3 x10: 00000000000009c0 
[  195.635084] x9 : ffff800011a4be90 x8 : ffff00007b0c2620 
[  195.637058] x7 : 0000000000000001 x6 : 0000006a877fd0eb 
[  195.640738] x5 : 00ffffffffffffff x4 : ffff80006c757000 
[  195.648119] x3 : 4000000000000002 x2 : 4000000000000000 
[  195.649048] x1 : ffff800011406980 x0 : ffff00007db5d980 
[  195.655432] Call trace:
[  195.659886]  rcu_idle_enter+0x74/0x80
[  195.665038]  do_idle+0x200/0x288
[  195.671351]  cpu_startup_entry+0x24/0x40
[  195.676530]  secondary_start_kernel+0x154/0x190
[  195.679793] ---[ end trace d4c499cf92880733 ]---
