[  156.169870] Unable to handle kernel write to read-only memory at virtual address ffff800010b79b34
[  156.180008] Mem abort info:
[  156.181155]   ESR = 0x9600004e
[  156.181867]   EC = 0x25: DABT (current EL), IL = 32 bits
[  156.182417]   SET = 0, FnV = 0
[  156.182763]   EA = 0, S1PTW = 0
[  156.184959] Data abort info:
[  156.185997]   ISV = 0, ISS = 0x0000004e
[  156.186655]   CM = 0, WnR = 1
[  156.190626] swapper pgtable: 4k pages, 48-bit VAs, pgdp=00000000412a6000
[  156.191442] [ffff800010b79b34] pgd=00000000bdfff003, pud=00000000bdffe003, pmd=0040000040a00791
[  156.198781] Internal error: Oops: 9600004e [#1] PREEMPT SMP
[  156.200741] Modules linked in:
[  156.209329] CPU: 7 PID: 493 Comm: python3 Not tainted 5.4.18 #2
[  156.210106] Hardware name: linux,dummy-virt (DT)
[  156.213360] pstate: 60000005 (nZCv daif -PAN -UAO)
[  156.222259] pc : ip_local_out+0x0/0x58
[  156.222719] lr : ip_send_skb+0x1c/0xa8
[  156.223583] sp : ffff800011f9baf0
[  156.224191] x29: ffff800011f9baf0 x28: 000000000000001a 
[  156.225022] x27: ffff800011f9bd80 x26: 0000000000000011 
[  156.225573] x25: 0000000000000012 x24: ffff000077cd4624 
[  156.225967] x23: ffff800011f9bc30 x22: ffff000077e41540 
[  156.226386] x21: 0000000000000011 x20: 000000000000001a 
[  156.226779] x19: ffff800011963ac0 x18: 0000000000000000 
[  156.227283] x17: 0000000000000000 x16: 0000000000000000 
[  156.227668] x15: 0000000000000001 x14: 0000000000000000 
[  156.230014] x13: 0000000000000006 x12: 00000000c0a80164 
[  156.230216] x11: 0000000000000000 x10: 0000000000000068 
[  156.230398] x9 : ffff000078cbaa00 x8 : ffff800011f9bc30 
[  156.230782] x7 : 0000000098a00000 x6 : 000000000000e8ba 
[  156.231122] x5 : 0000000000000024 x4 : 0000000000000000 
[  156.232215] x3 : 0000000000000011 x2 : ffff000078c0de00 
[  156.232659] x1 : ffff000077e41540 x0 : ffff800011963ac0 
[  156.234069] Call trace:
[  156.234708]  ip_local_out+0x0/0x58
[  156.235889]  udp_send_skb.isra.0+0x11c/0x368
[  156.236483]  udp_sendmsg+0x710/0x860
[  156.236790]  inet_sendmsg+0x40/0x68
[  156.237313]  __sys_sendto+0xd4/0x150
[  156.237654]  __arm64_sys_sendto+0x24/0x30
[  156.238156]  el0_svc_common.constprop.0+0x68/0x160
[  156.238509]  el0_svc_handler+0x20/0x80
[  156.241225]  el0_svc+0x8/0xc
[  156.249954] Code: d65f03c0 52800017 17fffff3 97d5a859 (a9bd7bdd) 
[  156.254721] ---[ end trace 665c6f9e52e4a119 ]---
