[  194.174995] Insufficient stack space to handle exception!
[  194.177363] ESR: 0x96000044 -- DABT (current EL)
[  194.184690] FAR: 0xffffffffffffff70
[  194.186464] Task stack:     [0xffff800011f40000..0xffff800011f44000]
[  194.189794] IRQ stack:      [0xffff800010008000..0xffff80001000c000]
[  194.191122] Overflow stack: [0xffff00007db512a0..0xffff00007db522a0]
[  194.195916] CPU: 1 PID: 498 Comm: python3 Not tainted 5.4.18 #2
[  194.197973] Hardware name: linux,dummy-virt (DT)
[  194.205461] pstate: 60000005 (nZCv daif -PAN -UAO)
[  194.213358] pc : ip_output+0x0/0x1b0
[  194.214642] lr : ip_local_out+0x44/0x58
[  194.215579] sp : 0000000000000000
[  194.216453] x29: ffff800011f43ac0 x28: 000000000000001a 
[  194.222196] x27: ffff800011f43d80 x26: 0000000000000011 
[  194.223310] x25: 0000000000000012 x24: ffff000074110c24 
[  194.224338] x23: ffff800011f43c30 x22: ffff00007b22d500 
[  194.225295] x21: ffff00007b22d500 x20: ffff800011963ac0 
[  194.226338] x19: ffff0000772c2d00 x18: 0000000000000000 
[  194.227305] x17: 0000000000000000 x16: 0000000000000000 
[  194.229033] x15: 0000000000000001 x14: 0000000000000000 
[  194.230224] x13: 0000000000000006 x12: 00000000c0a80164 
[  194.231199] x11: 0000000000000000 x10: 0000000000000068 
[  194.232720] x9 : ffff00007b330e00 x8 : ffff800011f43c30 
[  194.235670] x7 : 000000001ce00000 x6 : 0000000000002d8d 
[  194.236766] x5 : ffff000074110c24 x4 : ffff000074110c24 
[  194.237755] x3 : ffff800010b79140 x2 : ffff0000772c2d00 
[  194.239555] x1 : ffff00007b22d500 x0 : ffff800011963ac0 
[  194.243730] Kernel panic - not syncing: kernel stack overflow
[  194.245792] CPU: 1 PID: 498 Comm: python3 Not tainted 5.4.18 #2
[  194.247949] Hardware name: linux,dummy-virt (DT)
[  194.251160] Call trace:
[  194.251967]  dump_backtrace+0x0/0x140
[  194.253844]  show_stack+0x14/0x20
[  194.254633]  dump_stack+0xb4/0xf8
[  194.255276]  panic+0x158/0x324
[  194.255846]  nmi_panic+0x84/0x88
[  194.256480]  handle_bad_stack+0x108/0x130
[  194.257180]  __bad_stack+0x90/0x94
[  194.257806]  ip_output+0x0/0x1b0
[  194.258463]  ip_send_skb+0x1c/0xa8
[  194.259115]  udp_send_skb.isra.0+0x11c/0x368
[  194.259840]  udp_sendmsg+0x710/0x860
[  194.260531]  inet_sendmsg+0x40/0x68
[  194.261183]  __sys_sendto+0xd4/0x150
[  194.261827]  __arm64_sys_sendto+0x24/0x30
[  194.262725]  el0_svc_common.constprop.0+0x68/0x160
[  194.263648]  el0_svc_handler+0x20/0x80
[  194.264876]  el0_svc+0x8/0xc
[  194.270418] SMP: stopping secondary CPUs
[  194.273559] Kernel Offset: disabled
[  194.274917] CPU features: 0x0002,20006000
[  194.275861] Memory Limit: none
[  194.285761] ---[ end Kernel panic - not syncing: kernel stack overflow ]---
