[  194.741170] Unable to handle kernel NULL pointer dereference at virtual address 000000000000001a
[  194.745781] Mem abort info:
[  194.748245]   ESR = 0x86000006
[  194.752357]   EC = 0x21: IABT (current EL), IL = 32 bits
[  194.757677]   SET = 0, FnV = 0
[  194.763655]   EA = 0, S1PTW = 0
[  194.766661] user pgtable: 4k pages, 48-bit VAs, pgdp=00000000b59c5000
[  194.773514] [000000000000001a] pgd=00000000ba4c5003, pud=00000000b90d1003, pmd=0000000000000000
[  194.783636] Internal error: Oops: 86000006 [#1] PREEMPT SMP
[  194.786875] Modules linked in:
[  194.799266] CPU: 4 PID: 493 Comm: python3 Not tainted 5.4.18 #2
[  194.801302] Hardware name: linux,dummy-virt (DT)
[  194.804660] pstate: 60000005 (nZCv daif -PAN -UAO)
[  194.808340] pc : 0x1a
[  194.808758] lr : 0x1a
[  194.811528] sp : ffff800011ffbb20
[  194.812817] x29: ffff800011963ac0 x28: 000000000000001a 
[  194.819841] x27: ffff800011ffbd80 x26: 0000000000000011 
[  194.821459] x25: 0000000000000012 x24: ffff000078264424 
[  194.823246] x23: ffff800011ffbc30 x22: ffff00007b2cc840 
[  194.827817] x21: 0000000000000011 x20: ffff000000000000 
[  194.829593] x19: ffff0000791c9000 x18: 0000000000000000 
[  194.831197] x17: 0000000000000000 x16: 0000000000000000 
[  194.835450] x15: 0000000000000001 x14: 0000000000000000 
[  194.836726] x13: 0000000000000006 x12: 000000000000003c 
[  194.837147] x11: ffff0000768cf000 x10: 0000000000000000 
[  194.838129] x9 : ffff000079b8cd40 x8 : 0000000000000028 
[  194.838408] x7 : ffff000079b86000 x6 : 0000000022100000 
[  194.838603] x5 : 0000000000000000 x4 : ffff000079b86000 
[  194.838845] x3 : 00000000000003e8 x2 : 0000000000000000 
[  194.840932] x1 : 0000000000000000 x0 : 0000000000000000 
[  194.844865] Call trace:
[  194.845339]  0x1a
[  194.847334] Code: bad PC value
[  194.849141] ---[ end trace cb0149605d80dc95 ]---
