[  193.521459] Unable to handle kernel paging request at virtual address fffc0001ea66b858
[  193.539377] Mem abort info:
[  193.539800]   ESR = 0x96000004
[  193.540510]   EC = 0x25: DABT (current EL), IL = 32 bits
[  193.541225]   SET = 0, FnV = 0
[  193.545539]   EA = 0, S1PTW = 0
[  193.549504] Data abort info:
[  193.552283]   ISV = 0, ISS = 0x00000004
[  193.555247]   CM = 0, WnR = 0
[  193.558567] [fffc0001ea66b858] address between user and kernel address ranges
[  193.561609] Internal error: Oops: 96000004 [#1] PREEMPT SMP
[  193.567726] Modules linked in:
[  193.578054] CPU: 0 PID: 496 Comm: python3 Not tainted 5.4.18 #2
[  193.582610] Hardware name: linux,dummy-virt (DT)
[  193.588910] pstate: 60000005 (nZCv daif -PAN -UAO)
[  193.599275] pc : ip_local_out+0x28/0x58
[  193.602906] lr : ip_local_out+0x20/0x58
[  193.604313] sp : ffff800011f3bac0
[  193.607831] x29: ffff800011f3bac0 x28: 000000000000001a 
[  193.615681] x27: ffff800011f3bd80 x26: 0000000000000011 
[  193.620190] x25: 0000000000000012 x24: ffff000078294624 
[  193.627639] x23: ffff800011f3bc30 x22: ffff000078102ec0 
[  193.628395] x21: ffff000078102ec0 x20: ffff800011963ac0 
[  193.629745] x19: fffc0001ea66b800 x18: 0000000000000000 
[  193.631122] x17: 0000000000000000 x16: 0000000000000000 
[  193.631777] x15: 0000000000000001 x14: 0000000000000000 
[  193.632666] x13: 0000000000000006 x12: 00000000c0a80164 
[  193.633558] x11: 0000000000000000 x10: 0000000000000068 
[  193.638887] x9 : ffff000071148000 x8 : ffff800011f3bc30 
[  193.642074] x7 : 0000000095000000 x6 : 000000000000bad4 
[  193.643208] x5 : ffff000078294624 x4 : ffff000078294624 
[  193.646607] x3 : 00000000ffff20e4 x2 : 00000000ded80043 
[  193.649891] x1 : 0000000000000000 x0 : 0000000000000001 
[  193.653040] Call trace:
[  193.658691]  ip_local_out+0x28/0x58
[  193.662716]  ip_send_skb+0x1c/0xa8
[  193.668034]  udp_send_skb.isra.0+0x11c/0x368
[  193.673268]  udp_sendmsg+0x710/0x860
[  193.675847]  inet_sendmsg+0x40/0x68
[  193.676650]  __sys_sendto+0xd4/0x150
[  193.679321]  __arm64_sys_sendto+0x24/0x30
[  193.682180]  el0_svc_common.constprop.0+0x68/0x160
[  193.683835]  el0_svc_handler+0x20/0x80
[  193.686606]  el0_svc+0x8/0xc
[  193.690672] Code: aa0103f5 97ffffa3 7100041f 54000101 (f9402e63) 
[  193.692181] ---[ end trace 1309781fb5fff35d ]---
