[  194.183274] Unable to handle kernel paging request at virtual address ff800011963ac180
[  194.206977] Mem abort info:
[  194.208038]   ESR = 0x96000004
[  194.212304]   EC = 0x25: DABT (current EL), IL = 32 bits
[  194.214236]   SET = 0, FnV = 0
[  194.214789]   EA = 0, S1PTW = 0
[  194.217506] Data abort info:
[  194.218695]   ISV = 0, ISS = 0x00000004
[  194.219650]   CM = 0, WnR = 0
[  194.225077] [ff800011963ac180] address between user and kernel address ranges
[  194.231663] Internal error: Oops: 96000004 [#1] PREEMPT SMP
[  194.234162] Modules linked in:
[  194.248626] CPU: 3 PID: 495 Comm: python3 Not tainted 5.4.18 #2
[  194.258340] Hardware name: linux,dummy-virt (DT)
[  194.272846] pstate: 60000005 (nZCv daif -PAN -UAO)
[  194.282052] pc : ip_output+0x44/0x1b0
[  194.283688] lr : ip_local_out+0x44/0x58
[  194.284337] sp : ffff800011f83a30
[  194.289680] x29: ffff800011f83a30 x28: 000000000000001a 
[  194.291817] x27: ffff800011f83d80 x26: 0000000000000011 
[  194.293871] x25: 0000000000000012 x24: ffff000079bf9424 
[  194.300169] x23: ffff00007b2caa80 x22: ffff00007b2be200 
[  194.302130] x21: ff800011963ac000 x20: ffff00007aa77100 
[  194.303083] x19: ffff00007aa77100 x18: 0000000000000000 
[  194.304586] x17: 0000000000000000 x16: 0000000000000000 
[  194.308444] x15: 0000000000000001 x14: 0000000000000000 
[  194.310170] x13: 0000000000000006 x12: 00000000c0a80164 
[  194.311059] x11: 0000000000000000 x10: 0000000000000068 
[  194.311819] x9 : ffff00007b2be200 x8 : ffff800011f83c30 
[  194.312389] x7 : 0000000092800000 x6 : 000000000000d8ac 
[  194.315093] x5 : ffff000079bf9424 x4 : ffff000079bf9424 
[  194.317751] x3 : ffff000076f6e0c0 x2 : ffff00007b2be200 
[  194.320295] x1 : ffff00007b2caa80 x0 : 0000000000000001 
[  194.322010] Call trace:
[  194.323043]  ip_output+0x44/0x1b0
[  194.323542]  ip_local_out+0x44/0x58
[  194.326063]  ip_send_skb+0x1c/0xa8
[  194.326851]  udp_send_skb.isra.0+0x11c/0x368
[  194.329905]  udp_sendmsg+0x710/0x860
[  194.332691]  inet_sendmsg+0x40/0x68
[  194.338298]  __sys_sendto+0xd4/0x150
[  194.340291]  __arm64_sys_sendto+0x24/0x30
[  194.341689]  el0_svc_common.constprop.0+0x68/0x160
[  194.342356]  el0_svc_handler+0x20/0x80
[  194.344259]  el0_svc+0x8/0xc
[  194.350414] Code: f9402e83 b9401040 927ff863 11000400 (f940c2b3) 
[  194.357781] ---[ end trace 7b6e993b5d8122fd ]---
