[  192.608599] Unable to handle kernel read from unreadable memory at virtual address ffff0000797ca640
[  192.611119] Mem abort info:
[  192.611432]   ESR = 0x8600000f
[  192.611781]   EC = 0x21: IABT (current EL), IL = 32 bits
[  192.615018]   SET = 0, FnV = 0
[  192.615400]   EA = 0, S1PTW = 0
[  192.619859] swapper pgtable: 4k pages, 48-bit VAs, pgdp=00000000412a6000
[  192.622220] [ffff0000797ca640] pgd=00000000bdff8003, pud=00000000bddfe003, pmd=00000000bdc32003, pte=00680000b97ca713
[  192.626996] Internal error: Oops: 8600000f [#1] PREEMPT SMP
[  192.632827] Modules linked in:
[  192.638963] CPU: 6 PID: 495 Comm: python3 Not tainted 5.4.18 #2
[  192.640044] Hardware name: linux,dummy-virt (DT)
[  192.640940] pstate: 80000005 (Nzcv daif -PAN -UAO)
[  192.642558] pc : 0xffff0000797ca640
[  192.642871] lr : 0xffff0000797ca640
[  192.643177] sp : ffff800011d3bb30
[  192.643907] x29: ffff00007941d300 x28: 000000000000001a 
[  192.645280] x27: ffff800011d3bd80 x26: 0000000000000011 
[  192.645879] x25: 0000000000000012 x24: ffff800010ba9454 
[  192.646364] x23: ffff800011d3bb20 x22: ffff800010ba9448 
[  192.646804] x21: 0000000000000011 x20: 000000000000001a 
[  192.647322] x19: ffff800011d3bc30 x18: 0000000000000000 
[  192.648275] x17: 0000000000000000 x16: 0000000000000000 
[  192.648800] x15: 0000000000000001 x14: 0000000000000000 
[  192.649247] x13: 0000000000000006 x12: 000000000000003c 
[  192.649884] x11: ffff000075659000 x10: 0000000000000000 
[  192.650409] x9 : ffff0000797d6940 x8 : 0000000000000028 
[  192.651363] x7 : ffff000070d58000 x6 : 0000000022100000 
[  192.652764] x5 : 000000000000005b x4 : 0000000000000000 
[  192.653899] x3 : 0000000000000001 x2 : ffff80006c7c5000 
[  192.654361] x1 : ffff0000782eaa00 x0 : 0000000000000000 
[  192.655185] Call trace:
[  192.655750]  0xffff0000797ca640
[  192.658606] Code: 00000000 00000000 00000000 00000000 (00000000) 
[  192.665743] ---[ end trace d81004d541ff7cba ]---
