[  193.366385] Unable to handle kernel NULL pointer dereference at virtual address 000000000000001a
[  193.382561] Mem abort info:
[  193.391567]   ESR = 0x96000006
[  193.393193]   EC = 0x25: DABT (current EL), IL = 32 bits
[  193.396946]   SET = 0, FnV = 0
[  193.402648]   EA = 0, S1PTW = 0
[  193.404970] Data abort info:
[  193.405823]   ISV = 0, ISS = 0x00000006
[  193.406798]   CM = 0, WnR = 0
[  193.412303] user pgtable: 4k pages, 48-bit VAs, pgdp=00000000b83ab000
[  193.415051] [000000000000001a] pgd=00000000b2654003, pud=00000000b6f42003, pmd=0000000000000000
[  193.434494] Internal error: Oops: 96000006 [#1] PREEMPT SMP
[  193.437802] Modules linked in:
[  193.452561] CPU: 7 PID: 496 Comm: python3 Not tainted 5.4.18 #2
[  193.453764] Hardware name: linux,dummy-virt (DT)
[  193.455439] pstate: 20000005 (nzCv daif -PAN -UAO)
[  193.465408] pc : __ip_append_data.isra.0+0x934/0xc30
[  193.467984] lr : ip_local_out+0x20/0x58
[  193.468338] sp : ffff800011dbbac0
[  193.468680] x29: ffff800011dbbac0 x28: 000000000000001a 
[  193.469367] x27: ffff800011dbbd80 x26: ffff800011dbbc30 
[  193.470277] x25: 0000000000000012 x24: ffff000075e89a24 
[  193.473528] x23: ffff800011dbbc30 x22: 000000008b6cb5a4 
[  193.476000] x21: ffff00007abd4840 x20: ffff800011963ac0 
[  193.476365] x19: ffff0000780be400 x18: 0000000000000000 
[  193.476667] x17: 0000000000000000 x16: 0000000000000000 
[  193.477075] x15: 0000000000000001 x14: 0000000000000000 
[  193.477650] x13: 0000000000000006 x12: 00000000c0a80164 
[  193.478132] x11: 0000000000000000 x10: 0000000000000068 
[  193.478849] x9 : ffff000079457000 x8 : ffff800011dbbc30 
[  193.482698] x7 : 0000000054b00000 x6 : 00000000000013b6 
[  193.483510] x5 : 0000000000000024 x4 : 0000000000000000 
[  193.483913] x3 : 0000000000000011 x2 : ffff0000780be400 
[  193.484307] x1 : 0000000000000012 x0 : ffff800010afb4a0 
[  193.485165] Call trace:
[  193.485573]  __ip_append_data.isra.0+0x934/0xc30
[  193.486046]  ip_send_skb+0x1c/0xa8
[  193.488323]  udp_send_skb.isra.0+0x11c/0x368
[  193.488935]  udp_sendmsg+0x710/0x860
[  193.489706]  inet_sendmsg+0x40/0x68
[  193.493769] Code: b900abff 7100037f b900b3ff aa0803fa (f9400420) 
[  193.500241] ---[ end trace c92fa8f777ae26e9 ]---
