[  194.171459] kernel BUG at arch/arm64/kernel/traps.c:405!
[  194.176184] Internal error: Oops - BUG: 0 [#1] PREEMPT SMP
[  194.177090] Modules linked in:
[  194.179390] CPU: 1 PID: 495 Comm: python3 Not tainted 5.4.18 #2
[  194.179850] Hardware name: linux,dummy-virt (DT)
[  194.181394] pstate: 00000005 (nzcv daif -PAN -UAO)
[  194.185788] pc : do_undefinstr+0x2ec/0x310
[  194.186613] lr : do_undefinstr+0x1e0/0x310
[  194.187488] sp : ffff800011fab920
[  194.188160] x29: ffff800011fab920 x28: ffff000078085400 
[  194.189379] x27: ffff800011fabd80 x26: 0000000000000011 
[  194.190306] x25: 0000000000000012 x24: 0000000000000000 
[  194.191273] x23: 0000000060000005 x22: ffff800010b788a4 
[  194.192166] x21: ffff800011fabac0 x20: ffff000078085400 
[  194.192992] x19: ffff800011fab980 x18: 0000000000000000 
[  194.194217] x17: 0000000000000000 x16: 0000000000000000 
[  194.195171] x15: 0000000000000001 x14: 0000000000000000 
[  194.196023] x13: 0000000000000006 x12: 00000000c0a80164 
[  194.197485] x11: 0000000000000000 x10: 0000000000000068 
[  194.198526] x9 : ffff000078085400 x8 : ffff800011fabc30 
[  194.200468] x7 : 000000003ac00000 x6 : ffff800011fab978 
[  194.201371] x5 : 00000000d5300000 x4 : ffff8000117c51f0 
[  194.202253] x3 : 000000009ff00000 x2 : 0000000000000000 
[  194.203150] x1 : ffff000078085400 x0 : 0000000060000005 
[  194.204799] Call trace:
[  194.205612]  do_undefinstr+0x2ec/0x310
[  194.206321]  el1_undef+0x10/0x84
[  194.206960]  ip_local_out+0x1c/0x58
[  194.207560]  ip_send_skb+0x1c/0xa8
[  194.208135]  udp_send_skb.isra.0+0x11c/0x368
[  194.208798]  udp_sendmsg+0x710/0x860
[  194.209459]  inet_sendmsg+0x40/0x68
[  194.210048]  __sys_sendto+0xd4/0x150
[  194.210638]  __arm64_sys_sendto+0x24/0x30
[  194.211364]  el0_svc_common.constprop.0+0x68/0x160
[  194.212691]  el0_svc_handler+0x20/0x80
[  194.213482]  el0_svc+0x8/0xc
[  194.214982] Code: f9401bf7 17ffff7c a9025bf5 f9001bf7 (d4210000) 
[  194.216876] ---[ end trace 769dec2999d6b3a1 ]---
[  194.218159] note: python3[495] exited with preempt_count 1
[  194.311889] ------------[ cut here ]------------
[  194.317868] WARNING: CPU: 1 PID: 0 at kernel/rcu/tree.c:569 rcu_idle_enter+0x74/0x80
[  194.324652] Modules linked in:
[  194.332335] CPU: 1 PID: 0 Comm: swapper/1 Tainted: G      D           5.4.18 #2
[  194.339560] Hardware name: linux,dummy-virt (DT)
[  194.341394] pstate: 200003c5 (nzCv DAIF -PAN -UAO)
[  194.342105] pc : rcu_idle_enter+0x74/0x80
[  194.342594] lr : do_idle+0x200/0x288
[  194.342940] sp : ffff800011a4bf20
[  194.344466] x29: ffff800011a4bf20 x28: 0000000000000000 
[  194.345517] x27: 0000000000000000 x26: 0000000000000000 
[  194.346859] x25: 0000000000000000 x24: ffff8000117ba214 
[  194.347390] x23: ffff00007b0c1c00 x22: ffff800011404ab8 
[  194.349515] x21: ffff8000117ba1f0 x20: 0000000000000001 
[  194.350055] x19: ffff8000117ba118 x18: 0000000000000010 
[  194.350749] x17: 0000000000000000 x16: 0000000000000000 
[  194.352939] x15: ffff000078085870 x14: 0000000000000001 
[  194.355801] x13: 0000000000000001 x12: 0000000000000000 
[  194.356755] x11: 0000000000000400 x10: 00000000000009c0 
[  194.357093] x9 : ffff800011a4be90 x8 : ffff00007b0c2620 
[  194.357669] x7 : 0000000000000001 x6 : 000001c8a5317ec2 
[  194.358118] x5 : 00ffffffffffffff x4 : ffff80006c757000 
[  194.358586] x3 : 4000000000000002 x2 : 4000000000000000 
[  194.359019] x1 : ffff800011406980 x0 : ffff00007db5d980 
[  194.360743] Call trace:
[  194.361959]  rcu_idle_enter+0x74/0x80
[  194.362430]  do_idle+0x200/0x288
[  194.362699]  cpu_startup_entry+0x20/0x40
[  194.363118]  secondary_start_kernel+0x154/0x190
[  194.364467] ---[ end trace 769dec2999d6b3a2 ]---
