[  196.812116] Unable to handle kernel read from unreadable memory at virtual address ffff800011fcbb40
[  196.821557] Mem abort info:
[  196.824483]   ESR = 0x8600000f
[  196.828269]   EC = 0x21: IABT (current EL), IL = 32 bits
[  196.833078]   SET = 0, FnV = 0
[  196.833646]   EA = 0, S1PTW = 0
[  196.839248] swapper pgtable: 4k pages, 48-bit VAs, pgdp=00000000412a6000
[  196.846969] [ffff800011fcbb40] pgd=00000000bdfff003, pud=00000000bdffe003, pmd=00000000baa4b003, pte=00680000ba4f5713
[  196.868912] Internal error: Oops: 8600000f [#1] PREEMPT SMP
[  196.874996] Modules linked in:
[  196.882464] CPU: 3 PID: 492 Comm: python3 Not tainted 5.4.18 #2
[  196.883927] Hardware name: linux,dummy-virt (DT)
[  196.886307] pstate: 60000005 (nZCv daif -PAN -UAO)
[  196.891191] pc : 0xffff800011fcbb40
[  196.891722] lr : 0xffff800011fcbb40
[  196.892822] sp : ffff800011fcbaf0
[  196.893789] x29: 000000000000001a x28: 000000000000001a 
[  196.896278] x27: ffff800011fcbd80 x26: 0000000000000011 
[  196.899244] x25: 0000000000000012 x24: ffff000078366624 
[  196.907304] x23: ffff800011fcbc30 x22: ffff00007b3eb740 
[  196.917997] x21: 0000000000000011 x20: 000000000000001a 
[  196.920769] x19: ffff800011963ac0 x18: 0000000000000000 
[  196.925718] x17: 0000000000000000 x16: 0000000000000000 
[  196.932211] x15: 0000000000000001 x14: 0000000000000000 
[  196.936104] x13: 0000000000000006 x12: 000000000000003c 
[  196.940221] x11: ffff000070cae000 x10: 0000000000000000 
[  196.944633] x9 : ffff00007aac4940 x8 : 0000000000000028 
[  196.945897] x7 : ffff00007a876000 x6 : 0000000022100000 
[  196.946853] x5 : 0000000000000000 x4 : ffff00007a876000 
[  196.947470] x3 : 00000000000003e8 x2 : 0000000000000000 
[  196.948609] x1 : 0000000000000000 x0 : 0000000000000000 
[  196.951119] Call trace:
[  196.955574]  0xffff800011fcbb40
[  196.968896] Code: 7b3eb740 ffff0000 78363f00 00000000 (7a94e200) 
[  196.977315] ---[ end trace f781a79a78fb1e3f ]---
