[  192.811027] Unable to handle kernel paging request at virtual address ffff800110a84030
[  192.814897] Mem abort info:
[  192.815609]   ESR = 0x96000005
[  192.816770]   EC = 0x25: DABT (current EL), IL = 32 bits
[  192.818221]   SET = 0, FnV = 0
[  192.825661]   EA = 0, S1PTW = 0
[  192.827201] Data abort info:
[  192.833621]   ISV = 0, ISS = 0x00000005
[  192.834886]   CM = 0, WnR = 0
[  192.838180] swapper pgtable: 4k pages, 48-bit VAs, pgdp=00000000412a6000
[  192.853289] [ffff800110a84030] pgd=00000000bdfff003, pud=0000000000000000
[  192.873290] Internal error: Oops: 96000005 [#1] PREEMPT SMP
[  192.874476] Modules linked in:
[  192.878340] CPU: 4 PID: 495 Comm: python3 Not tainted 5.4.18 #2
[  192.880341] Hardware name: linux,dummy-virt (DT)
[  192.885475] pstate: 60000005 (nZCv daif -PAN -UAO)
[  192.909964] pc : ip_local_out+0x3c/0x58
[  192.914215] lr : ip_local_out+0x20/0x58
[  192.923734] sp : ffff800011f63ac0
[  192.932492] x29: ffff800011f63ac0 x28: 000000000000001a 
[  192.936919] x27: ffff800011f63d80 x26: 0000000000000011 
[  192.941500] x25: 0000000000000012 x24: ffff000076d68024 
[  192.947289] x23: ffff800011f63c30 x22: ffff000078062a80 
[  192.952175] x21: ffff000078062a80 x20: ffff800011963ac0 
[  192.954728] x19: ffff000079ba2500 x18: 0000000000000000 
[  192.964991] x17: 0000000000000000 x16: 0000000000000000 
[  192.968357] x15: 0000000000000001 x14: 0000000000000000 
[  192.968966] x13: 0000000000000006 x12: 00000000c0a80164 
[  192.971637] x11: 0000000000000000 x10: 0000000000000068 
[  192.972776] x9 : ffff0000780cf000 x8 : ffff800011f63c30 
[  192.980214] x7 : 0000000093e00000 x6 : 00000000000015a7 
[  192.983635] x5 : ffff000076d68024 x4 : ffff000076d68024 
[  192.987042] x3 : ffff800110a84000 x2 : ffff000079ba2500 
[  192.987985] x1 : ffff000078062a80 x0 : ffff800011963ac0 
[  192.990015] Call trace:
[  192.992891]  ip_local_out+0x3c/0x58
[  192.994229]  ip_send_skb+0x1c/0xa8
[  192.996080]  udp_send_skb.isra.0+0x11c/0x368
[  192.996866]  udp_sendmsg+0x710/0x860
[  192.998058]  inet_sendmsg+0x40/0x68
[  193.000305]  __sys_sendto+0xd4/0x150
[  193.001693]  __arm64_sys_sendto+0x24/0x30
[  193.003940]  el0_svc_common.constprop.0+0x68/0x160
[  193.004788]  el0_svc_handler+0x20/0x80
[  193.005592]  el0_svc+0x8/0xc
[  193.009831] Code: aa1503e1 aa1403e0 aa1303e2 907ff863 (f9401863) 
[  193.014209] ---[ end trace 20a768647ebec2d1 ]---
