[  192.536056] Unable to handle kernel paging request at virtual address 0fff000077007030
[  192.542938] Mem abort info:
[  192.543423]   ESR = 0x96000004
[  192.544367]   EC = 0x25: DABT (current EL), IL = 32 bits
[  192.545815]   SET = 0, FnV = 0
[  192.549630]   EA = 0, S1PTW = 0
[  192.550275] Data abort info:
[  192.552078]   ISV = 0, ISS = 0x00000004
[  192.552707]   CM = 0, WnR = 0
[  192.553969] [0fff000077007030] address between user and kernel address ranges
[  192.557571] Internal error: Oops: 96000004 [#1] PREEMPT SMP
[  192.580227] Modules linked in:
[  192.601879] CPU: 4 PID: 494 Comm: python3 Not tainted 5.4.18 #2
[  192.604509] Hardware name: linux,dummy-virt (DT)
[  192.608014] pstate: 60000005 (nZCv daif -PAN -UAO)
[  192.613421] pc : ip_local_out+0x3c/0x58
[  192.613810] lr : ip_local_out+0x20/0x58
[  192.614112] sp : ffff800011e6bac0
[  192.614373] x29: ffff800011e6bac0 x28: 000000000000001a 
[  192.615142] x27: ffff800011e6bd80 x26: 0000000000000011 
[  192.617909] x25: 0000000000000012 x24: ffff00007979cc24 
[  192.620242] x23: ffff800011e6bc30 x22: ffff00007b22aec0 
[  192.621049] x21: ffff00007b22aec0 x20: ffff800011963ac0 
[  192.621780] x19: ffff000078324800 x18: 0000000000000000 
[  192.622480] x17: 0000000000000000 x16: 0000000000000000 
[  192.623882] x15: 0000000000000001 x14: 0000000000000000 
[  192.624640] x13: 0000000000000006 x12: 00000000c0a80164 
[  192.625218] x11: 0000000000000000 x10: 0000000000000068 
[  192.625857] x9 : ffff000075ce7000 x8 : ffff800011e6bc30 
[  192.626653] x7 : 00000000a3700000 x6 : 00000000000097c7 
[  192.628334] x5 : ffff00007979cc24 x4 : ffff00007979cc24 
[  192.628911] x3 : 0fff000077007000 x2 : ffff000078324800 
[  192.629363] x1 : ffff00007b22aec0 x0 : ffff800011963ac0 
[  192.630576] Call trace:
[  192.631472]  ip_local_out+0x3c/0x58
[  192.631968]  ip_send_skb+0x1c/0xa8
[  192.634335]  udp_send_skb.isra.0+0x11c/0x368
[  192.636393]  udp_sendmsg+0x710/0x860
[  192.640228]  inet_sendmsg+0x40/0x68
[  192.641044]  __sys_sendto+0xd4/0x150
[  192.641469]  __arm64_sys_sendto+0x24/0x30
[  192.641803]  el0_svc_common.constprop.0+0x68/0x160
[  192.642727]  el0_svc_handler+0x20/0x80
[  192.643760]  el0_svc+0x8/0xc
[  192.646636] Code: aa1503e1 aa1403e0 aa1303e2 927fe863 (f9401863) 
[  192.650092] ---[ end trace 95d4ae03c760c7b7 ]---
