[  193.567429] Unable to handle kernel read from unreadable memory at virtual address ffff800011f5bb20
[  193.574929] Mem abort info:
[  193.575719]   ESR = 0x8600000f
[  193.579315]   EC = 0x21: IABT (current EL), IL = 32 bits
[  193.587838]   SET = 0, FnV = 0
[  193.591248]   EA = 0, S1PTW = 0
[  193.598278] swapper pgtable: 4k pages, 48-bit VAs, pgdp=00000000412a6000
[  193.598783] [ffff800011f5bb20] pgd=00000000bdfff003, pud=00000000bdffe003, pmd=00000000ba9d7003, pte=00680000b14d9713
[  193.621056] Internal error: Oops: 8600000f [#1] PREEMPT SMP
[  193.623594] Modules linked in:
[  193.627508] CPU: 2 PID: 494 Comm: python3 Not tainted 5.4.18 #2
[  193.629797] Hardware name: linux,dummy-virt (DT)
[  193.630592] pstate: 60000005 (nZCv daif -PAN -UAO)
[  193.635171] pc : 0xffff800011f5bb20
[  193.636840] lr : 0xffff800011f5bb20
[  193.639490] sp : ffff800011f5bb08
[  193.646250] x29: 10b79b6411f5baf0 x28: 000000000000001a 
[  193.648142] x27: ffff800011f5bd80 x26: 0000000000000011 
[  193.652811] x25: 0000000000000012 x24: ffff0000782b4424 
[  193.656006] x23: ffff800011f5bc30 x22: ffff00007b223fc0 
[  193.659097] x21: 0000000000000011 x20: 000000000000001a 
[  193.661524] x19: ffff800011963ac0 x18: 0000000000000000 
[  193.662139] x17: 0000000000000000 x16: 0000000000000000 
[  193.663110] x15: 0000000000000001 x14: 0000000000000000 
[  193.665664] x13: 0000000000000006 x12: 000000000000003c 
[  193.666325] x11: ffff000078357000 x10: 0000000000000000 
[  193.666874] x9 : ffff00007807e140 x8 : 0000000000000028 
[  193.667793] x7 : ffff000073dae000 x6 : 0000000022100000 
[  193.668021] x5 : 0000000000000000 x4 : ffff000073dae000 
[  193.675849] x3 : 00000000000003e8 x2 : 0000000000000000 
[  193.676151] x1 : 0000000000000000 x0 : 0000000000000000 
[  193.678167] Call trace:
[  193.681660] Code: 11f5bc30 ffff8000 7b224308 ffff0000 (11f5bb70) 
[  193.690162] ---[ end trace 1abe1edc313435fb ]---
