[  194.294307] Unable to handle kernel paging request at virtual address ffff800011de4070
[  194.300896] Mem abort info:
[  194.301503]   ESR = 0x96000007
[  194.302147]   EC = 0x25: DABT (current EL), IL = 32 bits
[  194.307790]   SET = 0, FnV = 0
[  194.310869]   EA = 0, S1PTW = 0
[  194.312011] Data abort info:
[  194.315347]   ISV = 0, ISS = 0x00000007
[  194.319467]   CM = 0, WnR = 0
[  194.323720] swapper pgtable: 4k pages, 48-bit VAs, pgdp=00000000412a6000
[  194.335919] [ffff800011de4070] pgd=00000000bdfff003, pud=00000000bdffe003, pmd=00000000bb3a2003, pte=0000000000000000
[  194.354912] Internal error: Oops: 96000007 [#1] PREEMPT SMP
[  194.356552] Modules linked in:
[  194.360854] CPU: 5 PID: 494 Comm: python3 Not tainted 5.4.18 #2
[  194.362051] Hardware name: linux,dummy-virt (DT)
[  194.363402] pstate: 60000005 (nZCv daif -PAN -UAO)
[  194.369415] pc : ip_output+0x44/0x1b0
[  194.370302] lr : ip_local_out+0x44/0x58
[  194.371056] sp : ffff800011d83a30
[  194.371774] x29: ffff800011d83a30 x28: 000000000000001a 
[  194.374659] x27: ffff800011d83d80 x26: 0000000000000011 
[  194.375619] x25: 0000000000000012 x24: ffff00007830ac24 
[  194.378040] x23: ffff000078134400 x22: ffff00007975d400 
[  194.378901] x21: ffff800011de3ef0 x20: ffff00007ab04e00 
[  194.379783] x19: ffff00007ab04e00 x18: 0000000000000000 
[  194.382634] x17: 0000000000000000 x16: 0000000000000000 
[  194.383115] x15: 0000000000000001 x14: 0000000000000000 
[  194.383527] x13: 0000000000000006 x12: 00000000c0a80164 
[  194.384251] x11: 0000000000000000 x10: 0000000000000068 
[  194.385595] x9 : ffff00007975d400 x8 : ffff800011d83c30 
[  194.386638] x7 : 0000000060c00000 x6 : 00000000000061de 
[  194.387343] x5 : ffff00007830ac24 x4 : ffff00007830ac24 
[  194.387981] x3 : ffff0000781520c0 x2 : ffff00007975d400 
[  194.388704] x1 : ffff000078134400 x0 : 0000000000000001 
[  194.390802] Call trace:
[  194.391543]  ip_output+0x44/0x1b0
[  194.394312]  ip_local_out+0x44/0x58
[  194.396992]  ip_send_skb+0x1c/0xa8
[  194.399355]  udp_send_skb.isra.0+0x11c/0x368
[  194.402734]  udp_sendmsg+0x710/0x860
[  194.408637]  inet_sendmsg+0x40/0x68
[  194.418843]  __sys_sendto+0xd4/0x150
[  194.433757]  __arm64_sys_sendto+0x24/0x30
[  194.438967]  el0_svc_common.constprop.0+0x68/0x160
[  194.441521]  el0_svc_handler+0x20/0x80
[  194.444398]  el0_svc+0x8/0xc
[  194.455387] Code: f9402e83 b9401040 927ff863 11000400 (f940c2b3) 
[  194.474504] ---[ end trace 11e65551d71b7bbf ]---
